[0.032s] Invoking command in '/home/ubuntu-nuc/rc2_ws/build/livox_ros_driver2': CMAKE_PREFIX_PATH=${CMAKE_PREFIX_PATH}:/home/ubuntu-nuc/rc2_ws/install/meiling_detect_debug:/home/ubuntu-nuc/rc2_ws/install/meiling_detect:/opt/ros/humble /usr/local/bin/cmake /home/ubuntu-nuc/rc2_ws/src/livox_ros_driver2 -DROS_EDITION=ROS2 -DDISTRO_ROS=humble -DCMAKE_INSTALL_PREFIX=/home/ubuntu-nuc/rc2_ws/install/livox_ros_driver2
[0.141s] -- The C compiler identification is GNU 11.4.0
[0.198s] -- The CXX compiler identification is GNU 11.4.0
[0.205s] -- Detecting C compiler ABI info
[0.253s] -- Detecting C compiler ABI info - done
[0.266s] -- Check for working C compiler: /usr/bin/cc - skipped
[0.266s] -- Detecting C compile features
[0.267s] -- Detecting C compile features - done
[0.277s] -- Detecting CXX compiler ABI info
[0.338s] -- Detecting CXX compiler ABI info - done
[0.351s] -- Check for working CXX compiler: /usr/bin/c++ - skipped
[0.352s] -- Detecting CXX compile features
[0.352s] -- Detecting CXX compile features - done
[0.357s] -- livox_ros_driver2 version: 1.2.6
[0.359s] -- Found ament_cmake_auto: 1.3.12 (/opt/ros/humble/share/ament_cmake_auto/cmake)
[0.495s] -- Found Python3: /usr/bin/python3 (found version "3.10.12") found components: Interpreter
[0.794s] -- Using all available rosidl_typesupport_c: rosidl_typesupport_fastrtps_c;rosidl_typesupport_introspection_c
[0.804s] -- Found rosidl_adapter: 3.1.7 (/opt/ros/humble/share/rosidl_adapter/cmake)
[0.885s] -- Using all available rosidl_typesupport_cpp: rosidl_typesupport_fastrtps_cpp;rosidl_typesupport_introspection_cpp
[1.085s] -- Found rmw_implementation_cmake: 6.1.2 (/opt/ros/humble/share/rmw_implementation_cmake/cmake)
[1.094s] -- Found rmw_fastrtps_cpp: 6.2.8 (/opt/ros/humble/share/rmw_fastrtps_cpp/cmake)
[1.329s] -- Found OpenSSL: /usr/lib/x86_64-linux-gnu/libcrypto.so (found version "3.0.2")
[1.423s] -- Found FastRTPS: /opt/ros/humble/include
[1.519s] -- Using RMW implementation 'rmw_fastrtps_cpp' as default
[1.551s] -- Performing Test CMAKE_HAVE_LIBC_PTHREAD
[1.685s] -- Performing Test CMAKE_HAVE_LIBC_PTHREAD - Success
[1.687s] -- Found Threads: TRUE
[2.332s] [33mCMake Warning (dev) at /usr/lib/x86_64-linux-gnu/cmake/pcl/PCLConfig.cmake:146 (find_package):
[2.332s]   Policy CMP0144 is not set: find_package uses upper-case <PACKAGENAME>_ROOT
[2.332s]   variables.  Run "cmake --help-policy CMP0144" for policy details.  Use the
[2.333s]   cmake_policy command to set the policy and suppress this warning.
[2.333s] 
[2.334s]   CMake variable EIGEN_ROOT is set to:
[2.334s] 
[2.334s]     /usr/include/eigen3
[2.334s] 
[2.334s]   For compatibility, find_package is ignoring the variable, but code in a
[2.334s]   .cmake module might still use it.
[2.334s] Call Stack (most recent call first):
[2.335s]   /usr/lib/x86_64-linux-gnu/cmake/pcl/PCLConfig.cmake:299 (find_eigen)
[2.335s]   /usr/lib/x86_64-linux-gnu/cmake/pcl/PCLConfig.cmake:543 (find_external_library)
[2.335s]   /opt/ros/humble/share/pcl_conversions/cmake/ament_cmake_export_dependencies-extras.cmake:21 (find_package)
[2.335s]   /opt/ros/humble/share/pcl_conversions/cmake/pcl_conversionsConfig.cmake:41 (include)
[2.335s]   /opt/ros/humble/share/ament_cmake_auto/cmake/ament_auto_find_build_dependencies.cmake:67 (find_package)
[2.336s]   CMakeLists.txt:225 (ament_auto_find_build_dependencies)
[2.336s] This warning is for project developers.  Use -Wno-dev to suppress it.
[2.336s] [0m
[2.346s] -- Checking for module 'eigen3'
[2.381s] --   Found eigen3, version 3.4.0
[2.478s] -- Found Eigen: /usr/include/eigen3 (Required is at least version "3.1")
[2.478s] -- Eigen found (include: /usr/include/eigen3, version: 3.4.0)
[2.479s] [33mCMake Warning (dev) at /usr/lib/x86_64-linux-gnu/cmake/pcl/PCLConfig.cmake:128 (find_package):
[2.479s]   Policy CMP0167 is not set: The FindBoost module is removed.  Run "cmake
[2.479s]   --help-policy CMP0167" for policy details.  Use the cmake_policy command to
[2.479s]   set the policy and suppress this warning.
[2.479s] 
[2.479s] Call Stack (most recent call first):
[2.480s]   /usr/lib/x86_64-linux-gnu/cmake/pcl/PCLConfig.cmake:297 (find_boost)
[2.480s]   /usr/lib/x86_64-linux-gnu/cmake/pcl/PCLConfig.cmake:543 (find_external_library)
[2.480s]   /opt/ros/humble/share/pcl_conversions/cmake/ament_cmake_export_dependencies-extras.cmake:21 (find_package)
[2.480s]   /opt/ros/humble/share/pcl_conversions/cmake/pcl_conversionsConfig.cmake:41 (include)
[2.480s]   /opt/ros/humble/share/ament_cmake_auto/cmake/ament_auto_find_build_dependencies.cmake:67 (find_package)
[2.480s]   CMakeLists.txt:225 (ament_auto_find_build_dependencies)
[2.480s] This warning is for project developers.  Use -Wno-dev to suppress it.
[2.480s] [0m
[2.590s] [33mCMake Warning (dev) at /usr/lib/x86_64-linux-gnu/cmake/pcl/Modules/FindFLANN.cmake:44 (find_package):
[2.591s]   Policy CMP0144 is not set: find_package uses upper-case <PACKAGENAME>_ROOT
[2.591s]   variables.  Run "cmake --help-policy CMP0144" for policy details.  Use the
[2.591s]   cmake_policy command to set the policy and suppress this warning.
[2.591s] 
[2.592s]   CMake variable FLANN_ROOT is set to:
[2.592s] 
[2.593s]     /usr
[2.593s] 
[2.593s]   For compatibility, find_package is ignoring the variable, but code in a
[2.593s]   .cmake module might still use it.
[2.593s] Call Stack (most recent call first):
[2.594s]   /usr/lib/x86_64-linux-gnu/cmake/pcl/PCLConfig.cmake:256 (find_package)
[2.594s]   /usr/lib/x86_64-linux-gnu/cmake/pcl/PCLConfig.cmake:301 (find_flann)
[2.594s]   /usr/lib/x86_64-linux-gnu/cmake/pcl/PCLConfig.cmake:543 (find_external_library)
[2.595s]   /opt/ros/humble/share/pcl_conversions/cmake/ament_cmake_export_dependencies-extras.cmake:21 (find_package)
[2.595s]   /opt/ros/humble/share/pcl_conversions/cmake/pcl_conversionsConfig.cmake:41 (include)
[2.595s]   /opt/ros/humble/share/ament_cmake_auto/cmake/ament_auto_find_build_dependencies.cmake:67 (find_package)
[2.596s]   CMakeLists.txt:225 (ament_auto_find_build_dependencies)
[2.596s] This warning is for project developers.  Use -Wno-dev to suppress it.
[2.596s] [0m
[2.653s] -- Checking for module 'flann'
[2.697s] --   Found flann, version 1.9.1
[2.831s] -- Found FLANN: /usr/lib/x86_64-linux-gnu/libflann_cpp.so
[2.833s] -- FLANN found (include: /usr/include, lib: /usr/lib/x86_64-linux-gnu/libflann_cpp.so)
[7.386s] -- Checking for module 'libusb-1.0'
[7.429s] --   Found libusb-1.0, version 1.0.25
[7.535s] -- Found libusb: /usr/lib/x86_64-linux-gnu/libusb-1.0.so
[7.541s] -- OpenNI found (version: 1.5.4.0, include: /usr/include/ni, lib: /usr/lib/libOpenNI.so;libusb::libusb)
[7.813s] -- OpenNI2 found (version: 2.2.0.33, include: /usr/include/openni2, lib: /usr/lib/x86_64-linux-gnu/libOpenNI2.so;libusb::libusb)
[9.475s] [33mCMake Warning (dev) at /usr/lib/x86_64-linux-gnu/cmake/pcl/PCLConfig.cmake:128 (find_package):
[9.477s]   Policy CMP0167 is not set: The FindBoost module is removed.  Run "cmake
[9.477s]   --help-policy CMP0167" for policy details.  Use the cmake_policy command to
[9.478s]   set the policy and suppress this warning.
[9.478s] 
[9.478s] Call Stack (most recent call first):
[9.479s]   /usr/lib/x86_64-linux-gnu/cmake/pcl/PCLConfig.cmake:297 (find_boost)
[9.479s]   /usr/lib/x86_64-linux-gnu/cmake/pcl/PCLConfig.cmake:543 (find_external_library)
[9.480s]   /opt/ros/humble/share/pcl_conversions/cmake/ament_cmake_export_dependencies-extras.cmake:21 (find_package)
[9.480s]   /opt/ros/humble/share/pcl_conversions/cmake/pcl_conversionsConfig.cmake:41 (include)
[9.480s]   /opt/ros/humble/share/ament_cmake_auto/cmake/ament_auto_find_build_dependencies.cmake:67 (find_package)
[9.481s]   CMakeLists.txt:225 (ament_auto_find_build_dependencies)
[9.481s] This warning is for project developers.  Use -Wno-dev to suppress it.
[9.482s] [0m
[9.516s] -- Eigen found (include: /usr/include/eigen3, version: 3.4.0)
[9.547s] -- OpenNI found (version: 1.5.4.0, include: /usr/include/ni, lib: /usr/lib/libOpenNI.so;libusb::libusb)
[9.582s] -- OpenNI2 found (version: 2.2.0.33, include: /usr/include/openni2, lib: /usr/lib/x86_64-linux-gnu/libOpenNI2.so;libusb::libusb)
[12.110s] -- Found Qhull version 8.0.2
[13.458s] -- OpenNI found (version: 1.5.4.0, include: /usr/include/ni, lib: /usr/lib/libOpenNI.so;libusb::libusb)
[14.904s] -- Found PCL_COMMON: /usr/lib/x86_64-linux-gnu/libpcl_common.so
[14.909s] -- Found PCL_KDTREE: /usr/lib/x86_64-linux-gnu/libpcl_kdtree.so
[14.917s] -- Found PCL_OCTREE: /usr/lib/x86_64-linux-gnu/libpcl_octree.so
[14.921s] -- Found PCL_SEARCH: /usr/lib/x86_64-linux-gnu/libpcl_search.so
[14.927s] -- Found PCL_SAMPLE_CONSENSUS: /usr/lib/x86_64-linux-gnu/libpcl_sample_consensus.so
[14.933s] -- Found PCL_FILTERS: /usr/lib/x86_64-linux-gnu/libpcl_filters.so
[14.935s] -- Found PCL_2D: /usr/include/pcl-1.12
[14.938s] -- Found PCL_GEOMETRY: /usr/include/pcl-1.12
[14.943s] -- Found PCL_IO: /usr/lib/x86_64-linux-gnu/libpcl_io.so
[14.950s] -- Found PCL_FEATURES: /usr/lib/x86_64-linux-gnu/libpcl_features.so
[14.957s] -- Found PCL_ML: /usr/lib/x86_64-linux-gnu/libpcl_ml.so
[14.969s] -- Found PCL_SEGMENTATION: /usr/lib/x86_64-linux-gnu/libpcl_segmentation.so
[14.969s] -- Found PCL_VISUALIZATION: /usr/lib/x86_64-linux-gnu/libpcl_visualization.so
[14.975s] -- Found PCL_SURFACE: /usr/lib/x86_64-linux-gnu/libpcl_surface.so
[14.981s] -- Found PCL_REGISTRATION: /usr/lib/x86_64-linux-gnu/libpcl_registration.so
[14.988s] -- Found PCL_KEYPOINTS: /usr/lib/x86_64-linux-gnu/libpcl_keypoints.so
[14.995s] -- Found PCL_TRACKING: /usr/lib/x86_64-linux-gnu/libpcl_tracking.so
[15.003s] -- Found PCL_RECOGNITION: /usr/lib/x86_64-linux-gnu/libpcl_recognition.so
[15.008s] -- Found PCL_STEREO: /usr/lib/x86_64-linux-gnu/libpcl_stereo.so
[15.018s] -- Found PCL_APPS: /usr/lib/x86_64-linux-gnu/libpcl_apps.so
[15.022s] -- Found PCL_IN_HAND_SCANNER: /usr/include/pcl-1.12
[15.023s] -- Found PCL_MODELER: /usr/include/pcl-1.12
[15.024s] -- Found PCL_POINT_CLOUD_EDITOR: /usr/include/pcl-1.12
[15.035s] -- Found PCL_OUTOFCORE: /usr/lib/x86_64-linux-gnu/libpcl_outofcore.so
[15.037s] -- Found PCL_PEOPLE: /usr/lib/x86_64-linux-gnu/libpcl_people.so
[15.194s] -- Found PkgConfig: /usr/bin/pkg-config (found version "0.29.2")
[15.200s] -- Checking for module 'apr-1'
[15.241s] --   Found apr-1, version 1.7.0
[15.330s] [0m/usr/include/apr-1.0[0m
[15.330s] [0mapr-1[0m
[16.132s] -- Found ament_cmake_ros: 0.10.0 (/opt/ros/humble/share/ament_cmake_ros/cmake)
[17.095s] -- Using all available rosidl_typesupport_c: rosidl_typesupport_fastrtps_c;rosidl_typesupport_introspection_c
[18.273s] -- Using all available rosidl_typesupport_cpp: rosidl_typesupport_fastrtps_cpp;rosidl_typesupport_introspection_cpp
[18.276s] [33mCMake Warning (dev) at /opt/ros/humble/share/rosidl_generator_py/cmake/rosidl_generator_py_generate_interfaces.cmake:20 (find_package):
[18.277s]   Policy CMP0148 is not set: The FindPythonInterp and FindPythonLibs modules
[18.277s]   are removed.  Run "cmake --help-policy CMP0148" for policy details.  Use
[18.277s]   the cmake_policy command to set the policy and suppress this warning.
[18.277s] 
[18.278s] Call Stack (most recent call first):
[18.278s]   /opt/ros/humble/share/ament_cmake_core/cmake/core/ament_execute_extensions.cmake:48 (include)
[18.278s]   /opt/ros/humble/share/rosidl_cmake/cmake/rosidl_generate_interfaces.cmake:286 (ament_execute_extensions)
[18.278s]   CMakeLists.txt:241 (rosidl_generate_interfaces)
[18.278s] This warning is for project developers.  Use -Wno-dev to suppress it.
[18.278s] [0m
[18.301s] -- Found PythonInterp: /usr/bin/python3 (found suitable version "3.10.12", minimum required is "3.6")
[18.304s] -- Found python_cmake_module: 0.10.0 (/opt/ros/humble/share/python_cmake_module/cmake)
[18.305s] [33mCMake Warning (dev) at /opt/ros/humble/share/python_cmake_module/cmake/Modules/FindPythonExtra.cmake:52 (find_package):
[18.305s]   Policy CMP0148 is not set: The FindPythonInterp and FindPythonLibs modules
[18.305s]   are removed.  Run "cmake --help-policy CMP0148" for policy details.  Use
[18.305s]   the cmake_policy command to set the policy and suppress this warning.
[18.305s] 
[18.305s] Call Stack (most recent call first):
[18.305s]   /opt/ros/humble/share/rosidl_generator_py/cmake/rosidl_generator_py_generate_interfaces.cmake:23 (find_package)
[18.305s]   /opt/ros/humble/share/ament_cmake_core/cmake/core/ament_execute_extensions.cmake:48 (include)
[18.305s]   /opt/ros/humble/share/rosidl_cmake/cmake/rosidl_generate_interfaces.cmake:286 (ament_execute_extensions)
[18.305s]   CMakeLists.txt:241 (rosidl_generate_interfaces)
[18.306s] This warning is for project developers.  Use -Wno-dev to suppress it.
[18.306s] [0m
[18.329s] [33mCMake Warning (dev) at /opt/ros/humble/share/python_cmake_module/cmake/Modules/FindPythonExtra.cmake:140 (find_package):
[18.329s]   Policy CMP0148 is not set: The FindPythonInterp and FindPythonLibs modules
[18.329s]   are removed.  Run "cmake --help-policy CMP0148" for policy details.  Use
[18.329s]   the cmake_policy command to set the policy and suppress this warning.
[18.329s] 
[18.329s] Call Stack (most recent call first):
[18.329s]   /opt/ros/humble/share/rosidl_generator_py/cmake/rosidl_generator_py_generate_interfaces.cmake:23 (find_package)
[18.329s]   /opt/ros/humble/share/ament_cmake_core/cmake/core/ament_execute_extensions.cmake:48 (include)
[18.329s]   /opt/ros/humble/share/rosidl_cmake/cmake/rosidl_generate_interfaces.cmake:286 (ament_execute_extensions)
[18.330s]   CMakeLists.txt:241 (rosidl_generate_interfaces)
[18.330s] This warning is for project developers.  Use -Wno-dev to suppress it.
[18.330s] [0m
[18.342s] -- Found PythonLibs: /usr/lib/x86_64-linux-gnu/libpython3.10.so (found suitable version "3.10.12", minimum required is "3.5")
[18.343s] -- Using PYTHON_EXECUTABLE: /usr/bin/python3
[18.343s] -- Using PYTHON_INCLUDE_DIRS: /usr/include/python3.10
[18.343s] -- Using PYTHON_LIBRARIES: /usr/lib/x86_64-linux-gnu/libpython3.10.so
[18.362s] -- Found PythonExtra: .so
[18.505s] -- Found ament_lint_auto: 0.12.14 (/opt/ros/humble/share/ament_lint_auto/cmake)
[18.567s] -- Added test 'copyright' to check source files copyright and LICENSE
[18.580s] -- Added test 'cppcheck' to perform static code analysis on C / C++ code
[18.584s] -- Configured cppcheck include dirs: /home/ubuntu-nuc/rc2_ws/src/livox_ros_driver2/3rdparty;/home/ubuntu-nuc/rc2_ws/src/livox_ros_driver2/src
[18.584s] -- Configured cppcheck exclude dirs and/or files: 
[18.598s] -- Added test 'cpplint' to check C / C++ code against the Google style
[18.600s] -- Configured cpplint exclude dirs and/or files: 
[18.604s] -- Added test 'flake8' to check Python code syntax and style conventions
[18.609s] -- Added test 'lint_cmake' to check CMake code style
[18.612s] -- Added test 'pep257' to check Python code against some of the docstring style conventions in PEP 257
[18.626s] -- Added test 'uncrustify' to check C / C++ code style
[18.626s] -- Configured uncrustify additional arguments: 
[18.627s] -- Added test 'xmllint' to check XML markup files
[18.642s] -- Configuring done (18.6s)
[18.864s] -- Generating done (0.2s)
[18.894s] -- Build files have been written to: /home/ubuntu-nuc/rc2_ws/build/livox_ros_driver2
[18.959s] Invoked command in '/home/ubuntu-nuc/rc2_ws/build/livox_ros_driver2' returned '0': CMAKE_PREFIX_PATH=${CMAKE_PREFIX_PATH}:/home/ubuntu-nuc/rc2_ws/install/meiling_detect_debug:/home/ubuntu-nuc/rc2_ws/install/meiling_detect:/opt/ros/humble /usr/local/bin/cmake /home/ubuntu-nuc/rc2_ws/src/livox_ros_driver2 -DROS_EDITION=ROS2 -DDISTRO_ROS=humble -DCMAKE_INSTALL_PREFIX=/home/ubuntu-nuc/rc2_ws/install/livox_ros_driver2
[18.959s] Invoking command in '/home/ubuntu-nuc/rc2_ws/build/livox_ros_driver2': CMAKE_PREFIX_PATH=${CMAKE_PREFIX_PATH}:/home/ubuntu-nuc/rc2_ws/install/meiling_detect_debug:/home/ubuntu-nuc/rc2_ws/install/meiling_detect:/opt/ros/humble /usr/local/bin/cmake --build /home/ubuntu-nuc/rc2_ws/build/livox_ros_driver2 -- -j8 -l8
[19.034s] [  1%] [34m[1mGenerating C++ code for ROS interfaces[0m
[20.532s] [  1%] Built target livox_interfaces2__cpp
[20.559s] [  3%] [32mBuilding CXX object CMakeFiles/livox_ros_driver2_node.dir/rclcpp_components/node_main_livox_ros_driver2_node.cpp.o[0m
[27.191s] [  5%] [32m[1mLinking CXX executable livox_ros_driver2_node[0m
[27.619s] [  5%] Built target livox_ros_driver2_node
[27.637s] [  7%] [34m[1mGenerating C++ introspection for ROS interfaces[0m
[29.068s] [  8%] [32mBuilding CXX object CMakeFiles/livox_interfaces2__rosidl_typesupport_introspection_cpp.dir/rosidl_typesupport_introspection_cpp/livox_ros_driver2/msg/detail/custom_point__type_support.cpp.o[0m
[30.114s] [ 10%] [32mBuilding CXX object CMakeFiles/livox_interfaces2__rosidl_typesupport_introspection_cpp.dir/rosidl_typesupport_introspection_cpp/livox_ros_driver2/msg/detail/custom_msg__type_support.cpp.o[0m
[31.133s] [ 12%] [32m[1mLinking CXX shared library liblivox_ros_driver2__rosidl_typesupport_introspection_cpp.so[0m
[31.351s] [ 12%] Built target livox_interfaces2__rosidl_typesupport_introspection_cpp
[31.367s] [ 14%] [34m[1mGenerating C++ type support for eProsima Fast-RTPS[0m
[31.559s] gmake[2]: *** [CMakeFiles/livox_interfaces2__rosidl_typesupport_fastrtps_cpp.dir/build.make:115: rosidl_typesupport_fastrtps_cpp/livox_ros_driver2/msg/detail/dds_fastrtps/custom_point__type_support.cpp] Terminated
[31.559s] gmake[1]: *** [CMakeFiles/Makefile2:423: CMakeFiles/livox_interfaces2__rosidl_typesupport_fastrtps_cpp.dir/all] Error 2
[31.559s] gmake: *** [Makefile:146: all] Error 2
[31.573s] Invoked command in '/home/ubuntu-nuc/rc2_ws/build/livox_ros_driver2' returned '-15': CMAKE_PREFIX_PATH=${CMAKE_PREFIX_PATH}:/home/ubuntu-nuc/rc2_ws/install/meiling_detect_debug:/home/ubuntu-nuc/rc2_ws/install/meiling_detect:/opt/ros/humble /usr/local/bin/cmake --build /home/ubuntu-nuc/rc2_ws/build/livox_ros_driver2 -- -j8 -l8
