[0.084s] DEBUG:colcon:Command line arguments: ['/usr/bin/colcon', 'build']
[0.084s] DEBUG:colcon:Parsed command line arguments: Namespace(log_base=None, log_level=None, verb_name='build', build_base='build', install_base='install', merge_install=False, symlink_install=False, test_result_base=None, continue_on_error=False, executor='parallel', parallel_workers=8, event_handlers=None, ignore_user_meta=False, metas=['./colcon.meta'], base_paths=['.'], packages_ignore=None, packages_ignore_regex=None, paths=None, packages_up_to=None, packages_up_to_regex=None, packages_above=None, packages_above_and_dependencies=None, packages_above_depth=None, packages_select_by_dep=None, packages_skip_by_dep=None, packages_skip_up_to=None, packages_select_build_failed=False, packages_skip_build_finished=False, packages_select_test_failures=False, packages_skip_test_passed=False, packages_select=None, packages_skip=None, packages_select_regex=None, packages_skip_regex=None, packages_start=None, packages_end=None, allow_overriding=[], cmake_args=None, cmake_target=None, cmake_target_skip_unavailable=False, cmake_clean_cache=False, cmake_clean_first=False, cmake_force_configure=False, ament_cmake_args=None, catkin_cmake_args=None, catkin_skip_building_tests=False, mixin_files=None, mixin=None, verb_parser=<colcon_mixin.mixin.mixin_argument.MixinArgumentDecorator object at 0x7965e2e1b430>, verb_extension=<colcon_core.verb.build.BuildVerb object at 0x7965e2fc4a60>, main=<bound method BuildVerb.main of <colcon_core.verb.build.BuildVerb object at 0x7965e2fc4a60>>, mixin_verb=('build',))
[0.224s] Level 1:colcon.colcon_core.package_discovery:discover_packages(colcon_meta) check parameters
[0.225s] Level 1:colcon.colcon_core.package_discovery:discover_packages(recursive) check parameters
[0.225s] Level 1:colcon.colcon_core.package_discovery:discover_packages(ignore) check parameters
[0.225s] Level 1:colcon.colcon_core.package_discovery:discover_packages(path) check parameters
[0.225s] Level 1:colcon.colcon_core.package_discovery:discover_packages(colcon_meta) discover
[0.225s] Level 1:colcon.colcon_core.package_discovery:discover_packages(recursive) discover
[0.225s] INFO:colcon.colcon_core.package_discovery:Crawling recursively for packages in '/home/ubuntu-nuc/rc2_ws'
[0.225s] Level 1:colcon.colcon_core.package_identification:_identify(.) by extensions ['ignore', 'ignore_ament_install']
[0.225s] Level 1:colcon.colcon_core.package_identification:_identify(.) by extension 'ignore'
[0.225s] Level 1:colcon.colcon_core.package_identification:_identify(.) by extension 'ignore_ament_install'
[0.225s] Level 1:colcon.colcon_core.package_identification:_identify(.) by extensions ['colcon_pkg']
[0.225s] Level 1:colcon.colcon_core.package_identification:_identify(.) by extension 'colcon_pkg'
[0.225s] Level 1:colcon.colcon_core.package_identification:_identify(.) by extensions ['colcon_meta']
[0.225s] Level 1:colcon.colcon_core.package_identification:_identify(.) by extension 'colcon_meta'
[0.225s] Level 1:colcon.colcon_core.package_identification:_identify(.) by extensions ['ros']
[0.225s] Level 1:colcon.colcon_core.package_identification:_identify(.) by extension 'ros'
[0.256s] Level 1:colcon.colcon_core.package_identification:_identify(.) by extensions ['cmake', 'python']
[0.256s] Level 1:colcon.colcon_core.package_identification:_identify(.) by extension 'cmake'
[0.257s] Level 1:colcon.colcon_core.package_identification:_identify(.) by extension 'python'
[0.257s] Level 1:colcon.colcon_core.package_identification:_identify(.) by extensions ['python_setup_py']
[0.257s] Level 1:colcon.colcon_core.package_identification:_identify(.) by extension 'python_setup_py'
[0.257s] Level 1:colcon.colcon_core.package_identification:_identify(build) by extensions ['ignore', 'ignore_ament_install']
[0.257s] Level 1:colcon.colcon_core.package_identification:_identify(build) by extension 'ignore'
[0.257s] Level 1:colcon.colcon_core.package_identification:_identify(build) ignored
[0.257s] Level 1:colcon.colcon_core.package_identification:_identify(install) by extensions ['ignore', 'ignore_ament_install']
[0.257s] Level 1:colcon.colcon_core.package_identification:_identify(install) by extension 'ignore'
[0.257s] Level 1:colcon.colcon_core.package_identification:_identify(install) ignored
[0.257s] Level 1:colcon.colcon_core.package_identification:_identify(log) by extensions ['ignore', 'ignore_ament_install']
[0.257s] Level 1:colcon.colcon_core.package_identification:_identify(log) by extension 'ignore'
[0.257s] Level 1:colcon.colcon_core.package_identification:_identify(log) ignored
[0.257s] Level 1:colcon.colcon_core.package_identification:_identify(map) by extensions ['ignore', 'ignore_ament_install']
[0.257s] Level 1:colcon.colcon_core.package_identification:_identify(map) by extension 'ignore'
[0.257s] Level 1:colcon.colcon_core.package_identification:_identify(map) by extension 'ignore_ament_install'
[0.257s] Level 1:colcon.colcon_core.package_identification:_identify(map) by extensions ['colcon_pkg']
[0.257s] Level 1:colcon.colcon_core.package_identification:_identify(map) by extension 'colcon_pkg'
[0.257s] Level 1:colcon.colcon_core.package_identification:_identify(map) by extensions ['colcon_meta']
[0.257s] Level 1:colcon.colcon_core.package_identification:_identify(map) by extension 'colcon_meta'
[0.257s] Level 1:colcon.colcon_core.package_identification:_identify(map) by extensions ['ros']
[0.257s] Level 1:colcon.colcon_core.package_identification:_identify(map) by extension 'ros'
[0.258s] Level 1:colcon.colcon_core.package_identification:_identify(map) by extensions ['cmake', 'python']
[0.258s] Level 1:colcon.colcon_core.package_identification:_identify(map) by extension 'cmake'
[0.258s] Level 1:colcon.colcon_core.package_identification:_identify(map) by extension 'python'
[0.258s] Level 1:colcon.colcon_core.package_identification:_identify(map) by extensions ['python_setup_py']
[0.258s] Level 1:colcon.colcon_core.package_identification:_identify(map) by extension 'python_setup_py'
[0.258s] Level 1:colcon.colcon_core.package_identification:_identify(map/patches) by extensions ['ignore', 'ignore_ament_install']
[0.258s] Level 1:colcon.colcon_core.package_identification:_identify(map/patches) by extension 'ignore'
[0.258s] Level 1:colcon.colcon_core.package_identification:_identify(map/patches) by extension 'ignore_ament_install'
[0.258s] Level 1:colcon.colcon_core.package_identification:_identify(map/patches) by extensions ['colcon_pkg']
[0.258s] Level 1:colcon.colcon_core.package_identification:_identify(map/patches) by extension 'colcon_pkg'
[0.258s] Level 1:colcon.colcon_core.package_identification:_identify(map/patches) by extensions ['colcon_meta']
[0.258s] Level 1:colcon.colcon_core.package_identification:_identify(map/patches) by extension 'colcon_meta'
[0.258s] Level 1:colcon.colcon_core.package_identification:_identify(map/patches) by extensions ['ros']
[0.258s] Level 1:colcon.colcon_core.package_identification:_identify(map/patches) by extension 'ros'
[0.258s] Level 1:colcon.colcon_core.package_identification:_identify(map/patches) by extensions ['cmake', 'python']
[0.258s] Level 1:colcon.colcon_core.package_identification:_identify(map/patches) by extension 'cmake'
[0.258s] Level 1:colcon.colcon_core.package_identification:_identify(map/patches) by extension 'python'
[0.258s] Level 1:colcon.colcon_core.package_identification:_identify(map/patches) by extensions ['python_setup_py']
[0.258s] Level 1:colcon.colcon_core.package_identification:_identify(map/patches) by extension 'python_setup_py'
[0.258s] Level 1:colcon.colcon_core.package_identification:_identify(src) by extensions ['ignore', 'ignore_ament_install']
[0.258s] Level 1:colcon.colcon_core.package_identification:_identify(src) by extension 'ignore'
[0.258s] Level 1:colcon.colcon_core.package_identification:_identify(src) by extension 'ignore_ament_install'
[0.258s] Level 1:colcon.colcon_core.package_identification:_identify(src) by extensions ['colcon_pkg']
[0.258s] Level 1:colcon.colcon_core.package_identification:_identify(src) by extension 'colcon_pkg'
[0.258s] Level 1:colcon.colcon_core.package_identification:_identify(src) by extensions ['colcon_meta']
[0.258s] Level 1:colcon.colcon_core.package_identification:_identify(src) by extension 'colcon_meta'
[0.258s] Level 1:colcon.colcon_core.package_identification:_identify(src) by extensions ['ros']
[0.258s] Level 1:colcon.colcon_core.package_identification:_identify(src) by extension 'ros'
[0.258s] Level 1:colcon.colcon_core.package_identification:_identify(src) by extensions ['cmake', 'python']
[0.258s] Level 1:colcon.colcon_core.package_identification:_identify(src) by extension 'cmake'
[0.259s] Level 1:colcon.colcon_core.package_identification:_identify(src) by extension 'python'
[0.259s] Level 1:colcon.colcon_core.package_identification:_identify(src) by extensions ['python_setup_py']
[0.259s] Level 1:colcon.colcon_core.package_identification:_identify(src) by extension 'python_setup_py'
[0.259s] Level 1:colcon.colcon_core.package_identification:_identify(src/FASTLIO2_ROS2) by extensions ['ignore', 'ignore_ament_install']
[0.259s] Level 1:colcon.colcon_core.package_identification:_identify(src/FASTLIO2_ROS2) by extension 'ignore'
[0.259s] Level 1:colcon.colcon_core.package_identification:_identify(src/FASTLIO2_ROS2) by extension 'ignore_ament_install'
[0.259s] Level 1:colcon.colcon_core.package_identification:_identify(src/FASTLIO2_ROS2) by extensions ['colcon_pkg']
[0.259s] Level 1:colcon.colcon_core.package_identification:_identify(src/FASTLIO2_ROS2) by extension 'colcon_pkg'
[0.259s] Level 1:colcon.colcon_core.package_identification:_identify(src/FASTLIO2_ROS2) by extensions ['colcon_meta']
[0.259s] Level 1:colcon.colcon_core.package_identification:_identify(src/FASTLIO2_ROS2) by extension 'colcon_meta'
[0.259s] Level 1:colcon.colcon_core.package_identification:_identify(src/FASTLIO2_ROS2) by extensions ['ros']
[0.259s] Level 1:colcon.colcon_core.package_identification:_identify(src/FASTLIO2_ROS2) by extension 'ros'
[0.259s] Level 1:colcon.colcon_core.package_identification:_identify(src/FASTLIO2_ROS2) by extensions ['cmake', 'python']
[0.259s] Level 1:colcon.colcon_core.package_identification:_identify(src/FASTLIO2_ROS2) by extension 'cmake'
[0.259s] Level 1:colcon.colcon_core.package_identification:_identify(src/FASTLIO2_ROS2) by extension 'python'
[0.259s] Level 1:colcon.colcon_core.package_identification:_identify(src/FASTLIO2_ROS2) by extensions ['python_setup_py']
[0.259s] Level 1:colcon.colcon_core.package_identification:_identify(src/FASTLIO2_ROS2) by extension 'python_setup_py'
[0.259s] Level 1:colcon.colcon_core.package_identification:_identify(src/FASTLIO2_ROS2/fastlio2) by extensions ['ignore', 'ignore_ament_install']
[0.259s] Level 1:colcon.colcon_core.package_identification:_identify(src/FASTLIO2_ROS2/fastlio2) by extension 'ignore'
[0.259s] Level 1:colcon.colcon_core.package_identification:_identify(src/FASTLIO2_ROS2/fastlio2) by extension 'ignore_ament_install'
[0.259s] Level 1:colcon.colcon_core.package_identification:_identify(src/FASTLIO2_ROS2/fastlio2) by extensions ['colcon_pkg']
[0.259s] Level 1:colcon.colcon_core.package_identification:_identify(src/FASTLIO2_ROS2/fastlio2) by extension 'colcon_pkg'
[0.259s] Level 1:colcon.colcon_core.package_identification:_identify(src/FASTLIO2_ROS2/fastlio2) by extensions ['colcon_meta']
[0.259s] Level 1:colcon.colcon_core.package_identification:_identify(src/FASTLIO2_ROS2/fastlio2) by extension 'colcon_meta'
[0.259s] Level 1:colcon.colcon_core.package_identification:_identify(src/FASTLIO2_ROS2/fastlio2) by extensions ['ros']
[0.259s] Level 1:colcon.colcon_core.package_identification:_identify(src/FASTLIO2_ROS2/fastlio2) by extension 'ros'
[0.262s] DEBUG:colcon.colcon_core.package_identification:Package 'src/FASTLIO2_ROS2/fastlio2' with type 'ros.ament_cmake' and name 'fastlio2'
[0.262s] Level 1:colcon.colcon_core.package_identification:_identify(src/FASTLIO2_ROS2/hba) by extensions ['ignore', 'ignore_ament_install']
[0.262s] Level 1:colcon.colcon_core.package_identification:_identify(src/FASTLIO2_ROS2/hba) by extension 'ignore'
[0.262s] Level 1:colcon.colcon_core.package_identification:_identify(src/FASTLIO2_ROS2/hba) by extension 'ignore_ament_install'
[0.262s] Level 1:colcon.colcon_core.package_identification:_identify(src/FASTLIO2_ROS2/hba) by extensions ['colcon_pkg']
[0.262s] Level 1:colcon.colcon_core.package_identification:_identify(src/FASTLIO2_ROS2/hba) by extension 'colcon_pkg'
[0.262s] Level 1:colcon.colcon_core.package_identification:_identify(src/FASTLIO2_ROS2/hba) by extensions ['colcon_meta']
[0.262s] Level 1:colcon.colcon_core.package_identification:_identify(src/FASTLIO2_ROS2/hba) by extension 'colcon_meta'
[0.262s] Level 1:colcon.colcon_core.package_identification:_identify(src/FASTLIO2_ROS2/hba) by extensions ['ros']
[0.262s] Level 1:colcon.colcon_core.package_identification:_identify(src/FASTLIO2_ROS2/hba) by extension 'ros'
[0.263s] DEBUG:colcon.colcon_core.package_identification:Package 'src/FASTLIO2_ROS2/hba' with type 'ros.ament_cmake' and name 'hba'
[0.263s] Level 1:colcon.colcon_core.package_identification:_identify(src/FASTLIO2_ROS2/interface) by extensions ['ignore', 'ignore_ament_install']
[0.263s] Level 1:colcon.colcon_core.package_identification:_identify(src/FASTLIO2_ROS2/interface) by extension 'ignore'
[0.263s] Level 1:colcon.colcon_core.package_identification:_identify(src/FASTLIO2_ROS2/interface) by extension 'ignore_ament_install'
[0.263s] Level 1:colcon.colcon_core.package_identification:_identify(src/FASTLIO2_ROS2/interface) by extensions ['colcon_pkg']
[0.263s] Level 1:colcon.colcon_core.package_identification:_identify(src/FASTLIO2_ROS2/interface) by extension 'colcon_pkg'
[0.263s] Level 1:colcon.colcon_core.package_identification:_identify(src/FASTLIO2_ROS2/interface) by extensions ['colcon_meta']
[0.263s] Level 1:colcon.colcon_core.package_identification:_identify(src/FASTLIO2_ROS2/interface) by extension 'colcon_meta'
[0.263s] Level 1:colcon.colcon_core.package_identification:_identify(src/FASTLIO2_ROS2/interface) by extensions ['ros']
[0.263s] Level 1:colcon.colcon_core.package_identification:_identify(src/FASTLIO2_ROS2/interface) by extension 'ros'
[0.264s] DEBUG:colcon.colcon_core.package_identification:Package 'src/FASTLIO2_ROS2/interface' with type 'ros.ament_cmake' and name 'interface'
[0.264s] Level 1:colcon.colcon_core.package_identification:_identify(src/FASTLIO2_ROS2/localizer) by extensions ['ignore', 'ignore_ament_install']
[0.264s] Level 1:colcon.colcon_core.package_identification:_identify(src/FASTLIO2_ROS2/localizer) by extension 'ignore'
[0.264s] Level 1:colcon.colcon_core.package_identification:_identify(src/FASTLIO2_ROS2/localizer) by extension 'ignore_ament_install'
[0.264s] Level 1:colcon.colcon_core.package_identification:_identify(src/FASTLIO2_ROS2/localizer) by extensions ['colcon_pkg']
[0.264s] Level 1:colcon.colcon_core.package_identification:_identify(src/FASTLIO2_ROS2/localizer) by extension 'colcon_pkg'
[0.264s] Level 1:colcon.colcon_core.package_identification:_identify(src/FASTLIO2_ROS2/localizer) by extensions ['colcon_meta']
[0.264s] Level 1:colcon.colcon_core.package_identification:_identify(src/FASTLIO2_ROS2/localizer) by extension 'colcon_meta'
[0.264s] Level 1:colcon.colcon_core.package_identification:_identify(src/FASTLIO2_ROS2/localizer) by extensions ['ros']
[0.264s] Level 1:colcon.colcon_core.package_identification:_identify(src/FASTLIO2_ROS2/localizer) by extension 'ros'
[0.265s] DEBUG:colcon.colcon_core.package_identification:Package 'src/FASTLIO2_ROS2/localizer' with type 'ros.ament_cmake' and name 'localizer'
[0.266s] Level 1:colcon.colcon_core.package_identification:_identify(src/FASTLIO2_ROS2/pgo) by extensions ['ignore', 'ignore_ament_install']
[0.266s] Level 1:colcon.colcon_core.package_identification:_identify(src/FASTLIO2_ROS2/pgo) by extension 'ignore'
[0.266s] Level 1:colcon.colcon_core.package_identification:_identify(src/FASTLIO2_ROS2/pgo) by extension 'ignore_ament_install'
[0.266s] Level 1:colcon.colcon_core.package_identification:_identify(src/FASTLIO2_ROS2/pgo) by extensions ['colcon_pkg']
[0.266s] Level 1:colcon.colcon_core.package_identification:_identify(src/FASTLIO2_ROS2/pgo) by extension 'colcon_pkg'
[0.266s] Level 1:colcon.colcon_core.package_identification:_identify(src/FASTLIO2_ROS2/pgo) by extensions ['colcon_meta']
[0.266s] Level 1:colcon.colcon_core.package_identification:_identify(src/FASTLIO2_ROS2/pgo) by extension 'colcon_meta'
[0.266s] Level 1:colcon.colcon_core.package_identification:_identify(src/FASTLIO2_ROS2/pgo) by extensions ['ros']
[0.266s] Level 1:colcon.colcon_core.package_identification:_identify(src/FASTLIO2_ROS2/pgo) by extension 'ros'
[0.267s] DEBUG:colcon.colcon_core.package_identification:Package 'src/FASTLIO2_ROS2/pgo' with type 'ros.ament_cmake' and name 'pgo'
[0.267s] Level 1:colcon.colcon_core.package_identification:_identify(src/FASTLIO2_ROS2/scripts) by extensions ['ignore', 'ignore_ament_install']
[0.267s] Level 1:colcon.colcon_core.package_identification:_identify(src/FASTLIO2_ROS2/scripts) by extension 'ignore'
[0.267s] Level 1:colcon.colcon_core.package_identification:_identify(src/FASTLIO2_ROS2/scripts) by extension 'ignore_ament_install'
[0.267s] Level 1:colcon.colcon_core.package_identification:_identify(src/FASTLIO2_ROS2/scripts) by extensions ['colcon_pkg']
[0.267s] Level 1:colcon.colcon_core.package_identification:_identify(src/FASTLIO2_ROS2/scripts) by extension 'colcon_pkg'
[0.267s] Level 1:colcon.colcon_core.package_identification:_identify(src/FASTLIO2_ROS2/scripts) by extensions ['colcon_meta']
[0.267s] Level 1:colcon.colcon_core.package_identification:_identify(src/FASTLIO2_ROS2/scripts) by extension 'colcon_meta'
[0.267s] Level 1:colcon.colcon_core.package_identification:_identify(src/FASTLIO2_ROS2/scripts) by extensions ['ros']
[0.267s] Level 1:colcon.colcon_core.package_identification:_identify(src/FASTLIO2_ROS2/scripts) by extension 'ros'
[0.267s] Level 1:colcon.colcon_core.package_identification:_identify(src/FASTLIO2_ROS2/scripts) by extensions ['cmake', 'python']
[0.267s] Level 1:colcon.colcon_core.package_identification:_identify(src/FASTLIO2_ROS2/scripts) by extension 'cmake'
[0.267s] Level 1:colcon.colcon_core.package_identification:_identify(src/FASTLIO2_ROS2/scripts) by extension 'python'
[0.267s] Level 1:colcon.colcon_core.package_identification:_identify(src/FASTLIO2_ROS2/scripts) by extensions ['python_setup_py']
[0.267s] Level 1:colcon.colcon_core.package_identification:_identify(src/FASTLIO2_ROS2/scripts) by extension 'python_setup_py'
[0.267s] Level 1:colcon.colcon_core.package_identification:_identify(src/Livox-SDK2) by extensions ['ignore', 'ignore_ament_install']
[0.267s] Level 1:colcon.colcon_core.package_identification:_identify(src/Livox-SDK2) by extension 'ignore'
[0.267s] Level 1:colcon.colcon_core.package_identification:_identify(src/Livox-SDK2) by extension 'ignore_ament_install'
[0.267s] Level 1:colcon.colcon_core.package_identification:_identify(src/Livox-SDK2) by extensions ['colcon_pkg']
[0.268s] Level 1:colcon.colcon_core.package_identification:_identify(src/Livox-SDK2) by extension 'colcon_pkg'
[0.268s] Level 1:colcon.colcon_core.package_identification:_identify(src/Livox-SDK2) by extensions ['colcon_meta']
[0.268s] Level 1:colcon.colcon_core.package_identification:_identify(src/Livox-SDK2) by extension 'colcon_meta'
[0.268s] Level 1:colcon.colcon_core.package_identification:_identify(src/Livox-SDK2) by extensions ['ros']
[0.268s] Level 1:colcon.colcon_core.package_identification:_identify(src/Livox-SDK2) by extension 'ros'
[0.268s] Level 1:colcon.colcon_core.package_identification:_identify(src/Livox-SDK2) by extensions ['cmake', 'python']
[0.268s] Level 1:colcon.colcon_core.package_identification:_identify(src/Livox-SDK2) by extension 'cmake'
[0.276s] Level 1:colcon.colcon_core.package_identification:_identify(src/Livox-SDK2) by extension 'python'
[0.276s] DEBUG:colcon.colcon_core.package_identification:Package 'src/Livox-SDK2' with type 'cmake' and name 'livox_sdk2'
[0.276s] Level 1:colcon.colcon_core.package_identification:_identify(src/__pycache__) by extensions ['ignore', 'ignore_ament_install']
[0.276s] Level 1:colcon.colcon_core.package_identification:_identify(src/__pycache__) by extension 'ignore'
[0.276s] Level 1:colcon.colcon_core.package_identification:_identify(src/__pycache__) by extension 'ignore_ament_install'
[0.276s] Level 1:colcon.colcon_core.package_identification:_identify(src/__pycache__) by extensions ['colcon_pkg']
[0.276s] Level 1:colcon.colcon_core.package_identification:_identify(src/__pycache__) by extension 'colcon_pkg'
[0.276s] Level 1:colcon.colcon_core.package_identification:_identify(src/__pycache__) by extensions ['colcon_meta']
[0.276s] Level 1:colcon.colcon_core.package_identification:_identify(src/__pycache__) by extension 'colcon_meta'
[0.276s] Level 1:colcon.colcon_core.package_identification:_identify(src/__pycache__) by extensions ['ros']
[0.276s] Level 1:colcon.colcon_core.package_identification:_identify(src/__pycache__) by extension 'ros'
[0.276s] Level 1:colcon.colcon_core.package_identification:_identify(src/__pycache__) by extensions ['cmake', 'python']
[0.277s] Level 1:colcon.colcon_core.package_identification:_identify(src/__pycache__) by extension 'cmake'
[0.277s] Level 1:colcon.colcon_core.package_identification:_identify(src/__pycache__) by extension 'python'
[0.277s] Level 1:colcon.colcon_core.package_identification:_identify(src/__pycache__) by extensions ['python_setup_py']
[0.277s] Level 1:colcon.colcon_core.package_identification:_identify(src/__pycache__) by extension 'python_setup_py'
[0.277s] Level 1:colcon.colcon_core.package_identification:_identify(src/auto_aim_interfaces) by extensions ['ignore', 'ignore_ament_install']
[0.277s] Level 1:colcon.colcon_core.package_identification:_identify(src/auto_aim_interfaces) by extension 'ignore'
[0.277s] Level 1:colcon.colcon_core.package_identification:_identify(src/auto_aim_interfaces) by extension 'ignore_ament_install'
[0.277s] Level 1:colcon.colcon_core.package_identification:_identify(src/auto_aim_interfaces) by extensions ['colcon_pkg']
[0.277s] Level 1:colcon.colcon_core.package_identification:_identify(src/auto_aim_interfaces) by extension 'colcon_pkg'
[0.277s] Level 1:colcon.colcon_core.package_identification:_identify(src/auto_aim_interfaces) by extensions ['colcon_meta']
[0.277s] Level 1:colcon.colcon_core.package_identification:_identify(src/auto_aim_interfaces) by extension 'colcon_meta'
[0.277s] Level 1:colcon.colcon_core.package_identification:_identify(src/auto_aim_interfaces) by extensions ['ros']
[0.277s] Level 1:colcon.colcon_core.package_identification:_identify(src/auto_aim_interfaces) by extension 'ros'
[0.277s] DEBUG:colcon.colcon_core.package_identification:Package 'src/auto_aim_interfaces' with type 'ros.catkin' and name 'auto_aim_interfaces'
[0.278s] Level 1:colcon.colcon_core.package_identification:_identify(src/build) by extensions ['ignore', 'ignore_ament_install']
[0.278s] Level 1:colcon.colcon_core.package_identification:_identify(src/build) by extension 'ignore'
[0.278s] Level 1:colcon.colcon_core.package_identification:_identify(src/build) ignored
[0.278s] Level 1:colcon.colcon_core.package_identification:_identify(src/install) by extensions ['ignore', 'ignore_ament_install']
[0.278s] Level 1:colcon.colcon_core.package_identification:_identify(src/install) by extension 'ignore'
[0.278s] Level 1:colcon.colcon_core.package_identification:_identify(src/install) ignored
[0.278s] Level 1:colcon.colcon_core.package_identification:_identify(src/livox_ros_driver2) by extensions ['ignore', 'ignore_ament_install']
[0.278s] Level 1:colcon.colcon_core.package_identification:_identify(src/livox_ros_driver2) by extension 'ignore'
[0.278s] Level 1:colcon.colcon_core.package_identification:_identify(src/livox_ros_driver2) by extension 'ignore_ament_install'
[0.278s] Level 1:colcon.colcon_core.package_identification:_identify(src/livox_ros_driver2) by extensions ['colcon_pkg']
[0.278s] Level 1:colcon.colcon_core.package_identification:_identify(src/livox_ros_driver2) by extension 'colcon_pkg'
[0.278s] Level 1:colcon.colcon_core.package_identification:_identify(src/livox_ros_driver2) by extensions ['colcon_meta']
[0.278s] Level 1:colcon.colcon_core.package_identification:_identify(src/livox_ros_driver2) by extension 'colcon_meta'
[0.278s] Level 1:colcon.colcon_core.package_identification:_identify(src/livox_ros_driver2) by extensions ['ros']
[0.278s] Level 1:colcon.colcon_core.package_identification:_identify(src/livox_ros_driver2) by extension 'ros'
[0.279s] DEBUG:colcon.colcon_core.package_identification:Package 'src/livox_ros_driver2' with type 'ros.ament_cmake' and name 'livox_ros_driver2'
[0.279s] Level 1:colcon.colcon_core.package_identification:_identify(src/log) by extensions ['ignore', 'ignore_ament_install']
[0.279s] Level 1:colcon.colcon_core.package_identification:_identify(src/log) by extension 'ignore'
[0.279s] Level 1:colcon.colcon_core.package_identification:_identify(src/log) ignored
[0.279s] Level 1:colcon.colcon_core.package_identification:_identify(src/meiling_control) by extensions ['ignore', 'ignore_ament_install']
[0.279s] Level 1:colcon.colcon_core.package_identification:_identify(src/meiling_control) by extension 'ignore'
[0.279s] Level 1:colcon.colcon_core.package_identification:_identify(src/meiling_control) by extension 'ignore_ament_install'
[0.279s] Level 1:colcon.colcon_core.package_identification:_identify(src/meiling_control) by extensions ['colcon_pkg']
[0.279s] Level 1:colcon.colcon_core.package_identification:_identify(src/meiling_control) by extension 'colcon_pkg'
[0.279s] Level 1:colcon.colcon_core.package_identification:_identify(src/meiling_control) by extensions ['colcon_meta']
[0.279s] Level 1:colcon.colcon_core.package_identification:_identify(src/meiling_control) by extension 'colcon_meta'
[0.279s] Level 1:colcon.colcon_core.package_identification:_identify(src/meiling_control) by extensions ['ros']
[0.279s] Level 1:colcon.colcon_core.package_identification:_identify(src/meiling_control) by extension 'ros'
[0.280s] DEBUG:colcon.colcon_core.package_identification:Package 'src/meiling_control' with type 'ros.catkin' and name 'meiling_control'
[0.280s] Level 1:colcon.colcon_core.package_identification:_identify(src/meiling_detect) by extensions ['ignore', 'ignore_ament_install']
[0.280s] Level 1:colcon.colcon_core.package_identification:_identify(src/meiling_detect) by extension 'ignore'
[0.280s] Level 1:colcon.colcon_core.package_identification:_identify(src/meiling_detect) by extension 'ignore_ament_install'
[0.280s] Level 1:colcon.colcon_core.package_identification:_identify(src/meiling_detect) by extensions ['colcon_pkg']
[0.280s] Level 1:colcon.colcon_core.package_identification:_identify(src/meiling_detect) by extension 'colcon_pkg'
[0.280s] Level 1:colcon.colcon_core.package_identification:_identify(src/meiling_detect) by extensions ['colcon_meta']
[0.280s] Level 1:colcon.colcon_core.package_identification:_identify(src/meiling_detect) by extension 'colcon_meta'
[0.280s] Level 1:colcon.colcon_core.package_identification:_identify(src/meiling_detect) by extensions ['ros']
[0.280s] Level 1:colcon.colcon_core.package_identification:_identify(src/meiling_detect) by extension 'ros'
[0.281s] DEBUG:colcon.colcon_core.package_identification:Package 'src/meiling_detect' with type 'ros.ament_python' and name 'meiling_detect'
[0.281s] Level 1:colcon.colcon_core.package_identification:_identify(src_backup) by extensions ['ignore', 'ignore_ament_install']
[0.281s] Level 1:colcon.colcon_core.package_identification:_identify(src_backup) by extension 'ignore'
[0.281s] Level 1:colcon.colcon_core.package_identification:_identify(src_backup) by extension 'ignore_ament_install'
[0.281s] Level 1:colcon.colcon_core.package_identification:_identify(src_backup) by extensions ['colcon_pkg']
[0.281s] Level 1:colcon.colcon_core.package_identification:_identify(src_backup) by extension 'colcon_pkg'
[0.281s] Level 1:colcon.colcon_core.package_identification:_identify(src_backup) by extensions ['colcon_meta']
[0.281s] Level 1:colcon.colcon_core.package_identification:_identify(src_backup) by extension 'colcon_meta'
[0.281s] Level 1:colcon.colcon_core.package_identification:_identify(src_backup) by extensions ['ros']
[0.281s] Level 1:colcon.colcon_core.package_identification:_identify(src_backup) by extension 'ros'
[0.281s] Level 1:colcon.colcon_core.package_identification:_identify(src_backup) by extensions ['cmake', 'python']
[0.281s] Level 1:colcon.colcon_core.package_identification:_identify(src_backup) by extension 'cmake'
[0.281s] Level 1:colcon.colcon_core.package_identification:_identify(src_backup) by extension 'python'
[0.281s] Level 1:colcon.colcon_core.package_identification:_identify(src_backup) by extensions ['python_setup_py']
[0.281s] Level 1:colcon.colcon_core.package_identification:_identify(src_backup) by extension 'python_setup_py'
[0.281s] Level 1:colcon.colcon_core.package_identification:_identify(yolo) by extensions ['ignore', 'ignore_ament_install']
[0.281s] Level 1:colcon.colcon_core.package_identification:_identify(yolo) by extension 'ignore'
[0.282s] Level 1:colcon.colcon_core.package_identification:_identify(yolo) by extension 'ignore_ament_install'
[0.282s] Level 1:colcon.colcon_core.package_identification:_identify(yolo) by extensions ['colcon_pkg']
[0.282s] Level 1:colcon.colcon_core.package_identification:_identify(yolo) by extension 'colcon_pkg'
[0.282s] Level 1:colcon.colcon_core.package_identification:_identify(yolo) by extensions ['colcon_meta']
[0.282s] Level 1:colcon.colcon_core.package_identification:_identify(yolo) by extension 'colcon_meta'
[0.282s] Level 1:colcon.colcon_core.package_identification:_identify(yolo) by extensions ['ros']
[0.282s] Level 1:colcon.colcon_core.package_identification:_identify(yolo) by extension 'ros'
[0.282s] Level 1:colcon.colcon_core.package_identification:_identify(yolo) by extensions ['cmake', 'python']
[0.282s] Level 1:colcon.colcon_core.package_identification:_identify(yolo) by extension 'cmake'
[0.282s] Level 1:colcon.colcon_core.package_identification:_identify(yolo) by extension 'python'
[0.282s] Level 1:colcon.colcon_core.package_identification:_identify(yolo) by extensions ['python_setup_py']
[0.282s] Level 1:colcon.colcon_core.package_identification:_identify(yolo) by extension 'python_setup_py'
[0.282s] Level 1:colcon.colcon_core.package_identification:_identify(yolo/yolo11n_wuqi) by extensions ['ignore', 'ignore_ament_install']
[0.282s] Level 1:colcon.colcon_core.package_identification:_identify(yolo/yolo11n_wuqi) by extension 'ignore'
[0.282s] Level 1:colcon.colcon_core.package_identification:_identify(yolo/yolo11n_wuqi) by extension 'ignore_ament_install'
[0.282s] Level 1:colcon.colcon_core.package_identification:_identify(yolo/yolo11n_wuqi) by extensions ['colcon_pkg']
[0.282s] Level 1:colcon.colcon_core.package_identification:_identify(yolo/yolo11n_wuqi) by extension 'colcon_pkg'
[0.282s] Level 1:colcon.colcon_core.package_identification:_identify(yolo/yolo11n_wuqi) by extensions ['colcon_meta']
[0.282s] Level 1:colcon.colcon_core.package_identification:_identify(yolo/yolo11n_wuqi) by extension 'colcon_meta'
[0.282s] Level 1:colcon.colcon_core.package_identification:_identify(yolo/yolo11n_wuqi) by extensions ['ros']
[0.282s] Level 1:colcon.colcon_core.package_identification:_identify(yolo/yolo11n_wuqi) by extension 'ros'
[0.282s] Level 1:colcon.colcon_core.package_identification:_identify(yolo/yolo11n_wuqi) by extensions ['cmake', 'python']
[0.282s] Level 1:colcon.colcon_core.package_identification:_identify(yolo/yolo11n_wuqi) by extension 'cmake'
[0.282s] Level 1:colcon.colcon_core.package_identification:_identify(yolo/yolo11n_wuqi) by extension 'python'
[0.282s] Level 1:colcon.colcon_core.package_identification:_identify(yolo/yolo11n_wuqi) by extensions ['python_setup_py']
[0.282s] Level 1:colcon.colcon_core.package_identification:_identify(yolo/yolo11n_wuqi) by extension 'python_setup_py'
[0.282s] Level 1:colcon.colcon_core.package_identification:_identify(yolo/yolo11n_wuqi/weights) by extensions ['ignore', 'ignore_ament_install']
[0.282s] Level 1:colcon.colcon_core.package_identification:_identify(yolo/yolo11n_wuqi/weights) by extension 'ignore'
[0.282s] Level 1:colcon.colcon_core.package_identification:_identify(yolo/yolo11n_wuqi/weights) by extension 'ignore_ament_install'
[0.282s] Level 1:colcon.colcon_core.package_identification:_identify(yolo/yolo11n_wuqi/weights) by extensions ['colcon_pkg']
[0.283s] Level 1:colcon.colcon_core.package_identification:_identify(yolo/yolo11n_wuqi/weights) by extension 'colcon_pkg'
[0.283s] Level 1:colcon.colcon_core.package_identification:_identify(yolo/yolo11n_wuqi/weights) by extensions ['colcon_meta']
[0.283s] Level 1:colcon.colcon_core.package_identification:_identify(yolo/yolo11n_wuqi/weights) by extension 'colcon_meta'
[0.283s] Level 1:colcon.colcon_core.package_identification:_identify(yolo/yolo11n_wuqi/weights) by extensions ['ros']
[0.283s] Level 1:colcon.colcon_core.package_identification:_identify(yolo/yolo11n_wuqi/weights) by extension 'ros'
[0.283s] Level 1:colcon.colcon_core.package_identification:_identify(yolo/yolo11n_wuqi/weights) by extensions ['cmake', 'python']
[0.283s] Level 1:colcon.colcon_core.package_identification:_identify(yolo/yolo11n_wuqi/weights) by extension 'cmake'
[0.283s] Level 1:colcon.colcon_core.package_identification:_identify(yolo/yolo11n_wuqi/weights) by extension 'python'
[0.283s] Level 1:colcon.colcon_core.package_identification:_identify(yolo/yolo11n_wuqi/weights) by extensions ['python_setup_py']
[0.283s] Level 1:colcon.colcon_core.package_identification:_identify(yolo/yolo11n_wuqi/weights) by extension 'python_setup_py'
[0.283s] Level 1:colcon.colcon_core.package_identification:_identify(yolo/yolov8n_wuqi) by extensions ['ignore', 'ignore_ament_install']
[0.283s] Level 1:colcon.colcon_core.package_identification:_identify(yolo/yolov8n_wuqi) by extension 'ignore'
[0.283s] Level 1:colcon.colcon_core.package_identification:_identify(yolo/yolov8n_wuqi) by extension 'ignore_ament_install'
[0.283s] Level 1:colcon.colcon_core.package_identification:_identify(yolo/yolov8n_wuqi) by extensions ['colcon_pkg']
[0.283s] Level 1:colcon.colcon_core.package_identification:_identify(yolo/yolov8n_wuqi) by extension 'colcon_pkg'
[0.283s] Level 1:colcon.colcon_core.package_identification:_identify(yolo/yolov8n_wuqi) by extensions ['colcon_meta']
[0.283s] Level 1:colcon.colcon_core.package_identification:_identify(yolo/yolov8n_wuqi) by extension 'colcon_meta'
[0.283s] Level 1:colcon.colcon_core.package_identification:_identify(yolo/yolov8n_wuqi) by extensions ['ros']
[0.283s] Level 1:colcon.colcon_core.package_identification:_identify(yolo/yolov8n_wuqi) by extension 'ros'
[0.283s] Level 1:colcon.colcon_core.package_identification:_identify(yolo/yolov8n_wuqi) by extensions ['cmake', 'python']
[0.283s] Level 1:colcon.colcon_core.package_identification:_identify(yolo/yolov8n_wuqi) by extension 'cmake'
[0.283s] Level 1:colcon.colcon_core.package_identification:_identify(yolo/yolov8n_wuqi) by extension 'python'
[0.283s] Level 1:colcon.colcon_core.package_identification:_identify(yolo/yolov8n_wuqi) by extensions ['python_setup_py']
[0.283s] Level 1:colcon.colcon_core.package_identification:_identify(yolo/yolov8n_wuqi) by extension 'python_setup_py'
[0.283s] Level 1:colcon.colcon_core.package_identification:_identify(yolo/yolov8n_wuqi/weights) by extensions ['ignore', 'ignore_ament_install']
[0.283s] Level 1:colcon.colcon_core.package_identification:_identify(yolo/yolov8n_wuqi/weights) by extension 'ignore'
[0.283s] Level 1:colcon.colcon_core.package_identification:_identify(yolo/yolov8n_wuqi/weights) by extension 'ignore_ament_install'
[0.283s] Level 1:colcon.colcon_core.package_identification:_identify(yolo/yolov8n_wuqi/weights) by extensions ['colcon_pkg']
[0.283s] Level 1:colcon.colcon_core.package_identification:_identify(yolo/yolov8n_wuqi/weights) by extension 'colcon_pkg'
[0.283s] Level 1:colcon.colcon_core.package_identification:_identify(yolo/yolov8n_wuqi/weights) by extensions ['colcon_meta']
[0.283s] Level 1:colcon.colcon_core.package_identification:_identify(yolo/yolov8n_wuqi/weights) by extension 'colcon_meta'
[0.284s] Level 1:colcon.colcon_core.package_identification:_identify(yolo/yolov8n_wuqi/weights) by extensions ['ros']
[0.284s] Level 1:colcon.colcon_core.package_identification:_identify(yolo/yolov8n_wuqi/weights) by extension 'ros'
[0.284s] Level 1:colcon.colcon_core.package_identification:_identify(yolo/yolov8n_wuqi/weights) by extensions ['cmake', 'python']
[0.284s] Level 1:colcon.colcon_core.package_identification:_identify(yolo/yolov8n_wuqi/weights) by extension 'cmake'
[0.284s] Level 1:colcon.colcon_core.package_identification:_identify(yolo/yolov8n_wuqi/weights) by extension 'python'
[0.284s] Level 1:colcon.colcon_core.package_identification:_identify(yolo/yolov8n_wuqi/weights) by extensions ['python_setup_py']
[0.284s] Level 1:colcon.colcon_core.package_identification:_identify(yolo/yolov8n_wuqi/weights) by extension 'python_setup_py'
[0.284s] Level 1:colcon.colcon_core.package_discovery:discover_packages(recursive) using defaults
[0.284s] Level 1:colcon.colcon_core.package_discovery:discover_packages(ignore) discover
[0.284s] Level 1:colcon.colcon_core.package_discovery:discover_packages(ignore) using defaults
[0.284s] Level 1:colcon.colcon_core.package_discovery:discover_packages(path) discover
[0.284s] Level 1:colcon.colcon_core.package_discovery:discover_packages(path) using defaults
[0.300s] Level 1:colcon.colcon_core.package_discovery:discover_packages(prefix_path) check parameters
[0.300s] Level 1:colcon.colcon_core.package_discovery:discover_packages(prefix_path) discover
[0.301s] DEBUG:colcon.colcon_installed_package_information.package_discovery:Found 1 installed packages in /home/ubuntu-nuc/rc2_ws/src/install
[0.301s] DEBUG:colcon.colcon_installed_package_information.package_discovery:Found 1 installed packages in /home/ubuntu-nuc/rc2_ws/install
[0.301s] DEBUG:colcon.colcon_installed_package_information.package_discovery:Found 3 installed packages in /home/ubuntu-nuc/rc_ws/install
[0.302s] DEBUG:colcon.colcon_installed_package_information.package_discovery:Found 356 installed packages in /opt/ros/humble
[0.304s] Level 1:colcon.colcon_core.package_discovery:discover_packages(prefix_path) using defaults
[0.335s] WARNING:colcon.colcon_core.package_selection:Some selected packages are already built in one or more underlay workspaces:
	'livox_ros_driver2' is in: /home/ubuntu-nuc/rc_ws/install/livox_ros_driver2
If a package in a merged underlay workspace is overridden and it installs headers, then all packages in the overlay must sort their include directories by workspace order. Failure to do so may result in build failures or undefined behavior at run time.
If the overridden package is used by another package in any underlay, then the overriding package in the overlay must be API and ABI compatible or undefined behavior at run time may occur.

If you understand the risks and want to override a package anyways, add the following to the command line:
	--allow-overriding livox_ros_driver2

This may be promoted to an error in a future release of colcon-override-check.
[0.336s] Level 5:colcon.colcon_core.verb:set package 'auto_aim_interfaces' build argument 'cmake_args' from command line to 'None'
[0.336s] Level 5:colcon.colcon_core.verb:set package 'auto_aim_interfaces' build argument 'cmake_target' from command line to 'None'
[0.336s] Level 5:colcon.colcon_core.verb:set package 'auto_aim_interfaces' build argument 'cmake_target_skip_unavailable' from command line to 'False'
[0.336s] Level 5:colcon.colcon_core.verb:set package 'auto_aim_interfaces' build argument 'cmake_clean_cache' from command line to 'False'
[0.336s] Level 5:colcon.colcon_core.verb:set package 'auto_aim_interfaces' build argument 'cmake_clean_first' from command line to 'False'
[0.336s] Level 5:colcon.colcon_core.verb:set package 'auto_aim_interfaces' build argument 'cmake_force_configure' from command line to 'False'
[0.336s] Level 5:colcon.colcon_core.verb:set package 'auto_aim_interfaces' build argument 'ament_cmake_args' from command line to 'None'
[0.336s] Level 5:colcon.colcon_core.verb:set package 'auto_aim_interfaces' build argument 'catkin_cmake_args' from command line to 'None'
[0.336s] Level 5:colcon.colcon_core.verb:set package 'auto_aim_interfaces' build argument 'catkin_skip_building_tests' from command line to 'False'
[0.336s] DEBUG:colcon.colcon_core.verb:Building package 'auto_aim_interfaces' with the following arguments: {'ament_cmake_args': None, 'build_base': '/home/ubuntu-nuc/rc2_ws/build/auto_aim_interfaces', 'catkin_cmake_args': None, 'catkin_skip_building_tests': False, 'cmake_args': None, 'cmake_clean_cache': False, 'cmake_clean_first': False, 'cmake_force_configure': False, 'cmake_target': None, 'cmake_target_skip_unavailable': False, 'install_base': '/home/ubuntu-nuc/rc2_ws/install/auto_aim_interfaces', 'merge_install': False, 'path': '/home/ubuntu-nuc/rc2_ws/src/auto_aim_interfaces', 'symlink_install': False, 'test_result_base': None}
[0.336s] Level 5:colcon.colcon_core.verb:set package 'interface' build argument 'cmake_args' from command line to 'None'
[0.338s] Level 5:colcon.colcon_core.verb:set package 'interface' build argument 'cmake_target' from command line to 'None'
[0.338s] Level 5:colcon.colcon_core.verb:set package 'interface' build argument 'cmake_target_skip_unavailable' from command line to 'False'
[0.338s] Level 5:colcon.colcon_core.verb:set package 'interface' build argument 'cmake_clean_cache' from command line to 'False'
[0.338s] Level 5:colcon.colcon_core.verb:set package 'interface' build argument 'cmake_clean_first' from command line to 'False'
[0.338s] Level 5:colcon.colcon_core.verb:set package 'interface' build argument 'cmake_force_configure' from command line to 'False'
[0.338s] Level 5:colcon.colcon_core.verb:set package 'interface' build argument 'ament_cmake_args' from command line to 'None'
[0.338s] Level 5:colcon.colcon_core.verb:set package 'interface' build argument 'catkin_cmake_args' from command line to 'None'
[0.338s] Level 5:colcon.colcon_core.verb:set package 'interface' build argument 'catkin_skip_building_tests' from command line to 'False'
[0.338s] DEBUG:colcon.colcon_core.verb:Building package 'interface' with the following arguments: {'ament_cmake_args': None, 'build_base': '/home/ubuntu-nuc/rc2_ws/build/interface', 'catkin_cmake_args': None, 'catkin_skip_building_tests': False, 'cmake_args': None, 'cmake_clean_cache': False, 'cmake_clean_first': False, 'cmake_force_configure': False, 'cmake_target': None, 'cmake_target_skip_unavailable': False, 'install_base': '/home/ubuntu-nuc/rc2_ws/install/interface', 'merge_install': False, 'path': '/home/ubuntu-nuc/rc2_ws/src/FASTLIO2_ROS2/interface', 'symlink_install': False, 'test_result_base': None}
[0.338s] Level 5:colcon.colcon_core.verb:set package 'livox_ros_driver2' build argument 'cmake_args' from command line to 'None'
[0.338s] Level 5:colcon.colcon_core.verb:set package 'livox_ros_driver2' build argument 'cmake_target' from command line to 'None'
[0.338s] Level 5:colcon.colcon_core.verb:set package 'livox_ros_driver2' build argument 'cmake_target_skip_unavailable' from command line to 'False'
[0.338s] Level 5:colcon.colcon_core.verb:set package 'livox_ros_driver2' build argument 'cmake_clean_cache' from command line to 'False'
[0.338s] Level 5:colcon.colcon_core.verb:set package 'livox_ros_driver2' build argument 'cmake_clean_first' from command line to 'False'
[0.338s] Level 5:colcon.colcon_core.verb:set package 'livox_ros_driver2' build argument 'cmake_force_configure' from command line to 'False'
[0.338s] Level 5:colcon.colcon_core.verb:set package 'livox_ros_driver2' build argument 'ament_cmake_args' from command line to 'None'
[0.338s] Level 5:colcon.colcon_core.verb:set package 'livox_ros_driver2' build argument 'catkin_cmake_args' from command line to 'None'
[0.338s] Level 5:colcon.colcon_core.verb:set package 'livox_ros_driver2' build argument 'catkin_skip_building_tests' from command line to 'False'
[0.338s] DEBUG:colcon.colcon_core.verb:Building package 'livox_ros_driver2' with the following arguments: {'ament_cmake_args': None, 'build_base': '/home/ubuntu-nuc/rc2_ws/build/livox_ros_driver2', 'catkin_cmake_args': None, 'catkin_skip_building_tests': False, 'cmake_args': None, 'cmake_clean_cache': False, 'cmake_clean_first': False, 'cmake_force_configure': False, 'cmake_target': None, 'cmake_target_skip_unavailable': False, 'install_base': '/home/ubuntu-nuc/rc2_ws/install/livox_ros_driver2', 'merge_install': False, 'path': '/home/ubuntu-nuc/rc2_ws/src/livox_ros_driver2', 'symlink_install': False, 'test_result_base': None}
[0.339s] Level 5:colcon.colcon_core.verb:set package 'livox_sdk2' build argument 'cmake_args' from command line to 'None'
[0.339s] Level 5:colcon.colcon_core.verb:set package 'livox_sdk2' build argument 'cmake_target' from command line to 'None'
[0.339s] Level 5:colcon.colcon_core.verb:set package 'livox_sdk2' build argument 'cmake_target_skip_unavailable' from command line to 'False'
[0.339s] Level 5:colcon.colcon_core.verb:set package 'livox_sdk2' build argument 'cmake_clean_cache' from command line to 'False'
[0.339s] Level 5:colcon.colcon_core.verb:set package 'livox_sdk2' build argument 'cmake_clean_first' from command line to 'False'
[0.339s] Level 5:colcon.colcon_core.verb:set package 'livox_sdk2' build argument 'cmake_force_configure' from command line to 'False'
[0.339s] Level 5:colcon.colcon_core.verb:set package 'livox_sdk2' build argument 'ament_cmake_args' from command line to 'None'
[0.339s] Level 5:colcon.colcon_core.verb:set package 'livox_sdk2' build argument 'catkin_cmake_args' from command line to 'None'
[0.339s] Level 5:colcon.colcon_core.verb:set package 'livox_sdk2' build argument 'catkin_skip_building_tests' from command line to 'False'
[0.339s] DEBUG:colcon.colcon_core.verb:Building package 'livox_sdk2' with the following arguments: {'ament_cmake_args': None, 'build_base': '/home/ubuntu-nuc/rc2_ws/build/livox_sdk2', 'catkin_cmake_args': None, 'catkin_skip_building_tests': False, 'cmake_args': None, 'cmake_clean_cache': False, 'cmake_clean_first': False, 'cmake_force_configure': False, 'cmake_target': None, 'cmake_target_skip_unavailable': False, 'install_base': '/home/ubuntu-nuc/rc2_ws/install/livox_sdk2', 'merge_install': False, 'path': '/home/ubuntu-nuc/rc2_ws/src/Livox-SDK2', 'symlink_install': False, 'test_result_base': None}
[0.339s] Level 5:colcon.colcon_core.verb:set package 'fastlio2' build argument 'cmake_args' from command line to 'None'
[0.339s] Level 5:colcon.colcon_core.verb:set package 'fastlio2' build argument 'cmake_target' from command line to 'None'
[0.339s] Level 5:colcon.colcon_core.verb:set package 'fastlio2' build argument 'cmake_target_skip_unavailable' from command line to 'False'
[0.339s] Level 5:colcon.colcon_core.verb:set package 'fastlio2' build argument 'cmake_clean_cache' from command line to 'False'
[0.339s] Level 5:colcon.colcon_core.verb:set package 'fastlio2' build argument 'cmake_clean_first' from command line to 'False'
[0.339s] Level 5:colcon.colcon_core.verb:set package 'fastlio2' build argument 'cmake_force_configure' from command line to 'False'
[0.339s] Level 5:colcon.colcon_core.verb:set package 'fastlio2' build argument 'ament_cmake_args' from command line to 'None'
[0.339s] Level 5:colcon.colcon_core.verb:set package 'fastlio2' build argument 'catkin_cmake_args' from command line to 'None'
[0.339s] Level 5:colcon.colcon_core.verb:set package 'fastlio2' build argument 'catkin_skip_building_tests' from command line to 'False'
[0.339s] DEBUG:colcon.colcon_core.verb:Building package 'fastlio2' with the following arguments: {'ament_cmake_args': None, 'build_base': '/home/ubuntu-nuc/rc2_ws/build/fastlio2', 'catkin_cmake_args': None, 'catkin_skip_building_tests': False, 'cmake_args': None, 'cmake_clean_cache': False, 'cmake_clean_first': False, 'cmake_force_configure': False, 'cmake_target': None, 'cmake_target_skip_unavailable': False, 'install_base': '/home/ubuntu-nuc/rc2_ws/install/fastlio2', 'merge_install': False, 'path': '/home/ubuntu-nuc/rc2_ws/src/FASTLIO2_ROS2/fastlio2', 'symlink_install': False, 'test_result_base': None}
[0.339s] Level 5:colcon.colcon_core.verb:set package 'hba' build argument 'cmake_args' from command line to 'None'
[0.339s] Level 5:colcon.colcon_core.verb:set package 'hba' build argument 'cmake_target' from command line to 'None'
[0.339s] Level 5:colcon.colcon_core.verb:set package 'hba' build argument 'cmake_target_skip_unavailable' from command line to 'False'
[0.339s] Level 5:colcon.colcon_core.verb:set package 'hba' build argument 'cmake_clean_cache' from command line to 'False'
[0.339s] Level 5:colcon.colcon_core.verb:set package 'hba' build argument 'cmake_clean_first' from command line to 'False'
[0.339s] Level 5:colcon.colcon_core.verb:set package 'hba' build argument 'cmake_force_configure' from command line to 'False'
[0.339s] Level 5:colcon.colcon_core.verb:set package 'hba' build argument 'ament_cmake_args' from command line to 'None'
[0.339s] Level 5:colcon.colcon_core.verb:set package 'hba' build argument 'catkin_cmake_args' from command line to 'None'
[0.339s] Level 5:colcon.colcon_core.verb:set package 'hba' build argument 'catkin_skip_building_tests' from command line to 'False'
[0.339s] DEBUG:colcon.colcon_core.verb:Building package 'hba' with the following arguments: {'ament_cmake_args': None, 'build_base': '/home/ubuntu-nuc/rc2_ws/build/hba', 'catkin_cmake_args': None, 'catkin_skip_building_tests': False, 'cmake_args': None, 'cmake_clean_cache': False, 'cmake_clean_first': False, 'cmake_force_configure': False, 'cmake_target': None, 'cmake_target_skip_unavailable': False, 'install_base': '/home/ubuntu-nuc/rc2_ws/install/hba', 'merge_install': False, 'path': '/home/ubuntu-nuc/rc2_ws/src/FASTLIO2_ROS2/hba', 'symlink_install': False, 'test_result_base': None}
[0.340s] Level 5:colcon.colcon_core.verb:set package 'localizer' build argument 'cmake_args' from command line to 'None'
[0.340s] Level 5:colcon.colcon_core.verb:set package 'localizer' build argument 'cmake_target' from command line to 'None'
[0.340s] Level 5:colcon.colcon_core.verb:set package 'localizer' build argument 'cmake_target_skip_unavailable' from command line to 'False'
[0.340s] Level 5:colcon.colcon_core.verb:set package 'localizer' build argument 'cmake_clean_cache' from command line to 'False'
[0.340s] Level 5:colcon.colcon_core.verb:set package 'localizer' build argument 'cmake_clean_first' from command line to 'False'
[0.340s] Level 5:colcon.colcon_core.verb:set package 'localizer' build argument 'cmake_force_configure' from command line to 'False'
[0.340s] Level 5:colcon.colcon_core.verb:set package 'localizer' build argument 'ament_cmake_args' from command line to 'None'
[0.340s] Level 5:colcon.colcon_core.verb:set package 'localizer' build argument 'catkin_cmake_args' from command line to 'None'
[0.340s] Level 5:colcon.colcon_core.verb:set package 'localizer' build argument 'catkin_skip_building_tests' from command line to 'False'
[0.340s] DEBUG:colcon.colcon_core.verb:Building package 'localizer' with the following arguments: {'ament_cmake_args': None, 'build_base': '/home/ubuntu-nuc/rc2_ws/build/localizer', 'catkin_cmake_args': None, 'catkin_skip_building_tests': False, 'cmake_args': None, 'cmake_clean_cache': False, 'cmake_clean_first': False, 'cmake_force_configure': False, 'cmake_target': None, 'cmake_target_skip_unavailable': False, 'install_base': '/home/ubuntu-nuc/rc2_ws/install/localizer', 'merge_install': False, 'path': '/home/ubuntu-nuc/rc2_ws/src/FASTLIO2_ROS2/localizer', 'symlink_install': False, 'test_result_base': None}
[0.340s] Level 5:colcon.colcon_core.verb:set package 'meiling_control' build argument 'cmake_args' from command line to 'None'
[0.340s] Level 5:colcon.colcon_core.verb:set package 'meiling_control' build argument 'cmake_target' from command line to 'None'
[0.340s] Level 5:colcon.colcon_core.verb:set package 'meiling_control' build argument 'cmake_target_skip_unavailable' from command line to 'False'
[0.340s] Level 5:colcon.colcon_core.verb:set package 'meiling_control' build argument 'cmake_clean_cache' from command line to 'False'
[0.340s] Level 5:colcon.colcon_core.verb:set package 'meiling_control' build argument 'cmake_clean_first' from command line to 'False'
[0.340s] Level 5:colcon.colcon_core.verb:set package 'meiling_control' build argument 'cmake_force_configure' from command line to 'False'
[0.340s] Level 5:colcon.colcon_core.verb:set package 'meiling_control' build argument 'ament_cmake_args' from command line to 'None'
[0.340s] Level 5:colcon.colcon_core.verb:set package 'meiling_control' build argument 'catkin_cmake_args' from command line to 'None'
[0.340s] Level 5:colcon.colcon_core.verb:set package 'meiling_control' build argument 'catkin_skip_building_tests' from command line to 'False'
[0.340s] DEBUG:colcon.colcon_core.verb:Building package 'meiling_control' with the following arguments: {'ament_cmake_args': None, 'build_base': '/home/ubuntu-nuc/rc2_ws/build/meiling_control', 'catkin_cmake_args': None, 'catkin_skip_building_tests': False, 'cmake_args': None, 'cmake_clean_cache': False, 'cmake_clean_first': False, 'cmake_force_configure': False, 'cmake_target': None, 'cmake_target_skip_unavailable': False, 'install_base': '/home/ubuntu-nuc/rc2_ws/install/meiling_control', 'merge_install': False, 'path': '/home/ubuntu-nuc/rc2_ws/src/meiling_control', 'symlink_install': False, 'test_result_base': None}
[0.340s] Level 5:colcon.colcon_core.verb:set package 'meiling_detect' build argument 'cmake_args' from command line to 'None'
[0.340s] Level 5:colcon.colcon_core.verb:set package 'meiling_detect' build argument 'cmake_target' from command line to 'None'
[0.340s] Level 5:colcon.colcon_core.verb:set package 'meiling_detect' build argument 'cmake_target_skip_unavailable' from command line to 'False'
[0.340s] Level 5:colcon.colcon_core.verb:set package 'meiling_detect' build argument 'cmake_clean_cache' from command line to 'False'
[0.340s] Level 5:colcon.colcon_core.verb:set package 'meiling_detect' build argument 'cmake_clean_first' from command line to 'False'
[0.340s] Level 5:colcon.colcon_core.verb:set package 'meiling_detect' build argument 'cmake_force_configure' from command line to 'False'
[0.340s] Level 5:colcon.colcon_core.verb:set package 'meiling_detect' build argument 'ament_cmake_args' from command line to 'None'
[0.340s] Level 5:colcon.colcon_core.verb:set package 'meiling_detect' build argument 'catkin_cmake_args' from command line to 'None'
[0.340s] Level 5:colcon.colcon_core.verb:set package 'meiling_detect' build argument 'catkin_skip_building_tests' from command line to 'False'
[0.340s] DEBUG:colcon.colcon_core.verb:Building package 'meiling_detect' with the following arguments: {'ament_cmake_args': None, 'build_base': '/home/ubuntu-nuc/rc2_ws/build/meiling_detect', 'catkin_cmake_args': None, 'catkin_skip_building_tests': False, 'cmake_args': None, 'cmake_clean_cache': False, 'cmake_clean_first': False, 'cmake_force_configure': False, 'cmake_target': None, 'cmake_target_skip_unavailable': False, 'install_base': '/home/ubuntu-nuc/rc2_ws/install/meiling_detect', 'merge_install': False, 'path': '/home/ubuntu-nuc/rc2_ws/src/meiling_detect', 'symlink_install': False, 'test_result_base': None}
[0.341s] Level 5:colcon.colcon_core.verb:set package 'pgo' build argument 'cmake_args' from command line to 'None'
[0.341s] Level 5:colcon.colcon_core.verb:set package 'pgo' build argument 'cmake_target' from command line to 'None'
[0.341s] Level 5:colcon.colcon_core.verb:set package 'pgo' build argument 'cmake_target_skip_unavailable' from command line to 'False'
[0.341s] Level 5:colcon.colcon_core.verb:set package 'pgo' build argument 'cmake_clean_cache' from command line to 'False'
[0.341s] Level 5:colcon.colcon_core.verb:set package 'pgo' build argument 'cmake_clean_first' from command line to 'False'
[0.341s] Level 5:colcon.colcon_core.verb:set package 'pgo' build argument 'cmake_force_configure' from command line to 'False'
[0.341s] Level 5:colcon.colcon_core.verb:set package 'pgo' build argument 'ament_cmake_args' from command line to 'None'
[0.341s] Level 5:colcon.colcon_core.verb:set package 'pgo' build argument 'catkin_cmake_args' from command line to 'None'
[0.341s] Level 5:colcon.colcon_core.verb:set package 'pgo' build argument 'catkin_skip_building_tests' from command line to 'False'
[0.341s] DEBUG:colcon.colcon_core.verb:Building package 'pgo' with the following arguments: {'ament_cmake_args': None, 'build_base': '/home/ubuntu-nuc/rc2_ws/build/pgo', 'catkin_cmake_args': None, 'catkin_skip_building_tests': False, 'cmake_args': None, 'cmake_clean_cache': False, 'cmake_clean_first': False, 'cmake_force_configure': False, 'cmake_target': None, 'cmake_target_skip_unavailable': False, 'install_base': '/home/ubuntu-nuc/rc2_ws/install/pgo', 'merge_install': False, 'path': '/home/ubuntu-nuc/rc2_ws/src/FASTLIO2_ROS2/pgo', 'symlink_install': False, 'test_result_base': None}
[0.341s] INFO:colcon.colcon_core.executor:Executing jobs using 'parallel' executor
[0.342s] DEBUG:colcon.colcon_parallel_executor.executor.parallel:run_until_complete
[0.342s] INFO:colcon.colcon_ros.task.ament_cmake.build:Building ROS package in '/home/ubuntu-nuc/rc2_ws/src/FASTLIO2_ROS2/interface' with build type 'ament_cmake'
[0.342s] INFO:colcon.colcon_cmake.task.cmake.build:Building CMake package in '/home/ubuntu-nuc/rc2_ws/src/FASTLIO2_ROS2/interface'
[0.344s] INFO:colcon.colcon_core.plugin_system:Skipping extension 'colcon_core.shell.bat': Not used on non-Windows systems
[0.344s] INFO:colcon.colcon_core.shell:Skip shell extension 'powershell' for command environment: Not usable outside of PowerShell
[0.344s] DEBUG:colcon.colcon_core.shell:Skip shell extension 'dsv' for command environment
[0.347s] INFO:colcon.colcon_ros.task.catkin.build:Building ROS package in '/home/ubuntu-nuc/rc2_ws/src/auto_aim_interfaces' with build type 'catkin'
[0.347s] INFO:colcon.colcon_cmake.task.cmake.build:Building CMake package in '/home/ubuntu-nuc/rc2_ws/src/auto_aim_interfaces'
[0.347s] INFO:colcon.colcon_core.shell:Skip shell extension 'powershell' for command environment: Not usable outside of PowerShell
[0.347s] DEBUG:colcon.colcon_core.shell:Skip shell extension 'dsv' for command environment
[0.350s] INFO:colcon.colcon_ros.task.ament_cmake.build:Building ROS package in '/home/ubuntu-nuc/rc2_ws/src/livox_ros_driver2' with build type 'ament_cmake'
[0.351s] INFO:colcon.colcon_cmake.task.cmake.build:Building CMake package in '/home/ubuntu-nuc/rc2_ws/src/livox_ros_driver2'
[0.351s] INFO:colcon.colcon_core.shell:Skip shell extension 'powershell' for command environment: Not usable outside of PowerShell
[0.351s] DEBUG:colcon.colcon_core.shell:Skip shell extension 'dsv' for command environment
[0.353s] INFO:colcon.colcon_cmake.task.cmake.build:Building CMake package in '/home/ubuntu-nuc/rc2_ws/src/Livox-SDK2'
[0.354s] INFO:colcon.colcon_core.shell:Skip shell extension 'powershell' for command environment: Not usable outside of PowerShell
[0.354s] DEBUG:colcon.colcon_core.shell:Skip shell extension 'dsv' for command environment
[0.358s] DEBUG:colcon.colcon_core.event_handler.log_command:Invoking command in '/home/ubuntu-nuc/rc2_ws/build/interface': CMAKE_PREFIX_PATH=${CMAKE_PREFIX_PATH}:/opt/ros/humble /usr/local/bin/cmake /home/ubuntu-nuc/rc2_ws/src/FASTLIO2_ROS2/interface -DCMAKE_INSTALL_PREFIX=/home/ubuntu-nuc/rc2_ws/install/interface
[0.361s] DEBUG:colcon.colcon_core.event_handler.log_command:Invoking command in '/home/ubuntu-nuc/rc2_ws/build/auto_aim_interfaces': /usr/local/bin/cmake --build /home/ubuntu-nuc/rc2_ws/build/auto_aim_interfaces -- -j8 -l8
[0.364s] DEBUG:colcon.colcon_core.event_handler.log_command:Invoking command in '/home/ubuntu-nuc/rc2_ws/build/livox_ros_driver2': CMAKE_PREFIX_PATH=${CMAKE_PREFIX_PATH}:/opt/ros/humble /usr/local/bin/cmake /home/ubuntu-nuc/rc2_ws/src/livox_ros_driver2 -DCMAKE_INSTALL_PREFIX=/home/ubuntu-nuc/rc2_ws/install/livox_ros_driver2
[0.368s] DEBUG:colcon.colcon_core.event_handler.log_command:Invoking command in '/home/ubuntu-nuc/rc2_ws/build/livox_sdk2': /usr/local/bin/cmake /home/ubuntu-nuc/rc2_ws/src/Livox-SDK2 -DCMAKE_INSTALL_PREFIX=/home/ubuntu-nuc/rc2_ws/install/livox_sdk2
[0.423s] DEBUG:colcon.colcon_core.event_handler.log_command:Invoked command in '/home/ubuntu-nuc/rc2_ws/build/livox_sdk2' returned '0': /usr/local/bin/cmake /home/ubuntu-nuc/rc2_ws/src/Livox-SDK2 -DCMAKE_INSTALL_PREFIX=/home/ubuntu-nuc/rc2_ws/install/livox_sdk2
[0.424s] DEBUG:colcon.colcon_core.event_handler.log_command:Invoking command in '/home/ubuntu-nuc/rc2_ws/build/livox_sdk2': /usr/local/bin/cmake --build /home/ubuntu-nuc/rc2_ws/build/livox_sdk2 -- -j8 -l8
[0.869s] DEBUG:colcon.colcon_core.event_handler.log_command:Invoked command in '/home/ubuntu-nuc/rc2_ws/build/auto_aim_interfaces' returned '0': /usr/local/bin/cmake --build /home/ubuntu-nuc/rc2_ws/build/auto_aim_interfaces -- -j8 -l8
[0.878s] DEBUG:colcon.colcon_core.event_handler.log_command:Invoking command in '/home/ubuntu-nuc/rc2_ws/build/auto_aim_interfaces': /usr/local/bin/cmake --install /home/ubuntu-nuc/rc2_ws/build/auto_aim_interfaces
[1.018s] Level 1:colcon.colcon_core.shell:create_environment_hook('auto_aim_interfaces', 'ros_package_path')
[1.018s] INFO:colcon.colcon_core.shell:Creating environment hook '/home/ubuntu-nuc/rc2_ws/install/auto_aim_interfaces/share/auto_aim_interfaces/hook/ros_package_path.ps1'
[1.022s] INFO:colcon.colcon_core.shell:Creating environment descriptor '/home/ubuntu-nuc/rc2_ws/install/auto_aim_interfaces/share/auto_aim_interfaces/hook/ros_package_path.dsv'
[1.024s] DEBUG:colcon.colcon_core.event_handler.log_command:Invoked command in '/home/ubuntu-nuc/rc2_ws/build/auto_aim_interfaces' returned '0': /usr/local/bin/cmake --install /home/ubuntu-nuc/rc2_ws/build/auto_aim_interfaces
[1.024s] INFO:colcon.colcon_core.shell:Creating environment hook '/home/ubuntu-nuc/rc2_ws/install/auto_aim_interfaces/share/auto_aim_interfaces/hook/ros_package_path.sh'
[1.025s] Level 1:colcon.colcon_ros.task.catkin:checking '/home/ubuntu-nuc/rc2_ws/install/auto_aim_interfaces/local/lib/python3.10/dist-packages'
[1.025s] Level 1:colcon.colcon_core.shell:create_environment_hook('auto_aim_interfaces', 'catkin_pythonpath')
[1.026s] INFO:colcon.colcon_core.shell:Creating environment hook '/home/ubuntu-nuc/rc2_ws/install/auto_aim_interfaces/share/auto_aim_interfaces/hook/catkin_pythonpath.ps1'
[1.029s] INFO:colcon.colcon_core.shell:Creating environment descriptor '/home/ubuntu-nuc/rc2_ws/install/auto_aim_interfaces/share/auto_aim_interfaces/hook/catkin_pythonpath.dsv'
[1.030s] INFO:colcon.colcon_core.shell:Creating environment hook '/home/ubuntu-nuc/rc2_ws/install/auto_aim_interfaces/share/auto_aim_interfaces/hook/catkin_pythonpath.sh'
[1.031s] Level 1:colcon.colcon_core.shell:create_environment_hook('auto_aim_interfaces', 'pkg_config_path')
[1.032s] INFO:colcon.colcon_core.shell:Creating environment hook '/home/ubuntu-nuc/rc2_ws/install/auto_aim_interfaces/share/auto_aim_interfaces/hook/pkg_config_path.ps1'
[1.033s] INFO:colcon.colcon_core.shell:Creating environment descriptor '/home/ubuntu-nuc/rc2_ws/install/auto_aim_interfaces/share/auto_aim_interfaces/hook/pkg_config_path.dsv'
[1.035s] INFO:colcon.colcon_core.shell:Creating environment hook '/home/ubuntu-nuc/rc2_ws/install/auto_aim_interfaces/share/auto_aim_interfaces/hook/pkg_config_path.sh'
[1.037s] Level 1:colcon.colcon_core.shell:create_environment_hook('auto_aim_interfaces', 'pkg_config_path_multiarch')
[1.038s] INFO:colcon.colcon_core.shell:Creating environment hook '/home/ubuntu-nuc/rc2_ws/install/auto_aim_interfaces/share/auto_aim_interfaces/hook/pkg_config_path_multiarch.ps1'
[1.040s] INFO:colcon.colcon_core.shell:Creating environment descriptor '/home/ubuntu-nuc/rc2_ws/install/auto_aim_interfaces/share/auto_aim_interfaces/hook/pkg_config_path_multiarch.dsv'
[1.041s] INFO:colcon.colcon_core.shell:Creating environment hook '/home/ubuntu-nuc/rc2_ws/install/auto_aim_interfaces/share/auto_aim_interfaces/hook/pkg_config_path_multiarch.sh'
[1.044s] Level 1:colcon.colcon_core.environment:create_environment_scripts_only(auto_aim_interfaces)
[1.049s] Level 1:colcon.colcon_core.environment:checking '/home/ubuntu-nuc/rc2_ws/install/auto_aim_interfaces' for CMake module files
[1.050s] Level 1:colcon.colcon_core.environment:checking '/home/ubuntu-nuc/rc2_ws/install/auto_aim_interfaces' for CMake config files
[1.051s] Level 1:colcon.colcon_core.shell:create_environment_hook('auto_aim_interfaces', 'cmake_prefix_path')
[1.055s] INFO:colcon.colcon_core.shell:Creating environment hook '/home/ubuntu-nuc/rc2_ws/install/auto_aim_interfaces/share/auto_aim_interfaces/hook/cmake_prefix_path.ps1'
[1.056s] INFO:colcon.colcon_core.shell:Creating environment descriptor '/home/ubuntu-nuc/rc2_ws/install/auto_aim_interfaces/share/auto_aim_interfaces/hook/cmake_prefix_path.dsv'
[1.056s] INFO:colcon.colcon_core.shell:Creating environment hook '/home/ubuntu-nuc/rc2_ws/install/auto_aim_interfaces/share/auto_aim_interfaces/hook/cmake_prefix_path.sh'
[1.057s] Level 1:colcon.colcon_core.environment:checking '/home/ubuntu-nuc/rc2_ws/install/auto_aim_interfaces/lib'
[1.058s] Level 1:colcon.colcon_core.shell:create_environment_hook('auto_aim_interfaces', 'ld_library_path_lib')
[1.058s] INFO:colcon.colcon_core.shell:Creating environment hook '/home/ubuntu-nuc/rc2_ws/install/auto_aim_interfaces/share/auto_aim_interfaces/hook/ld_library_path_lib.ps1'
[1.059s] INFO:colcon.colcon_core.shell:Creating environment descriptor '/home/ubuntu-nuc/rc2_ws/install/auto_aim_interfaces/share/auto_aim_interfaces/hook/ld_library_path_lib.dsv'
[1.064s] INFO:colcon.colcon_core.shell:Creating environment hook '/home/ubuntu-nuc/rc2_ws/install/auto_aim_interfaces/share/auto_aim_interfaces/hook/ld_library_path_lib.sh'
[1.066s] Level 1:colcon.colcon_core.environment:checking '/home/ubuntu-nuc/rc2_ws/install/auto_aim_interfaces/bin'
[1.066s] Level 1:colcon.colcon_core.environment:checking '/home/ubuntu-nuc/rc2_ws/install/auto_aim_interfaces/lib/pkgconfig/auto_aim_interfaces.pc'
[1.067s] Level 1:colcon.colcon_core.environment:checking '/home/ubuntu-nuc/rc2_ws/install/auto_aim_interfaces/lib/python3.10/site-packages'
[1.067s] Level 1:colcon.colcon_core.environment:checking '/home/ubuntu-nuc/rc2_ws/install/auto_aim_interfaces/bin'
[1.069s] INFO:colcon.colcon_core.shell:Creating package script '/home/ubuntu-nuc/rc2_ws/install/auto_aim_interfaces/share/auto_aim_interfaces/package.ps1'
[1.073s] INFO:colcon.colcon_core.shell:Creating package descriptor '/home/ubuntu-nuc/rc2_ws/install/auto_aim_interfaces/share/auto_aim_interfaces/package.dsv'
[1.076s] INFO:colcon.colcon_core.shell:Creating package script '/home/ubuntu-nuc/rc2_ws/install/auto_aim_interfaces/share/auto_aim_interfaces/package.sh'
[1.079s] INFO:colcon.colcon_core.shell:Creating package script '/home/ubuntu-nuc/rc2_ws/install/auto_aim_interfaces/share/auto_aim_interfaces/package.bash'
[1.082s] INFO:colcon.colcon_core.shell:Creating package script '/home/ubuntu-nuc/rc2_ws/install/auto_aim_interfaces/share/auto_aim_interfaces/package.zsh'
[1.085s] Level 1:colcon.colcon_core.environment:create_file_with_runtime_dependencies(/home/ubuntu-nuc/rc2_ws/install/auto_aim_interfaces/share/colcon-core/packages/auto_aim_interfaces)
[1.086s] INFO:colcon.colcon_ros.task.catkin.build:Building ROS package in '/home/ubuntu-nuc/rc2_ws/src/meiling_control' with build type 'catkin'
[1.087s] INFO:colcon.colcon_cmake.task.cmake.build:Building CMake package in '/home/ubuntu-nuc/rc2_ws/src/meiling_control'
[1.087s] INFO:colcon.colcon_core.shell:Skip shell extension 'powershell' for command environment: Not usable outside of PowerShell
[1.087s] DEBUG:colcon.colcon_core.shell:Skip shell extension 'dsv' for command environment
[1.103s] INFO:colcon.colcon_ros.task.ament_python.build:Building ROS package in '/home/ubuntu-nuc/rc2_ws/src/meiling_detect' with build type 'ament_python'
[1.104s] Level 1:colcon.colcon_core.shell:create_environment_hook('meiling_detect', 'ament_prefix_path')
[1.104s] INFO:colcon.colcon_core.shell:Creating environment hook '/home/ubuntu-nuc/rc2_ws/install/meiling_detect/share/meiling_detect/hook/ament_prefix_path.ps1'
[1.105s] INFO:colcon.colcon_core.shell:Creating environment descriptor '/home/ubuntu-nuc/rc2_ws/install/meiling_detect/share/meiling_detect/hook/ament_prefix_path.dsv'
[1.105s] INFO:colcon.colcon_core.shell:Creating environment hook '/home/ubuntu-nuc/rc2_ws/install/meiling_detect/share/meiling_detect/hook/ament_prefix_path.sh'
[1.106s] INFO:colcon.colcon_core.shell:Skip shell extension 'powershell' for command environment: Not usable outside of PowerShell
[1.106s] DEBUG:colcon.colcon_core.shell:Skip shell extension 'dsv' for command environment
[1.128s] DEBUG:colcon.colcon_core.event_handler.log_command:Invoking command in '/home/ubuntu-nuc/rc2_ws/build/meiling_control': CMAKE_PREFIX_PATH=/home/ubuntu-nuc/rc2_ws/install/auto_aim_interfaces:${CMAKE_PREFIX_PATH} LD_LIBRARY_PATH=/home/ubuntu-nuc/rc2_ws/install/auto_aim_interfaces/lib:/opt/MVS/lib/64:/opt/MVS/lib/32:/opt/MVS/lib/64:/opt/MVS/lib/32:/usr/lib/x86_64-linux-gnu:/home/ubuntu-nuc/rc_ws/install/fast_lio/lib:/home/ubuntu-nuc/rc_ws/install/livox_ros_driver2/lib:/usr/lib/x86_64-linux-gnu/gazebo-11/plugins:/opt/ros/humble/opt/rviz_ogre_vendor/lib:/opt/ros/humble/lib/x86_64-linux-gnu:/opt/ros/humble/opt/openvdb_vendor/lib:/opt/ros/humble/lib:/opt/MVS/lib/64:/opt/MVS/lib/32 PKG_CONFIG_PATH=/home/ubuntu-nuc/rc2_ws/install/auto_aim_interfaces/lib/x86_64-linux-gnu/pkgconfig:/home/ubuntu-nuc/rc2_ws/install/auto_aim_interfaces/lib/pkgconfig PYTHONPATH=/home/ubuntu-nuc/rc2_ws/install/auto_aim_interfaces/local/lib/python3.10/dist-packages:${PYTHONPATH} ROS_PACKAGE_PATH=/home/ubuntu-nuc/rc2_ws/install/auto_aim_interfaces/share /usr/local/bin/cmake /home/ubuntu-nuc/rc2_ws/src/meiling_control -DCATKIN_INSTALL_INTO_PREFIX_ROOT=0 -DCMAKE_INSTALL_PREFIX=/home/ubuntu-nuc/rc2_ws/install/meiling_control
[1.760s] INFO:colcon.colcon_core.task.python.build:Building Python package in '/home/ubuntu-nuc/rc2_ws/src/meiling_detect'
[1.760s] INFO:colcon.colcon_core.shell:Skip shell extension 'powershell' for command environment: Not usable outside of PowerShell
[1.760s] DEBUG:colcon.colcon_core.shell:Skip shell extension 'dsv' for command environment
[2.620s] DEBUG:colcon.colcon_core.event_handler.log_command:Invoking command in '/home/ubuntu-nuc/rc2_ws/src/meiling_detect': CMAKE_PREFIX_PATH=/home/ubuntu-nuc/rc2_ws/install/auto_aim_interfaces:${CMAKE_PREFIX_PATH} LD_LIBRARY_PATH=/home/ubuntu-nuc/rc2_ws/install/auto_aim_interfaces/lib:/opt/MVS/lib/64:/opt/MVS/lib/32:/opt/MVS/lib/64:/opt/MVS/lib/32:/usr/lib/x86_64-linux-gnu:/home/ubuntu-nuc/rc_ws/install/fast_lio/lib:/home/ubuntu-nuc/rc_ws/install/livox_ros_driver2/lib:/usr/lib/x86_64-linux-gnu/gazebo-11/plugins:/opt/ros/humble/opt/rviz_ogre_vendor/lib:/opt/ros/humble/lib/x86_64-linux-gnu:/opt/ros/humble/opt/openvdb_vendor/lib:/opt/ros/humble/lib:/opt/MVS/lib/64:/opt/MVS/lib/32 PKG_CONFIG_PATH=/home/ubuntu-nuc/rc2_ws/install/auto_aim_interfaces/lib/x86_64-linux-gnu/pkgconfig:/home/ubuntu-nuc/rc2_ws/install/auto_aim_interfaces/lib/pkgconfig PYTHONPATH=/home/ubuntu-nuc/rc2_ws/build/meiling_detect/prefix_override:/usr/lib/python3/dist-packages/colcon_core/task/python/colcon_distutils_commands:/home/ubuntu-nuc/rc2_ws/install/meiling_detect/lib/python3.10/site-packages:/home/ubuntu-nuc/rc2_ws/install/auto_aim_interfaces/local/lib/python3.10/dist-packages:${PYTHONPATH} ROS_PACKAGE_PATH=/home/ubuntu-nuc/rc2_ws/install/auto_aim_interfaces/share /usr/bin/python3 -W ignore:setup.py install is deprecated -W ignore:easy_install command is deprecated setup.py egg_info --egg-base ../../build/meiling_detect build --build-base /home/ubuntu-nuc/rc2_ws/build/meiling_detect/build install --record /home/ubuntu-nuc/rc2_ws/build/meiling_detect/install.log --install-scripts $base/lib/meiling_detect --single-version-externally-managed install_data
[3.580s] Level 1:colcon.colcon_core.environment:checking '/home/ubuntu-nuc/rc2_ws/install/meiling_detect' for CMake module files
[3.581s] Level 1:colcon.colcon_core.environment:checking '/home/ubuntu-nuc/rc2_ws/install/meiling_detect' for CMake config files
[3.581s] DEBUG:colcon.colcon_core.event_handler.log_command:Invoked command in '/home/ubuntu-nuc/rc2_ws/src/meiling_detect' returned '0': CMAKE_PREFIX_PATH=/home/ubuntu-nuc/rc2_ws/install/auto_aim_interfaces:${CMAKE_PREFIX_PATH} LD_LIBRARY_PATH=/home/ubuntu-nuc/rc2_ws/install/auto_aim_interfaces/lib:/opt/MVS/lib/64:/opt/MVS/lib/32:/opt/MVS/lib/64:/opt/MVS/lib/32:/usr/lib/x86_64-linux-gnu:/home/ubuntu-nuc/rc_ws/install/fast_lio/lib:/home/ubuntu-nuc/rc_ws/install/livox_ros_driver2/lib:/usr/lib/x86_64-linux-gnu/gazebo-11/plugins:/opt/ros/humble/opt/rviz_ogre_vendor/lib:/opt/ros/humble/lib/x86_64-linux-gnu:/opt/ros/humble/opt/openvdb_vendor/lib:/opt/ros/humble/lib:/opt/MVS/lib/64:/opt/MVS/lib/32 PKG_CONFIG_PATH=/home/ubuntu-nuc/rc2_ws/install/auto_aim_interfaces/lib/x86_64-linux-gnu/pkgconfig:/home/ubuntu-nuc/rc2_ws/install/auto_aim_interfaces/lib/pkgconfig PYTHONPATH=/home/ubuntu-nuc/rc2_ws/build/meiling_detect/prefix_override:/usr/lib/python3/dist-packages/colcon_core/task/python/colcon_distutils_commands:/home/ubuntu-nuc/rc2_ws/install/meiling_detect/lib/python3.10/site-packages:/home/ubuntu-nuc/rc2_ws/install/auto_aim_interfaces/local/lib/python3.10/dist-packages:${PYTHONPATH} ROS_PACKAGE_PATH=/home/ubuntu-nuc/rc2_ws/install/auto_aim_interfaces/share /usr/bin/python3 -W ignore:setup.py install is deprecated -W ignore:easy_install command is deprecated setup.py egg_info --egg-base ../../build/meiling_detect build --build-base /home/ubuntu-nuc/rc2_ws/build/meiling_detect/build install --record /home/ubuntu-nuc/rc2_ws/build/meiling_detect/install.log --install-scripts $base/lib/meiling_detect --single-version-externally-managed install_data
[3.582s] Level 1:colcon.colcon_core.environment:checking '/home/ubuntu-nuc/rc2_ws/install/meiling_detect/lib'
[3.582s] Level 1:colcon.colcon_core.environment:checking '/home/ubuntu-nuc/rc2_ws/install/meiling_detect/bin'
[3.582s] Level 1:colcon.colcon_core.environment:checking '/home/ubuntu-nuc/rc2_ws/install/meiling_detect/lib/pkgconfig/meiling_detect.pc'
[3.582s] Level 1:colcon.colcon_core.environment:checking '/home/ubuntu-nuc/rc2_ws/install/meiling_detect/lib/python3.10/site-packages'
[3.582s] Level 1:colcon.colcon_core.shell:create_environment_hook('meiling_detect', 'pythonpath')
[3.583s] INFO:colcon.colcon_core.shell:Creating environment hook '/home/ubuntu-nuc/rc2_ws/install/meiling_detect/share/meiling_detect/hook/pythonpath.ps1'
[3.583s] INFO:colcon.colcon_core.shell:Creating environment descriptor '/home/ubuntu-nuc/rc2_ws/install/meiling_detect/share/meiling_detect/hook/pythonpath.dsv'
[3.584s] INFO:colcon.colcon_core.shell:Creating environment hook '/home/ubuntu-nuc/rc2_ws/install/meiling_detect/share/meiling_detect/hook/pythonpath.sh'
[3.584s] Level 1:colcon.colcon_core.environment:checking '/home/ubuntu-nuc/rc2_ws/install/meiling_detect/bin'
[3.584s] Level 1:colcon.colcon_core.environment:create_environment_scripts_only(meiling_detect)
[3.585s] INFO:colcon.colcon_core.shell:Creating package script '/home/ubuntu-nuc/rc2_ws/install/meiling_detect/share/meiling_detect/package.ps1'
[3.592s] INFO:colcon.colcon_core.shell:Creating package descriptor '/home/ubuntu-nuc/rc2_ws/install/meiling_detect/share/meiling_detect/package.dsv'
[3.602s] INFO:colcon.colcon_core.shell:Creating package script '/home/ubuntu-nuc/rc2_ws/install/meiling_detect/share/meiling_detect/package.sh'
[3.603s] INFO:colcon.colcon_core.shell:Creating package script '/home/ubuntu-nuc/rc2_ws/install/meiling_detect/share/meiling_detect/package.bash'
[3.603s] INFO:colcon.colcon_core.shell:Creating package script '/home/ubuntu-nuc/rc2_ws/install/meiling_detect/share/meiling_detect/package.zsh'
[3.603s] Level 1:colcon.colcon_core.environment:create_file_with_runtime_dependencies(/home/ubuntu-nuc/rc2_ws/install/meiling_detect/share/colcon-core/packages/meiling_detect)
[4.142s] DEBUG:colcon.colcon_core.event_handler.log_command:Invoked command in '/home/ubuntu-nuc/rc2_ws/build/meiling_control' returned '0': CMAKE_PREFIX_PATH=/home/ubuntu-nuc/rc2_ws/install/auto_aim_interfaces:${CMAKE_PREFIX_PATH} LD_LIBRARY_PATH=/home/ubuntu-nuc/rc2_ws/install/auto_aim_interfaces/lib:/opt/MVS/lib/64:/opt/MVS/lib/32:/opt/MVS/lib/64:/opt/MVS/lib/32:/usr/lib/x86_64-linux-gnu:/home/ubuntu-nuc/rc_ws/install/fast_lio/lib:/home/ubuntu-nuc/rc_ws/install/livox_ros_driver2/lib:/usr/lib/x86_64-linux-gnu/gazebo-11/plugins:/opt/ros/humble/opt/rviz_ogre_vendor/lib:/opt/ros/humble/lib/x86_64-linux-gnu:/opt/ros/humble/opt/openvdb_vendor/lib:/opt/ros/humble/lib:/opt/MVS/lib/64:/opt/MVS/lib/32 PKG_CONFIG_PATH=/home/ubuntu-nuc/rc2_ws/install/auto_aim_interfaces/lib/x86_64-linux-gnu/pkgconfig:/home/ubuntu-nuc/rc2_ws/install/auto_aim_interfaces/lib/pkgconfig PYTHONPATH=/home/ubuntu-nuc/rc2_ws/install/auto_aim_interfaces/local/lib/python3.10/dist-packages:${PYTHONPATH} ROS_PACKAGE_PATH=/home/ubuntu-nuc/rc2_ws/install/auto_aim_interfaces/share /usr/local/bin/cmake /home/ubuntu-nuc/rc2_ws/src/meiling_control -DCATKIN_INSTALL_INTO_PREFIX_ROOT=0 -DCMAKE_INSTALL_PREFIX=/home/ubuntu-nuc/rc2_ws/install/meiling_control
[4.142s] DEBUG:colcon.colcon_core.event_handler.log_command:Invoking command in '/home/ubuntu-nuc/rc2_ws/build/meiling_control': CMAKE_PREFIX_PATH=/home/ubuntu-nuc/rc2_ws/install/auto_aim_interfaces:${CMAKE_PREFIX_PATH} LD_LIBRARY_PATH=/home/ubuntu-nuc/rc2_ws/install/auto_aim_interfaces/lib:/opt/MVS/lib/64:/opt/MVS/lib/32:/opt/MVS/lib/64:/opt/MVS/lib/32:/usr/lib/x86_64-linux-gnu:/home/ubuntu-nuc/rc_ws/install/fast_lio/lib:/home/ubuntu-nuc/rc_ws/install/livox_ros_driver2/lib:/usr/lib/x86_64-linux-gnu/gazebo-11/plugins:/opt/ros/humble/opt/rviz_ogre_vendor/lib:/opt/ros/humble/lib/x86_64-linux-gnu:/opt/ros/humble/opt/openvdb_vendor/lib:/opt/ros/humble/lib:/opt/MVS/lib/64:/opt/MVS/lib/32 PKG_CONFIG_PATH=/home/ubuntu-nuc/rc2_ws/install/auto_aim_interfaces/lib/x86_64-linux-gnu/pkgconfig:/home/ubuntu-nuc/rc2_ws/install/auto_aim_interfaces/lib/pkgconfig PYTHONPATH=/home/ubuntu-nuc/rc2_ws/install/auto_aim_interfaces/local/lib/python3.10/dist-packages:${PYTHONPATH} ROS_PACKAGE_PATH=/home/ubuntu-nuc/rc2_ws/install/auto_aim_interfaces/share /usr/local/bin/cmake --build /home/ubuntu-nuc/rc2_ws/build/meiling_control -- -j8 -l8
[5.578s] DEBUG:colcon.colcon_core.event_handler.log_command:Invoked command in '/home/ubuntu-nuc/rc2_ws/build/interface' returned '0': CMAKE_PREFIX_PATH=${CMAKE_PREFIX_PATH}:/opt/ros/humble /usr/local/bin/cmake /home/ubuntu-nuc/rc2_ws/src/FASTLIO2_ROS2/interface -DCMAKE_INSTALL_PREFIX=/home/ubuntu-nuc/rc2_ws/install/interface
[5.578s] DEBUG:colcon.colcon_core.event_handler.log_command:Invoking command in '/home/ubuntu-nuc/rc2_ws/build/interface': CMAKE_PREFIX_PATH=${CMAKE_PREFIX_PATH}:/opt/ros/humble /usr/local/bin/cmake --build /home/ubuntu-nuc/rc2_ws/build/interface -- -j8 -l8
[12.794s] Level 1:colcon.colcon_core.environment:create_environment_scripts_only(livox_ros_driver2)
[12.795s] Level 1:colcon.colcon_core.environment:checking '/home/ubuntu-nuc/rc2_ws/install/livox_ros_driver2' for CMake module files
[12.795s] Level 1:colcon.colcon_core.environment:checking '/home/ubuntu-nuc/rc2_ws/install/livox_ros_driver2' for CMake config files
[12.795s] Level 1:colcon.colcon_core.environment:checking '/home/ubuntu-nuc/rc2_ws/install/livox_ros_driver2/bin'
[12.796s] Level 1:colcon.colcon_core.environment:checking '/home/ubuntu-nuc/rc2_ws/install/livox_ros_driver2/lib/pkgconfig/livox_ros_driver2.pc'
[12.796s] Level 1:colcon.colcon_core.environment:checking '/home/ubuntu-nuc/rc2_ws/install/livox_ros_driver2/lib/python3.10/site-packages'
[12.796s] Level 1:colcon.colcon_core.environment:checking '/home/ubuntu-nuc/rc2_ws/install/livox_ros_driver2/bin'
[12.797s] INFO:colcon.colcon_core.shell:Creating package script '/home/ubuntu-nuc/rc2_ws/install/livox_ros_driver2/share/livox_ros_driver2/package.ps1'
[12.801s] INFO:colcon.colcon_core.shell:Creating package descriptor '/home/ubuntu-nuc/rc2_ws/install/livox_ros_driver2/share/livox_ros_driver2/package.dsv'
[12.802s] INFO:colcon.colcon_core.shell:Creating package script '/home/ubuntu-nuc/rc2_ws/install/livox_ros_driver2/share/livox_ros_driver2/package.sh'
[12.802s] INFO:colcon.colcon_core.shell:Creating package script '/home/ubuntu-nuc/rc2_ws/install/livox_ros_driver2/share/livox_ros_driver2/package.bash'
[12.803s] INFO:colcon.colcon_core.shell:Creating package script '/home/ubuntu-nuc/rc2_ws/install/livox_ros_driver2/share/livox_ros_driver2/package.zsh'
[12.812s] DEBUG:colcon.colcon_core.event_handler.log_command:Invoked command in '/home/ubuntu-nuc/rc2_ws/build/livox_ros_driver2' returned '-15': CMAKE_PREFIX_PATH=${CMAKE_PREFIX_PATH}:/opt/ros/humble /usr/local/bin/cmake /home/ubuntu-nuc/rc2_ws/src/livox_ros_driver2 -DCMAKE_INSTALL_PREFIX=/home/ubuntu-nuc/rc2_ws/install/livox_ros_driver2
[12.812s] Level 1:colcon.colcon_core.environment:create_file_with_runtime_dependencies(/home/ubuntu-nuc/rc2_ws/install/livox_ros_driver2/share/colcon-core/packages/livox_ros_driver2)
[31.459s] DEBUG:colcon.colcon_parallel_executor.executor.parallel:closing loop
[31.459s] DEBUG:colcon.colcon_parallel_executor.executor.parallel:loop closed
[31.459s] DEBUG:colcon.colcon_parallel_executor.executor.parallel:run_until_complete finished with '-15'
[31.459s] DEBUG:colcon.colcon_core.event_reactor:joining thread
[31.463s] INFO:colcon.colcon_core.plugin_system:Skipping extension 'colcon_notification.desktop_notification.terminal_notifier': Not used on non-Darwin systems
[31.463s] INFO:colcon.colcon_core.plugin_system:Skipping extension 'colcon_notification.desktop_notification.win32': Not used on non-Windows systems
[31.463s] INFO:colcon.colcon_notification.desktop_notification:Sending desktop notification using 'notify2'
[31.471s] DEBUG:colcon.colcon_core.event_reactor:joined thread
[31.471s] INFO:colcon.colcon_core.shell:Creating prefix script '/home/ubuntu-nuc/rc2_ws/install/local_setup.ps1'
[31.472s] INFO:colcon.colcon_core.shell:Creating prefix util module '/home/ubuntu-nuc/rc2_ws/install/_local_setup_util_ps1.py'
[31.473s] INFO:colcon.colcon_core.shell:Creating prefix chain script '/home/ubuntu-nuc/rc2_ws/install/setup.ps1'
[31.474s] INFO:colcon.colcon_core.shell:Creating prefix script '/home/ubuntu-nuc/rc2_ws/install/local_setup.sh'
[31.475s] INFO:colcon.colcon_core.shell:Creating prefix util module '/home/ubuntu-nuc/rc2_ws/install/_local_setup_util_sh.py'
[31.475s] INFO:colcon.colcon_core.shell:Creating prefix chain script '/home/ubuntu-nuc/rc2_ws/install/setup.sh'
[31.476s] INFO:colcon.colcon_core.shell:Creating prefix script '/home/ubuntu-nuc/rc2_ws/install/local_setup.bash'
[31.477s] INFO:colcon.colcon_core.shell:Creating prefix chain script '/home/ubuntu-nuc/rc2_ws/install/setup.bash'
[31.478s] INFO:colcon.colcon_core.shell:Creating prefix script '/home/ubuntu-nuc/rc2_ws/install/local_setup.zsh'
[31.479s] INFO:colcon.colcon_core.shell:Creating prefix chain script '/home/ubuntu-nuc/rc2_ws/install/setup.zsh'
