[0.027s] Invoking command in '/home/ubuntu-nuc/rc2_ws/build/localizer': CMAKE_PREFIX_PATH=/home/ubuntu-nuc/rc2_ws/install/interface:/home/ubuntu-nuc/rc2_ws/install/pgo:/home/ubuntu-nuc/rc2_ws/install/meiling_detect:/opt/ros/humble:/home/ubuntu-nuc/rc2_ws/install/meiling_control:/home/ubuntu-nuc/rc2_ws/install/localizer:/home/ubuntu-nuc/rc2_ws/install/fastlio2:/home/ubuntu-nuc/rc2_ws/install/livox_ros_driver2:/home/ubuntu-nuc/rc2_ws/install/hba:/home/ubuntu-nuc/rc2_ws/install/auto_aim_interfaces:/home/ubuntu-nuc/rc_ws/install/fast_lio:/home/ubuntu-nuc/rc_ws/install/livox_ros_driver2 LD_LIBRARY_PATH=/home/ubuntu-nuc/rc2_ws/install/interface/lib:/opt/MVS/lib/64:/opt/MVS/lib/32:/opt/MVS/lib/64:/opt/MVS/lib/32:/usr/lib/x86_64-linux-gnu:/home/ubuntu-nuc/rc2_ws/install/livox_sdk2/lib:/home/ubuntu-nuc/rc2_ws/install/livox_ros_driver2/lib:/home/ubuntu-nuc/rc2_ws/install/auto_aim_interfaces/lib:/home/ubuntu-nuc/rc_ws/install/fast_lio/lib:/home/ubuntu-nuc/rc_ws/install/livox_ros_driver2/lib:/usr/lib/x86_64-linux-gnu/gazebo-11/plugins:/opt/ros/humble/opt/rviz_ogre_vendor/lib:/opt/ros/humble/lib/x86_64-linux-gnu:/opt/ros/humble/opt/openvdb_vendor/lib:/opt/ros/humble/lib:/opt/MVS/lib/64:/opt/MVS/lib/32 /usr/local/bin/cmake --build /home/ubuntu-nuc/rc2_ws/build/localizer -- -j8 -l8
[0.070s] [100%] Built target localizer_node
[0.076s] Invoked command in '/home/ubuntu-nuc/rc2_ws/build/localizer' returned '0': CMAKE_PREFIX_PATH=/home/ubuntu-nuc/rc2_ws/install/interface:/home/ubuntu-nuc/rc2_ws/install/pgo:/home/ubuntu-nuc/rc2_ws/install/meiling_detect:/opt/ros/humble:/home/ubuntu-nuc/rc2_ws/install/meiling_control:/home/ubuntu-nuc/rc2_ws/install/localizer:/home/ubuntu-nuc/rc2_ws/install/fastlio2:/home/ubuntu-nuc/rc2_ws/install/livox_ros_driver2:/home/ubuntu-nuc/rc2_ws/install/hba:/home/ubuntu-nuc/rc2_ws/install/auto_aim_interfaces:/home/ubuntu-nuc/rc_ws/install/fast_lio:/home/ubuntu-nuc/rc_ws/install/livox_ros_driver2 LD_LIBRARY_PATH=/home/ubuntu-nuc/rc2_ws/install/interface/lib:/opt/MVS/lib/64:/opt/MVS/lib/32:/opt/MVS/lib/64:/opt/MVS/lib/32:/usr/lib/x86_64-linux-gnu:/home/ubuntu-nuc/rc2_ws/install/livox_sdk2/lib:/home/ubuntu-nuc/rc2_ws/install/livox_ros_driver2/lib:/home/ubuntu-nuc/rc2_ws/install/auto_aim_interfaces/lib:/home/ubuntu-nuc/rc_ws/install/fast_lio/lib:/home/ubuntu-nuc/rc_ws/install/livox_ros_driver2/lib:/usr/lib/x86_64-linux-gnu/gazebo-11/plugins:/opt/ros/humble/opt/rviz_ogre_vendor/lib:/opt/ros/humble/lib/x86_64-linux-gnu:/opt/ros/humble/opt/openvdb_vendor/lib:/opt/ros/humble/lib:/opt/MVS/lib/64:/opt/MVS/lib/32 /usr/local/bin/cmake --build /home/ubuntu-nuc/rc2_ws/build/localizer -- -j8 -l8
[0.078s] Invoking command in '/home/ubuntu-nuc/rc2_ws/build/localizer': CMAKE_PREFIX_PATH=/home/ubuntu-nuc/rc2_ws/install/interface:/home/ubuntu-nuc/rc2_ws/install/pgo:/home/ubuntu-nuc/rc2_ws/install/meiling_detect:/opt/ros/humble:/home/ubuntu-nuc/rc2_ws/install/meiling_control:/home/ubuntu-nuc/rc2_ws/install/localizer:/home/ubuntu-nuc/rc2_ws/install/fastlio2:/home/ubuntu-nuc/rc2_ws/install/livox_ros_driver2:/home/ubuntu-nuc/rc2_ws/install/hba:/home/ubuntu-nuc/rc2_ws/install/auto_aim_interfaces:/home/ubuntu-nuc/rc_ws/install/fast_lio:/home/ubuntu-nuc/rc_ws/install/livox_ros_driver2 LD_LIBRARY_PATH=/home/ubuntu-nuc/rc2_ws/install/interface/lib:/opt/MVS/lib/64:/opt/MVS/lib/32:/opt/MVS/lib/64:/opt/MVS/lib/32:/usr/lib/x86_64-linux-gnu:/home/ubuntu-nuc/rc2_ws/install/livox_sdk2/lib:/home/ubuntu-nuc/rc2_ws/install/livox_ros_driver2/lib:/home/ubuntu-nuc/rc2_ws/install/auto_aim_interfaces/lib:/home/ubuntu-nuc/rc_ws/install/fast_lio/lib:/home/ubuntu-nuc/rc_ws/install/livox_ros_driver2/lib:/usr/lib/x86_64-linux-gnu/gazebo-11/plugins:/opt/ros/humble/opt/rviz_ogre_vendor/lib:/opt/ros/humble/lib/x86_64-linux-gnu:/opt/ros/humble/opt/openvdb_vendor/lib:/opt/ros/humble/lib:/opt/MVS/lib/64:/opt/MVS/lib/32 /usr/local/bin/cmake --install /home/ubuntu-nuc/rc2_ws/build/localizer
[0.081s] -- Install configuration: "Release"
[0.081s] -- Up-to-date: /home/ubuntu-nuc/rc2_ws/install/localizer/lib/localizer/localizer_node
[0.082s] -- Up-to-date: /home/ubuntu-nuc/rc2_ws/install/localizer/share/localizer/launch
[0.082s] -- Up-to-date: /home/ubuntu-nuc/rc2_ws/install/localizer/share/localizer/launch/localizer_launch.py
[0.082s] -- Up-to-date: /home/ubuntu-nuc/rc2_ws/install/localizer/share/localizer/config
[0.082s] -- Up-to-date: /home/ubuntu-nuc/rc2_ws/install/localizer/share/localizer/config/localizer.yaml
[0.082s] -- Up-to-date: /home/ubuntu-nuc/rc2_ws/install/localizer/share/localizer/rviz
[0.082s] -- Up-to-date: /home/ubuntu-nuc/rc2_ws/install/localizer/share/localizer/rviz/localizer.rviz
[0.082s] -- Up-to-date: /home/ubuntu-nuc/rc2_ws/install/localizer/share/ament_index/resource_index/package_run_dependencies/localizer
[0.082s] -- Up-to-date: /home/ubuntu-nuc/rc2_ws/install/localizer/share/ament_index/resource_index/parent_prefix_path/localizer
[0.083s] -- Up-to-date: /home/ubuntu-nuc/rc2_ws/install/localizer/share/localizer/environment/ament_prefix_path.sh
[0.083s] -- Up-to-date: /home/ubuntu-nuc/rc2_ws/install/localizer/share/localizer/environment/ament_prefix_path.dsv
[0.083s] -- Up-to-date: /home/ubuntu-nuc/rc2_ws/install/localizer/share/localizer/environment/path.sh
[0.083s] -- Up-to-date: /home/ubuntu-nuc/rc2_ws/install/localizer/share/localizer/environment/path.dsv
[0.083s] -- Up-to-date: /home/ubuntu-nuc/rc2_ws/install/localizer/share/localizer/local_setup.bash
[0.083s] -- Up-to-date: /home/ubuntu-nuc/rc2_ws/install/localizer/share/localizer/local_setup.sh
[0.083s] -- Up-to-date: /home/ubuntu-nuc/rc2_ws/install/localizer/share/localizer/local_setup.zsh
[0.083s] -- Up-to-date: /home/ubuntu-nuc/rc2_ws/install/localizer/share/localizer/local_setup.dsv
[0.083s] -- Installing: /home/ubuntu-nuc/rc2_ws/install/localizer/share/localizer/package.dsv
[0.083s] -- Up-to-date: /home/ubuntu-nuc/rc2_ws/install/localizer/share/ament_index/resource_index/packages/localizer
[0.083s] -- Up-to-date: /home/ubuntu-nuc/rc2_ws/install/localizer/share/localizer/cmake/localizerConfig.cmake
[0.083s] -- Up-to-date: /home/ubuntu-nuc/rc2_ws/install/localizer/share/localizer/cmake/localizerConfig-version.cmake
[0.083s] -- Up-to-date: /home/ubuntu-nuc/rc2_ws/install/localizer/share/localizer/package.xml
[0.097s] Invoked command in '/home/ubuntu-nuc/rc2_ws/build/localizer' returned '0': CMAKE_PREFIX_PATH=/home/ubuntu-nuc/rc2_ws/install/interface:/home/ubuntu-nuc/rc2_ws/install/pgo:/home/ubuntu-nuc/rc2_ws/install/meiling_detect:/opt/ros/humble:/home/ubuntu-nuc/rc2_ws/install/meiling_control:/home/ubuntu-nuc/rc2_ws/install/localizer:/home/ubuntu-nuc/rc2_ws/install/fastlio2:/home/ubuntu-nuc/rc2_ws/install/livox_ros_driver2:/home/ubuntu-nuc/rc2_ws/install/hba:/home/ubuntu-nuc/rc2_ws/install/auto_aim_interfaces:/home/ubuntu-nuc/rc_ws/install/fast_lio:/home/ubuntu-nuc/rc_ws/install/livox_ros_driver2 LD_LIBRARY_PATH=/home/ubuntu-nuc/rc2_ws/install/interface/lib:/opt/MVS/lib/64:/opt/MVS/lib/32:/opt/MVS/lib/64:/opt/MVS/lib/32:/usr/lib/x86_64-linux-gnu:/home/ubuntu-nuc/rc2_ws/install/livox_sdk2/lib:/home/ubuntu-nuc/rc2_ws/install/livox_ros_driver2/lib:/home/ubuntu-nuc/rc2_ws/install/auto_aim_interfaces/lib:/home/ubuntu-nuc/rc_ws/install/fast_lio/lib:/home/ubuntu-nuc/rc_ws/install/livox_ros_driver2/lib:/usr/lib/x86_64-linux-gnu/gazebo-11/plugins:/opt/ros/humble/opt/rviz_ogre_vendor/lib:/opt/ros/humble/lib/x86_64-linux-gnu:/opt/ros/humble/opt/openvdb_vendor/lib:/opt/ros/humble/lib:/opt/MVS/lib/64:/opt/MVS/lib/32 /usr/local/bin/cmake --install /home/ubuntu-nuc/rc2_ws/build/localizer
