[0mCMake Deprecation Warning at CMakeLists.txt:1 (cmake_minimum_required):
  Compatibility with CMake < 3.10 will be removed from a future version of
  CMake.

  Update the VERSION argument <min> value.  Or, use the <min>...<max> syntax
  to tell CMake that the project requires at least <min> but has been updated
  to work with policies introduced by <max> or earlier.

[0m
[33mCMake Warning:
  Manually-specified variables were not used by the project:

    CATKIN_INSTALL_INTO_PREFIX_ROOT

[0m
[01m[K/home/ubuntu-nuc/rc2_ws/src/meiling_control/src/meiling_node.cpp:[m[K In constructor ‘[01m[KSUM::SUM()[m[K’:
[01m[K/home/ubuntu-nuc/rc2_ws/src/meiling_control/src/meiling_node.cpp:46:41:[m[K [01;31m[Kerror: [m[Kno matching function for call to ‘[01m[Kgez::gez(float&, float&, int&, std::tuple<float, float>&)[m[K’
   46 |             ff.push_back(gez(c_x,c_y,t,h[01;31m[K)[m[K);
      |                                         [01;31m[K^[m[K
In file included from [01m[K/home/ubuntu-nuc/rc2_ws/src/meiling_control/src/meiling_node.cpp:1[m[K:
[01m[K/home/ubuntu-nuc/rc2_ws/src/meiling_control/include/meiling_control/luoji.h:33:9:[m[K [01;36m[Knote: [m[Kcandidate: ‘[01m[Kgez::gez(float, float, int, std::vector<std::vector<int> >)[m[K’
   33 |         [01;36m[Kgez[m[K(float x,float y,int t,vector<vector<int>> h);
      |         [01;36m[K^~~[m[K
[01m[K/home/ubuntu-nuc/rc2_ws/src/meiling_control/include/meiling_control/luoji.h:33:55:[m[K [01;36m[Knote: [m[K  no known conversion for argument 4 from ‘[01m[Kstd::tuple<float, float>[m[K’ to ‘[01m[Kstd::vector<std::vector<int> >[m[K’
   33 |         gez(float x,float y,int t,[01;36m[Kvector<vector<int>> h[m[K);
      |                                   [01;36m[K~~~~~~~~~~~~~~~~~~~~^[m[K
[01m[K/home/ubuntu-nuc/rc2_ws/src/meiling_control/include/meiling_control/luoji.h:32:9:[m[K [01;36m[Knote: [m[Kcandidate: ‘[01m[Kgez::gez()[m[K’
   32 |         [01;36m[Kgez[m[K();
      |         [01;36m[K^~~[m[K
[01m[K/home/ubuntu-nuc/rc2_ws/src/meiling_control/include/meiling_control/luoji.h:32:9:[m[K [01;36m[Knote: [m[K  candidate expects 0 arguments, 4 provided
[01m[K/home/ubuntu-nuc/rc2_ws/src/meiling_control/include/meiling_control/luoji.h:30:7:[m[K [01;36m[Knote: [m[Kcandidate: ‘[01m[Kconstexpr gez::gez(const gez&)[m[K’
   30 | class [01;36m[Kgez[m[K{
      |       [01;36m[K^~~[m[K
[01m[K/home/ubuntu-nuc/rc2_ws/src/meiling_control/include/meiling_control/luoji.h:30:7:[m[K [01;36m[Knote: [m[K  candidate expects 1 argument, 4 provided
gmake[2]: *** [CMakeFiles/meiling_node.dir/build.make:79: CMakeFiles/meiling_node.dir/src/meiling_node.cpp.o] Error 1
gmake[1]: *** [CMakeFiles/Makefile2:153: CMakeFiles/meiling_node.dir/all] Error 2
gmake: *** [Makefile:146: all] Error 2
