[0.006s] Invoking command in '/home/ubuntu-nuc/rc2_ws/build/auto_aim_interfaces': /usr/local/bin/cmake /home/ubuntu-nuc/rc2_ws/src/auto_aim_interfaces -DCATKIN_INSTALL_INTO_PREFIX_ROOT=0 -DCMAKE_INSTALL_PREFIX=/home/ubuntu-nuc/rc2_ws/install/auto_aim_interfaces
[0.009s] CMake Deprecation Warning at CMakeLists.txt:1 (cmake_minimum_required):
[0.009s]   Compatibility with CMake < 3.10 will be removed from a future version of
[0.009s]   CMake.
[0.009s] 
[0.009s]   Update the VERSION argument <min> value.  Or, use the <min>...<max> syntax
[0.009s]   to tell CMake that the project requires at least <min> but has been updated
[0.009s]   to work with policies introduced by <max> or earlier.
[0.009s] 
[0.009s] 
[0.040s] -- The C compiler identification is GNU 11.4.0
[0.092s] -- The CXX compiler identification is GNU 11.4.0
[0.100s] -- Detecting C compiler ABI info
[0.144s] -- Detecting C compiler ABI info - done
[0.158s] -- Check for working C compiler: /usr/bin/cc - skipped
[0.158s] -- Detecting C compile features
[0.158s] -- Detecting C compile features - done
[0.167s] -- Detecting CXX compiler ABI info
[0.224s] -- Detecting CXX compiler ABI info - done
[0.236s] -- Check for working CXX compiler: /usr/bin/c++ - skipped
[0.237s] -- Detecting CXX compile features
[0.237s] -- Detecting CXX compile features - done
[0.243s] -- Found ament_cmake: 1.3.12 (/opt/ros/humble/share/ament_cmake/cmake)
[0.325s] -- Found Python3: /usr/bin/python3 (found version "3.10.12") found components: Interpreter
[0.395s] -- Found rosidl_default_generators: 1.2.0 (/opt/ros/humble/share/rosidl_default_generators/cmake)
[0.398s] -- Using all available rosidl_typesupport_c: rosidl_typesupport_fastrtps_c;rosidl_typesupport_introspection_c
[0.404s] -- Found rosidl_adapter: 3.1.7 (/opt/ros/humble/share/rosidl_adapter/cmake)
[0.438s] -- Using all available rosidl_typesupport_cpp: rosidl_typesupport_fastrtps_cpp;rosidl_typesupport_introspection_cpp
[0.743s] -- Found ament_cmake_ros: 0.10.0 (/opt/ros/humble/share/ament_cmake_ros/cmake)
[0.989s] -- Using all available rosidl_typesupport_c: rosidl_typesupport_fastrtps_c;rosidl_typesupport_introspection_c
[1.315s] -- Using all available rosidl_typesupport_cpp: rosidl_typesupport_fastrtps_cpp;rosidl_typesupport_introspection_cpp
[1.317s] CMake Warning (dev) at /opt/ros/humble/share/rosidl_generator_py/cmake/rosidl_generator_py_generate_interfaces.cmake:20 (find_package):
[1.317s]   Policy CMP0148 is not set: The FindPythonInterp and FindPythonLibs modules
[1.317s]   are removed.  Run "cmake --help-policy CMP0148" for policy details.  Use
[1.317s]   the cmake_policy command to set the policy and suppress this warning.
[1.317s] 
[1.317s] Call Stack (most recent call first):
[1.317s]   /opt/ros/humble/share/ament_cmake_core/cmake/core/ament_execute_extensions.cmake:48 (include)
[1.317s]   /opt/ros/humble/share/rosidl_cmake/cmake/rosidl_generate_interfaces.cmake:286 (ament_execute_extensions)
[1.317s]   CMakeLists.txt:7 (rosidl_generate_interfaces)
[1.317s] This warning is for project developers.  Use -Wno-dev to suppress it.
[1.317s] 
[1.329s] -- Found PythonInterp: /usr/bin/python3 (found suitable version "3.10.12", minimum required is "3.6")
[1.332s] -- Found python_cmake_module: 0.10.0 (/opt/ros/humble/share/python_cmake_module/cmake)
[1.332s] CMake Warning (dev) at /opt/ros/humble/share/python_cmake_module/cmake/Modules/FindPythonExtra.cmake:52 (find_package):
[1.332s]   Policy CMP0148 is not set: The FindPythonInterp and FindPythonLibs modules
[1.332s]   are removed.  Run "cmake --help-policy CMP0148" for policy details.  Use
[1.332s]   the cmake_policy command to set the policy and suppress this warning.
[1.332s] 
[1.332s] Call Stack (most recent call first):
[1.332s]   /opt/ros/humble/share/rosidl_generator_py/cmake/rosidl_generator_py_generate_interfaces.cmake:23 (find_package)
[1.332s]   /opt/ros/humble/share/ament_cmake_core/cmake/core/ament_execute_extensions.cmake:48 (include)
[1.332s]   /opt/ros/humble/share/rosidl_cmake/cmake/rosidl_generate_interfaces.cmake:286 (ament_execute_extensions)
[1.332s]   CMakeLists.txt:7 (rosidl_generate_interfaces)
[1.332s] This warning is for project developers.  Use -Wno-dev to suppress it.
[1.332s] 
[1.344s] CMake Warning (dev) at /opt/ros/humble/share/python_cmake_module/cmake/Modules/FindPythonExtra.cmake:140 (find_package):
[1.344s]   Policy CMP0148 is not set: The FindPythonInterp and FindPythonLibs modules
[1.344s]   are removed.  Run "cmake --help-policy CMP0148" for policy details.  Use
[1.344s]   the cmake_policy command to set the policy and suppress this warning.
[1.344s] 
[1.344s] Call Stack (most recent call first):
[1.344s]   /opt/ros/humble/share/rosidl_generator_py/cmake/rosidl_generator_py_generate_interfaces.cmake:23 (find_package)
[1.344s]   /opt/ros/humble/share/ament_cmake_core/cmake/core/ament_execute_extensions.cmake:48 (include)
[1.344s]   /opt/ros/humble/share/rosidl_cmake/cmake/rosidl_generate_interfaces.cmake:286 (ament_execute_extensions)
[1.345s]   CMakeLists.txt:7 (rosidl_generate_interfaces)
[1.345s] This warning is for project developers.  Use -Wno-dev to suppress it.
[1.345s] 
[1.350s] -- Found PythonLibs: /usr/lib/x86_64-linux-gnu/libpython3.10.so (found suitable version "3.10.12", minimum required is "3.5")
[1.350s] -- Using PYTHON_EXECUTABLE: /usr/bin/python3
[1.350s] -- Using PYTHON_INCLUDE_DIRS: /usr/include/python3.10
[1.350s] -- Using PYTHON_LIBRARIES: /usr/lib/x86_64-linux-gnu/libpython3.10.so
[1.363s] -- Found PythonExtra: .so
[1.389s] -- Configuring done (1.4s)
[1.412s] -- Generating done (0.0s)
[1.412s] CMake Warning:
[1.412s]   Manually-specified variables were not used by the project:
[1.412s] 
[1.412s]     CATKIN_INSTALL_INTO_PREFIX_ROOT
[1.412s] 
[1.412s] 
[1.418s] -- Build files have been written to: /home/ubuntu-nuc/rc2_ws/build/auto_aim_interfaces
[1.422s] Invoked command in '/home/ubuntu-nuc/rc2_ws/build/auto_aim_interfaces' returned '0': /usr/local/bin/cmake /home/ubuntu-nuc/rc2_ws/src/auto_aim_interfaces -DCATKIN_INSTALL_INTO_PREFIX_ROOT=0 -DCMAKE_INSTALL_PREFIX=/home/ubuntu-nuc/rc2_ws/install/auto_aim_interfaces
[1.423s] Invoking command in '/home/ubuntu-nuc/rc2_ws/build/auto_aim_interfaces': /usr/local/bin/cmake --build /home/ubuntu-nuc/rc2_ws/build/auto_aim_interfaces -- -j8 -l8
[1.440s] [  2%] Generating C code for ROS interfaces
[1.444s] [  4%] Generating C++ code for ROS interfaces
[1.446s] [  4%] Built target ament_cmake_python_copy_auto_aim_interfaces
[1.630s] running egg_info
[1.630s] creating auto_aim_interfaces.egg-info
[1.630s] writing auto_aim_interfaces.egg-info/PKG-INFO
[1.630s] writing dependency_links to auto_aim_interfaces.egg-info/dependency_links.txt
[1.631s] writing top-level names to auto_aim_interfaces.egg-info/top_level.txt
[1.631s] writing manifest file 'auto_aim_interfaces.egg-info/SOURCES.txt'
[1.632s] reading manifest file 'auto_aim_interfaces.egg-info/SOURCES.txt'
[1.633s] writing manifest file 'auto_aim_interfaces.egg-info/SOURCES.txt'
[1.650s] [  4%] Built target ament_cmake_python_build_auto_aim_interfaces_egg
[1.694s] [ 10%] Building C object CMakeFiles/auto_aim_interfaces__rosidl_generator_c.dir/rosidl_generator_c/auto_aim_interfaces/msg/detail/target__functions.c.o
[1.694s] [ 10%] Building C object CMakeFiles/auto_aim_interfaces__rosidl_generator_c.dir/rosidl_generator_c/auto_aim_interfaces/msg/detail/fas__functions.c.o
[1.694s] [ 10%] Building C object CMakeFiles/auto_aim_interfaces__rosidl_generator_c.dir/rosidl_generator_c/auto_aim_interfaces/msg/detail/offset__functions.c.o
[1.715s] [ 10%] Built target auto_aim_interfaces__cpp
[1.719s] [ 12%] Generating C++ type support for eProsima Fast-RTPS
[1.721s] [ 17%] Generating C++ introspection for ROS interfaces
[1.721s] [ 17%] Generating C++ type support dispatch for ROS interfaces
[1.728s] [ 19%] Linking C shared library libauto_aim_interfaces__rosidl_generator_c.so
[1.749s] [ 19%] Built target auto_aim_interfaces__rosidl_generator_c
[1.754s] [ 21%] Generating C introspection for ROS interfaces
[1.754s] [ 25%] Generating C type support for eProsima Fast-RTPS
[1.754s] [ 25%] Generating C type support dispatch for ROS interfaces
[1.947s] [ 27%] Building CXX object CMakeFiles/auto_aim_interfaces__rosidl_typesupport_introspection_cpp.dir/rosidl_typesupport_introspection_cpp/auto_aim_interfaces/msg/detail/fas__type_support.cpp.o
[1.947s] [ 29%] Building CXX object CMakeFiles/auto_aim_interfaces__rosidl_typesupport_introspection_cpp.dir/rosidl_typesupport_introspection_cpp/auto_aim_interfaces/msg/detail/target__type_support.cpp.o
[1.949s] [ 31%] Building CXX object CMakeFiles/auto_aim_interfaces__rosidl_typesupport_introspection_cpp.dir/rosidl_typesupport_introspection_cpp/auto_aim_interfaces/msg/detail/offset__type_support.cpp.o
[2.045s] [ 34%] Building CXX object CMakeFiles/auto_aim_interfaces__rosidl_typesupport_cpp.dir/rosidl_typesupport_cpp/auto_aim_interfaces/msg/fas__type_support.cpp.o
[2.046s] [ 36%] Building CXX object CMakeFiles/auto_aim_interfaces__rosidl_typesupport_fastrtps_c.dir/rosidl_typesupport_fastrtps_c/auto_aim_interfaces/msg/detail/fas__type_support_c.cpp.o
[2.089s] [ 38%] Building CXX object CMakeFiles/auto_aim_interfaces__rosidl_typesupport_c.dir/rosidl_typesupport_c/auto_aim_interfaces/msg/fas__type_support.cpp.o
[2.115s] [ 40%] Building CXX object CMakeFiles/auto_aim_interfaces__rosidl_typesupport_c.dir/rosidl_typesupport_c/auto_aim_interfaces/msg/target__type_support.cpp.o
[2.145s] [ 42%] Building CXX object CMakeFiles/auto_aim_interfaces__rosidl_typesupport_c.dir/rosidl_typesupport_c/auto_aim_interfaces/msg/offset__type_support.cpp.o
[2.155s] [ 44%] Building CXX object CMakeFiles/auto_aim_interfaces__rosidl_typesupport_fastrtps_cpp.dir/rosidl_typesupport_fastrtps_cpp/auto_aim_interfaces/msg/detail/dds_fastrtps/fas__type_support.cpp.o
[2.176s] [ 46%] Linking CXX shared library libauto_aim_interfaces__rosidl_typesupport_c.so
[2.183s] [ 48%] Building C object CMakeFiles/auto_aim_interfaces__rosidl_typesupport_introspection_c.dir/rosidl_typesupport_introspection_c/auto_aim_interfaces/msg/detail/fas__type_support.c.o
[2.212s] [ 48%] Built target auto_aim_interfaces__rosidl_typesupport_c
[2.215s] [ 51%] Building C object CMakeFiles/auto_aim_interfaces__rosidl_typesupport_introspection_c.dir/rosidl_typesupport_introspection_c/auto_aim_interfaces/msg/detail/target__type_support.c.o
[2.218s] [ 53%] Building CXX object CMakeFiles/auto_aim_interfaces__rosidl_typesupport_fastrtps_c.dir/rosidl_typesupport_fastrtps_c/auto_aim_interfaces/msg/detail/target__type_support_c.cpp.o
[2.247s] [ 55%] Building C object CMakeFiles/auto_aim_interfaces__rosidl_typesupport_introspection_c.dir/rosidl_typesupport_introspection_c/auto_aim_interfaces/msg/detail/offset__type_support.c.o
[2.281s] [ 57%] Linking C shared library libauto_aim_interfaces__rosidl_typesupport_introspection_c.so
[2.312s] [ 57%] Built target auto_aim_interfaces__rosidl_typesupport_introspection_c
[2.316s] [ 59%] Building CXX object CMakeFiles/auto_aim_interfaces__rosidl_typesupport_cpp.dir/rosidl_typesupport_cpp/auto_aim_interfaces/msg/target__type_support.cpp.o
[2.329s] [ 61%] Building CXX object CMakeFiles/auto_aim_interfaces__rosidl_typesupport_fastrtps_cpp.dir/rosidl_typesupport_fastrtps_cpp/auto_aim_interfaces/msg/detail/dds_fastrtps/target__type_support.cpp.o
[2.367s] [ 63%] Building CXX object CMakeFiles/auto_aim_interfaces__rosidl_typesupport_fastrtps_c.dir/rosidl_typesupport_fastrtps_c/auto_aim_interfaces/msg/detail/offset__type_support_c.cpp.o
[2.379s] [ 65%] Building CXX object CMakeFiles/auto_aim_interfaces__rosidl_typesupport_cpp.dir/rosidl_typesupport_cpp/auto_aim_interfaces/msg/offset__type_support.cpp.o
[2.425s] [ 68%] Linking CXX shared library libauto_aim_interfaces__rosidl_typesupport_introspection_cpp.so
[2.470s] [ 70%] Building CXX object CMakeFiles/auto_aim_interfaces__rosidl_typesupport_fastrtps_cpp.dir/rosidl_typesupport_fastrtps_cpp/auto_aim_interfaces/msg/detail/dds_fastrtps/offset__type_support.cpp.o
[2.470s] [ 70%] Built target auto_aim_interfaces__rosidl_typesupport_introspection_cpp
[2.666s] [ 72%] Linking CXX shared library libauto_aim_interfaces__rosidl_typesupport_cpp.so
[2.693s] [ 72%] Built target auto_aim_interfaces__rosidl_typesupport_cpp
[2.720s] [ 74%] Linking CXX shared library libauto_aim_interfaces__rosidl_typesupport_fastrtps_c.so
[2.770s] [ 74%] Built target auto_aim_interfaces__rosidl_typesupport_fastrtps_c
[2.828s] [ 76%] Linking CXX shared library libauto_aim_interfaces__rosidl_typesupport_fastrtps_cpp.so
[2.877s] [ 76%] Built target auto_aim_interfaces__rosidl_typesupport_fastrtps_cpp
[2.884s] [ 76%] Built target auto_aim_interfaces
[2.893s] [ 78%] Generating Python code for ROS interfaces
[3.221s] [ 78%] Built target auto_aim_interfaces__py
[3.228s] [ 80%] Building C object CMakeFiles/auto_aim_interfaces__rosidl_generator_py.dir/rosidl_generator_py/auto_aim_interfaces/msg/_fas_s.c.o
[3.228s] [ 82%] Building C object CMakeFiles/auto_aim_interfaces__rosidl_generator_py.dir/rosidl_generator_py/auto_aim_interfaces/msg/_target_s.c.o
[3.229s] [ 85%] Building C object CMakeFiles/auto_aim_interfaces__rosidl_generator_py.dir/rosidl_generator_py/auto_aim_interfaces/msg/_offset_s.c.o
[3.297s] [ 87%] Linking C shared library rosidl_generator_py/auto_aim_interfaces/libauto_aim_interfaces__rosidl_generator_py.so
[3.318s] [ 87%] Built target auto_aim_interfaces__rosidl_generator_py
[3.326s] [ 91%] Building C object CMakeFiles/auto_aim_interfaces__rosidl_typesupport_c__pyext.dir/rosidl_generator_py/auto_aim_interfaces/_auto_aim_interfaces_s.ep.rosidl_typesupport_c.c.o
[3.326s] [ 91%] Building C object CMakeFiles/auto_aim_interfaces__rosidl_typesupport_fastrtps_c__pyext.dir/rosidl_generator_py/auto_aim_interfaces/_auto_aim_interfaces_s.ep.rosidl_typesupport_fastrtps_c.c.o
[3.326s] [ 93%] Building C object CMakeFiles/auto_aim_interfaces__rosidl_typesupport_introspection_c__pyext.dir/rosidl_generator_py/auto_aim_interfaces/_auto_aim_interfaces_s.ep.rosidl_typesupport_introspection_c.c.o
[3.391s] [ 95%] Linking C shared library rosidl_generator_py/auto_aim_interfaces/auto_aim_interfaces_s__rosidl_typesupport_c.cpython-310-x86_64-linux-gnu.so
[3.394s] [ 97%] Linking C shared library rosidl_generator_py/auto_aim_interfaces/auto_aim_interfaces_s__rosidl_typesupport_introspection_c.cpython-310-x86_64-linux-gnu.so
[3.395s] [100%] Linking C shared library rosidl_generator_py/auto_aim_interfaces/auto_aim_interfaces_s__rosidl_typesupport_fastrtps_c.cpython-310-x86_64-linux-gnu.so
[3.409s] [100%] Built target auto_aim_interfaces__rosidl_typesupport_c__pyext
[3.410s] [100%] Built target auto_aim_interfaces__rosidl_typesupport_introspection_c__pyext
[3.412s] [100%] Built target auto_aim_interfaces__rosidl_typesupport_fastrtps_c__pyext
[3.417s] Invoked command in '/home/ubuntu-nuc/rc2_ws/build/auto_aim_interfaces' returned '0': /usr/local/bin/cmake --build /home/ubuntu-nuc/rc2_ws/build/auto_aim_interfaces -- -j8 -l8
[3.421s] Invoking command in '/home/ubuntu-nuc/rc2_ws/build/auto_aim_interfaces': /usr/local/bin/cmake --install /home/ubuntu-nuc/rc2_ws/build/auto_aim_interfaces
[3.423s] -- Install configuration: ""
[3.424s] -- Installing: /home/ubuntu-nuc/rc2_ws/install/auto_aim_interfaces/share/ament_index/resource_index/rosidl_interfaces/auto_aim_interfaces
[3.424s] -- Installing: /home/ubuntu-nuc/rc2_ws/install/auto_aim_interfaces/include/auto_aim_interfaces/auto_aim_interfaces
[3.424s] -- Installing: /home/ubuntu-nuc/rc2_ws/install/auto_aim_interfaces/include/auto_aim_interfaces/auto_aim_interfaces/msg
[3.424s] -- Installing: /home/ubuntu-nuc/rc2_ws/install/auto_aim_interfaces/include/auto_aim_interfaces/auto_aim_interfaces/msg/target.h
[3.424s] -- Installing: /home/ubuntu-nuc/rc2_ws/install/auto_aim_interfaces/include/auto_aim_interfaces/auto_aim_interfaces/msg/offset.h
[3.424s] -- Installing: /home/ubuntu-nuc/rc2_ws/install/auto_aim_interfaces/include/auto_aim_interfaces/auto_aim_interfaces/msg/rosidl_generator_c__visibility_control.h
[3.424s] -- Installing: /home/ubuntu-nuc/rc2_ws/install/auto_aim_interfaces/include/auto_aim_interfaces/auto_aim_interfaces/msg/fas.h
[3.424s] -- Installing: /home/ubuntu-nuc/rc2_ws/install/auto_aim_interfaces/include/auto_aim_interfaces/auto_aim_interfaces/msg/detail
[3.424s] -- Installing: /home/ubuntu-nuc/rc2_ws/install/auto_aim_interfaces/include/auto_aim_interfaces/auto_aim_interfaces/msg/detail/fas__functions.c
[3.424s] -- Installing: /home/ubuntu-nuc/rc2_ws/install/auto_aim_interfaces/include/auto_aim_interfaces/auto_aim_interfaces/msg/detail/target__type_support.h
[3.424s] -- Installing: /home/ubuntu-nuc/rc2_ws/install/auto_aim_interfaces/include/auto_aim_interfaces/auto_aim_interfaces/msg/detail/offset__functions.c
[3.424s] -- Installing: /home/ubuntu-nuc/rc2_ws/install/auto_aim_interfaces/include/auto_aim_interfaces/auto_aim_interfaces/msg/detail/fas__struct.h
[3.424s] -- Installing: /home/ubuntu-nuc/rc2_ws/install/auto_aim_interfaces/include/auto_aim_interfaces/auto_aim_interfaces/msg/detail/target__functions.h
[3.424s] -- Installing: /home/ubuntu-nuc/rc2_ws/install/auto_aim_interfaces/include/auto_aim_interfaces/auto_aim_interfaces/msg/detail/fas__functions.h
[3.424s] -- Installing: /home/ubuntu-nuc/rc2_ws/install/auto_aim_interfaces/include/auto_aim_interfaces/auto_aim_interfaces/msg/detail/fas__type_support.h
[3.425s] -- Installing: /home/ubuntu-nuc/rc2_ws/install/auto_aim_interfaces/include/auto_aim_interfaces/auto_aim_interfaces/msg/detail/target__functions.c
[3.425s] -- Installing: /home/ubuntu-nuc/rc2_ws/install/auto_aim_interfaces/include/auto_aim_interfaces/auto_aim_interfaces/msg/detail/offset__struct.h
[3.425s] -- Installing: /home/ubuntu-nuc/rc2_ws/install/auto_aim_interfaces/include/auto_aim_interfaces/auto_aim_interfaces/msg/detail/offset__functions.h
[3.425s] -- Installing: /home/ubuntu-nuc/rc2_ws/install/auto_aim_interfaces/include/auto_aim_interfaces/auto_aim_interfaces/msg/detail/target__struct.h
[3.425s] -- Installing: /home/ubuntu-nuc/rc2_ws/install/auto_aim_interfaces/include/auto_aim_interfaces/auto_aim_interfaces/msg/detail/offset__type_support.h
[3.425s] -- Installing: /home/ubuntu-nuc/rc2_ws/install/auto_aim_interfaces/share/auto_aim_interfaces/environment/library_path.sh
[3.425s] -- Installing: /home/ubuntu-nuc/rc2_ws/install/auto_aim_interfaces/share/auto_aim_interfaces/environment/library_path.dsv
[3.425s] -- Installing: /home/ubuntu-nuc/rc2_ws/install/auto_aim_interfaces/lib/libauto_aim_interfaces__rosidl_generator_c.so
[3.425s] -- Set non-toolchain portion of runtime path of "/home/ubuntu-nuc/rc2_ws/install/auto_aim_interfaces/lib/libauto_aim_interfaces__rosidl_generator_c.so" to ""
[3.425s] -- Up-to-date: /home/ubuntu-nuc/rc2_ws/install/auto_aim_interfaces/include/auto_aim_interfaces/auto_aim_interfaces
[3.425s] -- Up-to-date: /home/ubuntu-nuc/rc2_ws/install/auto_aim_interfaces/include/auto_aim_interfaces/auto_aim_interfaces/msg
[3.425s] -- Installing: /home/ubuntu-nuc/rc2_ws/install/auto_aim_interfaces/include/auto_aim_interfaces/auto_aim_interfaces/msg/rosidl_typesupport_fastrtps_c__visibility_control.h
[3.425s] -- Up-to-date: /home/ubuntu-nuc/rc2_ws/install/auto_aim_interfaces/include/auto_aim_interfaces/auto_aim_interfaces/msg/detail
[3.425s] -- Installing: /home/ubuntu-nuc/rc2_ws/install/auto_aim_interfaces/include/auto_aim_interfaces/auto_aim_interfaces/msg/detail/fas__rosidl_typesupport_fastrtps_c.h
[3.425s] -- Installing: /home/ubuntu-nuc/rc2_ws/install/auto_aim_interfaces/include/auto_aim_interfaces/auto_aim_interfaces/msg/detail/offset__rosidl_typesupport_fastrtps_c.h
[3.425s] -- Installing: /home/ubuntu-nuc/rc2_ws/install/auto_aim_interfaces/include/auto_aim_interfaces/auto_aim_interfaces/msg/detail/target__rosidl_typesupport_fastrtps_c.h
[3.425s] -- Installing: /home/ubuntu-nuc/rc2_ws/install/auto_aim_interfaces/lib/libauto_aim_interfaces__rosidl_typesupport_fastrtps_c.so
[3.426s] -- Set non-toolchain portion of runtime path of "/home/ubuntu-nuc/rc2_ws/install/auto_aim_interfaces/lib/libauto_aim_interfaces__rosidl_typesupport_fastrtps_c.so" to ""
[3.426s] -- Up-to-date: /home/ubuntu-nuc/rc2_ws/install/auto_aim_interfaces/include/auto_aim_interfaces/auto_aim_interfaces
[3.426s] -- Up-to-date: /home/ubuntu-nuc/rc2_ws/install/auto_aim_interfaces/include/auto_aim_interfaces/auto_aim_interfaces/msg
[3.426s] -- Up-to-date: /home/ubuntu-nuc/rc2_ws/install/auto_aim_interfaces/include/auto_aim_interfaces/auto_aim_interfaces/msg/detail
[3.426s] -- Installing: /home/ubuntu-nuc/rc2_ws/install/auto_aim_interfaces/include/auto_aim_interfaces/auto_aim_interfaces/msg/detail/target__rosidl_typesupport_introspection_c.h
[3.426s] -- Installing: /home/ubuntu-nuc/rc2_ws/install/auto_aim_interfaces/include/auto_aim_interfaces/auto_aim_interfaces/msg/detail/fas__type_support.c
[3.426s] -- Installing: /home/ubuntu-nuc/rc2_ws/install/auto_aim_interfaces/include/auto_aim_interfaces/auto_aim_interfaces/msg/detail/offset__rosidl_typesupport_introspection_c.h
[3.426s] -- Installing: /home/ubuntu-nuc/rc2_ws/install/auto_aim_interfaces/include/auto_aim_interfaces/auto_aim_interfaces/msg/detail/target__type_support.c
[3.426s] -- Installing: /home/ubuntu-nuc/rc2_ws/install/auto_aim_interfaces/include/auto_aim_interfaces/auto_aim_interfaces/msg/detail/offset__type_support.c
[3.426s] -- Installing: /home/ubuntu-nuc/rc2_ws/install/auto_aim_interfaces/include/auto_aim_interfaces/auto_aim_interfaces/msg/detail/fas__rosidl_typesupport_introspection_c.h
[3.426s] -- Installing: /home/ubuntu-nuc/rc2_ws/install/auto_aim_interfaces/include/auto_aim_interfaces/auto_aim_interfaces/msg/rosidl_typesupport_introspection_c__visibility_control.h
[3.426s] -- Installing: /home/ubuntu-nuc/rc2_ws/install/auto_aim_interfaces/lib/libauto_aim_interfaces__rosidl_typesupport_introspection_c.so
[3.426s] -- Set non-toolchain portion of runtime path of "/home/ubuntu-nuc/rc2_ws/install/auto_aim_interfaces/lib/libauto_aim_interfaces__rosidl_typesupport_introspection_c.so" to ""
[3.426s] -- Installing: /home/ubuntu-nuc/rc2_ws/install/auto_aim_interfaces/lib/libauto_aim_interfaces__rosidl_typesupport_c.so
[3.426s] -- Set non-toolchain portion of runtime path of "/home/ubuntu-nuc/rc2_ws/install/auto_aim_interfaces/lib/libauto_aim_interfaces__rosidl_typesupport_c.so" to ""
[3.426s] -- Up-to-date: /home/ubuntu-nuc/rc2_ws/install/auto_aim_interfaces/include/auto_aim_interfaces/auto_aim_interfaces
[3.426s] -- Up-to-date: /home/ubuntu-nuc/rc2_ws/install/auto_aim_interfaces/include/auto_aim_interfaces/auto_aim_interfaces/msg
[3.426s] -- Installing: /home/ubuntu-nuc/rc2_ws/install/auto_aim_interfaces/include/auto_aim_interfaces/auto_aim_interfaces/msg/rosidl_generator_cpp__visibility_control.hpp
[3.426s] -- Installing: /home/ubuntu-nuc/rc2_ws/install/auto_aim_interfaces/include/auto_aim_interfaces/auto_aim_interfaces/msg/offset.hpp
[3.426s] -- Installing: /home/ubuntu-nuc/rc2_ws/install/auto_aim_interfaces/include/auto_aim_interfaces/auto_aim_interfaces/msg/target.hpp
[3.427s] -- Installing: /home/ubuntu-nuc/rc2_ws/install/auto_aim_interfaces/include/auto_aim_interfaces/auto_aim_interfaces/msg/fas.hpp
[3.427s] -- Up-to-date: /home/ubuntu-nuc/rc2_ws/install/auto_aim_interfaces/include/auto_aim_interfaces/auto_aim_interfaces/msg/detail
[3.427s] -- Installing: /home/ubuntu-nuc/rc2_ws/install/auto_aim_interfaces/include/auto_aim_interfaces/auto_aim_interfaces/msg/detail/fas__builder.hpp
[3.427s] -- Installing: /home/ubuntu-nuc/rc2_ws/install/auto_aim_interfaces/include/auto_aim_interfaces/auto_aim_interfaces/msg/detail/offset__type_support.hpp
[3.427s] -- Installing: /home/ubuntu-nuc/rc2_ws/install/auto_aim_interfaces/include/auto_aim_interfaces/auto_aim_interfaces/msg/detail/target__builder.hpp
[3.427s] -- Installing: /home/ubuntu-nuc/rc2_ws/install/auto_aim_interfaces/include/auto_aim_interfaces/auto_aim_interfaces/msg/detail/target__type_support.hpp
[3.427s] -- Installing: /home/ubuntu-nuc/rc2_ws/install/auto_aim_interfaces/include/auto_aim_interfaces/auto_aim_interfaces/msg/detail/target__struct.hpp
[3.427s] -- Installing: /home/ubuntu-nuc/rc2_ws/install/auto_aim_interfaces/include/auto_aim_interfaces/auto_aim_interfaces/msg/detail/offset__struct.hpp
[3.427s] -- Installing: /home/ubuntu-nuc/rc2_ws/install/auto_aim_interfaces/include/auto_aim_interfaces/auto_aim_interfaces/msg/detail/target__traits.hpp
[3.427s] -- Installing: /home/ubuntu-nuc/rc2_ws/install/auto_aim_interfaces/include/auto_aim_interfaces/auto_aim_interfaces/msg/detail/fas__traits.hpp
[3.427s] -- Installing: /home/ubuntu-nuc/rc2_ws/install/auto_aim_interfaces/include/auto_aim_interfaces/auto_aim_interfaces/msg/detail/fas__struct.hpp
[3.427s] -- Installing: /home/ubuntu-nuc/rc2_ws/install/auto_aim_interfaces/include/auto_aim_interfaces/auto_aim_interfaces/msg/detail/offset__traits.hpp
[3.427s] -- Installing: /home/ubuntu-nuc/rc2_ws/install/auto_aim_interfaces/include/auto_aim_interfaces/auto_aim_interfaces/msg/detail/fas__type_support.hpp
[3.427s] -- Installing: /home/ubuntu-nuc/rc2_ws/install/auto_aim_interfaces/include/auto_aim_interfaces/auto_aim_interfaces/msg/detail/offset__builder.hpp
[3.427s] -- Up-to-date: /home/ubuntu-nuc/rc2_ws/install/auto_aim_interfaces/include/auto_aim_interfaces/auto_aim_interfaces
[3.427s] -- Up-to-date: /home/ubuntu-nuc/rc2_ws/install/auto_aim_interfaces/include/auto_aim_interfaces/auto_aim_interfaces/msg
[3.427s] -- Installing: /home/ubuntu-nuc/rc2_ws/install/auto_aim_interfaces/include/auto_aim_interfaces/auto_aim_interfaces/msg/rosidl_typesupport_fastrtps_cpp__visibility_control.h
[3.427s] -- Up-to-date: /home/ubuntu-nuc/rc2_ws/install/auto_aim_interfaces/include/auto_aim_interfaces/auto_aim_interfaces/msg/detail
[3.427s] -- Installing: /home/ubuntu-nuc/rc2_ws/install/auto_aim_interfaces/include/auto_aim_interfaces/auto_aim_interfaces/msg/detail/offset__rosidl_typesupport_fastrtps_cpp.hpp
[3.427s] -- Installing: /home/ubuntu-nuc/rc2_ws/install/auto_aim_interfaces/include/auto_aim_interfaces/auto_aim_interfaces/msg/detail/dds_fastrtps
[3.428s] -- Installing: /home/ubuntu-nuc/rc2_ws/install/auto_aim_interfaces/include/auto_aim_interfaces/auto_aim_interfaces/msg/detail/fas__rosidl_typesupport_fastrtps_cpp.hpp
[3.428s] -- Installing: /home/ubuntu-nuc/rc2_ws/install/auto_aim_interfaces/include/auto_aim_interfaces/auto_aim_interfaces/msg/detail/target__rosidl_typesupport_fastrtps_cpp.hpp
[3.428s] -- Installing: /home/ubuntu-nuc/rc2_ws/install/auto_aim_interfaces/lib/libauto_aim_interfaces__rosidl_typesupport_fastrtps_cpp.so
[3.428s] -- Set non-toolchain portion of runtime path of "/home/ubuntu-nuc/rc2_ws/install/auto_aim_interfaces/lib/libauto_aim_interfaces__rosidl_typesupport_fastrtps_cpp.so" to ""
[3.428s] -- Up-to-date: /home/ubuntu-nuc/rc2_ws/install/auto_aim_interfaces/include/auto_aim_interfaces/auto_aim_interfaces
[3.428s] -- Up-to-date: /home/ubuntu-nuc/rc2_ws/install/auto_aim_interfaces/include/auto_aim_interfaces/auto_aim_interfaces/msg
[3.428s] -- Up-to-date: /home/ubuntu-nuc/rc2_ws/install/auto_aim_interfaces/include/auto_aim_interfaces/auto_aim_interfaces/msg/detail
[3.428s] -- Installing: /home/ubuntu-nuc/rc2_ws/install/auto_aim_interfaces/include/auto_aim_interfaces/auto_aim_interfaces/msg/detail/target__rosidl_typesupport_introspection_cpp.hpp
[3.428s] -- Installing: /home/ubuntu-nuc/rc2_ws/install/auto_aim_interfaces/include/auto_aim_interfaces/auto_aim_interfaces/msg/detail/fas__rosidl_typesupport_introspection_cpp.hpp
[3.428s] -- Installing: /home/ubuntu-nuc/rc2_ws/install/auto_aim_interfaces/include/auto_aim_interfaces/auto_aim_interfaces/msg/detail/fas__type_support.cpp
[3.428s] -- Installing: /home/ubuntu-nuc/rc2_ws/install/auto_aim_interfaces/include/auto_aim_interfaces/auto_aim_interfaces/msg/detail/offset__type_support.cpp
[3.428s] -- Installing: /home/ubuntu-nuc/rc2_ws/install/auto_aim_interfaces/include/auto_aim_interfaces/auto_aim_interfaces/msg/detail/offset__rosidl_typesupport_introspection_cpp.hpp
[3.428s] -- Installing: /home/ubuntu-nuc/rc2_ws/install/auto_aim_interfaces/include/auto_aim_interfaces/auto_aim_interfaces/msg/detail/target__type_support.cpp
[3.428s] -- Installing: /home/ubuntu-nuc/rc2_ws/install/auto_aim_interfaces/lib/libauto_aim_interfaces__rosidl_typesupport_introspection_cpp.so
[3.428s] -- Set non-toolchain portion of runtime path of "/home/ubuntu-nuc/rc2_ws/install/auto_aim_interfaces/lib/libauto_aim_interfaces__rosidl_typesupport_introspection_cpp.so" to ""
[3.428s] -- Installing: /home/ubuntu-nuc/rc2_ws/install/auto_aim_interfaces/lib/libauto_aim_interfaces__rosidl_typesupport_cpp.so
[3.428s] -- Set non-toolchain portion of runtime path of "/home/ubuntu-nuc/rc2_ws/install/auto_aim_interfaces/lib/libauto_aim_interfaces__rosidl_typesupport_cpp.so" to ""
[3.428s] -- Installing: /home/ubuntu-nuc/rc2_ws/install/auto_aim_interfaces/share/auto_aim_interfaces/environment/pythonpath.sh
[3.428s] -- Installing: /home/ubuntu-nuc/rc2_ws/install/auto_aim_interfaces/share/auto_aim_interfaces/environment/pythonpath.dsv
[3.428s] -- Installing: /home/ubuntu-nuc/rc2_ws/install/auto_aim_interfaces/local/lib/python3.10/dist-packages/auto_aim_interfaces-0.0.1-py3.10.egg-info
[3.429s] -- Installing: /home/ubuntu-nuc/rc2_ws/install/auto_aim_interfaces/local/lib/python3.10/dist-packages/auto_aim_interfaces-0.0.1-py3.10.egg-info/dependency_links.txt
[3.429s] -- Installing: /home/ubuntu-nuc/rc2_ws/install/auto_aim_interfaces/local/lib/python3.10/dist-packages/auto_aim_interfaces-0.0.1-py3.10.egg-info/top_level.txt
[3.429s] -- Installing: /home/ubuntu-nuc/rc2_ws/install/auto_aim_interfaces/local/lib/python3.10/dist-packages/auto_aim_interfaces-0.0.1-py3.10.egg-info/PKG-INFO
[3.429s] -- Installing: /home/ubuntu-nuc/rc2_ws/install/auto_aim_interfaces/local/lib/python3.10/dist-packages/auto_aim_interfaces-0.0.1-py3.10.egg-info/SOURCES.txt
[3.429s] -- Installing: /home/ubuntu-nuc/rc2_ws/install/auto_aim_interfaces/local/lib/python3.10/dist-packages/auto_aim_interfaces
[3.429s] -- Installing: /home/ubuntu-nuc/rc2_ws/install/auto_aim_interfaces/local/lib/python3.10/dist-packages/auto_aim_interfaces/__init__.py
[3.429s] -- Installing: /home/ubuntu-nuc/rc2_ws/install/auto_aim_interfaces/local/lib/python3.10/dist-packages/auto_aim_interfaces/libauto_aim_interfaces__rosidl_generator_py.so
[3.429s] -- Installing: /home/ubuntu-nuc/rc2_ws/install/auto_aim_interfaces/local/lib/python3.10/dist-packages/auto_aim_interfaces/auto_aim_interfaces_s__rosidl_typesupport_c.cpython-310-x86_64-linux-gnu.so
[3.429s] -- Installing: /home/ubuntu-nuc/rc2_ws/install/auto_aim_interfaces/local/lib/python3.10/dist-packages/auto_aim_interfaces/msg
[3.429s] -- Installing: /home/ubuntu-nuc/rc2_ws/install/auto_aim_interfaces/local/lib/python3.10/dist-packages/auto_aim_interfaces/msg/_fas_s.c
[3.429s] -- Installing: /home/ubuntu-nuc/rc2_ws/install/auto_aim_interfaces/local/lib/python3.10/dist-packages/auto_aim_interfaces/msg/__init__.py
[3.429s] -- Installing: /home/ubuntu-nuc/rc2_ws/install/auto_aim_interfaces/local/lib/python3.10/dist-packages/auto_aim_interfaces/msg/_offset_s.c
[3.429s] -- Installing: /home/ubuntu-nuc/rc2_ws/install/auto_aim_interfaces/local/lib/python3.10/dist-packages/auto_aim_interfaces/msg/_offset.py
[3.429s] -- Installing: /home/ubuntu-nuc/rc2_ws/install/auto_aim_interfaces/local/lib/python3.10/dist-packages/auto_aim_interfaces/msg/_target_s.c
[3.430s] -- Installing: /home/ubuntu-nuc/rc2_ws/install/auto_aim_interfaces/local/lib/python3.10/dist-packages/auto_aim_interfaces/msg/_fas.py
[3.430s] -- Installing: /home/ubuntu-nuc/rc2_ws/install/auto_aim_interfaces/local/lib/python3.10/dist-packages/auto_aim_interfaces/msg/_target.py
[3.430s] -- Installing: /home/ubuntu-nuc/rc2_ws/install/auto_aim_interfaces/local/lib/python3.10/dist-packages/auto_aim_interfaces/auto_aim_interfaces_s__rosidl_typesupport_introspection_c.cpython-310-x86_64-linux-gnu.so
[3.430s] -- Installing: /home/ubuntu-nuc/rc2_ws/install/auto_aim_interfaces/local/lib/python3.10/dist-packages/auto_aim_interfaces/_auto_aim_interfaces_s.ep.rosidl_typesupport_introspection_c.c
[3.430s] -- Installing: /home/ubuntu-nuc/rc2_ws/install/auto_aim_interfaces/local/lib/python3.10/dist-packages/auto_aim_interfaces/_auto_aim_interfaces_s.ep.rosidl_typesupport_fastrtps_c.c
[3.430s] -- Installing: /home/ubuntu-nuc/rc2_ws/install/auto_aim_interfaces/local/lib/python3.10/dist-packages/auto_aim_interfaces/_auto_aim_interfaces_s.ep.rosidl_typesupport_c.c
[3.430s] -- Installing: /home/ubuntu-nuc/rc2_ws/install/auto_aim_interfaces/local/lib/python3.10/dist-packages/auto_aim_interfaces/auto_aim_interfaces_s__rosidl_typesupport_fastrtps_c.cpython-310-x86_64-linux-gnu.so
[3.458s] Listing '/home/ubuntu-nuc/rc2_ws/install/auto_aim_interfaces/local/lib/python3.10/dist-packages/auto_aim_interfaces'...
[3.458s] Compiling '/home/ubuntu-nuc/rc2_ws/install/auto_aim_interfaces/local/lib/python3.10/dist-packages/auto_aim_interfaces/__init__.py'...
[3.458s] Listing '/home/ubuntu-nuc/rc2_ws/install/auto_aim_interfaces/local/lib/python3.10/dist-packages/auto_aim_interfaces/msg'...
[3.458s] Compiling '/home/ubuntu-nuc/rc2_ws/install/auto_aim_interfaces/local/lib/python3.10/dist-packages/auto_aim_interfaces/msg/__init__.py'...
[3.458s] Compiling '/home/ubuntu-nuc/rc2_ws/install/auto_aim_interfaces/local/lib/python3.10/dist-packages/auto_aim_interfaces/msg/_fas.py'...
[3.458s] Compiling '/home/ubuntu-nuc/rc2_ws/install/auto_aim_interfaces/local/lib/python3.10/dist-packages/auto_aim_interfaces/msg/_offset.py'...
[3.458s] Compiling '/home/ubuntu-nuc/rc2_ws/install/auto_aim_interfaces/local/lib/python3.10/dist-packages/auto_aim_interfaces/msg/_target.py'...
[3.462s] -- Installing: /home/ubuntu-nuc/rc2_ws/install/auto_aim_interfaces/local/lib/python3.10/dist-packages/auto_aim_interfaces/auto_aim_interfaces_s__rosidl_typesupport_fastrtps_c.cpython-310-x86_64-linux-gnu.so
[3.462s] -- Set non-toolchain portion of runtime path of "/home/ubuntu-nuc/rc2_ws/install/auto_aim_interfaces/local/lib/python3.10/dist-packages/auto_aim_interfaces/auto_aim_interfaces_s__rosidl_typesupport_fastrtps_c.cpython-310-x86_64-linux-gnu.so" to ""
[3.462s] -- Installing: /home/ubuntu-nuc/rc2_ws/install/auto_aim_interfaces/local/lib/python3.10/dist-packages/auto_aim_interfaces/auto_aim_interfaces_s__rosidl_typesupport_introspection_c.cpython-310-x86_64-linux-gnu.so
[3.462s] -- Set non-toolchain portion of runtime path of "/home/ubuntu-nuc/rc2_ws/install/auto_aim_interfaces/local/lib/python3.10/dist-packages/auto_aim_interfaces/auto_aim_interfaces_s__rosidl_typesupport_introspection_c.cpython-310-x86_64-linux-gnu.so" to ""
[3.462s] -- Installing: /home/ubuntu-nuc/rc2_ws/install/auto_aim_interfaces/local/lib/python3.10/dist-packages/auto_aim_interfaces/auto_aim_interfaces_s__rosidl_typesupport_c.cpython-310-x86_64-linux-gnu.so
[3.463s] -- Set non-toolchain portion of runtime path of "/home/ubuntu-nuc/rc2_ws/install/auto_aim_interfaces/local/lib/python3.10/dist-packages/auto_aim_interfaces/auto_aim_interfaces_s__rosidl_typesupport_c.cpython-310-x86_64-linux-gnu.so" to ""
[3.463s] -- Installing: /home/ubuntu-nuc/rc2_ws/install/auto_aim_interfaces/lib/libauto_aim_interfaces__rosidl_generator_py.so
[3.463s] -- Set non-toolchain portion of runtime path of "/home/ubuntu-nuc/rc2_ws/install/auto_aim_interfaces/lib/libauto_aim_interfaces__rosidl_generator_py.so" to ""
[3.463s] -- Installing: /home/ubuntu-nuc/rc2_ws/install/auto_aim_interfaces/share/auto_aim_interfaces/msg/Fas.idl
[3.463s] -- Installing: /home/ubuntu-nuc/rc2_ws/install/auto_aim_interfaces/share/auto_aim_interfaces/msg/Target.idl
[3.463s] -- Installing: /home/ubuntu-nuc/rc2_ws/install/auto_aim_interfaces/share/auto_aim_interfaces/msg/Offset.idl
[3.463s] -- Installing: /home/ubuntu-nuc/rc2_ws/install/auto_aim_interfaces/share/auto_aim_interfaces/msg/Fas.msg
[3.463s] -- Installing: /home/ubuntu-nuc/rc2_ws/install/auto_aim_interfaces/share/auto_aim_interfaces/msg/Target.msg
[3.463s] -- Installing: /home/ubuntu-nuc/rc2_ws/install/auto_aim_interfaces/share/auto_aim_interfaces/msg/Offset.msg
[3.463s] -- Installing: /home/ubuntu-nuc/rc2_ws/install/auto_aim_interfaces/share/ament_index/resource_index/package_run_dependencies/auto_aim_interfaces
[3.463s] -- Installing: /home/ubuntu-nuc/rc2_ws/install/auto_aim_interfaces/share/ament_index/resource_index/parent_prefix_path/auto_aim_interfaces
[3.464s] -- Installing: /home/ubuntu-nuc/rc2_ws/install/auto_aim_interfaces/share/auto_aim_interfaces/environment/ament_prefix_path.sh
[3.464s] -- Installing: /home/ubuntu-nuc/rc2_ws/install/auto_aim_interfaces/share/auto_aim_interfaces/environment/ament_prefix_path.dsv
[3.464s] -- Installing: /home/ubuntu-nuc/rc2_ws/install/auto_aim_interfaces/share/auto_aim_interfaces/environment/path.sh
[3.464s] -- Installing: /home/ubuntu-nuc/rc2_ws/install/auto_aim_interfaces/share/auto_aim_interfaces/environment/path.dsv
[3.464s] -- Installing: /home/ubuntu-nuc/rc2_ws/install/auto_aim_interfaces/share/auto_aim_interfaces/local_setup.bash
[3.464s] -- Installing: /home/ubuntu-nuc/rc2_ws/install/auto_aim_interfaces/share/auto_aim_interfaces/local_setup.sh
[3.464s] -- Installing: /home/ubuntu-nuc/rc2_ws/install/auto_aim_interfaces/share/auto_aim_interfaces/local_setup.zsh
[3.464s] -- Installing: /home/ubuntu-nuc/rc2_ws/install/auto_aim_interfaces/share/auto_aim_interfaces/local_setup.dsv
[3.464s] -- Installing: /home/ubuntu-nuc/rc2_ws/install/auto_aim_interfaces/share/auto_aim_interfaces/package.dsv
[3.464s] -- Installing: /home/ubuntu-nuc/rc2_ws/install/auto_aim_interfaces/share/ament_index/resource_index/packages/auto_aim_interfaces
[3.464s] -- Installing: /home/ubuntu-nuc/rc2_ws/install/auto_aim_interfaces/share/auto_aim_interfaces/cmake/export_auto_aim_interfaces__rosidl_generator_cExport.cmake
[3.464s] -- Installing: /home/ubuntu-nuc/rc2_ws/install/auto_aim_interfaces/share/auto_aim_interfaces/cmake/export_auto_aim_interfaces__rosidl_generator_cExport-noconfig.cmake
[3.464s] -- Installing: /home/ubuntu-nuc/rc2_ws/install/auto_aim_interfaces/share/auto_aim_interfaces/cmake/export_auto_aim_interfaces__rosidl_typesupport_fastrtps_cExport.cmake
[3.464s] -- Installing: /home/ubuntu-nuc/rc2_ws/install/auto_aim_interfaces/share/auto_aim_interfaces/cmake/export_auto_aim_interfaces__rosidl_typesupport_fastrtps_cExport-noconfig.cmake
[3.464s] -- Installing: /home/ubuntu-nuc/rc2_ws/install/auto_aim_interfaces/share/auto_aim_interfaces/cmake/auto_aim_interfaces__rosidl_typesupport_introspection_cExport.cmake
[3.465s] -- Installing: /home/ubuntu-nuc/rc2_ws/install/auto_aim_interfaces/share/auto_aim_interfaces/cmake/auto_aim_interfaces__rosidl_typesupport_introspection_cExport-noconfig.cmake
[3.465s] -- Installing: /home/ubuntu-nuc/rc2_ws/install/auto_aim_interfaces/share/auto_aim_interfaces/cmake/auto_aim_interfaces__rosidl_typesupport_cExport.cmake
[3.465s] -- Installing: /home/ubuntu-nuc/rc2_ws/install/auto_aim_interfaces/share/auto_aim_interfaces/cmake/auto_aim_interfaces__rosidl_typesupport_cExport-noconfig.cmake
[3.465s] -- Installing: /home/ubuntu-nuc/rc2_ws/install/auto_aim_interfaces/share/auto_aim_interfaces/cmake/export_auto_aim_interfaces__rosidl_generator_cppExport.cmake
[3.465s] -- Installing: /home/ubuntu-nuc/rc2_ws/install/auto_aim_interfaces/share/auto_aim_interfaces/cmake/export_auto_aim_interfaces__rosidl_typesupport_fastrtps_cppExport.cmake
[3.465s] -- Installing: /home/ubuntu-nuc/rc2_ws/install/auto_aim_interfaces/share/auto_aim_interfaces/cmake/export_auto_aim_interfaces__rosidl_typesupport_fastrtps_cppExport-noconfig.cmake
[3.465s] -- Installing: /home/ubuntu-nuc/rc2_ws/install/auto_aim_interfaces/share/auto_aim_interfaces/cmake/auto_aim_interfaces__rosidl_typesupport_introspection_cppExport.cmake
[3.465s] -- Installing: /home/ubuntu-nuc/rc2_ws/install/auto_aim_interfaces/share/auto_aim_interfaces/cmake/auto_aim_interfaces__rosidl_typesupport_introspection_cppExport-noconfig.cmake
[3.465s] -- Installing: /home/ubuntu-nuc/rc2_ws/install/auto_aim_interfaces/share/auto_aim_interfaces/cmake/auto_aim_interfaces__rosidl_typesupport_cppExport.cmake
[3.465s] -- Installing: /home/ubuntu-nuc/rc2_ws/install/auto_aim_interfaces/share/auto_aim_interfaces/cmake/auto_aim_interfaces__rosidl_typesupport_cppExport-noconfig.cmake
[3.465s] -- Installing: /home/ubuntu-nuc/rc2_ws/install/auto_aim_interfaces/share/auto_aim_interfaces/cmake/export_auto_aim_interfaces__rosidl_generator_pyExport.cmake
[3.465s] -- Installing: /home/ubuntu-nuc/rc2_ws/install/auto_aim_interfaces/share/auto_aim_interfaces/cmake/export_auto_aim_interfaces__rosidl_generator_pyExport-noconfig.cmake
[3.465s] -- Installing: /home/ubuntu-nuc/rc2_ws/install/auto_aim_interfaces/share/auto_aim_interfaces/cmake/rosidl_cmake-extras.cmake
[3.466s] -- Installing: /home/ubuntu-nuc/rc2_ws/install/auto_aim_interfaces/share/auto_aim_interfaces/cmake/ament_cmake_export_include_directories-extras.cmake
[3.466s] -- Installing: /home/ubuntu-nuc/rc2_ws/install/auto_aim_interfaces/share/auto_aim_interfaces/cmake/ament_cmake_export_libraries-extras.cmake
[3.466s] -- Installing: /home/ubuntu-nuc/rc2_ws/install/auto_aim_interfaces/share/auto_aim_interfaces/cmake/ament_cmake_export_targets-extras.cmake
[3.466s] -- Installing: /home/ubuntu-nuc/rc2_ws/install/auto_aim_interfaces/share/auto_aim_interfaces/cmake/rosidl_cmake_export_typesupport_targets-extras.cmake
[3.466s] -- Installing: /home/ubuntu-nuc/rc2_ws/install/auto_aim_interfaces/share/auto_aim_interfaces/cmake/ament_cmake_export_dependencies-extras.cmake
[3.466s] -- Installing: /home/ubuntu-nuc/rc2_ws/install/auto_aim_interfaces/share/auto_aim_interfaces/cmake/rosidl_cmake_export_typesupport_libraries-extras.cmake
[3.466s] -- Installing: /home/ubuntu-nuc/rc2_ws/install/auto_aim_interfaces/share/auto_aim_interfaces/cmake/auto_aim_interfacesConfig.cmake
[3.466s] -- Installing: /home/ubuntu-nuc/rc2_ws/install/auto_aim_interfaces/share/auto_aim_interfaces/cmake/auto_aim_interfacesConfig-version.cmake
[3.466s] -- Installing: /home/ubuntu-nuc/rc2_ws/install/auto_aim_interfaces/share/auto_aim_interfaces/package.xml
[3.467s] Invoked command in '/home/ubuntu-nuc/rc2_ws/build/auto_aim_interfaces' returned '0': /usr/local/bin/cmake --install /home/ubuntu-nuc/rc2_ws/build/auto_aim_interfaces
