[0.022s] Invoking command in '/home/ubuntu-nuc/rc2_ws/build/auto_aim_interfaces': /usr/local/bin/cmake /home/ubuntu-nuc/rc2_ws/src/auto_aim_interfaces -DCATKIN_INSTALL_INTO_PREFIX_ROOT=0 -DCMAKE_INSTALL_PREFIX=/home/ubuntu-nuc/rc2_ws/install/auto_aim_interfaces
[0.083s] -- Found ament_cmake: 1.3.12 (/opt/ros/humble/share/ament_cmake/cmake)
[0.257s] -- Found rosidl_default_generators: 1.2.0 (/opt/ros/humble/share/rosidl_default_generators/cmake)
[0.261s] -- Using all available rosidl_typesupport_c: rosidl_typesupport_fastrtps_c;rosidl_typesupport_introspection_c
[0.265s] -- Found rosidl_adapter: 3.1.7 (/opt/ros/humble/share/rosidl_adapter/cmake)
[0.300s] -- Using all available rosidl_typesupport_cpp: rosidl_typesupport_fastrtps_cpp;rosidl_typesupport_introspection_cpp
[0.644s] -- Found ament_cmake_ros: 0.10.0 (/opt/ros/humble/share/ament_cmake_ros/cmake)
[0.917s] -- Using all available rosidl_typesupport_c: rosidl_typesupport_fastrtps_c;rosidl_typesupport_introspection_c
[1.262s] -- Using all available rosidl_typesupport_cpp: rosidl_typesupport_fastrtps_cpp;rosidl_typesupport_introspection_cpp
[1.264s] [33mCMake Warning (dev) at /opt/ros/humble/share/rosidl_generator_py/cmake/rosidl_generator_py_generate_interfaces.cmake:20 (find_package):
[1.264s]   Policy CMP0148 is not set: The FindPythonInterp and FindPythonLibs modules
[1.264s]   are removed.  Run "cmake --help-policy CMP0148" for policy details.  Use
[1.265s]   the cmake_policy command to set the policy and suppress this warning.
[1.265s] 
[1.265s] Call Stack (most recent call first):
[1.265s]   /opt/ros/humble/share/ament_cmake_core/cmake/core/ament_execute_extensions.cmake:48 (include)
[1.265s]   /opt/ros/humble/share/rosidl_cmake/cmake/rosidl_generate_interfaces.cmake:286 (ament_execute_extensions)
[1.265s]   CMakeLists.txt:7 (rosidl_generate_interfaces)
[1.265s] This warning is for project developers.  Use -Wno-dev to suppress it.
[1.265s] [0m
[1.278s] -- Found python_cmake_module: 0.10.0 (/opt/ros/humble/share/python_cmake_module/cmake)
[1.278s] [33mCMake Warning (dev) at /opt/ros/humble/share/python_cmake_module/cmake/Modules/FindPythonExtra.cmake:52 (find_package):
[1.278s]   Policy CMP0148 is not set: The FindPythonInterp and FindPythonLibs modules
[1.278s]   are removed.  Run "cmake --help-policy CMP0148" for policy details.  Use
[1.279s]   the cmake_policy command to set the policy and suppress this warning.
[1.279s] 
[1.279s] Call Stack (most recent call first):
[1.279s]   /opt/ros/humble/share/rosidl_generator_py/cmake/rosidl_generator_py_generate_interfaces.cmake:23 (find_package)
[1.279s]   /opt/ros/humble/share/ament_cmake_core/cmake/core/ament_execute_extensions.cmake:48 (include)
[1.279s]   /opt/ros/humble/share/rosidl_cmake/cmake/rosidl_generate_interfaces.cmake:286 (ament_execute_extensions)
[1.279s]   CMakeLists.txt:7 (rosidl_generate_interfaces)
[1.279s] This warning is for project developers.  Use -Wno-dev to suppress it.
[1.279s] [0m
[1.291s] [33mCMake Warning (dev) at /opt/ros/humble/share/python_cmake_module/cmake/Modules/FindPythonExtra.cmake:140 (find_package):
[1.291s]   Policy CMP0148 is not set: The FindPythonInterp and FindPythonLibs modules
[1.291s]   are removed.  Run "cmake --help-policy CMP0148" for policy details.  Use
[1.291s]   the cmake_policy command to set the policy and suppress this warning.
[1.291s] 
[1.291s] Call Stack (most recent call first):
[1.292s]   /opt/ros/humble/share/rosidl_generator_py/cmake/rosidl_generator_py_generate_interfaces.cmake:23 (find_package)
[1.292s]   /opt/ros/humble/share/ament_cmake_core/cmake/core/ament_execute_extensions.cmake:48 (include)
[1.292s]   /opt/ros/humble/share/rosidl_cmake/cmake/rosidl_generate_interfaces.cmake:286 (ament_execute_extensions)
[1.292s]   CMakeLists.txt:7 (rosidl_generate_interfaces)
[1.292s] This warning is for project developers.  Use -Wno-dev to suppress it.
[1.292s] [0m
[1.294s] -- Using PYTHON_EXECUTABLE: /usr/bin/python3
[1.294s] -- Using PYTHON_INCLUDE_DIRS: /usr/include/python3.10
[1.294s] -- Using PYTHON_LIBRARIES: /usr/lib/x86_64-linux-gnu/libpython3.10.so
[1.323s] -- Configuring done (1.3s)
[1.372s] -- Generating done (0.0s)
[1.378s] -- Build files have been written to: /home/ubuntu-nuc/rc2_ws/build/auto_aim_interfaces
[1.384s] Invoked command in '/home/ubuntu-nuc/rc2_ws/build/auto_aim_interfaces' returned '0': /usr/local/bin/cmake /home/ubuntu-nuc/rc2_ws/src/auto_aim_interfaces -DCATKIN_INSTALL_INTO_PREFIX_ROOT=0 -DCMAKE_INSTALL_PREFIX=/home/ubuntu-nuc/rc2_ws/install/auto_aim_interfaces
[1.385s] Invoking command in '/home/ubuntu-nuc/rc2_ws/build/auto_aim_interfaces': /usr/local/bin/cmake --build /home/ubuntu-nuc/rc2_ws/build/auto_aim_interfaces -- -j8 -l8
[1.405s] [  2%] Built target auto_aim_interfaces__cpp
[1.407s] [ 12%] Built target auto_aim_interfaces__rosidl_generator_c
[1.410s] [ 12%] Built target ament_cmake_python_copy_auto_aim_interfaces
[1.421s] [ 23%] Built target auto_aim_interfaces__rosidl_typesupport_c
[1.422s] [ 34%] Built target auto_aim_interfaces__rosidl_typesupport_cpp
[1.422s] [ 44%] Built target auto_aim_interfaces__rosidl_typesupport_fastrtps_cpp
[1.423s] [ 55%] Built target auto_aim_interfaces__rosidl_typesupport_introspection_c
[1.424s] [ 65%] Built target auto_aim_interfaces__rosidl_typesupport_introspection_cpp
[1.427s] [ 76%] Built target auto_aim_interfaces__rosidl_typesupport_fastrtps_c
[1.434s] [ 76%] Built target auto_aim_interfaces
[1.442s] [ 78%] Built target auto_aim_interfaces__py
[1.454s] [ 87%] Built target auto_aim_interfaces__rosidl_generator_py
[1.464s] [ 91%] Built target auto_aim_interfaces__rosidl_typesupport_fastrtps_c__pyext
[1.465s] [ 95%] Built target auto_aim_interfaces__rosidl_typesupport_c__pyext
[1.465s] [100%] Built target auto_aim_interfaces__rosidl_typesupport_introspection_c__pyext
[1.693s] running egg_info
[1.693s] writing auto_aim_interfaces.egg-info/PKG-INFO
[1.693s] writing dependency_links to auto_aim_interfaces.egg-info/dependency_links.txt
[1.693s] writing top-level names to auto_aim_interfaces.egg-info/top_level.txt
[1.696s] reading manifest file 'auto_aim_interfaces.egg-info/SOURCES.txt'
[1.696s] writing manifest file 'auto_aim_interfaces.egg-info/SOURCES.txt'
[1.713s] [100%] Built target ament_cmake_python_build_auto_aim_interfaces_egg
[1.718s] Invoked command in '/home/ubuntu-nuc/rc2_ws/build/auto_aim_interfaces' returned '0': /usr/local/bin/cmake --build /home/ubuntu-nuc/rc2_ws/build/auto_aim_interfaces -- -j8 -l8
[1.719s] Invoking command in '/home/ubuntu-nuc/rc2_ws/build/auto_aim_interfaces': /usr/local/bin/cmake --install /home/ubuntu-nuc/rc2_ws/build/auto_aim_interfaces
[1.722s] -- Install configuration: ""
[1.722s] -- Up-to-date: /home/ubuntu-nuc/rc2_ws/install/auto_aim_interfaces/share/ament_index/resource_index/rosidl_interfaces/auto_aim_interfaces
[1.722s] -- Up-to-date: /home/ubuntu-nuc/rc2_ws/install/auto_aim_interfaces/include/auto_aim_interfaces/auto_aim_interfaces
[1.723s] -- Up-to-date: /home/ubuntu-nuc/rc2_ws/install/auto_aim_interfaces/include/auto_aim_interfaces/auto_aim_interfaces/msg
[1.723s] -- Up-to-date: /home/ubuntu-nuc/rc2_ws/install/auto_aim_interfaces/include/auto_aim_interfaces/auto_aim_interfaces/msg/target.h
[1.723s] -- Up-to-date: /home/ubuntu-nuc/rc2_ws/install/auto_aim_interfaces/include/auto_aim_interfaces/auto_aim_interfaces/msg/offset.h
[1.723s] -- Up-to-date: /home/ubuntu-nuc/rc2_ws/install/auto_aim_interfaces/include/auto_aim_interfaces/auto_aim_interfaces/msg/rosidl_generator_c__visibility_control.h
[1.723s] -- Up-to-date: /home/ubuntu-nuc/rc2_ws/install/auto_aim_interfaces/include/auto_aim_interfaces/auto_aim_interfaces/msg/fas.h
[1.723s] -- Up-to-date: /home/ubuntu-nuc/rc2_ws/install/auto_aim_interfaces/include/auto_aim_interfaces/auto_aim_interfaces/msg/detail
[1.723s] -- Up-to-date: /home/ubuntu-nuc/rc2_ws/install/auto_aim_interfaces/include/auto_aim_interfaces/auto_aim_interfaces/msg/detail/fas__functions.c
[1.723s] -- Up-to-date: /home/ubuntu-nuc/rc2_ws/install/auto_aim_interfaces/include/auto_aim_interfaces/auto_aim_interfaces/msg/detail/target__type_support.h
[1.723s] -- Up-to-date: /home/ubuntu-nuc/rc2_ws/install/auto_aim_interfaces/include/auto_aim_interfaces/auto_aim_interfaces/msg/detail/offset__functions.c
[1.723s] -- Up-to-date: /home/ubuntu-nuc/rc2_ws/install/auto_aim_interfaces/include/auto_aim_interfaces/auto_aim_interfaces/msg/detail/fas__struct.h
[1.723s] -- Up-to-date: /home/ubuntu-nuc/rc2_ws/install/auto_aim_interfaces/include/auto_aim_interfaces/auto_aim_interfaces/msg/detail/target__functions.h
[1.724s] -- Up-to-date: /home/ubuntu-nuc/rc2_ws/install/auto_aim_interfaces/include/auto_aim_interfaces/auto_aim_interfaces/msg/detail/fas__functions.h
[1.724s] -- Up-to-date: /home/ubuntu-nuc/rc2_ws/install/auto_aim_interfaces/include/auto_aim_interfaces/auto_aim_interfaces/msg/detail/fas__type_support.h
[1.724s] -- Up-to-date: /home/ubuntu-nuc/rc2_ws/install/auto_aim_interfaces/include/auto_aim_interfaces/auto_aim_interfaces/msg/detail/target__functions.c
[1.724s] -- Up-to-date: /home/ubuntu-nuc/rc2_ws/install/auto_aim_interfaces/include/auto_aim_interfaces/auto_aim_interfaces/msg/detail/offset__struct.h
[1.724s] -- Up-to-date: /home/ubuntu-nuc/rc2_ws/install/auto_aim_interfaces/include/auto_aim_interfaces/auto_aim_interfaces/msg/detail/offset__functions.h
[1.724s] -- Up-to-date: /home/ubuntu-nuc/rc2_ws/install/auto_aim_interfaces/include/auto_aim_interfaces/auto_aim_interfaces/msg/detail/target__struct.h
[1.724s] -- Up-to-date: /home/ubuntu-nuc/rc2_ws/install/auto_aim_interfaces/include/auto_aim_interfaces/auto_aim_interfaces/msg/detail/offset__type_support.h
[1.724s] -- Up-to-date: /home/ubuntu-nuc/rc2_ws/install/auto_aim_interfaces/share/auto_aim_interfaces/environment/library_path.sh
[1.724s] -- Installing: /home/ubuntu-nuc/rc2_ws/install/auto_aim_interfaces/share/auto_aim_interfaces/environment/library_path.dsv
[1.724s] -- Up-to-date: /home/ubuntu-nuc/rc2_ws/install/auto_aim_interfaces/lib/libauto_aim_interfaces__rosidl_generator_c.so
[1.724s] -- Up-to-date: /home/ubuntu-nuc/rc2_ws/install/auto_aim_interfaces/include/auto_aim_interfaces/auto_aim_interfaces
[1.724s] -- Up-to-date: /home/ubuntu-nuc/rc2_ws/install/auto_aim_interfaces/include/auto_aim_interfaces/auto_aim_interfaces/msg
[1.725s] -- Up-to-date: /home/ubuntu-nuc/rc2_ws/install/auto_aim_interfaces/include/auto_aim_interfaces/auto_aim_interfaces/msg/rosidl_typesupport_fastrtps_c__visibility_control.h
[1.725s] -- Up-to-date: /home/ubuntu-nuc/rc2_ws/install/auto_aim_interfaces/include/auto_aim_interfaces/auto_aim_interfaces/msg/detail
[1.725s] -- Up-to-date: /home/ubuntu-nuc/rc2_ws/install/auto_aim_interfaces/include/auto_aim_interfaces/auto_aim_interfaces/msg/detail/fas__rosidl_typesupport_fastrtps_c.h
[1.725s] -- Up-to-date: /home/ubuntu-nuc/rc2_ws/install/auto_aim_interfaces/include/auto_aim_interfaces/auto_aim_interfaces/msg/detail/offset__rosidl_typesupport_fastrtps_c.h
[1.725s] -- Up-to-date: /home/ubuntu-nuc/rc2_ws/install/auto_aim_interfaces/include/auto_aim_interfaces/auto_aim_interfaces/msg/detail/target__rosidl_typesupport_fastrtps_c.h
[1.725s] -- Up-to-date: /home/ubuntu-nuc/rc2_ws/install/auto_aim_interfaces/lib/libauto_aim_interfaces__rosidl_typesupport_fastrtps_c.so
[1.725s] -- Up-to-date: /home/ubuntu-nuc/rc2_ws/install/auto_aim_interfaces/include/auto_aim_interfaces/auto_aim_interfaces
[1.725s] -- Up-to-date: /home/ubuntu-nuc/rc2_ws/install/auto_aim_interfaces/include/auto_aim_interfaces/auto_aim_interfaces/msg
[1.725s] -- Up-to-date: /home/ubuntu-nuc/rc2_ws/install/auto_aim_interfaces/include/auto_aim_interfaces/auto_aim_interfaces/msg/detail
[1.725s] -- Up-to-date: /home/ubuntu-nuc/rc2_ws/install/auto_aim_interfaces/include/auto_aim_interfaces/auto_aim_interfaces/msg/detail/target__rosidl_typesupport_introspection_c.h
[1.725s] -- Up-to-date: /home/ubuntu-nuc/rc2_ws/install/auto_aim_interfaces/include/auto_aim_interfaces/auto_aim_interfaces/msg/detail/fas__type_support.c
[1.726s] -- Up-to-date: /home/ubuntu-nuc/rc2_ws/install/auto_aim_interfaces/include/auto_aim_interfaces/auto_aim_interfaces/msg/detail/offset__rosidl_typesupport_introspection_c.h
[1.726s] -- Up-to-date: /home/ubuntu-nuc/rc2_ws/install/auto_aim_interfaces/include/auto_aim_interfaces/auto_aim_interfaces/msg/detail/target__type_support.c
[1.726s] -- Up-to-date: /home/ubuntu-nuc/rc2_ws/install/auto_aim_interfaces/include/auto_aim_interfaces/auto_aim_interfaces/msg/detail/offset__type_support.c
[1.726s] -- Up-to-date: /home/ubuntu-nuc/rc2_ws/install/auto_aim_interfaces/include/auto_aim_interfaces/auto_aim_interfaces/msg/detail/fas__rosidl_typesupport_introspection_c.h
[1.726s] -- Up-to-date: /home/ubuntu-nuc/rc2_ws/install/auto_aim_interfaces/include/auto_aim_interfaces/auto_aim_interfaces/msg/rosidl_typesupport_introspection_c__visibility_control.h
[1.726s] -- Up-to-date: /home/ubuntu-nuc/rc2_ws/install/auto_aim_interfaces/lib/libauto_aim_interfaces__rosidl_typesupport_introspection_c.so
[1.726s] -- Up-to-date: /home/ubuntu-nuc/rc2_ws/install/auto_aim_interfaces/lib/libauto_aim_interfaces__rosidl_typesupport_c.so
[1.726s] -- Up-to-date: /home/ubuntu-nuc/rc2_ws/install/auto_aim_interfaces/include/auto_aim_interfaces/auto_aim_interfaces
[1.726s] -- Up-to-date: /home/ubuntu-nuc/rc2_ws/install/auto_aim_interfaces/include/auto_aim_interfaces/auto_aim_interfaces/msg
[1.726s] -- Up-to-date: /home/ubuntu-nuc/rc2_ws/install/auto_aim_interfaces/include/auto_aim_interfaces/auto_aim_interfaces/msg/rosidl_generator_cpp__visibility_control.hpp
[1.726s] -- Up-to-date: /home/ubuntu-nuc/rc2_ws/install/auto_aim_interfaces/include/auto_aim_interfaces/auto_aim_interfaces/msg/offset.hpp
[1.726s] -- Up-to-date: /home/ubuntu-nuc/rc2_ws/install/auto_aim_interfaces/include/auto_aim_interfaces/auto_aim_interfaces/msg/target.hpp
[1.726s] -- Up-to-date: /home/ubuntu-nuc/rc2_ws/install/auto_aim_interfaces/include/auto_aim_interfaces/auto_aim_interfaces/msg/fas.hpp
[1.727s] -- Up-to-date: /home/ubuntu-nuc/rc2_ws/install/auto_aim_interfaces/include/auto_aim_interfaces/auto_aim_interfaces/msg/detail
[1.727s] -- Up-to-date: /home/ubuntu-nuc/rc2_ws/install/auto_aim_interfaces/include/auto_aim_interfaces/auto_aim_interfaces/msg/detail/fas__builder.hpp
[1.727s] -- Up-to-date: /home/ubuntu-nuc/rc2_ws/install/auto_aim_interfaces/include/auto_aim_interfaces/auto_aim_interfaces/msg/detail/offset__type_support.hpp
[1.727s] -- Up-to-date: /home/ubuntu-nuc/rc2_ws/install/auto_aim_interfaces/include/auto_aim_interfaces/auto_aim_interfaces/msg/detail/target__builder.hpp
[1.727s] -- Up-to-date: /home/ubuntu-nuc/rc2_ws/install/auto_aim_interfaces/include/auto_aim_interfaces/auto_aim_interfaces/msg/detail/target__type_support.hpp
[1.727s] -- Up-to-date: /home/ubuntu-nuc/rc2_ws/install/auto_aim_interfaces/include/auto_aim_interfaces/auto_aim_interfaces/msg/detail/target__struct.hpp
[1.727s] -- Up-to-date: /home/ubuntu-nuc/rc2_ws/install/auto_aim_interfaces/include/auto_aim_interfaces/auto_aim_interfaces/msg/detail/offset__struct.hpp
[1.727s] -- Up-to-date: /home/ubuntu-nuc/rc2_ws/install/auto_aim_interfaces/include/auto_aim_interfaces/auto_aim_interfaces/msg/detail/target__traits.hpp
[1.727s] -- Up-to-date: /home/ubuntu-nuc/rc2_ws/install/auto_aim_interfaces/include/auto_aim_interfaces/auto_aim_interfaces/msg/detail/fas__traits.hpp
[1.727s] -- Up-to-date: /home/ubuntu-nuc/rc2_ws/install/auto_aim_interfaces/include/auto_aim_interfaces/auto_aim_interfaces/msg/detail/fas__struct.hpp
[1.727s] -- Up-to-date: /home/ubuntu-nuc/rc2_ws/install/auto_aim_interfaces/include/auto_aim_interfaces/auto_aim_interfaces/msg/detail/offset__traits.hpp
[1.727s] -- Up-to-date: /home/ubuntu-nuc/rc2_ws/install/auto_aim_interfaces/include/auto_aim_interfaces/auto_aim_interfaces/msg/detail/fas__type_support.hpp
[1.728s] -- Up-to-date: /home/ubuntu-nuc/rc2_ws/install/auto_aim_interfaces/include/auto_aim_interfaces/auto_aim_interfaces/msg/detail/offset__builder.hpp
[1.728s] -- Up-to-date: /home/ubuntu-nuc/rc2_ws/install/auto_aim_interfaces/include/auto_aim_interfaces/auto_aim_interfaces
[1.728s] -- Up-to-date: /home/ubuntu-nuc/rc2_ws/install/auto_aim_interfaces/include/auto_aim_interfaces/auto_aim_interfaces/msg
[1.728s] -- Up-to-date: /home/ubuntu-nuc/rc2_ws/install/auto_aim_interfaces/include/auto_aim_interfaces/auto_aim_interfaces/msg/rosidl_typesupport_fastrtps_cpp__visibility_control.h
[1.728s] -- Up-to-date: /home/ubuntu-nuc/rc2_ws/install/auto_aim_interfaces/include/auto_aim_interfaces/auto_aim_interfaces/msg/detail
[1.728s] -- Up-to-date: /home/ubuntu-nuc/rc2_ws/install/auto_aim_interfaces/include/auto_aim_interfaces/auto_aim_interfaces/msg/detail/offset__rosidl_typesupport_fastrtps_cpp.hpp
[1.728s] -- Up-to-date: /home/ubuntu-nuc/rc2_ws/install/auto_aim_interfaces/include/auto_aim_interfaces/auto_aim_interfaces/msg/detail/dds_fastrtps
[1.728s] -- Up-to-date: /home/ubuntu-nuc/rc2_ws/install/auto_aim_interfaces/include/auto_aim_interfaces/auto_aim_interfaces/msg/detail/fas__rosidl_typesupport_fastrtps_cpp.hpp
[1.728s] -- Up-to-date: /home/ubuntu-nuc/rc2_ws/install/auto_aim_interfaces/include/auto_aim_interfaces/auto_aim_interfaces/msg/detail/target__rosidl_typesupport_fastrtps_cpp.hpp
[1.728s] -- Up-to-date: /home/ubuntu-nuc/rc2_ws/install/auto_aim_interfaces/lib/libauto_aim_interfaces__rosidl_typesupport_fastrtps_cpp.so
[1.728s] -- Up-to-date: /home/ubuntu-nuc/rc2_ws/install/auto_aim_interfaces/include/auto_aim_interfaces/auto_aim_interfaces
[1.728s] -- Up-to-date: /home/ubuntu-nuc/rc2_ws/install/auto_aim_interfaces/include/auto_aim_interfaces/auto_aim_interfaces/msg
[1.728s] -- Up-to-date: /home/ubuntu-nuc/rc2_ws/install/auto_aim_interfaces/include/auto_aim_interfaces/auto_aim_interfaces/msg/detail
[1.728s] -- Up-to-date: /home/ubuntu-nuc/rc2_ws/install/auto_aim_interfaces/include/auto_aim_interfaces/auto_aim_interfaces/msg/detail/target__rosidl_typesupport_introspection_cpp.hpp
[1.728s] -- Up-to-date: /home/ubuntu-nuc/rc2_ws/install/auto_aim_interfaces/include/auto_aim_interfaces/auto_aim_interfaces/msg/detail/fas__rosidl_typesupport_introspection_cpp.hpp
[1.729s] -- Up-to-date: /home/ubuntu-nuc/rc2_ws/install/auto_aim_interfaces/include/auto_aim_interfaces/auto_aim_interfaces/msg/detail/fas__type_support.cpp
[1.729s] -- Up-to-date: /home/ubuntu-nuc/rc2_ws/install/auto_aim_interfaces/include/auto_aim_interfaces/auto_aim_interfaces/msg/detail/offset__type_support.cpp
[1.729s] -- Up-to-date: /home/ubuntu-nuc/rc2_ws/install/auto_aim_interfaces/include/auto_aim_interfaces/auto_aim_interfaces/msg/detail/offset__rosidl_typesupport_introspection_cpp.hpp
[1.729s] -- Up-to-date: /home/ubuntu-nuc/rc2_ws/install/auto_aim_interfaces/include/auto_aim_interfaces/auto_aim_interfaces/msg/detail/target__type_support.cpp
[1.729s] -- Up-to-date: /home/ubuntu-nuc/rc2_ws/install/auto_aim_interfaces/lib/libauto_aim_interfaces__rosidl_typesupport_introspection_cpp.so
[1.729s] -- Up-to-date: /home/ubuntu-nuc/rc2_ws/install/auto_aim_interfaces/lib/libauto_aim_interfaces__rosidl_typesupport_cpp.so
[1.729s] -- Up-to-date: /home/ubuntu-nuc/rc2_ws/install/auto_aim_interfaces/share/auto_aim_interfaces/environment/pythonpath.sh
[1.729s] -- Installing: /home/ubuntu-nuc/rc2_ws/install/auto_aim_interfaces/share/auto_aim_interfaces/environment/pythonpath.dsv
[1.729s] -- Up-to-date: /home/ubuntu-nuc/rc2_ws/install/auto_aim_interfaces/local/lib/python3.10/dist-packages/auto_aim_interfaces-0.0.1-py3.10.egg-info
[1.729s] -- Installing: /home/ubuntu-nuc/rc2_ws/install/auto_aim_interfaces/local/lib/python3.10/dist-packages/auto_aim_interfaces-0.0.1-py3.10.egg-info/dependency_links.txt
[1.729s] -- Installing: /home/ubuntu-nuc/rc2_ws/install/auto_aim_interfaces/local/lib/python3.10/dist-packages/auto_aim_interfaces-0.0.1-py3.10.egg-info/top_level.txt
[1.729s] -- Installing: /home/ubuntu-nuc/rc2_ws/install/auto_aim_interfaces/local/lib/python3.10/dist-packages/auto_aim_interfaces-0.0.1-py3.10.egg-info/PKG-INFO
[1.729s] -- Installing: /home/ubuntu-nuc/rc2_ws/install/auto_aim_interfaces/local/lib/python3.10/dist-packages/auto_aim_interfaces-0.0.1-py3.10.egg-info/SOURCES.txt
[1.729s] -- Up-to-date: /home/ubuntu-nuc/rc2_ws/install/auto_aim_interfaces/local/lib/python3.10/dist-packages/auto_aim_interfaces
[1.730s] -- Installing: /home/ubuntu-nuc/rc2_ws/install/auto_aim_interfaces/local/lib/python3.10/dist-packages/auto_aim_interfaces/__init__.py
[1.730s] -- Up-to-date: /home/ubuntu-nuc/rc2_ws/install/auto_aim_interfaces/local/lib/python3.10/dist-packages/auto_aim_interfaces/libauto_aim_interfaces__rosidl_generator_py.so
[1.730s] -- Up-to-date: /home/ubuntu-nuc/rc2_ws/install/auto_aim_interfaces/local/lib/python3.10/dist-packages/auto_aim_interfaces/auto_aim_interfaces_s__rosidl_typesupport_c.cpython-310-x86_64-linux-gnu.so
[1.730s] -- Up-to-date: /home/ubuntu-nuc/rc2_ws/install/auto_aim_interfaces/local/lib/python3.10/dist-packages/auto_aim_interfaces/msg
[1.730s] -- Up-to-date: /home/ubuntu-nuc/rc2_ws/install/auto_aim_interfaces/local/lib/python3.10/dist-packages/auto_aim_interfaces/msg/_fas_s.c
[1.730s] -- Up-to-date: /home/ubuntu-nuc/rc2_ws/install/auto_aim_interfaces/local/lib/python3.10/dist-packages/auto_aim_interfaces/msg/__init__.py
[1.730s] -- Up-to-date: /home/ubuntu-nuc/rc2_ws/install/auto_aim_interfaces/local/lib/python3.10/dist-packages/auto_aim_interfaces/msg/_offset_s.c
[1.730s] -- Up-to-date: /home/ubuntu-nuc/rc2_ws/install/auto_aim_interfaces/local/lib/python3.10/dist-packages/auto_aim_interfaces/msg/_offset.py
[1.730s] -- Up-to-date: /home/ubuntu-nuc/rc2_ws/install/auto_aim_interfaces/local/lib/python3.10/dist-packages/auto_aim_interfaces/msg/_target_s.c
[1.730s] -- Up-to-date: /home/ubuntu-nuc/rc2_ws/install/auto_aim_interfaces/local/lib/python3.10/dist-packages/auto_aim_interfaces/msg/_fas.py
[1.730s] -- Up-to-date: /home/ubuntu-nuc/rc2_ws/install/auto_aim_interfaces/local/lib/python3.10/dist-packages/auto_aim_interfaces/msg/_target.py
[1.730s] -- Up-to-date: /home/ubuntu-nuc/rc2_ws/install/auto_aim_interfaces/local/lib/python3.10/dist-packages/auto_aim_interfaces/auto_aim_interfaces_s__rosidl_typesupport_introspection_c.cpython-310-x86_64-linux-gnu.so
[1.730s] -- Up-to-date: /home/ubuntu-nuc/rc2_ws/install/auto_aim_interfaces/local/lib/python3.10/dist-packages/auto_aim_interfaces/_auto_aim_interfaces_s.ep.rosidl_typesupport_introspection_c.c
[1.730s] -- Up-to-date: /home/ubuntu-nuc/rc2_ws/install/auto_aim_interfaces/local/lib/python3.10/dist-packages/auto_aim_interfaces/_auto_aim_interfaces_s.ep.rosidl_typesupport_fastrtps_c.c
[1.730s] -- Up-to-date: /home/ubuntu-nuc/rc2_ws/install/auto_aim_interfaces/local/lib/python3.10/dist-packages/auto_aim_interfaces/_auto_aim_interfaces_s.ep.rosidl_typesupport_c.c
[1.731s] -- Up-to-date: /home/ubuntu-nuc/rc2_ws/install/auto_aim_interfaces/local/lib/python3.10/dist-packages/auto_aim_interfaces/auto_aim_interfaces_s__rosidl_typesupport_fastrtps_c.cpython-310-x86_64-linux-gnu.so
[1.753s] Listing '/home/ubuntu-nuc/rc2_ws/install/auto_aim_interfaces/local/lib/python3.10/dist-packages/auto_aim_interfaces'...
[1.753s] Compiling '/home/ubuntu-nuc/rc2_ws/install/auto_aim_interfaces/local/lib/python3.10/dist-packages/auto_aim_interfaces/__init__.py'...
[1.753s] Listing '/home/ubuntu-nuc/rc2_ws/install/auto_aim_interfaces/local/lib/python3.10/dist-packages/auto_aim_interfaces/msg'...
[1.757s] -- Up-to-date: /home/ubuntu-nuc/rc2_ws/install/auto_aim_interfaces/local/lib/python3.10/dist-packages/auto_aim_interfaces/auto_aim_interfaces_s__rosidl_typesupport_fastrtps_c.cpython-310-x86_64-linux-gnu.so
[1.757s] -- Up-to-date: /home/ubuntu-nuc/rc2_ws/install/auto_aim_interfaces/local/lib/python3.10/dist-packages/auto_aim_interfaces/auto_aim_interfaces_s__rosidl_typesupport_introspection_c.cpython-310-x86_64-linux-gnu.so
[1.757s] -- Up-to-date: /home/ubuntu-nuc/rc2_ws/install/auto_aim_interfaces/local/lib/python3.10/dist-packages/auto_aim_interfaces/auto_aim_interfaces_s__rosidl_typesupport_c.cpython-310-x86_64-linux-gnu.so
[1.757s] -- Up-to-date: /home/ubuntu-nuc/rc2_ws/install/auto_aim_interfaces/lib/libauto_aim_interfaces__rosidl_generator_py.so
[1.758s] -- Up-to-date: /home/ubuntu-nuc/rc2_ws/install/auto_aim_interfaces/share/auto_aim_interfaces/msg/Fas.idl
[1.758s] -- Up-to-date: /home/ubuntu-nuc/rc2_ws/install/auto_aim_interfaces/share/auto_aim_interfaces/msg/Target.idl
[1.758s] -- Up-to-date: /home/ubuntu-nuc/rc2_ws/install/auto_aim_interfaces/share/auto_aim_interfaces/msg/Offset.idl
[1.758s] -- Up-to-date: /home/ubuntu-nuc/rc2_ws/install/auto_aim_interfaces/share/auto_aim_interfaces/msg/Fas.msg
[1.758s] -- Up-to-date: /home/ubuntu-nuc/rc2_ws/install/auto_aim_interfaces/share/auto_aim_interfaces/msg/Target.msg
[1.758s] -- Up-to-date: /home/ubuntu-nuc/rc2_ws/install/auto_aim_interfaces/share/auto_aim_interfaces/msg/Offset.msg
[1.758s] -- Up-to-date: /home/ubuntu-nuc/rc2_ws/install/auto_aim_interfaces/share/ament_index/resource_index/package_run_dependencies/auto_aim_interfaces
[1.758s] -- Installing: /home/ubuntu-nuc/rc2_ws/install/auto_aim_interfaces/share/ament_index/resource_index/parent_prefix_path/auto_aim_interfaces
[1.758s] -- Up-to-date: /home/ubuntu-nuc/rc2_ws/install/auto_aim_interfaces/share/auto_aim_interfaces/environment/ament_prefix_path.sh
[1.758s] -- Installing: /home/ubuntu-nuc/rc2_ws/install/auto_aim_interfaces/share/auto_aim_interfaces/environment/ament_prefix_path.dsv
[1.758s] -- Up-to-date: /home/ubuntu-nuc/rc2_ws/install/auto_aim_interfaces/share/auto_aim_interfaces/environment/path.sh
[1.759s] -- Installing: /home/ubuntu-nuc/rc2_ws/install/auto_aim_interfaces/share/auto_aim_interfaces/environment/path.dsv
[1.759s] -- Up-to-date: /home/ubuntu-nuc/rc2_ws/install/auto_aim_interfaces/share/auto_aim_interfaces/local_setup.bash
[1.759s] -- Up-to-date: /home/ubuntu-nuc/rc2_ws/install/auto_aim_interfaces/share/auto_aim_interfaces/local_setup.sh
[1.759s] -- Up-to-date: /home/ubuntu-nuc/rc2_ws/install/auto_aim_interfaces/share/auto_aim_interfaces/local_setup.zsh
[1.759s] -- Installing: /home/ubuntu-nuc/rc2_ws/install/auto_aim_interfaces/share/auto_aim_interfaces/local_setup.dsv
[1.759s] -- Installing: /home/ubuntu-nuc/rc2_ws/install/auto_aim_interfaces/share/auto_aim_interfaces/package.dsv
[1.759s] -- Up-to-date: /home/ubuntu-nuc/rc2_ws/install/auto_aim_interfaces/share/ament_index/resource_index/packages/auto_aim_interfaces
[1.759s] -- Up-to-date: /home/ubuntu-nuc/rc2_ws/install/auto_aim_interfaces/share/auto_aim_interfaces/cmake/export_auto_aim_interfaces__rosidl_generator_cExport.cmake
[1.759s] -- Up-to-date: /home/ubuntu-nuc/rc2_ws/install/auto_aim_interfaces/share/auto_aim_interfaces/cmake/export_auto_aim_interfaces__rosidl_generator_cExport-noconfig.cmake
[1.759s] -- Up-to-date: /home/ubuntu-nuc/rc2_ws/install/auto_aim_interfaces/share/auto_aim_interfaces/cmake/export_auto_aim_interfaces__rosidl_typesupport_fastrtps_cExport.cmake
[1.759s] -- Up-to-date: /home/ubuntu-nuc/rc2_ws/install/auto_aim_interfaces/share/auto_aim_interfaces/cmake/export_auto_aim_interfaces__rosidl_typesupport_fastrtps_cExport-noconfig.cmake
[1.759s] -- Up-to-date: /home/ubuntu-nuc/rc2_ws/install/auto_aim_interfaces/share/auto_aim_interfaces/cmake/auto_aim_interfaces__rosidl_typesupport_introspection_cExport.cmake
[1.759s] -- Up-to-date: /home/ubuntu-nuc/rc2_ws/install/auto_aim_interfaces/share/auto_aim_interfaces/cmake/auto_aim_interfaces__rosidl_typesupport_introspection_cExport-noconfig.cmake
[1.760s] -- Up-to-date: /home/ubuntu-nuc/rc2_ws/install/auto_aim_interfaces/share/auto_aim_interfaces/cmake/auto_aim_interfaces__rosidl_typesupport_cExport.cmake
[1.760s] -- Up-to-date: /home/ubuntu-nuc/rc2_ws/install/auto_aim_interfaces/share/auto_aim_interfaces/cmake/auto_aim_interfaces__rosidl_typesupport_cExport-noconfig.cmake
[1.760s] -- Up-to-date: /home/ubuntu-nuc/rc2_ws/install/auto_aim_interfaces/share/auto_aim_interfaces/cmake/export_auto_aim_interfaces__rosidl_generator_cppExport.cmake
[1.760s] -- Up-to-date: /home/ubuntu-nuc/rc2_ws/install/auto_aim_interfaces/share/auto_aim_interfaces/cmake/export_auto_aim_interfaces__rosidl_typesupport_fastrtps_cppExport.cmake
[1.760s] -- Up-to-date: /home/ubuntu-nuc/rc2_ws/install/auto_aim_interfaces/share/auto_aim_interfaces/cmake/export_auto_aim_interfaces__rosidl_typesupport_fastrtps_cppExport-noconfig.cmake
[1.760s] -- Up-to-date: /home/ubuntu-nuc/rc2_ws/install/auto_aim_interfaces/share/auto_aim_interfaces/cmake/auto_aim_interfaces__rosidl_typesupport_introspection_cppExport.cmake
[1.760s] -- Up-to-date: /home/ubuntu-nuc/rc2_ws/install/auto_aim_interfaces/share/auto_aim_interfaces/cmake/auto_aim_interfaces__rosidl_typesupport_introspection_cppExport-noconfig.cmake
[1.760s] -- Up-to-date: /home/ubuntu-nuc/rc2_ws/install/auto_aim_interfaces/share/auto_aim_interfaces/cmake/auto_aim_interfaces__rosidl_typesupport_cppExport.cmake
[1.760s] -- Up-to-date: /home/ubuntu-nuc/rc2_ws/install/auto_aim_interfaces/share/auto_aim_interfaces/cmake/auto_aim_interfaces__rosidl_typesupport_cppExport-noconfig.cmake
[1.760s] -- Up-to-date: /home/ubuntu-nuc/rc2_ws/install/auto_aim_interfaces/share/auto_aim_interfaces/cmake/export_auto_aim_interfaces__rosidl_generator_pyExport.cmake
[1.760s] -- Up-to-date: /home/ubuntu-nuc/rc2_ws/install/auto_aim_interfaces/share/auto_aim_interfaces/cmake/export_auto_aim_interfaces__rosidl_generator_pyExport-noconfig.cmake
[1.760s] -- Up-to-date: /home/ubuntu-nuc/rc2_ws/install/auto_aim_interfaces/share/auto_aim_interfaces/cmake/rosidl_cmake-extras.cmake
[1.761s] -- Up-to-date: /home/ubuntu-nuc/rc2_ws/install/auto_aim_interfaces/share/auto_aim_interfaces/cmake/ament_cmake_export_include_directories-extras.cmake
[1.761s] -- Up-to-date: /home/ubuntu-nuc/rc2_ws/install/auto_aim_interfaces/share/auto_aim_interfaces/cmake/ament_cmake_export_libraries-extras.cmake
[1.761s] -- Up-to-date: /home/ubuntu-nuc/rc2_ws/install/auto_aim_interfaces/share/auto_aim_interfaces/cmake/ament_cmake_export_targets-extras.cmake
[1.761s] -- Up-to-date: /home/ubuntu-nuc/rc2_ws/install/auto_aim_interfaces/share/auto_aim_interfaces/cmake/rosidl_cmake_export_typesupport_targets-extras.cmake
[1.761s] -- Up-to-date: /home/ubuntu-nuc/rc2_ws/install/auto_aim_interfaces/share/auto_aim_interfaces/cmake/ament_cmake_export_dependencies-extras.cmake
[1.761s] -- Up-to-date: /home/ubuntu-nuc/rc2_ws/install/auto_aim_interfaces/share/auto_aim_interfaces/cmake/rosidl_cmake_export_typesupport_libraries-extras.cmake
[1.761s] -- Up-to-date: /home/ubuntu-nuc/rc2_ws/install/auto_aim_interfaces/share/auto_aim_interfaces/cmake/auto_aim_interfacesConfig.cmake
[1.761s] -- Up-to-date: /home/ubuntu-nuc/rc2_ws/install/auto_aim_interfaces/share/auto_aim_interfaces/cmake/auto_aim_interfacesConfig-version.cmake
[1.761s] -- Up-to-date: /home/ubuntu-nuc/rc2_ws/install/auto_aim_interfaces/share/auto_aim_interfaces/package.xml
[1.762s] Invoked command in '/home/ubuntu-nuc/rc2_ws/build/auto_aim_interfaces' returned '0': /usr/local/bin/cmake --install /home/ubuntu-nuc/rc2_ws/build/auto_aim_interfaces
