[0.013s] Invoking command in '/home/ubuntu-nuc/rc2_ws/build/livox_sdk2': /usr/local/bin/cmake /home/ubuntu-nuc/rc2_ws/src/Livox-SDK2 -DROS_EDITION=ROS2 -DDISTRO_ROS=humble -DCMAKE_INSTALL_PREFIX=/home/ubuntu-nuc/rc2_ws/install/livox_sdk2
[0.015s] [0mCMake Deprecation Warning at CMakeLists.txt:1 (cmake_minimum_required):
[0.015s]   Compatibility with CMake < 3.10 will be removed from a future version of
[0.015s]   CMake.
[0.015s] 
[0.015s]   Update the VERSION argument <min> value.  Or, use the <min>...<max> syntax
[0.015s]   to tell CMake that the project requires at least <min> but has been updated
[0.015s]   to work with policies introduced by <max> or earlier.
[0.016s] 
[0.016s] [0m
[0.048s] -- The C compiler identification is GNU 11.4.0
[0.094s] -- The CXX compiler identification is GNU 11.4.0
[0.100s] -- Detecting C compiler ABI info
[0.142s] -- Detecting C compiler ABI info - done
[0.155s] -- Check for working C compiler: /usr/bin/cc - skipped
[0.155s] -- Detecting C compile features
[0.155s] -- Detecting C compile features - done
[0.163s] -- Detecting CXX compiler ABI info
[0.213s] -- Detecting CXX compiler ABI info - done
[0.234s] -- Check for working CXX compiler: /usr/bin/c++ - skipped
[0.234s] -- Detecting CXX compile features
[0.234s] -- Detecting CXX compile features - done
[0.239s] -- main project dir: /home/ubuntu-nuc/rc2_ws/src/Livox-SDK2
[0.240s] [0mCMake Deprecation Warning at sdk_core/CMakeLists.txt:1 (cmake_minimum_required):
[0.240s]   Compatibility with CMake < 3.10 will be removed from a future version of
[0.240s]   CMake.
[0.240s] 
[0.240s]   Update the VERSION argument <min> value.  Or, use the <min>...<max> syntax
[0.240s]   to tell CMake that the project requires at least <min> but has been updated
[0.240s]   to work with policies introduced by <max> or earlier.
[0.240s] 
[0.240s] [0m
[0.240s] [0mCMake Deprecation Warning at samples/CMakeLists.txt:1 (cmake_minimum_required):
[0.240s]   Compatibility with CMake < 3.10 will be removed from a future version of
[0.240s]   CMake.
[0.240s] 
[0.240s]   Update the VERSION argument <min> value.  Or, use the <min>...<max> syntax
[0.240s]   to tell CMake that the project requires at least <min> but has been updated
[0.241s]   to work with policies introduced by <max> or earlier.
[0.241s] 
[0.241s] [0m
[0.241s] -- main project dir: /home/ubuntu-nuc/rc2_ws/src/Livox-SDK2/samples
[0.241s] [0mCMake Deprecation Warning at samples/livox_lidar_quick_start/CMakeLists.txt:1 (cmake_minimum_required):
[0.241s]   Compatibility with CMake < 3.10 will be removed from a future version of
[0.241s]   CMake.
[0.241s] 
[0.241s]   Update the VERSION argument <min> value.  Or, use the <min>...<max> syntax
[0.241s]   to tell CMake that the project requires at least <min> but has been updated
[0.241s]   to work with policies introduced by <max> or earlier.
[0.241s] 
[0.241s] [0m
[0.241s] [0mCMake Deprecation Warning at samples/multi_lidars_upgrade/CMakeLists.txt:1 (cmake_minimum_required):
[0.241s]   Compatibility with CMake < 3.10 will be removed from a future version of
[0.241s]   CMake.
[0.241s] 
[0.241s]   Update the VERSION argument <min> value.  Or, use the <min>...<max> syntax
[0.242s]   to tell CMake that the project requires at least <min> but has been updated
[0.242s]   to work with policies introduced by <max> or earlier.
[0.242s] 
[0.242s] [0m
[0.242s] [0mCMake Deprecation Warning at samples/logger/CMakeLists.txt:1 (cmake_minimum_required):
[0.242s]   Compatibility with CMake < 3.10 will be removed from a future version of
[0.242s]   CMake.
[0.242s] 
[0.242s]   Update the VERSION argument <min> value.  Or, use the <min>...<max> syntax
[0.242s]   to tell CMake that the project requires at least <min> but has been updated
[0.242s]   to work with policies introduced by <max> or earlier.
[0.242s] 
[0.242s] [0m
[0.242s] [0mCMake Deprecation Warning at samples/debug_point_cloud/CMakeLists.txt:1 (cmake_minimum_required):
[0.242s]   Compatibility with CMake < 3.10 will be removed from a future version of
[0.242s]   CMake.
[0.242s] 
[0.242s]   Update the VERSION argument <min> value.  Or, use the <min>...<max> syntax
[0.242s]   to tell CMake that the project requires at least <min> but has been updated
[0.242s]   to work with policies introduced by <max> or earlier.
[0.243s] 
[0.243s] [0m
[0.243s] [0mCMake Deprecation Warning at samples/lidar_cmd_observer/CMakeLists.txt:1 (cmake_minimum_required):
[0.243s]   Compatibility with CMake < 3.10 will be removed from a future version of
[0.243s]   CMake.
[0.243s] 
[0.243s]   Update the VERSION argument <min> value.  Or, use the <min>...<max> syntax
[0.243s]   to tell CMake that the project requires at least <min> but has been updated
[0.243s]   to work with policies introduced by <max> or earlier.
[0.243s] 
[0.243s] [0m
[0.243s] [0mCMake Deprecation Warning at samples/livox_lidar_rmc_time_sync/CMakeLists.txt:1 (cmake_minimum_required):
[0.243s]   Compatibility with CMake < 3.10 will be removed from a future version of
[0.243s]   CMake.
[0.243s] 
[0.243s]   Update the VERSION argument <min> value.  Or, use the <min>...<max> syntax
[0.243s]   to tell CMake that the project requires at least <min> but has been updated
[0.243s]   to work with policies introduced by <max> or earlier.
[0.243s] 
[0.243s] [0m
[0.243s] -- Configuring done (0.2s)
[0.259s] -- Generating done (0.0s)
[0.260s] [33mCMake Warning:
[0.260s]   Manually-specified variables were not used by the project:
[0.260s] 
[0.260s]     DISTRO_ROS
[0.260s]     ROS_EDITION
[0.260s] 
[0.260s] [0m
[0.262s] -- Build files have been written to: /home/ubuntu-nuc/rc2_ws/build/livox_sdk2
[0.265s] Invoked command in '/home/ubuntu-nuc/rc2_ws/build/livox_sdk2' returned '0': /usr/local/bin/cmake /home/ubuntu-nuc/rc2_ws/src/Livox-SDK2 -DROS_EDITION=ROS2 -DDISTRO_ROS=humble -DCMAKE_INSTALL_PREFIX=/home/ubuntu-nuc/rc2_ws/install/livox_sdk2
[0.267s] Invoking command in '/home/ubuntu-nuc/rc2_ws/build/livox_sdk2': /usr/local/bin/cmake --build /home/ubuntu-nuc/rc2_ws/build/livox_sdk2 -- -j8 -l8
[0.287s] [  4%] [32mBuilding CXX object sdk_core/CMakeFiles/livox_lidar_sdk_static.dir/device_manager.cpp.o[0m
[0.287s] [  4%] [32mBuilding CXX object sdk_core/CMakeFiles/livox_lidar_sdk_static.dir/livox_lidar_sdk.cpp.o[0m
[0.287s] [  4%] [32mBuilding CXX object sdk_core/CMakeFiles/livox_lidar_sdk_shared.dir/device_manager.cpp.o[0m
[0.288s] [  4%] [32mBuilding CXX object sdk_core/CMakeFiles/livox_lidar_sdk_shared.dir/__/3rdparty/FastCRC/FastCRCsw.cpp.o[0m
[0.288s] [  5%] [32mBuilding CXX object sdk_core/CMakeFiles/livox_lidar_sdk_static.dir/__/3rdparty/FastCRC/FastCRCsw.cpp.o[0m
[0.289s] [  7%] [32mBuilding CXX object sdk_core/CMakeFiles/livox_lidar_sdk_shared.dir/params_check.cpp.o[0m
[0.289s] [  8%] [32mBuilding CXX object sdk_core/CMakeFiles/livox_lidar_sdk_shared.dir/livox_lidar_sdk.cpp.o[0m
[0.295s] [  9%] [32mBuilding CXX object sdk_core/CMakeFiles/livox_lidar_sdk_static.dir/params_check.cpp.o[0m
[0.404s] [ 10%] [32mBuilding CXX object sdk_core/CMakeFiles/livox_lidar_sdk_static.dir/parse_cfg_file.cpp.o[0m
[0.412s] [ 11%] [32mBuilding CXX object sdk_core/CMakeFiles/livox_lidar_sdk_shared.dir/parse_cfg_file.cpp.o[0m
[3.606s] [ 12%] [32mBuilding CXX object sdk_core/CMakeFiles/livox_lidar_sdk_static.dir/upgrade_manager.cpp.o[0m
[3.804s] [ 14%] [32mBuilding CXX object sdk_core/CMakeFiles/livox_lidar_sdk_shared.dir/upgrade_manager.cpp.o[0m
[4.796s] [ 15%] [32mBuilding CXX object sdk_core/CMakeFiles/livox_lidar_sdk_shared.dir/base/io_loop.cpp.o[0m
[4.873s] [ 16%] [32mBuilding CXX object sdk_core/CMakeFiles/livox_lidar_sdk_static.dir/base/io_loop.cpp.o[0m
[4.991s] [ 17%] [32mBuilding CXX object sdk_core/CMakeFiles/livox_lidar_sdk_shared.dir/base/thread_base.cpp.o[0m
[5.107s] [ 18%] [32mBuilding CXX object sdk_core/CMakeFiles/livox_lidar_sdk_shared.dir/base/io_thread.cpp.o[0m
[5.553s] [ 20%] [32mBuilding CXX object sdk_core/CMakeFiles/livox_lidar_sdk_shared.dir/base/logging.cpp.o[0m
[6.381s] [ 21%] [32mBuilding CXX object sdk_core/CMakeFiles/livox_lidar_sdk_shared.dir/base/multiple_io/multiple_io_base.cpp.o[0m
[6.381s] [ 22%] [32mBuilding CXX object sdk_core/CMakeFiles/livox_lidar_sdk_shared.dir/base/network/unix/network_util.cpp.o[0m
[6.852s] [ 23%] [32mBuilding CXX object sdk_core/CMakeFiles/livox_lidar_sdk_static.dir/base/thread_base.cpp.o[0m
[6.965s] [ 24%] [32mBuilding CXX object sdk_core/CMakeFiles/livox_lidar_sdk_static.dir/base/io_thread.cpp.o[0m
[7.062s] [ 25%] [32mBuilding CXX object sdk_core/CMakeFiles/livox_lidar_sdk_static.dir/base/logging.cpp.o[0m
[7.176s] [ 27%] [32mBuilding CXX object sdk_core/CMakeFiles/livox_lidar_sdk_shared.dir/base/multiple_io/multiple_io_epoll.cpp.o[0m
[8.040s] [ 28%] [32mBuilding CXX object sdk_core/CMakeFiles/livox_lidar_sdk_static.dir/base/network/unix/network_util.cpp.o[0m
[8.067s] [ 29%] [32mBuilding CXX object sdk_core/CMakeFiles/livox_lidar_sdk_static.dir/base/multiple_io/multiple_io_base.cpp.o[0m
[8.210s] [ 30%] [32mBuilding CXX object sdk_core/CMakeFiles/livox_lidar_sdk_shared.dir/base/multiple_io/multiple_io_poll.cpp.o[0m
[8.339s] [ 31%] [32mBuilding CXX object sdk_core/CMakeFiles/livox_lidar_sdk_static.dir/base/multiple_io/multiple_io_epoll.cpp.o[0m
[8.469s] [ 32%] [32mBuilding CXX object sdk_core/CMakeFiles/livox_lidar_sdk_static.dir/base/multiple_io/multiple_io_poll.cpp.o[0m
[8.792s] [ 34%] [32mBuilding CXX object sdk_core/CMakeFiles/livox_lidar_sdk_static.dir/base/multiple_io/multiple_io_select.cpp.o[0m
[8.797s] [ 35%] [32mBuilding CXX object sdk_core/CMakeFiles/livox_lidar_sdk_shared.dir/base/multiple_io/multiple_io_select.cpp.o[0m
[9.149s] [ 36%] [32mBuilding CXX object sdk_core/CMakeFiles/livox_lidar_sdk_static.dir/base/multiple_io/multiple_io_kqueue.cpp.o[0m
[9.324s] [ 37%] [32mBuilding CXX object sdk_core/CMakeFiles/livox_lidar_sdk_static.dir/base/wake_up/unix/wake_up_pipe.cpp.o[0m
[9.370s] [ 38%] [32mBuilding CXX object sdk_core/CMakeFiles/livox_lidar_sdk_shared.dir/base/multiple_io/multiple_io_kqueue.cpp.o[0m
[9.432s] [ 40%] [32mBuilding CXX object sdk_core/CMakeFiles/livox_lidar_sdk_static.dir/comm/comm_port.cpp.o[0m
[9.435s] [ 41%] [32mBuilding CXX object sdk_core/CMakeFiles/livox_lidar_sdk_shared.dir/base/wake_up/unix/wake_up_pipe.cpp.o[0m
[9.526s] [ 42%] [32mBuilding CXX object sdk_core/CMakeFiles/livox_lidar_sdk_static.dir/comm/sdk_protocol.cpp.o[0m
[9.624s] [ 43%] [32mBuilding CXX object sdk_core/CMakeFiles/livox_lidar_sdk_static.dir/comm/generate_seq.cpp.o[0m
[9.641s] [ 44%] [32mBuilding CXX object sdk_core/CMakeFiles/livox_lidar_sdk_shared.dir/comm/comm_port.cpp.o[0m
[9.767s] [ 45%] [32mBuilding CXX object sdk_core/CMakeFiles/livox_lidar_sdk_static.dir/upgrade/firmware.cpp.o[0m
[10.065s] [ 47%] [32mBuilding CXX object sdk_core/CMakeFiles/livox_lidar_sdk_static.dir/upgrade/livox_lidar_upgrader.cpp.o[0m
[10.082s] [ 48%] [32mBuilding CXX object sdk_core/CMakeFiles/livox_lidar_sdk_static.dir/logger_handler/logger_manager.cpp.o[0m
[10.299s] [ 49%] [32mBuilding CXX object sdk_core/CMakeFiles/livox_lidar_sdk_shared.dir/comm/sdk_protocol.cpp.o[0m
[10.383s] [ 50%] [32mBuilding CXX object sdk_core/CMakeFiles/livox_lidar_sdk_static.dir/logger_handler/logger_handler.cpp.o[0m
[10.473s] [ 51%] [32mBuilding CXX object sdk_core/CMakeFiles/livox_lidar_sdk_static.dir/logger_handler/file_manager.cpp.o[0m
[10.877s] [ 52%] [32mBuilding CXX object sdk_core/CMakeFiles/livox_lidar_sdk_shared.dir/comm/generate_seq.cpp.o[0m
[11.234s] [ 54%] [32mBuilding CXX object sdk_core/CMakeFiles/livox_lidar_sdk_static.dir/data_handler/data_handler.cpp.o[0m
[11.361s] [ 55%] [32mBuilding CXX object sdk_core/CMakeFiles/livox_lidar_sdk_static.dir/command_handler/command_impl.cpp.o[0m
[11.761s] [ 56%] [32mBuilding CXX object sdk_core/CMakeFiles/livox_lidar_sdk_shared.dir/upgrade/firmware.cpp.o[0m
[12.217s] [ 57%] [32mBuilding CXX object sdk_core/CMakeFiles/livox_lidar_sdk_shared.dir/upgrade/livox_lidar_upgrader.cpp.o[0m
[13.571s] [ 58%] [32mBuilding CXX object sdk_core/CMakeFiles/livox_lidar_sdk_static.dir/command_handler/general_command_handler.cpp.o[0m
[13.658s] [ 60%] [32mBuilding CXX object sdk_core/CMakeFiles/livox_lidar_sdk_shared.dir/logger_handler/logger_manager.cpp.o[0m
[14.888s] [ 61%] [32mBuilding CXX object sdk_core/CMakeFiles/livox_lidar_sdk_shared.dir/logger_handler/logger_handler.cpp.o[0m
[14.952s] [ 62%] [32mBuilding CXX object sdk_core/CMakeFiles/livox_lidar_sdk_static.dir/command_handler/hap_command_handler.cpp.o[0m
[15.741s] [ 63%] [32mBuilding CXX object sdk_core/CMakeFiles/livox_lidar_sdk_static.dir/command_handler/mid360_command_handler.cpp.o[0m
[16.087s] [ 64%] [32mBuilding CXX object sdk_core/CMakeFiles/livox_lidar_sdk_static.dir/command_handler/build_request.cpp.o[0m
[16.668s] [ 65%] [32mBuilding CXX object sdk_core/CMakeFiles/livox_lidar_sdk_static.dir/command_handler/parse_lidar_state_info.cpp.o[0m
[17.255s] [ 67%] [32mBuilding CXX object sdk_core/CMakeFiles/livox_lidar_sdk_static.dir/command_handler/mid360s_command_handler.cpp.o[0m
[18.021s] In file included from [01m[K/home/ubuntu-nuc/rc2_ws/src/Livox-SDK2/sdk_core/../3rdparty/rapidjson/stream.h:19[m[K,
[18.022s]                  from [01m[K/home/ubuntu-nuc/rc2_ws/src/Livox-SDK2/sdk_core/../3rdparty/rapidjson/memorystream.h:22[m[K,
[18.022s]                  from [01m[K/home/ubuntu-nuc/rc2_ws/src/Livox-SDK2/sdk_core/../3rdparty/rapidjson/encodedstream.h:22[m[K,
[18.022s]                  from [01m[K/home/ubuntu-nuc/rc2_ws/src/Livox-SDK2/sdk_core/../3rdparty/rapidjson/document.h:26[m[K,
[18.022s]                  from [01m[K/home/ubuntu-nuc/rc2_ws/src/Livox-SDK2/sdk_core/command_handler/parse_lidar_state_info.h:38[m[K,
[18.022s]                  from [01m[K/home/ubuntu-nuc/rc2_ws/src/Livox-SDK2/sdk_core/command_handler/parse_lidar_state_info.cpp:2[m[K:
[18.022s] [01m[K/home/ubuntu-nuc/rc2_ws/src/Livox-SDK2/sdk_core/../3rdparty/rapidjson/rapidjson.h:542:29:[m[K [01;35m[Kwarning: [m[Kunknown option after ‘[01m[K#pragma GCC diagnostic[m[K’ kind [[01;35m[K-Wpragmas[m[K]
[18.022s]   542 | #define RAPIDJSON_PRAGMA(x) [01;35m[K_Pragma[m[K(RAPIDJSON_STRINGIFY(x))
[18.022s]       |                             [01;35m[K^~~~~~~[m[K
[18.022s] [01m[K/home/ubuntu-nuc/rc2_ws/src/Livox-SDK2/sdk_core/../3rdparty/rapidjson/rapidjson.h:543:34:[m[K [01;36m[Knote: [m[Kin expansion of macro ‘[01m[KRAPIDJSON_PRAGMA[m[K’
[18.022s]   543 | #define RAPIDJSON_DIAG_PRAGMA(x) [01;36m[KRAPIDJSON_PRAGMA[m[K(GCC diagnostic x)
[18.022s]       |                                  [01;36m[K^~~~~~~~~~~~~~~~[m[K
[18.022s] [01m[K/home/ubuntu-nuc/rc2_ws/src/Livox-SDK2/sdk_core/../3rdparty/rapidjson/rapidjson.h:545:3:[m[K [01;36m[Knote: [m[Kin expansion of macro ‘[01m[KRAPIDJSON_DIAG_PRAGMA[m[K’
[18.022s]   545 |   [01;36m[KRAPIDJSON_DIAG_PRAGMA[m[K(ignored RAPIDJSON_STRINGIFY(RAPIDJSON_JOIN(-W, x)))
[18.022s]       |   [01;36m[K^~~~~~~~~~~~~~~~~~~~~[m[K
[18.022s] [01m[K/home/ubuntu-nuc/rc2_ws/src/Livox-SDK2/sdk_core/../3rdparty/rapidjson/internal/dtoa.h:36:1:[m[K [01;36m[Knote: [m[Kin expansion of macro ‘[01m[KRAPIDJSON_DIAG_OFF[m[K’
[18.023s]    36 | [01;36m[KRAPIDJSON_DIAG_OFF[m[K(array - bounds)  // some gcc versions generate wrong warnings
[18.023s]       | [01;36m[K^~~~~~~~~~~~~~~~~~[m[K
[18.028s] [01m[K/home/ubuntu-nuc/rc2_ws/src/Livox-SDK2/sdk_core/../3rdparty/rapidjson/rapidjson.h:542:29:[m[K [01;36m[Knote: [m[Kdid you mean ‘[01m[K-Warray-bounds[m[K’?
[18.029s]   542 | #define RAPIDJSON_PRAGMA(x) [01;36m[K_Pragma[m[K(RAPIDJSON_STRINGIFY(x))
[18.029s]       |                             [01;36m[K^~~~~~~[m[K
[18.029s] [01m[K/home/ubuntu-nuc/rc2_ws/src/Livox-SDK2/sdk_core/../3rdparty/rapidjson/rapidjson.h:543:34:[m[K [01;36m[Knote: [m[Kin expansion of macro ‘[01m[KRAPIDJSON_PRAGMA[m[K’
[18.029s]   543 | #define RAPIDJSON_DIAG_PRAGMA(x) [01;36m[KRAPIDJSON_PRAGMA[m[K(GCC diagnostic x)
[18.029s]       |                                  [01;36m[K^~~~~~~~~~~~~~~~[m[K
[18.029s] [01m[K/home/ubuntu-nuc/rc2_ws/src/Livox-SDK2/sdk_core/../3rdparty/rapidjson/rapidjson.h:545:3:[m[K [01;36m[Knote: [m[Kin expansion of macro ‘[01m[KRAPIDJSON_DIAG_PRAGMA[m[K’
[18.029s]   545 |   [01;36m[KRAPIDJSON_DIAG_PRAGMA[m[K(ignored RAPIDJSON_STRINGIFY(RAPIDJSON_JOIN(-W, x)))
[18.029s]       |   [01;36m[K^~~~~~~~~~~~~~~~~~~~~[m[K
[18.029s] [01m[K/home/ubuntu-nuc/rc2_ws/src/Livox-SDK2/sdk_core/../3rdparty/rapidjson/internal/dtoa.h:36:1:[m[K [01;36m[Knote: [m[Kin expansion of macro ‘[01m[KRAPIDJSON_DIAG_OFF[m[K’
[18.029s]    36 | [01;36m[KRAPIDJSON_DIAG_OFF[m[K(array - bounds)  // some gcc versions generate wrong warnings
[18.029s]       | [01;36m[K^~~~~~~~~~~~~~~~~~[m[K
[18.152s] In file included from [01m[K/home/ubuntu-nuc/rc2_ws/src/Livox-SDK2/sdk_core/../3rdparty/rapidjson/stream.h:19[m[K,
[18.153s]                  from [01m[K/home/ubuntu-nuc/rc2_ws/src/Livox-SDK2/sdk_core/../3rdparty/rapidjson/memorystream.h:22[m[K,
[18.153s]                  from [01m[K/home/ubuntu-nuc/rc2_ws/src/Livox-SDK2/sdk_core/../3rdparty/rapidjson/encodedstream.h:22[m[K,
[18.153s]                  from [01m[K/home/ubuntu-nuc/rc2_ws/src/Livox-SDK2/sdk_core/../3rdparty/rapidjson/document.h:26[m[K,
[18.153s]                  from [01m[K/home/ubuntu-nuc/rc2_ws/src/Livox-SDK2/sdk_core/command_handler/parse_lidar_state_info.h:38[m[K,
[18.153s]                  from [01m[K/home/ubuntu-nuc/rc2_ws/src/Livox-SDK2/sdk_core/command_handler/hap_command_handler.cpp:37[m[K:
[18.153s] [01m[K/home/ubuntu-nuc/rc2_ws/src/Livox-SDK2/sdk_core/../3rdparty/rapidjson/rapidjson.h:542:29:[m[K [01;35m[Kwarning: [m[Kunknown option after ‘[01m[K#pragma GCC diagnostic[m[K’ kind [[01;35m[K-Wpragmas[m[K]
[18.153s]   542 | #define RAPIDJSON_PRAGMA(x) [01;35m[K_Pragma[m[K(RAPIDJSON_STRINGIFY(x))
[18.153s]       |                             [01;35m[K^~~~~~~[m[K
[18.153s] [01m[K/home/ubuntu-nuc/rc2_ws/src/Livox-SDK2/sdk_core/../3rdparty/rapidjson/rapidjson.h:543:34:[m[K [01;36m[Knote: [m[Kin expansion of macro ‘[01m[KRAPIDJSON_PRAGMA[m[K’
[18.153s]   543 | #define RAPIDJSON_DIAG_PRAGMA(x) [01;36m[KRAPIDJSON_PRAGMA[m[K(GCC diagnostic x)
[18.153s]       |                                  [01;36m[K^~~~~~~~~~~~~~~~[m[K
[18.153s] [01m[K/home/ubuntu-nuc/rc2_ws/src/Livox-SDK2/sdk_core/../3rdparty/rapidjson/rapidjson.h:545:3:[m[K [01;36m[Knote: [m[Kin expansion of macro ‘[01m[KRAPIDJSON_DIAG_PRAGMA[m[K’
[18.153s]   545 |   [01;36m[KRAPIDJSON_DIAG_PRAGMA[m[K(ignored RAPIDJSON_STRINGIFY(RAPIDJSON_JOIN(-W, x)))
[18.153s]       |   [01;36m[K^~~~~~~~~~~~~~~~~~~~~[m[K
[18.153s] [01m[K/home/ubuntu-nuc/rc2_ws/src/Livox-SDK2/sdk_core/../3rdparty/rapidjson/internal/dtoa.h:36:1:[m[K [01;36m[Knote: [m[Kin expansion of macro ‘[01m[KRAPIDJSON_DIAG_OFF[m[K’
[18.153s]    36 | [01;36m[KRAPIDJSON_DIAG_OFF[m[K(array - bounds)  // some gcc versions generate wrong warnings
[18.154s]       | [01;36m[K^~~~~~~~~~~~~~~~~~[m[K
[18.162s] [01m[K/home/ubuntu-nuc/rc2_ws/src/Livox-SDK2/sdk_core/../3rdparty/rapidjson/rapidjson.h:542:29:[m[K [01;36m[Knote: [m[Kdid you mean ‘[01m[K-Warray-bounds[m[K’?
[18.162s]   542 | #define RAPIDJSON_PRAGMA(x) [01;36m[K_Pragma[m[K(RAPIDJSON_STRINGIFY(x))
[18.162s]       |                             [01;36m[K^~~~~~~[m[K
[18.162s] [01m[K/home/ubuntu-nuc/rc2_ws/src/Livox-SDK2/sdk_core/../3rdparty/rapidjson/rapidjson.h:543:34:[m[K [01;36m[Knote: [m[Kin expansion of macro ‘[01m[KRAPIDJSON_PRAGMA[m[K’
[18.162s]   543 | #define RAPIDJSON_DIAG_PRAGMA(x) [01;36m[KRAPIDJSON_PRAGMA[m[K(GCC diagnostic x)
[18.162s]       |                                  [01;36m[K^~~~~~~~~~~~~~~~[m[K
[18.162s] [01m[K/home/ubuntu-nuc/rc2_ws/src/Livox-SDK2/sdk_core/../3rdparty/rapidjson/rapidjson.h:545:3:[m[K [01;36m[Knote: [m[Kin expansion of macro ‘[01m[KRAPIDJSON_DIAG_PRAGMA[m[K’
[18.162s]   545 |   [01;36m[KRAPIDJSON_DIAG_PRAGMA[m[K(ignored RAPIDJSON_STRINGIFY(RAPIDJSON_JOIN(-W, x)))
[18.162s]       |   [01;36m[K^~~~~~~~~~~~~~~~~~~~~[m[K
[18.162s] [01m[K/home/ubuntu-nuc/rc2_ws/src/Livox-SDK2/sdk_core/../3rdparty/rapidjson/internal/dtoa.h:36:1:[m[K [01;36m[Knote: [m[Kin expansion of macro ‘[01m[KRAPIDJSON_DIAG_OFF[m[K’
[18.162s]    36 | [01;36m[KRAPIDJSON_DIAG_OFF[m[K(array - bounds)  // some gcc versions generate wrong warnings
[18.162s]       | [01;36m[K^~~~~~~~~~~~~~~~~~[m[K
[18.601s] In file included from [01m[K/home/ubuntu-nuc/rc2_ws/src/Livox-SDK2/sdk_core/../3rdparty/rapidjson/stream.h:19[m[K,
[18.602s]                  from [01m[K/home/ubuntu-nuc/rc2_ws/src/Livox-SDK2/sdk_core/../3rdparty/rapidjson/memorystream.h:22[m[K,
[18.602s]                  from [01m[K/home/ubuntu-nuc/rc2_ws/src/Livox-SDK2/sdk_core/../3rdparty/rapidjson/encodedstream.h:22[m[K,
[18.604s]                  from [01m[K/home/ubuntu-nuc/rc2_ws/src/Livox-SDK2/sdk_core/../3rdparty/rapidjson/document.h:26[m[K,
[18.604s]                  from [01m[K/home/ubuntu-nuc/rc2_ws/src/Livox-SDK2/sdk_core/command_handler/parse_lidar_state_info.h:38[m[K,
[18.604s]                  from [01m[K/home/ubuntu-nuc/rc2_ws/src/Livox-SDK2/sdk_core/command_handler/mid360_command_handler.cpp:37[m[K:
[18.604s] [01m[K/home/ubuntu-nuc/rc2_ws/src/Livox-SDK2/sdk_core/../3rdparty/rapidjson/rapidjson.h:542:29:[m[K [01;35m[Kwarning: [m[Kunknown option after ‘[01m[K#pragma GCC diagnostic[m[K’ kind [[01;35m[K-Wpragmas[m[K]
[18.604s]   542 | #define RAPIDJSON_PRAGMA(x) [01;35m[K_Pragma[m[K(RAPIDJSON_STRINGIFY(x))
[18.604s]       |                             [01;35m[K^~~~~~~[m[K
[18.604s] [01m[K/home/ubuntu-nuc/rc2_ws/src/Livox-SDK2/sdk_core/../3rdparty/rapidjson/rapidjson.h:543:34:[m[K [01;36m[Knote: [m[Kin expansion of macro ‘[01m[KRAPIDJSON_PRAGMA[m[K’
[18.604s]   543 | #define RAPIDJSON_DIAG_PRAGMA(x) [01;36m[KRAPIDJSON_PRAGMA[m[K(GCC diagnostic x)
[18.604s]       |                                  [01;36m[K^~~~~~~~~~~~~~~~[m[K
[18.604s] [01m[K/home/ubuntu-nuc/rc2_ws/src/Livox-SDK2/sdk_core/../3rdparty/rapidjson/rapidjson.h:545:3:[m[K [01;36m[Knote: [m[Kin expansion of macro ‘[01m[KRAPIDJSON_DIAG_PRAGMA[m[K’
[18.605s]   545 |   [01;36m[KRAPIDJSON_DIAG_PRAGMA[m[K(ignored RAPIDJSON_STRINGIFY(RAPIDJSON_JOIN(-W, x)))
[18.605s]       |   [01;36m[K^~~~~~~~~~~~~~~~~~~~~[m[K
[18.605s] [01m[K/home/ubuntu-nuc/rc2_ws/src/Livox-SDK2/sdk_core/../3rdparty/rapidjson/internal/dtoa.h:36:1:[m[K [01;36m[Knote: [m[Kin expansion of macro ‘[01m[KRAPIDJSON_DIAG_OFF[m[K’
[18.605s]    36 | [01;36m[KRAPIDJSON_DIAG_OFF[m[K(array - bounds)  // some gcc versions generate wrong warnings
[18.605s]       | [01;36m[K^~~~~~~~~~~~~~~~~~[m[K
[18.614s] [01m[K/home/ubuntu-nuc/rc2_ws/src/Livox-SDK2/sdk_core/../3rdparty/rapidjson/rapidjson.h:542:29:[m[K [01;36m[Knote: [m[Kdid you mean ‘[01m[K-Warray-bounds[m[K’?
[18.614s]   542 | #define RAPIDJSON_PRAGMA(x) [01;36m[K_Pragma[m[K(RAPIDJSON_STRINGIFY(x))
[18.614s]       |                             [01;36m[K^~~~~~~[m[K
[18.614s] [01m[K/home/ubuntu-nuc/rc2_ws/src/Livox-SDK2/sdk_core/../3rdparty/rapidjson/rapidjson.h:543:34:[m[K [01;36m[Knote: [m[Kin expansion of macro ‘[01m[KRAPIDJSON_PRAGMA[m[K’
[18.614s]   543 | #define RAPIDJSON_DIAG_PRAGMA(x) [01;36m[KRAPIDJSON_PRAGMA[m[K(GCC diagnostic x)
[18.615s]       |                                  [01;36m[K^~~~~~~~~~~~~~~~[m[K
[18.615s] [01m[K/home/ubuntu-nuc/rc2_ws/src/Livox-SDK2/sdk_core/../3rdparty/rapidjson/rapidjson.h:545:3:[m[K [01;36m[Knote: [m[Kin expansion of macro ‘[01m[KRAPIDJSON_DIAG_PRAGMA[m[K’
[18.615s]   545 |   [01;36m[KRAPIDJSON_DIAG_PRAGMA[m[K(ignored RAPIDJSON_STRINGIFY(RAPIDJSON_JOIN(-W, x)))
[18.615s]       |   [01;36m[K^~~~~~~~~~~~~~~~~~~~~[m[K
[18.615s] [01m[K/home/ubuntu-nuc/rc2_ws/src/Livox-SDK2/sdk_core/../3rdparty/rapidjson/internal/dtoa.h:36:1:[m[K [01;36m[Knote: [m[Kin expansion of macro ‘[01m[KRAPIDJSON_DIAG_OFF[m[K’
[18.615s]    36 | [01;36m[KRAPIDJSON_DIAG_OFF[m[K(array - bounds)  // some gcc versions generate wrong warnings
[18.615s]       | [01;36m[K^~~~~~~~~~~~~~~~~~[m[K
[20.746s] In file included from [01m[K/home/ubuntu-nuc/rc2_ws/src/Livox-SDK2/sdk_core/../3rdparty/rapidjson/stream.h:19[m[K,
[20.746s]                  from [01m[K/home/ubuntu-nuc/rc2_ws/src/Livox-SDK2/sdk_core/../3rdparty/rapidjson/memorystream.h:22[m[K,
[20.746s]                  from [01m[K/home/ubuntu-nuc/rc2_ws/src/Livox-SDK2/sdk_core/../3rdparty/rapidjson/encodedstream.h:22[m[K,
[20.746s]                  from [01m[K/home/ubuntu-nuc/rc2_ws/src/Livox-SDK2/sdk_core/../3rdparty/rapidjson/document.h:26[m[K,
[20.747s]                  from [01m[K/home/ubuntu-nuc/rc2_ws/src/Livox-SDK2/sdk_core/command_handler/parse_lidar_state_info.h:38[m[K,
[20.747s]                  from [01m[K/home/ubuntu-nuc/rc2_ws/src/Livox-SDK2/sdk_core/command_handler/mid360s_command_handler.cpp:37[m[K:
[20.747s] [01m[K/home/ubuntu-nuc/rc2_ws/src/Livox-SDK2/sdk_core/../3rdparty/rapidjson/rapidjson.h:542:29:[m[K [01;35m[Kwarning: [m[Kunknown option after ‘[01m[K#pragma GCC diagnostic[m[K’ kind [[01;35m[K-Wpragmas[m[K]
[20.747s]   542 | #define RAPIDJSON_PRAGMA(x) [01;35m[K_Pragma[m[K(RAPIDJSON_STRINGIFY(x))
[20.747s]       |                             [01;35m[K^~~~~~~[m[K
[20.747s] [01m[K/home/ubuntu-nuc/rc2_ws/src/Livox-SDK2/sdk_core/../3rdparty/rapidjson/rapidjson.h:543:34:[m[K [01;36m[Knote: [m[Kin expansion of macro ‘[01m[KRAPIDJSON_PRAGMA[m[K’
[20.747s]   543 | #define RAPIDJSON_DIAG_PRAGMA(x) [01;36m[KRAPIDJSON_PRAGMA[m[K(GCC diagnostic x)
[20.747s]       |                                  [01;36m[K^~~~~~~~~~~~~~~~[m[K
[20.747s] [01m[K/home/ubuntu-nuc/rc2_ws/src/Livox-SDK2/sdk_core/../3rdparty/rapidjson/rapidjson.h:545:3:[m[K [01;36m[Knote: [m[Kin expansion of macro ‘[01m[KRAPIDJSON_DIAG_PRAGMA[m[K’
[20.747s]   545 |   [01;36m[KRAPIDJSON_DIAG_PRAGMA[m[K(ignored RAPIDJSON_STRINGIFY(RAPIDJSON_JOIN(-W, x)))
[20.747s]       |   [01;36m[K^~~~~~~~~~~~~~~~~~~~~[m[K
[20.747s] [01m[K/home/ubuntu-nuc/rc2_ws/src/Livox-SDK2/sdk_core/../3rdparty/rapidjson/internal/dtoa.h:36:1:[m[K [01;36m[Knote: [m[Kin expansion of macro ‘[01m[KRAPIDJSON_DIAG_OFF[m[K’
[20.747s]    36 | [01;36m[KRAPIDJSON_DIAG_OFF[m[K(array - bounds)  // some gcc versions generate wrong warnings
[20.747s]       | [01;36m[K^~~~~~~~~~~~~~~~~~[m[K
[20.770s] [01m[K/home/ubuntu-nuc/rc2_ws/src/Livox-SDK2/sdk_core/../3rdparty/rapidjson/rapidjson.h:542:29:[m[K [01;36m[Knote: [m[Kdid you mean ‘[01m[K-Warray-bounds[m[K’?
[20.771s]   542 | #define RAPIDJSON_PRAGMA(x) [01;36m[K_Pragma[m[K(RAPIDJSON_STRINGIFY(x))
[20.771s]       |                             [01;36m[K^~~~~~~[m[K
[20.771s] [01m[K/home/ubuntu-nuc/rc2_ws/src/Livox-SDK2/sdk_core/../3rdparty/rapidjson/rapidjson.h:543:34:[m[K [01;36m[Knote: [m[Kin expansion of macro ‘[01m[KRAPIDJSON_PRAGMA[m[K’
[20.771s]   543 | #define RAPIDJSON_DIAG_PRAGMA(x) [01;36m[KRAPIDJSON_PRAGMA[m[K(GCC diagnostic x)
[20.771s]       |                                  [01;36m[K^~~~~~~~~~~~~~~~[m[K
[20.771s] [01m[K/home/ubuntu-nuc/rc2_ws/src/Livox-SDK2/sdk_core/../3rdparty/rapidjson/rapidjson.h:545:3:[m[K [01;36m[Knote: [m[Kin expansion of macro ‘[01m[KRAPIDJSON_DIAG_PRAGMA[m[K’
[20.771s]   545 |   [01;36m[KRAPIDJSON_DIAG_PRAGMA[m[K(ignored RAPIDJSON_STRINGIFY(RAPIDJSON_JOIN(-W, x)))
[20.771s]       |   [01;36m[K^~~~~~~~~~~~~~~~~~~~~[m[K
[20.771s] [01m[K/home/ubuntu-nuc/rc2_ws/src/Livox-SDK2/sdk_core/../3rdparty/rapidjson/internal/dtoa.h:36:1:[m[K [01;36m[Knote: [m[Kin expansion of macro ‘[01m[KRAPIDJSON_DIAG_OFF[m[K’
[20.771s]    36 | [01;36m[KRAPIDJSON_DIAG_OFF[m[K(array - bounds)  // some gcc versions generate wrong warnings
[20.771s]       | [01;36m[K^~~~~~~~~~~~~~~~~~[m[K
[22.736s] [ 68%] [32mBuilding CXX object sdk_core/CMakeFiles/livox_lidar_sdk_static.dir/debug_point_cloud_handler/debug_point_cloud_manager.cpp.o[0m
[22.736s] [ 69%] [32mBuilding CXX object sdk_core/CMakeFiles/livox_lidar_sdk_shared.dir/logger_handler/file_manager.cpp.o[0m
[23.109s] [ 70%] [32mBuilding CXX object sdk_core/CMakeFiles/livox_lidar_sdk_static.dir/debug_point_cloud_handler/debug_point_cloud_handler.cpp.o[0m
[23.380s] [ 71%] [32mBuilding CXX object sdk_core/CMakeFiles/livox_lidar_sdk_shared.dir/data_handler/data_handler.cpp.o[0m
[23.661s] [ 72%] [32mBuilding CXX object sdk_core/CMakeFiles/livox_lidar_sdk_shared.dir/command_handler/command_impl.cpp.o[0m
[24.254s] [ 74%] [32mBuilding CXX object sdk_core/CMakeFiles/livox_lidar_sdk_shared.dir/command_handler/general_command_handler.cpp.o[0m
[24.359s] [ 75%] [32mBuilding CXX object sdk_core/CMakeFiles/livox_lidar_sdk_shared.dir/command_handler/hap_command_handler.cpp.o[0m
[26.371s] [ 76%] [32mBuilding CXX object sdk_core/CMakeFiles/livox_lidar_sdk_shared.dir/command_handler/mid360_command_handler.cpp.o[0m
[27.405s] In file included from [01m[K/home/ubuntu-nuc/rc2_ws/src/Livox-SDK2/sdk_core/../3rdparty/rapidjson/stream.h:19[m[K,
[27.405s]                  from [01m[K/home/ubuntu-nuc/rc2_ws/src/Livox-SDK2/sdk_core/../3rdparty/rapidjson/memorystream.h:22[m[K,
[27.406s]                  from [01m[K/home/ubuntu-nuc/rc2_ws/src/Livox-SDK2/sdk_core/../3rdparty/rapidjson/encodedstream.h:22[m[K,
[27.406s]                  from [01m[K/home/ubuntu-nuc/rc2_ws/src/Livox-SDK2/sdk_core/../3rdparty/rapidjson/document.h:26[m[K,
[27.406s]                  from [01m[K/home/ubuntu-nuc/rc2_ws/src/Livox-SDK2/sdk_core/command_handler/parse_lidar_state_info.h:38[m[K,
[27.406s]                  from [01m[K/home/ubuntu-nuc/rc2_ws/src/Livox-SDK2/sdk_core/command_handler/hap_command_handler.cpp:37[m[K:
[27.406s] [01m[K/home/ubuntu-nuc/rc2_ws/src/Livox-SDK2/sdk_core/../3rdparty/rapidjson/rapidjson.h:542:29:[m[K [01;35m[Kwarning: [m[Kunknown option after ‘[01m[K#pragma GCC diagnostic[m[K’ kind [[01;35m[K-Wpragmas[m[K]
[27.406s]   542 | #define RAPIDJSON_PRAGMA(x) [01;35m[K_Pragma[m[K(RAPIDJSON_STRINGIFY(x))
[27.406s]       |                             [01;35m[K^~~~~~~[m[K
[27.406s] [01m[K/home/ubuntu-nuc/rc2_ws/src/Livox-SDK2/sdk_core/../3rdparty/rapidjson/rapidjson.h:543:34:[m[K [01;36m[Knote: [m[Kin expansion of macro ‘[01m[KRAPIDJSON_PRAGMA[m[K’
[27.406s]   543 | #define RAPIDJSON_DIAG_PRAGMA(x) [01;36m[KRAPIDJSON_PRAGMA[m[K(GCC diagnostic x)
[27.406s]       |                                  [01;36m[K^~~~~~~~~~~~~~~~[m[K
[27.406s] [01m[K/home/ubuntu-nuc/rc2_ws/src/Livox-SDK2/sdk_core/../3rdparty/rapidjson/rapidjson.h:545:3:[m[K [01;36m[Knote: [m[Kin expansion of macro ‘[01m[KRAPIDJSON_DIAG_PRAGMA[m[K’
[27.406s]   545 |   [01;36m[KRAPIDJSON_DIAG_PRAGMA[m[K(ignored RAPIDJSON_STRINGIFY(RAPIDJSON_JOIN(-W, x)))
[27.406s]       |   [01;36m[K^~~~~~~~~~~~~~~~~~~~~[m[K
[27.406s] [01m[K/home/ubuntu-nuc/rc2_ws/src/Livox-SDK2/sdk_core/../3rdparty/rapidjson/internal/dtoa.h:36:1:[m[K [01;36m[Knote: [m[Kin expansion of macro ‘[01m[KRAPIDJSON_DIAG_OFF[m[K’
[27.406s]    36 | [01;36m[KRAPIDJSON_DIAG_OFF[m[K(array - bounds)  // some gcc versions generate wrong warnings
[27.406s]       | [01;36m[K^~~~~~~~~~~~~~~~~~[m[K
[27.415s] [01m[K/home/ubuntu-nuc/rc2_ws/src/Livox-SDK2/sdk_core/../3rdparty/rapidjson/rapidjson.h:542:29:[m[K [01;36m[Knote: [m[Kdid you mean ‘[01m[K-Warray-bounds[m[K’?
[27.415s]   542 | #define RAPIDJSON_PRAGMA(x) [01;36m[K_Pragma[m[K(RAPIDJSON_STRINGIFY(x))
[27.415s]       |                             [01;36m[K^~~~~~~[m[K
[27.415s] [01m[K/home/ubuntu-nuc/rc2_ws/src/Livox-SDK2/sdk_core/../3rdparty/rapidjson/rapidjson.h:543:34:[m[K [01;36m[Knote: [m[Kin expansion of macro ‘[01m[KRAPIDJSON_PRAGMA[m[K’
[27.415s]   543 | #define RAPIDJSON_DIAG_PRAGMA(x) [01;36m[KRAPIDJSON_PRAGMA[m[K(GCC diagnostic x)
[27.415s]       |                                  [01;36m[K^~~~~~~~~~~~~~~~[m[K
[27.415s] [01m[K/home/ubuntu-nuc/rc2_ws/src/Livox-SDK2/sdk_core/../3rdparty/rapidjson/rapidjson.h:545:3:[m[K [01;36m[Knote: [m[Kin expansion of macro ‘[01m[KRAPIDJSON_DIAG_PRAGMA[m[K’
[27.415s]   545 |   [01;36m[KRAPIDJSON_DIAG_PRAGMA[m[K(ignored RAPIDJSON_STRINGIFY(RAPIDJSON_JOIN(-W, x)))
[27.415s]       |   [01;36m[K^~~~~~~~~~~~~~~~~~~~~[m[K
[27.415s] [01m[K/home/ubuntu-nuc/rc2_ws/src/Livox-SDK2/sdk_core/../3rdparty/rapidjson/internal/dtoa.h:36:1:[m[K [01;36m[Knote: [m[Kin expansion of macro ‘[01m[KRAPIDJSON_DIAG_OFF[m[K’
[27.415s]    36 | [01;36m[KRAPIDJSON_DIAG_OFF[m[K(array - bounds)  // some gcc versions generate wrong warnings
[27.415s]       | [01;36m[K^~~~~~~~~~~~~~~~~~[m[K
[28.713s] In file included from [01m[K/home/ubuntu-nuc/rc2_ws/src/Livox-SDK2/sdk_core/../3rdparty/rapidjson/stream.h:19[m[K,
[28.714s]                  from [01m[K/home/ubuntu-nuc/rc2_ws/src/Livox-SDK2/sdk_core/../3rdparty/rapidjson/memorystream.h:22[m[K,
[28.714s]                  from [01m[K/home/ubuntu-nuc/rc2_ws/src/Livox-SDK2/sdk_core/../3rdparty/rapidjson/encodedstream.h:22[m[K,
[28.714s]                  from [01m[K/home/ubuntu-nuc/rc2_ws/src/Livox-SDK2/sdk_core/../3rdparty/rapidjson/document.h:26[m[K,
[28.714s]                  from [01m[K/home/ubuntu-nuc/rc2_ws/src/Livox-SDK2/sdk_core/command_handler/parse_lidar_state_info.h:38[m[K,
[28.714s]                  from [01m[K/home/ubuntu-nuc/rc2_ws/src/Livox-SDK2/sdk_core/command_handler/mid360_command_handler.cpp:37[m[K:
[28.714s] [01m[K/home/ubuntu-nuc/rc2_ws/src/Livox-SDK2/sdk_core/../3rdparty/rapidjson/rapidjson.h:542:29:[m[K [01;35m[Kwarning: [m[Kunknown option after ‘[01m[K#pragma GCC diagnostic[m[K’ kind [[01;35m[K-Wpragmas[m[K]
[28.714s]   542 | #define RAPIDJSON_PRAGMA(x) [01;35m[K_Pragma[m[K(RAPIDJSON_STRINGIFY(x))
[28.714s]       |                             [01;35m[K^~~~~~~[m[K
[28.714s] [01m[K/home/ubuntu-nuc/rc2_ws/src/Livox-SDK2/sdk_core/../3rdparty/rapidjson/rapidjson.h:543:34:[m[K [01;36m[Knote: [m[Kin expansion of macro ‘[01m[KRAPIDJSON_PRAGMA[m[K’
[28.714s]   543 | #define RAPIDJSON_DIAG_PRAGMA(x) [01;36m[KRAPIDJSON_PRAGMA[m[K(GCC diagnostic x)
[28.714s]       |                                  [01;36m[K^~~~~~~~~~~~~~~~[m[K
[28.714s] [01m[K/home/ubuntu-nuc/rc2_ws/src/Livox-SDK2/sdk_core/../3rdparty/rapidjson/rapidjson.h:545:3:[m[K [01;36m[Knote: [m[Kin expansion of macro ‘[01m[KRAPIDJSON_DIAG_PRAGMA[m[K’
[28.714s]   545 |   [01;36m[KRAPIDJSON_DIAG_PRAGMA[m[K(ignored RAPIDJSON_STRINGIFY(RAPIDJSON_JOIN(-W, x)))
[28.714s]       |   [01;36m[K^~~~~~~~~~~~~~~~~~~~~[m[K
[28.714s] [01m[K/home/ubuntu-nuc/rc2_ws/src/Livox-SDK2/sdk_core/../3rdparty/rapidjson/internal/dtoa.h:36:1:[m[K [01;36m[Knote: [m[Kin expansion of macro ‘[01m[KRAPIDJSON_DIAG_OFF[m[K’
[28.715s]    36 | [01;36m[KRAPIDJSON_DIAG_OFF[m[K(array - bounds)  // some gcc versions generate wrong warnings
[28.715s]       | [01;36m[K^~~~~~~~~~~~~~~~~~[m[K
[28.724s] [01m[K/home/ubuntu-nuc/rc2_ws/src/Livox-SDK2/sdk_core/../3rdparty/rapidjson/rapidjson.h:542:29:[m[K [01;36m[Knote: [m[Kdid you mean ‘[01m[K-Warray-bounds[m[K’?
[28.725s]   542 | #define RAPIDJSON_PRAGMA(x) [01;36m[K_Pragma[m[K(RAPIDJSON_STRINGIFY(x))
[28.725s]       |                             [01;36m[K^~~~~~~[m[K
[28.725s] [01m[K/home/ubuntu-nuc/rc2_ws/src/Livox-SDK2/sdk_core/../3rdparty/rapidjson/rapidjson.h:543:34:[m[K [01;36m[Knote: [m[Kin expansion of macro ‘[01m[KRAPIDJSON_PRAGMA[m[K’
[28.725s]   543 | #define RAPIDJSON_DIAG_PRAGMA(x) [01;36m[KRAPIDJSON_PRAGMA[m[K(GCC diagnostic x)
[28.725s]       |                                  [01;36m[K^~~~~~~~~~~~~~~~[m[K
[28.725s] [01m[K/home/ubuntu-nuc/rc2_ws/src/Livox-SDK2/sdk_core/../3rdparty/rapidjson/rapidjson.h:545:3:[m[K [01;36m[Knote: [m[Kin expansion of macro ‘[01m[KRAPIDJSON_DIAG_PRAGMA[m[K’
[28.725s]   545 |   [01;36m[KRAPIDJSON_DIAG_PRAGMA[m[K(ignored RAPIDJSON_STRINGIFY(RAPIDJSON_JOIN(-W, x)))
[28.725s]       |   [01;36m[K^~~~~~~~~~~~~~~~~~~~~[m[K
[28.725s] [01m[K/home/ubuntu-nuc/rc2_ws/src/Livox-SDK2/sdk_core/../3rdparty/rapidjson/internal/dtoa.h:36:1:[m[K [01;36m[Knote: [m[Kin expansion of macro ‘[01m[KRAPIDJSON_DIAG_OFF[m[K’
[28.725s]    36 | [01;36m[KRAPIDJSON_DIAG_OFF[m[K(array - bounds)  // some gcc versions generate wrong warnings
[28.725s]       | [01;36m[K^~~~~~~~~~~~~~~~~~[m[K
[28.992s] [ 77%] [32mBuilding CXX object sdk_core/CMakeFiles/livox_lidar_sdk_shared.dir/command_handler/build_request.cpp.o[0m
[30.115s] [ 78%] [32mBuilding CXX object sdk_core/CMakeFiles/livox_lidar_sdk_shared.dir/command_handler/parse_lidar_state_info.cpp.o[0m
[30.116s] [ 80%] [32mBuilding CXX object sdk_core/CMakeFiles/livox_lidar_sdk_shared.dir/command_handler/mid360s_command_handler.cpp.o[0m
[30.713s] [ 81%] [32m[1mLinking CXX static library liblivox_lidar_sdk_static.a[0m
[31.458s] In file included from [01m[K/home/ubuntu-nuc/rc2_ws/src/Livox-SDK2/sdk_core/../3rdparty/rapidjson/stream.h:19[m[K,
[31.459s]                  from [01m[K/home/ubuntu-nuc/rc2_ws/src/Livox-SDK2/sdk_core/../3rdparty/rapidjson/memorystream.h:22[m[K,
[31.459s]                  from [01m[K/home/ubuntu-nuc/rc2_ws/src/Livox-SDK2/sdk_core/../3rdparty/rapidjson/encodedstream.h:22[m[K,
[31.459s]                  from [01m[K/home/ubuntu-nuc/rc2_ws/src/Livox-SDK2/sdk_core/../3rdparty/rapidjson/document.h:26[m[K,
[31.459s]                  from [01m[K/home/ubuntu-nuc/rc2_ws/src/Livox-SDK2/sdk_core/command_handler/parse_lidar_state_info.h:38[m[K,
[31.459s]                  from [01m[K/home/ubuntu-nuc/rc2_ws/src/Livox-SDK2/sdk_core/command_handler/parse_lidar_state_info.cpp:2[m[K:
[31.459s] [01m[K/home/ubuntu-nuc/rc2_ws/src/Livox-SDK2/sdk_core/../3rdparty/rapidjson/rapidjson.h:542:29:[m[K [01;35m[Kwarning: [m[Kunknown option after ‘[01m[K#pragma GCC diagnostic[m[K’ kind [[01;35m[K-Wpragmas[m[K]
[31.459s]   542 | #define RAPIDJSON_PRAGMA(x) [01;35m[K_Pragma[m[K(RAPIDJSON_STRINGIFY(x))
[31.459s]       |                             [01;35m[K^~~~~~~[m[K
[31.459s] [01m[K/home/ubuntu-nuc/rc2_ws/src/Livox-SDK2/sdk_core/../3rdparty/rapidjson/rapidjson.h:543:34:[m[K [01;36m[Knote: [m[Kin expansion of macro ‘[01m[KRAPIDJSON_PRAGMA[m[K’
[31.459s]   543 | #define RAPIDJSON_DIAG_PRAGMA(x) [01;36m[KRAPIDJSON_PRAGMA[m[K(GCC diagnostic x)
[31.459s]       |                                  [01;36m[K^~~~~~~~~~~~~~~~[m[K
[31.459s] [01m[K/home/ubuntu-nuc/rc2_ws/src/Livox-SDK2/sdk_core/../3rdparty/rapidjson/rapidjson.h:545:3:[m[K [01;36m[Knote: [m[Kin expansion of macro ‘[01m[KRAPIDJSON_DIAG_PRAGMA[m[K’
[31.459s]   545 |   [01;36m[KRAPIDJSON_DIAG_PRAGMA[m[K(ignored RAPIDJSON_STRINGIFY(RAPIDJSON_JOIN(-W, x)))
[31.459s]       |   [01;36m[K^~~~~~~~~~~~~~~~~~~~~[m[K
[31.459s] [01m[K/home/ubuntu-nuc/rc2_ws/src/Livox-SDK2/sdk_core/../3rdparty/rapidjson/internal/dtoa.h:36:1:[m[K [01;36m[Knote: [m[Kin expansion of macro ‘[01m[KRAPIDJSON_DIAG_OFF[m[K’
[31.460s]    36 | [01;36m[KRAPIDJSON_DIAG_OFF[m[K(array - bounds)  // some gcc versions generate wrong warnings
[31.460s]       | [01;36m[K^~~~~~~~~~~~~~~~~~[m[K
[31.469s] [01m[K/home/ubuntu-nuc/rc2_ws/src/Livox-SDK2/sdk_core/../3rdparty/rapidjson/rapidjson.h:542:29:[m[K [01;36m[Knote: [m[Kdid you mean ‘[01m[K-Warray-bounds[m[K’?
[31.470s]   542 | #define RAPIDJSON_PRAGMA(x) [01;36m[K_Pragma[m[K(RAPIDJSON_STRINGIFY(x))
[31.470s]       |                             [01;36m[K^~~~~~~[m[K
[31.470s] [01m[K/home/ubuntu-nuc/rc2_ws/src/Livox-SDK2/sdk_core/../3rdparty/rapidjson/rapidjson.h:543:34:[m[K [01;36m[Knote: [m[Kin expansion of macro ‘[01m[KRAPIDJSON_PRAGMA[m[K’
[31.470s]   543 | #define RAPIDJSON_DIAG_PRAGMA(x) [01;36m[KRAPIDJSON_PRAGMA[m[K(GCC diagnostic x)
[31.470s]       |                                  [01;36m[K^~~~~~~~~~~~~~~~[m[K
[31.470s] [01m[K/home/ubuntu-nuc/rc2_ws/src/Livox-SDK2/sdk_core/../3rdparty/rapidjson/rapidjson.h:545:3:[m[K [01;36m[Knote: [m[Kin expansion of macro ‘[01m[KRAPIDJSON_DIAG_PRAGMA[m[K’
[31.470s]   545 |   [01;36m[KRAPIDJSON_DIAG_PRAGMA[m[K(ignored RAPIDJSON_STRINGIFY(RAPIDJSON_JOIN(-W, x)))
[31.470s]       |   [01;36m[K^~~~~~~~~~~~~~~~~~~~~[m[K
[31.470s] [01m[K/home/ubuntu-nuc/rc2_ws/src/Livox-SDK2/sdk_core/../3rdparty/rapidjson/internal/dtoa.h:36:1:[m[K [01;36m[Knote: [m[Kin expansion of macro ‘[01m[KRAPIDJSON_DIAG_OFF[m[K’
[31.470s]    36 | [01;36m[KRAPIDJSON_DIAG_OFF[m[K(array - bounds)  // some gcc versions generate wrong warnings
[31.470s]       | [01;36m[K^~~~~~~~~~~~~~~~~~[m[K
[31.619s] [ 82%] [32mBuilding CXX object sdk_core/CMakeFiles/livox_lidar_sdk_shared.dir/debug_point_cloud_handler/debug_point_cloud_manager.cpp.o[0m
[31.987s] [ 82%] Built target livox_lidar_sdk_static
[32.030s] [ 83%] [32mBuilding CXX object samples/livox_lidar_quick_start/CMakeFiles/livox_lidar_quick_start.dir/main.cpp.o[0m
[32.824s] [ 84%] [32mBuilding CXX object sdk_core/CMakeFiles/livox_lidar_sdk_shared.dir/debug_point_cloud_handler/debug_point_cloud_handler.cpp.o[0m
[33.028s] [ 85%] [32m[1mLinking CXX executable livox_lidar_quick_start[0m
[33.762s] In file included from [01m[K/home/ubuntu-nuc/rc2_ws/src/Livox-SDK2/sdk_core/../3rdparty/rapidjson/stream.h:19[m[K,
[33.762s]                  from [01m[K/home/ubuntu-nuc/rc2_ws/src/Livox-SDK2/sdk_core/../3rdparty/rapidjson/memorystream.h:22[m[K,
[33.762s]                  from [01m[K/home/ubuntu-nuc/rc2_ws/src/Livox-SDK2/sdk_core/../3rdparty/rapidjson/encodedstream.h:22[m[K,
[33.762s]                  from [01m[K/home/ubuntu-nuc/rc2_ws/src/Livox-SDK2/sdk_core/../3rdparty/rapidjson/document.h:26[m[K,
[33.762s]                  from [01m[K/home/ubuntu-nuc/rc2_ws/src/Livox-SDK2/sdk_core/command_handler/parse_lidar_state_info.h:38[m[K,
[33.762s]                  from [01m[K/home/ubuntu-nuc/rc2_ws/src/Livox-SDK2/sdk_core/command_handler/mid360s_command_handler.cpp:37[m[K:
[33.762s] [01m[K/home/ubuntu-nuc/rc2_ws/src/Livox-SDK2/sdk_core/../3rdparty/rapidjson/rapidjson.h:542:29:[m[K [01;35m[Kwarning: [m[Kunknown option after ‘[01m[K#pragma GCC diagnostic[m[K’ kind [[01;35m[K-Wpragmas[m[K]
[33.762s]   542 | #define RAPIDJSON_PRAGMA(x) [01;35m[K_Pragma[m[K(RAPIDJSON_STRINGIFY(x))
[33.762s]       |                             [01;35m[K^~~~~~~[m[K
[33.762s] [01m[K/home/ubuntu-nuc/rc2_ws/src/Livox-SDK2/sdk_core/../3rdparty/rapidjson/rapidjson.h:543:34:[m[K [01;36m[Knote: [m[Kin expansion of macro ‘[01m[KRAPIDJSON_PRAGMA[m[K’
[33.762s]   543 | #define RAPIDJSON_DIAG_PRAGMA(x) [01;36m[KRAPIDJSON_PRAGMA[m[K(GCC diagnostic x)
[33.762s]       |                                  [01;36m[K^~~~~~~~~~~~~~~~[m[K
[33.762s] [01m[K/home/ubuntu-nuc/rc2_ws/src/Livox-SDK2/sdk_core/../3rdparty/rapidjson/rapidjson.h:545:3:[m[K [01;36m[Knote: [m[Kin expansion of macro ‘[01m[KRAPIDJSON_DIAG_PRAGMA[m[K’
[33.762s]   545 |   [01;36m[KRAPIDJSON_DIAG_PRAGMA[m[K(ignored RAPIDJSON_STRINGIFY(RAPIDJSON_JOIN(-W, x)))
[33.762s]       |   [01;36m[K^~~~~~~~~~~~~~~~~~~~~[m[K
[33.763s] [01m[K/home/ubuntu-nuc/rc2_ws/src/Livox-SDK2/sdk_core/../3rdparty/rapidjson/internal/dtoa.h:36:1:[m[K [01;36m[Knote: [m[Kin expansion of macro ‘[01m[KRAPIDJSON_DIAG_OFF[m[K’
[33.763s]    36 | [01;36m[KRAPIDJSON_DIAG_OFF[m[K(array - bounds)  // some gcc versions generate wrong warnings
[33.763s]       | [01;36m[K^~~~~~~~~~~~~~~~~~[m[K
[33.777s] [01m[K/home/ubuntu-nuc/rc2_ws/src/Livox-SDK2/sdk_core/../3rdparty/rapidjson/rapidjson.h:542:29:[m[K [01;36m[Knote: [m[Kdid you mean ‘[01m[K-Warray-bounds[m[K’?
[33.778s]   542 | #define RAPIDJSON_PRAGMA(x) [01;36m[K_Pragma[m[K(RAPIDJSON_STRINGIFY(x))
[33.778s]       |                             [01;36m[K^~~~~~~[m[K
[33.778s] [01m[K/home/ubuntu-nuc/rc2_ws/src/Livox-SDK2/sdk_core/../3rdparty/rapidjson/rapidjson.h:543:34:[m[K [01;36m[Knote: [m[Kin expansion of macro ‘[01m[KRAPIDJSON_PRAGMA[m[K’
[33.778s]   543 | #define RAPIDJSON_DIAG_PRAGMA(x) [01;36m[KRAPIDJSON_PRAGMA[m[K(GCC diagnostic x)
[33.778s]       |                                  [01;36m[K^~~~~~~~~~~~~~~~[m[K
[33.778s] [01m[K/home/ubuntu-nuc/rc2_ws/src/Livox-SDK2/sdk_core/../3rdparty/rapidjson/rapidjson.h:545:3:[m[K [01;36m[Knote: [m[Kin expansion of macro ‘[01m[KRAPIDJSON_DIAG_PRAGMA[m[K’
[33.778s]   545 |   [01;36m[KRAPIDJSON_DIAG_PRAGMA[m[K(ignored RAPIDJSON_STRINGIFY(RAPIDJSON_JOIN(-W, x)))
[33.778s]       |   [01;36m[K^~~~~~~~~~~~~~~~~~~~~[m[K
[33.778s] [01m[K/home/ubuntu-nuc/rc2_ws/src/Livox-SDK2/sdk_core/../3rdparty/rapidjson/internal/dtoa.h:36:1:[m[K [01;36m[Knote: [m[Kin expansion of macro ‘[01m[KRAPIDJSON_DIAG_OFF[m[K’
[33.778s]    36 | [01;36m[KRAPIDJSON_DIAG_OFF[m[K(array - bounds)  // some gcc versions generate wrong warnings
[33.778s]       | [01;36m[K^~~~~~~~~~~~~~~~~~[m[K
[35.233s] [ 85%] Built target livox_lidar_quick_start
[39.453s] [ 87%] [32m[1mLinking CXX shared library liblivox_lidar_sdk_shared.so[0m
[40.550s] [ 87%] Built target livox_lidar_sdk_shared
[40.577s] [ 88%] [32mBuilding CXX object samples/livox_lidar_rmc_time_sync/CMakeFiles/livox_lidar_rmc_time_sync.dir/main.cpp.o[0m
[41.187s] [ 89%] [32mBuilding CXX object samples/livox_lidar_rmc_time_sync/CMakeFiles/livox_lidar_rmc_time_sync.dir/linux/synchro.cpp.o[0m
[41.932s] [ 90%] [32m[1mLinking CXX executable livox_lidar_rmc_time_sync[0m
[43.164s] [ 90%] Built target livox_lidar_rmc_time_sync
[43.194s] [ 91%] [32mBuilding CXX object samples/lidar_cmd_observer/CMakeFiles/lidar_cmd_observer.dir/main.cpp.o[0m
[43.538s] [ 92%] [32m[1mLinking CXX executable lidar_cmd_observer[0m
[44.608s] [ 92%] Built target lidar_cmd_observer
[44.634s] [ 94%] [32mBuilding CXX object samples/debug_point_cloud/CMakeFiles/debug_point_cloud.dir/main.cpp.o[0m
[45.059s] [ 95%] [32m[1mLinking CXX executable debug_point_cloud[0m
[46.031s] [ 95%] Built target debug_point_cloud
[46.062s] [ 96%] [32mBuilding CXX object samples/logger/CMakeFiles/logger.dir/main.cpp.o[0m
[46.576s] [ 97%] [32m[1mLinking CXX executable logger[0m
[47.546s] [ 97%] Built target logger
[47.575s] [ 98%] [32mBuilding CXX object samples/multi_lidars_upgrade/CMakeFiles/multi_lidars_upgrade.dir/main.cpp.o[0m
[48.139s] [100%] [32m[1mLinking CXX executable multi_lidars_upgrade[0m
[49.165s] [100%] Built target multi_lidars_upgrade
[49.188s] Invoked command in '/home/ubuntu-nuc/rc2_ws/build/livox_sdk2' returned '0': /usr/local/bin/cmake --build /home/ubuntu-nuc/rc2_ws/build/livox_sdk2 -- -j8 -l8
[49.192s] Invoking command in '/home/ubuntu-nuc/rc2_ws/build/livox_sdk2': /usr/local/bin/cmake --install /home/ubuntu-nuc/rc2_ws/build/livox_sdk2
[49.200s] -- Install configuration: ""
[49.202s] -- Installing: /home/ubuntu-nuc/rc2_ws/install/livox_sdk2/lib/liblivox_lidar_sdk_static.a
[49.232s] -- Installing: /home/ubuntu-nuc/rc2_ws/install/livox_sdk2/include/livox_lidar_def.h
[49.235s] -- Installing: /home/ubuntu-nuc/rc2_ws/install/livox_sdk2/include/livox_lidar_api.h
[49.236s] -- Installing: /home/ubuntu-nuc/rc2_ws/install/livox_sdk2/include/livox_lidar_cfg.h
[49.236s] -- Installing: /home/ubuntu-nuc/rc2_ws/install/livox_sdk2/lib/liblivox_lidar_sdk_shared.so
[49.246s] Invoked command in '/home/ubuntu-nuc/rc2_ws/build/livox_sdk2' returned '0': /usr/local/bin/cmake --install /home/ubuntu-nuc/rc2_ws/build/livox_sdk2
