[0.047s] Invoking command in '/home/ubuntu-nuc/rc2_ws/build/pgo': CMAKE_PREFIX_PATH=/home/ubuntu-nuc/rc2_ws/install/interface:/home/ubuntu-nuc/rc2_ws/install/pgo:/home/ubuntu-nuc/rc2_ws/install/meiling_control:/home/ubuntu-nuc/rc2_ws/install/localizer:/home/ubuntu-nuc/rc2_ws/install/fastlio2:/home/ubuntu-nuc/rc2_ws/install/livox_ros_driver2:/home/ubuntu-nuc/rc2_ws/install/hba:/home/ubuntu-nuc/rc2_ws/install/auto_aim_interfaces:/home/ubuntu-nuc/rc_ws/install/fast_lio:/home/ubuntu-nuc/rc_ws/install/livox_ros_driver2:/home/ubuntu-nuc/rc2_ws/install/meiling_detect_debug:/home/ubuntu-nuc/rc2_ws/install/meiling_detect:/opt/ros/humble LD_LIBRARY_PATH=/home/ubuntu-nuc/rc2_ws/install/interface/lib:/usr/lib/x86_64-linux-gnu:/home/ubuntu-nuc/rc2_ws/install/livox_sdk2/lib:/home/ubuntu-nuc/rc2_ws/install/livox_ros_driver2/lib:/home/ubuntu-nuc/rc2_ws/install/auto_aim_interfaces/lib:/home/ubuntu-nuc/rc_ws/install/fast_lio/lib:/home/ubuntu-nuc/rc_ws/install/livox_ros_driver2/lib:/usr/lib/x86_64-linux-gnu/gazebo-11/plugins:/opt/ros/humble/opt/rviz_ogre_vendor/lib:/opt/ros/humble/lib/x86_64-linux-gnu:/opt/ros/humble/opt/openvdb_vendor/lib:/opt/ros/humble/lib:/opt/MVS/lib/64:/opt/MVS/lib/32:/opt/MVS/lib/64:/opt/MVS/lib/32:/opt/MVS/lib/64:/opt/MVS/lib/32 /usr/local/bin/cmake /home/ubuntu-nuc/rc2_ws/src/FASTLIO2_ROS2/pgo -DROS_EDITION=ROS2 -DDISTRO_ROS=humble -DCMAKE_INSTALL_PREFIX=/home/ubuntu-nuc/rc2_ws/install/pgo
[0.057s] [0mCMake Deprecation Warning at CMakeLists.txt:1 (cmake_minimum_required):
[0.057s]   Compatibility with CMake < 3.10 will be removed from a future version of
[0.057s]   CMake.
[0.057s] 
[0.057s]   Update the VERSION argument <min> value.  Or, use the <min>...<max> syntax
[0.057s]   to tell CMake that the project requires at least <min> but has been updated
[0.057s]   to work with policies introduced by <max> or earlier.
[0.057s] 
[0.057s] [0m
[0.153s] -- The C compiler identification is GNU 11.4.0
[0.358s] -- The CXX compiler identification is GNU 11.4.0
[0.379s] -- Detecting C compiler ABI info
[0.522s] -- Detecting C compiler ABI info - done
[0.568s] -- Check for working C compiler: /usr/bin/cc - skipped
[0.569s] -- Detecting C compile features
[0.569s] -- Detecting C compile features - done
[0.600s] -- Detecting CXX compiler ABI info
[0.755s] -- Detecting CXX compiler ABI info - done
[0.792s] -- Check for working CXX compiler: /usr/bin/c++ - skipped
[0.793s] -- Detecting CXX compile features
[0.795s] -- Detecting CXX compile features - done
[0.810s] -- Found ament_cmake: 1.3.12 (/opt/ros/humble/share/ament_cmake/cmake)
[1.003s] -- Found Python3: /usr/bin/python3 (found version "3.10.12") found components: Interpreter
[1.207s] -- Found std_msgs: 4.9.0 (/opt/ros/humble/share/std_msgs/cmake)
[1.300s] -- Found rosidl_generator_c: 3.1.7 (/opt/ros/humble/share/rosidl_generator_c/cmake)
[1.313s] -- Found rosidl_adapter: 3.1.7 (/opt/ros/humble/share/rosidl_adapter/cmake)
[1.336s] -- Found rosidl_generator_cpp: 3.1.8 (/opt/ros/humble/share/rosidl_generator_cpp/cmake)
[1.368s] -- Using all available rosidl_typesupport_c: rosidl_typesupport_fastrtps_c;rosidl_typesupport_introspection_c
[1.394s] -- Using all available rosidl_typesupport_cpp: rosidl_typesupport_fastrtps_cpp;rosidl_typesupport_introspection_cpp
[1.461s] -- Found rclcpp: 16.0.14 (/opt/ros/humble/share/rclcpp/cmake)
[1.600s] -- Found rmw_implementation_cmake: 6.1.2 (/opt/ros/humble/share/rmw_implementation_cmake/cmake)
[1.614s] -- Found rmw_fastrtps_cpp: 6.2.8 (/opt/ros/humble/share/rmw_fastrtps_cpp/cmake)
[1.873s] -- Found OpenSSL: /usr/lib/x86_64-linux-gnu/libcrypto.so (found version "3.0.2")
[1.985s] -- Found FastRTPS: /opt/ros/humble/include
[2.132s] -- Using RMW implementation 'rmw_fastrtps_cpp' as default
[2.175s] -- Performing Test CMAKE_HAVE_LIBC_PTHREAD
[2.376s] -- Performing Test CMAKE_HAVE_LIBC_PTHREAD - Success
[2.377s] -- Found Threads: TRUE
[2.595s] -- Found nav_msgs: 4.9.0 (/opt/ros/humble/share/nav_msgs/cmake)
[2.797s] -- Found tf2_ros: 0.25.16 (/opt/ros/humble/share/tf2_ros/cmake)
[3.371s] -- Found pcl_conversions: 2.4.5 (/opt/ros/humble/share/pcl_conversions/cmake)
[3.682s] [33mCMake Warning (dev) at /usr/lib/x86_64-linux-gnu/cmake/pcl/PCLConfig.cmake:146 (find_package):
[3.682s]   Policy CMP0144 is not set: find_package uses upper-case <PACKAGENAME>_ROOT
[3.682s]   variables.  Run "cmake --help-policy CMP0144" for policy details.  Use the
[3.682s]   cmake_policy command to set the policy and suppress this warning.
[3.682s] 
[3.682s]   CMake variable EIGEN_ROOT is set to:
[3.682s] 
[3.682s]     /usr/include/eigen3
[3.682s] 
[3.682s]   For compatibility, find_package is ignoring the variable, but code in a
[3.683s]   .cmake module might still use it.
[3.683s] Call Stack (most recent call first):
[3.683s]   /usr/lib/x86_64-linux-gnu/cmake/pcl/PCLConfig.cmake:299 (find_eigen)
[3.683s]   /usr/lib/x86_64-linux-gnu/cmake/pcl/PCLConfig.cmake:543 (find_external_library)
[3.683s]   /opt/ros/humble/share/pcl_conversions/cmake/ament_cmake_export_dependencies-extras.cmake:21 (find_package)
[3.683s]   /opt/ros/humble/share/pcl_conversions/cmake/pcl_conversionsConfig.cmake:41 (include)
[3.683s]   CMakeLists.txt:21 (find_package)
[3.683s] This warning is for project developers.  Use -Wno-dev to suppress it.
[3.683s] [0m
[3.700s] -- Checking for module 'eigen3'
[3.735s] --   Found eigen3, version 3.4.0
[3.849s] -- Found Eigen: /usr/include/eigen3 (Required is at least version "3.1")
[3.849s] -- Eigen found (include: /usr/include/eigen3, version: 3.4.0)
[3.852s] [33mCMake Warning (dev) at /usr/lib/x86_64-linux-gnu/cmake/pcl/PCLConfig.cmake:128 (find_package):
[3.852s]   Policy CMP0167 is not set: The FindBoost module is removed.  Run "cmake
[3.852s]   --help-policy CMP0167" for policy details.  Use the cmake_policy command to
[3.855s]   set the policy and suppress this warning.
[3.855s] 
[3.855s] Call Stack (most recent call first):
[3.855s]   /usr/lib/x86_64-linux-gnu/cmake/pcl/PCLConfig.cmake:297 (find_boost)
[3.855s]   /usr/lib/x86_64-linux-gnu/cmake/pcl/PCLConfig.cmake:543 (find_external_library)
[3.856s]   /opt/ros/humble/share/pcl_conversions/cmake/ament_cmake_export_dependencies-extras.cmake:21 (find_package)
[3.856s]   /opt/ros/humble/share/pcl_conversions/cmake/pcl_conversionsConfig.cmake:41 (include)
[3.856s]   CMakeLists.txt:21 (find_package)
[3.856s] This warning is for project developers.  Use -Wno-dev to suppress it.
[3.856s] [0m
[3.908s] [33mCMake Warning (dev) at /usr/lib/x86_64-linux-gnu/cmake/pcl/Modules/FindFLANN.cmake:44 (find_package):
[3.908s]   Policy CMP0144 is not set: find_package uses upper-case <PACKAGENAME>_ROOT
[3.908s]   variables.  Run "cmake --help-policy CMP0144" for policy details.  Use the
[3.908s]   cmake_policy command to set the policy and suppress this warning.
[3.909s] 
[3.909s]   CMake variable FLANN_ROOT is set to:
[3.909s] 
[3.909s]     /usr
[3.909s] 
[3.909s]   For compatibility, find_package is ignoring the variable, but code in a
[3.909s]   .cmake module might still use it.
[3.909s] Call Stack (most recent call first):
[3.909s]   /usr/lib/x86_64-linux-gnu/cmake/pcl/PCLConfig.cmake:256 (find_package)
[3.909s]   /usr/lib/x86_64-linux-gnu/cmake/pcl/PCLConfig.cmake:301 (find_flann)
[3.909s]   /usr/lib/x86_64-linux-gnu/cmake/pcl/PCLConfig.cmake:543 (find_external_library)
[3.909s]   /opt/ros/humble/share/pcl_conversions/cmake/ament_cmake_export_dependencies-extras.cmake:21 (find_package)
[3.909s]   /opt/ros/humble/share/pcl_conversions/cmake/pcl_conversionsConfig.cmake:41 (include)
[3.909s]   CMakeLists.txt:21 (find_package)
[3.909s] This warning is for project developers.  Use -Wno-dev to suppress it.
[3.909s] [0m
[3.954s] -- Checking for module 'flann'
[3.971s] --   Found flann, version 1.9.1
[4.097s] -- Found FLANN: /usr/lib/x86_64-linux-gnu/libflann_cpp.so
[4.098s] -- FLANN found (include: /usr/include, lib: /usr/lib/x86_64-linux-gnu/libflann_cpp.so)
[7.661s] -- Checking for module 'libusb-1.0'
[7.707s] --   Found libusb-1.0, version 1.0.25
[7.827s] -- Found libusb: /usr/lib/x86_64-linux-gnu/libusb-1.0.so
[7.834s] -- OpenNI found (version: 1.5.4.0, include: /usr/include/ni, lib: /usr/lib/libOpenNI.so;libusb::libusb)
[8.035s] -- OpenNI2 found (version: 2.2.0.33, include: /usr/include/openni2, lib: /usr/lib/x86_64-linux-gnu/libOpenNI2.so;libusb::libusb)
[9.506s] [33mCMake Warning (dev) at /usr/lib/x86_64-linux-gnu/cmake/pcl/PCLConfig.cmake:128 (find_package):
[9.506s]   Policy CMP0167 is not set: The FindBoost module is removed.  Run "cmake
[9.506s]   --help-policy CMP0167" for policy details.  Use the cmake_policy command to
[9.506s]   set the policy and suppress this warning.
[9.506s] 
[9.506s] Call Stack (most recent call first):
[9.513s]   /usr/lib/x86_64-linux-gnu/cmake/pcl/PCLConfig.cmake:297 (find_boost)
[9.513s]   /usr/lib/x86_64-linux-gnu/cmake/pcl/PCLConfig.cmake:543 (find_external_library)
[9.513s]   /opt/ros/humble/share/pcl_conversions/cmake/ament_cmake_export_dependencies-extras.cmake:21 (find_package)
[9.513s]   /opt/ros/humble/share/pcl_conversions/cmake/pcl_conversionsConfig.cmake:41 (include)
[9.513s]   CMakeLists.txt:21 (find_package)
[9.513s] This warning is for project developers.  Use -Wno-dev to suppress it.
[9.513s] [0m
[9.550s] -- Eigen found (include: /usr/include/eigen3, version: 3.4.0)
[9.573s] -- OpenNI found (version: 1.5.4.0, include: /usr/include/ni, lib: /usr/lib/libOpenNI.so;libusb::libusb)
[9.599s] -- OpenNI2 found (version: 2.2.0.33, include: /usr/include/openni2, lib: /usr/lib/x86_64-linux-gnu/libOpenNI2.so;libusb::libusb)
[10.781s] -- Found Qhull version 8.0.2
[11.931s] -- OpenNI found (version: 1.5.4.0, include: /usr/include/ni, lib: /usr/lib/libOpenNI.so;libusb::libusb)
[12.776s] -- Found PCL_COMMON: /usr/lib/x86_64-linux-gnu/libpcl_common.so
[12.783s] -- Found PCL_KDTREE: /usr/lib/x86_64-linux-gnu/libpcl_kdtree.so
[12.791s] -- Found PCL_OCTREE: /usr/lib/x86_64-linux-gnu/libpcl_octree.so
[12.799s] -- Found PCL_SEARCH: /usr/lib/x86_64-linux-gnu/libpcl_search.so
[12.801s] -- Found PCL_SAMPLE_CONSENSUS: /usr/lib/x86_64-linux-gnu/libpcl_sample_consensus.so
[12.805s] -- Found PCL_FILTERS: /usr/lib/x86_64-linux-gnu/libpcl_filters.so
[12.806s] -- Found PCL_2D: /usr/include/pcl-1.12
[12.807s] -- Found PCL_GEOMETRY: /usr/include/pcl-1.12
[12.810s] -- Found PCL_IO: /usr/lib/x86_64-linux-gnu/libpcl_io.so
[12.813s] -- Found PCL_FEATURES: /usr/lib/x86_64-linux-gnu/libpcl_features.so
[12.818s] -- Found PCL_ML: /usr/lib/x86_64-linux-gnu/libpcl_ml.so
[12.818s] -- Found PCL_SEGMENTATION: /usr/lib/x86_64-linux-gnu/libpcl_segmentation.so
[12.820s] -- Found PCL_VISUALIZATION: /usr/lib/x86_64-linux-gnu/libpcl_visualization.so
[12.824s] -- Found PCL_SURFACE: /usr/lib/x86_64-linux-gnu/libpcl_surface.so
[12.827s] -- Found PCL_REGISTRATION: /usr/lib/x86_64-linux-gnu/libpcl_registration.so
[12.830s] -- Found PCL_KEYPOINTS: /usr/lib/x86_64-linux-gnu/libpcl_keypoints.so
[12.834s] -- Found PCL_TRACKING: /usr/lib/x86_64-linux-gnu/libpcl_tracking.so
[12.839s] -- Found PCL_RECOGNITION: /usr/lib/x86_64-linux-gnu/libpcl_recognition.so
[12.840s] -- Found PCL_STEREO: /usr/lib/x86_64-linux-gnu/libpcl_stereo.so
[12.846s] -- Found PCL_APPS: /usr/lib/x86_64-linux-gnu/libpcl_apps.so
[12.847s] -- Found PCL_IN_HAND_SCANNER: /usr/include/pcl-1.12
[12.848s] -- Found PCL_MODELER: /usr/include/pcl-1.12
[12.849s] -- Found PCL_POINT_CLOUD_EDITOR: /usr/include/pcl-1.12
[12.852s] -- Found PCL_OUTOFCORE: /usr/lib/x86_64-linux-gnu/libpcl_outofcore.so
[12.855s] -- Found PCL_PEOPLE: /usr/lib/x86_64-linux-gnu/libpcl_people.so
[12.871s] -- Found visualization_msgs: 4.9.0 (/opt/ros/humble/share/visualization_msgs/cmake)
[13.018s] -- Found Boost: /usr/lib/x86_64-linux-gnu/cmake/Boost-1.74.0/BoostConfig.cmake (found suitable version "1.74.0", minimum required is "1.70") found components: graph serialization program_options random timer chrono
[13.019s] -- GTSAM include directory:  /usr/local/lib/cmake/GTSAM/../../../include
[13.028s] [33mCMake Warning (dev) at CMakeLists.txt:31 (find_package):
[13.028s]   Policy CMP0074 is not set: find_package uses <PackageName>_ROOT variables.
[13.028s]   Run "cmake --help-policy CMP0074" for policy details.  Use the cmake_policy
[13.028s]   command to set the policy and suppress this warning.
[13.028s] 
[13.029s]   CMake variable PCL_ROOT is set to:
[13.029s] 
[13.029s]     /usr
[13.029s] 
[13.029s]   For compatibility, CMake is ignoring the variable.
[13.029s] This warning is for project developers.  Use -Wno-dev to suppress it.
[13.029s] [0m
[13.037s] -- Found interface: 0.0.0 (/home/ubuntu-nuc/rc2_ws/install/interface/share/interface/cmake)
[13.082s] -- Found ament_lint_auto: 0.12.14 (/opt/ros/humble/share/ament_lint_auto/cmake)
[13.262s] -- Added test 'cppcheck' to perform static code analysis on C / C++ code
[13.262s] -- Configured cppcheck include dirs: 
[13.262s] -- Configured cppcheck exclude dirs and/or files: 
[13.263s] -- Added test 'flake8' to check Python code syntax and style conventions
[13.267s] -- Added test 'lint_cmake' to check CMake code style
[13.270s] -- Added test 'pep257' to check Python code against some of the docstring style conventions in PEP 257
[13.276s] -- Added test 'uncrustify' to check C / C++ code style
[13.278s] -- Configured uncrustify additional arguments: 
[13.278s] -- Added test 'xmllint' to check XML markup files
[13.282s] -- Configuring done (13.2s)
[13.432s] -- Generating done (0.1s)
[13.432s] [33mCMake Warning:
[13.432s]   Manually-specified variables were not used by the project:
[13.432s] 
[13.432s]     DISTRO_ROS
[13.432s]     ROS_EDITION
[13.433s] 
[13.433s] [0m
[13.440s] -- Build files have been written to: /home/ubuntu-nuc/rc2_ws/build/pgo
[13.474s] Invoked command in '/home/ubuntu-nuc/rc2_ws/build/pgo' returned '0': CMAKE_PREFIX_PATH=/home/ubuntu-nuc/rc2_ws/install/interface:/home/ubuntu-nuc/rc2_ws/install/pgo:/home/ubuntu-nuc/rc2_ws/install/meiling_control:/home/ubuntu-nuc/rc2_ws/install/localizer:/home/ubuntu-nuc/rc2_ws/install/fastlio2:/home/ubuntu-nuc/rc2_ws/install/livox_ros_driver2:/home/ubuntu-nuc/rc2_ws/install/hba:/home/ubuntu-nuc/rc2_ws/install/auto_aim_interfaces:/home/ubuntu-nuc/rc_ws/install/fast_lio:/home/ubuntu-nuc/rc_ws/install/livox_ros_driver2:/home/ubuntu-nuc/rc2_ws/install/meiling_detect_debug:/home/ubuntu-nuc/rc2_ws/install/meiling_detect:/opt/ros/humble LD_LIBRARY_PATH=/home/ubuntu-nuc/rc2_ws/install/interface/lib:/usr/lib/x86_64-linux-gnu:/home/ubuntu-nuc/rc2_ws/install/livox_sdk2/lib:/home/ubuntu-nuc/rc2_ws/install/livox_ros_driver2/lib:/home/ubuntu-nuc/rc2_ws/install/auto_aim_interfaces/lib:/home/ubuntu-nuc/rc_ws/install/fast_lio/lib:/home/ubuntu-nuc/rc_ws/install/livox_ros_driver2/lib:/usr/lib/x86_64-linux-gnu/gazebo-11/plugins:/opt/ros/humble/opt/rviz_ogre_vendor/lib:/opt/ros/humble/lib/x86_64-linux-gnu:/opt/ros/humble/opt/openvdb_vendor/lib:/opt/ros/humble/lib:/opt/MVS/lib/64:/opt/MVS/lib/32:/opt/MVS/lib/64:/opt/MVS/lib/32:/opt/MVS/lib/64:/opt/MVS/lib/32 /usr/local/bin/cmake /home/ubuntu-nuc/rc2_ws/src/FASTLIO2_ROS2/pgo -DROS_EDITION=ROS2 -DDISTRO_ROS=humble -DCMAKE_INSTALL_PREFIX=/home/ubuntu-nuc/rc2_ws/install/pgo
[13.476s] Invoking command in '/home/ubuntu-nuc/rc2_ws/build/pgo': CMAKE_PREFIX_PATH=/home/ubuntu-nuc/rc2_ws/install/interface:/home/ubuntu-nuc/rc2_ws/install/pgo:/home/ubuntu-nuc/rc2_ws/install/meiling_control:/home/ubuntu-nuc/rc2_ws/install/localizer:/home/ubuntu-nuc/rc2_ws/install/fastlio2:/home/ubuntu-nuc/rc2_ws/install/livox_ros_driver2:/home/ubuntu-nuc/rc2_ws/install/hba:/home/ubuntu-nuc/rc2_ws/install/auto_aim_interfaces:/home/ubuntu-nuc/rc_ws/install/fast_lio:/home/ubuntu-nuc/rc_ws/install/livox_ros_driver2:/home/ubuntu-nuc/rc2_ws/install/meiling_detect_debug:/home/ubuntu-nuc/rc2_ws/install/meiling_detect:/opt/ros/humble LD_LIBRARY_PATH=/home/ubuntu-nuc/rc2_ws/install/interface/lib:/usr/lib/x86_64-linux-gnu:/home/ubuntu-nuc/rc2_ws/install/livox_sdk2/lib:/home/ubuntu-nuc/rc2_ws/install/livox_ros_driver2/lib:/home/ubuntu-nuc/rc2_ws/install/auto_aim_interfaces/lib:/home/ubuntu-nuc/rc_ws/install/fast_lio/lib:/home/ubuntu-nuc/rc_ws/install/livox_ros_driver2/lib:/usr/lib/x86_64-linux-gnu/gazebo-11/plugins:/opt/ros/humble/opt/rviz_ogre_vendor/lib:/opt/ros/humble/lib/x86_64-linux-gnu:/opt/ros/humble/opt/openvdb_vendor/lib:/opt/ros/humble/lib:/opt/MVS/lib/64:/opt/MVS/lib/32:/opt/MVS/lib/64:/opt/MVS/lib/32:/opt/MVS/lib/64:/opt/MVS/lib/32 /usr/local/bin/cmake --build /home/ubuntu-nuc/rc2_ws/build/pgo -- -j8 -l8
[13.521s] [ 25%] [32mBuilding CXX object CMakeFiles/pgo_node.dir/src/pgo_node.cpp.o[0m
[58.424s] [ 50%] [32mBuilding CXX object CMakeFiles/pgo_node.dir/src/pgos/simple_pgo.cpp.o[0m
[81.587s] [ 75%] [32mBuilding CXX object CMakeFiles/pgo_node.dir/src/pgos/commons.cpp.o[0m
[84.036s] [100%] [32m[1mLinking CXX executable pgo_node[0m
[85.171s] [100%] Built target pgo_node
[85.176s] Invoked command in '/home/ubuntu-nuc/rc2_ws/build/pgo' returned '0': CMAKE_PREFIX_PATH=/home/ubuntu-nuc/rc2_ws/install/interface:/home/ubuntu-nuc/rc2_ws/install/pgo:/home/ubuntu-nuc/rc2_ws/install/meiling_control:/home/ubuntu-nuc/rc2_ws/install/localizer:/home/ubuntu-nuc/rc2_ws/install/fastlio2:/home/ubuntu-nuc/rc2_ws/install/livox_ros_driver2:/home/ubuntu-nuc/rc2_ws/install/hba:/home/ubuntu-nuc/rc2_ws/install/auto_aim_interfaces:/home/ubuntu-nuc/rc_ws/install/fast_lio:/home/ubuntu-nuc/rc_ws/install/livox_ros_driver2:/home/ubuntu-nuc/rc2_ws/install/meiling_detect_debug:/home/ubuntu-nuc/rc2_ws/install/meiling_detect:/opt/ros/humble LD_LIBRARY_PATH=/home/ubuntu-nuc/rc2_ws/install/interface/lib:/usr/lib/x86_64-linux-gnu:/home/ubuntu-nuc/rc2_ws/install/livox_sdk2/lib:/home/ubuntu-nuc/rc2_ws/install/livox_ros_driver2/lib:/home/ubuntu-nuc/rc2_ws/install/auto_aim_interfaces/lib:/home/ubuntu-nuc/rc_ws/install/fast_lio/lib:/home/ubuntu-nuc/rc_ws/install/livox_ros_driver2/lib:/usr/lib/x86_64-linux-gnu/gazebo-11/plugins:/opt/ros/humble/opt/rviz_ogre_vendor/lib:/opt/ros/humble/lib/x86_64-linux-gnu:/opt/ros/humble/opt/openvdb_vendor/lib:/opt/ros/humble/lib:/opt/MVS/lib/64:/opt/MVS/lib/32:/opt/MVS/lib/64:/opt/MVS/lib/32:/opt/MVS/lib/64:/opt/MVS/lib/32 /usr/local/bin/cmake --build /home/ubuntu-nuc/rc2_ws/build/pgo -- -j8 -l8
[85.179s] Invoking command in '/home/ubuntu-nuc/rc2_ws/build/pgo': CMAKE_PREFIX_PATH=/home/ubuntu-nuc/rc2_ws/install/interface:/home/ubuntu-nuc/rc2_ws/install/pgo:/home/ubuntu-nuc/rc2_ws/install/meiling_control:/home/ubuntu-nuc/rc2_ws/install/localizer:/home/ubuntu-nuc/rc2_ws/install/fastlio2:/home/ubuntu-nuc/rc2_ws/install/livox_ros_driver2:/home/ubuntu-nuc/rc2_ws/install/hba:/home/ubuntu-nuc/rc2_ws/install/auto_aim_interfaces:/home/ubuntu-nuc/rc_ws/install/fast_lio:/home/ubuntu-nuc/rc_ws/install/livox_ros_driver2:/home/ubuntu-nuc/rc2_ws/install/meiling_detect_debug:/home/ubuntu-nuc/rc2_ws/install/meiling_detect:/opt/ros/humble LD_LIBRARY_PATH=/home/ubuntu-nuc/rc2_ws/install/interface/lib:/usr/lib/x86_64-linux-gnu:/home/ubuntu-nuc/rc2_ws/install/livox_sdk2/lib:/home/ubuntu-nuc/rc2_ws/install/livox_ros_driver2/lib:/home/ubuntu-nuc/rc2_ws/install/auto_aim_interfaces/lib:/home/ubuntu-nuc/rc_ws/install/fast_lio/lib:/home/ubuntu-nuc/rc_ws/install/livox_ros_driver2/lib:/usr/lib/x86_64-linux-gnu/gazebo-11/plugins:/opt/ros/humble/opt/rviz_ogre_vendor/lib:/opt/ros/humble/lib/x86_64-linux-gnu:/opt/ros/humble/opt/openvdb_vendor/lib:/opt/ros/humble/lib:/opt/MVS/lib/64:/opt/MVS/lib/32:/opt/MVS/lib/64:/opt/MVS/lib/32:/opt/MVS/lib/64:/opt/MVS/lib/32 /usr/local/bin/cmake --install /home/ubuntu-nuc/rc2_ws/build/pgo
[85.182s] -- Install configuration: "Release"
[85.182s] -- Installing: /home/ubuntu-nuc/rc2_ws/install/pgo/lib/pgo/pgo_node
[85.183s] -- Set non-toolchain portion of runtime path of "/home/ubuntu-nuc/rc2_ws/install/pgo/lib/pgo/pgo_node" to ""
[85.183s] -- Installing: /home/ubuntu-nuc/rc2_ws/install/pgo/share/pgo/launch
[85.183s] -- Installing: /home/ubuntu-nuc/rc2_ws/install/pgo/share/pgo/launch/pgo_launch.py
[85.183s] -- Installing: /home/ubuntu-nuc/rc2_ws/install/pgo/share/pgo/config
[85.183s] -- Installing: /home/ubuntu-nuc/rc2_ws/install/pgo/share/pgo/config/pgo.yaml
[85.183s] -- Installing: /home/ubuntu-nuc/rc2_ws/install/pgo/share/pgo/rviz
[85.184s] -- Installing: /home/ubuntu-nuc/rc2_ws/install/pgo/share/pgo/rviz/pgo.rviz
[85.184s] -- Installing: /home/ubuntu-nuc/rc2_ws/install/pgo/share/ament_index/resource_index/package_run_dependencies/pgo
[85.184s] -- Installing: /home/ubuntu-nuc/rc2_ws/install/pgo/share/ament_index/resource_index/parent_prefix_path/pgo
[85.184s] -- Installing: /home/ubuntu-nuc/rc2_ws/install/pgo/share/pgo/environment/ament_prefix_path.sh
[85.184s] -- Installing: /home/ubuntu-nuc/rc2_ws/install/pgo/share/pgo/environment/ament_prefix_path.dsv
[85.184s] -- Installing: /home/ubuntu-nuc/rc2_ws/install/pgo/share/pgo/environment/path.sh
[85.184s] -- Installing: /home/ubuntu-nuc/rc2_ws/install/pgo/share/pgo/environment/path.dsv
[85.184s] -- Installing: /home/ubuntu-nuc/rc2_ws/install/pgo/share/pgo/local_setup.bash
[85.184s] -- Installing: /home/ubuntu-nuc/rc2_ws/install/pgo/share/pgo/local_setup.sh
[85.184s] -- Installing: /home/ubuntu-nuc/rc2_ws/install/pgo/share/pgo/local_setup.zsh
[85.185s] -- Installing: /home/ubuntu-nuc/rc2_ws/install/pgo/share/pgo/local_setup.dsv
[85.185s] -- Installing: /home/ubuntu-nuc/rc2_ws/install/pgo/share/pgo/package.dsv
[85.185s] -- Installing: /home/ubuntu-nuc/rc2_ws/install/pgo/share/ament_index/resource_index/packages/pgo
[85.185s] -- Installing: /home/ubuntu-nuc/rc2_ws/install/pgo/share/pgo/cmake/pgoConfig.cmake
[85.185s] -- Installing: /home/ubuntu-nuc/rc2_ws/install/pgo/share/pgo/cmake/pgoConfig-version.cmake
[85.185s] -- Installing: /home/ubuntu-nuc/rc2_ws/install/pgo/share/pgo/package.xml
[85.187s] Invoked command in '/home/ubuntu-nuc/rc2_ws/build/pgo' returned '0': CMAKE_PREFIX_PATH=/home/ubuntu-nuc/rc2_ws/install/interface:/home/ubuntu-nuc/rc2_ws/install/pgo:/home/ubuntu-nuc/rc2_ws/install/meiling_control:/home/ubuntu-nuc/rc2_ws/install/localizer:/home/ubuntu-nuc/rc2_ws/install/fastlio2:/home/ubuntu-nuc/rc2_ws/install/livox_ros_driver2:/home/ubuntu-nuc/rc2_ws/install/hba:/home/ubuntu-nuc/rc2_ws/install/auto_aim_interfaces:/home/ubuntu-nuc/rc_ws/install/fast_lio:/home/ubuntu-nuc/rc_ws/install/livox_ros_driver2:/home/ubuntu-nuc/rc2_ws/install/meiling_detect_debug:/home/ubuntu-nuc/rc2_ws/install/meiling_detect:/opt/ros/humble LD_LIBRARY_PATH=/home/ubuntu-nuc/rc2_ws/install/interface/lib:/usr/lib/x86_64-linux-gnu:/home/ubuntu-nuc/rc2_ws/install/livox_sdk2/lib:/home/ubuntu-nuc/rc2_ws/install/livox_ros_driver2/lib:/home/ubuntu-nuc/rc2_ws/install/auto_aim_interfaces/lib:/home/ubuntu-nuc/rc_ws/install/fast_lio/lib:/home/ubuntu-nuc/rc_ws/install/livox_ros_driver2/lib:/usr/lib/x86_64-linux-gnu/gazebo-11/plugins:/opt/ros/humble/opt/rviz_ogre_vendor/lib:/opt/ros/humble/lib/x86_64-linux-gnu:/opt/ros/humble/opt/openvdb_vendor/lib:/opt/ros/humble/lib:/opt/MVS/lib/64:/opt/MVS/lib/32:/opt/MVS/lib/64:/opt/MVS/lib/32:/opt/MVS/lib/64:/opt/MVS/lib/32 /usr/local/bin/cmake --install /home/ubuntu-nuc/rc2_ws/build/pgo
