[0.013s] Invoking command in '/home/ubuntu-nuc/rc2_ws/build/meiling_control': CMAKE_PREFIX_PATH=/home/ubuntu-nuc/rc2_ws/install/auto_aim_interfaces:/home/ubuntu-nuc/rc2_ws/install/pgo:/home/ubuntu-nuc/rc2_ws/install/meiling_control:/home/ubuntu-nuc/rc2_ws/install/localizer:/home/ubuntu-nuc/rc2_ws/install/fastlio2:/home/ubuntu-nuc/rc2_ws/install/livox_ros_driver2:/home/ubuntu-nuc/rc2_ws/install/hba:/home/ubuntu-nuc/rc2_ws/install/interface:/home/ubuntu-nuc/rc_ws/install/fast_lio:/home/ubuntu-nuc/rc_ws/install/livox_ros_driver2 LD_LIBRARY_PATH=/home/ubuntu-nuc/rc2_ws/install/auto_aim_interfaces/lib:/opt/MVS/lib/64:/opt/MVS/lib/32:/opt/MVS/lib/64:/opt/MVS/lib/32:/usr/lib/x86_64-linux-gnu:/home/ubuntu-nuc/rc2_ws/install/livox_sdk2/lib:/home/ubuntu-nuc/rc2_ws/install/livox_ros_driver2/lib:/home/ubuntu-nuc/rc2_ws/install/interface/lib:/home/ubuntu-nuc/rc_ws/install/fast_lio/lib:/home/ubuntu-nuc/rc_ws/install/livox_ros_driver2/lib:/usr/lib/x86_64-linux-gnu/gazebo-11/plugins:/opt/ros/humble/opt/rviz_ogre_vendor/lib:/opt/ros/humble/lib/x86_64-linux-gnu:/opt/ros/humble/opt/openvdb_vendor/lib:/opt/ros/humble/lib:/opt/MVS/lib/64:/opt/MVS/lib/32 PKG_CONFIG_PATH=/home/ubuntu-nuc/rc2_ws/install/auto_aim_interfaces/lib/x86_64-linux-gnu/pkgconfig:/home/ubuntu-nuc/rc2_ws/install/auto_aim_interfaces/lib/pkgconfig:/home/ubuntu-nuc/rc2_ws/install/meiling_control/lib/x86_64-linux-gnu/pkgconfig:/home/ubuntu-nuc/rc2_ws/install/meiling_control/lib/pkgconfig PYTHONPATH=/home/ubuntu-nuc/rc2_ws/install/auto_aim_interfaces/local/lib/python3.10/dist-packages:/home/ubuntu-nuc/rc2_ws/install/meiling_detect/lib/python3.10/site-packages:/home/ubuntu-nuc/rc2_ws/install/livox_ros_driver2/local/lib/python3.10/dist-packages:/home/ubuntu-nuc/rc2_ws/install/interface/local/lib/python3.10/dist-packages:/home/ubuntu-nuc/rc_ws/install/fast_lio/local/lib/python3.10/dist-packages:/home/ubuntu-nuc/rc_ws/install/livox_ros_driver2/local/lib/python3.10/dist-packages:/opt/ros/humble/lib/python3.10/site-packages:/opt/ros/humble/local/lib/python3.10/dist-packages ROS_PACKAGE_PATH=/home/ubuntu-nuc/rc2_ws/install/auto_aim_interfaces/share:/home/ubuntu-nuc/rc2_ws/install/meiling_control/share /usr/local/bin/cmake --build /home/ubuntu-nuc/rc2_ws/build/meiling_control -- -j8 -l8
[0.028s] -- Found ament_cmake: 1.3.12 (/opt/ros/humble/share/ament_cmake/cmake)
[0.184s] -- Found rclcpp: 16.0.14 (/opt/ros/humble/share/rclcpp/cmake)
[0.213s] -- Found rosidl_generator_c: 3.1.7 (/opt/ros/humble/share/rosidl_generator_c/cmake)
[0.217s] -- Found rosidl_adapter: 3.1.7 (/opt/ros/humble/share/rosidl_adapter/cmake)
[0.224s] -- Found rosidl_generator_cpp: 3.1.8 (/opt/ros/humble/share/rosidl_generator_cpp/cmake)
[0.233s] -- Using all available rosidl_typesupport_c: rosidl_typesupport_fastrtps_c;rosidl_typesupport_introspection_c
[0.245s] -- Using all available rosidl_typesupport_cpp: rosidl_typesupport_fastrtps_cpp;rosidl_typesupport_introspection_cpp
[0.278s] -- Found rmw_implementation_cmake: 6.1.2 (/opt/ros/humble/share/rmw_implementation_cmake/cmake)
[0.279s] -- Found rmw_fastrtps_cpp: 6.2.8 (/opt/ros/humble/share/rmw_fastrtps_cpp/cmake)
[0.381s] -- Using RMW implementation 'rmw_fastrtps_cpp' as default
[0.434s] -- Found auto_aim_interfaces: 0.0.1 (/home/ubuntu-nuc/rc2_ws/install/auto_aim_interfaces/share/auto_aim_interfaces/cmake)
[0.538s] -- Configuring done (0.5s)
[0.552s] -- Generating done (0.0s)
[0.554s] -- Build files have been written to: /home/ubuntu-nuc/rc2_ws/build/meiling_control
[0.584s] [ 66%] [32mBuilding CXX object CMakeFiles/meiling_node.dir/src/meiling_node.cpp.o[0m
[0.585s] [ 66%] [32mBuilding CXX object CMakeFiles/meiling_node.dir/src/luoji.cpp.o[0m
[2.824s] [01m[K/home/ubuntu-nuc/rc2_ws/src/meiling_control/src/meiling_node.cpp:[m[K In member function ‘[01m[Kvoid SUM::timer_cb()[m[K’:
[2.824s] [01m[K/home/ubuntu-nuc/rc2_ws/src/meiling_control/src/meiling_node.cpp:131:30:[m[K [01;31m[Kerror: [m[K‘[01m[KINIT_DET[m[K’ was not declared in this scope
[2.824s]   131 |         if(yaw_ok(a_yaw)) sm=[01;31m[KINIT_DET[m[K;
[2.825s]       |                              [01;31m[K^~~~~~~~[m[K
[2.830s] [01m[K/home/ubuntu-nuc/rc2_ws/src/meiling_control/src/meiling_node.cpp:134:14:[m[K [01;31m[Kerror: [m[K‘[01m[KINIT_DET[m[K’ was not declared in this scope
[2.830s]   134 |         case [01;31m[KINIT_DET[m[K:
[2.830s]       |              [01;31m[K^~~~~~~~[m[K
[2.836s] [01m[K/home/ubuntu-nuc/rc2_ws/src/meiling_control/src/meiling_node.cpp:138:12:[m[K [01;31m[Kerror: [m[K‘[01m[KINIT_DET_WAIT[m[K’ was not declared in this scope; did you mean ‘[01m[KDET_WAIT[m[K’?
[2.837s]   138 |         sm=[01;31m[KINIT_DET_WAIT[m[K;
[2.837s]       |            [01;31m[K^~~~~~~~~~~~~[m[K
[2.837s]       |            [32m[KDET_WAIT[m[K
[2.843s] [01m[K/home/ubuntu-nuc/rc2_ws/src/meiling_control/src/meiling_node.cpp:142:10:[m[K [01;31m[Kerror: [m[K‘[01m[KINIT_DET_WAIT[m[K’ was not declared in this scope; did you mean ‘[01m[KDET_WAIT[m[K’?
[2.843s]   142 |     case [01;31m[KINIT_DET_WAIT[m[K:
[2.843s]       |          [01;31m[K^~~~~~~~~~~~~[m[K
[2.843s]       |          [32m[KDET_WAIT[m[K
[2.843s] [01m[K/home/ubuntu-nuc/rc2_ws/src/meiling_control/src/meiling_node.cpp:142:5:[m[K [01;31m[Kerror: [m[Kcase label ‘[01m[K<expression error>[m[K’ not within a switch statement
[2.843s]   142 |     [01;31m[Kcase[m[K INIT_DET_WAIT:
[2.843s]       |     [01;31m[K^~~~[m[K
[2.843s] [01m[K/home/ubuntu-nuc/rc2_ws/src/meiling_control/src/meiling_node.cpp:157:5:[m[K [01;31m[Kerror: [m[Kcase label ‘[01m[KSUM::CHK_FWD[m[K’ not within a switch statement
[2.843s]   157 |     [01;31m[Kcase[m[K CHK_FWD:{
[2.843s]       |     [01;31m[K^~~~[m[K
[2.844s] [01m[K/home/ubuntu-nuc/rc2_ws/src/meiling_control/src/meiling_node.cpp:203:5:[m[K [01;31m[Kerror: [m[Kcase label ‘[01m[KSUM::DET[m[K’ not within a switch statement
[2.844s]   203 |     [01;31m[Kcase[m[K DET:
[2.844s]       |     [01;31m[K^~~~[m[K
[2.845s] [01m[K/home/ubuntu-nuc/rc2_ws/src/meiling_control/src/meiling_node.cpp:212:5:[m[K [01;31m[Kerror: [m[Kcase label ‘[01m[KSUM::DET_WAIT[m[K’ not within a switch statement
[2.845s]   212 |     [01;31m[Kcase[m[K DET_WAIT:
[2.845s]       |     [01;31m[K^~~~[m[K
[2.845s] [01m[K/home/ubuntu-nuc/rc2_ws/src/meiling_control/src/meiling_node.cpp:246:5:[m[K [01;31m[Kerror: [m[Kcase label ‘[01m[KSUM::MOVE[m[K’ not within a switch statement
[2.845s]   246 |     [01;31m[Kcase[m[K MOVE:{
[2.845s]       |     [01;31m[K^~~~[m[K
[2.846s] [01m[K/home/ubuntu-nuc/rc2_ws/src/meiling_control/src/meiling_node.cpp:275:5:[m[K [01;31m[Kerror: [m[Kcase label ‘[01m[KSUM::SLOPE[m[K’ not within a switch statement
[2.846s]   275 |     [01;31m[Kcase[m[K SLOPE:
[2.846s]       |     [01;31m[K^~~~[m[K
[2.846s] [01m[K/home/ubuntu-nuc/rc2_ws/src/meiling_control/src/meiling_node.cpp:281:5:[m[K [01;31m[Kerror: [m[Kcase label ‘[01m[KSUM::TURN[m[K’ not within a switch statement
[2.846s]   281 |     [01;31m[Kcase[m[K TURN:{
[2.846s]       |     [01;31m[K^~~~[m[K
[2.847s] [01m[K/home/ubuntu-nuc/rc2_ws/src/meiling_control/src/meiling_node.cpp:305:5:[m[K [01;31m[Kerror: [m[Kcase label ‘[01m[KSUM::MOVE_SIDE[m[K’ not within a switch statement
[2.847s]   305 |     [01;31m[Kcase[m[K MOVE_SIDE:
[2.847s]       |     [01;31m[K^~~~[m[K
[2.847s] [01m[K/home/ubuntu-nuc/rc2_ws/src/meiling_control/src/meiling_node.cpp:317:5:[m[K [01;31m[Kerror: [m[Kcase label ‘[01m[KSUM::RET[m[K’ not within a switch statement
[2.847s]   317 |     [01;31m[Kcase[m[K RET:
[2.847s]       |     [01;31m[K^~~~[m[K
[2.847s] [01m[K/home/ubuntu-nuc/rc2_ws/src/meiling_control/src/meiling_node.cpp:325:5:[m[K [01;31m[Kerror: [m[Kcase label ‘[01m[KSUM::RET_ING[m[K’ not within a switch statement
[2.847s]   325 |     [01;31m[Kcase[m[K RET_ING:{
[2.847s]       |     [01;31m[K^~~~[m[K
[2.848s] [01m[K/home/ubuntu-nuc/rc2_ws/src/meiling_control/src/meiling_node.cpp:342:5:[m[K [01;31m[Kerror: [m[Kcase label ‘[01m[KSUM::PATH_CHK[m[K’ not within a switch statement
[2.848s]   342 |     [01;31m[Kcase[m[K PATH_CHK:{
[2.848s]       |     [01;31m[K^~~~[m[K
[2.848s] [01m[K/home/ubuntu-nuc/rc2_ws/src/meiling_control/src/meiling_node.cpp:358:5:[m[K [01;31m[Kerror: [m[Kcase label ‘[01m[KSUM::CHG_COL[m[K’ not within a switch statement
[2.848s]   358 |     [01;31m[Kcase[m[K CHG_COL:{
[2.849s]       |     [01;31m[K^~~~[m[K
[2.849s] [01m[K/home/ubuntu-nuc/rc2_ws/src/meiling_control/src/meiling_node.cpp:383:5:[m[K [01;31m[Kerror: [m[Kcase label ‘[01m[KSUM::CHG_COL_WAIT[m[K’ not within a switch statement
[2.849s]   383 |     [01;31m[Kcase[m[K CHG_COL_WAIT:
[2.849s]       |     [01;31m[K^~~~[m[K
[2.850s] [01m[K/home/ubuntu-nuc/rc2_ws/src/meiling_control/src/meiling_node.cpp:[m[K At global scope:
[2.850s] [01m[K/home/ubuntu-nuc/rc2_ws/src/meiling_control/src/meiling_node.cpp:392:1:[m[K [01;31m[Kerror: [m[Kexpected declaration before ‘[01m[K}[m[K’ token
[2.850s]   392 | [01;31m[K}[m[K
[2.850s]       | [01;31m[K^[m[K
[6.787s] gmake[2]: *** [CMakeFiles/meiling_node.dir/build.make:79: CMakeFiles/meiling_node.dir/src/meiling_node.cpp.o] Error 1
[6.787s] gmake[1]: *** [CMakeFiles/Makefile2:153: CMakeFiles/meiling_node.dir/all] Error 2
[6.787s] gmake: *** [Makefile:146: all] Error 2
[6.788s] Invoked command in '/home/ubuntu-nuc/rc2_ws/build/meiling_control' returned '2': CMAKE_PREFIX_PATH=/home/ubuntu-nuc/rc2_ws/install/auto_aim_interfaces:/home/ubuntu-nuc/rc2_ws/install/pgo:/home/ubuntu-nuc/rc2_ws/install/meiling_control:/home/ubuntu-nuc/rc2_ws/install/localizer:/home/ubuntu-nuc/rc2_ws/install/fastlio2:/home/ubuntu-nuc/rc2_ws/install/livox_ros_driver2:/home/ubuntu-nuc/rc2_ws/install/hba:/home/ubuntu-nuc/rc2_ws/install/interface:/home/ubuntu-nuc/rc_ws/install/fast_lio:/home/ubuntu-nuc/rc_ws/install/livox_ros_driver2 LD_LIBRARY_PATH=/home/ubuntu-nuc/rc2_ws/install/auto_aim_interfaces/lib:/opt/MVS/lib/64:/opt/MVS/lib/32:/opt/MVS/lib/64:/opt/MVS/lib/32:/usr/lib/x86_64-linux-gnu:/home/ubuntu-nuc/rc2_ws/install/livox_sdk2/lib:/home/ubuntu-nuc/rc2_ws/install/livox_ros_driver2/lib:/home/ubuntu-nuc/rc2_ws/install/interface/lib:/home/ubuntu-nuc/rc_ws/install/fast_lio/lib:/home/ubuntu-nuc/rc_ws/install/livox_ros_driver2/lib:/usr/lib/x86_64-linux-gnu/gazebo-11/plugins:/opt/ros/humble/opt/rviz_ogre_vendor/lib:/opt/ros/humble/lib/x86_64-linux-gnu:/opt/ros/humble/opt/openvdb_vendor/lib:/opt/ros/humble/lib:/opt/MVS/lib/64:/opt/MVS/lib/32 PKG_CONFIG_PATH=/home/ubuntu-nuc/rc2_ws/install/auto_aim_interfaces/lib/x86_64-linux-gnu/pkgconfig:/home/ubuntu-nuc/rc2_ws/install/auto_aim_interfaces/lib/pkgconfig:/home/ubuntu-nuc/rc2_ws/install/meiling_control/lib/x86_64-linux-gnu/pkgconfig:/home/ubuntu-nuc/rc2_ws/install/meiling_control/lib/pkgconfig PYTHONPATH=/home/ubuntu-nuc/rc2_ws/install/auto_aim_interfaces/local/lib/python3.10/dist-packages:/home/ubuntu-nuc/rc2_ws/install/meiling_detect/lib/python3.10/site-packages:/home/ubuntu-nuc/rc2_ws/install/livox_ros_driver2/local/lib/python3.10/dist-packages:/home/ubuntu-nuc/rc2_ws/install/interface/local/lib/python3.10/dist-packages:/home/ubuntu-nuc/rc_ws/install/fast_lio/local/lib/python3.10/dist-packages:/home/ubuntu-nuc/rc_ws/install/livox_ros_driver2/local/lib/python3.10/dist-packages:/opt/ros/humble/lib/python3.10/site-packages:/opt/ros/humble/local/lib/python3.10/dist-packages ROS_PACKAGE_PATH=/home/ubuntu-nuc/rc2_ws/install/auto_aim_interfaces/share:/home/ubuntu-nuc/rc2_ws/install/meiling_control/share /usr/local/bin/cmake --build /home/ubuntu-nuc/rc2_ws/build/meiling_control -- -j8 -l8
