-- Found ament_cmake: 1.3.12 (/opt/ros/humble/share/ament_cmake/cmake)
-- Found rclcpp: 16.0.14 (/opt/ros/humble/share/rclcpp/cmake)
-- Found rosidl_generator_c: 3.1.7 (/opt/ros/humble/share/rosidl_generator_c/cmake)
-- Found rosidl_adapter: 3.1.7 (/opt/ros/humble/share/rosidl_adapter/cmake)
-- Found rosidl_generator_cpp: 3.1.8 (/opt/ros/humble/share/rosidl_generator_cpp/cmake)
-- Using all available rosidl_typesupport_c: rosidl_typesupport_fastrtps_c;rosidl_typesupport_introspection_c
-- Using all available rosidl_typesupport_cpp: rosidl_typesupport_fastrtps_cpp;rosidl_typesupport_introspection_cpp
-- Found rmw_implementation_cmake: 6.1.2 (/opt/ros/humble/share/rmw_implementation_cmake/cmake)
-- Found rmw_fastrtps_cpp: 6.2.8 (/opt/ros/humble/share/rmw_fastrtps_cpp/cmake)
-- Using RMW implementation 'rmw_fastrtps_cpp' as default
-- Found sensor_msgs: 4.9.0 (/opt/ros/humble/share/sensor_msgs/cmake)
-- Found interface: 0.0.0 (/home/ubuntu-nuc/rc2_ws/install/interface/share/interface/cmake)
-- Found pcl_conversions: 2.4.5 (/opt/ros/humble/share/pcl_conversions/cmake)
-- Eigen found (include: /usr/include/eigen3, version: 3.4.0)
-- FLANN found (include: /usr/include, lib: /usr/lib/x86_64-linux-gnu/libflann_cpp.so)
-- OpenNI found (version: 1.5.4.0, include: /usr/include/ni, lib: /usr/lib/libOpenNI.so;libusb::libusb)
-- OpenNI2 found (version: 2.2.0.33, include: /usr/include/openni2, lib: /usr/lib/x86_64-linux-gnu/libOpenNI2.so;libusb::libusb)
-- Eigen found (include: /usr/include/eigen3, version: 3.4.0)
-- OpenNI found (version: 1.5.4.0, include: /usr/include/ni, lib: /usr/lib/libOpenNI.so;libusb::libusb)
-- OpenNI2 found (version: 2.2.0.33, include: /usr/include/openni2, lib: /usr/lib/x86_64-linux-gnu/libOpenNI2.so;libusb::libusb)
-- Found Qhull version 8.0.2
-- OpenNI found (version: 1.5.4.0, include: /usr/include/ni, lib: /usr/lib/libOpenNI.so;libusb::libusb)
-- GTSAM include directory:  /usr/local/lib/cmake/GTSAM/../../../include
-- Found ament_lint_auto: 0.12.14 (/opt/ros/humble/share/ament_lint_auto/cmake)
-- Added test 'cppcheck' to perform static code analysis on C / C++ code
-- Configured cppcheck include dirs: 
-- Configured cppcheck exclude dirs and/or files: 
-- Added test 'flake8' to check Python code syntax and style conventions
-- Added test 'lint_cmake' to check CMake code style
-- Added test 'pep257' to check Python code against some of the docstring style conventions in PEP 257
-- Added test 'uncrustify' to check C / C++ code style
-- Configured uncrustify additional arguments: 
-- Added test 'xmllint' to check XML markup files
-- Configuring done (2.8s)
-- Generating done (0.1s)
-- Build files have been written to: /home/ubuntu-nuc/rc2_ws/build/hba
[100%] Built target hba_node
-- Install configuration: "Release"
-- Up-to-date: /home/ubuntu-nuc/rc2_ws/install/hba/lib/hba/hba_node
-- Up-to-date: /home/ubuntu-nuc/rc2_ws/install/hba/share/hba/launch
-- Up-to-date: /home/ubuntu-nuc/rc2_ws/install/hba/share/hba/launch/hba_launch.py
-- Up-to-date: /home/ubuntu-nuc/rc2_ws/install/hba/share/hba/config
-- Up-to-date: /home/ubuntu-nuc/rc2_ws/install/hba/share/hba/config/hba.yaml
-- Up-to-date: /home/ubuntu-nuc/rc2_ws/install/hba/share/hba/rviz
-- Up-to-date: /home/ubuntu-nuc/rc2_ws/install/hba/share/hba/rviz/hba.rviz
-- Up-to-date: /home/ubuntu-nuc/rc2_ws/install/hba/share/ament_index/resource_index/package_run_dependencies/hba
-- Installing: /home/ubuntu-nuc/rc2_ws/install/hba/share/ament_index/resource_index/parent_prefix_path/hba
-- Up-to-date: /home/ubuntu-nuc/rc2_ws/install/hba/share/hba/environment/ament_prefix_path.sh
-- Installing: /home/ubuntu-nuc/rc2_ws/install/hba/share/hba/environment/ament_prefix_path.dsv
-- Up-to-date: /home/ubuntu-nuc/rc2_ws/install/hba/share/hba/environment/path.sh
-- Installing: /home/ubuntu-nuc/rc2_ws/install/hba/share/hba/environment/path.dsv
-- Up-to-date: /home/ubuntu-nuc/rc2_ws/install/hba/share/hba/local_setup.bash
-- Up-to-date: /home/ubuntu-nuc/rc2_ws/install/hba/share/hba/local_setup.sh
-- Up-to-date: /home/ubuntu-nuc/rc2_ws/install/hba/share/hba/local_setup.zsh
-- Installing: /home/ubuntu-nuc/rc2_ws/install/hba/share/hba/local_setup.dsv
-- Installing: /home/ubuntu-nuc/rc2_ws/install/hba/share/hba/package.dsv
-- Up-to-date: /home/ubuntu-nuc/rc2_ws/install/hba/share/ament_index/resource_index/packages/hba
-- Up-to-date: /home/ubuntu-nuc/rc2_ws/install/hba/share/hba/cmake/hbaConfig.cmake
-- Up-to-date: /home/ubuntu-nuc/rc2_ws/install/hba/share/hba/cmake/hbaConfig-version.cmake
-- Up-to-date: /home/ubuntu-nuc/rc2_ws/install/hba/share/hba/package.xml
