[0.022s] Invoking command in '/home/ubuntu-nuc/rc2_ws/build/hba': CMAKE_PREFIX_PATH=/home/ubuntu-nuc/rc2_ws/install/interface:/home/ubuntu-nuc/rc2_ws/install/pgo:/home/ubuntu-nuc/rc2_ws/install/meiling_detect_debug:/home/ubuntu-nuc/rc2_ws/install/meiling_detect:/opt/ros/humble:/home/ubuntu-nuc/rc2_ws/install/meiling_control:/home/ubuntu-nuc/rc2_ws/install/localizer:/home/ubuntu-nuc/rc2_ws/install/fastlio2:/home/ubuntu-nuc/rc2_ws/install/livox_ros_driver2:/home/ubuntu-nuc/rc2_ws/install/hba:/home/ubuntu-nuc/rc2_ws/install/auto_aim_interfaces:/home/ubuntu-nuc/rc_ws/install/fast_lio:/home/ubuntu-nuc/rc_ws/install/livox_ros_driver2 LD_LIBRARY_PATH=/home/ubuntu-nuc/rc2_ws/install/interface/lib:/usr/lib/x86_64-linux-gnu:/home/ubuntu-nuc/rc2_ws/install/livox_sdk2/lib:/home/ubuntu-nuc/rc2_ws/install/livox_ros_driver2/lib:/home/ubuntu-nuc/rc2_ws/install/auto_aim_interfaces/lib:/home/ubuntu-nuc/rc_ws/install/fast_lio/lib:/home/ubuntu-nuc/rc_ws/install/livox_ros_driver2/lib:/usr/lib/x86_64-linux-gnu/gazebo-11/plugins:/opt/ros/humble/opt/rviz_ogre_vendor/lib:/opt/ros/humble/lib/x86_64-linux-gnu:/opt/ros/humble/opt/openvdb_vendor/lib:/opt/ros/humble/lib:/opt/MVS/lib/64:/opt/MVS/lib/32:/opt/MVS/lib/64:/opt/MVS/lib/32:/opt/MVS/lib/64:/opt/MVS/lib/32 /usr/local/bin/cmake /home/ubuntu-nuc/rc2_ws/src/FASTLIO2_ROS2/hba -DCMAKE_INSTALL_PREFIX=/home/ubuntu-nuc/rc2_ws/install/hba
[0.032s] [0mCMake Deprecation Warning at CMakeLists.txt:1 (cmake_minimum_required):
[0.032s]   Compatibility with CMake < 3.10 will be removed from a future version of
[0.032s]   CMake.
[0.032s] 
[0.032s]   Update the VERSION argument <min> value.  Or, use the <min>...<max> syntax
[0.032s]   to tell CMake that the project requires at least <min> but has been updated
[0.032s]   to work with policies introduced by <max> or earlier.
[0.032s] 
[0.032s] [0m
[0.040s] -- Found ament_cmake: 1.3.12 (/opt/ros/humble/share/ament_cmake/cmake)
[0.245s] -- Found rclcpp: 16.0.14 (/opt/ros/humble/share/rclcpp/cmake)
[0.277s] -- Found rosidl_generator_c: 3.1.7 (/opt/ros/humble/share/rosidl_generator_c/cmake)
[0.280s] -- Found rosidl_adapter: 3.1.7 (/opt/ros/humble/share/rosidl_adapter/cmake)
[0.286s] -- Found rosidl_generator_cpp: 3.1.8 (/opt/ros/humble/share/rosidl_generator_cpp/cmake)
[0.297s] -- Using all available rosidl_typesupport_c: rosidl_typesupport_fastrtps_c;rosidl_typesupport_introspection_c
[0.310s] -- Using all available rosidl_typesupport_cpp: rosidl_typesupport_fastrtps_cpp;rosidl_typesupport_introspection_cpp
[0.345s] -- Found rmw_implementation_cmake: 6.1.2 (/opt/ros/humble/share/rmw_implementation_cmake/cmake)
[0.346s] -- Found rmw_fastrtps_cpp: 6.2.8 (/opt/ros/humble/share/rmw_fastrtps_cpp/cmake)
[0.488s] -- Using RMW implementation 'rmw_fastrtps_cpp' as default
[0.565s] -- Found sensor_msgs: 4.9.0 (/opt/ros/humble/share/sensor_msgs/cmake)
[0.614s] -- Found interface: 0.0.0 (/home/ubuntu-nuc/rc2_ws/install/interface/share/interface/cmake)
[0.637s] -- Found pcl_conversions: 2.4.5 (/opt/ros/humble/share/pcl_conversions/cmake)
[0.688s] [33mCMake Warning (dev) at /usr/lib/x86_64-linux-gnu/cmake/pcl/PCLConfig.cmake:146 (find_package):
[0.688s]   Policy CMP0144 is not set: find_package uses upper-case <PACKAGENAME>_ROOT
[0.688s]   variables.  Run "cmake --help-policy CMP0144" for policy details.  Use the
[0.688s]   cmake_policy command to set the policy and suppress this warning.
[0.688s] 
[0.689s]   CMake variable EIGEN_ROOT is set to:
[0.689s] 
[0.689s]     /usr/include/eigen3
[0.689s] 
[0.689s]   For compatibility, find_package is ignoring the variable, but code in a
[0.689s]   .cmake module might still use it.
[0.689s] Call Stack (most recent call first):
[0.689s]   /usr/lib/x86_64-linux-gnu/cmake/pcl/PCLConfig.cmake:299 (find_eigen)
[0.689s]   /usr/lib/x86_64-linux-gnu/cmake/pcl/PCLConfig.cmake:543 (find_external_library)
[0.689s]   /opt/ros/humble/share/pcl_conversions/cmake/ament_cmake_export_dependencies-extras.cmake:21 (find_package)
[0.689s]   /opt/ros/humble/share/pcl_conversions/cmake/pcl_conversionsConfig.cmake:41 (include)
[0.689s]   CMakeLists.txt:25 (find_package)
[0.689s] This warning is for project developers.  Use -Wno-dev to suppress it.
[0.689s] [0m
[0.691s] -- Eigen found (include: /usr/include/eigen3, version: 3.4.0)
[0.691s] [33mCMake Warning (dev) at /usr/lib/x86_64-linux-gnu/cmake/pcl/PCLConfig.cmake:128 (find_package):
[0.691s]   Policy CMP0167 is not set: The FindBoost module is removed.  Run "cmake
[0.691s]   --help-policy CMP0167" for policy details.  Use the cmake_policy command to
[0.691s]   set the policy and suppress this warning.
[0.692s] 
[0.692s] Call Stack (most recent call first):
[0.692s]   /usr/lib/x86_64-linux-gnu/cmake/pcl/PCLConfig.cmake:297 (find_boost)
[0.692s]   /usr/lib/x86_64-linux-gnu/cmake/pcl/PCLConfig.cmake:543 (find_external_library)
[0.692s]   /opt/ros/humble/share/pcl_conversions/cmake/ament_cmake_export_dependencies-extras.cmake:21 (find_package)
[0.692s]   /opt/ros/humble/share/pcl_conversions/cmake/pcl_conversionsConfig.cmake:41 (include)
[0.692s]   CMakeLists.txt:25 (find_package)
[0.692s] This warning is for project developers.  Use -Wno-dev to suppress it.
[0.692s] [0m
[0.705s] [33mCMake Warning (dev) at /usr/lib/x86_64-linux-gnu/cmake/pcl/Modules/FindFLANN.cmake:44 (find_package):
[0.705s]   Policy CMP0144 is not set: find_package uses upper-case <PACKAGENAME>_ROOT
[0.705s]   variables.  Run "cmake --help-policy CMP0144" for policy details.  Use the
[0.705s]   cmake_policy command to set the policy and suppress this warning.
[0.706s] 
[0.706s]   CMake variable FLANN_ROOT is set to:
[0.706s] 
[0.706s]     /usr
[0.706s] 
[0.706s]   For compatibility, find_package is ignoring the variable, but code in a
[0.706s]   .cmake module might still use it.
[0.706s] Call Stack (most recent call first):
[0.706s]   /usr/lib/x86_64-linux-gnu/cmake/pcl/PCLConfig.cmake:256 (find_package)
[0.706s]   /usr/lib/x86_64-linux-gnu/cmake/pcl/PCLConfig.cmake:301 (find_flann)
[0.706s]   /usr/lib/x86_64-linux-gnu/cmake/pcl/PCLConfig.cmake:543 (find_external_library)
[0.706s]   /opt/ros/humble/share/pcl_conversions/cmake/ament_cmake_export_dependencies-extras.cmake:21 (find_package)
[0.706s]   /opt/ros/humble/share/pcl_conversions/cmake/pcl_conversionsConfig.cmake:41 (include)
[0.706s]   CMakeLists.txt:25 (find_package)
[0.707s] This warning is for project developers.  Use -Wno-dev to suppress it.
[0.707s] [0m
[0.746s] -- FLANN found (include: /usr/include, lib: /usr/lib/x86_64-linux-gnu/libflann_cpp.so)
[1.216s] -- OpenNI found (version: 1.5.4.0, include: /usr/include/ni, lib: /usr/lib/libOpenNI.so;libusb::libusb)
[1.222s] -- OpenNI2 found (version: 2.2.0.33, include: /usr/include/openni2, lib: /usr/lib/x86_64-linux-gnu/libOpenNI2.so;libusb::libusb)
[1.535s] [33mCMake Warning (dev) at /usr/lib/x86_64-linux-gnu/cmake/pcl/PCLConfig.cmake:128 (find_package):
[1.535s]   Policy CMP0167 is not set: The FindBoost module is removed.  Run "cmake
[1.535s]   --help-policy CMP0167" for policy details.  Use the cmake_policy command to
[1.535s]   set the policy and suppress this warning.
[1.535s] 
[1.535s] Call Stack (most recent call first):
[1.535s]   /usr/lib/x86_64-linux-gnu/cmake/pcl/PCLConfig.cmake:297 (find_boost)
[1.535s]   /usr/lib/x86_64-linux-gnu/cmake/pcl/PCLConfig.cmake:543 (find_external_library)
[1.535s]   /opt/ros/humble/share/pcl_conversions/cmake/ament_cmake_export_dependencies-extras.cmake:21 (find_package)
[1.535s]   /opt/ros/humble/share/pcl_conversions/cmake/pcl_conversionsConfig.cmake:41 (include)
[1.535s]   CMakeLists.txt:25 (find_package)
[1.535s] This warning is for project developers.  Use -Wno-dev to suppress it.
[1.535s] [0m
[1.544s] -- Eigen found (include: /usr/include/eigen3, version: 3.4.0)
[1.549s] -- OpenNI found (version: 1.5.4.0, include: /usr/include/ni, lib: /usr/lib/libOpenNI.so;libusb::libusb)
[1.554s] -- OpenNI2 found (version: 2.2.0.33, include: /usr/include/openni2, lib: /usr/lib/x86_64-linux-gnu/libOpenNI2.so;libusb::libusb)
[1.800s] -- Found Qhull version 8.0.2
[2.243s] -- OpenNI found (version: 1.5.4.0, include: /usr/include/ni, lib: /usr/lib/libOpenNI.so;libusb::libusb)
[2.661s] -- GTSAM include directory:  /usr/local/lib/cmake/GTSAM/../../../include
[2.662s] [33mCMake Warning (dev) at CMakeLists.txt:30 (find_package):
[2.663s]   Policy CMP0074 is not set: find_package uses <PackageName>_ROOT variables.
[2.663s]   Run "cmake --help-policy CMP0074" for policy details.  Use the cmake_policy
[2.663s]   command to set the policy and suppress this warning.
[2.663s] 
[2.663s]   CMake variable PCL_ROOT is set to:
[2.663s] 
[2.663s]     /usr
[2.663s] 
[2.663s]   For compatibility, CMake is ignoring the variable.
[2.663s] This warning is for project developers.  Use -Wno-dev to suppress it.
[2.663s] [0m
[2.694s] -- Found ament_lint_auto: 0.12.14 (/opt/ros/humble/share/ament_lint_auto/cmake)
[2.820s] -- Added test 'cppcheck' to perform static code analysis on C / C++ code
[2.820s] -- Configured cppcheck include dirs: 
[2.821s] -- Configured cppcheck exclude dirs and/or files: 
[2.821s] -- Added test 'flake8' to check Python code syntax and style conventions
[2.821s] -- Added test 'lint_cmake' to check CMake code style
[2.822s] -- Added test 'pep257' to check Python code against some of the docstring style conventions in PEP 257
[2.823s] -- Added test 'uncrustify' to check C / C++ code style
[2.823s] -- Configured uncrustify additional arguments: 
[2.824s] -- Added test 'xmllint' to check XML markup files
[2.825s] -- Configuring done (2.8s)
[2.881s] -- Generating done (0.1s)
[2.887s] -- Build files have been written to: /home/ubuntu-nuc/rc2_ws/build/hba
[2.924s] Invoked command in '/home/ubuntu-nuc/rc2_ws/build/hba' returned '0': CMAKE_PREFIX_PATH=/home/ubuntu-nuc/rc2_ws/install/interface:/home/ubuntu-nuc/rc2_ws/install/pgo:/home/ubuntu-nuc/rc2_ws/install/meiling_detect_debug:/home/ubuntu-nuc/rc2_ws/install/meiling_detect:/opt/ros/humble:/home/ubuntu-nuc/rc2_ws/install/meiling_control:/home/ubuntu-nuc/rc2_ws/install/localizer:/home/ubuntu-nuc/rc2_ws/install/fastlio2:/home/ubuntu-nuc/rc2_ws/install/livox_ros_driver2:/home/ubuntu-nuc/rc2_ws/install/hba:/home/ubuntu-nuc/rc2_ws/install/auto_aim_interfaces:/home/ubuntu-nuc/rc_ws/install/fast_lio:/home/ubuntu-nuc/rc_ws/install/livox_ros_driver2 LD_LIBRARY_PATH=/home/ubuntu-nuc/rc2_ws/install/interface/lib:/usr/lib/x86_64-linux-gnu:/home/ubuntu-nuc/rc2_ws/install/livox_sdk2/lib:/home/ubuntu-nuc/rc2_ws/install/livox_ros_driver2/lib:/home/ubuntu-nuc/rc2_ws/install/auto_aim_interfaces/lib:/home/ubuntu-nuc/rc_ws/install/fast_lio/lib:/home/ubuntu-nuc/rc_ws/install/livox_ros_driver2/lib:/usr/lib/x86_64-linux-gnu/gazebo-11/plugins:/opt/ros/humble/opt/rviz_ogre_vendor/lib:/opt/ros/humble/lib/x86_64-linux-gnu:/opt/ros/humble/opt/openvdb_vendor/lib:/opt/ros/humble/lib:/opt/MVS/lib/64:/opt/MVS/lib/32:/opt/MVS/lib/64:/opt/MVS/lib/32:/opt/MVS/lib/64:/opt/MVS/lib/32 /usr/local/bin/cmake /home/ubuntu-nuc/rc2_ws/src/FASTLIO2_ROS2/hba -DCMAKE_INSTALL_PREFIX=/home/ubuntu-nuc/rc2_ws/install/hba
[2.926s] Invoking command in '/home/ubuntu-nuc/rc2_ws/build/hba': CMAKE_PREFIX_PATH=/home/ubuntu-nuc/rc2_ws/install/interface:/home/ubuntu-nuc/rc2_ws/install/pgo:/home/ubuntu-nuc/rc2_ws/install/meiling_detect_debug:/home/ubuntu-nuc/rc2_ws/install/meiling_detect:/opt/ros/humble:/home/ubuntu-nuc/rc2_ws/install/meiling_control:/home/ubuntu-nuc/rc2_ws/install/localizer:/home/ubuntu-nuc/rc2_ws/install/fastlio2:/home/ubuntu-nuc/rc2_ws/install/livox_ros_driver2:/home/ubuntu-nuc/rc2_ws/install/hba:/home/ubuntu-nuc/rc2_ws/install/auto_aim_interfaces:/home/ubuntu-nuc/rc_ws/install/fast_lio:/home/ubuntu-nuc/rc_ws/install/livox_ros_driver2 LD_LIBRARY_PATH=/home/ubuntu-nuc/rc2_ws/install/interface/lib:/usr/lib/x86_64-linux-gnu:/home/ubuntu-nuc/rc2_ws/install/livox_sdk2/lib:/home/ubuntu-nuc/rc2_ws/install/livox_ros_driver2/lib:/home/ubuntu-nuc/rc2_ws/install/auto_aim_interfaces/lib:/home/ubuntu-nuc/rc_ws/install/fast_lio/lib:/home/ubuntu-nuc/rc_ws/install/livox_ros_driver2/lib:/usr/lib/x86_64-linux-gnu/gazebo-11/plugins:/opt/ros/humble/opt/rviz_ogre_vendor/lib:/opt/ros/humble/lib/x86_64-linux-gnu:/opt/ros/humble/opt/openvdb_vendor/lib:/opt/ros/humble/lib:/opt/MVS/lib/64:/opt/MVS/lib/32:/opt/MVS/lib/64:/opt/MVS/lib/32:/opt/MVS/lib/64:/opt/MVS/lib/32 /usr/local/bin/cmake --build /home/ubuntu-nuc/rc2_ws/build/hba -- -j8 -l8
[2.976s] [100%] Built target hba_node
[2.980s] Invoked command in '/home/ubuntu-nuc/rc2_ws/build/hba' returned '0': CMAKE_PREFIX_PATH=/home/ubuntu-nuc/rc2_ws/install/interface:/home/ubuntu-nuc/rc2_ws/install/pgo:/home/ubuntu-nuc/rc2_ws/install/meiling_detect_debug:/home/ubuntu-nuc/rc2_ws/install/meiling_detect:/opt/ros/humble:/home/ubuntu-nuc/rc2_ws/install/meiling_control:/home/ubuntu-nuc/rc2_ws/install/localizer:/home/ubuntu-nuc/rc2_ws/install/fastlio2:/home/ubuntu-nuc/rc2_ws/install/livox_ros_driver2:/home/ubuntu-nuc/rc2_ws/install/hba:/home/ubuntu-nuc/rc2_ws/install/auto_aim_interfaces:/home/ubuntu-nuc/rc_ws/install/fast_lio:/home/ubuntu-nuc/rc_ws/install/livox_ros_driver2 LD_LIBRARY_PATH=/home/ubuntu-nuc/rc2_ws/install/interface/lib:/usr/lib/x86_64-linux-gnu:/home/ubuntu-nuc/rc2_ws/install/livox_sdk2/lib:/home/ubuntu-nuc/rc2_ws/install/livox_ros_driver2/lib:/home/ubuntu-nuc/rc2_ws/install/auto_aim_interfaces/lib:/home/ubuntu-nuc/rc_ws/install/fast_lio/lib:/home/ubuntu-nuc/rc_ws/install/livox_ros_driver2/lib:/usr/lib/x86_64-linux-gnu/gazebo-11/plugins:/opt/ros/humble/opt/rviz_ogre_vendor/lib:/opt/ros/humble/lib/x86_64-linux-gnu:/opt/ros/humble/opt/openvdb_vendor/lib:/opt/ros/humble/lib:/opt/MVS/lib/64:/opt/MVS/lib/32:/opt/MVS/lib/64:/opt/MVS/lib/32:/opt/MVS/lib/64:/opt/MVS/lib/32 /usr/local/bin/cmake --build /home/ubuntu-nuc/rc2_ws/build/hba -- -j8 -l8
[2.982s] Invoking command in '/home/ubuntu-nuc/rc2_ws/build/hba': CMAKE_PREFIX_PATH=/home/ubuntu-nuc/rc2_ws/install/interface:/home/ubuntu-nuc/rc2_ws/install/pgo:/home/ubuntu-nuc/rc2_ws/install/meiling_detect_debug:/home/ubuntu-nuc/rc2_ws/install/meiling_detect:/opt/ros/humble:/home/ubuntu-nuc/rc2_ws/install/meiling_control:/home/ubuntu-nuc/rc2_ws/install/localizer:/home/ubuntu-nuc/rc2_ws/install/fastlio2:/home/ubuntu-nuc/rc2_ws/install/livox_ros_driver2:/home/ubuntu-nuc/rc2_ws/install/hba:/home/ubuntu-nuc/rc2_ws/install/auto_aim_interfaces:/home/ubuntu-nuc/rc_ws/install/fast_lio:/home/ubuntu-nuc/rc_ws/install/livox_ros_driver2 LD_LIBRARY_PATH=/home/ubuntu-nuc/rc2_ws/install/interface/lib:/usr/lib/x86_64-linux-gnu:/home/ubuntu-nuc/rc2_ws/install/livox_sdk2/lib:/home/ubuntu-nuc/rc2_ws/install/livox_ros_driver2/lib:/home/ubuntu-nuc/rc2_ws/install/auto_aim_interfaces/lib:/home/ubuntu-nuc/rc_ws/install/fast_lio/lib:/home/ubuntu-nuc/rc_ws/install/livox_ros_driver2/lib:/usr/lib/x86_64-linux-gnu/gazebo-11/plugins:/opt/ros/humble/opt/rviz_ogre_vendor/lib:/opt/ros/humble/lib/x86_64-linux-gnu:/opt/ros/humble/opt/openvdb_vendor/lib:/opt/ros/humble/lib:/opt/MVS/lib/64:/opt/MVS/lib/32:/opt/MVS/lib/64:/opt/MVS/lib/32:/opt/MVS/lib/64:/opt/MVS/lib/32 /usr/local/bin/cmake --install /home/ubuntu-nuc/rc2_ws/build/hba
[2.984s] -- Install configuration: "Release"
[2.985s] -- Up-to-date: /home/ubuntu-nuc/rc2_ws/install/hba/lib/hba/hba_node
[2.986s] -- Up-to-date: /home/ubuntu-nuc/rc2_ws/install/hba/share/hba/launch
[2.986s] -- Up-to-date: /home/ubuntu-nuc/rc2_ws/install/hba/share/hba/launch/hba_launch.py
[2.986s] -- Up-to-date: /home/ubuntu-nuc/rc2_ws/install/hba/share/hba/config
[2.986s] -- Up-to-date: /home/ubuntu-nuc/rc2_ws/install/hba/share/hba/config/hba.yaml
[2.986s] -- Up-to-date: /home/ubuntu-nuc/rc2_ws/install/hba/share/hba/rviz
[2.986s] -- Up-to-date: /home/ubuntu-nuc/rc2_ws/install/hba/share/hba/rviz/hba.rviz
[2.986s] -- Up-to-date: /home/ubuntu-nuc/rc2_ws/install/hba/share/ament_index/resource_index/package_run_dependencies/hba
[2.986s] -- Installing: /home/ubuntu-nuc/rc2_ws/install/hba/share/ament_index/resource_index/parent_prefix_path/hba
[2.986s] -- Up-to-date: /home/ubuntu-nuc/rc2_ws/install/hba/share/hba/environment/ament_prefix_path.sh
[2.987s] -- Installing: /home/ubuntu-nuc/rc2_ws/install/hba/share/hba/environment/ament_prefix_path.dsv
[2.987s] -- Up-to-date: /home/ubuntu-nuc/rc2_ws/install/hba/share/hba/environment/path.sh
[2.987s] -- Installing: /home/ubuntu-nuc/rc2_ws/install/hba/share/hba/environment/path.dsv
[2.987s] -- Up-to-date: /home/ubuntu-nuc/rc2_ws/install/hba/share/hba/local_setup.bash
[2.987s] -- Up-to-date: /home/ubuntu-nuc/rc2_ws/install/hba/share/hba/local_setup.sh
[2.987s] -- Up-to-date: /home/ubuntu-nuc/rc2_ws/install/hba/share/hba/local_setup.zsh
[2.987s] -- Installing: /home/ubuntu-nuc/rc2_ws/install/hba/share/hba/local_setup.dsv
[2.987s] -- Installing: /home/ubuntu-nuc/rc2_ws/install/hba/share/hba/package.dsv
[2.987s] -- Up-to-date: /home/ubuntu-nuc/rc2_ws/install/hba/share/ament_index/resource_index/packages/hba
[2.987s] -- Up-to-date: /home/ubuntu-nuc/rc2_ws/install/hba/share/hba/cmake/hbaConfig.cmake
[2.987s] -- Up-to-date: /home/ubuntu-nuc/rc2_ws/install/hba/share/hba/cmake/hbaConfig-version.cmake
[2.987s] -- Up-to-date: /home/ubuntu-nuc/rc2_ws/install/hba/share/hba/package.xml
[2.988s] Invoked command in '/home/ubuntu-nuc/rc2_ws/build/hba' returned '0': CMAKE_PREFIX_PATH=/home/ubuntu-nuc/rc2_ws/install/interface:/home/ubuntu-nuc/rc2_ws/install/pgo:/home/ubuntu-nuc/rc2_ws/install/meiling_detect_debug:/home/ubuntu-nuc/rc2_ws/install/meiling_detect:/opt/ros/humble:/home/ubuntu-nuc/rc2_ws/install/meiling_control:/home/ubuntu-nuc/rc2_ws/install/localizer:/home/ubuntu-nuc/rc2_ws/install/fastlio2:/home/ubuntu-nuc/rc2_ws/install/livox_ros_driver2:/home/ubuntu-nuc/rc2_ws/install/hba:/home/ubuntu-nuc/rc2_ws/install/auto_aim_interfaces:/home/ubuntu-nuc/rc_ws/install/fast_lio:/home/ubuntu-nuc/rc_ws/install/livox_ros_driver2 LD_LIBRARY_PATH=/home/ubuntu-nuc/rc2_ws/install/interface/lib:/usr/lib/x86_64-linux-gnu:/home/ubuntu-nuc/rc2_ws/install/livox_sdk2/lib:/home/ubuntu-nuc/rc2_ws/install/livox_ros_driver2/lib:/home/ubuntu-nuc/rc2_ws/install/auto_aim_interfaces/lib:/home/ubuntu-nuc/rc_ws/install/fast_lio/lib:/home/ubuntu-nuc/rc_ws/install/livox_ros_driver2/lib:/usr/lib/x86_64-linux-gnu/gazebo-11/plugins:/opt/ros/humble/opt/rviz_ogre_vendor/lib:/opt/ros/humble/lib/x86_64-linux-gnu:/opt/ros/humble/opt/openvdb_vendor/lib:/opt/ros/humble/lib:/opt/MVS/lib/64:/opt/MVS/lib/32:/opt/MVS/lib/64:/opt/MVS/lib/32:/opt/MVS/lib/64:/opt/MVS/lib/32 /usr/local/bin/cmake --install /home/ubuntu-nuc/rc2_ws/build/hba
