[0mCMake Deprecation Warning at CMakeLists.txt:1 (cmake_minimum_required):
  Compatibility with CMake < 3.10 will be removed from a future version of
  CMake.

  Update the VERSION argument <min> value.  Or, use the <min>...<max> syntax
  to tell CMake that the project requires at least <min> but has been updated
  to work with policies introduced by <max> or earlier.

[0m
-- The C compiler identification is GNU 11.4.0
-- The CXX compiler identification is GNU 11.4.0
-- Detecting C compiler ABI info
-- Detecting C compiler ABI info - done
-- Check for working C compiler: /usr/bin/cc - skipped
-- Detecting C compile features
-- Detecting C compile features - done
-- Detecting CXX compiler ABI info
-- Detecting CXX compiler ABI info - done
-- Check for working CXX compiler: /usr/bin/c++ - skipped
-- Detecting CXX compile features
-- Detecting CXX compile features - done
-- main project dir: /home/ubuntu-nuc/rc2_ws/src/Livox-SDK2
[0mCMake Deprecation Warning at sdk_core/CMakeLists.txt:1 (cmake_minimum_required):
  Compatibility with CMake < 3.10 will be removed from a future version of
  CMake.

  Update the VERSION argument <min> value.  Or, use the <min>...<max> syntax
  to tell CMake that the project requires at least <min> but has been updated
  to work with policies introduced by <max> or earlier.

[0m
[0mCMake Deprecation Warning at samples/CMakeLists.txt:1 (cmake_minimum_required):
  Compatibility with CMake < 3.10 will be removed from a future version of
  CMake.

  Update the VERSION argument <min> value.  Or, use the <min>...<max> syntax
  to tell CMake that the project requires at least <min> but has been updated
  to work with policies introduced by <max> or earlier.

[0m
-- main project dir: /home/ubuntu-nuc/rc2_ws/src/Livox-SDK2/samples
[0mCMake Deprecation Warning at samples/livox_lidar_quick_start/CMakeLists.txt:1 (cmake_minimum_required):
  Compatibility with CMake < 3.10 will be removed from a future version of
  CMake.

  Update the VERSION argument <min> value.  Or, use the <min>...<max> syntax
  to tell CMake that the project requires at least <min> but has been updated
  to work with policies introduced by <max> or earlier.

[0m
[0mCMake Deprecation Warning at samples/multi_lidars_upgrade/CMakeLists.txt:1 (cmake_minimum_required):
  Compatibility with CMake < 3.10 will be removed from a future version of
  CMake.

  Update the VERSION argument <min> value.  Or, use the <min>...<max> syntax
  to tell CMake that the project requires at least <min> but has been updated
  to work with policies introduced by <max> or earlier.

[0m
[0mCMake Deprecation Warning at samples/logger/CMakeLists.txt:1 (cmake_minimum_required):
  Compatibility with CMake < 3.10 will be removed from a future version of
  CMake.

  Update the VERSION argument <min> value.  Or, use the <min>...<max> syntax
  to tell CMake that the project requires at least <min> but has been updated
  to work with policies introduced by <max> or earlier.

[0m
[0mCMake Deprecation Warning at samples/debug_point_cloud/CMakeLists.txt:1 (cmake_minimum_required):
  Compatibility with CMake < 3.10 will be removed from a future version of
  CMake.

  Update the VERSION argument <min> value.  Or, use the <min>...<max> syntax
  to tell CMake that the project requires at least <min> but has been updated
  to work with policies introduced by <max> or earlier.

[0m
[0mCMake Deprecation Warning at samples/lidar_cmd_observer/CMakeLists.txt:1 (cmake_minimum_required):
  Compatibility with CMake < 3.10 will be removed from a future version of
  CMake.

  Update the VERSION argument <min> value.  Or, use the <min>...<max> syntax
  to tell CMake that the project requires at least <min> but has been updated
  to work with policies introduced by <max> or earlier.

[0m
[0mCMake Deprecation Warning at samples/livox_lidar_rmc_time_sync/CMakeLists.txt:1 (cmake_minimum_required):
  Compatibility with CMake < 3.10 will be removed from a future version of
  CMake.

  Update the VERSION argument <min> value.  Or, use the <min>...<max> syntax
  to tell CMake that the project requires at least <min> but has been updated
  to work with policies introduced by <max> or earlier.

[0m
-- Configuring done (0.3s)
-- Generating done (0.0s)
[33mCMake Warning:
  Manually-specified variables were not used by the project:

    DISTRO_ROS
    ROS_EDITION

[0m
-- Build files have been written to: /home/ubuntu-nuc/rc2_ws/build/livox_sdk2
[  1%] [32mBuilding CXX object sdk_core/CMakeFiles/livox_lidar_sdk_static.dir/__/3rdparty/FastCRC/FastCRCsw.cpp.o[0m
[  2%] [32mBuilding CXX object sdk_core/CMakeFiles/livox_lidar_sdk_shared.dir/__/3rdparty/FastCRC/FastCRCsw.cpp.o[0m
[  3%] [32mBuilding CXX object sdk_core/CMakeFiles/livox_lidar_sdk_static.dir/livox_lidar_sdk.cpp.o[0m
[  4%] [32mBuilding CXX object sdk_core/CMakeFiles/livox_lidar_sdk_shared.dir/livox_lidar_sdk.cpp.o[0m
[  5%] [32mBuilding CXX object sdk_core/CMakeFiles/livox_lidar_sdk_static.dir/params_check.cpp.o[0m
[  7%] [32mBuilding CXX object sdk_core/CMakeFiles/livox_lidar_sdk_static.dir/device_manager.cpp.o[0m
[  8%] [32mBuilding CXX object sdk_core/CMakeFiles/livox_lidar_sdk_shared.dir/device_manager.cpp.o[0m
[  9%] [32mBuilding CXX object sdk_core/CMakeFiles/livox_lidar_sdk_shared.dir/params_check.cpp.o[0m
[ 10%] [32mBuilding CXX object sdk_core/CMakeFiles/livox_lidar_sdk_static.dir/parse_cfg_file.cpp.o[0m
[ 11%] [32mBuilding CXX object sdk_core/CMakeFiles/livox_lidar_sdk_shared.dir/parse_cfg_file.cpp.o[0m
gmake[2]: *** [sdk_core/CMakeFiles/livox_lidar_sdk_static.dir/build.make:107: sdk_core/CMakeFiles/livox_lidar_sdk_static.dir/livox_lidar_sdk.cpp.o] Interrupt
gmake[2]: *** [sdk_core/CMakeFiles/livox_lidar_sdk_static.dir/build.make:121: sdk_core/CMakeFiles/livox_lidar_sdk_static.dir/params_check.cpp.o] Interrupt
gmake[2]: *** [sdk_core/CMakeFiles/livox_lidar_sdk_static.dir/build.make:135: sdk_core/CMakeFiles/livox_lidar_sdk_static.dir/parse_cfg_file.cpp.o] Interrupt
gmake[2]: *** [sdk_core/CMakeFiles/livox_lidar_sdk_shared.dir/build.make:135: sdk_core/CMakeFiles/livox_lidar_sdk_shared.dir/parse_cfg_file.cpp.o] Interrupt
gmake[2]: *** [sdk_core/CMakeFiles/livox_lidar_sdk_static.dir/build.make:93: sdk_core/CMakeFiles/livox_lidar_sdk_static.dir/device_manager.cpp.o] Interrupt
gmake[2]: *** [sdk_core/CMakeFiles/livox_lidar_sdk_shared.dir/build.make:107: sdk_core/CMakeFiles/livox_lidar_sdk_shared.dir/livox_lidar_sdk.cpp.o] Interrupt
gmake[1]: *** [CMakeFiles/Makefile2:266: sdk_core/CMakeFiles/livox_lidar_sdk_static.dir/all] Interrupt
gmake[2]: *** [sdk_core/CMakeFiles/livox_lidar_sdk_shared.dir/build.make:93: sdk_core/CMakeFiles/livox_lidar_sdk_shared.dir/device_manager.cpp.o] Interrupt
gmake[2]: *** [sdk_core/CMakeFiles/livox_lidar_sdk_shared.dir/build.make:121: sdk_core/CMakeFiles/livox_lidar_sdk_shared.dir/params_check.cpp.o] Interrupt
gmake[1]: *** [CMakeFiles/Makefile2:298: sdk_core/CMakeFiles/livox_lidar_sdk_shared.dir/all] Interrupt
gmake: *** [Makefile:136: all] Interrupt
