[0.019s] Invoking command in '/home/ubuntu-nuc/rc2_ws/build/livox_sdk2': /usr/local/bin/cmake /home/ubuntu-nuc/rc2_ws/src/Livox-SDK2 -DROS_EDITION=ROS2 -DDISTRO_ROS=humble -DCMAKE_INSTALL_PREFIX=/home/ubuntu-nuc/rc2_ws/install/livox_sdk2
[0.023s] [0mCMake Deprecation Warning at CMakeLists.txt:1 (cmake_minimum_required):
[0.023s]   Compatibility with CMake < 3.10 will be removed from a future version of
[0.023s]   CMake.
[0.023s] 
[0.023s]   Update the VERSION argument <min> value.  Or, use the <min>...<max> syntax
[0.023s]   to tell CMake that the project requires at least <min> but has been updated
[0.023s]   to work with policies introduced by <max> or earlier.
[0.023s] 
[0.023s] [0m
[0.078s] -- The C compiler identification is GNU 11.4.0
[0.167s] -- The CXX compiler identification is GNU 11.4.0
[0.177s] -- Detecting C compiler ABI info
[0.261s] -- Detecting C compiler ABI info - done
[0.287s] -- Check for working C compiler: /usr/bin/cc - skipped
[0.287s] -- Detecting C compile features
[0.288s] -- Detecting C compile features - done
[0.298s] -- Detecting CXX compiler ABI info
[0.374s] -- Detecting CXX compiler ABI info - done
[0.394s] -- Check for working CXX compiler: /usr/bin/c++ - skipped
[0.394s] -- Detecting CXX compile features
[0.395s] -- Detecting CXX compile features - done
[0.401s] -- main project dir: /home/ubuntu-nuc/rc2_ws/src/Livox-SDK2
[0.402s] [0mCMake Deprecation Warning at sdk_core/CMakeLists.txt:1 (cmake_minimum_required):
[0.402s]   Compatibility with CMake < 3.10 will be removed from a future version of
[0.402s]   CMake.
[0.402s] 
[0.402s]   Update the VERSION argument <min> value.  Or, use the <min>...<max> syntax
[0.402s]   to tell CMake that the project requires at least <min> but has been updated
[0.402s]   to work with policies introduced by <max> or earlier.
[0.402s] 
[0.402s] [0m
[0.402s] [0mCMake Deprecation Warning at samples/CMakeLists.txt:1 (cmake_minimum_required):
[0.402s]   Compatibility with CMake < 3.10 will be removed from a future version of
[0.402s]   CMake.
[0.403s] 
[0.403s]   Update the VERSION argument <min> value.  Or, use the <min>...<max> syntax
[0.403s]   to tell CMake that the project requires at least <min> but has been updated
[0.403s]   to work with policies introduced by <max> or earlier.
[0.403s] 
[0.403s] [0m
[0.403s] [0mCMake Deprecation Warning at samples/livox_lidar_quick_start/CMakeLists.txt:1 (cmake_minimum_required):
[0.403s]   Compatibility with CMake < 3.10 will be removed from a future version of
[0.403s]   CMake.
[0.403s] 
[0.403s]   Update the VERSION argument <min> value.  Or, use the <min>...<max> syntax
[0.403s]   to tell CMake that the project requires at least <min> but has been updated
[0.404s]   to work with policies introduced by <max> or earlier.
[0.404s] 
[0.404s] [0m
[0.404s] -- main project dir: /home/ubuntu-nuc/rc2_ws/src/Livox-SDK2/samples
[0.404s] [0mCMake Deprecation Warning at samples/multi_lidars_upgrade/CMakeLists.txt:1 (cmake_minimum_required):
[0.404s]   Compatibility with CMake < 3.10 will be removed from a future version of
[0.404s]   CMake.
[0.404s] 
[0.404s]   Update the VERSION argument <min> value.  Or, use the <min>...<max> syntax
[0.404s]   to tell CMake that the project requires at least <min> but has been updated
[0.404s]   to work with policies introduced by <max> or earlier.
[0.405s] 
[0.405s] [0m
[0.405s] [0mCMake Deprecation Warning at samples/logger/CMakeLists.txt:1 (cmake_minimum_required):
[0.405s]   Compatibility with CMake < 3.10 will be removed from a future version of
[0.405s]   CMake.
[0.405s] 
[0.405s]   Update the VERSION argument <min> value.  Or, use the <min>...<max> syntax
[0.405s]   to tell CMake that the project requires at least <min> but has been updated
[0.405s]   to work with policies introduced by <max> or earlier.
[0.405s] 
[0.405s] [0m
[0.405s] [0mCMake Deprecation Warning at samples/debug_point_cloud/CMakeLists.txt:1 (cmake_minimum_required):
[0.405s]   Compatibility with CMake < 3.10 will be removed from a future version of
[0.405s]   CMake.
[0.405s] 
[0.406s]   Update the VERSION argument <min> value.  Or, use the <min>...<max> syntax
[0.406s]   to tell CMake that the project requires at least <min> but has been updated
[0.406s]   to work with policies introduced by <max> or earlier.
[0.406s] 
[0.406s] [0m
[0.406s] [0mCMake Deprecation Warning at samples/lidar_cmd_observer/CMakeLists.txt:1 (cmake_minimum_required):
[0.406s]   Compatibility with CMake < 3.10 will be removed from a future version of
[0.406s]   CMake.
[0.406s] 
[0.406s]   Update the VERSION argument <min> value.  Or, use the <min>...<max> syntax
[0.406s]   to tell CMake that the project requires at least <min> but has been updated
[0.406s]   to work with policies introduced by <max> or earlier.
[0.406s] 
[0.406s] [0m
[0.406s] [0mCMake Deprecation Warning at samples/livox_lidar_rmc_time_sync/CMakeLists.txt:1 (cmake_minimum_required):
[0.407s]   Compatibility with CMake < 3.10 will be removed from a future version of
[0.407s]   CMake.
[0.407s] 
[0.407s]   Update the VERSION argument <min> value.  Or, use the <min>...<max> syntax
[0.407s]   to tell CMake that the project requires at least <min> but has been updated
[0.407s]   to work with policies introduced by <max> or earlier.
[0.407s] 
[0.407s] [0m
[0.407s] -- Configuring done (0.4s)
[0.431s] -- Generating done (0.0s)
[0.431s] [33mCMake Warning:
[0.431s]   Manually-specified variables were not used by the project:
[0.431s] 
[0.431s]     DISTRO_ROS
[0.431s]     ROS_EDITION
[0.432s] 
[0.432s] [0m
[0.434s] -- Build files have been written to: /home/ubuntu-nuc/rc2_ws/build/livox_sdk2
[0.438s] Invoked command in '/home/ubuntu-nuc/rc2_ws/build/livox_sdk2' returned '0': /usr/local/bin/cmake /home/ubuntu-nuc/rc2_ws/src/Livox-SDK2 -DROS_EDITION=ROS2 -DDISTRO_ROS=humble -DCMAKE_INSTALL_PREFIX=/home/ubuntu-nuc/rc2_ws/install/livox_sdk2
[0.440s] Invoking command in '/home/ubuntu-nuc/rc2_ws/build/livox_sdk2': /usr/local/bin/cmake --build /home/ubuntu-nuc/rc2_ws/build/livox_sdk2 -- -j8 -l8
[0.480s] [  3%] [32mBuilding CXX object sdk_core/CMakeFiles/livox_lidar_sdk_static.dir/__/3rdparty/FastCRC/FastCRCsw.cpp.o[0m
[0.481s] [  3%] [32mBuilding CXX object sdk_core/CMakeFiles/livox_lidar_sdk_shared.dir/device_manager.cpp.o[0m
[0.482s] [  3%] [32mBuilding CXX object sdk_core/CMakeFiles/livox_lidar_sdk_shared.dir/livox_lidar_sdk.cpp.o[0m
[0.482s] [  4%] [32mBuilding CXX object sdk_core/CMakeFiles/livox_lidar_sdk_shared.dir/__/3rdparty/FastCRC/FastCRCsw.cpp.o[0m
[0.487s] [  5%] [32mBuilding CXX object sdk_core/CMakeFiles/livox_lidar_sdk_static.dir/device_manager.cpp.o[0m
[0.487s] [  7%] [32mBuilding CXX object sdk_core/CMakeFiles/livox_lidar_sdk_static.dir/params_check.cpp.o[0m
[0.488s] [  8%] [32mBuilding CXX object sdk_core/CMakeFiles/livox_lidar_sdk_static.dir/livox_lidar_sdk.cpp.o[0m
[0.490s] [  9%] [32mBuilding CXX object sdk_core/CMakeFiles/livox_lidar_sdk_shared.dir/params_check.cpp.o[0m
[0.686s] [ 10%] [32mBuilding CXX object sdk_core/CMakeFiles/livox_lidar_sdk_static.dir/parse_cfg_file.cpp.o[0m
[0.702s] [ 11%] [32mBuilding CXX object sdk_core/CMakeFiles/livox_lidar_sdk_static.dir/upgrade_manager.cpp.o[0m
[1.863s] [ 12%] [32mBuilding CXX object sdk_core/CMakeFiles/livox_lidar_sdk_static.dir/base/io_loop.cpp.o[0m
[4.493s] [ 14%] [32mBuilding CXX object sdk_core/CMakeFiles/livox_lidar_sdk_shared.dir/parse_cfg_file.cpp.o[0m
[4.665s] [ 15%] [32mBuilding CXX object sdk_core/CMakeFiles/livox_lidar_sdk_static.dir/base/thread_base.cpp.o[0m
[5.199s] [ 16%] [32mBuilding CXX object sdk_core/CMakeFiles/livox_lidar_sdk_static.dir/base/io_thread.cpp.o[0m
[5.440s] [ 17%] [32mBuilding CXX object sdk_core/CMakeFiles/livox_lidar_sdk_static.dir/base/logging.cpp.o[0m
[5.601s] [ 18%] [32mBuilding CXX object sdk_core/CMakeFiles/livox_lidar_sdk_shared.dir/upgrade_manager.cpp.o[0m
[5.614s] [ 20%] [32mBuilding CXX object sdk_core/CMakeFiles/livox_lidar_sdk_static.dir/base/network/unix/network_util.cpp.o[0m
[5.615s] [ 21%] [32mBuilding CXX object sdk_core/CMakeFiles/livox_lidar_sdk_static.dir/base/multiple_io/multiple_io_base.cpp.o[0m
[5.823s] [ 22%] [32mBuilding CXX object sdk_core/CMakeFiles/livox_lidar_sdk_shared.dir/base/io_loop.cpp.o[0m
[5.984s] [ 23%] [32mBuilding CXX object sdk_core/CMakeFiles/livox_lidar_sdk_shared.dir/base/thread_base.cpp.o[0m
[5.989s] [ 24%] [32mBuilding CXX object sdk_core/CMakeFiles/livox_lidar_sdk_shared.dir/base/io_thread.cpp.o[0m
[6.131s] [ 25%] [32mBuilding CXX object sdk_core/CMakeFiles/livox_lidar_sdk_static.dir/base/multiple_io/multiple_io_epoll.cpp.o[0m
[6.145s] [ 27%] [32mBuilding CXX object sdk_core/CMakeFiles/livox_lidar_sdk_static.dir/base/multiple_io/multiple_io_poll.cpp.o[0m
[6.504s] [ 28%] [32mBuilding CXX object sdk_core/CMakeFiles/livox_lidar_sdk_static.dir/base/multiple_io/multiple_io_select.cpp.o[0m
[6.523s] [ 29%] [32mBuilding CXX object sdk_core/CMakeFiles/livox_lidar_sdk_static.dir/base/multiple_io/multiple_io_kqueue.cpp.o[0m
[6.746s] [ 30%] [32mBuilding CXX object sdk_core/CMakeFiles/livox_lidar_sdk_shared.dir/base/logging.cpp.o[0m
[6.765s] [ 31%] [32mBuilding CXX object sdk_core/CMakeFiles/livox_lidar_sdk_shared.dir/base/network/unix/network_util.cpp.o[0m
[6.829s] [ 32%] [32mBuilding CXX object sdk_core/CMakeFiles/livox_lidar_sdk_shared.dir/base/multiple_io/multiple_io_base.cpp.o[0m
[6.893s] [ 34%] [32mBuilding CXX object sdk_core/CMakeFiles/livox_lidar_sdk_shared.dir/base/multiple_io/multiple_io_epoll.cpp.o[0m
[6.947s] [ 35%] [32mBuilding CXX object sdk_core/CMakeFiles/livox_lidar_sdk_shared.dir/base/multiple_io/multiple_io_poll.cpp.o[0m
[7.217s] [ 36%] [32mBuilding CXX object sdk_core/CMakeFiles/livox_lidar_sdk_shared.dir/base/multiple_io/multiple_io_select.cpp.o[0m
[7.307s] [ 37%] [32mBuilding CXX object sdk_core/CMakeFiles/livox_lidar_sdk_shared.dir/base/multiple_io/multiple_io_kqueue.cpp.o[0m
[7.351s] [ 38%] [32mBuilding CXX object sdk_core/CMakeFiles/livox_lidar_sdk_static.dir/base/wake_up/unix/wake_up_pipe.cpp.o[0m
[7.381s] [ 40%] [32mBuilding CXX object sdk_core/CMakeFiles/livox_lidar_sdk_static.dir/comm/comm_port.cpp.o[0m
[7.412s] [ 41%] [32mBuilding CXX object sdk_core/CMakeFiles/livox_lidar_sdk_shared.dir/base/wake_up/unix/wake_up_pipe.cpp.o[0m
[7.506s] [ 42%] [32mBuilding CXX object sdk_core/CMakeFiles/livox_lidar_sdk_shared.dir/comm/comm_port.cpp.o[0m
[7.596s] [ 43%] [32mBuilding CXX object sdk_core/CMakeFiles/livox_lidar_sdk_shared.dir/comm/generate_seq.cpp.o[0m
[7.597s] [ 44%] [32mBuilding CXX object sdk_core/CMakeFiles/livox_lidar_sdk_shared.dir/comm/sdk_protocol.cpp.o[0m
[7.744s] [ 45%] [32mBuilding CXX object sdk_core/CMakeFiles/livox_lidar_sdk_shared.dir/upgrade/firmware.cpp.o[0m
[7.775s] [ 47%] [32mBuilding CXX object sdk_core/CMakeFiles/livox_lidar_sdk_shared.dir/upgrade/livox_lidar_upgrader.cpp.o[0m
[7.877s] [ 48%] [32mBuilding CXX object sdk_core/CMakeFiles/livox_lidar_sdk_static.dir/comm/sdk_protocol.cpp.o[0m
[7.982s] [ 49%] [32mBuilding CXX object sdk_core/CMakeFiles/livox_lidar_sdk_static.dir/comm/generate_seq.cpp.o[0m
[8.000s] [ 50%] [32mBuilding CXX object sdk_core/CMakeFiles/livox_lidar_sdk_shared.dir/logger_handler/logger_manager.cpp.o[0m
[8.232s] [ 51%] [32mBuilding CXX object sdk_core/CMakeFiles/livox_lidar_sdk_static.dir/upgrade/firmware.cpp.o[0m
[8.256s] [ 52%] [32mBuilding CXX object sdk_core/CMakeFiles/livox_lidar_sdk_shared.dir/logger_handler/logger_handler.cpp.o[0m
[8.671s] [ 54%] [32mBuilding CXX object sdk_core/CMakeFiles/livox_lidar_sdk_static.dir/upgrade/livox_lidar_upgrader.cpp.o[0m
[8.915s] [ 55%] [32mBuilding CXX object sdk_core/CMakeFiles/livox_lidar_sdk_static.dir/logger_handler/logger_manager.cpp.o[0m
[9.020s] [ 56%] [32mBuilding CXX object sdk_core/CMakeFiles/livox_lidar_sdk_static.dir/logger_handler/logger_handler.cpp.o[0m
[9.464s] [ 57%] [32mBuilding CXX object sdk_core/CMakeFiles/livox_lidar_sdk_static.dir/logger_handler/file_manager.cpp.o[0m
[9.838s] [ 58%] [32mBuilding CXX object sdk_core/CMakeFiles/livox_lidar_sdk_shared.dir/logger_handler/file_manager.cpp.o[0m
[10.702s] [ 60%] [32mBuilding CXX object sdk_core/CMakeFiles/livox_lidar_sdk_static.dir/data_handler/data_handler.cpp.o[0m
[11.712s] [ 61%] [32mBuilding CXX object sdk_core/CMakeFiles/livox_lidar_sdk_static.dir/command_handler/command_impl.cpp.o[0m
[12.042s] [ 62%] [32mBuilding CXX object sdk_core/CMakeFiles/livox_lidar_sdk_static.dir/command_handler/general_command_handler.cpp.o[0m
[12.328s] [ 63%] [32mBuilding CXX object sdk_core/CMakeFiles/livox_lidar_sdk_shared.dir/data_handler/data_handler.cpp.o[0m
[12.592s] [ 64%] [32mBuilding CXX object sdk_core/CMakeFiles/livox_lidar_sdk_shared.dir/command_handler/command_impl.cpp.o[0m
[12.618s] [ 65%] [32mBuilding CXX object sdk_core/CMakeFiles/livox_lidar_sdk_static.dir/command_handler/hap_command_handler.cpp.o[0m
[12.732s] [ 67%] [32mBuilding CXX object sdk_core/CMakeFiles/livox_lidar_sdk_shared.dir/command_handler/general_command_handler.cpp.o[0m
[12.815s] [ 68%] [32mBuilding CXX object sdk_core/CMakeFiles/livox_lidar_sdk_shared.dir/command_handler/hap_command_handler.cpp.o[0m
[13.639s] [ 69%] [32mBuilding CXX object sdk_core/CMakeFiles/livox_lidar_sdk_shared.dir/command_handler/mid360_command_handler.cpp.o[0m
[13.952s] In file included from [01m[K/home/ubuntu-nuc/rc2_ws/src/Livox-SDK2/sdk_core/../3rdparty/rapidjson/stream.h:19[m[K,
[13.952s]                  from [01m[K/home/ubuntu-nuc/rc2_ws/src/Livox-SDK2/sdk_core/../3rdparty/rapidjson/memorystream.h:22[m[K,
[13.952s]                  from [01m[K/home/ubuntu-nuc/rc2_ws/src/Livox-SDK2/sdk_core/../3rdparty/rapidjson/encodedstream.h:22[m[K,
[13.952s]                  from [01m[K/home/ubuntu-nuc/rc2_ws/src/Livox-SDK2/sdk_core/../3rdparty/rapidjson/document.h:26[m[K,
[13.952s]                  from [01m[K/home/ubuntu-nuc/rc2_ws/src/Livox-SDK2/sdk_core/command_handler/parse_lidar_state_info.h:38[m[K,
[13.952s]                  from [01m[K/home/ubuntu-nuc/rc2_ws/src/Livox-SDK2/sdk_core/command_handler/hap_command_handler.cpp:37[m[K:
[13.952s] [01m[K/home/ubuntu-nuc/rc2_ws/src/Livox-SDK2/sdk_core/../3rdparty/rapidjson/rapidjson.h:542:29:[m[K [01;35m[Kwarning: [m[Kunknown option after ‘[01m[K#pragma GCC diagnostic[m[K’ kind [[01;35m[K-Wpragmas[m[K]
[13.952s]   542 | #define RAPIDJSON_PRAGMA(x) [01;35m[K_Pragma[m[K(RAPIDJSON_STRINGIFY(x))
[13.952s]       |                             [01;35m[K^~~~~~~[m[K
[13.952s] [01m[K/home/ubuntu-nuc/rc2_ws/src/Livox-SDK2/sdk_core/../3rdparty/rapidjson/rapidjson.h:543:34:[m[K [01;36m[Knote: [m[Kin expansion of macro ‘[01m[KRAPIDJSON_PRAGMA[m[K’
[13.952s]   543 | #define RAPIDJSON_DIAG_PRAGMA(x) [01;36m[KRAPIDJSON_PRAGMA[m[K(GCC diagnostic x)
[13.952s]       |                                  [01;36m[K^~~~~~~~~~~~~~~~[m[K
[13.952s] [01m[K/home/ubuntu-nuc/rc2_ws/src/Livox-SDK2/sdk_core/../3rdparty/rapidjson/rapidjson.h:545:3:[m[K [01;36m[Knote: [m[Kin expansion of macro ‘[01m[KRAPIDJSON_DIAG_PRAGMA[m[K’
[13.953s]   545 |   [01;36m[KRAPIDJSON_DIAG_PRAGMA[m[K(ignored RAPIDJSON_STRINGIFY(RAPIDJSON_JOIN(-W, x)))
[13.953s]       |   [01;36m[K^~~~~~~~~~~~~~~~~~~~~[m[K
[13.953s] [01m[K/home/ubuntu-nuc/rc2_ws/src/Livox-SDK2/sdk_core/../3rdparty/rapidjson/internal/dtoa.h:36:1:[m[K [01;36m[Knote: [m[Kin expansion of macro ‘[01m[KRAPIDJSON_DIAG_OFF[m[K’
[13.953s]    36 | [01;36m[KRAPIDJSON_DIAG_OFF[m[K(array - bounds)  // some gcc versions generate wrong warnings
[13.953s]       | [01;36m[K^~~~~~~~~~~~~~~~~~[m[K
[13.957s] [01m[K/home/ubuntu-nuc/rc2_ws/src/Livox-SDK2/sdk_core/../3rdparty/rapidjson/rapidjson.h:542:29:[m[K [01;36m[Knote: [m[Kdid you mean ‘[01m[K-Warray-bounds[m[K’?
[13.957s]   542 | #define RAPIDJSON_PRAGMA(x) [01;36m[K_Pragma[m[K(RAPIDJSON_STRINGIFY(x))
[13.957s]       |                             [01;36m[K^~~~~~~[m[K
[13.957s] [01m[K/home/ubuntu-nuc/rc2_ws/src/Livox-SDK2/sdk_core/../3rdparty/rapidjson/rapidjson.h:543:34:[m[K [01;36m[Knote: [m[Kin expansion of macro ‘[01m[KRAPIDJSON_PRAGMA[m[K’
[13.957s]   543 | #define RAPIDJSON_DIAG_PRAGMA(x) [01;36m[KRAPIDJSON_PRAGMA[m[K(GCC diagnostic x)
[13.957s]       |                                  [01;36m[K^~~~~~~~~~~~~~~~[m[K
[13.958s] [01m[K/home/ubuntu-nuc/rc2_ws/src/Livox-SDK2/sdk_core/../3rdparty/rapidjson/rapidjson.h:545:3:[m[K [01;36m[Knote: [m[Kin expansion of macro ‘[01m[KRAPIDJSON_DIAG_PRAGMA[m[K’
[13.958s]   545 |   [01;36m[KRAPIDJSON_DIAG_PRAGMA[m[K(ignored RAPIDJSON_STRINGIFY(RAPIDJSON_JOIN(-W, x)))
[13.958s]       |   [01;36m[K^~~~~~~~~~~~~~~~~~~~~[m[K
[13.958s] [01m[K/home/ubuntu-nuc/rc2_ws/src/Livox-SDK2/sdk_core/../3rdparty/rapidjson/internal/dtoa.h:36:1:[m[K [01;36m[Knote: [m[Kin expansion of macro ‘[01m[KRAPIDJSON_DIAG_OFF[m[K’
[13.958s]    36 | [01;36m[KRAPIDJSON_DIAG_OFF[m[K(array - bounds)  // some gcc versions generate wrong warnings
[13.958s]       | [01;36m[K^~~~~~~~~~~~~~~~~~[m[K
[14.136s] In file included from [01m[K/home/ubuntu-nuc/rc2_ws/src/Livox-SDK2/sdk_core/../3rdparty/rapidjson/stream.h:19[m[K,
[14.136s]                  from [01m[K/home/ubuntu-nuc/rc2_ws/src/Livox-SDK2/sdk_core/../3rdparty/rapidjson/memorystream.h:22[m[K,
[14.136s]                  from [01m[K/home/ubuntu-nuc/rc2_ws/src/Livox-SDK2/sdk_core/../3rdparty/rapidjson/encodedstream.h:22[m[K,
[14.139s]                  from [01m[K/home/ubuntu-nuc/rc2_ws/src/Livox-SDK2/sdk_core/../3rdparty/rapidjson/document.h:26[m[K,
[14.139s]                  from [01m[K/home/ubuntu-nuc/rc2_ws/src/Livox-SDK2/sdk_core/command_handler/parse_lidar_state_info.h:38[m[K,
[14.139s]                  from [01m[K/home/ubuntu-nuc/rc2_ws/src/Livox-SDK2/sdk_core/command_handler/hap_command_handler.cpp:37[m[K:
[14.139s] [01m[K/home/ubuntu-nuc/rc2_ws/src/Livox-SDK2/sdk_core/../3rdparty/rapidjson/rapidjson.h:542:29:[m[K [01;35m[Kwarning: [m[Kunknown option after ‘[01m[K#pragma GCC diagnostic[m[K’ kind [[01;35m[K-Wpragmas[m[K]
[14.139s]   542 | #define RAPIDJSON_PRAGMA(x) [01;35m[K_Pragma[m[K(RAPIDJSON_STRINGIFY(x))
[14.140s]       |                             [01;35m[K^~~~~~~[m[K
[14.140s] [01m[K/home/ubuntu-nuc/rc2_ws/src/Livox-SDK2/sdk_core/../3rdparty/rapidjson/rapidjson.h:543:34:[m[K [01;36m[Knote: [m[Kin expansion of macro ‘[01m[KRAPIDJSON_PRAGMA[m[K’
[14.140s]   543 | #define RAPIDJSON_DIAG_PRAGMA(x) [01;36m[KRAPIDJSON_PRAGMA[m[K(GCC diagnostic x)
[14.140s]       |                                  [01;36m[K^~~~~~~~~~~~~~~~[m[K
[14.140s] [01m[K/home/ubuntu-nuc/rc2_ws/src/Livox-SDK2/sdk_core/../3rdparty/rapidjson/rapidjson.h:545:3:[m[K [01;36m[Knote: [m[Kin expansion of macro ‘[01m[KRAPIDJSON_DIAG_PRAGMA[m[K’
[14.140s]   545 |   [01;36m[KRAPIDJSON_DIAG_PRAGMA[m[K(ignored RAPIDJSON_STRINGIFY(RAPIDJSON_JOIN(-W, x)))
[14.140s]       |   [01;36m[K^~~~~~~~~~~~~~~~~~~~~[m[K
[14.140s] [01m[K/home/ubuntu-nuc/rc2_ws/src/Livox-SDK2/sdk_core/../3rdparty/rapidjson/internal/dtoa.h:36:1:[m[K [01;36m[Knote: [m[Kin expansion of macro ‘[01m[KRAPIDJSON_DIAG_OFF[m[K’
[14.140s]    36 | [01;36m[KRAPIDJSON_DIAG_OFF[m[K(array - bounds)  // some gcc versions generate wrong warnings
[14.140s]       | [01;36m[K^~~~~~~~~~~~~~~~~~[m[K
[14.143s] [01m[K/home/ubuntu-nuc/rc2_ws/src/Livox-SDK2/sdk_core/../3rdparty/rapidjson/rapidjson.h:542:29:[m[K [01;36m[Knote: [m[Kdid you mean ‘[01m[K-Warray-bounds[m[K’?
[14.143s]   542 | #define RAPIDJSON_PRAGMA(x) [01;36m[K_Pragma[m[K(RAPIDJSON_STRINGIFY(x))
[14.143s]       |                             [01;36m[K^~~~~~~[m[K
[14.144s] [01m[K/home/ubuntu-nuc/rc2_ws/src/Livox-SDK2/sdk_core/../3rdparty/rapidjson/rapidjson.h:543:34:[m[K [01;36m[Knote: [m[Kin expansion of macro ‘[01m[KRAPIDJSON_PRAGMA[m[K’
[14.144s]   543 | #define RAPIDJSON_DIAG_PRAGMA(x) [01;36m[KRAPIDJSON_PRAGMA[m[K(GCC diagnostic x)
[14.144s]       |                                  [01;36m[K^~~~~~~~~~~~~~~~[m[K
[14.144s] [01m[K/home/ubuntu-nuc/rc2_ws/src/Livox-SDK2/sdk_core/../3rdparty/rapidjson/rapidjson.h:545:3:[m[K [01;36m[Knote: [m[Kin expansion of macro ‘[01m[KRAPIDJSON_DIAG_PRAGMA[m[K’
[14.145s]   545 |   [01;36m[KRAPIDJSON_DIAG_PRAGMA[m[K(ignored RAPIDJSON_STRINGIFY(RAPIDJSON_JOIN(-W, x)))
[14.145s]       |   [01;36m[K^~~~~~~~~~~~~~~~~~~~~[m[K
[14.145s] [01m[K/home/ubuntu-nuc/rc2_ws/src/Livox-SDK2/sdk_core/../3rdparty/rapidjson/internal/dtoa.h:36:1:[m[K [01;36m[Knote: [m[Kin expansion of macro ‘[01m[KRAPIDJSON_DIAG_OFF[m[K’
[14.145s]    36 | [01;36m[KRAPIDJSON_DIAG_OFF[m[K(array - bounds)  // some gcc versions generate wrong warnings
[14.145s]       | [01;36m[K^~~~~~~~~~~~~~~~~~[m[K
[15.088s] In file included from [01m[K/home/ubuntu-nuc/rc2_ws/src/Livox-SDK2/sdk_core/../3rdparty/rapidjson/stream.h:19[m[K,
[15.088s]                  from [01m[K/home/ubuntu-nuc/rc2_ws/src/Livox-SDK2/sdk_core/../3rdparty/rapidjson/memorystream.h:22[m[K,
[15.088s]                  from [01m[K/home/ubuntu-nuc/rc2_ws/src/Livox-SDK2/sdk_core/../3rdparty/rapidjson/encodedstream.h:22[m[K,
[15.088s]                  from [01m[K/home/ubuntu-nuc/rc2_ws/src/Livox-SDK2/sdk_core/../3rdparty/rapidjson/document.h:26[m[K,
[15.088s]                  from [01m[K/home/ubuntu-nuc/rc2_ws/src/Livox-SDK2/sdk_core/command_handler/parse_lidar_state_info.h:38[m[K,
[15.088s]                  from [01m[K/home/ubuntu-nuc/rc2_ws/src/Livox-SDK2/sdk_core/command_handler/mid360_command_handler.cpp:37[m[K:
[15.088s] [01m[K/home/ubuntu-nuc/rc2_ws/src/Livox-SDK2/sdk_core/../3rdparty/rapidjson/rapidjson.h:542:29:[m[K [01;35m[Kwarning: [m[Kunknown option after ‘[01m[K#pragma GCC diagnostic[m[K’ kind [[01;35m[K-Wpragmas[m[K]
[15.089s]   542 | #define RAPIDJSON_PRAGMA(x) [01;35m[K_Pragma[m[K(RAPIDJSON_STRINGIFY(x))
[15.089s]       |                             [01;35m[K^~~~~~~[m[K
[15.089s] [01m[K/home/ubuntu-nuc/rc2_ws/src/Livox-SDK2/sdk_core/../3rdparty/rapidjson/rapidjson.h:543:34:[m[K [01;36m[Knote: [m[Kin expansion of macro ‘[01m[KRAPIDJSON_PRAGMA[m[K’
[15.089s]   543 | #define RAPIDJSON_DIAG_PRAGMA(x) [01;36m[KRAPIDJSON_PRAGMA[m[K(GCC diagnostic x)
[15.089s]       |                                  [01;36m[K^~~~~~~~~~~~~~~~[m[K
[15.089s] [01m[K/home/ubuntu-nuc/rc2_ws/src/Livox-SDK2/sdk_core/../3rdparty/rapidjson/rapidjson.h:545:3:[m[K [01;36m[Knote: [m[Kin expansion of macro ‘[01m[KRAPIDJSON_DIAG_PRAGMA[m[K’
[15.089s]   545 |   [01;36m[KRAPIDJSON_DIAG_PRAGMA[m[K(ignored RAPIDJSON_STRINGIFY(RAPIDJSON_JOIN(-W, x)))
[15.089s]       |   [01;36m[K^~~~~~~~~~~~~~~~~~~~~[m[K
[15.089s] [01m[K/home/ubuntu-nuc/rc2_ws/src/Livox-SDK2/sdk_core/../3rdparty/rapidjson/internal/dtoa.h:36:1:[m[K [01;36m[Knote: [m[Kin expansion of macro ‘[01m[KRAPIDJSON_DIAG_OFF[m[K’
[15.089s]    36 | [01;36m[KRAPIDJSON_DIAG_OFF[m[K(array - bounds)  // some gcc versions generate wrong warnings
[15.089s]       | [01;36m[K^~~~~~~~~~~~~~~~~~[m[K
[15.095s] [01m[K/home/ubuntu-nuc/rc2_ws/src/Livox-SDK2/sdk_core/../3rdparty/rapidjson/rapidjson.h:542:29:[m[K [01;36m[Knote: [m[Kdid you mean ‘[01m[K-Warray-bounds[m[K’?
[15.095s]   542 | #define RAPIDJSON_PRAGMA(x) [01;36m[K_Pragma[m[K(RAPIDJSON_STRINGIFY(x))
[15.095s]       |                             [01;36m[K^~~~~~~[m[K
[15.095s] [01m[K/home/ubuntu-nuc/rc2_ws/src/Livox-SDK2/sdk_core/../3rdparty/rapidjson/rapidjson.h:543:34:[m[K [01;36m[Knote: [m[Kin expansion of macro ‘[01m[KRAPIDJSON_PRAGMA[m[K’
[15.096s]   543 | #define RAPIDJSON_DIAG_PRAGMA(x) [01;36m[KRAPIDJSON_PRAGMA[m[K(GCC diagnostic x)
[15.096s]       |                                  [01;36m[K^~~~~~~~~~~~~~~~[m[K
[15.096s] [01m[K/home/ubuntu-nuc/rc2_ws/src/Livox-SDK2/sdk_core/../3rdparty/rapidjson/rapidjson.h:545:3:[m[K [01;36m[Knote: [m[Kin expansion of macro ‘[01m[KRAPIDJSON_DIAG_PRAGMA[m[K’
[15.096s]   545 |   [01;36m[KRAPIDJSON_DIAG_PRAGMA[m[K(ignored RAPIDJSON_STRINGIFY(RAPIDJSON_JOIN(-W, x)))
[15.096s]       |   [01;36m[K^~~~~~~~~~~~~~~~~~~~~[m[K
[15.096s] [01m[K/home/ubuntu-nuc/rc2_ws/src/Livox-SDK2/sdk_core/../3rdparty/rapidjson/internal/dtoa.h:36:1:[m[K [01;36m[Knote: [m[Kin expansion of macro ‘[01m[KRAPIDJSON_DIAG_OFF[m[K’
[15.096s]    36 | [01;36m[KRAPIDJSON_DIAG_OFF[m[K(array - bounds)  // some gcc versions generate wrong warnings
[15.096s]       | [01;36m[K^~~~~~~~~~~~~~~~~~[m[K
[15.248s] [ 70%] [32mBuilding CXX object sdk_core/CMakeFiles/livox_lidar_sdk_static.dir/command_handler/mid360_command_handler.cpp.o[0m
[15.453s] [ 71%] [32mBuilding CXX object sdk_core/CMakeFiles/livox_lidar_sdk_static.dir/command_handler/build_request.cpp.o[0m
[16.221s] [ 72%] [32mBuilding CXX object sdk_core/CMakeFiles/livox_lidar_sdk_static.dir/command_handler/parse_lidar_state_info.cpp.o[0m
[16.744s] [ 74%] [32mBuilding CXX object sdk_core/CMakeFiles/livox_lidar_sdk_shared.dir/command_handler/build_request.cpp.o[0m
[16.846s] In file included from [01m[K/home/ubuntu-nuc/rc2_ws/src/Livox-SDK2/sdk_core/../3rdparty/rapidjson/stream.h:19[m[K,
[16.846s]                  from [01m[K/home/ubuntu-nuc/rc2_ws/src/Livox-SDK2/sdk_core/../3rdparty/rapidjson/memorystream.h:22[m[K,
[16.846s]                  from [01m[K/home/ubuntu-nuc/rc2_ws/src/Livox-SDK2/sdk_core/../3rdparty/rapidjson/encodedstream.h:22[m[K,
[16.846s]                  from [01m[K/home/ubuntu-nuc/rc2_ws/src/Livox-SDK2/sdk_core/../3rdparty/rapidjson/document.h:26[m[K,
[16.847s]                  from [01m[K/home/ubuntu-nuc/rc2_ws/src/Livox-SDK2/sdk_core/command_handler/parse_lidar_state_info.h:38[m[K,
[16.847s]                  from [01m[K/home/ubuntu-nuc/rc2_ws/src/Livox-SDK2/sdk_core/command_handler/parse_lidar_state_info.cpp:2[m[K:
[16.847s] [01m[K/home/ubuntu-nuc/rc2_ws/src/Livox-SDK2/sdk_core/../3rdparty/rapidjson/rapidjson.h:542:29:[m[K [01;35m[Kwarning: [m[Kunknown option after ‘[01m[K#pragma GCC diagnostic[m[K’ kind [[01;35m[K-Wpragmas[m[K]
[16.847s]   542 | #define RAPIDJSON_PRAGMA(x) [01;35m[K_Pragma[m[K(RAPIDJSON_STRINGIFY(x))
[16.847s]       |                             [01;35m[K^~~~~~~[m[K
[16.847s] [01m[K/home/ubuntu-nuc/rc2_ws/src/Livox-SDK2/sdk_core/../3rdparty/rapidjson/rapidjson.h:543:34:[m[K [01;36m[Knote: [m[Kin expansion of macro ‘[01m[KRAPIDJSON_PRAGMA[m[K’
[16.847s]   543 | #define RAPIDJSON_DIAG_PRAGMA(x) [01;36m[KRAPIDJSON_PRAGMA[m[K(GCC diagnostic x)
[16.847s]       |                                  [01;36m[K^~~~~~~~~~~~~~~~[m[K
[16.847s] [01m[K/home/ubuntu-nuc/rc2_ws/src/Livox-SDK2/sdk_core/../3rdparty/rapidjson/rapidjson.h:545:3:[m[K [01;36m[Knote: [m[Kin expansion of macro ‘[01m[KRAPIDJSON_DIAG_PRAGMA[m[K’
[16.847s]   545 |   [01;36m[KRAPIDJSON_DIAG_PRAGMA[m[K(ignored RAPIDJSON_STRINGIFY(RAPIDJSON_JOIN(-W, x)))
[16.847s]       |   [01;36m[K^~~~~~~~~~~~~~~~~~~~~[m[K
[16.847s] [01m[K/home/ubuntu-nuc/rc2_ws/src/Livox-SDK2/sdk_core/../3rdparty/rapidjson/internal/dtoa.h:36:1:[m[K [01;36m[Knote: [m[Kin expansion of macro ‘[01m[KRAPIDJSON_DIAG_OFF[m[K’
[16.847s]    36 | [01;36m[KRAPIDJSON_DIAG_OFF[m[K(array - bounds)  // some gcc versions generate wrong warnings
[16.847s]       | [01;36m[K^~~~~~~~~~~~~~~~~~[m[K
[16.850s] [01m[K/home/ubuntu-nuc/rc2_ws/src/Livox-SDK2/sdk_core/../3rdparty/rapidjson/rapidjson.h:542:29:[m[K [01;36m[Knote: [m[Kdid you mean ‘[01m[K-Warray-bounds[m[K’?
[16.851s]   542 | #define RAPIDJSON_PRAGMA(x) [01;36m[K_Pragma[m[K(RAPIDJSON_STRINGIFY(x))
[16.851s]       |                             [01;36m[K^~~~~~~[m[K
[16.851s] [01m[K/home/ubuntu-nuc/rc2_ws/src/Livox-SDK2/sdk_core/../3rdparty/rapidjson/rapidjson.h:543:34:[m[K [01;36m[Knote: [m[Kin expansion of macro ‘[01m[KRAPIDJSON_PRAGMA[m[K’
[16.851s]   543 | #define RAPIDJSON_DIAG_PRAGMA(x) [01;36m[KRAPIDJSON_PRAGMA[m[K(GCC diagnostic x)
[16.851s]       |                                  [01;36m[K^~~~~~~~~~~~~~~~[m[K
[16.851s] [01m[K/home/ubuntu-nuc/rc2_ws/src/Livox-SDK2/sdk_core/../3rdparty/rapidjson/rapidjson.h:545:3:[m[K [01;36m[Knote: [m[Kin expansion of macro ‘[01m[KRAPIDJSON_DIAG_PRAGMA[m[K’
[16.852s]   545 |   [01;36m[KRAPIDJSON_DIAG_PRAGMA[m[K(ignored RAPIDJSON_STRINGIFY(RAPIDJSON_JOIN(-W, x)))
[16.852s]       |   [01;36m[K^~~~~~~~~~~~~~~~~~~~~[m[K
[16.852s] [01m[K/home/ubuntu-nuc/rc2_ws/src/Livox-SDK2/sdk_core/../3rdparty/rapidjson/internal/dtoa.h:36:1:[m[K [01;36m[Knote: [m[Kin expansion of macro ‘[01m[KRAPIDJSON_DIAG_OFF[m[K’
[16.852s]    36 | [01;36m[KRAPIDJSON_DIAG_OFF[m[K(array - bounds)  // some gcc versions generate wrong warnings
[16.852s]       | [01;36m[K^~~~~~~~~~~~~~~~~~[m[K
[16.888s] [ 75%] [32mBuilding CXX object sdk_core/CMakeFiles/livox_lidar_sdk_shared.dir/command_handler/parse_lidar_state_info.cpp.o[0m
[16.917s] [ 76%] [32mBuilding CXX object sdk_core/CMakeFiles/livox_lidar_sdk_static.dir/command_handler/mid360s_command_handler.cpp.o[0m
[17.073s] In file included from [01m[K/home/ubuntu-nuc/rc2_ws/src/Livox-SDK2/sdk_core/../3rdparty/rapidjson/stream.h:19[m[K,
[17.073s]                  from [01m[K/home/ubuntu-nuc/rc2_ws/src/Livox-SDK2/sdk_core/../3rdparty/rapidjson/memorystream.h:22[m[K,
[17.073s]                  from [01m[K/home/ubuntu-nuc/rc2_ws/src/Livox-SDK2/sdk_core/../3rdparty/rapidjson/encodedstream.h:22[m[K,
[17.074s]                  from [01m[K/home/ubuntu-nuc/rc2_ws/src/Livox-SDK2/sdk_core/../3rdparty/rapidjson/document.h:26[m[K,
[17.074s]                  from [01m[K/home/ubuntu-nuc/rc2_ws/src/Livox-SDK2/sdk_core/command_handler/parse_lidar_state_info.h:38[m[K,
[17.074s]                  from [01m[K/home/ubuntu-nuc/rc2_ws/src/Livox-SDK2/sdk_core/command_handler/mid360_command_handler.cpp:37[m[K:
[17.074s] [01m[K/home/ubuntu-nuc/rc2_ws/src/Livox-SDK2/sdk_core/../3rdparty/rapidjson/rapidjson.h:542:29:[m[K [01;35m[Kwarning: [m[Kunknown option after ‘[01m[K#pragma GCC diagnostic[m[K’ kind [[01;35m[K-Wpragmas[m[K]
[17.074s]   542 | #define RAPIDJSON_PRAGMA(x) [01;35m[K_Pragma[m[K(RAPIDJSON_STRINGIFY(x))
[17.074s]       |                             [01;35m[K^~~~~~~[m[K
[17.074s] [01m[K/home/ubuntu-nuc/rc2_ws/src/Livox-SDK2/sdk_core/../3rdparty/rapidjson/rapidjson.h:543:34:[m[K [01;36m[Knote: [m[Kin expansion of macro ‘[01m[KRAPIDJSON_PRAGMA[m[K’
[17.074s]   543 | #define RAPIDJSON_DIAG_PRAGMA(x) [01;36m[KRAPIDJSON_PRAGMA[m[K(GCC diagnostic x)
[17.077s]       |                                  [01;36m[K^~~~~~~~~~~~~~~~[m[K
[17.077s] [01m[K/home/ubuntu-nuc/rc2_ws/src/Livox-SDK2/sdk_core/../3rdparty/rapidjson/rapidjson.h:545:3:[m[K [01;36m[Knote: [m[Kin expansion of macro ‘[01m[KRAPIDJSON_DIAG_PRAGMA[m[K’
[17.077s]   545 |   [01;36m[KRAPIDJSON_DIAG_PRAGMA[m[K(ignored RAPIDJSON_STRINGIFY(RAPIDJSON_JOIN(-W, x)))
[17.077s]       |   [01;36m[K^~~~~~~~~~~~~~~~~~~~~[m[K
[17.077s] [01m[K/home/ubuntu-nuc/rc2_ws/src/Livox-SDK2/sdk_core/../3rdparty/rapidjson/internal/dtoa.h:36:1:[m[K [01;36m[Knote: [m[Kin expansion of macro ‘[01m[KRAPIDJSON_DIAG_OFF[m[K’
[17.078s]    36 | [01;36m[KRAPIDJSON_DIAG_OFF[m[K(array - bounds)  // some gcc versions generate wrong warnings
[17.078s]       | [01;36m[K^~~~~~~~~~~~~~~~~~[m[K
[17.079s] [01m[K/home/ubuntu-nuc/rc2_ws/src/Livox-SDK2/sdk_core/../3rdparty/rapidjson/rapidjson.h:542:29:[m[K [01;36m[Knote: [m[Kdid you mean ‘[01m[K-Warray-bounds[m[K’?
[17.079s]   542 | #define RAPIDJSON_PRAGMA(x) [01;36m[K_Pragma[m[K(RAPIDJSON_STRINGIFY(x))
[17.079s]       |                             [01;36m[K^~~~~~~[m[K
[17.079s] [01m[K/home/ubuntu-nuc/rc2_ws/src/Livox-SDK2/sdk_core/../3rdparty/rapidjson/rapidjson.h:543:34:[m[K [01;36m[Knote: [m[Kin expansion of macro ‘[01m[KRAPIDJSON_PRAGMA[m[K’
[17.079s]   543 | #define RAPIDJSON_DIAG_PRAGMA(x) [01;36m[KRAPIDJSON_PRAGMA[m[K(GCC diagnostic x)
[17.079s]       |                                  [01;36m[K^~~~~~~~~~~~~~~~[m[K
[17.079s] [01m[K/home/ubuntu-nuc/rc2_ws/src/Livox-SDK2/sdk_core/../3rdparty/rapidjson/rapidjson.h:545:3:[m[K [01;36m[Knote: [m[Kin expansion of macro ‘[01m[KRAPIDJSON_DIAG_PRAGMA[m[K’
[17.079s]   545 |   [01;36m[KRAPIDJSON_DIAG_PRAGMA[m[K(ignored RAPIDJSON_STRINGIFY(RAPIDJSON_JOIN(-W, x)))
[17.079s]       |   [01;36m[K^~~~~~~~~~~~~~~~~~~~~[m[K
[17.080s] [01m[K/home/ubuntu-nuc/rc2_ws/src/Livox-SDK2/sdk_core/../3rdparty/rapidjson/internal/dtoa.h:36:1:[m[K [01;36m[Knote: [m[Kin expansion of macro ‘[01m[KRAPIDJSON_DIAG_OFF[m[K’
[17.080s]    36 | [01;36m[KRAPIDJSON_DIAG_OFF[m[K(array - bounds)  // some gcc versions generate wrong warnings
[17.080s]       | [01;36m[K^~~~~~~~~~~~~~~~~~[m[K
[17.460s] In file included from [01m[K/home/ubuntu-nuc/rc2_ws/src/Livox-SDK2/sdk_core/../3rdparty/rapidjson/stream.h:19[m[K,
[17.460s]                  from [01m[K/home/ubuntu-nuc/rc2_ws/src/Livox-SDK2/sdk_core/../3rdparty/rapidjson/memorystream.h:22[m[K,
[17.460s]                  from [01m[K/home/ubuntu-nuc/rc2_ws/src/Livox-SDK2/sdk_core/../3rdparty/rapidjson/encodedstream.h:22[m[K,
[17.460s]                  from [01m[K/home/ubuntu-nuc/rc2_ws/src/Livox-SDK2/sdk_core/../3rdparty/rapidjson/document.h:26[m[K,
[17.460s]                  from [01m[K/home/ubuntu-nuc/rc2_ws/src/Livox-SDK2/sdk_core/command_handler/parse_lidar_state_info.h:38[m[K,
[17.460s]                  from [01m[K/home/ubuntu-nuc/rc2_ws/src/Livox-SDK2/sdk_core/command_handler/parse_lidar_state_info.cpp:2[m[K:
[17.460s] [01m[K/home/ubuntu-nuc/rc2_ws/src/Livox-SDK2/sdk_core/../3rdparty/rapidjson/rapidjson.h:542:29:[m[K [01;35m[Kwarning: [m[Kunknown option after ‘[01m[K#pragma GCC diagnostic[m[K’ kind [[01;35m[K-Wpragmas[m[K]
[17.460s]   542 | #define RAPIDJSON_PRAGMA(x) [01;35m[K_Pragma[m[K(RAPIDJSON_STRINGIFY(x))
[17.460s]       |                             [01;35m[K^~~~~~~[m[K
[17.460s] [01m[K/home/ubuntu-nuc/rc2_ws/src/Livox-SDK2/sdk_core/../3rdparty/rapidjson/rapidjson.h:543:34:[m[K [01;36m[Knote: [m[Kin expansion of macro ‘[01m[KRAPIDJSON_PRAGMA[m[K’
[17.461s]   543 | #define RAPIDJSON_DIAG_PRAGMA(x) [01;36m[KRAPIDJSON_PRAGMA[m[K(GCC diagnostic x)
[17.461s]       |                                  [01;36m[K^~~~~~~~~~~~~~~~[m[K
[17.461s] [01m[K/home/ubuntu-nuc/rc2_ws/src/Livox-SDK2/sdk_core/../3rdparty/rapidjson/rapidjson.h:545:3:[m[K [01;36m[Knote: [m[Kin expansion of macro ‘[01m[KRAPIDJSON_DIAG_PRAGMA[m[K’
[17.461s]   545 |   [01;36m[KRAPIDJSON_DIAG_PRAGMA[m[K(ignored RAPIDJSON_STRINGIFY(RAPIDJSON_JOIN(-W, x)))
[17.461s]       |   [01;36m[K^~~~~~~~~~~~~~~~~~~~~[m[K
[17.461s] [01m[K/home/ubuntu-nuc/rc2_ws/src/Livox-SDK2/sdk_core/../3rdparty/rapidjson/internal/dtoa.h:36:1:[m[K [01;36m[Knote: [m[Kin expansion of macro ‘[01m[KRAPIDJSON_DIAG_OFF[m[K’
[17.461s]    36 | [01;36m[KRAPIDJSON_DIAG_OFF[m[K(array - bounds)  // some gcc versions generate wrong warnings
[17.461s]       | [01;36m[K^~~~~~~~~~~~~~~~~~[m[K
[17.465s] [01m[K/home/ubuntu-nuc/rc2_ws/src/Livox-SDK2/sdk_core/../3rdparty/rapidjson/rapidjson.h:542:29:[m[K [01;36m[Knote: [m[Kdid you mean ‘[01m[K-Warray-bounds[m[K’?
[17.465s]   542 | #define RAPIDJSON_PRAGMA(x) [01;36m[K_Pragma[m[K(RAPIDJSON_STRINGIFY(x))
[17.465s]       |                             [01;36m[K^~~~~~~[m[K
[17.465s] [01m[K/home/ubuntu-nuc/rc2_ws/src/Livox-SDK2/sdk_core/../3rdparty/rapidjson/rapidjson.h:543:34:[m[K [01;36m[Knote: [m[Kin expansion of macro ‘[01m[KRAPIDJSON_PRAGMA[m[K’
[17.465s]   543 | #define RAPIDJSON_DIAG_PRAGMA(x) [01;36m[KRAPIDJSON_PRAGMA[m[K(GCC diagnostic x)
[17.465s]       |                                  [01;36m[K^~~~~~~~~~~~~~~~[m[K
[17.465s] [01m[K/home/ubuntu-nuc/rc2_ws/src/Livox-SDK2/sdk_core/../3rdparty/rapidjson/rapidjson.h:545:3:[m[K [01;36m[Knote: [m[Kin expansion of macro ‘[01m[KRAPIDJSON_DIAG_PRAGMA[m[K’
[17.465s]   545 |   [01;36m[KRAPIDJSON_DIAG_PRAGMA[m[K(ignored RAPIDJSON_STRINGIFY(RAPIDJSON_JOIN(-W, x)))
[17.465s]       |   [01;36m[K^~~~~~~~~~~~~~~~~~~~~[m[K
[17.465s] [01m[K/home/ubuntu-nuc/rc2_ws/src/Livox-SDK2/sdk_core/../3rdparty/rapidjson/internal/dtoa.h:36:1:[m[K [01;36m[Knote: [m[Kin expansion of macro ‘[01m[KRAPIDJSON_DIAG_OFF[m[K’
[17.465s]    36 | [01;36m[KRAPIDJSON_DIAG_OFF[m[K(array - bounds)  // some gcc versions generate wrong warnings
[17.465s]       | [01;36m[K^~~~~~~~~~~~~~~~~~[m[K
[18.104s] [ 77%] [32mBuilding CXX object sdk_core/CMakeFiles/livox_lidar_sdk_static.dir/debug_point_cloud_handler/debug_point_cloud_manager.cpp.o[0m
[18.325s] [ 78%] [32mBuilding CXX object sdk_core/CMakeFiles/livox_lidar_sdk_static.dir/debug_point_cloud_handler/debug_point_cloud_handler.cpp.o[0m
[18.369s] In file included from [01m[K/home/ubuntu-nuc/rc2_ws/src/Livox-SDK2/sdk_core/../3rdparty/rapidjson/stream.h:19[m[K,
[18.369s]                  from [01m[K/home/ubuntu-nuc/rc2_ws/src/Livox-SDK2/sdk_core/../3rdparty/rapidjson/memorystream.h:22[m[K,
[18.369s]                  from [01m[K/home/ubuntu-nuc/rc2_ws/src/Livox-SDK2/sdk_core/../3rdparty/rapidjson/encodedstream.h:22[m[K,
[18.369s]                  from [01m[K/home/ubuntu-nuc/rc2_ws/src/Livox-SDK2/sdk_core/../3rdparty/rapidjson/document.h:26[m[K,
[18.369s]                  from [01m[K/home/ubuntu-nuc/rc2_ws/src/Livox-SDK2/sdk_core/command_handler/parse_lidar_state_info.h:38[m[K,
[18.369s]                  from [01m[K/home/ubuntu-nuc/rc2_ws/src/Livox-SDK2/sdk_core/command_handler/mid360s_command_handler.cpp:37[m[K:
[18.370s] [01m[K/home/ubuntu-nuc/rc2_ws/src/Livox-SDK2/sdk_core/../3rdparty/rapidjson/rapidjson.h:542:29:[m[K [01;35m[Kwarning: [m[Kunknown option after ‘[01m[K#pragma GCC diagnostic[m[K’ kind [[01;35m[K-Wpragmas[m[K]
[18.370s]   542 | #define RAPIDJSON_PRAGMA(x) [01;35m[K_Pragma[m[K(RAPIDJSON_STRINGIFY(x))
[18.370s]       |                             [01;35m[K^~~~~~~[m[K
[18.370s] [01m[K/home/ubuntu-nuc/rc2_ws/src/Livox-SDK2/sdk_core/../3rdparty/rapidjson/rapidjson.h:543:34:[m[K [01;36m[Knote: [m[Kin expansion of macro ‘[01m[KRAPIDJSON_PRAGMA[m[K’
[18.370s]   543 | #define RAPIDJSON_DIAG_PRAGMA(x) [01;36m[KRAPIDJSON_PRAGMA[m[K(GCC diagnostic x)
[18.370s]       |                                  [01;36m[K^~~~~~~~~~~~~~~~[m[K
[18.372s] [01m[K/home/ubuntu-nuc/rc2_ws/src/Livox-SDK2/sdk_core/../3rdparty/rapidjson/rapidjson.h:545:3:[m[K [01;36m[Knote: [m[Kin expansion of macro ‘[01m[KRAPIDJSON_DIAG_PRAGMA[m[K’
[18.372s]   545 |   [01;36m[KRAPIDJSON_DIAG_PRAGMA[m[K(ignored RAPIDJSON_STRINGIFY(RAPIDJSON_JOIN(-W, x)))
[18.372s]       |   [01;36m[K^~~~~~~~~~~~~~~~~~~~~[m[K
[18.372s] [01m[K/home/ubuntu-nuc/rc2_ws/src/Livox-SDK2/sdk_core/../3rdparty/rapidjson/internal/dtoa.h:36:1:[m[K [01;36m[Knote: [m[Kin expansion of macro ‘[01m[KRAPIDJSON_DIAG_OFF[m[K’
[18.372s]    36 | [01;36m[KRAPIDJSON_DIAG_OFF[m[K(array - bounds)  // some gcc versions generate wrong warnings
[18.372s]       | [01;36m[K^~~~~~~~~~~~~~~~~~[m[K
[18.374s] [01m[K/home/ubuntu-nuc/rc2_ws/src/Livox-SDK2/sdk_core/../3rdparty/rapidjson/rapidjson.h:542:29:[m[K [01;36m[Knote: [m[Kdid you mean ‘[01m[K-Warray-bounds[m[K’?
[18.376s]   542 | #define RAPIDJSON_PRAGMA(x) [01;36m[K_Pragma[m[K(RAPIDJSON_STRINGIFY(x))
[18.376s]       |                             [01;36m[K^~~~~~~[m[K
[18.376s] [01m[K/home/ubuntu-nuc/rc2_ws/src/Livox-SDK2/sdk_core/../3rdparty/rapidjson/rapidjson.h:543:34:[m[K [01;36m[Knote: [m[Kin expansion of macro ‘[01m[KRAPIDJSON_PRAGMA[m[K’
[18.376s]   543 | #define RAPIDJSON_DIAG_PRAGMA(x) [01;36m[KRAPIDJSON_PRAGMA[m[K(GCC diagnostic x)
[18.376s]       |                                  [01;36m[K^~~~~~~~~~~~~~~~[m[K
[18.377s] [01m[K/home/ubuntu-nuc/rc2_ws/src/Livox-SDK2/sdk_core/../3rdparty/rapidjson/rapidjson.h:545:3:[m[K [01;36m[Knote: [m[Kin expansion of macro ‘[01m[KRAPIDJSON_DIAG_PRAGMA[m[K’
[18.377s]   545 |   [01;36m[KRAPIDJSON_DIAG_PRAGMA[m[K(ignored RAPIDJSON_STRINGIFY(RAPIDJSON_JOIN(-W, x)))
[18.377s]       |   [01;36m[K^~~~~~~~~~~~~~~~~~~~~[m[K
[18.377s] [01m[K/home/ubuntu-nuc/rc2_ws/src/Livox-SDK2/sdk_core/../3rdparty/rapidjson/internal/dtoa.h:36:1:[m[K [01;36m[Knote: [m[Kin expansion of macro ‘[01m[KRAPIDJSON_DIAG_OFF[m[K’
[18.377s]    36 | [01;36m[KRAPIDJSON_DIAG_OFF[m[K(array - bounds)  // some gcc versions generate wrong warnings
[18.377s]       | [01;36m[K^~~~~~~~~~~~~~~~~~[m[K
[19.064s] [ 80%] [32mBuilding CXX object sdk_core/CMakeFiles/livox_lidar_sdk_shared.dir/command_handler/mid360s_command_handler.cpp.o[0m
[19.361s] [ 81%] [32mBuilding CXX object sdk_core/CMakeFiles/livox_lidar_sdk_shared.dir/debug_point_cloud_handler/debug_point_cloud_manager.cpp.o[0m
[19.627s] [ 82%] [32mBuilding CXX object sdk_core/CMakeFiles/livox_lidar_sdk_shared.dir/debug_point_cloud_handler/debug_point_cloud_handler.cpp.o[0m
[20.456s] In file included from [01m[K/home/ubuntu-nuc/rc2_ws/src/Livox-SDK2/sdk_core/../3rdparty/rapidjson/stream.h:19[m[K,
[20.456s]                  from [01m[K/home/ubuntu-nuc/rc2_ws/src/Livox-SDK2/sdk_core/../3rdparty/rapidjson/memorystream.h:22[m[K,
[20.456s]                  from [01m[K/home/ubuntu-nuc/rc2_ws/src/Livox-SDK2/sdk_core/../3rdparty/rapidjson/encodedstream.h:22[m[K,
[20.456s]                  from [01m[K/home/ubuntu-nuc/rc2_ws/src/Livox-SDK2/sdk_core/../3rdparty/rapidjson/document.h:26[m[K,
[20.456s]                  from [01m[K/home/ubuntu-nuc/rc2_ws/src/Livox-SDK2/sdk_core/command_handler/parse_lidar_state_info.h:38[m[K,
[20.457s]                  from [01m[K/home/ubuntu-nuc/rc2_ws/src/Livox-SDK2/sdk_core/command_handler/mid360s_command_handler.cpp:37[m[K:
[20.457s] [01m[K/home/ubuntu-nuc/rc2_ws/src/Livox-SDK2/sdk_core/../3rdparty/rapidjson/rapidjson.h:542:29:[m[K [01;35m[Kwarning: [m[Kunknown option after ‘[01m[K#pragma GCC diagnostic[m[K’ kind [[01;35m[K-Wpragmas[m[K]
[20.457s]   542 | #define RAPIDJSON_PRAGMA(x) [01;35m[K_Pragma[m[K(RAPIDJSON_STRINGIFY(x))
[20.457s]       |                             [01;35m[K^~~~~~~[m[K
[20.457s] [01m[K/home/ubuntu-nuc/rc2_ws/src/Livox-SDK2/sdk_core/../3rdparty/rapidjson/rapidjson.h:543:34:[m[K [01;36m[Knote: [m[Kin expansion of macro ‘[01m[KRAPIDJSON_PRAGMA[m[K’
[20.457s]   543 | #define RAPIDJSON_DIAG_PRAGMA(x) [01;36m[KRAPIDJSON_PRAGMA[m[K(GCC diagnostic x)
[20.457s]       |                                  [01;36m[K^~~~~~~~~~~~~~~~[m[K
[20.457s] [01m[K/home/ubuntu-nuc/rc2_ws/src/Livox-SDK2/sdk_core/../3rdparty/rapidjson/rapidjson.h:545:3:[m[K [01;36m[Knote: [m[Kin expansion of macro ‘[01m[KRAPIDJSON_DIAG_PRAGMA[m[K’
[20.457s]   545 |   [01;36m[KRAPIDJSON_DIAG_PRAGMA[m[K(ignored RAPIDJSON_STRINGIFY(RAPIDJSON_JOIN(-W, x)))
[20.457s]       |   [01;36m[K^~~~~~~~~~~~~~~~~~~~~[m[K
[20.457s] [01m[K/home/ubuntu-nuc/rc2_ws/src/Livox-SDK2/sdk_core/../3rdparty/rapidjson/internal/dtoa.h:36:1:[m[K [01;36m[Knote: [m[Kin expansion of macro ‘[01m[KRAPIDJSON_DIAG_OFF[m[K’
[20.457s]    36 | [01;36m[KRAPIDJSON_DIAG_OFF[m[K(array - bounds)  // some gcc versions generate wrong warnings
[20.457s]       | [01;36m[K^~~~~~~~~~~~~~~~~~[m[K
[20.462s] [01m[K/home/ubuntu-nuc/rc2_ws/src/Livox-SDK2/sdk_core/../3rdparty/rapidjson/rapidjson.h:542:29:[m[K [01;36m[Knote: [m[Kdid you mean ‘[01m[K-Warray-bounds[m[K’?
[20.462s]   542 | #define RAPIDJSON_PRAGMA(x) [01;36m[K_Pragma[m[K(RAPIDJSON_STRINGIFY(x))
[20.462s]       |                             [01;36m[K^~~~~~~[m[K
[20.462s] [01m[K/home/ubuntu-nuc/rc2_ws/src/Livox-SDK2/sdk_core/../3rdparty/rapidjson/rapidjson.h:543:34:[m[K [01;36m[Knote: [m[Kin expansion of macro ‘[01m[KRAPIDJSON_PRAGMA[m[K’
[20.462s]   543 | #define RAPIDJSON_DIAG_PRAGMA(x) [01;36m[KRAPIDJSON_PRAGMA[m[K(GCC diagnostic x)
[20.462s]       |                                  [01;36m[K^~~~~~~~~~~~~~~~[m[K
[20.462s] [01m[K/home/ubuntu-nuc/rc2_ws/src/Livox-SDK2/sdk_core/../3rdparty/rapidjson/rapidjson.h:545:3:[m[K [01;36m[Knote: [m[Kin expansion of macro ‘[01m[KRAPIDJSON_DIAG_PRAGMA[m[K’
[20.462s]   545 |   [01;36m[KRAPIDJSON_DIAG_PRAGMA[m[K(ignored RAPIDJSON_STRINGIFY(RAPIDJSON_JOIN(-W, x)))
[20.462s]       |   [01;36m[K^~~~~~~~~~~~~~~~~~~~~[m[K
[20.462s] [01m[K/home/ubuntu-nuc/rc2_ws/src/Livox-SDK2/sdk_core/../3rdparty/rapidjson/internal/dtoa.h:36:1:[m[K [01;36m[Knote: [m[Kin expansion of macro ‘[01m[KRAPIDJSON_DIAG_OFF[m[K’
[20.462s]    36 | [01;36m[KRAPIDJSON_DIAG_OFF[m[K(array - bounds)  // some gcc versions generate wrong warnings
[20.462s]       | [01;36m[K^~~~~~~~~~~~~~~~~~[m[K
[21.442s] [ 83%] [32m[1mLinking CXX static library liblivox_lidar_sdk_static.a[0m
[21.670s] [ 83%] Built target livox_lidar_sdk_static
[21.684s] [ 84%] [32mBuilding CXX object samples/logger/CMakeFiles/logger.dir/main.cpp.o[0m
[21.684s] [ 87%] [32mBuilding CXX object samples/multi_lidars_upgrade/CMakeFiles/multi_lidars_upgrade.dir/main.cpp.o[0m
[21.685s] [ 85%] [32mBuilding CXX object samples/livox_lidar_quick_start/CMakeFiles/livox_lidar_quick_start.dir/main.cpp.o[0m
[21.685s] [ 88%] [32mBuilding CXX object samples/debug_point_cloud/CMakeFiles/debug_point_cloud.dir/main.cpp.o[0m
[21.686s] [ 89%] [32mBuilding CXX object samples/lidar_cmd_observer/CMakeFiles/lidar_cmd_observer.dir/main.cpp.o[0m
[22.008s] [ 90%] [32m[1mLinking CXX executable lidar_cmd_observer[0m
[22.160s] [ 91%] [32m[1mLinking CXX executable livox_lidar_quick_start[0m
[22.190s] [ 92%] [32m[1mLinking CXX executable multi_lidars_upgrade[0m
[22.201s] [ 94%] [32m[1mLinking CXX executable logger[0m
[22.206s] [ 95%] [32m[1mLinking CXX executable debug_point_cloud[0m
[22.502s] [ 96%] [32mBuilding CXX object samples/livox_lidar_rmc_time_sync/CMakeFiles/livox_lidar_rmc_time_sync.dir/main.cpp.o[0m
[22.544s] [ 97%] [32mBuilding CXX object samples/livox_lidar_rmc_time_sync/CMakeFiles/livox_lidar_rmc_time_sync.dir/linux/synchro.cpp.o[0m
[22.726s] [ 98%] [32m[1mLinking CXX shared library liblivox_lidar_sdk_shared.so[0m
[23.015s] [ 98%] Built target lidar_cmd_observer
[23.071s] [ 98%] Built target debug_point_cloud
[23.086s] [100%] [32m[1mLinking CXX executable livox_lidar_rmc_time_sync[0m
[23.107s] [100%] Built target livox_lidar_quick_start
[23.122s] [100%] Built target multi_lidars_upgrade
[23.146s] [100%] Built target logger
[23.435s] [100%] Built target livox_lidar_sdk_shared
[23.637s] [100%] Built target livox_lidar_rmc_time_sync
