[0.022s] Invoking command in '/home/ubuntu-nuc/rc2_ws/build/pgo': CMAKE_PREFIX_PATH=/home/ubuntu-nuc/rc2_ws/install/interface:/home/ubuntu-nuc/rc2_ws/install/pgo:/home/ubuntu-nuc/rc2_ws/install/meiling_detect_debug:/home/ubuntu-nuc/rc2_ws/install/meiling_detect:/opt/ros/humble:/home/ubuntu-nuc/rc2_ws/install/meiling_control:/home/ubuntu-nuc/rc2_ws/install/localizer:/home/ubuntu-nuc/rc2_ws/install/fastlio2:/home/ubuntu-nuc/rc2_ws/install/livox_ros_driver2:/home/ubuntu-nuc/rc2_ws/install/hba:/home/ubuntu-nuc/rc2_ws/install/auto_aim_interfaces:/home/ubuntu-nuc/rc_ws/install/fast_lio:/home/ubuntu-nuc/rc_ws/install/livox_ros_driver2 LD_LIBRARY_PATH=/home/ubuntu-nuc/rc2_ws/install/interface/lib:/usr/lib/x86_64-linux-gnu:/home/ubuntu-nuc/rc2_ws/install/livox_sdk2/lib:/home/ubuntu-nuc/rc2_ws/install/livox_ros_driver2/lib:/home/ubuntu-nuc/rc2_ws/install/auto_aim_interfaces/lib:/home/ubuntu-nuc/rc_ws/install/fast_lio/lib:/home/ubuntu-nuc/rc_ws/install/livox_ros_driver2/lib:/usr/lib/x86_64-linux-gnu/gazebo-11/plugins:/opt/ros/humble/opt/rviz_ogre_vendor/lib:/opt/ros/humble/lib/x86_64-linux-gnu:/opt/ros/humble/opt/openvdb_vendor/lib:/opt/ros/humble/lib:/opt/MVS/lib/64:/opt/MVS/lib/32:/opt/MVS/lib/64:/opt/MVS/lib/32:/opt/MVS/lib/64:/opt/MVS/lib/32 /usr/local/bin/cmake /home/ubuntu-nuc/rc2_ws/src/FASTLIO2_ROS2/pgo -DCMAKE_INSTALL_PREFIX=/home/ubuntu-nuc/rc2_ws/install/pgo
[0.029s] [0mCMake Deprecation Warning at CMakeLists.txt:1 (cmake_minimum_required):
[0.029s]   Compatibility with CMake < 3.10 will be removed from a future version of
[0.029s]   CMake.
[0.029s] 
[0.029s]   Update the VERSION argument <min> value.  Or, use the <min>...<max> syntax
[0.029s]   to tell CMake that the project requires at least <min> but has been updated
[0.029s]   to work with policies introduced by <max> or earlier.
[0.029s] 
[0.029s] [0m
[0.037s] -- Found ament_cmake: 1.3.12 (/opt/ros/humble/share/ament_cmake/cmake)
[0.253s] -- Found std_msgs: 4.9.0 (/opt/ros/humble/share/std_msgs/cmake)
[0.285s] -- Found rosidl_generator_c: 3.1.7 (/opt/ros/humble/share/rosidl_generator_c/cmake)
[0.291s] -- Found rosidl_adapter: 3.1.7 (/opt/ros/humble/share/rosidl_adapter/cmake)
[0.298s] -- Found rosidl_generator_cpp: 3.1.8 (/opt/ros/humble/share/rosidl_generator_cpp/cmake)
[0.313s] -- Using all available rosidl_typesupport_c: rosidl_typesupport_fastrtps_c;rosidl_typesupport_introspection_c
[0.332s] -- Using all available rosidl_typesupport_cpp: rosidl_typesupport_fastrtps_cpp;rosidl_typesupport_introspection_cpp
[0.368s] -- Found rclcpp: 16.0.14 (/opt/ros/humble/share/rclcpp/cmake)
[0.406s] -- Found rmw_implementation_cmake: 6.1.2 (/opt/ros/humble/share/rmw_implementation_cmake/cmake)
[0.409s] -- Found rmw_fastrtps_cpp: 6.2.8 (/opt/ros/humble/share/rmw_fastrtps_cpp/cmake)
[0.560s] -- Using RMW implementation 'rmw_fastrtps_cpp' as default
[0.625s] -- Found nav_msgs: 4.9.0 (/opt/ros/humble/share/nav_msgs/cmake)
[0.677s] -- Found tf2_ros: 0.25.16 (/opt/ros/humble/share/tf2_ros/cmake)
[0.818s] -- Found pcl_conversions: 2.4.5 (/opt/ros/humble/share/pcl_conversions/cmake)
[0.897s] [33mCMake Warning (dev) at /usr/lib/x86_64-linux-gnu/cmake/pcl/PCLConfig.cmake:146 (find_package):
[0.897s]   Policy CMP0144 is not set: find_package uses upper-case <PACKAGENAME>_ROOT
[0.897s]   variables.  Run "cmake --help-policy CMP0144" for policy details.  Use the
[0.897s]   cmake_policy command to set the policy and suppress this warning.
[0.897s] 
[0.897s]   CMake variable EIGEN_ROOT is set to:
[0.897s] 
[0.897s]     /usr/include/eigen3
[0.897s] 
[0.897s]   For compatibility, find_package is ignoring the variable, but code in a
[0.898s]   .cmake module might still use it.
[0.898s] Call Stack (most recent call first):
[0.898s]   /usr/lib/x86_64-linux-gnu/cmake/pcl/PCLConfig.cmake:299 (find_eigen)
[0.898s]   /usr/lib/x86_64-linux-gnu/cmake/pcl/PCLConfig.cmake:543 (find_external_library)
[0.898s]   /opt/ros/humble/share/pcl_conversions/cmake/ament_cmake_export_dependencies-extras.cmake:21 (find_package)
[0.898s]   /opt/ros/humble/share/pcl_conversions/cmake/pcl_conversionsConfig.cmake:41 (include)
[0.898s]   CMakeLists.txt:21 (find_package)
[0.898s] This warning is for project developers.  Use -Wno-dev to suppress it.
[0.898s] [0m
[0.903s] -- Eigen found (include: /usr/include/eigen3, version: 3.4.0)
[0.904s] [33mCMake Warning (dev) at /usr/lib/x86_64-linux-gnu/cmake/pcl/PCLConfig.cmake:128 (find_package):
[0.904s]   Policy CMP0167 is not set: The FindBoost module is removed.  Run "cmake
[0.904s]   --help-policy CMP0167" for policy details.  Use the cmake_policy command to
[0.904s]   set the policy and suppress this warning.
[0.904s] 
[0.904s] Call Stack (most recent call first):
[0.904s]   /usr/lib/x86_64-linux-gnu/cmake/pcl/PCLConfig.cmake:297 (find_boost)
[0.904s]   /usr/lib/x86_64-linux-gnu/cmake/pcl/PCLConfig.cmake:543 (find_external_library)
[0.904s]   /opt/ros/humble/share/pcl_conversions/cmake/ament_cmake_export_dependencies-extras.cmake:21 (find_package)
[0.904s]   /opt/ros/humble/share/pcl_conversions/cmake/pcl_conversionsConfig.cmake:41 (include)
[0.904s]   CMakeLists.txt:21 (find_package)
[0.904s] This warning is for project developers.  Use -Wno-dev to suppress it.
[0.904s] [0m
[0.918s] [33mCMake Warning (dev) at /usr/lib/x86_64-linux-gnu/cmake/pcl/Modules/FindFLANN.cmake:44 (find_package):
[0.918s]   Policy CMP0144 is not set: find_package uses upper-case <PACKAGENAME>_ROOT
[0.918s]   variables.  Run "cmake --help-policy CMP0144" for policy details.  Use the
[0.918s]   cmake_policy command to set the policy and suppress this warning.
[0.918s] 
[0.918s]   CMake variable FLANN_ROOT is set to:
[0.918s] 
[0.918s]     /usr
[0.918s] 
[0.918s]   For compatibility, find_package is ignoring the variable, but code in a
[0.918s]   .cmake module might still use it.
[0.918s] Call Stack (most recent call first):
[0.918s]   /usr/lib/x86_64-linux-gnu/cmake/pcl/PCLConfig.cmake:256 (find_package)
[0.918s]   /usr/lib/x86_64-linux-gnu/cmake/pcl/PCLConfig.cmake:301 (find_flann)
[0.918s]   /usr/lib/x86_64-linux-gnu/cmake/pcl/PCLConfig.cmake:543 (find_external_library)
[0.919s]   /opt/ros/humble/share/pcl_conversions/cmake/ament_cmake_export_dependencies-extras.cmake:21 (find_package)
[0.919s]   /opt/ros/humble/share/pcl_conversions/cmake/pcl_conversionsConfig.cmake:41 (include)
[0.919s]   CMakeLists.txt:21 (find_package)
[0.919s] This warning is for project developers.  Use -Wno-dev to suppress it.
[0.919s] [0m
[0.957s] -- FLANN found (include: /usr/include, lib: /usr/lib/x86_64-linux-gnu/libflann_cpp.so)
[1.618s] -- OpenNI found (version: 1.5.4.0, include: /usr/include/ni, lib: /usr/lib/libOpenNI.so;libusb::libusb)
[1.625s] -- OpenNI2 found (version: 2.2.0.33, include: /usr/include/openni2, lib: /usr/lib/x86_64-linux-gnu/libOpenNI2.so;libusb::libusb)
[2.050s] [33mCMake Warning (dev) at /usr/lib/x86_64-linux-gnu/cmake/pcl/PCLConfig.cmake:128 (find_package):
[2.050s]   Policy CMP0167 is not set: The FindBoost module is removed.  Run "cmake
[2.051s]   --help-policy CMP0167" for policy details.  Use the cmake_policy command to
[2.051s]   set the policy and suppress this warning.
[2.051s] 
[2.051s] Call Stack (most recent call first):
[2.051s]   /usr/lib/x86_64-linux-gnu/cmake/pcl/PCLConfig.cmake:297 (find_boost)
[2.051s]   /usr/lib/x86_64-linux-gnu/cmake/pcl/PCLConfig.cmake:543 (find_external_library)
[2.051s]   /opt/ros/humble/share/pcl_conversions/cmake/ament_cmake_export_dependencies-extras.cmake:21 (find_package)
[2.051s]   /opt/ros/humble/share/pcl_conversions/cmake/pcl_conversionsConfig.cmake:41 (include)
[2.051s]   CMakeLists.txt:21 (find_package)
[2.051s] This warning is for project developers.  Use -Wno-dev to suppress it.
[2.051s] [0m
[2.064s] -- Eigen found (include: /usr/include/eigen3, version: 3.4.0)
[2.071s] -- OpenNI found (version: 1.5.4.0, include: /usr/include/ni, lib: /usr/lib/libOpenNI.so;libusb::libusb)
[2.078s] -- OpenNI2 found (version: 2.2.0.33, include: /usr/include/openni2, lib: /usr/lib/x86_64-linux-gnu/libOpenNI2.so;libusb::libusb)
[2.503s] -- Found Qhull version 8.0.2
[2.799s] -- OpenNI found (version: 1.5.4.0, include: /usr/include/ni, lib: /usr/lib/libOpenNI.so;libusb::libusb)
[3.057s] -- Found visualization_msgs: 4.9.0 (/opt/ros/humble/share/visualization_msgs/cmake)
[3.090s] -- GTSAM include directory:  /usr/local/lib/cmake/GTSAM/../../../include
[3.090s] [33mCMake Warning (dev) at CMakeLists.txt:31 (find_package):
[3.091s]   Policy CMP0074 is not set: find_package uses <PackageName>_ROOT variables.
[3.091s]   Run "cmake --help-policy CMP0074" for policy details.  Use the cmake_policy
[3.091s]   command to set the policy and suppress this warning.
[3.091s] 
[3.091s]   CMake variable PCL_ROOT is set to:
[3.091s] 
[3.091s]     /usr
[3.091s] 
[3.091s]   For compatibility, CMake is ignoring the variable.
[3.091s] This warning is for project developers.  Use -Wno-dev to suppress it.
[3.091s] [0m
[3.096s] -- Found interface: 0.0.0 (/home/ubuntu-nuc/rc2_ws/install/interface/share/interface/cmake)
[3.121s] -- Found ament_lint_auto: 0.12.14 (/opt/ros/humble/share/ament_lint_auto/cmake)
[3.203s] -- Added test 'cppcheck' to perform static code analysis on C / C++ code
[3.203s] -- Configured cppcheck include dirs: 
[3.203s] -- Configured cppcheck exclude dirs and/or files: 
[3.204s] -- Added test 'flake8' to check Python code syntax and style conventions
[3.204s] -- Added test 'lint_cmake' to check CMake code style
[3.204s] -- Added test 'pep257' to check Python code against some of the docstring style conventions in PEP 257
[3.205s] -- Added test 'uncrustify' to check C / C++ code style
[3.205s] -- Configured uncrustify additional arguments: 
[3.205s] -- Added test 'xmllint' to check XML markup files
[3.206s] -- Configuring done (3.2s)
[3.240s] -- Generating done (0.0s)
[3.244s] -- Build files have been written to: /home/ubuntu-nuc/rc2_ws/build/pgo
[3.259s] Invoked command in '/home/ubuntu-nuc/rc2_ws/build/pgo' returned '0': CMAKE_PREFIX_PATH=/home/ubuntu-nuc/rc2_ws/install/interface:/home/ubuntu-nuc/rc2_ws/install/pgo:/home/ubuntu-nuc/rc2_ws/install/meiling_detect_debug:/home/ubuntu-nuc/rc2_ws/install/meiling_detect:/opt/ros/humble:/home/ubuntu-nuc/rc2_ws/install/meiling_control:/home/ubuntu-nuc/rc2_ws/install/localizer:/home/ubuntu-nuc/rc2_ws/install/fastlio2:/home/ubuntu-nuc/rc2_ws/install/livox_ros_driver2:/home/ubuntu-nuc/rc2_ws/install/hba:/home/ubuntu-nuc/rc2_ws/install/auto_aim_interfaces:/home/ubuntu-nuc/rc_ws/install/fast_lio:/home/ubuntu-nuc/rc_ws/install/livox_ros_driver2 LD_LIBRARY_PATH=/home/ubuntu-nuc/rc2_ws/install/interface/lib:/usr/lib/x86_64-linux-gnu:/home/ubuntu-nuc/rc2_ws/install/livox_sdk2/lib:/home/ubuntu-nuc/rc2_ws/install/livox_ros_driver2/lib:/home/ubuntu-nuc/rc2_ws/install/auto_aim_interfaces/lib:/home/ubuntu-nuc/rc_ws/install/fast_lio/lib:/home/ubuntu-nuc/rc_ws/install/livox_ros_driver2/lib:/usr/lib/x86_64-linux-gnu/gazebo-11/plugins:/opt/ros/humble/opt/rviz_ogre_vendor/lib:/opt/ros/humble/lib/x86_64-linux-gnu:/opt/ros/humble/opt/openvdb_vendor/lib:/opt/ros/humble/lib:/opt/MVS/lib/64:/opt/MVS/lib/32:/opt/MVS/lib/64:/opt/MVS/lib/32:/opt/MVS/lib/64:/opt/MVS/lib/32 /usr/local/bin/cmake /home/ubuntu-nuc/rc2_ws/src/FASTLIO2_ROS2/pgo -DCMAKE_INSTALL_PREFIX=/home/ubuntu-nuc/rc2_ws/install/pgo
[3.260s] Invoking command in '/home/ubuntu-nuc/rc2_ws/build/pgo': CMAKE_PREFIX_PATH=/home/ubuntu-nuc/rc2_ws/install/interface:/home/ubuntu-nuc/rc2_ws/install/pgo:/home/ubuntu-nuc/rc2_ws/install/meiling_detect_debug:/home/ubuntu-nuc/rc2_ws/install/meiling_detect:/opt/ros/humble:/home/ubuntu-nuc/rc2_ws/install/meiling_control:/home/ubuntu-nuc/rc2_ws/install/localizer:/home/ubuntu-nuc/rc2_ws/install/fastlio2:/home/ubuntu-nuc/rc2_ws/install/livox_ros_driver2:/home/ubuntu-nuc/rc2_ws/install/hba:/home/ubuntu-nuc/rc2_ws/install/auto_aim_interfaces:/home/ubuntu-nuc/rc_ws/install/fast_lio:/home/ubuntu-nuc/rc_ws/install/livox_ros_driver2 LD_LIBRARY_PATH=/home/ubuntu-nuc/rc2_ws/install/interface/lib:/usr/lib/x86_64-linux-gnu:/home/ubuntu-nuc/rc2_ws/install/livox_sdk2/lib:/home/ubuntu-nuc/rc2_ws/install/livox_ros_driver2/lib:/home/ubuntu-nuc/rc2_ws/install/auto_aim_interfaces/lib:/home/ubuntu-nuc/rc_ws/install/fast_lio/lib:/home/ubuntu-nuc/rc_ws/install/livox_ros_driver2/lib:/usr/lib/x86_64-linux-gnu/gazebo-11/plugins:/opt/ros/humble/opt/rviz_ogre_vendor/lib:/opt/ros/humble/lib/x86_64-linux-gnu:/opt/ros/humble/opt/openvdb_vendor/lib:/opt/ros/humble/lib:/opt/MVS/lib/64:/opt/MVS/lib/32:/opt/MVS/lib/64:/opt/MVS/lib/32:/opt/MVS/lib/64:/opt/MVS/lib/32 /usr/local/bin/cmake --build /home/ubuntu-nuc/rc2_ws/build/pgo -- -j8 -l8
[3.304s] [100%] Built target pgo_node
[3.311s] Invoked command in '/home/ubuntu-nuc/rc2_ws/build/pgo' returned '0': CMAKE_PREFIX_PATH=/home/ubuntu-nuc/rc2_ws/install/interface:/home/ubuntu-nuc/rc2_ws/install/pgo:/home/ubuntu-nuc/rc2_ws/install/meiling_detect_debug:/home/ubuntu-nuc/rc2_ws/install/meiling_detect:/opt/ros/humble:/home/ubuntu-nuc/rc2_ws/install/meiling_control:/home/ubuntu-nuc/rc2_ws/install/localizer:/home/ubuntu-nuc/rc2_ws/install/fastlio2:/home/ubuntu-nuc/rc2_ws/install/livox_ros_driver2:/home/ubuntu-nuc/rc2_ws/install/hba:/home/ubuntu-nuc/rc2_ws/install/auto_aim_interfaces:/home/ubuntu-nuc/rc_ws/install/fast_lio:/home/ubuntu-nuc/rc_ws/install/livox_ros_driver2 LD_LIBRARY_PATH=/home/ubuntu-nuc/rc2_ws/install/interface/lib:/usr/lib/x86_64-linux-gnu:/home/ubuntu-nuc/rc2_ws/install/livox_sdk2/lib:/home/ubuntu-nuc/rc2_ws/install/livox_ros_driver2/lib:/home/ubuntu-nuc/rc2_ws/install/auto_aim_interfaces/lib:/home/ubuntu-nuc/rc_ws/install/fast_lio/lib:/home/ubuntu-nuc/rc_ws/install/livox_ros_driver2/lib:/usr/lib/x86_64-linux-gnu/gazebo-11/plugins:/opt/ros/humble/opt/rviz_ogre_vendor/lib:/opt/ros/humble/lib/x86_64-linux-gnu:/opt/ros/humble/opt/openvdb_vendor/lib:/opt/ros/humble/lib:/opt/MVS/lib/64:/opt/MVS/lib/32:/opt/MVS/lib/64:/opt/MVS/lib/32:/opt/MVS/lib/64:/opt/MVS/lib/32 /usr/local/bin/cmake --build /home/ubuntu-nuc/rc2_ws/build/pgo -- -j8 -l8
[3.313s] Invoking command in '/home/ubuntu-nuc/rc2_ws/build/pgo': CMAKE_PREFIX_PATH=/home/ubuntu-nuc/rc2_ws/install/interface:/home/ubuntu-nuc/rc2_ws/install/pgo:/home/ubuntu-nuc/rc2_ws/install/meiling_detect_debug:/home/ubuntu-nuc/rc2_ws/install/meiling_detect:/opt/ros/humble:/home/ubuntu-nuc/rc2_ws/install/meiling_control:/home/ubuntu-nuc/rc2_ws/install/localizer:/home/ubuntu-nuc/rc2_ws/install/fastlio2:/home/ubuntu-nuc/rc2_ws/install/livox_ros_driver2:/home/ubuntu-nuc/rc2_ws/install/hba:/home/ubuntu-nuc/rc2_ws/install/auto_aim_interfaces:/home/ubuntu-nuc/rc_ws/install/fast_lio:/home/ubuntu-nuc/rc_ws/install/livox_ros_driver2 LD_LIBRARY_PATH=/home/ubuntu-nuc/rc2_ws/install/interface/lib:/usr/lib/x86_64-linux-gnu:/home/ubuntu-nuc/rc2_ws/install/livox_sdk2/lib:/home/ubuntu-nuc/rc2_ws/install/livox_ros_driver2/lib:/home/ubuntu-nuc/rc2_ws/install/auto_aim_interfaces/lib:/home/ubuntu-nuc/rc_ws/install/fast_lio/lib:/home/ubuntu-nuc/rc_ws/install/livox_ros_driver2/lib:/usr/lib/x86_64-linux-gnu/gazebo-11/plugins:/opt/ros/humble/opt/rviz_ogre_vendor/lib:/opt/ros/humble/lib/x86_64-linux-gnu:/opt/ros/humble/opt/openvdb_vendor/lib:/opt/ros/humble/lib:/opt/MVS/lib/64:/opt/MVS/lib/32:/opt/MVS/lib/64:/opt/MVS/lib/32:/opt/MVS/lib/64:/opt/MVS/lib/32 /usr/local/bin/cmake --install /home/ubuntu-nuc/rc2_ws/build/pgo
[3.316s] -- Install configuration: "Release"
[3.316s] -- Up-to-date: /home/ubuntu-nuc/rc2_ws/install/pgo/lib/pgo/pgo_node
[3.317s] -- Up-to-date: /home/ubuntu-nuc/rc2_ws/install/pgo/share/pgo/launch
[3.317s] -- Up-to-date: /home/ubuntu-nuc/rc2_ws/install/pgo/share/pgo/launch/pgo_launch.py
[3.317s] -- Up-to-date: /home/ubuntu-nuc/rc2_ws/install/pgo/share/pgo/config
[3.317s] -- Up-to-date: /home/ubuntu-nuc/rc2_ws/install/pgo/share/pgo/config/pgo.yaml
[3.317s] -- Up-to-date: /home/ubuntu-nuc/rc2_ws/install/pgo/share/pgo/rviz
[3.317s] -- Up-to-date: /home/ubuntu-nuc/rc2_ws/install/pgo/share/pgo/rviz/pgo.rviz
[3.317s] -- Up-to-date: /home/ubuntu-nuc/rc2_ws/install/pgo/share/ament_index/resource_index/package_run_dependencies/pgo
[3.317s] -- Up-to-date: /home/ubuntu-nuc/rc2_ws/install/pgo/share/ament_index/resource_index/parent_prefix_path/pgo
[3.318s] -- Up-to-date: /home/ubuntu-nuc/rc2_ws/install/pgo/share/pgo/environment/ament_prefix_path.sh
[3.318s] -- Installing: /home/ubuntu-nuc/rc2_ws/install/pgo/share/pgo/environment/ament_prefix_path.dsv
[3.318s] -- Up-to-date: /home/ubuntu-nuc/rc2_ws/install/pgo/share/pgo/environment/path.sh
[3.318s] -- Installing: /home/ubuntu-nuc/rc2_ws/install/pgo/share/pgo/environment/path.dsv
[3.318s] -- Up-to-date: /home/ubuntu-nuc/rc2_ws/install/pgo/share/pgo/local_setup.bash
[3.318s] -- Up-to-date: /home/ubuntu-nuc/rc2_ws/install/pgo/share/pgo/local_setup.sh
[3.318s] -- Up-to-date: /home/ubuntu-nuc/rc2_ws/install/pgo/share/pgo/local_setup.zsh
[3.318s] -- Installing: /home/ubuntu-nuc/rc2_ws/install/pgo/share/pgo/local_setup.dsv
[3.318s] -- Installing: /home/ubuntu-nuc/rc2_ws/install/pgo/share/pgo/package.dsv
[3.318s] -- Up-to-date: /home/ubuntu-nuc/rc2_ws/install/pgo/share/ament_index/resource_index/packages/pgo
[3.318s] -- Up-to-date: /home/ubuntu-nuc/rc2_ws/install/pgo/share/pgo/cmake/pgoConfig.cmake
[3.319s] -- Up-to-date: /home/ubuntu-nuc/rc2_ws/install/pgo/share/pgo/cmake/pgoConfig-version.cmake
[3.319s] -- Up-to-date: /home/ubuntu-nuc/rc2_ws/install/pgo/share/pgo/package.xml
[3.319s] Invoked command in '/home/ubuntu-nuc/rc2_ws/build/pgo' returned '0': CMAKE_PREFIX_PATH=/home/ubuntu-nuc/rc2_ws/install/interface:/home/ubuntu-nuc/rc2_ws/install/pgo:/home/ubuntu-nuc/rc2_ws/install/meiling_detect_debug:/home/ubuntu-nuc/rc2_ws/install/meiling_detect:/opt/ros/humble:/home/ubuntu-nuc/rc2_ws/install/meiling_control:/home/ubuntu-nuc/rc2_ws/install/localizer:/home/ubuntu-nuc/rc2_ws/install/fastlio2:/home/ubuntu-nuc/rc2_ws/install/livox_ros_driver2:/home/ubuntu-nuc/rc2_ws/install/hba:/home/ubuntu-nuc/rc2_ws/install/auto_aim_interfaces:/home/ubuntu-nuc/rc_ws/install/fast_lio:/home/ubuntu-nuc/rc_ws/install/livox_ros_driver2 LD_LIBRARY_PATH=/home/ubuntu-nuc/rc2_ws/install/interface/lib:/usr/lib/x86_64-linux-gnu:/home/ubuntu-nuc/rc2_ws/install/livox_sdk2/lib:/home/ubuntu-nuc/rc2_ws/install/livox_ros_driver2/lib:/home/ubuntu-nuc/rc2_ws/install/auto_aim_interfaces/lib:/home/ubuntu-nuc/rc_ws/install/fast_lio/lib:/home/ubuntu-nuc/rc_ws/install/livox_ros_driver2/lib:/usr/lib/x86_64-linux-gnu/gazebo-11/plugins:/opt/ros/humble/opt/rviz_ogre_vendor/lib:/opt/ros/humble/lib/x86_64-linux-gnu:/opt/ros/humble/opt/openvdb_vendor/lib:/opt/ros/humble/lib:/opt/MVS/lib/64:/opt/MVS/lib/32:/opt/MVS/lib/64:/opt/MVS/lib/32:/opt/MVS/lib/64:/opt/MVS/lib/32 /usr/local/bin/cmake --install /home/ubuntu-nuc/rc2_ws/build/pgo
