[1.825s] Invoking command in '/home/ubuntu-nuc/rc2_ws/src/meiling_detect_debug': CMAKE_PREFIX_PATH=/home/ubuntu-nuc/rc2_ws/install/auto_aim_interfaces:/home/ubuntu-nuc/rc2_ws/install/pgo:/home/ubuntu-nuc/rc2_ws/install/meiling_control:/home/ubuntu-nuc/rc2_ws/install/localizer:/home/ubuntu-nuc/rc2_ws/install/fastlio2:/home/ubuntu-nuc/rc2_ws/install/livox_ros_driver2:/home/ubuntu-nuc/rc2_ws/install/hba:/home/ubuntu-nuc/rc2_ws/install/interface:/home/ubuntu-nuc/rc_ws/install/fast_lio:/home/ubuntu-nuc/rc_ws/install/livox_ros_driver2 LD_LIBRARY_PATH=/home/ubuntu-nuc/rc2_ws/install/auto_aim_interfaces/lib:/usr/lib/x86_64-linux-gnu:/home/ubuntu-nuc/rc2_ws/install/livox_sdk2/lib:/home/ubuntu-nuc/rc2_ws/install/livox_ros_driver2/lib:/home/ubuntu-nuc/rc2_ws/install/interface/lib:/home/ubuntu-nuc/rc_ws/install/fast_lio/lib:/home/ubuntu-nuc/rc_ws/install/livox_ros_driver2/lib:/usr/lib/x86_64-linux-gnu/gazebo-11/plugins:/opt/ros/humble/opt/rviz_ogre_vendor/lib:/opt/ros/humble/lib/x86_64-linux-gnu:/opt/ros/humble/opt/openvdb_vendor/lib:/opt/ros/humble/lib:/opt/MVS/lib/64:/opt/MVS/lib/32:/opt/MVS/lib/64:/opt/MVS/lib/32:/opt/MVS/lib/64:/opt/MVS/lib/32 PKG_CONFIG_PATH=/home/ubuntu-nuc/rc2_ws/install/auto_aim_interfaces/lib/x86_64-linux-gnu/pkgconfig:/home/ubuntu-nuc/rc2_ws/install/auto_aim_interfaces/lib/pkgconfig:/home/ubuntu-nuc/rc2_ws/install/meiling_control/lib/x86_64-linux-gnu/pkgconfig:/home/ubuntu-nuc/rc2_ws/install/meiling_control/lib/pkgconfig PYTHONPATH=/home/ubuntu-nuc/rc2_ws/build/meiling_detect_debug/prefix_override:/usr/lib/python3/dist-packages/colcon_core/task/python/colcon_distutils_commands:/home/ubuntu-nuc/rc2_ws/install/meiling_detect_debug/lib/python3.10/site-packages:/home/ubuntu-nuc/rc2_ws/install/auto_aim_interfaces/local/lib/python3.10/dist-packages:/home/ubuntu-nuc/rc2_ws/install/meiling_detect_debug/lib/python3.10/site-packages:/home/ubuntu-nuc/rc2_ws/install/meiling_detect/lib/python3.10/site-packages:/home/ubuntu-nuc/rc2_ws/install/livox_ros_driver2/local/lib/python3.10/dist-packages:/home/ubuntu-nuc/rc2_ws/install/interface/local/lib/python3.10/dist-packages:/home/ubuntu-nuc/rc_ws/install/fast_lio/local/lib/python3.10/dist-packages:/home/ubuntu-nuc/rc_ws/install/livox_ros_driver2/local/lib/python3.10/dist-packages:/opt/ros/humble/lib/python3.10/site-packages:/opt/ros/humble/local/lib/python3.10/dist-packages ROS_PACKAGE_PATH=/home/ubuntu-nuc/rc2_ws/install/auto_aim_interfaces/share:/home/ubuntu-nuc/rc2_ws/install/meiling_control/share /usr/bin/python3 -W ignore:setup.py install is deprecated -W ignore:easy_install command is deprecated setup.py egg_info --egg-base ../../build/meiling_detect_debug build --build-base /home/ubuntu-nuc/rc2_ws/build/meiling_detect_debug/build install --record /home/ubuntu-nuc/rc2_ws/build/meiling_detect_debug/install.log --install-scripts $base/lib/meiling_detect_debug --single-version-externally-managed install_data
[2.436s] /usr/lib/python3/dist-packages/setuptools/dist.py:723: UserWarning: Usage of dash-separated 'script-dir' will not be supported in future versions. Please use the underscore name 'script_dir' instead
[2.437s]   warnings.warn(
[2.477s] running egg_info
[2.477s] creating ../../build/meiling_detect_debug/meiling_detect_debug.egg-info
[2.478s] writing ../../build/meiling_detect_debug/meiling_detect_debug.egg-info/PKG-INFO
[2.478s] writing dependency_links to ../../build/meiling_detect_debug/meiling_detect_debug.egg-info/dependency_links.txt
[2.478s] writing entry points to ../../build/meiling_detect_debug/meiling_detect_debug.egg-info/entry_points.txt
[2.478s] writing requirements to ../../build/meiling_detect_debug/meiling_detect_debug.egg-info/requires.txt
[2.478s] writing top-level names to ../../build/meiling_detect_debug/meiling_detect_debug.egg-info/top_level.txt
[2.479s] writing manifest file '../../build/meiling_detect_debug/meiling_detect_debug.egg-info/SOURCES.txt'
[2.488s] reading manifest file '../../build/meiling_detect_debug/meiling_detect_debug.egg-info/SOURCES.txt'
[2.492s] writing manifest file '../../build/meiling_detect_debug/meiling_detect_debug.egg-info/SOURCES.txt'
[2.492s] running build
[2.492s] running build_py
[2.492s] creating /home/ubuntu-nuc/rc2_ws/build/meiling_detect_debug/build
[2.492s] creating /home/ubuntu-nuc/rc2_ws/build/meiling_detect_debug/build/lib
[2.492s] creating /home/ubuntu-nuc/rc2_ws/build/meiling_detect_debug/build/lib/meiling_detect_debug
[2.492s] copying meiling_detect_debug/__init__.py -> /home/ubuntu-nuc/rc2_ws/build/meiling_detect_debug/build/lib/meiling_detect_debug
[2.499s] copying meiling_detect_debug/detect_debug_panel.py -> /home/ubuntu-nuc/rc2_ws/build/meiling_detect_debug/build/lib/meiling_detect_debug
[2.501s] copying meiling_detect_debug/detect_node.py -> /home/ubuntu-nuc/rc2_ws/build/meiling_detect_debug/build/lib/meiling_detect_debug
[2.505s] creating /home/ubuntu-nuc/rc2_ws/build/meiling_detect_debug/build/lib/meiling_detect_debug/shibie_processor
[2.505s] copying meiling_detect_debug/shibie_processor/publisher.py -> /home/ubuntu-nuc/rc2_ws/build/meiling_detect_debug/build/lib/meiling_detect_debug/shibie_processor
[2.505s] copying meiling_detect_debug/shibie_processor/__init__.py -> /home/ubuntu-nuc/rc2_ws/build/meiling_detect_debug/build/lib/meiling_detect_debug/shibie_processor
[2.507s] copying meiling_detect_debug/shibie_processor/processor.py -> /home/ubuntu-nuc/rc2_ws/build/meiling_detect_debug/build/lib/meiling_detect_debug/shibie_processor
[2.507s] running install
[2.507s] running install_lib
[2.508s] creating /home/ubuntu-nuc/rc2_ws/install/meiling_detect_debug/lib/python3.10/site-packages/meiling_detect_debug
[2.509s] creating /home/ubuntu-nuc/rc2_ws/install/meiling_detect_debug/lib/python3.10/site-packages/meiling_detect_debug/shibie_processor
[2.509s] copying /home/ubuntu-nuc/rc2_ws/build/meiling_detect_debug/build/lib/meiling_detect_debug/shibie_processor/publisher.py -> /home/ubuntu-nuc/rc2_ws/install/meiling_detect_debug/lib/python3.10/site-packages/meiling_detect_debug/shibie_processor
[2.509s] copying /home/ubuntu-nuc/rc2_ws/build/meiling_detect_debug/build/lib/meiling_detect_debug/shibie_processor/__init__.py -> /home/ubuntu-nuc/rc2_ws/install/meiling_detect_debug/lib/python3.10/site-packages/meiling_detect_debug/shibie_processor
[2.509s] copying /home/ubuntu-nuc/rc2_ws/build/meiling_detect_debug/build/lib/meiling_detect_debug/shibie_processor/processor.py -> /home/ubuntu-nuc/rc2_ws/install/meiling_detect_debug/lib/python3.10/site-packages/meiling_detect_debug/shibie_processor
[2.509s] copying /home/ubuntu-nuc/rc2_ws/build/meiling_detect_debug/build/lib/meiling_detect_debug/__init__.py -> /home/ubuntu-nuc/rc2_ws/install/meiling_detect_debug/lib/python3.10/site-packages/meiling_detect_debug
[2.509s] copying /home/ubuntu-nuc/rc2_ws/build/meiling_detect_debug/build/lib/meiling_detect_debug/detect_debug_panel.py -> /home/ubuntu-nuc/rc2_ws/install/meiling_detect_debug/lib/python3.10/site-packages/meiling_detect_debug
[2.509s] copying /home/ubuntu-nuc/rc2_ws/build/meiling_detect_debug/build/lib/meiling_detect_debug/detect_node.py -> /home/ubuntu-nuc/rc2_ws/install/meiling_detect_debug/lib/python3.10/site-packages/meiling_detect_debug
[2.509s] byte-compiling /home/ubuntu-nuc/rc2_ws/install/meiling_detect_debug/lib/python3.10/site-packages/meiling_detect_debug/shibie_processor/publisher.py to publisher.cpython-310.pyc
[2.517s] byte-compiling /home/ubuntu-nuc/rc2_ws/install/meiling_detect_debug/lib/python3.10/site-packages/meiling_detect_debug/shibie_processor/__init__.py to __init__.cpython-310.pyc
[2.518s] byte-compiling /home/ubuntu-nuc/rc2_ws/install/meiling_detect_debug/lib/python3.10/site-packages/meiling_detect_debug/shibie_processor/processor.py to processor.cpython-310.pyc
[2.520s] byte-compiling /home/ubuntu-nuc/rc2_ws/install/meiling_detect_debug/lib/python3.10/site-packages/meiling_detect_debug/__init__.py to __init__.cpython-310.pyc
[2.524s] byte-compiling /home/ubuntu-nuc/rc2_ws/install/meiling_detect_debug/lib/python3.10/site-packages/meiling_detect_debug/detect_debug_panel.py to detect_debug_panel.cpython-310.pyc
[2.526s] byte-compiling /home/ubuntu-nuc/rc2_ws/install/meiling_detect_debug/lib/python3.10/site-packages/meiling_detect_debug/detect_node.py to detect_node.cpython-310.pyc
[2.536s] running install_data
[2.536s] creating /home/ubuntu-nuc/rc2_ws/install/meiling_detect_debug/share/ament_index
[2.536s] creating /home/ubuntu-nuc/rc2_ws/install/meiling_detect_debug/share/ament_index/resource_index
[2.536s] creating /home/ubuntu-nuc/rc2_ws/install/meiling_detect_debug/share/ament_index/resource_index/packages
[2.536s] copying resource/meiling_detect_debug -> /home/ubuntu-nuc/rc2_ws/install/meiling_detect_debug/share/ament_index/resource_index/packages
[2.544s] copying package.xml -> /home/ubuntu-nuc/rc2_ws/install/meiling_detect_debug/share/meiling_detect_debug
[2.544s] creating /home/ubuntu-nuc/rc2_ws/install/meiling_detect_debug/share/meiling_detect_debug/launch
[2.544s] copying launch/detect_launch.py -> /home/ubuntu-nuc/rc2_ws/install/meiling_detect_debug/share/meiling_detect_debug/launch
[2.547s] creating /home/ubuntu-nuc/rc2_ws/install/meiling_detect_debug/share/meiling_detect_debug/resource
[2.547s] copying resource/v4.pt -> /home/ubuntu-nuc/rc2_ws/install/meiling_detect_debug/share/meiling_detect_debug/resource
[2.604s] running install_egg_info
[2.609s] Copying ../../build/meiling_detect_debug/meiling_detect_debug.egg-info to /home/ubuntu-nuc/rc2_ws/install/meiling_detect_debug/lib/python3.10/site-packages/meiling_detect_debug-0.0.1-py3.10.egg-info
[2.615s] running install_scripts
[2.673s] Installing detect_debug_node script to /home/ubuntu-nuc/rc2_ws/install/meiling_detect_debug/lib/meiling_detect_debug
[2.678s] Installing detect_debug_panel script to /home/ubuntu-nuc/rc2_ws/install/meiling_detect_debug/lib/meiling_detect_debug
[2.679s] Installing shibie_debug_node script to /home/ubuntu-nuc/rc2_ws/install/meiling_detect_debug/lib/meiling_detect_debug
[2.679s] writing list of installed files to '/home/ubuntu-nuc/rc2_ws/build/meiling_detect_debug/install.log'
[2.748s] Invoked command in '/home/ubuntu-nuc/rc2_ws/src/meiling_detect_debug' returned '0': CMAKE_PREFIX_PATH=/home/ubuntu-nuc/rc2_ws/install/auto_aim_interfaces:/home/ubuntu-nuc/rc2_ws/install/pgo:/home/ubuntu-nuc/rc2_ws/install/meiling_control:/home/ubuntu-nuc/rc2_ws/install/localizer:/home/ubuntu-nuc/rc2_ws/install/fastlio2:/home/ubuntu-nuc/rc2_ws/install/livox_ros_driver2:/home/ubuntu-nuc/rc2_ws/install/hba:/home/ubuntu-nuc/rc2_ws/install/interface:/home/ubuntu-nuc/rc_ws/install/fast_lio:/home/ubuntu-nuc/rc_ws/install/livox_ros_driver2 LD_LIBRARY_PATH=/home/ubuntu-nuc/rc2_ws/install/auto_aim_interfaces/lib:/usr/lib/x86_64-linux-gnu:/home/ubuntu-nuc/rc2_ws/install/livox_sdk2/lib:/home/ubuntu-nuc/rc2_ws/install/livox_ros_driver2/lib:/home/ubuntu-nuc/rc2_ws/install/interface/lib:/home/ubuntu-nuc/rc_ws/install/fast_lio/lib:/home/ubuntu-nuc/rc_ws/install/livox_ros_driver2/lib:/usr/lib/x86_64-linux-gnu/gazebo-11/plugins:/opt/ros/humble/opt/rviz_ogre_vendor/lib:/opt/ros/humble/lib/x86_64-linux-gnu:/opt/ros/humble/opt/openvdb_vendor/lib:/opt/ros/humble/lib:/opt/MVS/lib/64:/opt/MVS/lib/32:/opt/MVS/lib/64:/opt/MVS/lib/32:/opt/MVS/lib/64:/opt/MVS/lib/32 PKG_CONFIG_PATH=/home/ubuntu-nuc/rc2_ws/install/auto_aim_interfaces/lib/x86_64-linux-gnu/pkgconfig:/home/ubuntu-nuc/rc2_ws/install/auto_aim_interfaces/lib/pkgconfig:/home/ubuntu-nuc/rc2_ws/install/meiling_control/lib/x86_64-linux-gnu/pkgconfig:/home/ubuntu-nuc/rc2_ws/install/meiling_control/lib/pkgconfig PYTHONPATH=/home/ubuntu-nuc/rc2_ws/build/meiling_detect_debug/prefix_override:/usr/lib/python3/dist-packages/colcon_core/task/python/colcon_distutils_commands:/home/ubuntu-nuc/rc2_ws/install/meiling_detect_debug/lib/python3.10/site-packages:/home/ubuntu-nuc/rc2_ws/install/auto_aim_interfaces/local/lib/python3.10/dist-packages:/home/ubuntu-nuc/rc2_ws/install/meiling_detect_debug/lib/python3.10/site-packages:/home/ubuntu-nuc/rc2_ws/install/meiling_detect/lib/python3.10/site-packages:/home/ubuntu-nuc/rc2_ws/install/livox_ros_driver2/local/lib/python3.10/dist-packages:/home/ubuntu-nuc/rc2_ws/install/interface/local/lib/python3.10/dist-packages:/home/ubuntu-nuc/rc_ws/install/fast_lio/local/lib/python3.10/dist-packages:/home/ubuntu-nuc/rc_ws/install/livox_ros_driver2/local/lib/python3.10/dist-packages:/opt/ros/humble/lib/python3.10/site-packages:/opt/ros/humble/local/lib/python3.10/dist-packages ROS_PACKAGE_PATH=/home/ubuntu-nuc/rc2_ws/install/auto_aim_interfaces/share:/home/ubuntu-nuc/rc2_ws/install/meiling_control/share /usr/bin/python3 -W ignore:setup.py install is deprecated -W ignore:easy_install command is deprecated setup.py egg_info --egg-base ../../build/meiling_detect_debug build --build-base /home/ubuntu-nuc/rc2_ws/build/meiling_detect_debug/build install --record /home/ubuntu-nuc/rc2_ws/build/meiling_detect_debug/install.log --install-scripts $base/lib/meiling_detect_debug --single-version-externally-managed install_data
