[0.052s] Invoking command in '/home/ubuntu-nuc/rc2_ws/build/pgo': CMAKE_PREFIX_PATH=/home/ubuntu-nuc/rc2_ws/install/interface:/home/ubuntu-nuc/rc2_ws/install/pgo:/home/ubuntu-nuc/rc2_ws/install/meiling_control:/home/ubuntu-nuc/rc2_ws/install/localizer:/home/ubuntu-nuc/rc2_ws/install/fastlio2:/home/ubuntu-nuc/rc2_ws/install/livox_ros_driver2:/home/ubuntu-nuc/rc2_ws/install/hba:/home/ubuntu-nuc/rc2_ws/install/meiling_detect_debug:/home/ubuntu-nuc/rc2_ws/install/meiling_detect:/opt/ros/humble:/home/ubuntu-nuc/rc2_ws/install/auto_aim_interfaces:/home/ubuntu-nuc/rc_ws/install/fast_lio:/home/ubuntu-nuc/rc_ws/install/livox_ros_driver2 LD_LIBRARY_PATH=/home/ubuntu-nuc/rc2_ws/install/interface/lib:/usr/lib/x86_64-linux-gnu:/home/ubuntu-nuc/rc2_ws/install/livox_sdk2/lib:/home/ubuntu-nuc/rc2_ws/install/livox_ros_driver2/lib:/home/ubuntu-nuc/rc2_ws/install/auto_aim_interfaces/lib:/home/ubuntu-nuc/rc_ws/install/fast_lio/lib:/home/ubuntu-nuc/rc_ws/install/livox_ros_driver2/lib:/usr/lib/x86_64-linux-gnu/gazebo-11/plugins:/opt/ros/humble/opt/rviz_ogre_vendor/lib:/opt/ros/humble/lib/x86_64-linux-gnu:/opt/ros/humble/opt/openvdb_vendor/lib:/opt/ros/humble/lib:/opt/MVS/lib/64:/opt/MVS/lib/32:/opt/MVS/lib/64:/opt/MVS/lib/32:/opt/MVS/lib/64:/opt/MVS/lib/32 /usr/local/bin/cmake /home/ubuntu-nuc/rc2_ws/src/FASTLIO2_ROS2/pgo -DROS_EDITION=ROS2 -DDISTRO_ROS=humble -DCMAKE_INSTALL_PREFIX=/home/ubuntu-nuc/rc2_ws/install/pgo
[0.063s] [0mCMake Deprecation Warning at CMakeLists.txt:1 (cmake_minimum_required):
[0.063s]   Compatibility with CMake < 3.10 will be removed from a future version of
[0.063s]   CMake.
[0.063s] 
[0.063s]   Update the VERSION argument <min> value.  Or, use the <min>...<max> syntax
[0.063s]   to tell CMake that the project requires at least <min> but has been updated
[0.063s]   to work with policies introduced by <max> or earlier.
[0.063s] 
[0.063s] [0m
[0.213s] -- The C compiler identification is GNU 11.4.0
[0.398s] -- The CXX compiler identification is GNU 11.4.0
[0.423s] -- Detecting C compiler ABI info
[0.623s] -- Detecting C compiler ABI info - done
[0.683s] -- Check for working C compiler: /usr/bin/cc - skipped
[0.685s] -- Detecting C compile features
[0.685s] -- Detecting C compile features - done
[0.724s] -- Detecting CXX compiler ABI info
[0.952s] -- Detecting CXX compiler ABI info - done
[1.013s] -- Check for working CXX compiler: /usr/bin/c++ - skipped
[1.014s] -- Detecting CXX compile features
[1.019s] -- Detecting CXX compile features - done
[1.032s] -- Found ament_cmake: 1.3.12 (/opt/ros/humble/share/ament_cmake/cmake)
[1.356s] -- Found Python3: /usr/bin/python3 (found version "3.10.12") found components: Interpreter
[1.762s] -- Found std_msgs: 4.9.0 (/opt/ros/humble/share/std_msgs/cmake)
[1.939s] -- Found rosidl_generator_c: 3.1.7 (/opt/ros/humble/share/rosidl_generator_c/cmake)
[1.978s] -- Found rosidl_adapter: 3.1.7 (/opt/ros/humble/share/rosidl_adapter/cmake)
[2.033s] -- Found rosidl_generator_cpp: 3.1.8 (/opt/ros/humble/share/rosidl_generator_cpp/cmake)
[2.090s] -- Using all available rosidl_typesupport_c: rosidl_typesupport_fastrtps_c;rosidl_typesupport_introspection_c
[2.183s] -- Using all available rosidl_typesupport_cpp: rosidl_typesupport_fastrtps_cpp;rosidl_typesupport_introspection_cpp
[2.320s] -- Found rclcpp: 16.0.14 (/opt/ros/humble/share/rclcpp/cmake)
[2.509s] -- Found rmw_implementation_cmake: 6.1.2 (/opt/ros/humble/share/rmw_implementation_cmake/cmake)
[2.517s] -- Found rmw_fastrtps_cpp: 6.2.8 (/opt/ros/humble/share/rmw_fastrtps_cpp/cmake)
[2.870s] -- Found OpenSSL: /usr/lib/x86_64-linux-gnu/libcrypto.so (found version "3.0.2")
[3.022s] -- Found FastRTPS: /opt/ros/humble/include
[3.226s] -- Using RMW implementation 'rmw_fastrtps_cpp' as default
[3.277s] -- Performing Test CMAKE_HAVE_LIBC_PTHREAD
[3.504s] -- Performing Test CMAKE_HAVE_LIBC_PTHREAD - Success
[3.504s] -- Found Threads: TRUE
[3.716s] -- Found nav_msgs: 4.9.0 (/opt/ros/humble/share/nav_msgs/cmake)
[3.910s] -- Found tf2_ros: 0.25.16 (/opt/ros/humble/share/tf2_ros/cmake)
[4.389s] -- Found pcl_conversions: 2.4.5 (/opt/ros/humble/share/pcl_conversions/cmake)
[4.716s] [33mCMake Warning (dev) at /usr/lib/x86_64-linux-gnu/cmake/pcl/PCLConfig.cmake:146 (find_package):
[4.716s]   Policy CMP0144 is not set: find_package uses upper-case <PACKAGENAME>_ROOT
[4.716s]   variables.  Run "cmake --help-policy CMP0144" for policy details.  Use the
[4.716s]   cmake_policy command to set the policy and suppress this warning.
[4.716s] 
[4.716s]   CMake variable EIGEN_ROOT is set to:
[4.716s] 
[4.716s]     /usr/include/eigen3
[4.716s] 
[4.716s]   For compatibility, find_package is ignoring the variable, but code in a
[4.716s]   .cmake module might still use it.
[4.716s] Call Stack (most recent call first):
[4.717s]   /usr/lib/x86_64-linux-gnu/cmake/pcl/PCLConfig.cmake:299 (find_eigen)
[4.717s]   /usr/lib/x86_64-linux-gnu/cmake/pcl/PCLConfig.cmake:543 (find_external_library)
[4.717s]   /opt/ros/humble/share/pcl_conversions/cmake/ament_cmake_export_dependencies-extras.cmake:21 (find_package)
[4.717s]   /opt/ros/humble/share/pcl_conversions/cmake/pcl_conversionsConfig.cmake:41 (include)
[4.717s]   CMakeLists.txt:21 (find_package)
[4.717s] This warning is for project developers.  Use -Wno-dev to suppress it.
[4.717s] [0m
[4.743s] -- Checking for module 'eigen3'
[4.790s] --   Found eigen3, version 3.4.0
[4.894s] -- Found Eigen: /usr/include/eigen3 (Required is at least version "3.1")
[4.895s] -- Eigen found (include: /usr/include/eigen3, version: 3.4.0)
[4.895s] [33mCMake Warning (dev) at /usr/lib/x86_64-linux-gnu/cmake/pcl/PCLConfig.cmake:128 (find_package):
[4.895s]   Policy CMP0167 is not set: The FindBoost module is removed.  Run "cmake
[4.895s]   --help-policy CMP0167" for policy details.  Use the cmake_policy command to
[4.895s]   set the policy and suppress this warning.
[4.895s] 
[4.895s] Call Stack (most recent call first):
[4.896s]   /usr/lib/x86_64-linux-gnu/cmake/pcl/PCLConfig.cmake:297 (find_boost)
[4.898s]   /usr/lib/x86_64-linux-gnu/cmake/pcl/PCLConfig.cmake:543 (find_external_library)
[4.898s]   /opt/ros/humble/share/pcl_conversions/cmake/ament_cmake_export_dependencies-extras.cmake:21 (find_package)
[4.898s]   /opt/ros/humble/share/pcl_conversions/cmake/pcl_conversionsConfig.cmake:41 (include)
[4.898s]   CMakeLists.txt:21 (find_package)
[4.898s] This warning is for project developers.  Use -Wno-dev to suppress it.
[4.898s] [0m
[4.988s] [33mCMake Warning (dev) at /usr/lib/x86_64-linux-gnu/cmake/pcl/Modules/FindFLANN.cmake:44 (find_package):
[4.988s]   Policy CMP0144 is not set: find_package uses upper-case <PACKAGENAME>_ROOT
[4.988s]   variables.  Run "cmake --help-policy CMP0144" for policy details.  Use the
[4.988s]   cmake_policy command to set the policy and suppress this warning.
[4.988s] 
[4.988s]   CMake variable FLANN_ROOT is set to:
[4.988s] 
[4.988s]     /usr
[4.988s] 
[4.988s]   For compatibility, find_package is ignoring the variable, but code in a
[4.988s]   .cmake module might still use it.
[4.989s] Call Stack (most recent call first):
[4.989s]   /usr/lib/x86_64-linux-gnu/cmake/pcl/PCLConfig.cmake:256 (find_package)
[4.989s]   /usr/lib/x86_64-linux-gnu/cmake/pcl/PCLConfig.cmake:301 (find_flann)
[4.989s]   /usr/lib/x86_64-linux-gnu/cmake/pcl/PCLConfig.cmake:543 (find_external_library)
[4.989s]   /opt/ros/humble/share/pcl_conversions/cmake/ament_cmake_export_dependencies-extras.cmake:21 (find_package)
[4.989s]   /opt/ros/humble/share/pcl_conversions/cmake/pcl_conversionsConfig.cmake:41 (include)
[4.989s]   CMakeLists.txt:21 (find_package)
[4.989s] This warning is for project developers.  Use -Wno-dev to suppress it.
[4.989s] [0m
[5.036s] -- Checking for module 'flann'
[5.079s] --   Found flann, version 1.9.1
[5.181s] -- Found FLANN: /usr/lib/x86_64-linux-gnu/libflann_cpp.so
[5.184s] -- FLANN found (include: /usr/include, lib: /usr/lib/x86_64-linux-gnu/libflann_cpp.so)
[9.318s] -- Checking for module 'libusb-1.0'
[9.361s] --   Found libusb-1.0, version 1.0.25
[9.455s] -- Found libusb: /usr/lib/x86_64-linux-gnu/libusb-1.0.so
[9.457s] -- OpenNI found (version: 1.5.4.0, include: /usr/include/ni, lib: /usr/lib/libOpenNI.so;libusb::libusb)
[9.547s] -- OpenNI2 found (version: 2.2.0.33, include: /usr/include/openni2, lib: /usr/lib/x86_64-linux-gnu/libOpenNI2.so;libusb::libusb)
[10.139s] [33mCMake Warning (dev) at /usr/lib/x86_64-linux-gnu/cmake/pcl/PCLConfig.cmake:128 (find_package):
[10.139s]   Policy CMP0167 is not set: The FindBoost module is removed.  Run "cmake
[10.139s]   --help-policy CMP0167" for policy details.  Use the cmake_policy command to
[10.139s]   set the policy and suppress this warning.
[10.139s] 
[10.139s] Call Stack (most recent call first):
[10.139s]   /usr/lib/x86_64-linux-gnu/cmake/pcl/PCLConfig.cmake:297 (find_boost)
[10.139s]   /usr/lib/x86_64-linux-gnu/cmake/pcl/PCLConfig.cmake:543 (find_external_library)
[10.140s]   /opt/ros/humble/share/pcl_conversions/cmake/ament_cmake_export_dependencies-extras.cmake:21 (find_package)
[10.140s]   /opt/ros/humble/share/pcl_conversions/cmake/pcl_conversionsConfig.cmake:41 (include)
[10.140s]   CMakeLists.txt:21 (find_package)
[10.140s] This warning is for project developers.  Use -Wno-dev to suppress it.
[10.140s] [0m
[10.164s] -- Eigen found (include: /usr/include/eigen3, version: 3.4.0)
[10.181s] -- OpenNI found (version: 1.5.4.0, include: /usr/include/ni, lib: /usr/lib/libOpenNI.so;libusb::libusb)
[10.194s] -- OpenNI2 found (version: 2.2.0.33, include: /usr/include/openni2, lib: /usr/lib/x86_64-linux-gnu/libOpenNI2.so;libusb::libusb)
[10.664s] -- Found Qhull version 8.0.2
[11.262s] -- OpenNI found (version: 1.5.4.0, include: /usr/include/ni, lib: /usr/lib/libOpenNI.so;libusb::libusb)
[12.013s] -- Found PCL_COMMON: /usr/lib/x86_64-linux-gnu/libpcl_common.so
[12.016s] -- Found PCL_KDTREE: /usr/lib/x86_64-linux-gnu/libpcl_kdtree.so
[12.019s] -- Found PCL_OCTREE: /usr/lib/x86_64-linux-gnu/libpcl_octree.so
[12.021s] -- Found PCL_SEARCH: /usr/lib/x86_64-linux-gnu/libpcl_search.so
[12.026s] -- Found PCL_SAMPLE_CONSENSUS: /usr/lib/x86_64-linux-gnu/libpcl_sample_consensus.so
[12.027s] -- Found PCL_FILTERS: /usr/lib/x86_64-linux-gnu/libpcl_filters.so
[12.027s] -- Found PCL_2D: /usr/include/pcl-1.12
[12.028s] -- Found PCL_GEOMETRY: /usr/include/pcl-1.12
[12.032s] -- Found PCL_IO: /usr/lib/x86_64-linux-gnu/libpcl_io.so
[12.035s] -- Found PCL_FEATURES: /usr/lib/x86_64-linux-gnu/libpcl_features.so
[12.038s] -- Found PCL_ML: /usr/lib/x86_64-linux-gnu/libpcl_ml.so
[12.040s] -- Found PCL_SEGMENTATION: /usr/lib/x86_64-linux-gnu/libpcl_segmentation.so
[12.043s] -- Found PCL_VISUALIZATION: /usr/lib/x86_64-linux-gnu/libpcl_visualization.so
[12.045s] -- Found PCL_SURFACE: /usr/lib/x86_64-linux-gnu/libpcl_surface.so
[12.048s] -- Found PCL_REGISTRATION: /usr/lib/x86_64-linux-gnu/libpcl_registration.so
[12.053s] -- Found PCL_KEYPOINTS: /usr/lib/x86_64-linux-gnu/libpcl_keypoints.so
[12.053s] -- Found PCL_TRACKING: /usr/lib/x86_64-linux-gnu/libpcl_tracking.so
[12.055s] -- Found PCL_RECOGNITION: /usr/lib/x86_64-linux-gnu/libpcl_recognition.so
[12.058s] -- Found PCL_STEREO: /usr/lib/x86_64-linux-gnu/libpcl_stereo.so
[12.062s] -- Found PCL_APPS: /usr/lib/x86_64-linux-gnu/libpcl_apps.so
[12.063s] -- Found PCL_IN_HAND_SCANNER: /usr/include/pcl-1.12
[12.063s] -- Found PCL_MODELER: /usr/include/pcl-1.12
[12.064s] -- Found PCL_POINT_CLOUD_EDITOR: /usr/include/pcl-1.12
[12.068s] -- Found PCL_OUTOFCORE: /usr/lib/x86_64-linux-gnu/libpcl_outofcore.so
[12.071s] -- Found PCL_PEOPLE: /usr/lib/x86_64-linux-gnu/libpcl_people.so
[12.080s] -- Found visualization_msgs: 4.9.0 (/opt/ros/humble/share/visualization_msgs/cmake)
[12.165s] -- Found Boost: /usr/lib/x86_64-linux-gnu/cmake/Boost-1.74.0/BoostConfig.cmake (found suitable version "1.74.0", minimum required is "1.70") found components: graph serialization program_options random timer chrono
[12.169s] -- GTSAM include directory:  /usr/local/lib/cmake/GTSAM/../../../include
[12.179s] [33mCMake Warning (dev) at CMakeLists.txt:31 (find_package):
[12.179s]   Policy CMP0074 is not set: find_package uses <PackageName>_ROOT variables.
[12.179s]   Run "cmake --help-policy CMP0074" for policy details.  Use the cmake_policy
[12.179s]   command to set the policy and suppress this warning.
[12.179s] 
[12.179s]   CMake variable PCL_ROOT is set to:
[12.180s] 
[12.180s]     /usr
[12.180s] 
[12.180s]   For compatibility, CMake is ignoring the variable.
[12.180s] This warning is for project developers.  Use -Wno-dev to suppress it.
[12.180s] [0m
[12.196s] -- Found interface: 0.0.0 (/home/ubuntu-nuc/rc2_ws/install/interface/share/interface/cmake)
[12.281s] -- Found ament_lint_auto: 0.12.14 (/opt/ros/humble/share/ament_lint_auto/cmake)
[12.523s] -- Added test 'cppcheck' to perform static code analysis on C / C++ code
[12.523s] -- Configured cppcheck include dirs: 
[12.523s] -- Configured cppcheck exclude dirs and/or files: 
[12.524s] -- Added test 'flake8' to check Python code syntax and style conventions
[12.530s] -- Added test 'lint_cmake' to check CMake code style
[12.530s] -- Added test 'pep257' to check Python code against some of the docstring style conventions in PEP 257
[12.531s] -- Added test 'uncrustify' to check C / C++ code style
[12.531s] -- Configured uncrustify additional arguments: 
[12.538s] -- Added test 'xmllint' to check XML markup files
[12.538s] -- Configuring done (12.5s)
[12.630s] -- Generating done (0.1s)
[12.630s] [33mCMake Warning:
[12.630s]   Manually-specified variables were not used by the project:
[12.630s] 
[12.630s]     DISTRO_ROS
[12.630s]     ROS_EDITION
[12.631s] 
[12.631s] [0m
[12.638s] -- Build files have been written to: /home/ubuntu-nuc/rc2_ws/build/pgo
[12.676s] Invoked command in '/home/ubuntu-nuc/rc2_ws/build/pgo' returned '0': CMAKE_PREFIX_PATH=/home/ubuntu-nuc/rc2_ws/install/interface:/home/ubuntu-nuc/rc2_ws/install/pgo:/home/ubuntu-nuc/rc2_ws/install/meiling_control:/home/ubuntu-nuc/rc2_ws/install/localizer:/home/ubuntu-nuc/rc2_ws/install/fastlio2:/home/ubuntu-nuc/rc2_ws/install/livox_ros_driver2:/home/ubuntu-nuc/rc2_ws/install/hba:/home/ubuntu-nuc/rc2_ws/install/meiling_detect_debug:/home/ubuntu-nuc/rc2_ws/install/meiling_detect:/opt/ros/humble:/home/ubuntu-nuc/rc2_ws/install/auto_aim_interfaces:/home/ubuntu-nuc/rc_ws/install/fast_lio:/home/ubuntu-nuc/rc_ws/install/livox_ros_driver2 LD_LIBRARY_PATH=/home/ubuntu-nuc/rc2_ws/install/interface/lib:/usr/lib/x86_64-linux-gnu:/home/ubuntu-nuc/rc2_ws/install/livox_sdk2/lib:/home/ubuntu-nuc/rc2_ws/install/livox_ros_driver2/lib:/home/ubuntu-nuc/rc2_ws/install/auto_aim_interfaces/lib:/home/ubuntu-nuc/rc_ws/install/fast_lio/lib:/home/ubuntu-nuc/rc_ws/install/livox_ros_driver2/lib:/usr/lib/x86_64-linux-gnu/gazebo-11/plugins:/opt/ros/humble/opt/rviz_ogre_vendor/lib:/opt/ros/humble/lib/x86_64-linux-gnu:/opt/ros/humble/opt/openvdb_vendor/lib:/opt/ros/humble/lib:/opt/MVS/lib/64:/opt/MVS/lib/32:/opt/MVS/lib/64:/opt/MVS/lib/32:/opt/MVS/lib/64:/opt/MVS/lib/32 /usr/local/bin/cmake /home/ubuntu-nuc/rc2_ws/src/FASTLIO2_ROS2/pgo -DROS_EDITION=ROS2 -DDISTRO_ROS=humble -DCMAKE_INSTALL_PREFIX=/home/ubuntu-nuc/rc2_ws/install/pgo
[12.677s] Invoking command in '/home/ubuntu-nuc/rc2_ws/build/pgo': CMAKE_PREFIX_PATH=/home/ubuntu-nuc/rc2_ws/install/interface:/home/ubuntu-nuc/rc2_ws/install/pgo:/home/ubuntu-nuc/rc2_ws/install/meiling_control:/home/ubuntu-nuc/rc2_ws/install/localizer:/home/ubuntu-nuc/rc2_ws/install/fastlio2:/home/ubuntu-nuc/rc2_ws/install/livox_ros_driver2:/home/ubuntu-nuc/rc2_ws/install/hba:/home/ubuntu-nuc/rc2_ws/install/meiling_detect_debug:/home/ubuntu-nuc/rc2_ws/install/meiling_detect:/opt/ros/humble:/home/ubuntu-nuc/rc2_ws/install/auto_aim_interfaces:/home/ubuntu-nuc/rc_ws/install/fast_lio:/home/ubuntu-nuc/rc_ws/install/livox_ros_driver2 LD_LIBRARY_PATH=/home/ubuntu-nuc/rc2_ws/install/interface/lib:/usr/lib/x86_64-linux-gnu:/home/ubuntu-nuc/rc2_ws/install/livox_sdk2/lib:/home/ubuntu-nuc/rc2_ws/install/livox_ros_driver2/lib:/home/ubuntu-nuc/rc2_ws/install/auto_aim_interfaces/lib:/home/ubuntu-nuc/rc_ws/install/fast_lio/lib:/home/ubuntu-nuc/rc_ws/install/livox_ros_driver2/lib:/usr/lib/x86_64-linux-gnu/gazebo-11/plugins:/opt/ros/humble/opt/rviz_ogre_vendor/lib:/opt/ros/humble/lib/x86_64-linux-gnu:/opt/ros/humble/opt/openvdb_vendor/lib:/opt/ros/humble/lib:/opt/MVS/lib/64:/opt/MVS/lib/32:/opt/MVS/lib/64:/opt/MVS/lib/32:/opt/MVS/lib/64:/opt/MVS/lib/32 /usr/local/bin/cmake --build /home/ubuntu-nuc/rc2_ws/build/pgo -- -j8 -l8
[12.712s] [ 25%] [32mBuilding CXX object CMakeFiles/pgo_node.dir/src/pgo_node.cpp.o[0m
[56.713s] [ 75%] [32mBuilding CXX object CMakeFiles/pgo_node.dir/src/pgos/commons.cpp.o[0m
[56.714s] [ 75%] [32mBuilding CXX object CMakeFiles/pgo_node.dir/src/pgos/simple_pgo.cpp.o[0m
[80.759s] [100%] [32m[1mLinking CXX executable pgo_node[0m
[81.631s] [100%] Built target pgo_node
[81.635s] Invoked command in '/home/ubuntu-nuc/rc2_ws/build/pgo' returned '0': CMAKE_PREFIX_PATH=/home/ubuntu-nuc/rc2_ws/install/interface:/home/ubuntu-nuc/rc2_ws/install/pgo:/home/ubuntu-nuc/rc2_ws/install/meiling_control:/home/ubuntu-nuc/rc2_ws/install/localizer:/home/ubuntu-nuc/rc2_ws/install/fastlio2:/home/ubuntu-nuc/rc2_ws/install/livox_ros_driver2:/home/ubuntu-nuc/rc2_ws/install/hba:/home/ubuntu-nuc/rc2_ws/install/meiling_detect_debug:/home/ubuntu-nuc/rc2_ws/install/meiling_detect:/opt/ros/humble:/home/ubuntu-nuc/rc2_ws/install/auto_aim_interfaces:/home/ubuntu-nuc/rc_ws/install/fast_lio:/home/ubuntu-nuc/rc_ws/install/livox_ros_driver2 LD_LIBRARY_PATH=/home/ubuntu-nuc/rc2_ws/install/interface/lib:/usr/lib/x86_64-linux-gnu:/home/ubuntu-nuc/rc2_ws/install/livox_sdk2/lib:/home/ubuntu-nuc/rc2_ws/install/livox_ros_driver2/lib:/home/ubuntu-nuc/rc2_ws/install/auto_aim_interfaces/lib:/home/ubuntu-nuc/rc_ws/install/fast_lio/lib:/home/ubuntu-nuc/rc_ws/install/livox_ros_driver2/lib:/usr/lib/x86_64-linux-gnu/gazebo-11/plugins:/opt/ros/humble/opt/rviz_ogre_vendor/lib:/opt/ros/humble/lib/x86_64-linux-gnu:/opt/ros/humble/opt/openvdb_vendor/lib:/opt/ros/humble/lib:/opt/MVS/lib/64:/opt/MVS/lib/32:/opt/MVS/lib/64:/opt/MVS/lib/32:/opt/MVS/lib/64:/opt/MVS/lib/32 /usr/local/bin/cmake --build /home/ubuntu-nuc/rc2_ws/build/pgo -- -j8 -l8
[81.637s] Invoking command in '/home/ubuntu-nuc/rc2_ws/build/pgo': CMAKE_PREFIX_PATH=/home/ubuntu-nuc/rc2_ws/install/interface:/home/ubuntu-nuc/rc2_ws/install/pgo:/home/ubuntu-nuc/rc2_ws/install/meiling_control:/home/ubuntu-nuc/rc2_ws/install/localizer:/home/ubuntu-nuc/rc2_ws/install/fastlio2:/home/ubuntu-nuc/rc2_ws/install/livox_ros_driver2:/home/ubuntu-nuc/rc2_ws/install/hba:/home/ubuntu-nuc/rc2_ws/install/meiling_detect_debug:/home/ubuntu-nuc/rc2_ws/install/meiling_detect:/opt/ros/humble:/home/ubuntu-nuc/rc2_ws/install/auto_aim_interfaces:/home/ubuntu-nuc/rc_ws/install/fast_lio:/home/ubuntu-nuc/rc_ws/install/livox_ros_driver2 LD_LIBRARY_PATH=/home/ubuntu-nuc/rc2_ws/install/interface/lib:/usr/lib/x86_64-linux-gnu:/home/ubuntu-nuc/rc2_ws/install/livox_sdk2/lib:/home/ubuntu-nuc/rc2_ws/install/livox_ros_driver2/lib:/home/ubuntu-nuc/rc2_ws/install/auto_aim_interfaces/lib:/home/ubuntu-nuc/rc_ws/install/fast_lio/lib:/home/ubuntu-nuc/rc_ws/install/livox_ros_driver2/lib:/usr/lib/x86_64-linux-gnu/gazebo-11/plugins:/opt/ros/humble/opt/rviz_ogre_vendor/lib:/opt/ros/humble/lib/x86_64-linux-gnu:/opt/ros/humble/opt/openvdb_vendor/lib:/opt/ros/humble/lib:/opt/MVS/lib/64:/opt/MVS/lib/32:/opt/MVS/lib/64:/opt/MVS/lib/32:/opt/MVS/lib/64:/opt/MVS/lib/32 /usr/local/bin/cmake --install /home/ubuntu-nuc/rc2_ws/build/pgo
[81.639s] -- Install configuration: "Release"
[81.639s] -- Installing: /home/ubuntu-nuc/rc2_ws/install/pgo/lib/pgo/pgo_node
[81.640s] -- Set non-toolchain portion of runtime path of "/home/ubuntu-nuc/rc2_ws/install/pgo/lib/pgo/pgo_node" to ""
[81.640s] -- Installing: /home/ubuntu-nuc/rc2_ws/install/pgo/share/pgo/launch
[81.641s] -- Installing: /home/ubuntu-nuc/rc2_ws/install/pgo/share/pgo/launch/pgo_launch.py
[81.641s] -- Installing: /home/ubuntu-nuc/rc2_ws/install/pgo/share/pgo/config
[81.641s] -- Installing: /home/ubuntu-nuc/rc2_ws/install/pgo/share/pgo/config/pgo.yaml
[81.641s] -- Installing: /home/ubuntu-nuc/rc2_ws/install/pgo/share/pgo/rviz
[81.641s] -- Installing: /home/ubuntu-nuc/rc2_ws/install/pgo/share/pgo/rviz/pgo.rviz
[81.641s] -- Installing: /home/ubuntu-nuc/rc2_ws/install/pgo/share/ament_index/resource_index/package_run_dependencies/pgo
[81.641s] -- Installing: /home/ubuntu-nuc/rc2_ws/install/pgo/share/ament_index/resource_index/parent_prefix_path/pgo
[81.641s] -- Installing: /home/ubuntu-nuc/rc2_ws/install/pgo/share/pgo/environment/ament_prefix_path.sh
[81.641s] -- Installing: /home/ubuntu-nuc/rc2_ws/install/pgo/share/pgo/environment/ament_prefix_path.dsv
[81.641s] -- Installing: /home/ubuntu-nuc/rc2_ws/install/pgo/share/pgo/environment/path.sh
[81.641s] -- Installing: /home/ubuntu-nuc/rc2_ws/install/pgo/share/pgo/environment/path.dsv
[81.641s] -- Installing: /home/ubuntu-nuc/rc2_ws/install/pgo/share/pgo/local_setup.bash
[81.641s] -- Installing: /home/ubuntu-nuc/rc2_ws/install/pgo/share/pgo/local_setup.sh
[81.641s] -- Installing: /home/ubuntu-nuc/rc2_ws/install/pgo/share/pgo/local_setup.zsh
[81.641s] -- Installing: /home/ubuntu-nuc/rc2_ws/install/pgo/share/pgo/local_setup.dsv
[81.641s] -- Installing: /home/ubuntu-nuc/rc2_ws/install/pgo/share/pgo/package.dsv
[81.641s] -- Installing: /home/ubuntu-nuc/rc2_ws/install/pgo/share/ament_index/resource_index/packages/pgo
[81.642s] -- Installing: /home/ubuntu-nuc/rc2_ws/install/pgo/share/pgo/cmake/pgoConfig.cmake
[81.642s] -- Installing: /home/ubuntu-nuc/rc2_ws/install/pgo/share/pgo/cmake/pgoConfig-version.cmake
[81.642s] -- Installing: /home/ubuntu-nuc/rc2_ws/install/pgo/share/pgo/package.xml
[81.643s] Invoked command in '/home/ubuntu-nuc/rc2_ws/build/pgo' returned '0': CMAKE_PREFIX_PATH=/home/ubuntu-nuc/rc2_ws/install/interface:/home/ubuntu-nuc/rc2_ws/install/pgo:/home/ubuntu-nuc/rc2_ws/install/meiling_control:/home/ubuntu-nuc/rc2_ws/install/localizer:/home/ubuntu-nuc/rc2_ws/install/fastlio2:/home/ubuntu-nuc/rc2_ws/install/livox_ros_driver2:/home/ubuntu-nuc/rc2_ws/install/hba:/home/ubuntu-nuc/rc2_ws/install/meiling_detect_debug:/home/ubuntu-nuc/rc2_ws/install/meiling_detect:/opt/ros/humble:/home/ubuntu-nuc/rc2_ws/install/auto_aim_interfaces:/home/ubuntu-nuc/rc_ws/install/fast_lio:/home/ubuntu-nuc/rc_ws/install/livox_ros_driver2 LD_LIBRARY_PATH=/home/ubuntu-nuc/rc2_ws/install/interface/lib:/usr/lib/x86_64-linux-gnu:/home/ubuntu-nuc/rc2_ws/install/livox_sdk2/lib:/home/ubuntu-nuc/rc2_ws/install/livox_ros_driver2/lib:/home/ubuntu-nuc/rc2_ws/install/auto_aim_interfaces/lib:/home/ubuntu-nuc/rc_ws/install/fast_lio/lib:/home/ubuntu-nuc/rc_ws/install/livox_ros_driver2/lib:/usr/lib/x86_64-linux-gnu/gazebo-11/plugins:/opt/ros/humble/opt/rviz_ogre_vendor/lib:/opt/ros/humble/lib/x86_64-linux-gnu:/opt/ros/humble/opt/openvdb_vendor/lib:/opt/ros/humble/lib:/opt/MVS/lib/64:/opt/MVS/lib/32:/opt/MVS/lib/64:/opt/MVS/lib/32:/opt/MVS/lib/64:/opt/MVS/lib/32 /usr/local/bin/cmake --install /home/ubuntu-nuc/rc2_ws/build/pgo
