[0mCMake Deprecation Warning at CMakeLists.txt:1 (cmake_minimum_required):
  Compatibility with CMake < 3.10 will be removed from a future version of
  CMake.

  Update the VERSION argument <min> value.  Or, use the <min>...<max> syntax
  to tell CMake that the project requires at least <min> but has been updated
  to work with policies introduced by <max> or earlier.

[0m
-- Found ament_cmake: 1.3.12 (/opt/ros/humble/share/ament_cmake/cmake)
-- Found rclcpp: 16.0.14 (/opt/ros/humble/share/rclcpp/cmake)
-- Found rosidl_generator_c: 3.1.7 (/opt/ros/humble/share/rosidl_generator_c/cmake)
-- Found rosidl_adapter: 3.1.7 (/opt/ros/humble/share/rosidl_adapter/cmake)
-- Found rosidl_generator_cpp: 3.1.8 (/opt/ros/humble/share/rosidl_generator_cpp/cmake)
-- Using all available rosidl_typesupport_c: rosidl_typesupport_fastrtps_c;rosidl_typesupport_introspection_c
-- Using all available rosidl_typesupport_cpp: rosidl_typesupport_fastrtps_cpp;rosidl_typesupport_introspection_cpp
-- Found rmw_implementation_cmake: 6.1.2 (/opt/ros/humble/share/rmw_implementation_cmake/cmake)
-- Found rmw_fastrtps_cpp: 6.2.8 (/opt/ros/humble/share/rmw_fastrtps_cpp/cmake)
-- Using RMW implementation 'rmw_fastrtps_cpp' as default
-- Found auto_aim_interfaces: 0.0.1 (/home/ubuntu-nuc/rc2_ws/install/auto_aim_interfaces/share/auto_aim_interfaces/cmake)
-- Configuring done (0.4s)
-- Generating done (0.0s)
-- Build files have been written to: /home/ubuntu-nuc/rc2_ws/build/meiling_control
[100%] Built target meiling_node
-- Install configuration: ""
-- Up-to-date: /home/ubuntu-nuc/rc2_ws/install/meiling_control/lib/meiling_control/meiling_node
-- Up-to-date: /home/ubuntu-nuc/rc2_ws/install/meiling_control/share/meiling_control/launch
-- Up-to-date: /home/ubuntu-nuc/rc2_ws/install/meiling_control/share/meiling_control/launch/meiling_launch.py
-- Up-to-date: /home/ubuntu-nuc/rc2_ws/install/meiling_control/share/ament_index/resource_index/package_run_dependencies/meiling_control
-- Up-to-date: /home/ubuntu-nuc/rc2_ws/install/meiling_control/share/ament_index/resource_index/parent_prefix_path/meiling_control
-- Up-to-date: /home/ubuntu-nuc/rc2_ws/install/meiling_control/share/meiling_control/environment/ament_prefix_path.sh
-- Installing: /home/ubuntu-nuc/rc2_ws/install/meiling_control/share/meiling_control/environment/ament_prefix_path.dsv
-- Up-to-date: /home/ubuntu-nuc/rc2_ws/install/meiling_control/share/meiling_control/environment/path.sh
-- Installing: /home/ubuntu-nuc/rc2_ws/install/meiling_control/share/meiling_control/environment/path.dsv
-- Up-to-date: /home/ubuntu-nuc/rc2_ws/install/meiling_control/share/meiling_control/local_setup.bash
-- Up-to-date: /home/ubuntu-nuc/rc2_ws/install/meiling_control/share/meiling_control/local_setup.sh
-- Up-to-date: /home/ubuntu-nuc/rc2_ws/install/meiling_control/share/meiling_control/local_setup.zsh
-- Installing: /home/ubuntu-nuc/rc2_ws/install/meiling_control/share/meiling_control/local_setup.dsv
-- Installing: /home/ubuntu-nuc/rc2_ws/install/meiling_control/share/meiling_control/package.dsv
-- Up-to-date: /home/ubuntu-nuc/rc2_ws/install/meiling_control/share/ament_index/resource_index/packages/meiling_control
-- Up-to-date: /home/ubuntu-nuc/rc2_ws/install/meiling_control/share/meiling_control/cmake/meiling_controlConfig.cmake
-- Up-to-date: /home/ubuntu-nuc/rc2_ws/install/meiling_control/share/meiling_control/cmake/meiling_controlConfig-version.cmake
-- Up-to-date: /home/ubuntu-nuc/rc2_ws/install/meiling_control/share/meiling_control/package.xml
