[0.038s] Invoking command in '/home/ubuntu-nuc/rc2_ws/build/hba': CMAKE_PREFIX_PATH=/home/ubuntu-nuc/rc2_ws/install/interface:/home/ubuntu-nuc/rc2_ws/install/pgo:/home/ubuntu-nuc/rc2_ws/install/meiling_control:/home/ubuntu-nuc/rc2_ws/install/localizer:/home/ubuntu-nuc/rc2_ws/install/fastlio2:/home/ubuntu-nuc/rc2_ws/install/livox_ros_driver2:/home/ubuntu-nuc/rc2_ws/install/hba:/home/ubuntu-nuc/rc2_ws/install/meiling_detect_debug:/home/ubuntu-nuc/rc2_ws/install/meiling_detect:/opt/ros/humble:/home/ubuntu-nuc/rc2_ws/install/auto_aim_interfaces:/home/ubuntu-nuc/rc_ws/install/fast_lio:/home/ubuntu-nuc/rc_ws/install/livox_ros_driver2 LD_LIBRARY_PATH=/home/ubuntu-nuc/rc2_ws/install/interface/lib:/usr/lib/x86_64-linux-gnu:/home/ubuntu-nuc/rc2_ws/install/livox_sdk2/lib:/home/ubuntu-nuc/rc2_ws/install/livox_ros_driver2/lib:/home/ubuntu-nuc/rc2_ws/install/auto_aim_interfaces/lib:/home/ubuntu-nuc/rc_ws/install/fast_lio/lib:/home/ubuntu-nuc/rc_ws/install/livox_ros_driver2/lib:/usr/lib/x86_64-linux-gnu/gazebo-11/plugins:/opt/ros/humble/opt/rviz_ogre_vendor/lib:/opt/ros/humble/lib/x86_64-linux-gnu:/opt/ros/humble/opt/openvdb_vendor/lib:/opt/ros/humble/lib:/opt/MVS/lib/64:/opt/MVS/lib/32:/opt/MVS/lib/64:/opt/MVS/lib/32:/opt/MVS/lib/64:/opt/MVS/lib/32 /usr/local/bin/cmake /home/ubuntu-nuc/rc2_ws/src/FASTLIO2_ROS2/hba -DROS_EDITION=ROS2 -DDISTRO_ROS=humble -DCMAKE_INSTALL_PREFIX=/home/ubuntu-nuc/rc2_ws/install/hba
[0.055s] [0mCMake Deprecation Warning at CMakeLists.txt:1 (cmake_minimum_required):
[0.055s]   Compatibility with CMake < 3.10 will be removed from a future version of
[0.055s]   CMake.
[0.055s] 
[0.055s]   Update the VERSION argument <min> value.  Or, use the <min>...<max> syntax
[0.055s]   to tell CMake that the project requires at least <min> but has been updated
[0.056s]   to work with policies introduced by <max> or earlier.
[0.056s] 
[0.056s] [0m
[0.193s] -- The C compiler identification is GNU 11.4.0
[0.415s] -- The CXX compiler identification is GNU 11.4.0
[0.432s] -- Detecting C compiler ABI info
[0.615s] -- Detecting C compiler ABI info - done
[0.668s] -- Check for working C compiler: /usr/bin/cc - skipped
[0.671s] -- Detecting C compile features
[0.673s] -- Detecting C compile features - done
[0.700s] -- Detecting CXX compiler ABI info
[0.891s] -- Detecting CXX compiler ABI info - done
[0.948s] -- Check for working CXX compiler: /usr/bin/c++ - skipped
[0.948s] -- Detecting CXX compile features
[0.950s] -- Detecting CXX compile features - done
[0.980s] -- Found ament_cmake: 1.3.12 (/opt/ros/humble/share/ament_cmake/cmake)
[1.419s] -- Found Python3: /usr/bin/python3 (found version "3.10.12") found components: Interpreter
[1.794s] -- Found rclcpp: 16.0.14 (/opt/ros/humble/share/rclcpp/cmake)
[2.018s] -- Found rosidl_generator_c: 3.1.7 (/opt/ros/humble/share/rosidl_generator_c/cmake)
[2.042s] -- Found rosidl_adapter: 3.1.7 (/opt/ros/humble/share/rosidl_adapter/cmake)
[2.098s] -- Found rosidl_generator_cpp: 3.1.8 (/opt/ros/humble/share/rosidl_generator_cpp/cmake)
[2.159s] -- Using all available rosidl_typesupport_c: rosidl_typesupport_fastrtps_c;rosidl_typesupport_introspection_c
[2.240s] -- Using all available rosidl_typesupport_cpp: rosidl_typesupport_fastrtps_cpp;rosidl_typesupport_introspection_cpp
[2.464s] -- Found rmw_implementation_cmake: 6.1.2 (/opt/ros/humble/share/rmw_implementation_cmake/cmake)
[2.484s] -- Found rmw_fastrtps_cpp: 6.2.8 (/opt/ros/humble/share/rmw_fastrtps_cpp/cmake)
[2.790s] -- Found OpenSSL: /usr/lib/x86_64-linux-gnu/libcrypto.so (found version "3.0.2")
[2.932s] -- Found FastRTPS: /opt/ros/humble/include
[3.104s] -- Using RMW implementation 'rmw_fastrtps_cpp' as default
[3.146s] -- Performing Test CMAKE_HAVE_LIBC_PTHREAD
[3.378s] -- Performing Test CMAKE_HAVE_LIBC_PTHREAD - Success
[3.379s] -- Found Threads: TRUE
[3.693s] -- Found sensor_msgs: 4.9.0 (/opt/ros/humble/share/sensor_msgs/cmake)
[3.813s] -- Found interface: 0.0.0 (/home/ubuntu-nuc/rc2_ws/install/interface/share/interface/cmake)
[3.874s] -- Found pcl_conversions: 2.4.5 (/opt/ros/humble/share/pcl_conversions/cmake)
[4.000s] [33mCMake Warning (dev) at /usr/lib/x86_64-linux-gnu/cmake/pcl/PCLConfig.cmake:146 (find_package):
[4.000s]   Policy CMP0144 is not set: find_package uses upper-case <PACKAGENAME>_ROOT
[4.002s]   variables.  Run "cmake --help-policy CMP0144" for policy details.  Use the
[4.003s]   cmake_policy command to set the policy and suppress this warning.
[4.003s] 
[4.003s]   CMake variable EIGEN_ROOT is set to:
[4.003s] 
[4.003s]     /usr/include/eigen3
[4.003s] 
[4.003s]   For compatibility, find_package is ignoring the variable, but code in a
[4.003s]   .cmake module might still use it.
[4.003s] Call Stack (most recent call first):
[4.003s]   /usr/lib/x86_64-linux-gnu/cmake/pcl/PCLConfig.cmake:299 (find_eigen)
[4.003s]   /usr/lib/x86_64-linux-gnu/cmake/pcl/PCLConfig.cmake:543 (find_external_library)
[4.003s]   /opt/ros/humble/share/pcl_conversions/cmake/ament_cmake_export_dependencies-extras.cmake:21 (find_package)
[4.003s]   /opt/ros/humble/share/pcl_conversions/cmake/pcl_conversionsConfig.cmake:41 (include)
[4.003s]   CMakeLists.txt:25 (find_package)
[4.003s] This warning is for project developers.  Use -Wno-dev to suppress it.
[4.003s] [0m
[4.016s] -- Checking for module 'eigen3'
[4.059s] --   Found eigen3, version 3.4.0
[4.167s] -- Found Eigen: /usr/include/eigen3 (Required is at least version "3.1")
[4.168s] -- Eigen found (include: /usr/include/eigen3, version: 3.4.0)
[4.175s] [33mCMake Warning (dev) at /usr/lib/x86_64-linux-gnu/cmake/pcl/PCLConfig.cmake:128 (find_package):
[4.175s]   Policy CMP0167 is not set: The FindBoost module is removed.  Run "cmake
[4.175s]   --help-policy CMP0167" for policy details.  Use the cmake_policy command to
[4.175s]   set the policy and suppress this warning.
[4.175s] 
[4.175s] Call Stack (most recent call first):
[4.175s]   /usr/lib/x86_64-linux-gnu/cmake/pcl/PCLConfig.cmake:297 (find_boost)
[4.175s]   /usr/lib/x86_64-linux-gnu/cmake/pcl/PCLConfig.cmake:543 (find_external_library)
[4.175s]   /opt/ros/humble/share/pcl_conversions/cmake/ament_cmake_export_dependencies-extras.cmake:21 (find_package)
[4.175s]   /opt/ros/humble/share/pcl_conversions/cmake/pcl_conversionsConfig.cmake:41 (include)
[4.176s]   CMakeLists.txt:25 (find_package)
[4.176s] This warning is for project developers.  Use -Wno-dev to suppress it.
[4.176s] [0m
[4.318s] [33mCMake Warning (dev) at /usr/lib/x86_64-linux-gnu/cmake/pcl/Modules/FindFLANN.cmake:44 (find_package):
[4.318s]   Policy CMP0144 is not set: find_package uses upper-case <PACKAGENAME>_ROOT
[4.318s]   variables.  Run "cmake --help-policy CMP0144" for policy details.  Use the
[4.319s]   cmake_policy command to set the policy and suppress this warning.
[4.319s] 
[4.319s]   CMake variable FLANN_ROOT is set to:
[4.319s] 
[4.319s]     /usr
[4.319s] 
[4.319s]   For compatibility, find_package is ignoring the variable, but code in a
[4.319s]   .cmake module might still use it.
[4.319s] Call Stack (most recent call first):
[4.319s]   /usr/lib/x86_64-linux-gnu/cmake/pcl/PCLConfig.cmake:256 (find_package)
[4.319s]   /usr/lib/x86_64-linux-gnu/cmake/pcl/PCLConfig.cmake:301 (find_flann)
[4.319s]   /usr/lib/x86_64-linux-gnu/cmake/pcl/PCLConfig.cmake:543 (find_external_library)
[4.319s]   /opt/ros/humble/share/pcl_conversions/cmake/ament_cmake_export_dependencies-extras.cmake:21 (find_package)
[4.319s]   /opt/ros/humble/share/pcl_conversions/cmake/pcl_conversionsConfig.cmake:41 (include)
[4.319s]   CMakeLists.txt:25 (find_package)
[4.319s] This warning is for project developers.  Use -Wno-dev to suppress it.
[4.320s] [0m
[4.380s] -- Checking for module 'flann'
[4.424s] --   Found flann, version 1.9.1
[4.613s] -- Found FLANN: /usr/lib/x86_64-linux-gnu/libflann_cpp.so
[4.613s] -- FLANN found (include: /usr/include, lib: /usr/lib/x86_64-linux-gnu/libflann_cpp.so)
[8.793s] -- Checking for module 'libusb-1.0'
[8.813s] --   Found libusb-1.0, version 1.0.25
[8.856s] -- Found libusb: /usr/lib/x86_64-linux-gnu/libusb-1.0.so
[8.858s] -- OpenNI found (version: 1.5.4.0, include: /usr/include/ni, lib: /usr/lib/libOpenNI.so;libusb::libusb)
[8.937s] -- OpenNI2 found (version: 2.2.0.33, include: /usr/include/openni2, lib: /usr/lib/x86_64-linux-gnu/libOpenNI2.so;libusb::libusb)
[10.054s] [33mCMake Warning (dev) at /usr/lib/x86_64-linux-gnu/cmake/pcl/PCLConfig.cmake:128 (find_package):
[10.054s]   Policy CMP0167 is not set: The FindBoost module is removed.  Run "cmake
[10.054s]   --help-policy CMP0167" for policy details.  Use the cmake_policy command to
[10.055s]   set the policy and suppress this warning.
[10.055s] 
[10.055s] Call Stack (most recent call first):
[10.055s]   /usr/lib/x86_64-linux-gnu/cmake/pcl/PCLConfig.cmake:297 (find_boost)
[10.055s]   /usr/lib/x86_64-linux-gnu/cmake/pcl/PCLConfig.cmake:543 (find_external_library)
[10.055s]   /opt/ros/humble/share/pcl_conversions/cmake/ament_cmake_export_dependencies-extras.cmake:21 (find_package)
[10.055s]   /opt/ros/humble/share/pcl_conversions/cmake/pcl_conversionsConfig.cmake:41 (include)
[10.055s]   CMakeLists.txt:25 (find_package)
[10.055s] This warning is for project developers.  Use -Wno-dev to suppress it.
[10.055s] [0m
[10.067s] -- Eigen found (include: /usr/include/eigen3, version: 3.4.0)
[10.075s] -- OpenNI found (version: 1.5.4.0, include: /usr/include/ni, lib: /usr/lib/libOpenNI.so;libusb::libusb)
[10.095s] -- OpenNI2 found (version: 2.2.0.33, include: /usr/include/openni2, lib: /usr/lib/x86_64-linux-gnu/libOpenNI2.so;libusb::libusb)
[11.076s] -- Found Qhull version 8.0.2
[11.828s] -- OpenNI found (version: 1.5.4.0, include: /usr/include/ni, lib: /usr/lib/libOpenNI.so;libusb::libusb)
[12.408s] -- Found PCL_COMMON: /usr/lib/x86_64-linux-gnu/libpcl_common.so
[12.410s] -- Found PCL_KDTREE: /usr/lib/x86_64-linux-gnu/libpcl_kdtree.so
[12.416s] -- Found PCL_OCTREE: /usr/lib/x86_64-linux-gnu/libpcl_octree.so
[12.416s] -- Found PCL_SEARCH: /usr/lib/x86_64-linux-gnu/libpcl_search.so
[12.419s] -- Found PCL_SAMPLE_CONSENSUS: /usr/lib/x86_64-linux-gnu/libpcl_sample_consensus.so
[12.421s] -- Found PCL_FILTERS: /usr/lib/x86_64-linux-gnu/libpcl_filters.so
[12.422s] -- Found PCL_2D: /usr/include/pcl-1.12
[12.423s] -- Found PCL_GEOMETRY: /usr/include/pcl-1.12
[12.427s] -- Found PCL_IO: /usr/lib/x86_64-linux-gnu/libpcl_io.so
[12.429s] -- Found PCL_FEATURES: /usr/lib/x86_64-linux-gnu/libpcl_features.so
[12.432s] -- Found PCL_ML: /usr/lib/x86_64-linux-gnu/libpcl_ml.so
[12.435s] -- Found PCL_SEGMENTATION: /usr/lib/x86_64-linux-gnu/libpcl_segmentation.so
[12.438s] -- Found PCL_VISUALIZATION: /usr/lib/x86_64-linux-gnu/libpcl_visualization.so
[12.441s] -- Found PCL_SURFACE: /usr/lib/x86_64-linux-gnu/libpcl_surface.so
[12.444s] -- Found PCL_REGISTRATION: /usr/lib/x86_64-linux-gnu/libpcl_registration.so
[12.450s] -- Found PCL_KEYPOINTS: /usr/lib/x86_64-linux-gnu/libpcl_keypoints.so
[12.450s] -- Found PCL_TRACKING: /usr/lib/x86_64-linux-gnu/libpcl_tracking.so
[12.453s] -- Found PCL_RECOGNITION: /usr/lib/x86_64-linux-gnu/libpcl_recognition.so
[12.456s] -- Found PCL_STEREO: /usr/lib/x86_64-linux-gnu/libpcl_stereo.so
[12.459s] -- Found PCL_APPS: /usr/lib/x86_64-linux-gnu/libpcl_apps.so
[12.461s] -- Found PCL_IN_HAND_SCANNER: /usr/include/pcl-1.12
[12.462s] -- Found PCL_MODELER: /usr/include/pcl-1.12
[12.462s] -- Found PCL_POINT_CLOUD_EDITOR: /usr/include/pcl-1.12
[12.465s] -- Found PCL_OUTOFCORE: /usr/lib/x86_64-linux-gnu/libpcl_outofcore.so
[12.469s] -- Found PCL_PEOPLE: /usr/lib/x86_64-linux-gnu/libpcl_people.so
[12.524s] -- Found Boost: /usr/lib/x86_64-linux-gnu/cmake/Boost-1.74.0/BoostConfig.cmake (found suitable version "1.74.0", minimum required is "1.70") found components: graph serialization program_options random timer chrono
[12.531s] -- GTSAM include directory:  /usr/local/lib/cmake/GTSAM/../../../include
[12.549s] [33mCMake Warning (dev) at CMakeLists.txt:30 (find_package):
[12.549s]   Policy CMP0074 is not set: find_package uses <PackageName>_ROOT variables.
[12.550s]   Run "cmake --help-policy CMP0074" for policy details.  Use the cmake_policy
[12.550s]   command to set the policy and suppress this warning.
[12.550s] 
[12.550s]   CMake variable PCL_ROOT is set to:
[12.550s] 
[12.550s]     /usr
[12.550s] 
[12.550s]   For compatibility, CMake is ignoring the variable.
[12.550s] This warning is for project developers.  Use -Wno-dev to suppress it.
[12.550s] [0m
[13.146s] -- Found ament_lint_auto: 0.12.14 (/opt/ros/humble/share/ament_lint_auto/cmake)
[13.309s] -- Added test 'cppcheck' to perform static code analysis on C / C++ code
[13.310s] -- Configured cppcheck include dirs: 
[13.310s] -- Configured cppcheck exclude dirs and/or files: 
[13.311s] -- Added test 'flake8' to check Python code syntax and style conventions
[13.312s] -- Added test 'lint_cmake' to check CMake code style
[13.313s] -- Added test 'pep257' to check Python code against some of the docstring style conventions in PEP 257
[13.315s] -- Added test 'uncrustify' to check C / C++ code style
[13.315s] -- Configured uncrustify additional arguments: 
[13.316s] -- Added test 'xmllint' to check XML markup files
[13.318s] -- Configuring done (13.3s)
[13.372s] -- Generating done (0.1s)
[13.372s] [33mCMake Warning:
[13.372s]   Manually-specified variables were not used by the project:
[13.373s] 
[13.373s]     DISTRO_ROS
[13.373s]     ROS_EDITION
[13.373s] 
[13.373s] [0m
[13.380s] -- Build files have been written to: /home/ubuntu-nuc/rc2_ws/build/hba
[13.417s] Invoked command in '/home/ubuntu-nuc/rc2_ws/build/hba' returned '0': CMAKE_PREFIX_PATH=/home/ubuntu-nuc/rc2_ws/install/interface:/home/ubuntu-nuc/rc2_ws/install/pgo:/home/ubuntu-nuc/rc2_ws/install/meiling_control:/home/ubuntu-nuc/rc2_ws/install/localizer:/home/ubuntu-nuc/rc2_ws/install/fastlio2:/home/ubuntu-nuc/rc2_ws/install/livox_ros_driver2:/home/ubuntu-nuc/rc2_ws/install/hba:/home/ubuntu-nuc/rc2_ws/install/meiling_detect_debug:/home/ubuntu-nuc/rc2_ws/install/meiling_detect:/opt/ros/humble:/home/ubuntu-nuc/rc2_ws/install/auto_aim_interfaces:/home/ubuntu-nuc/rc_ws/install/fast_lio:/home/ubuntu-nuc/rc_ws/install/livox_ros_driver2 LD_LIBRARY_PATH=/home/ubuntu-nuc/rc2_ws/install/interface/lib:/usr/lib/x86_64-linux-gnu:/home/ubuntu-nuc/rc2_ws/install/livox_sdk2/lib:/home/ubuntu-nuc/rc2_ws/install/livox_ros_driver2/lib:/home/ubuntu-nuc/rc2_ws/install/auto_aim_interfaces/lib:/home/ubuntu-nuc/rc_ws/install/fast_lio/lib:/home/ubuntu-nuc/rc_ws/install/livox_ros_driver2/lib:/usr/lib/x86_64-linux-gnu/gazebo-11/plugins:/opt/ros/humble/opt/rviz_ogre_vendor/lib:/opt/ros/humble/lib/x86_64-linux-gnu:/opt/ros/humble/opt/openvdb_vendor/lib:/opt/ros/humble/lib:/opt/MVS/lib/64:/opt/MVS/lib/32:/opt/MVS/lib/64:/opt/MVS/lib/32:/opt/MVS/lib/64:/opt/MVS/lib/32 /usr/local/bin/cmake /home/ubuntu-nuc/rc2_ws/src/FASTLIO2_ROS2/hba -DROS_EDITION=ROS2 -DDISTRO_ROS=humble -DCMAKE_INSTALL_PREFIX=/home/ubuntu-nuc/rc2_ws/install/hba
[13.417s] Invoking command in '/home/ubuntu-nuc/rc2_ws/build/hba': CMAKE_PREFIX_PATH=/home/ubuntu-nuc/rc2_ws/install/interface:/home/ubuntu-nuc/rc2_ws/install/pgo:/home/ubuntu-nuc/rc2_ws/install/meiling_control:/home/ubuntu-nuc/rc2_ws/install/localizer:/home/ubuntu-nuc/rc2_ws/install/fastlio2:/home/ubuntu-nuc/rc2_ws/install/livox_ros_driver2:/home/ubuntu-nuc/rc2_ws/install/hba:/home/ubuntu-nuc/rc2_ws/install/meiling_detect_debug:/home/ubuntu-nuc/rc2_ws/install/meiling_detect:/opt/ros/humble:/home/ubuntu-nuc/rc2_ws/install/auto_aim_interfaces:/home/ubuntu-nuc/rc_ws/install/fast_lio:/home/ubuntu-nuc/rc_ws/install/livox_ros_driver2 LD_LIBRARY_PATH=/home/ubuntu-nuc/rc2_ws/install/interface/lib:/usr/lib/x86_64-linux-gnu:/home/ubuntu-nuc/rc2_ws/install/livox_sdk2/lib:/home/ubuntu-nuc/rc2_ws/install/livox_ros_driver2/lib:/home/ubuntu-nuc/rc2_ws/install/auto_aim_interfaces/lib:/home/ubuntu-nuc/rc_ws/install/fast_lio/lib:/home/ubuntu-nuc/rc_ws/install/livox_ros_driver2/lib:/usr/lib/x86_64-linux-gnu/gazebo-11/plugins:/opt/ros/humble/opt/rviz_ogre_vendor/lib:/opt/ros/humble/lib/x86_64-linux-gnu:/opt/ros/humble/opt/openvdb_vendor/lib:/opt/ros/humble/lib:/opt/MVS/lib/64:/opt/MVS/lib/32:/opt/MVS/lib/64:/opt/MVS/lib/32:/opt/MVS/lib/64:/opt/MVS/lib/32 /usr/local/bin/cmake --build /home/ubuntu-nuc/rc2_ws/build/hba -- -j8 -l8
[13.456s] [ 20%] [32mBuilding CXX object CMakeFiles/hba_node.dir/src/hba_node.cpp.o[0m
[35.295s] [ 40%] [32mBuilding CXX object CMakeFiles/hba_node.dir/src/hba/hba.cpp.o[0m
[35.295s] [ 60%] [32mBuilding CXX object CMakeFiles/hba_node.dir/src/hba/blam.cpp.o[0m
[52.527s] [ 80%] [32mBuilding CXX object CMakeFiles/hba_node.dir/src/hba/commons.cpp.o[0m
[55.914s] [100%] [32m[1mLinking CXX executable hba_node[0m
[56.800s] [100%] Built target hba_node
[56.805s] Invoked command in '/home/ubuntu-nuc/rc2_ws/build/hba' returned '0': CMAKE_PREFIX_PATH=/home/ubuntu-nuc/rc2_ws/install/interface:/home/ubuntu-nuc/rc2_ws/install/pgo:/home/ubuntu-nuc/rc2_ws/install/meiling_control:/home/ubuntu-nuc/rc2_ws/install/localizer:/home/ubuntu-nuc/rc2_ws/install/fastlio2:/home/ubuntu-nuc/rc2_ws/install/livox_ros_driver2:/home/ubuntu-nuc/rc2_ws/install/hba:/home/ubuntu-nuc/rc2_ws/install/meiling_detect_debug:/home/ubuntu-nuc/rc2_ws/install/meiling_detect:/opt/ros/humble:/home/ubuntu-nuc/rc2_ws/install/auto_aim_interfaces:/home/ubuntu-nuc/rc_ws/install/fast_lio:/home/ubuntu-nuc/rc_ws/install/livox_ros_driver2 LD_LIBRARY_PATH=/home/ubuntu-nuc/rc2_ws/install/interface/lib:/usr/lib/x86_64-linux-gnu:/home/ubuntu-nuc/rc2_ws/install/livox_sdk2/lib:/home/ubuntu-nuc/rc2_ws/install/livox_ros_driver2/lib:/home/ubuntu-nuc/rc2_ws/install/auto_aim_interfaces/lib:/home/ubuntu-nuc/rc_ws/install/fast_lio/lib:/home/ubuntu-nuc/rc_ws/install/livox_ros_driver2/lib:/usr/lib/x86_64-linux-gnu/gazebo-11/plugins:/opt/ros/humble/opt/rviz_ogre_vendor/lib:/opt/ros/humble/lib/x86_64-linux-gnu:/opt/ros/humble/opt/openvdb_vendor/lib:/opt/ros/humble/lib:/opt/MVS/lib/64:/opt/MVS/lib/32:/opt/MVS/lib/64:/opt/MVS/lib/32:/opt/MVS/lib/64:/opt/MVS/lib/32 /usr/local/bin/cmake --build /home/ubuntu-nuc/rc2_ws/build/hba -- -j8 -l8
[56.807s] Invoking command in '/home/ubuntu-nuc/rc2_ws/build/hba': CMAKE_PREFIX_PATH=/home/ubuntu-nuc/rc2_ws/install/interface:/home/ubuntu-nuc/rc2_ws/install/pgo:/home/ubuntu-nuc/rc2_ws/install/meiling_control:/home/ubuntu-nuc/rc2_ws/install/localizer:/home/ubuntu-nuc/rc2_ws/install/fastlio2:/home/ubuntu-nuc/rc2_ws/install/livox_ros_driver2:/home/ubuntu-nuc/rc2_ws/install/hba:/home/ubuntu-nuc/rc2_ws/install/meiling_detect_debug:/home/ubuntu-nuc/rc2_ws/install/meiling_detect:/opt/ros/humble:/home/ubuntu-nuc/rc2_ws/install/auto_aim_interfaces:/home/ubuntu-nuc/rc_ws/install/fast_lio:/home/ubuntu-nuc/rc_ws/install/livox_ros_driver2 LD_LIBRARY_PATH=/home/ubuntu-nuc/rc2_ws/install/interface/lib:/usr/lib/x86_64-linux-gnu:/home/ubuntu-nuc/rc2_ws/install/livox_sdk2/lib:/home/ubuntu-nuc/rc2_ws/install/livox_ros_driver2/lib:/home/ubuntu-nuc/rc2_ws/install/auto_aim_interfaces/lib:/home/ubuntu-nuc/rc_ws/install/fast_lio/lib:/home/ubuntu-nuc/rc_ws/install/livox_ros_driver2/lib:/usr/lib/x86_64-linux-gnu/gazebo-11/plugins:/opt/ros/humble/opt/rviz_ogre_vendor/lib:/opt/ros/humble/lib/x86_64-linux-gnu:/opt/ros/humble/opt/openvdb_vendor/lib:/opt/ros/humble/lib:/opt/MVS/lib/64:/opt/MVS/lib/32:/opt/MVS/lib/64:/opt/MVS/lib/32:/opt/MVS/lib/64:/opt/MVS/lib/32 /usr/local/bin/cmake --install /home/ubuntu-nuc/rc2_ws/build/hba
[56.810s] -- Install configuration: "Release"
[56.810s] -- Installing: /home/ubuntu-nuc/rc2_ws/install/hba/lib/hba/hba_node
[56.811s] -- Set non-toolchain portion of runtime path of "/home/ubuntu-nuc/rc2_ws/install/hba/lib/hba/hba_node" to ""
[56.811s] -- Installing: /home/ubuntu-nuc/rc2_ws/install/hba/share/hba/launch
[56.811s] -- Installing: /home/ubuntu-nuc/rc2_ws/install/hba/share/hba/launch/hba_launch.py
[56.811s] -- Installing: /home/ubuntu-nuc/rc2_ws/install/hba/share/hba/config
[56.811s] -- Installing: /home/ubuntu-nuc/rc2_ws/install/hba/share/hba/config/hba.yaml
[56.811s] -- Installing: /home/ubuntu-nuc/rc2_ws/install/hba/share/hba/rviz
[56.811s] -- Installing: /home/ubuntu-nuc/rc2_ws/install/hba/share/hba/rviz/hba.rviz
[56.811s] -- Installing: /home/ubuntu-nuc/rc2_ws/install/hba/share/ament_index/resource_index/package_run_dependencies/hba
[56.811s] -- Installing: /home/ubuntu-nuc/rc2_ws/install/hba/share/ament_index/resource_index/parent_prefix_path/hba
[56.811s] -- Installing: /home/ubuntu-nuc/rc2_ws/install/hba/share/hba/environment/ament_prefix_path.sh
[56.812s] -- Installing: /home/ubuntu-nuc/rc2_ws/install/hba/share/hba/environment/ament_prefix_path.dsv
[56.812s] -- Installing: /home/ubuntu-nuc/rc2_ws/install/hba/share/hba/environment/path.sh
[56.812s] -- Installing: /home/ubuntu-nuc/rc2_ws/install/hba/share/hba/environment/path.dsv
[56.812s] -- Installing: /home/ubuntu-nuc/rc2_ws/install/hba/share/hba/local_setup.bash
[56.812s] -- Installing: /home/ubuntu-nuc/rc2_ws/install/hba/share/hba/local_setup.sh
[56.812s] -- Installing: /home/ubuntu-nuc/rc2_ws/install/hba/share/hba/local_setup.zsh
[56.812s] -- Installing: /home/ubuntu-nuc/rc2_ws/install/hba/share/hba/local_setup.dsv
[56.812s] -- Installing: /home/ubuntu-nuc/rc2_ws/install/hba/share/hba/package.dsv
[56.812s] -- Installing: /home/ubuntu-nuc/rc2_ws/install/hba/share/ament_index/resource_index/packages/hba
[56.812s] -- Installing: /home/ubuntu-nuc/rc2_ws/install/hba/share/hba/cmake/hbaConfig.cmake
[56.812s] -- Installing: /home/ubuntu-nuc/rc2_ws/install/hba/share/hba/cmake/hbaConfig-version.cmake
[56.813s] -- Installing: /home/ubuntu-nuc/rc2_ws/install/hba/share/hba/package.xml
[56.814s] Invoked command in '/home/ubuntu-nuc/rc2_ws/build/hba' returned '0': CMAKE_PREFIX_PATH=/home/ubuntu-nuc/rc2_ws/install/interface:/home/ubuntu-nuc/rc2_ws/install/pgo:/home/ubuntu-nuc/rc2_ws/install/meiling_control:/home/ubuntu-nuc/rc2_ws/install/localizer:/home/ubuntu-nuc/rc2_ws/install/fastlio2:/home/ubuntu-nuc/rc2_ws/install/livox_ros_driver2:/home/ubuntu-nuc/rc2_ws/install/hba:/home/ubuntu-nuc/rc2_ws/install/meiling_detect_debug:/home/ubuntu-nuc/rc2_ws/install/meiling_detect:/opt/ros/humble:/home/ubuntu-nuc/rc2_ws/install/auto_aim_interfaces:/home/ubuntu-nuc/rc_ws/install/fast_lio:/home/ubuntu-nuc/rc_ws/install/livox_ros_driver2 LD_LIBRARY_PATH=/home/ubuntu-nuc/rc2_ws/install/interface/lib:/usr/lib/x86_64-linux-gnu:/home/ubuntu-nuc/rc2_ws/install/livox_sdk2/lib:/home/ubuntu-nuc/rc2_ws/install/livox_ros_driver2/lib:/home/ubuntu-nuc/rc2_ws/install/auto_aim_interfaces/lib:/home/ubuntu-nuc/rc_ws/install/fast_lio/lib:/home/ubuntu-nuc/rc_ws/install/livox_ros_driver2/lib:/usr/lib/x86_64-linux-gnu/gazebo-11/plugins:/opt/ros/humble/opt/rviz_ogre_vendor/lib:/opt/ros/humble/lib/x86_64-linux-gnu:/opt/ros/humble/opt/openvdb_vendor/lib:/opt/ros/humble/lib:/opt/MVS/lib/64:/opt/MVS/lib/32:/opt/MVS/lib/64:/opt/MVS/lib/32:/opt/MVS/lib/64:/opt/MVS/lib/32 /usr/local/bin/cmake --install /home/ubuntu-nuc/rc2_ws/build/hba
