[0.082s] Invoking command in '/home/ubuntu-nuc/rc2_ws/build/localizer': AMENT_PREFIX_PATH=/home/ubuntu-nuc/rc2_ws/install/interface:${AMENT_PREFIX_PATH} CMAKE_PREFIX_PATH=/home/ubuntu-nuc/rc2_ws/install/interface:/opt/ros/humble:${CMAKE_PREFIX_PATH} LD_LIBRARY_PATH=/home/ubuntu-nuc/rc2_ws/install/interface/lib:/opt/MVS/lib/64:/opt/MVS/lib/32:/usr/lib/x86_64-linux-gnu:/home/ubuntu-nuc/rc2_ws/install/auto_aim_interfaces/lib:/home/ubuntu-nuc/rc_ws/install/fast_lio/lib:/home/ubuntu-nuc/rc_ws/install/livox_ros_driver2/lib:/usr/lib/x86_64-linux-gnu/gazebo-11/plugins:/opt/ros/humble/opt/rviz_ogre_vendor/lib:/opt/ros/humble/lib/x86_64-linux-gnu:/opt/ros/humble/opt/openvdb_vendor/lib:/opt/ros/humble/lib:/opt/MVS/lib/64:/opt/MVS/lib/32:/opt/MVS/lib/64:/opt/MVS/lib/32 PYTHONPATH=/home/ubuntu-nuc/rc2_ws/install/interface/local/lib/python3.10/dist-packages:${PYTHONPATH} /usr/local/bin/cmake /home/ubuntu-nuc/rc2_ws/src/FASTLIO2_ROS2/localizer -DROS_EDITION=ROS2 -DDISTRO_ROS=humble -DCMAKE_INSTALL_PREFIX=/home/ubuntu-nuc/rc2_ws/install/localizer
[0.102s] [0mCMake Deprecation Warning at CMakeLists.txt:1 (cmake_minimum_required):
[0.105s]   Compatibility with CMake < 3.10 will be removed from a future version of
[0.105s]   CMake.
[0.105s] 
[0.106s]   Update the VERSION argument <min> value.  Or, use the <min>...<max> syntax
[0.106s]   to tell CMake that the project requires at least <min> but has been updated
[0.106s]   to work with policies introduced by <max> or earlier.
[0.106s] 
[0.106s] [0m
[0.294s] -- The C compiler identification is GNU 11.4.0
[0.540s] -- The CXX compiler identification is GNU 11.4.0
[0.563s] -- Detecting C compiler ABI info
[0.762s] -- Detecting C compiler ABI info - done
[0.833s] -- Check for working C compiler: /usr/bin/cc - skipped
[0.835s] -- Detecting C compile features
[0.835s] -- Detecting C compile features - done
[0.880s] -- Detecting CXX compiler ABI info
[1.137s] -- Detecting CXX compiler ABI info - done
[1.194s] -- Check for working CXX compiler: /usr/bin/c++ - skipped
[1.194s] -- Detecting CXX compile features
[1.198s] -- Detecting CXX compile features - done
[1.209s] -- Found ament_cmake: 1.3.12 (/opt/ros/humble/share/ament_cmake/cmake)
[1.563s] -- Found Python3: /usr/bin/python3 (found version "3.10.12") found components: Interpreter
[1.864s] -- Found std_msgs: 4.9.0 (/opt/ros/humble/share/std_msgs/cmake)
[2.001s] -- Found rosidl_generator_c: 3.1.7 (/opt/ros/humble/share/rosidl_generator_c/cmake)
[2.037s] -- Found rosidl_adapter: 3.1.7 (/opt/ros/humble/share/rosidl_adapter/cmake)
[2.065s] -- Found rosidl_generator_cpp: 3.1.8 (/opt/ros/humble/share/rosidl_generator_cpp/cmake)
[2.125s] -- Using all available rosidl_typesupport_c: rosidl_typesupport_fastrtps_c;rosidl_typesupport_introspection_c
[2.202s] -- Using all available rosidl_typesupport_cpp: rosidl_typesupport_fastrtps_cpp;rosidl_typesupport_introspection_cpp
[2.337s] -- Found sensor_msgs: 4.9.0 (/opt/ros/humble/share/sensor_msgs/cmake)
[2.507s] -- Found nav_msgs: 4.9.0 (/opt/ros/humble/share/nav_msgs/cmake)
[2.624s] -- Found message_filters: 4.3.8 (/opt/ros/humble/share/message_filters/cmake)
[2.877s] -- Found rmw_implementation_cmake: 6.1.2 (/opt/ros/humble/share/rmw_implementation_cmake/cmake)
[2.890s] -- Found rmw_fastrtps_cpp: 6.2.8 (/opt/ros/humble/share/rmw_fastrtps_cpp/cmake)
[3.238s] -- Found OpenSSL: /usr/lib/x86_64-linux-gnu/libcrypto.so (found version "3.0.2")
[3.339s] -- Found FastRTPS: /opt/ros/humble/include
[3.492s] -- Using RMW implementation 'rmw_fastrtps_cpp' as default
[3.523s] -- Performing Test CMAKE_HAVE_LIBC_PTHREAD
[3.762s] -- Performing Test CMAKE_HAVE_LIBC_PTHREAD - Success
[3.765s] -- Found Threads: TRUE
[3.995s] -- Found tf2_ros: 0.25.16 (/opt/ros/humble/share/tf2_ros/cmake)
[4.478s] -- Found interface: 0.0.0 (/home/ubuntu-nuc/rc2_ws/install/interface/share/interface/cmake)
[4.529s] -- Found pcl_conversions: 2.4.5 (/opt/ros/humble/share/pcl_conversions/cmake)
[4.755s] [33mCMake Warning (dev) at /usr/lib/x86_64-linux-gnu/cmake/pcl/PCLConfig.cmake:146 (find_package):
[4.756s]   Policy CMP0144 is not set: find_package uses upper-case <PACKAGENAME>_ROOT
[4.756s]   variables.  Run "cmake --help-policy CMP0144" for policy details.  Use the
[4.756s]   cmake_policy command to set the policy and suppress this warning.
[4.756s] 
[4.756s]   CMake variable EIGEN_ROOT is set to:
[4.756s] 
[4.756s]     /usr/include/eigen3
[4.756s] 
[4.756s]   For compatibility, find_package is ignoring the variable, but code in a
[4.756s]   .cmake module might still use it.
[4.756s] Call Stack (most recent call first):
[4.756s]   /usr/lib/x86_64-linux-gnu/cmake/pcl/PCLConfig.cmake:299 (find_eigen)
[4.756s]   /usr/lib/x86_64-linux-gnu/cmake/pcl/PCLConfig.cmake:543 (find_external_library)
[4.757s]   /opt/ros/humble/share/pcl_conversions/cmake/ament_cmake_export_dependencies-extras.cmake:21 (find_package)
[4.757s]   /opt/ros/humble/share/pcl_conversions/cmake/pcl_conversionsConfig.cmake:41 (include)
[4.757s]   CMakeLists.txt:25 (find_package)
[4.757s] This warning is for project developers.  Use -Wno-dev to suppress it.
[4.757s] [0m
[4.774s] -- Checking for module 'eigen3'
[4.834s] --   Found eigen3, version 3.4.0
[4.939s] -- Found Eigen: /usr/include/eigen3 (Required is at least version "3.1")
[4.939s] -- Eigen found (include: /usr/include/eigen3, version: 3.4.0)
[4.939s] [33mCMake Warning (dev) at /usr/lib/x86_64-linux-gnu/cmake/pcl/PCLConfig.cmake:128 (find_package):
[4.939s]   Policy CMP0167 is not set: The FindBoost module is removed.  Run "cmake
[4.939s]   --help-policy CMP0167" for policy details.  Use the cmake_policy command to
[4.939s]   set the policy and suppress this warning.
[4.939s] 
[4.939s] Call Stack (most recent call first):
[4.939s]   /usr/lib/x86_64-linux-gnu/cmake/pcl/PCLConfig.cmake:297 (find_boost)
[4.939s]   /usr/lib/x86_64-linux-gnu/cmake/pcl/PCLConfig.cmake:543 (find_external_library)
[4.939s]   /opt/ros/humble/share/pcl_conversions/cmake/ament_cmake_export_dependencies-extras.cmake:21 (find_package)
[4.939s]   /opt/ros/humble/share/pcl_conversions/cmake/pcl_conversionsConfig.cmake:41 (include)
[4.940s]   CMakeLists.txt:25 (find_package)
[4.940s] This warning is for project developers.  Use -Wno-dev to suppress it.
[4.940s] [0m
[5.071s] [33mCMake Warning (dev) at /usr/lib/x86_64-linux-gnu/cmake/pcl/Modules/FindFLANN.cmake:44 (find_package):
[5.071s]   Policy CMP0144 is not set: find_package uses upper-case <PACKAGENAME>_ROOT
[5.071s]   variables.  Run "cmake --help-policy CMP0144" for policy details.  Use the
[5.071s]   cmake_policy command to set the policy and suppress this warning.
[5.072s] 
[5.072s]   CMake variable FLANN_ROOT is set to:
[5.072s] 
[5.072s]     /usr
[5.072s] 
[5.072s]   For compatibility, find_package is ignoring the variable, but code in a
[5.072s]   .cmake module might still use it.
[5.072s] Call Stack (most recent call first):
[5.072s]   /usr/lib/x86_64-linux-gnu/cmake/pcl/PCLConfig.cmake:256 (find_package)
[5.072s]   /usr/lib/x86_64-linux-gnu/cmake/pcl/PCLConfig.cmake:301 (find_flann)
[5.072s]   /usr/lib/x86_64-linux-gnu/cmake/pcl/PCLConfig.cmake:543 (find_external_library)
[5.072s]   /opt/ros/humble/share/pcl_conversions/cmake/ament_cmake_export_dependencies-extras.cmake:21 (find_package)
[5.072s]   /opt/ros/humble/share/pcl_conversions/cmake/pcl_conversionsConfig.cmake:41 (include)
[5.073s]   CMakeLists.txt:25 (find_package)
[5.073s] This warning is for project developers.  Use -Wno-dev to suppress it.
[5.073s] [0m
[5.131s] -- Checking for module 'flann'
[5.181s] --   Found flann, version 1.9.1
[5.347s] -- Found FLANN: /usr/lib/x86_64-linux-gnu/libflann_cpp.so
[5.348s] -- FLANN found (include: /usr/include, lib: /usr/lib/x86_64-linux-gnu/libflann_cpp.so)
[9.305s] -- Checking for module 'libusb-1.0'
[9.348s] --   Found libusb-1.0, version 1.0.25
[9.465s] -- Found libusb: /usr/lib/x86_64-linux-gnu/libusb-1.0.so
[9.472s] -- OpenNI found (version: 1.5.4.0, include: /usr/include/ni, lib: /usr/lib/libOpenNI.so;libusb::libusb)
[9.656s] -- OpenNI2 found (version: 2.2.0.33, include: /usr/include/openni2, lib: /usr/lib/x86_64-linux-gnu/libOpenNI2.so;libusb::libusb)
[11.023s] [33mCMake Warning (dev) at /usr/lib/x86_64-linux-gnu/cmake/pcl/PCLConfig.cmake:128 (find_package):
[11.023s]   Policy CMP0167 is not set: The FindBoost module is removed.  Run "cmake
[11.023s]   --help-policy CMP0167" for policy details.  Use the cmake_policy command to
[11.023s]   set the policy and suppress this warning.
[11.023s] 
[11.023s] Call Stack (most recent call first):
[11.023s]   /usr/lib/x86_64-linux-gnu/cmake/pcl/PCLConfig.cmake:297 (find_boost)
[11.023s]   /usr/lib/x86_64-linux-gnu/cmake/pcl/PCLConfig.cmake:543 (find_external_library)
[11.023s]   /opt/ros/humble/share/pcl_conversions/cmake/ament_cmake_export_dependencies-extras.cmake:21 (find_package)
[11.024s]   /opt/ros/humble/share/pcl_conversions/cmake/pcl_conversionsConfig.cmake:41 (include)
[11.024s]   CMakeLists.txt:25 (find_package)
[11.024s] This warning is for project developers.  Use -Wno-dev to suppress it.
[11.024s] [0m
[11.068s] -- Eigen found (include: /usr/include/eigen3, version: 3.4.0)
[11.080s] -- OpenNI found (version: 1.5.4.0, include: /usr/include/ni, lib: /usr/lib/libOpenNI.so;libusb::libusb)
[11.103s] -- OpenNI2 found (version: 2.2.0.33, include: /usr/include/openni2, lib: /usr/lib/x86_64-linux-gnu/libOpenNI2.so;libusb::libusb)
[12.474s] -- Found Qhull version 8.0.2
[13.536s] -- OpenNI found (version: 1.5.4.0, include: /usr/include/ni, lib: /usr/lib/libOpenNI.so;libusb::libusb)
[14.303s] -- Found PCL_COMMON: /usr/lib/x86_64-linux-gnu/libpcl_common.so
[14.311s] -- Found PCL_KDTREE: /usr/lib/x86_64-linux-gnu/libpcl_kdtree.so
[14.319s] -- Found PCL_OCTREE: /usr/lib/x86_64-linux-gnu/libpcl_octree.so
[14.327s] -- Found PCL_SEARCH: /usr/lib/x86_64-linux-gnu/libpcl_search.so
[14.334s] -- Found PCL_SAMPLE_CONSENSUS: /usr/lib/x86_64-linux-gnu/libpcl_sample_consensus.so
[14.337s] -- Found PCL_FILTERS: /usr/lib/x86_64-linux-gnu/libpcl_filters.so
[14.338s] -- Found PCL_2D: /usr/include/pcl-1.12
[14.339s] -- Found PCL_GEOMETRY: /usr/include/pcl-1.12
[14.347s] -- Found PCL_IO: /usr/lib/x86_64-linux-gnu/libpcl_io.so
[14.356s] -- Found PCL_FEATURES: /usr/lib/x86_64-linux-gnu/libpcl_features.so
[14.368s] -- Found PCL_ML: /usr/lib/x86_64-linux-gnu/libpcl_ml.so
[14.372s] -- Found PCL_SEGMENTATION: /usr/lib/x86_64-linux-gnu/libpcl_segmentation.so
[14.378s] -- Found PCL_VISUALIZATION: /usr/lib/x86_64-linux-gnu/libpcl_visualization.so
[14.381s] -- Found PCL_SURFACE: /usr/lib/x86_64-linux-gnu/libpcl_surface.so
[14.385s] -- Found PCL_REGISTRATION: /usr/lib/x86_64-linux-gnu/libpcl_registration.so
[14.388s] -- Found PCL_KEYPOINTS: /usr/lib/x86_64-linux-gnu/libpcl_keypoints.so
[14.397s] -- Found PCL_TRACKING: /usr/lib/x86_64-linux-gnu/libpcl_tracking.so
[14.405s] -- Found PCL_RECOGNITION: /usr/lib/x86_64-linux-gnu/libpcl_recognition.so
[14.408s] -- Found PCL_STEREO: /usr/lib/x86_64-linux-gnu/libpcl_stereo.so
[14.412s] -- Found PCL_APPS: /usr/lib/x86_64-linux-gnu/libpcl_apps.so
[14.414s] -- Found PCL_IN_HAND_SCANNER: /usr/include/pcl-1.12
[14.415s] -- Found PCL_MODELER: /usr/include/pcl-1.12
[14.417s] -- Found PCL_POINT_CLOUD_EDITOR: /usr/include/pcl-1.12
[14.420s] -- Found PCL_OUTOFCORE: /usr/lib/x86_64-linux-gnu/libpcl_outofcore.so
[14.425s] -- Found PCL_PEOPLE: /usr/lib/x86_64-linux-gnu/libpcl_people.so
[14.440s] [33mCMake Warning (dev) at CMakeLists.txt:28 (find_package):
[14.440s]   Policy CMP0074 is not set: find_package uses <PackageName>_ROOT variables.
[14.441s]   Run "cmake --help-policy CMP0074" for policy details.  Use the cmake_policy
[14.441s]   command to set the policy and suppress this warning.
[14.441s] 
[14.441s]   CMake variable PCL_ROOT is set to:
[14.441s] 
[14.441s]     /usr
[14.441s] 
[14.441s]   For compatibility, CMake is ignoring the variable.
[14.443s] This warning is for project developers.  Use -Wno-dev to suppress it.
[14.443s] [0m
[14.506s] -- Found ament_lint_auto: 0.12.14 (/opt/ros/humble/share/ament_lint_auto/cmake)
[14.678s] -- Added test 'cppcheck' to perform static code analysis on C / C++ code
[14.678s] -- Configured cppcheck include dirs: 
[14.678s] -- Configured cppcheck exclude dirs and/or files: 
[14.679s] -- Added test 'flake8' to check Python code syntax and style conventions
[14.680s] -- Added test 'lint_cmake' to check CMake code style
[14.681s] -- Added test 'pep257' to check Python code against some of the docstring style conventions in PEP 257
[14.682s] -- Added test 'uncrustify' to check C / C++ code style
[14.682s] -- Configured uncrustify additional arguments: 
[14.683s] -- Added test 'xmllint' to check XML markup files
[14.685s] -- Configuring done (14.6s)
[14.780s] -- Generating done (0.1s)
[14.780s] [33mCMake Warning:
[14.780s]   Manually-specified variables were not used by the project:
[14.780s] 
[14.780s]     DISTRO_ROS
[14.780s]     ROS_EDITION
[14.780s] 
[14.780s] [0m
[14.791s] -- Build files have been written to: /home/ubuntu-nuc/rc2_ws/build/localizer
[14.827s] Invoked command in '/home/ubuntu-nuc/rc2_ws/build/localizer' returned '0': AMENT_PREFIX_PATH=/home/ubuntu-nuc/rc2_ws/install/interface:${AMENT_PREFIX_PATH} CMAKE_PREFIX_PATH=/home/ubuntu-nuc/rc2_ws/install/interface:/opt/ros/humble:${CMAKE_PREFIX_PATH} LD_LIBRARY_PATH=/home/ubuntu-nuc/rc2_ws/install/interface/lib:/opt/MVS/lib/64:/opt/MVS/lib/32:/usr/lib/x86_64-linux-gnu:/home/ubuntu-nuc/rc2_ws/install/auto_aim_interfaces/lib:/home/ubuntu-nuc/rc_ws/install/fast_lio/lib:/home/ubuntu-nuc/rc_ws/install/livox_ros_driver2/lib:/usr/lib/x86_64-linux-gnu/gazebo-11/plugins:/opt/ros/humble/opt/rviz_ogre_vendor/lib:/opt/ros/humble/lib/x86_64-linux-gnu:/opt/ros/humble/opt/openvdb_vendor/lib:/opt/ros/humble/lib:/opt/MVS/lib/64:/opt/MVS/lib/32:/opt/MVS/lib/64:/opt/MVS/lib/32 PYTHONPATH=/home/ubuntu-nuc/rc2_ws/install/interface/local/lib/python3.10/dist-packages:${PYTHONPATH} /usr/local/bin/cmake /home/ubuntu-nuc/rc2_ws/src/FASTLIO2_ROS2/localizer -DROS_EDITION=ROS2 -DDISTRO_ROS=humble -DCMAKE_INSTALL_PREFIX=/home/ubuntu-nuc/rc2_ws/install/localizer
[14.828s] Invoking command in '/home/ubuntu-nuc/rc2_ws/build/localizer': AMENT_PREFIX_PATH=/home/ubuntu-nuc/rc2_ws/install/interface:${AMENT_PREFIX_PATH} CMAKE_PREFIX_PATH=/home/ubuntu-nuc/rc2_ws/install/interface:/opt/ros/humble:${CMAKE_PREFIX_PATH} LD_LIBRARY_PATH=/home/ubuntu-nuc/rc2_ws/install/interface/lib:/opt/MVS/lib/64:/opt/MVS/lib/32:/usr/lib/x86_64-linux-gnu:/home/ubuntu-nuc/rc2_ws/install/auto_aim_interfaces/lib:/home/ubuntu-nuc/rc_ws/install/fast_lio/lib:/home/ubuntu-nuc/rc_ws/install/livox_ros_driver2/lib:/usr/lib/x86_64-linux-gnu/gazebo-11/plugins:/opt/ros/humble/opt/rviz_ogre_vendor/lib:/opt/ros/humble/lib/x86_64-linux-gnu:/opt/ros/humble/opt/openvdb_vendor/lib:/opt/ros/humble/lib:/opt/MVS/lib/64:/opt/MVS/lib/32:/opt/MVS/lib/64:/opt/MVS/lib/32 PYTHONPATH=/home/ubuntu-nuc/rc2_ws/install/interface/local/lib/python3.10/dist-packages:${PYTHONPATH} /usr/local/bin/cmake --build /home/ubuntu-nuc/rc2_ws/build/localizer -- -j8 -l8
[14.888s] [ 25%] [32mBuilding CXX object CMakeFiles/localizer_node.dir/src/localizer_node.cpp.o[0m
[56.971s] [ 50%] [32mBuilding CXX object CMakeFiles/localizer_node.dir/src/localizers/icp_localizer.cpp.o[0m
[70.208s] [ 75%] [32mBuilding CXX object CMakeFiles/localizer_node.dir/src/localizers/commons.cpp.o[0m
[73.471s] [100%] [32m[1mLinking CXX executable localizer_node[0m
[74.398s] [100%] Built target localizer_node
[74.404s] Invoked command in '/home/ubuntu-nuc/rc2_ws/build/localizer' returned '0': AMENT_PREFIX_PATH=/home/ubuntu-nuc/rc2_ws/install/interface:${AMENT_PREFIX_PATH} CMAKE_PREFIX_PATH=/home/ubuntu-nuc/rc2_ws/install/interface:/opt/ros/humble:${CMAKE_PREFIX_PATH} LD_LIBRARY_PATH=/home/ubuntu-nuc/rc2_ws/install/interface/lib:/opt/MVS/lib/64:/opt/MVS/lib/32:/usr/lib/x86_64-linux-gnu:/home/ubuntu-nuc/rc2_ws/install/auto_aim_interfaces/lib:/home/ubuntu-nuc/rc_ws/install/fast_lio/lib:/home/ubuntu-nuc/rc_ws/install/livox_ros_driver2/lib:/usr/lib/x86_64-linux-gnu/gazebo-11/plugins:/opt/ros/humble/opt/rviz_ogre_vendor/lib:/opt/ros/humble/lib/x86_64-linux-gnu:/opt/ros/humble/opt/openvdb_vendor/lib:/opt/ros/humble/lib:/opt/MVS/lib/64:/opt/MVS/lib/32:/opt/MVS/lib/64:/opt/MVS/lib/32 PYTHONPATH=/home/ubuntu-nuc/rc2_ws/install/interface/local/lib/python3.10/dist-packages:${PYTHONPATH} /usr/local/bin/cmake --build /home/ubuntu-nuc/rc2_ws/build/localizer -- -j8 -l8
[74.406s] Invoking command in '/home/ubuntu-nuc/rc2_ws/build/localizer': AMENT_PREFIX_PATH=/home/ubuntu-nuc/rc2_ws/install/interface:${AMENT_PREFIX_PATH} CMAKE_PREFIX_PATH=/home/ubuntu-nuc/rc2_ws/install/interface:/opt/ros/humble:${CMAKE_PREFIX_PATH} LD_LIBRARY_PATH=/home/ubuntu-nuc/rc2_ws/install/interface/lib:/opt/MVS/lib/64:/opt/MVS/lib/32:/usr/lib/x86_64-linux-gnu:/home/ubuntu-nuc/rc2_ws/install/auto_aim_interfaces/lib:/home/ubuntu-nuc/rc_ws/install/fast_lio/lib:/home/ubuntu-nuc/rc_ws/install/livox_ros_driver2/lib:/usr/lib/x86_64-linux-gnu/gazebo-11/plugins:/opt/ros/humble/opt/rviz_ogre_vendor/lib:/opt/ros/humble/lib/x86_64-linux-gnu:/opt/ros/humble/opt/openvdb_vendor/lib:/opt/ros/humble/lib:/opt/MVS/lib/64:/opt/MVS/lib/32:/opt/MVS/lib/64:/opt/MVS/lib/32 PYTHONPATH=/home/ubuntu-nuc/rc2_ws/install/interface/local/lib/python3.10/dist-packages:${PYTHONPATH} /usr/local/bin/cmake --install /home/ubuntu-nuc/rc2_ws/build/localizer
[74.409s] -- Install configuration: "Release"
[74.410s] -- Installing: /home/ubuntu-nuc/rc2_ws/install/localizer/lib/localizer/localizer_node
[74.411s] -- Set non-toolchain portion of runtime path of "/home/ubuntu-nuc/rc2_ws/install/localizer/lib/localizer/localizer_node" to ""
[74.411s] -- Installing: /home/ubuntu-nuc/rc2_ws/install/localizer/share/localizer/launch
[74.411s] -- Installing: /home/ubuntu-nuc/rc2_ws/install/localizer/share/localizer/launch/localizer_launch.py
[74.411s] -- Installing: /home/ubuntu-nuc/rc2_ws/install/localizer/share/localizer/config
[74.411s] -- Installing: /home/ubuntu-nuc/rc2_ws/install/localizer/share/localizer/config/localizer.yaml
[74.411s] -- Installing: /home/ubuntu-nuc/rc2_ws/install/localizer/share/localizer/rviz
[74.412s] -- Installing: /home/ubuntu-nuc/rc2_ws/install/localizer/share/localizer/rviz/localizer.rviz
[74.412s] -- Installing: /home/ubuntu-nuc/rc2_ws/install/localizer/share/ament_index/resource_index/package_run_dependencies/localizer
[74.412s] -- Installing: /home/ubuntu-nuc/rc2_ws/install/localizer/share/ament_index/resource_index/parent_prefix_path/localizer
[74.412s] -- Installing: /home/ubuntu-nuc/rc2_ws/install/localizer/share/localizer/environment/ament_prefix_path.sh
[74.412s] -- Installing: /home/ubuntu-nuc/rc2_ws/install/localizer/share/localizer/environment/ament_prefix_path.dsv
[74.412s] -- Installing: /home/ubuntu-nuc/rc2_ws/install/localizer/share/localizer/environment/path.sh
[74.412s] -- Installing: /home/ubuntu-nuc/rc2_ws/install/localizer/share/localizer/environment/path.dsv
[74.412s] -- Installing: /home/ubuntu-nuc/rc2_ws/install/localizer/share/localizer/local_setup.bash
[74.412s] -- Installing: /home/ubuntu-nuc/rc2_ws/install/localizer/share/localizer/local_setup.sh
[74.413s] -- Installing: /home/ubuntu-nuc/rc2_ws/install/localizer/share/localizer/local_setup.zsh
[74.413s] -- Installing: /home/ubuntu-nuc/rc2_ws/install/localizer/share/localizer/local_setup.dsv
[74.413s] -- Installing: /home/ubuntu-nuc/rc2_ws/install/localizer/share/localizer/package.dsv
[74.413s] -- Installing: /home/ubuntu-nuc/rc2_ws/install/localizer/share/ament_index/resource_index/packages/localizer
[74.413s] -- Installing: /home/ubuntu-nuc/rc2_ws/install/localizer/share/localizer/cmake/localizerConfig.cmake
[74.413s] -- Installing: /home/ubuntu-nuc/rc2_ws/install/localizer/share/localizer/cmake/localizerConfig-version.cmake
[74.413s] -- Installing: /home/ubuntu-nuc/rc2_ws/install/localizer/share/localizer/package.xml
[74.415s] Invoked command in '/home/ubuntu-nuc/rc2_ws/build/localizer' returned '0': AMENT_PREFIX_PATH=/home/ubuntu-nuc/rc2_ws/install/interface:${AMENT_PREFIX_PATH} CMAKE_PREFIX_PATH=/home/ubuntu-nuc/rc2_ws/install/interface:/opt/ros/humble:${CMAKE_PREFIX_PATH} LD_LIBRARY_PATH=/home/ubuntu-nuc/rc2_ws/install/interface/lib:/opt/MVS/lib/64:/opt/MVS/lib/32:/usr/lib/x86_64-linux-gnu:/home/ubuntu-nuc/rc2_ws/install/auto_aim_interfaces/lib:/home/ubuntu-nuc/rc_ws/install/fast_lio/lib:/home/ubuntu-nuc/rc_ws/install/livox_ros_driver2/lib:/usr/lib/x86_64-linux-gnu/gazebo-11/plugins:/opt/ros/humble/opt/rviz_ogre_vendor/lib:/opt/ros/humble/lib/x86_64-linux-gnu:/opt/ros/humble/opt/openvdb_vendor/lib:/opt/ros/humble/lib:/opt/MVS/lib/64:/opt/MVS/lib/32:/opt/MVS/lib/64:/opt/MVS/lib/32 PYTHONPATH=/home/ubuntu-nuc/rc2_ws/install/interface/local/lib/python3.10/dist-packages:${PYTHONPATH} /usr/local/bin/cmake --install /home/ubuntu-nuc/rc2_ws/build/localizer
