[0.037s] Invoking command in '/home/ubuntu-nuc/rc2_ws/build/hba': CMAKE_PREFIX_PATH=/home/ubuntu-nuc/rc2_ws/install/interface:/home/ubuntu-nuc/rc2_ws/install/pgo:/home/ubuntu-nuc/rc2_ws/install/meiling_control:/home/ubuntu-nuc/rc2_ws/install/localizer:/home/ubuntu-nuc/rc2_ws/install/fastlio2:/home/ubuntu-nuc/rc2_ws/install/livox_ros_driver2:/home/ubuntu-nuc/rc2_ws/install/hba:/home/ubuntu-nuc/rc2_ws/install/meiling_detect_debug:/home/ubuntu-nuc/rc2_ws/install/meiling_detect:/opt/ros/humble:/home/ubuntu-nuc/rc2_ws/install/auto_aim_interfaces:/home/ubuntu-nuc/rc_ws/install/fast_lio:/home/ubuntu-nuc/rc_ws/install/livox_ros_driver2 LD_LIBRARY_PATH=/home/ubuntu-nuc/rc2_ws/install/interface/lib:/usr/lib/x86_64-linux-gnu:/home/ubuntu-nuc/rc2_ws/install/livox_sdk2/lib:/home/ubuntu-nuc/rc2_ws/install/livox_ros_driver2/lib:/home/ubuntu-nuc/rc2_ws/install/auto_aim_interfaces/lib:/home/ubuntu-nuc/rc_ws/install/fast_lio/lib:/home/ubuntu-nuc/rc_ws/install/livox_ros_driver2/lib:/usr/lib/x86_64-linux-gnu/gazebo-11/plugins:/opt/ros/humble/opt/rviz_ogre_vendor/lib:/opt/ros/humble/lib/x86_64-linux-gnu:/opt/ros/humble/opt/openvdb_vendor/lib:/opt/ros/humble/lib:/opt/MVS/lib/64:/opt/MVS/lib/32:/opt/MVS/lib/64:/opt/MVS/lib/32:/opt/MVS/lib/64:/opt/MVS/lib/32 /usr/local/bin/cmake /home/ubuntu-nuc/rc2_ws/src/FASTLIO2_ROS2/hba -DROS_EDITION=ROS2 -DDISTRO_ROS=humble -DCMAKE_INSTALL_PREFIX=/home/ubuntu-nuc/rc2_ws/install/hba
[0.049s] [0mCMake Deprecation Warning at CMakeLists.txt:1 (cmake_minimum_required):
[0.049s]   Compatibility with CMake < 3.10 will be removed from a future version of
[0.049s]   CMake.
[0.049s] 
[0.049s]   Update the VERSION argument <min> value.  Or, use the <min>...<max> syntax
[0.049s]   to tell CMake that the project requires at least <min> but has been updated
[0.049s]   to work with policies introduced by <max> or earlier.
[0.050s] 
[0.050s] [0m
[0.146s] -- The C compiler identification is GNU 11.4.0
[0.311s] -- The CXX compiler identification is GNU 11.4.0
[0.328s] -- Detecting C compiler ABI info
[0.461s] -- Detecting C compiler ABI info - done
[0.496s] -- Check for working C compiler: /usr/bin/cc - skipped
[0.497s] -- Detecting C compile features
[0.498s] -- Detecting C compile features - done
[0.521s] -- Detecting CXX compiler ABI info
[0.711s] -- Detecting CXX compiler ABI info - done
[0.749s] -- Check for working CXX compiler: /usr/bin/c++ - skipped
[0.750s] -- Detecting CXX compile features
[0.752s] -- Detecting CXX compile features - done
[0.769s] -- Found ament_cmake: 1.3.12 (/opt/ros/humble/share/ament_cmake/cmake)
[1.028s] -- Found Python3: /usr/bin/python3 (found version "3.10.12") found components: Interpreter
[1.245s] -- Found rclcpp: 16.0.14 (/opt/ros/humble/share/rclcpp/cmake)
[1.360s] -- Found rosidl_generator_c: 3.1.7 (/opt/ros/humble/share/rosidl_generator_c/cmake)
[1.374s] -- Found rosidl_adapter: 3.1.7 (/opt/ros/humble/share/rosidl_adapter/cmake)
[1.396s] -- Found rosidl_generator_cpp: 3.1.8 (/opt/ros/humble/share/rosidl_generator_cpp/cmake)
[1.431s] -- Using all available rosidl_typesupport_c: rosidl_typesupport_fastrtps_c;rosidl_typesupport_introspection_c
[1.480s] -- Using all available rosidl_typesupport_cpp: rosidl_typesupport_fastrtps_cpp;rosidl_typesupport_introspection_cpp
[1.576s] -- Found rmw_implementation_cmake: 6.1.2 (/opt/ros/humble/share/rmw_implementation_cmake/cmake)
[1.580s] -- Found rmw_fastrtps_cpp: 6.2.8 (/opt/ros/humble/share/rmw_fastrtps_cpp/cmake)
[1.765s] -- Found OpenSSL: /usr/lib/x86_64-linux-gnu/libcrypto.so (found version "3.0.2")
[1.850s] -- Found FastRTPS: /opt/ros/humble/include
[1.966s] -- Using RMW implementation 'rmw_fastrtps_cpp' as default
[1.983s] -- Performing Test CMAKE_HAVE_LIBC_PTHREAD
[2.108s] -- Performing Test CMAKE_HAVE_LIBC_PTHREAD - Success
[2.111s] -- Found Threads: TRUE
[2.281s] -- Found sensor_msgs: 4.9.0 (/opt/ros/humble/share/sensor_msgs/cmake)
[2.406s] -- Found interface: 0.0.0 (/home/ubuntu-nuc/rc2_ws/install/interface/share/interface/cmake)
[2.457s] -- Found pcl_conversions: 2.4.5 (/opt/ros/humble/share/pcl_conversions/cmake)
[2.588s] [33mCMake Warning (dev) at /usr/lib/x86_64-linux-gnu/cmake/pcl/PCLConfig.cmake:146 (find_package):
[2.588s]   Policy CMP0144 is not set: find_package uses upper-case <PACKAGENAME>_ROOT
[2.588s]   variables.  Run "cmake --help-policy CMP0144" for policy details.  Use the
[2.588s]   cmake_policy command to set the policy and suppress this warning.
[2.588s] 
[2.588s]   CMake variable EIGEN_ROOT is set to:
[2.588s] 
[2.588s]     /usr/include/eigen3
[2.588s] 
[2.588s]   For compatibility, find_package is ignoring the variable, but code in a
[2.589s]   .cmake module might still use it.
[2.589s] Call Stack (most recent call first):
[2.589s]   /usr/lib/x86_64-linux-gnu/cmake/pcl/PCLConfig.cmake:299 (find_eigen)
[2.589s]   /usr/lib/x86_64-linux-gnu/cmake/pcl/PCLConfig.cmake:543 (find_external_library)
[2.589s]   /opt/ros/humble/share/pcl_conversions/cmake/ament_cmake_export_dependencies-extras.cmake:21 (find_package)
[2.589s]   /opt/ros/humble/share/pcl_conversions/cmake/pcl_conversionsConfig.cmake:41 (include)
[2.589s]   CMakeLists.txt:25 (find_package)
[2.589s] This warning is for project developers.  Use -Wno-dev to suppress it.
[2.589s] [0m
[2.602s] -- Checking for module 'eigen3'
[2.636s] --   Found eigen3, version 3.4.0
[2.726s] -- Found Eigen: /usr/include/eigen3 (Required is at least version "3.1")
[2.728s] -- Eigen found (include: /usr/include/eigen3, version: 3.4.0)
[2.731s] [33mCMake Warning (dev) at /usr/lib/x86_64-linux-gnu/cmake/pcl/PCLConfig.cmake:128 (find_package):
[2.732s]   Policy CMP0167 is not set: The FindBoost module is removed.  Run "cmake
[2.732s]   --help-policy CMP0167" for policy details.  Use the cmake_policy command to
[2.732s]   set the policy and suppress this warning.
[2.732s] 
[2.732s] Call Stack (most recent call first):
[2.732s]   /usr/lib/x86_64-linux-gnu/cmake/pcl/PCLConfig.cmake:297 (find_boost)
[2.732s]   /usr/lib/x86_64-linux-gnu/cmake/pcl/PCLConfig.cmake:543 (find_external_library)
[2.732s]   /opt/ros/humble/share/pcl_conversions/cmake/ament_cmake_export_dependencies-extras.cmake:21 (find_package)
[2.732s]   /opt/ros/humble/share/pcl_conversions/cmake/pcl_conversionsConfig.cmake:41 (include)
[2.732s]   CMakeLists.txt:25 (find_package)
[2.732s] This warning is for project developers.  Use -Wno-dev to suppress it.
[2.733s] [0m
[2.895s] [33mCMake Warning (dev) at /usr/lib/x86_64-linux-gnu/cmake/pcl/Modules/FindFLANN.cmake:44 (find_package):
[2.895s]   Policy CMP0144 is not set: find_package uses upper-case <PACKAGENAME>_ROOT
[2.895s]   variables.  Run "cmake --help-policy CMP0144" for policy details.  Use the
[2.895s]   cmake_policy command to set the policy and suppress this warning.
[2.895s] 
[2.895s]   CMake variable FLANN_ROOT is set to:
[2.895s] 
[2.895s]     /usr
[2.895s] 
[2.895s]   For compatibility, find_package is ignoring the variable, but code in a
[2.895s]   .cmake module might still use it.
[2.895s] Call Stack (most recent call first):
[2.896s]   /usr/lib/x86_64-linux-gnu/cmake/pcl/PCLConfig.cmake:256 (find_package)
[2.896s]   /usr/lib/x86_64-linux-gnu/cmake/pcl/PCLConfig.cmake:301 (find_flann)
[2.896s]   /usr/lib/x86_64-linux-gnu/cmake/pcl/PCLConfig.cmake:543 (find_external_library)
[2.896s]   /opt/ros/humble/share/pcl_conversions/cmake/ament_cmake_export_dependencies-extras.cmake:21 (find_package)
[2.896s]   /opt/ros/humble/share/pcl_conversions/cmake/pcl_conversionsConfig.cmake:41 (include)
[2.896s]   CMakeLists.txt:25 (find_package)
[2.896s] This warning is for project developers.  Use -Wno-dev to suppress it.
[2.896s] [0m
[2.965s] -- Checking for module 'flann'
[3.002s] --   Found flann, version 1.9.1
[3.189s] -- Found FLANN: /usr/lib/x86_64-linux-gnu/libflann_cpp.so
[3.190s] -- FLANN found (include: /usr/include, lib: /usr/lib/x86_64-linux-gnu/libflann_cpp.so)
[6.334s] -- Checking for module 'libusb-1.0'
[6.375s] --   Found libusb-1.0, version 1.0.25
[6.452s] -- Found libusb: /usr/lib/x86_64-linux-gnu/libusb-1.0.so
[6.455s] -- OpenNI found (version: 1.5.4.0, include: /usr/include/ni, lib: /usr/lib/libOpenNI.so;libusb::libusb)
[6.607s] -- OpenNI2 found (version: 2.2.0.33, include: /usr/include/openni2, lib: /usr/lib/x86_64-linux-gnu/libOpenNI2.so;libusb::libusb)
[7.522s] [33mCMake Warning (dev) at /usr/lib/x86_64-linux-gnu/cmake/pcl/PCLConfig.cmake:128 (find_package):
[7.522s]   Policy CMP0167 is not set: The FindBoost module is removed.  Run "cmake
[7.522s]   --help-policy CMP0167" for policy details.  Use the cmake_policy command to
[7.522s]   set the policy and suppress this warning.
[7.522s] 
[7.522s] Call Stack (most recent call first):
[7.522s]   /usr/lib/x86_64-linux-gnu/cmake/pcl/PCLConfig.cmake:297 (find_boost)
[7.522s]   /usr/lib/x86_64-linux-gnu/cmake/pcl/PCLConfig.cmake:543 (find_external_library)
[7.522s]   /opt/ros/humble/share/pcl_conversions/cmake/ament_cmake_export_dependencies-extras.cmake:21 (find_package)
[7.522s]   /opt/ros/humble/share/pcl_conversions/cmake/pcl_conversionsConfig.cmake:41 (include)
[7.523s]   CMakeLists.txt:25 (find_package)
[7.523s] This warning is for project developers.  Use -Wno-dev to suppress it.
[7.523s] [0m
[7.550s] -- Eigen found (include: /usr/include/eigen3, version: 3.4.0)
[7.565s] -- OpenNI found (version: 1.5.4.0, include: /usr/include/ni, lib: /usr/lib/libOpenNI.so;libusb::libusb)
[7.579s] -- OpenNI2 found (version: 2.2.0.33, include: /usr/include/openni2, lib: /usr/lib/x86_64-linux-gnu/libOpenNI2.so;libusb::libusb)
[8.301s] -- Found Qhull version 8.0.2
[8.865s] -- OpenNI found (version: 1.5.4.0, include: /usr/include/ni, lib: /usr/lib/libOpenNI.so;libusb::libusb)
[9.261s] -- Found PCL_COMMON: /usr/lib/x86_64-linux-gnu/libpcl_common.so
[9.263s] -- Found PCL_KDTREE: /usr/lib/x86_64-linux-gnu/libpcl_kdtree.so
[9.266s] -- Found PCL_OCTREE: /usr/lib/x86_64-linux-gnu/libpcl_octree.so
[9.266s] -- Found PCL_SEARCH: /usr/lib/x86_64-linux-gnu/libpcl_search.so
[9.268s] -- Found PCL_SAMPLE_CONSENSUS: /usr/lib/x86_64-linux-gnu/libpcl_sample_consensus.so
[9.269s] -- Found PCL_FILTERS: /usr/lib/x86_64-linux-gnu/libpcl_filters.so
[9.270s] -- Found PCL_2D: /usr/include/pcl-1.12
[9.271s] -- Found PCL_GEOMETRY: /usr/include/pcl-1.12
[9.272s] -- Found PCL_IO: /usr/lib/x86_64-linux-gnu/libpcl_io.so
[9.274s] -- Found PCL_FEATURES: /usr/lib/x86_64-linux-gnu/libpcl_features.so
[9.277s] -- Found PCL_ML: /usr/lib/x86_64-linux-gnu/libpcl_ml.so
[9.277s] -- Found PCL_SEGMENTATION: /usr/lib/x86_64-linux-gnu/libpcl_segmentation.so
[9.279s] -- Found PCL_VISUALIZATION: /usr/lib/x86_64-linux-gnu/libpcl_visualization.so
[9.281s] -- Found PCL_SURFACE: /usr/lib/x86_64-linux-gnu/libpcl_surface.so
[9.283s] -- Found PCL_REGISTRATION: /usr/lib/x86_64-linux-gnu/libpcl_registration.so
[9.285s] -- Found PCL_KEYPOINTS: /usr/lib/x86_64-linux-gnu/libpcl_keypoints.so
[9.286s] -- Found PCL_TRACKING: /usr/lib/x86_64-linux-gnu/libpcl_tracking.so
[9.290s] -- Found PCL_RECOGNITION: /usr/lib/x86_64-linux-gnu/libpcl_recognition.so
[9.290s] -- Found PCL_STEREO: /usr/lib/x86_64-linux-gnu/libpcl_stereo.so
[9.292s] -- Found PCL_APPS: /usr/lib/x86_64-linux-gnu/libpcl_apps.so
[9.293s] -- Found PCL_IN_HAND_SCANNER: /usr/include/pcl-1.12
[9.293s] -- Found PCL_MODELER: /usr/include/pcl-1.12
[9.299s] -- Found PCL_POINT_CLOUD_EDITOR: /usr/include/pcl-1.12
[9.300s] -- Found PCL_OUTOFCORE: /usr/lib/x86_64-linux-gnu/libpcl_outofcore.so
[9.304s] -- Found PCL_PEOPLE: /usr/lib/x86_64-linux-gnu/libpcl_people.so
[9.379s] -- Found Boost: /usr/lib/x86_64-linux-gnu/cmake/Boost-1.74.0/BoostConfig.cmake (found suitable version "1.74.0", minimum required is "1.70") found components: graph serialization program_options random timer chrono
[9.385s] -- GTSAM include directory:  /usr/local/lib/cmake/GTSAM/../../../include
[9.403s] [33mCMake Warning (dev) at CMakeLists.txt:30 (find_package):
[9.403s]   Policy CMP0074 is not set: find_package uses <PackageName>_ROOT variables.
[9.403s]   Run "cmake --help-policy CMP0074" for policy details.  Use the cmake_policy
[9.403s]   command to set the policy and suppress this warning.
[9.404s] 
[9.404s]   CMake variable PCL_ROOT is set to:
[9.404s] 
[9.404s]     /usr
[9.404s] 
[9.404s]   For compatibility, CMake is ignoring the variable.
[9.404s] This warning is for project developers.  Use -Wno-dev to suppress it.
[9.404s] [0m
[10.091s] -- Found ament_lint_auto: 0.12.14 (/opt/ros/humble/share/ament_lint_auto/cmake)
[10.320s] -- Added test 'cppcheck' to perform static code analysis on C / C++ code
[10.321s] -- Configured cppcheck include dirs: 
[10.321s] -- Configured cppcheck exclude dirs and/or files: 
[10.322s] -- Added test 'flake8' to check Python code syntax and style conventions
[10.323s] -- Added test 'lint_cmake' to check CMake code style
[10.323s] -- Added test 'pep257' to check Python code against some of the docstring style conventions in PEP 257
[10.325s] -- Added test 'uncrustify' to check C / C++ code style
[10.325s] -- Configured uncrustify additional arguments: 
[10.327s] -- Added test 'xmllint' to check XML markup files
[10.327s] -- Configuring done (10.3s)
[10.400s] -- Generating done (0.1s)
[10.400s] [33mCMake Warning:
[10.400s]   Manually-specified variables were not used by the project:
[10.400s] 
[10.400s]     DISTRO_ROS
[10.400s]     ROS_EDITION
[10.400s] 
[10.400s] [0m
[10.411s] -- Build files have been written to: /home/ubuntu-nuc/rc2_ws/build/hba
