[0.016s] Invoking command in '/home/ubuntu-nuc/rc2_ws/build/auto_aim_interfaces': /usr/local/bin/cmake --build /home/ubuntu-nuc/rc2_ws/build/auto_aim_interfaces -- -j8 -l8
[0.080s] [0mCMake Deprecation Warning at CMakeLists.txt:1 (cmake_minimum_required):
[0.080s]   Compatibility with CMake < 3.10 will be removed from a future version of
[0.080s]   CMake.
[0.080s] 
[0.080s]   Update the VERSION argument <min> value.  Or, use the <min>...<max> syntax
[0.080s]   to tell CMake that the project requires at least <min> but has been updated
[0.080s]   to work with policies introduced by <max> or earlier.
[0.080s] 
[0.080s] [0m
[0.098s] -- Found ament_cmake: 1.3.12 (/opt/ros/humble/share/ament_cmake/cmake)
[0.296s] -- Found rosidl_default_generators: 1.2.0 (/opt/ros/humble/share/rosidl_default_generators/cmake)
[0.299s] -- Using all available rosidl_typesupport_c: rosidl_typesupport_fastrtps_c;rosidl_typesupport_introspection_c
[0.303s] -- Found rosidl_adapter: 3.1.7 (/opt/ros/humble/share/rosidl_adapter/cmake)
[0.340s] -- Using all available rosidl_typesupport_cpp: rosidl_typesupport_fastrtps_cpp;rosidl_typesupport_introspection_cpp
[0.689s] -- Found ament_cmake_ros: 0.10.0 (/opt/ros/humble/share/ament_cmake_ros/cmake)
[0.946s] -- Using all available rosidl_typesupport_c: rosidl_typesupport_fastrtps_c;rosidl_typesupport_introspection_c
[1.293s] -- Using all available rosidl_typesupport_cpp: rosidl_typesupport_fastrtps_cpp;rosidl_typesupport_introspection_cpp
[1.295s] [33mCMake Warning (dev) at /opt/ros/humble/share/rosidl_generator_py/cmake/rosidl_generator_py_generate_interfaces.cmake:20 (find_package):
[1.295s]   Policy CMP0148 is not set: The FindPythonInterp and FindPythonLibs modules
[1.295s]   are removed.  Run "cmake --help-policy CMP0148" for policy details.  Use
[1.295s]   the cmake_policy command to set the policy and suppress this warning.
[1.295s] 
[1.295s] Call Stack (most recent call first):
[1.295s]   /opt/ros/humble/share/ament_cmake_core/cmake/core/ament_execute_extensions.cmake:48 (include)
[1.295s]   /opt/ros/humble/share/rosidl_cmake/cmake/rosidl_generate_interfaces.cmake:286 (ament_execute_extensions)
[1.295s]   CMakeLists.txt:7 (rosidl_generate_interfaces)
[1.295s] This warning is for project developers.  Use -Wno-dev to suppress it.
[1.295s] [0m
[1.308s] -- Found python_cmake_module: 0.10.0 (/opt/ros/humble/share/python_cmake_module/cmake)
[1.309s] [33mCMake Warning (dev) at /opt/ros/humble/share/python_cmake_module/cmake/Modules/FindPythonExtra.cmake:52 (find_package):
[1.309s]   Policy CMP0148 is not set: The FindPythonInterp and FindPythonLibs modules
[1.309s]   are removed.  Run "cmake --help-policy CMP0148" for policy details.  Use
[1.309s]   the cmake_policy command to set the policy and suppress this warning.
[1.309s] 
[1.310s] Call Stack (most recent call first):
[1.310s]   /opt/ros/humble/share/rosidl_generator_py/cmake/rosidl_generator_py_generate_interfaces.cmake:23 (find_package)
[1.310s]   /opt/ros/humble/share/ament_cmake_core/cmake/core/ament_execute_extensions.cmake:48 (include)
[1.310s]   /opt/ros/humble/share/rosidl_cmake/cmake/rosidl_generate_interfaces.cmake:286 (ament_execute_extensions)
[1.310s]   CMakeLists.txt:7 (rosidl_generate_interfaces)
[1.310s] This warning is for project developers.  Use -Wno-dev to suppress it.
[1.310s] [0m
[1.324s] [33mCMake Warning (dev) at /opt/ros/humble/share/python_cmake_module/cmake/Modules/FindPythonExtra.cmake:140 (find_package):
[1.324s]   Policy CMP0148 is not set: The FindPythonInterp and FindPythonLibs modules
[1.324s]   are removed.  Run "cmake --help-policy CMP0148" for policy details.  Use
[1.324s]   the cmake_policy command to set the policy and suppress this warning.
[1.324s] 
[1.324s] Call Stack (most recent call first):
[1.324s]   /opt/ros/humble/share/rosidl_generator_py/cmake/rosidl_generator_py_generate_interfaces.cmake:23 (find_package)
[1.325s]   /opt/ros/humble/share/ament_cmake_core/cmake/core/ament_execute_extensions.cmake:48 (include)
[1.325s]   /opt/ros/humble/share/rosidl_cmake/cmake/rosidl_generate_interfaces.cmake:286 (ament_execute_extensions)
[1.325s]   CMakeLists.txt:7 (rosidl_generate_interfaces)
[1.325s] This warning is for project developers.  Use -Wno-dev to suppress it.
[1.325s] [0m
[1.326s] -- Using PYTHON_EXECUTABLE: /usr/bin/python3
[1.326s] -- Using PYTHON_INCLUDE_DIRS: /usr/include/python3.10
[1.326s] -- Using PYTHON_LIBRARIES: /usr/lib/x86_64-linux-gnu/libpython3.10.so
[1.349s] -- Configuring done (1.3s)
[1.387s] -- Generating done (0.0s)
[1.394s] -- Build files have been written to: /home/ubuntu-nuc/rc2_ws/build/auto_aim_interfaces
[1.410s] [  2%] Built target auto_aim_interfaces__cpp
[1.411s] [ 12%] Built target auto_aim_interfaces__rosidl_generator_c
[1.416s] [ 12%] Built target ament_cmake_python_copy_auto_aim_interfaces
[1.423s] [ 23%] Built target auto_aim_interfaces__rosidl_typesupport_c
[1.423s] [ 34%] Built target auto_aim_interfaces__rosidl_typesupport_introspection_cpp
[1.424s] [ 57%] Built target auto_aim_interfaces__rosidl_typesupport_introspection_c
[1.424s] [ 57%] Built target auto_aim_interfaces__rosidl_typesupport_fastrtps_cpp
[1.424s] [ 65%] Built target auto_aim_interfaces__rosidl_typesupport_cpp
[1.425s] [ 76%] Built target auto_aim_interfaces__rosidl_typesupport_fastrtps_c
[1.433s] [ 76%] Built target auto_aim_interfaces
[1.441s] [ 78%] Built target auto_aim_interfaces__py
[1.452s] [ 87%] Built target auto_aim_interfaces__rosidl_generator_py
[1.462s] [100%] Built target auto_aim_interfaces__rosidl_typesupport_fastrtps_c__pyext
[1.462s] [100%] Built target auto_aim_interfaces__rosidl_typesupport_introspection_c__pyext
[1.462s] [100%] Built target auto_aim_interfaces__rosidl_typesupport_c__pyext
[1.595s] running egg_info
[1.596s] writing auto_aim_interfaces.egg-info/PKG-INFO
[1.596s] writing dependency_links to auto_aim_interfaces.egg-info/dependency_links.txt
[1.596s] writing top-level names to auto_aim_interfaces.egg-info/top_level.txt
[1.598s] reading manifest file 'auto_aim_interfaces.egg-info/SOURCES.txt'
[1.598s] writing manifest file 'auto_aim_interfaces.egg-info/SOURCES.txt'
[1.615s] [100%] Built target ament_cmake_python_build_auto_aim_interfaces_egg
[1.620s] Invoked command in '/home/ubuntu-nuc/rc2_ws/build/auto_aim_interfaces' returned '0': /usr/local/bin/cmake --build /home/ubuntu-nuc/rc2_ws/build/auto_aim_interfaces -- -j8 -l8
[1.621s] Invoking command in '/home/ubuntu-nuc/rc2_ws/build/auto_aim_interfaces': /usr/local/bin/cmake --install /home/ubuntu-nuc/rc2_ws/build/auto_aim_interfaces
[1.624s] -- Install configuration: ""
[1.624s] -- Up-to-date: /home/ubuntu-nuc/rc2_ws/install/auto_aim_interfaces/share/ament_index/resource_index/rosidl_interfaces/auto_aim_interfaces
[1.624s] -- Up-to-date: /home/ubuntu-nuc/rc2_ws/install/auto_aim_interfaces/include/auto_aim_interfaces/auto_aim_interfaces
[1.624s] -- Up-to-date: /home/ubuntu-nuc/rc2_ws/install/auto_aim_interfaces/include/auto_aim_interfaces/auto_aim_interfaces/msg
[1.624s] -- Up-to-date: /home/ubuntu-nuc/rc2_ws/install/auto_aim_interfaces/include/auto_aim_interfaces/auto_aim_interfaces/msg/target.h
[1.624s] -- Up-to-date: /home/ubuntu-nuc/rc2_ws/install/auto_aim_interfaces/include/auto_aim_interfaces/auto_aim_interfaces/msg/offset.h
[1.624s] -- Up-to-date: /home/ubuntu-nuc/rc2_ws/install/auto_aim_interfaces/include/auto_aim_interfaces/auto_aim_interfaces/msg/rosidl_generator_c__visibility_control.h
[1.624s] -- Up-to-date: /home/ubuntu-nuc/rc2_ws/install/auto_aim_interfaces/include/auto_aim_interfaces/auto_aim_interfaces/msg/fas.h
[1.624s] -- Up-to-date: /home/ubuntu-nuc/rc2_ws/install/auto_aim_interfaces/include/auto_aim_interfaces/auto_aim_interfaces/msg/detail
[1.624s] -- Up-to-date: /home/ubuntu-nuc/rc2_ws/install/auto_aim_interfaces/include/auto_aim_interfaces/auto_aim_interfaces/msg/detail/fas__functions.c
[1.624s] -- Up-to-date: /home/ubuntu-nuc/rc2_ws/install/auto_aim_interfaces/include/auto_aim_interfaces/auto_aim_interfaces/msg/detail/target__type_support.h
[1.624s] -- Up-to-date: /home/ubuntu-nuc/rc2_ws/install/auto_aim_interfaces/include/auto_aim_interfaces/auto_aim_interfaces/msg/detail/offset__functions.c
[1.625s] -- Up-to-date: /home/ubuntu-nuc/rc2_ws/install/auto_aim_interfaces/include/auto_aim_interfaces/auto_aim_interfaces/msg/detail/fas__struct.h
[1.625s] -- Up-to-date: /home/ubuntu-nuc/rc2_ws/install/auto_aim_interfaces/include/auto_aim_interfaces/auto_aim_interfaces/msg/detail/target__functions.h
[1.625s] -- Up-to-date: /home/ubuntu-nuc/rc2_ws/install/auto_aim_interfaces/include/auto_aim_interfaces/auto_aim_interfaces/msg/detail/fas__functions.h
[1.625s] -- Up-to-date: /home/ubuntu-nuc/rc2_ws/install/auto_aim_interfaces/include/auto_aim_interfaces/auto_aim_interfaces/msg/detail/fas__type_support.h
[1.625s] -- Up-to-date: /home/ubuntu-nuc/rc2_ws/install/auto_aim_interfaces/include/auto_aim_interfaces/auto_aim_interfaces/msg/detail/target__functions.c
[1.625s] -- Up-to-date: /home/ubuntu-nuc/rc2_ws/install/auto_aim_interfaces/include/auto_aim_interfaces/auto_aim_interfaces/msg/detail/offset__struct.h
[1.625s] -- Up-to-date: /home/ubuntu-nuc/rc2_ws/install/auto_aim_interfaces/include/auto_aim_interfaces/auto_aim_interfaces/msg/detail/offset__functions.h
[1.625s] -- Up-to-date: /home/ubuntu-nuc/rc2_ws/install/auto_aim_interfaces/include/auto_aim_interfaces/auto_aim_interfaces/msg/detail/target__struct.h
[1.625s] -- Up-to-date: /home/ubuntu-nuc/rc2_ws/install/auto_aim_interfaces/include/auto_aim_interfaces/auto_aim_interfaces/msg/detail/offset__type_support.h
[1.625s] -- Up-to-date: /home/ubuntu-nuc/rc2_ws/install/auto_aim_interfaces/share/auto_aim_interfaces/environment/library_path.sh
[1.625s] -- Installing: /home/ubuntu-nuc/rc2_ws/install/auto_aim_interfaces/share/auto_aim_interfaces/environment/library_path.dsv
[1.625s] -- Up-to-date: /home/ubuntu-nuc/rc2_ws/install/auto_aim_interfaces/lib/libauto_aim_interfaces__rosidl_generator_c.so
[1.625s] -- Up-to-date: /home/ubuntu-nuc/rc2_ws/install/auto_aim_interfaces/include/auto_aim_interfaces/auto_aim_interfaces
[1.625s] -- Up-to-date: /home/ubuntu-nuc/rc2_ws/install/auto_aim_interfaces/include/auto_aim_interfaces/auto_aim_interfaces/msg
[1.625s] -- Up-to-date: /home/ubuntu-nuc/rc2_ws/install/auto_aim_interfaces/include/auto_aim_interfaces/auto_aim_interfaces/msg/rosidl_typesupport_fastrtps_c__visibility_control.h
[1.625s] -- Up-to-date: /home/ubuntu-nuc/rc2_ws/install/auto_aim_interfaces/include/auto_aim_interfaces/auto_aim_interfaces/msg/detail
[1.625s] -- Up-to-date: /home/ubuntu-nuc/rc2_ws/install/auto_aim_interfaces/include/auto_aim_interfaces/auto_aim_interfaces/msg/detail/fas__rosidl_typesupport_fastrtps_c.h
[1.625s] -- Up-to-date: /home/ubuntu-nuc/rc2_ws/install/auto_aim_interfaces/include/auto_aim_interfaces/auto_aim_interfaces/msg/detail/offset__rosidl_typesupport_fastrtps_c.h
[1.625s] -- Up-to-date: /home/ubuntu-nuc/rc2_ws/install/auto_aim_interfaces/include/auto_aim_interfaces/auto_aim_interfaces/msg/detail/target__rosidl_typesupport_fastrtps_c.h
[1.625s] -- Up-to-date: /home/ubuntu-nuc/rc2_ws/install/auto_aim_interfaces/lib/libauto_aim_interfaces__rosidl_typesupport_fastrtps_c.so
[1.626s] -- Up-to-date: /home/ubuntu-nuc/rc2_ws/install/auto_aim_interfaces/include/auto_aim_interfaces/auto_aim_interfaces
[1.626s] -- Up-to-date: /home/ubuntu-nuc/rc2_ws/install/auto_aim_interfaces/include/auto_aim_interfaces/auto_aim_interfaces/msg
[1.626s] -- Up-to-date: /home/ubuntu-nuc/rc2_ws/install/auto_aim_interfaces/include/auto_aim_interfaces/auto_aim_interfaces/msg/detail
[1.626s] -- Up-to-date: /home/ubuntu-nuc/rc2_ws/install/auto_aim_interfaces/include/auto_aim_interfaces/auto_aim_interfaces/msg/detail/target__rosidl_typesupport_introspection_c.h
[1.626s] -- Up-to-date: /home/ubuntu-nuc/rc2_ws/install/auto_aim_interfaces/include/auto_aim_interfaces/auto_aim_interfaces/msg/detail/fas__type_support.c
[1.626s] -- Up-to-date: /home/ubuntu-nuc/rc2_ws/install/auto_aim_interfaces/include/auto_aim_interfaces/auto_aim_interfaces/msg/detail/offset__rosidl_typesupport_introspection_c.h
[1.626s] -- Up-to-date: /home/ubuntu-nuc/rc2_ws/install/auto_aim_interfaces/include/auto_aim_interfaces/auto_aim_interfaces/msg/detail/target__type_support.c
[1.626s] -- Up-to-date: /home/ubuntu-nuc/rc2_ws/install/auto_aim_interfaces/include/auto_aim_interfaces/auto_aim_interfaces/msg/detail/offset__type_support.c
[1.626s] -- Up-to-date: /home/ubuntu-nuc/rc2_ws/install/auto_aim_interfaces/include/auto_aim_interfaces/auto_aim_interfaces/msg/detail/fas__rosidl_typesupport_introspection_c.h
[1.626s] -- Up-to-date: /home/ubuntu-nuc/rc2_ws/install/auto_aim_interfaces/include/auto_aim_interfaces/auto_aim_interfaces/msg/rosidl_typesupport_introspection_c__visibility_control.h
[1.626s] -- Up-to-date: /home/ubuntu-nuc/rc2_ws/install/auto_aim_interfaces/lib/libauto_aim_interfaces__rosidl_typesupport_introspection_c.so
[1.626s] -- Up-to-date: /home/ubuntu-nuc/rc2_ws/install/auto_aim_interfaces/lib/libauto_aim_interfaces__rosidl_typesupport_c.so
[1.626s] -- Up-to-date: /home/ubuntu-nuc/rc2_ws/install/auto_aim_interfaces/include/auto_aim_interfaces/auto_aim_interfaces
[1.626s] -- Up-to-date: /home/ubuntu-nuc/rc2_ws/install/auto_aim_interfaces/include/auto_aim_interfaces/auto_aim_interfaces/msg
[1.626s] -- Up-to-date: /home/ubuntu-nuc/rc2_ws/install/auto_aim_interfaces/include/auto_aim_interfaces/auto_aim_interfaces/msg/rosidl_generator_cpp__visibility_control.hpp
[1.626s] -- Up-to-date: /home/ubuntu-nuc/rc2_ws/install/auto_aim_interfaces/include/auto_aim_interfaces/auto_aim_interfaces/msg/offset.hpp
[1.626s] -- Up-to-date: /home/ubuntu-nuc/rc2_ws/install/auto_aim_interfaces/include/auto_aim_interfaces/auto_aim_interfaces/msg/target.hpp
[1.626s] -- Up-to-date: /home/ubuntu-nuc/rc2_ws/install/auto_aim_interfaces/include/auto_aim_interfaces/auto_aim_interfaces/msg/fas.hpp
[1.626s] -- Up-to-date: /home/ubuntu-nuc/rc2_ws/install/auto_aim_interfaces/include/auto_aim_interfaces/auto_aim_interfaces/msg/detail
[1.626s] -- Up-to-date: /home/ubuntu-nuc/rc2_ws/install/auto_aim_interfaces/include/auto_aim_interfaces/auto_aim_interfaces/msg/detail/fas__builder.hpp
[1.626s] -- Up-to-date: /home/ubuntu-nuc/rc2_ws/install/auto_aim_interfaces/include/auto_aim_interfaces/auto_aim_interfaces/msg/detail/offset__type_support.hpp
[1.626s] -- Up-to-date: /home/ubuntu-nuc/rc2_ws/install/auto_aim_interfaces/include/auto_aim_interfaces/auto_aim_interfaces/msg/detail/target__builder.hpp
[1.626s] -- Up-to-date: /home/ubuntu-nuc/rc2_ws/install/auto_aim_interfaces/include/auto_aim_interfaces/auto_aim_interfaces/msg/detail/target__type_support.hpp
[1.626s] -- Up-to-date: /home/ubuntu-nuc/rc2_ws/install/auto_aim_interfaces/include/auto_aim_interfaces/auto_aim_interfaces/msg/detail/target__struct.hpp
[1.627s] -- Up-to-date: /home/ubuntu-nuc/rc2_ws/install/auto_aim_interfaces/include/auto_aim_interfaces/auto_aim_interfaces/msg/detail/offset__struct.hpp
[1.627s] -- Up-to-date: /home/ubuntu-nuc/rc2_ws/install/auto_aim_interfaces/include/auto_aim_interfaces/auto_aim_interfaces/msg/detail/target__traits.hpp
[1.627s] -- Up-to-date: /home/ubuntu-nuc/rc2_ws/install/auto_aim_interfaces/include/auto_aim_interfaces/auto_aim_interfaces/msg/detail/fas__traits.hpp
[1.627s] -- Up-to-date: /home/ubuntu-nuc/rc2_ws/install/auto_aim_interfaces/include/auto_aim_interfaces/auto_aim_interfaces/msg/detail/fas__struct.hpp
[1.627s] -- Up-to-date: /home/ubuntu-nuc/rc2_ws/install/auto_aim_interfaces/include/auto_aim_interfaces/auto_aim_interfaces/msg/detail/offset__traits.hpp
[1.627s] -- Up-to-date: /home/ubuntu-nuc/rc2_ws/install/auto_aim_interfaces/include/auto_aim_interfaces/auto_aim_interfaces/msg/detail/fas__type_support.hpp
[1.627s] -- Up-to-date: /home/ubuntu-nuc/rc2_ws/install/auto_aim_interfaces/include/auto_aim_interfaces/auto_aim_interfaces/msg/detail/offset__builder.hpp
[1.627s] -- Up-to-date: /home/ubuntu-nuc/rc2_ws/install/auto_aim_interfaces/include/auto_aim_interfaces/auto_aim_interfaces
[1.627s] -- Up-to-date: /home/ubuntu-nuc/rc2_ws/install/auto_aim_interfaces/include/auto_aim_interfaces/auto_aim_interfaces/msg
[1.627s] -- Up-to-date: /home/ubuntu-nuc/rc2_ws/install/auto_aim_interfaces/include/auto_aim_interfaces/auto_aim_interfaces/msg/rosidl_typesupport_fastrtps_cpp__visibility_control.h
[1.627s] -- Up-to-date: /home/ubuntu-nuc/rc2_ws/install/auto_aim_interfaces/include/auto_aim_interfaces/auto_aim_interfaces/msg/detail
[1.627s] -- Up-to-date: /home/ubuntu-nuc/rc2_ws/install/auto_aim_interfaces/include/auto_aim_interfaces/auto_aim_interfaces/msg/detail/offset__rosidl_typesupport_fastrtps_cpp.hpp
[1.627s] -- Up-to-date: /home/ubuntu-nuc/rc2_ws/install/auto_aim_interfaces/include/auto_aim_interfaces/auto_aim_interfaces/msg/detail/dds_fastrtps
[1.627s] -- Up-to-date: /home/ubuntu-nuc/rc2_ws/install/auto_aim_interfaces/include/auto_aim_interfaces/auto_aim_interfaces/msg/detail/fas__rosidl_typesupport_fastrtps_cpp.hpp
[1.627s] -- Up-to-date: /home/ubuntu-nuc/rc2_ws/install/auto_aim_interfaces/include/auto_aim_interfaces/auto_aim_interfaces/msg/detail/target__rosidl_typesupport_fastrtps_cpp.hpp
[1.627s] -- Up-to-date: /home/ubuntu-nuc/rc2_ws/install/auto_aim_interfaces/lib/libauto_aim_interfaces__rosidl_typesupport_fastrtps_cpp.so
[1.627s] -- Up-to-date: /home/ubuntu-nuc/rc2_ws/install/auto_aim_interfaces/include/auto_aim_interfaces/auto_aim_interfaces
[1.627s] -- Up-to-date: /home/ubuntu-nuc/rc2_ws/install/auto_aim_interfaces/include/auto_aim_interfaces/auto_aim_interfaces/msg
[1.627s] -- Up-to-date: /home/ubuntu-nuc/rc2_ws/install/auto_aim_interfaces/include/auto_aim_interfaces/auto_aim_interfaces/msg/detail
[1.628s] -- Up-to-date: /home/ubuntu-nuc/rc2_ws/install/auto_aim_interfaces/include/auto_aim_interfaces/auto_aim_interfaces/msg/detail/target__rosidl_typesupport_introspection_cpp.hpp
[1.628s] -- Up-to-date: /home/ubuntu-nuc/rc2_ws/install/auto_aim_interfaces/include/auto_aim_interfaces/auto_aim_interfaces/msg/detail/fas__rosidl_typesupport_introspection_cpp.hpp
[1.628s] -- Up-to-date: /home/ubuntu-nuc/rc2_ws/install/auto_aim_interfaces/include/auto_aim_interfaces/auto_aim_interfaces/msg/detail/fas__type_support.cpp
[1.628s] -- Up-to-date: /home/ubuntu-nuc/rc2_ws/install/auto_aim_interfaces/include/auto_aim_interfaces/auto_aim_interfaces/msg/detail/offset__type_support.cpp
[1.628s] -- Up-to-date: /home/ubuntu-nuc/rc2_ws/install/auto_aim_interfaces/include/auto_aim_interfaces/auto_aim_interfaces/msg/detail/offset__rosidl_typesupport_introspection_cpp.hpp
[1.628s] -- Up-to-date: /home/ubuntu-nuc/rc2_ws/install/auto_aim_interfaces/include/auto_aim_interfaces/auto_aim_interfaces/msg/detail/target__type_support.cpp
[1.628s] -- Up-to-date: /home/ubuntu-nuc/rc2_ws/install/auto_aim_interfaces/lib/libauto_aim_interfaces__rosidl_typesupport_introspection_cpp.so
[1.628s] -- Up-to-date: /home/ubuntu-nuc/rc2_ws/install/auto_aim_interfaces/lib/libauto_aim_interfaces__rosidl_typesupport_cpp.so
[1.628s] -- Up-to-date: /home/ubuntu-nuc/rc2_ws/install/auto_aim_interfaces/share/auto_aim_interfaces/environment/pythonpath.sh
[1.628s] -- Installing: /home/ubuntu-nuc/rc2_ws/install/auto_aim_interfaces/share/auto_aim_interfaces/environment/pythonpath.dsv
[1.628s] -- Up-to-date: /home/ubuntu-nuc/rc2_ws/install/auto_aim_interfaces/local/lib/python3.10/dist-packages/auto_aim_interfaces-0.0.1-py3.10.egg-info
[1.628s] -- Installing: /home/ubuntu-nuc/rc2_ws/install/auto_aim_interfaces/local/lib/python3.10/dist-packages/auto_aim_interfaces-0.0.1-py3.10.egg-info/dependency_links.txt
[1.628s] -- Installing: /home/ubuntu-nuc/rc2_ws/install/auto_aim_interfaces/local/lib/python3.10/dist-packages/auto_aim_interfaces-0.0.1-py3.10.egg-info/top_level.txt
[1.628s] -- Installing: /home/ubuntu-nuc/rc2_ws/install/auto_aim_interfaces/local/lib/python3.10/dist-packages/auto_aim_interfaces-0.0.1-py3.10.egg-info/PKG-INFO
[1.629s] -- Installing: /home/ubuntu-nuc/rc2_ws/install/auto_aim_interfaces/local/lib/python3.10/dist-packages/auto_aim_interfaces-0.0.1-py3.10.egg-info/SOURCES.txt
[1.629s] -- Up-to-date: /home/ubuntu-nuc/rc2_ws/install/auto_aim_interfaces/local/lib/python3.10/dist-packages/auto_aim_interfaces
[1.629s] -- Installing: /home/ubuntu-nuc/rc2_ws/install/auto_aim_interfaces/local/lib/python3.10/dist-packages/auto_aim_interfaces/__init__.py
[1.629s] -- Up-to-date: /home/ubuntu-nuc/rc2_ws/install/auto_aim_interfaces/local/lib/python3.10/dist-packages/auto_aim_interfaces/libauto_aim_interfaces__rosidl_generator_py.so
[1.629s] -- Up-to-date: /home/ubuntu-nuc/rc2_ws/install/auto_aim_interfaces/local/lib/python3.10/dist-packages/auto_aim_interfaces/auto_aim_interfaces_s__rosidl_typesupport_c.cpython-310-x86_64-linux-gnu.so
[1.629s] -- Up-to-date: /home/ubuntu-nuc/rc2_ws/install/auto_aim_interfaces/local/lib/python3.10/dist-packages/auto_aim_interfaces/msg
[1.629s] -- Up-to-date: /home/ubuntu-nuc/rc2_ws/install/auto_aim_interfaces/local/lib/python3.10/dist-packages/auto_aim_interfaces/msg/_fas_s.c
[1.629s] -- Up-to-date: /home/ubuntu-nuc/rc2_ws/install/auto_aim_interfaces/local/lib/python3.10/dist-packages/auto_aim_interfaces/msg/__init__.py
[1.629s] -- Up-to-date: /home/ubuntu-nuc/rc2_ws/install/auto_aim_interfaces/local/lib/python3.10/dist-packages/auto_aim_interfaces/msg/_offset_s.c
[1.629s] -- Up-to-date: /home/ubuntu-nuc/rc2_ws/install/auto_aim_interfaces/local/lib/python3.10/dist-packages/auto_aim_interfaces/msg/_offset.py
[1.629s] -- Up-to-date: /home/ubuntu-nuc/rc2_ws/install/auto_aim_interfaces/local/lib/python3.10/dist-packages/auto_aim_interfaces/msg/_target_s.c
[1.629s] -- Up-to-date: /home/ubuntu-nuc/rc2_ws/install/auto_aim_interfaces/local/lib/python3.10/dist-packages/auto_aim_interfaces/msg/_fas.py
[1.629s] -- Up-to-date: /home/ubuntu-nuc/rc2_ws/install/auto_aim_interfaces/local/lib/python3.10/dist-packages/auto_aim_interfaces/msg/_target.py
[1.629s] -- Up-to-date: /home/ubuntu-nuc/rc2_ws/install/auto_aim_interfaces/local/lib/python3.10/dist-packages/auto_aim_interfaces/auto_aim_interfaces_s__rosidl_typesupport_introspection_c.cpython-310-x86_64-linux-gnu.so
[1.629s] -- Up-to-date: /home/ubuntu-nuc/rc2_ws/install/auto_aim_interfaces/local/lib/python3.10/dist-packages/auto_aim_interfaces/_auto_aim_interfaces_s.ep.rosidl_typesupport_introspection_c.c
[1.630s] -- Up-to-date: /home/ubuntu-nuc/rc2_ws/install/auto_aim_interfaces/local/lib/python3.10/dist-packages/auto_aim_interfaces/_auto_aim_interfaces_s.ep.rosidl_typesupport_fastrtps_c.c
[1.630s] -- Up-to-date: /home/ubuntu-nuc/rc2_ws/install/auto_aim_interfaces/local/lib/python3.10/dist-packages/auto_aim_interfaces/_auto_aim_interfaces_s.ep.rosidl_typesupport_c.c
[1.630s] -- Up-to-date: /home/ubuntu-nuc/rc2_ws/install/auto_aim_interfaces/local/lib/python3.10/dist-packages/auto_aim_interfaces/auto_aim_interfaces_s__rosidl_typesupport_fastrtps_c.cpython-310-x86_64-linux-gnu.so
[1.653s] Listing '/home/ubuntu-nuc/rc2_ws/install/auto_aim_interfaces/local/lib/python3.10/dist-packages/auto_aim_interfaces'...
[1.653s] Compiling '/home/ubuntu-nuc/rc2_ws/install/auto_aim_interfaces/local/lib/python3.10/dist-packages/auto_aim_interfaces/__init__.py'...
[1.653s] Listing '/home/ubuntu-nuc/rc2_ws/install/auto_aim_interfaces/local/lib/python3.10/dist-packages/auto_aim_interfaces/msg'...
[1.656s] -- Up-to-date: /home/ubuntu-nuc/rc2_ws/install/auto_aim_interfaces/local/lib/python3.10/dist-packages/auto_aim_interfaces/auto_aim_interfaces_s__rosidl_typesupport_fastrtps_c.cpython-310-x86_64-linux-gnu.so
[1.656s] -- Up-to-date: /home/ubuntu-nuc/rc2_ws/install/auto_aim_interfaces/local/lib/python3.10/dist-packages/auto_aim_interfaces/auto_aim_interfaces_s__rosidl_typesupport_introspection_c.cpython-310-x86_64-linux-gnu.so
[1.657s] -- Up-to-date: /home/ubuntu-nuc/rc2_ws/install/auto_aim_interfaces/local/lib/python3.10/dist-packages/auto_aim_interfaces/auto_aim_interfaces_s__rosidl_typesupport_c.cpython-310-x86_64-linux-gnu.so
[1.657s] -- Up-to-date: /home/ubuntu-nuc/rc2_ws/install/auto_aim_interfaces/lib/libauto_aim_interfaces__rosidl_generator_py.so
[1.657s] -- Up-to-date: /home/ubuntu-nuc/rc2_ws/install/auto_aim_interfaces/share/auto_aim_interfaces/msg/Fas.idl
[1.657s] -- Up-to-date: /home/ubuntu-nuc/rc2_ws/install/auto_aim_interfaces/share/auto_aim_interfaces/msg/Target.idl
[1.657s] -- Up-to-date: /home/ubuntu-nuc/rc2_ws/install/auto_aim_interfaces/share/auto_aim_interfaces/msg/Offset.idl
[1.657s] -- Installing: /home/ubuntu-nuc/rc2_ws/install/auto_aim_interfaces/share/auto_aim_interfaces/msg/Fas.msg
[1.657s] -- Installing: /home/ubuntu-nuc/rc2_ws/install/auto_aim_interfaces/share/auto_aim_interfaces/msg/Target.msg
[1.657s] -- Installing: /home/ubuntu-nuc/rc2_ws/install/auto_aim_interfaces/share/auto_aim_interfaces/msg/Offset.msg
[1.657s] -- Up-to-date: /home/ubuntu-nuc/rc2_ws/install/auto_aim_interfaces/share/ament_index/resource_index/package_run_dependencies/auto_aim_interfaces
[1.657s] -- Up-to-date: /home/ubuntu-nuc/rc2_ws/install/auto_aim_interfaces/share/ament_index/resource_index/parent_prefix_path/auto_aim_interfaces
[1.657s] -- Up-to-date: /home/ubuntu-nuc/rc2_ws/install/auto_aim_interfaces/share/auto_aim_interfaces/environment/ament_prefix_path.sh
[1.657s] -- Installing: /home/ubuntu-nuc/rc2_ws/install/auto_aim_interfaces/share/auto_aim_interfaces/environment/ament_prefix_path.dsv
[1.657s] -- Up-to-date: /home/ubuntu-nuc/rc2_ws/install/auto_aim_interfaces/share/auto_aim_interfaces/environment/path.sh
[1.658s] -- Installing: /home/ubuntu-nuc/rc2_ws/install/auto_aim_interfaces/share/auto_aim_interfaces/environment/path.dsv
[1.658s] -- Up-to-date: /home/ubuntu-nuc/rc2_ws/install/auto_aim_interfaces/share/auto_aim_interfaces/local_setup.bash
[1.658s] -- Up-to-date: /home/ubuntu-nuc/rc2_ws/install/auto_aim_interfaces/share/auto_aim_interfaces/local_setup.sh
[1.658s] -- Up-to-date: /home/ubuntu-nuc/rc2_ws/install/auto_aim_interfaces/share/auto_aim_interfaces/local_setup.zsh
[1.658s] -- Installing: /home/ubuntu-nuc/rc2_ws/install/auto_aim_interfaces/share/auto_aim_interfaces/local_setup.dsv
[1.658s] -- Installing: /home/ubuntu-nuc/rc2_ws/install/auto_aim_interfaces/share/auto_aim_interfaces/package.dsv
[1.658s] -- Up-to-date: /home/ubuntu-nuc/rc2_ws/install/auto_aim_interfaces/share/ament_index/resource_index/packages/auto_aim_interfaces
[1.658s] -- Up-to-date: /home/ubuntu-nuc/rc2_ws/install/auto_aim_interfaces/share/auto_aim_interfaces/cmake/export_auto_aim_interfaces__rosidl_generator_cExport.cmake
[1.658s] -- Up-to-date: /home/ubuntu-nuc/rc2_ws/install/auto_aim_interfaces/share/auto_aim_interfaces/cmake/export_auto_aim_interfaces__rosidl_generator_cExport-noconfig.cmake
[1.658s] -- Up-to-date: /home/ubuntu-nuc/rc2_ws/install/auto_aim_interfaces/share/auto_aim_interfaces/cmake/export_auto_aim_interfaces__rosidl_typesupport_fastrtps_cExport.cmake
[1.658s] -- Up-to-date: /home/ubuntu-nuc/rc2_ws/install/auto_aim_interfaces/share/auto_aim_interfaces/cmake/export_auto_aim_interfaces__rosidl_typesupport_fastrtps_cExport-noconfig.cmake
[1.658s] -- Up-to-date: /home/ubuntu-nuc/rc2_ws/install/auto_aim_interfaces/share/auto_aim_interfaces/cmake/auto_aim_interfaces__rosidl_typesupport_introspection_cExport.cmake
[1.658s] -- Up-to-date: /home/ubuntu-nuc/rc2_ws/install/auto_aim_interfaces/share/auto_aim_interfaces/cmake/auto_aim_interfaces__rosidl_typesupport_introspection_cExport-noconfig.cmake
[1.659s] -- Up-to-date: /home/ubuntu-nuc/rc2_ws/install/auto_aim_interfaces/share/auto_aim_interfaces/cmake/auto_aim_interfaces__rosidl_typesupport_cExport.cmake
[1.659s] -- Up-to-date: /home/ubuntu-nuc/rc2_ws/install/auto_aim_interfaces/share/auto_aim_interfaces/cmake/auto_aim_interfaces__rosidl_typesupport_cExport-noconfig.cmake
[1.659s] -- Up-to-date: /home/ubuntu-nuc/rc2_ws/install/auto_aim_interfaces/share/auto_aim_interfaces/cmake/export_auto_aim_interfaces__rosidl_generator_cppExport.cmake
[1.659s] -- Up-to-date: /home/ubuntu-nuc/rc2_ws/install/auto_aim_interfaces/share/auto_aim_interfaces/cmake/export_auto_aim_interfaces__rosidl_typesupport_fastrtps_cppExport.cmake
[1.659s] -- Up-to-date: /home/ubuntu-nuc/rc2_ws/install/auto_aim_interfaces/share/auto_aim_interfaces/cmake/export_auto_aim_interfaces__rosidl_typesupport_fastrtps_cppExport-noconfig.cmake
[1.659s] -- Up-to-date: /home/ubuntu-nuc/rc2_ws/install/auto_aim_interfaces/share/auto_aim_interfaces/cmake/auto_aim_interfaces__rosidl_typesupport_introspection_cppExport.cmake
[1.659s] -- Up-to-date: /home/ubuntu-nuc/rc2_ws/install/auto_aim_interfaces/share/auto_aim_interfaces/cmake/auto_aim_interfaces__rosidl_typesupport_introspection_cppExport-noconfig.cmake
[1.659s] -- Up-to-date: /home/ubuntu-nuc/rc2_ws/install/auto_aim_interfaces/share/auto_aim_interfaces/cmake/auto_aim_interfaces__rosidl_typesupport_cppExport.cmake
[1.659s] -- Up-to-date: /home/ubuntu-nuc/rc2_ws/install/auto_aim_interfaces/share/auto_aim_interfaces/cmake/auto_aim_interfaces__rosidl_typesupport_cppExport-noconfig.cmake
[1.659s] -- Up-to-date: /home/ubuntu-nuc/rc2_ws/install/auto_aim_interfaces/share/auto_aim_interfaces/cmake/export_auto_aim_interfaces__rosidl_generator_pyExport.cmake
[1.659s] -- Up-to-date: /home/ubuntu-nuc/rc2_ws/install/auto_aim_interfaces/share/auto_aim_interfaces/cmake/export_auto_aim_interfaces__rosidl_generator_pyExport-noconfig.cmake
[1.659s] -- Up-to-date: /home/ubuntu-nuc/rc2_ws/install/auto_aim_interfaces/share/auto_aim_interfaces/cmake/rosidl_cmake-extras.cmake
[1.659s] -- Up-to-date: /home/ubuntu-nuc/rc2_ws/install/auto_aim_interfaces/share/auto_aim_interfaces/cmake/ament_cmake_export_include_directories-extras.cmake
[1.659s] -- Up-to-date: /home/ubuntu-nuc/rc2_ws/install/auto_aim_interfaces/share/auto_aim_interfaces/cmake/ament_cmake_export_libraries-extras.cmake
[1.659s] -- Up-to-date: /home/ubuntu-nuc/rc2_ws/install/auto_aim_interfaces/share/auto_aim_interfaces/cmake/ament_cmake_export_targets-extras.cmake
[1.659s] -- Up-to-date: /home/ubuntu-nuc/rc2_ws/install/auto_aim_interfaces/share/auto_aim_interfaces/cmake/rosidl_cmake_export_typesupport_targets-extras.cmake
[1.660s] -- Up-to-date: /home/ubuntu-nuc/rc2_ws/install/auto_aim_interfaces/share/auto_aim_interfaces/cmake/ament_cmake_export_dependencies-extras.cmake
[1.660s] -- Up-to-date: /home/ubuntu-nuc/rc2_ws/install/auto_aim_interfaces/share/auto_aim_interfaces/cmake/rosidl_cmake_export_typesupport_libraries-extras.cmake
[1.660s] -- Up-to-date: /home/ubuntu-nuc/rc2_ws/install/auto_aim_interfaces/share/auto_aim_interfaces/cmake/auto_aim_interfacesConfig.cmake
[1.660s] -- Up-to-date: /home/ubuntu-nuc/rc2_ws/install/auto_aim_interfaces/share/auto_aim_interfaces/cmake/auto_aim_interfacesConfig-version.cmake
[1.660s] -- Installing: /home/ubuntu-nuc/rc2_ws/install/auto_aim_interfaces/share/auto_aim_interfaces/package.xml
[1.661s] Invoked command in '/home/ubuntu-nuc/rc2_ws/build/auto_aim_interfaces' returned '0': /usr/local/bin/cmake --install /home/ubuntu-nuc/rc2_ws/build/auto_aim_interfaces
