[0.009s] Invoking command in '/home/ubuntu-nuc/rc2_ws/build/meiling_control': CMAKE_PREFIX_PATH=/home/ubuntu-nuc/rc2_ws/install/auto_aim_interfaces:/home/ubuntu-nuc/rc2_ws/install/pgo:/home/ubuntu-nuc/rc2_ws/install/meiling_control:/home/ubuntu-nuc/rc2_ws/install/localizer:/home/ubuntu-nuc/rc2_ws/install/fastlio2:/home/ubuntu-nuc/rc2_ws/install/livox_ros_driver2:/home/ubuntu-nuc/rc2_ws/install/hba:/home/ubuntu-nuc/rc2_ws/install/interface:/home/ubuntu-nuc/rc_ws/install/fast_lio:/home/ubuntu-nuc/rc_ws/install/livox_ros_driver2 LD_LIBRARY_PATH=/home/ubuntu-nuc/rc2_ws/install/auto_aim_interfaces/lib:/opt/MVS/lib/64:/opt/MVS/lib/32:/opt/MVS/lib/64:/opt/MVS/lib/32:/usr/lib/x86_64-linux-gnu:/home/ubuntu-nuc/rc2_ws/install/livox_sdk2/lib:/home/ubuntu-nuc/rc2_ws/install/livox_ros_driver2/lib:/home/ubuntu-nuc/rc2_ws/install/interface/lib:/home/ubuntu-nuc/rc_ws/install/fast_lio/lib:/home/ubuntu-nuc/rc_ws/install/livox_ros_driver2/lib:/usr/lib/x86_64-linux-gnu/gazebo-11/plugins:/opt/ros/humble/opt/rviz_ogre_vendor/lib:/opt/ros/humble/lib/x86_64-linux-gnu:/opt/ros/humble/opt/openvdb_vendor/lib:/opt/ros/humble/lib:/opt/MVS/lib/64:/opt/MVS/lib/32 PKG_CONFIG_PATH=/home/ubuntu-nuc/rc2_ws/install/auto_aim_interfaces/lib/x86_64-linux-gnu/pkgconfig:/home/ubuntu-nuc/rc2_ws/install/auto_aim_interfaces/lib/pkgconfig:/home/ubuntu-nuc/rc2_ws/install/meiling_control/lib/x86_64-linux-gnu/pkgconfig:/home/ubuntu-nuc/rc2_ws/install/meiling_control/lib/pkgconfig PYTHONPATH=/home/ubuntu-nuc/rc2_ws/install/auto_aim_interfaces/local/lib/python3.10/dist-packages:/home/ubuntu-nuc/rc2_ws/install/meiling_detect/lib/python3.10/site-packages:/home/ubuntu-nuc/rc2_ws/install/livox_ros_driver2/local/lib/python3.10/dist-packages:/home/ubuntu-nuc/rc2_ws/install/interface/local/lib/python3.10/dist-packages:/home/ubuntu-nuc/rc_ws/install/fast_lio/local/lib/python3.10/dist-packages:/home/ubuntu-nuc/rc_ws/install/livox_ros_driver2/local/lib/python3.10/dist-packages:/opt/ros/humble/lib/python3.10/site-packages:/opt/ros/humble/local/lib/python3.10/dist-packages ROS_PACKAGE_PATH=/home/ubuntu-nuc/rc2_ws/install/auto_aim_interfaces/share:/home/ubuntu-nuc/rc2_ws/install/meiling_control/share /usr/local/bin/cmake /home/ubuntu-nuc/rc2_ws/src/meiling_control -DCATKIN_INSTALL_INTO_PREFIX_ROOT=0 -DCMAKE_INSTALL_PREFIX=/home/ubuntu-nuc/rc2_ws/install/meiling_control
[0.013s] [0mCMake Deprecation Warning at CMakeLists.txt:1 (cmake_minimum_required):
[0.013s]   Compatibility with CMake < 3.10 will be removed from a future version of
[0.014s]   CMake.
[0.014s] 
[0.014s]   Update the VERSION argument <min> value.  Or, use the <min>...<max> syntax
[0.014s]   to tell CMake that the project requires at least <min> but has been updated
[0.014s]   to work with policies introduced by <max> or earlier.
[0.014s] 
[0.014s] [0m
[0.046s] -- The C compiler identification is GNU 11.4.0
[0.095s] -- The CXX compiler identification is GNU 11.4.0
[0.101s] -- Detecting C compiler ABI info
[0.145s] -- Detecting C compiler ABI info - done
[0.157s] -- Check for working C compiler: /usr/bin/cc - skipped
[0.158s] -- Detecting C compile features
[0.158s] -- Detecting C compile features - done
[0.166s] -- Detecting CXX compiler ABI info
[0.219s] -- Detecting CXX compiler ABI info - done
[0.235s] -- Check for working CXX compiler: /usr/bin/c++ - skipped
[0.235s] -- Detecting CXX compile features
[0.236s] -- Detecting CXX compile features - done
[0.243s] -- Found ament_cmake: 1.3.12 (/opt/ros/humble/share/ament_cmake/cmake)
[0.331s] -- Found Python3: /usr/bin/python3 (found version "3.10.12") found components: Interpreter
[0.409s] -- Found rclcpp: 16.0.14 (/opt/ros/humble/share/rclcpp/cmake)
[0.453s] -- Found rosidl_generator_c: 3.1.7 (/opt/ros/humble/share/rosidl_generator_c/cmake)
[0.458s] -- Found rosidl_adapter: 3.1.7 (/opt/ros/humble/share/rosidl_adapter/cmake)
[0.468s] -- Found rosidl_generator_cpp: 3.1.8 (/opt/ros/humble/share/rosidl_generator_cpp/cmake)
[0.479s] -- Using all available rosidl_typesupport_c: rosidl_typesupport_fastrtps_c;rosidl_typesupport_introspection_c
[0.495s] -- Using all available rosidl_typesupport_cpp: rosidl_typesupport_fastrtps_cpp;rosidl_typesupport_introspection_cpp
[0.539s] -- Found rmw_implementation_cmake: 6.1.2 (/opt/ros/humble/share/rmw_implementation_cmake/cmake)
[0.542s] -- Found rmw_fastrtps_cpp: 6.2.8 (/opt/ros/humble/share/rmw_fastrtps_cpp/cmake)
[0.611s] -- Found OpenSSL: /usr/lib/x86_64-linux-gnu/libcrypto.so (found version "3.0.2")
[0.637s] -- Found FastRTPS: /opt/ros/humble/include
[0.675s] -- Using RMW implementation 'rmw_fastrtps_cpp' as default
[0.684s] -- Performing Test CMAKE_HAVE_LIBC_PTHREAD
[0.732s] -- Performing Test CMAKE_HAVE_LIBC_PTHREAD - Success
[0.733s] -- Found Threads: TRUE
[0.786s] -- Found auto_aim_interfaces: 0.0.1 (/home/ubuntu-nuc/rc2_ws/install/auto_aim_interfaces/share/auto_aim_interfaces/cmake)
[0.863s] -- Configuring done (0.9s)
[0.871s] -- Generating done (0.0s)
[0.871s] [33mCMake Warning:
[0.871s]   Manually-specified variables were not used by the project:
[0.871s] 
[0.871s]     CATKIN_INSTALL_INTO_PREFIX_ROOT
[0.871s] 
[0.871s] [0m
[0.872s] -- Build files have been written to: /home/ubuntu-nuc/rc2_ws/build/meiling_control
[0.879s] Invoked command in '/home/ubuntu-nuc/rc2_ws/build/meiling_control' returned '0': CMAKE_PREFIX_PATH=/home/ubuntu-nuc/rc2_ws/install/auto_aim_interfaces:/home/ubuntu-nuc/rc2_ws/install/pgo:/home/ubuntu-nuc/rc2_ws/install/meiling_control:/home/ubuntu-nuc/rc2_ws/install/localizer:/home/ubuntu-nuc/rc2_ws/install/fastlio2:/home/ubuntu-nuc/rc2_ws/install/livox_ros_driver2:/home/ubuntu-nuc/rc2_ws/install/hba:/home/ubuntu-nuc/rc2_ws/install/interface:/home/ubuntu-nuc/rc_ws/install/fast_lio:/home/ubuntu-nuc/rc_ws/install/livox_ros_driver2 LD_LIBRARY_PATH=/home/ubuntu-nuc/rc2_ws/install/auto_aim_interfaces/lib:/opt/MVS/lib/64:/opt/MVS/lib/32:/opt/MVS/lib/64:/opt/MVS/lib/32:/usr/lib/x86_64-linux-gnu:/home/ubuntu-nuc/rc2_ws/install/livox_sdk2/lib:/home/ubuntu-nuc/rc2_ws/install/livox_ros_driver2/lib:/home/ubuntu-nuc/rc2_ws/install/interface/lib:/home/ubuntu-nuc/rc_ws/install/fast_lio/lib:/home/ubuntu-nuc/rc_ws/install/livox_ros_driver2/lib:/usr/lib/x86_64-linux-gnu/gazebo-11/plugins:/opt/ros/humble/opt/rviz_ogre_vendor/lib:/opt/ros/humble/lib/x86_64-linux-gnu:/opt/ros/humble/opt/openvdb_vendor/lib:/opt/ros/humble/lib:/opt/MVS/lib/64:/opt/MVS/lib/32 PKG_CONFIG_PATH=/home/ubuntu-nuc/rc2_ws/install/auto_aim_interfaces/lib/x86_64-linux-gnu/pkgconfig:/home/ubuntu-nuc/rc2_ws/install/auto_aim_interfaces/lib/pkgconfig:/home/ubuntu-nuc/rc2_ws/install/meiling_control/lib/x86_64-linux-gnu/pkgconfig:/home/ubuntu-nuc/rc2_ws/install/meiling_control/lib/pkgconfig PYTHONPATH=/home/ubuntu-nuc/rc2_ws/install/auto_aim_interfaces/local/lib/python3.10/dist-packages:/home/ubuntu-nuc/rc2_ws/install/meiling_detect/lib/python3.10/site-packages:/home/ubuntu-nuc/rc2_ws/install/livox_ros_driver2/local/lib/python3.10/dist-packages:/home/ubuntu-nuc/rc2_ws/install/interface/local/lib/python3.10/dist-packages:/home/ubuntu-nuc/rc_ws/install/fast_lio/local/lib/python3.10/dist-packages:/home/ubuntu-nuc/rc_ws/install/livox_ros_driver2/local/lib/python3.10/dist-packages:/opt/ros/humble/lib/python3.10/site-packages:/opt/ros/humble/local/lib/python3.10/dist-packages ROS_PACKAGE_PATH=/home/ubuntu-nuc/rc2_ws/install/auto_aim_interfaces/share:/home/ubuntu-nuc/rc2_ws/install/meiling_control/share /usr/local/bin/cmake /home/ubuntu-nuc/rc2_ws/src/meiling_control -DCATKIN_INSTALL_INTO_PREFIX_ROOT=0 -DCMAKE_INSTALL_PREFIX=/home/ubuntu-nuc/rc2_ws/install/meiling_control
[0.880s] Invoking command in '/home/ubuntu-nuc/rc2_ws/build/meiling_control': CMAKE_PREFIX_PATH=/home/ubuntu-nuc/rc2_ws/install/auto_aim_interfaces:/home/ubuntu-nuc/rc2_ws/install/pgo:/home/ubuntu-nuc/rc2_ws/install/meiling_control:/home/ubuntu-nuc/rc2_ws/install/localizer:/home/ubuntu-nuc/rc2_ws/install/fastlio2:/home/ubuntu-nuc/rc2_ws/install/livox_ros_driver2:/home/ubuntu-nuc/rc2_ws/install/hba:/home/ubuntu-nuc/rc2_ws/install/interface:/home/ubuntu-nuc/rc_ws/install/fast_lio:/home/ubuntu-nuc/rc_ws/install/livox_ros_driver2 LD_LIBRARY_PATH=/home/ubuntu-nuc/rc2_ws/install/auto_aim_interfaces/lib:/opt/MVS/lib/64:/opt/MVS/lib/32:/opt/MVS/lib/64:/opt/MVS/lib/32:/usr/lib/x86_64-linux-gnu:/home/ubuntu-nuc/rc2_ws/install/livox_sdk2/lib:/home/ubuntu-nuc/rc2_ws/install/livox_ros_driver2/lib:/home/ubuntu-nuc/rc2_ws/install/interface/lib:/home/ubuntu-nuc/rc_ws/install/fast_lio/lib:/home/ubuntu-nuc/rc_ws/install/livox_ros_driver2/lib:/usr/lib/x86_64-linux-gnu/gazebo-11/plugins:/opt/ros/humble/opt/rviz_ogre_vendor/lib:/opt/ros/humble/lib/x86_64-linux-gnu:/opt/ros/humble/opt/openvdb_vendor/lib:/opt/ros/humble/lib:/opt/MVS/lib/64:/opt/MVS/lib/32 PKG_CONFIG_PATH=/home/ubuntu-nuc/rc2_ws/install/auto_aim_interfaces/lib/x86_64-linux-gnu/pkgconfig:/home/ubuntu-nuc/rc2_ws/install/auto_aim_interfaces/lib/pkgconfig:/home/ubuntu-nuc/rc2_ws/install/meiling_control/lib/x86_64-linux-gnu/pkgconfig:/home/ubuntu-nuc/rc2_ws/install/meiling_control/lib/pkgconfig PYTHONPATH=/home/ubuntu-nuc/rc2_ws/install/auto_aim_interfaces/local/lib/python3.10/dist-packages:/home/ubuntu-nuc/rc2_ws/install/meiling_detect/lib/python3.10/site-packages:/home/ubuntu-nuc/rc2_ws/install/livox_ros_driver2/local/lib/python3.10/dist-packages:/home/ubuntu-nuc/rc2_ws/install/interface/local/lib/python3.10/dist-packages:/home/ubuntu-nuc/rc_ws/install/fast_lio/local/lib/python3.10/dist-packages:/home/ubuntu-nuc/rc_ws/install/livox_ros_driver2/local/lib/python3.10/dist-packages:/opt/ros/humble/lib/python3.10/site-packages:/opt/ros/humble/local/lib/python3.10/dist-packages ROS_PACKAGE_PATH=/home/ubuntu-nuc/rc2_ws/install/auto_aim_interfaces/share:/home/ubuntu-nuc/rc2_ws/install/meiling_control/share /usr/local/bin/cmake --build /home/ubuntu-nuc/rc2_ws/build/meiling_control -- -j8 -l8
[0.902s] [ 66%] [32mBuilding CXX object CMakeFiles/meiling_node.dir/src/luoji.cpp.o[0m
[0.902s] [ 66%] [32mBuilding CXX object CMakeFiles/meiling_node.dir/src/meiling_node.cpp.o[0m
[9.230s] [100%] [32m[1mLinking CXX executable meiling_node[0m
[9.706s] [100%] Built target meiling_node
[9.711s] Invoked command in '/home/ubuntu-nuc/rc2_ws/build/meiling_control' returned '0': CMAKE_PREFIX_PATH=/home/ubuntu-nuc/rc2_ws/install/auto_aim_interfaces:/home/ubuntu-nuc/rc2_ws/install/pgo:/home/ubuntu-nuc/rc2_ws/install/meiling_control:/home/ubuntu-nuc/rc2_ws/install/localizer:/home/ubuntu-nuc/rc2_ws/install/fastlio2:/home/ubuntu-nuc/rc2_ws/install/livox_ros_driver2:/home/ubuntu-nuc/rc2_ws/install/hba:/home/ubuntu-nuc/rc2_ws/install/interface:/home/ubuntu-nuc/rc_ws/install/fast_lio:/home/ubuntu-nuc/rc_ws/install/livox_ros_driver2 LD_LIBRARY_PATH=/home/ubuntu-nuc/rc2_ws/install/auto_aim_interfaces/lib:/opt/MVS/lib/64:/opt/MVS/lib/32:/opt/MVS/lib/64:/opt/MVS/lib/32:/usr/lib/x86_64-linux-gnu:/home/ubuntu-nuc/rc2_ws/install/livox_sdk2/lib:/home/ubuntu-nuc/rc2_ws/install/livox_ros_driver2/lib:/home/ubuntu-nuc/rc2_ws/install/interface/lib:/home/ubuntu-nuc/rc_ws/install/fast_lio/lib:/home/ubuntu-nuc/rc_ws/install/livox_ros_driver2/lib:/usr/lib/x86_64-linux-gnu/gazebo-11/plugins:/opt/ros/humble/opt/rviz_ogre_vendor/lib:/opt/ros/humble/lib/x86_64-linux-gnu:/opt/ros/humble/opt/openvdb_vendor/lib:/opt/ros/humble/lib:/opt/MVS/lib/64:/opt/MVS/lib/32 PKG_CONFIG_PATH=/home/ubuntu-nuc/rc2_ws/install/auto_aim_interfaces/lib/x86_64-linux-gnu/pkgconfig:/home/ubuntu-nuc/rc2_ws/install/auto_aim_interfaces/lib/pkgconfig:/home/ubuntu-nuc/rc2_ws/install/meiling_control/lib/x86_64-linux-gnu/pkgconfig:/home/ubuntu-nuc/rc2_ws/install/meiling_control/lib/pkgconfig PYTHONPATH=/home/ubuntu-nuc/rc2_ws/install/auto_aim_interfaces/local/lib/python3.10/dist-packages:/home/ubuntu-nuc/rc2_ws/install/meiling_detect/lib/python3.10/site-packages:/home/ubuntu-nuc/rc2_ws/install/livox_ros_driver2/local/lib/python3.10/dist-packages:/home/ubuntu-nuc/rc2_ws/install/interface/local/lib/python3.10/dist-packages:/home/ubuntu-nuc/rc_ws/install/fast_lio/local/lib/python3.10/dist-packages:/home/ubuntu-nuc/rc_ws/install/livox_ros_driver2/local/lib/python3.10/dist-packages:/opt/ros/humble/lib/python3.10/site-packages:/opt/ros/humble/local/lib/python3.10/dist-packages ROS_PACKAGE_PATH=/home/ubuntu-nuc/rc2_ws/install/auto_aim_interfaces/share:/home/ubuntu-nuc/rc2_ws/install/meiling_control/share /usr/local/bin/cmake --build /home/ubuntu-nuc/rc2_ws/build/meiling_control -- -j8 -l8
[9.715s] Invoking command in '/home/ubuntu-nuc/rc2_ws/build/meiling_control': CMAKE_PREFIX_PATH=/home/ubuntu-nuc/rc2_ws/install/auto_aim_interfaces:/home/ubuntu-nuc/rc2_ws/install/pgo:/home/ubuntu-nuc/rc2_ws/install/meiling_control:/home/ubuntu-nuc/rc2_ws/install/localizer:/home/ubuntu-nuc/rc2_ws/install/fastlio2:/home/ubuntu-nuc/rc2_ws/install/livox_ros_driver2:/home/ubuntu-nuc/rc2_ws/install/hba:/home/ubuntu-nuc/rc2_ws/install/interface:/home/ubuntu-nuc/rc_ws/install/fast_lio:/home/ubuntu-nuc/rc_ws/install/livox_ros_driver2 LD_LIBRARY_PATH=/home/ubuntu-nuc/rc2_ws/install/auto_aim_interfaces/lib:/opt/MVS/lib/64:/opt/MVS/lib/32:/opt/MVS/lib/64:/opt/MVS/lib/32:/usr/lib/x86_64-linux-gnu:/home/ubuntu-nuc/rc2_ws/install/livox_sdk2/lib:/home/ubuntu-nuc/rc2_ws/install/livox_ros_driver2/lib:/home/ubuntu-nuc/rc2_ws/install/interface/lib:/home/ubuntu-nuc/rc_ws/install/fast_lio/lib:/home/ubuntu-nuc/rc_ws/install/livox_ros_driver2/lib:/usr/lib/x86_64-linux-gnu/gazebo-11/plugins:/opt/ros/humble/opt/rviz_ogre_vendor/lib:/opt/ros/humble/lib/x86_64-linux-gnu:/opt/ros/humble/opt/openvdb_vendor/lib:/opt/ros/humble/lib:/opt/MVS/lib/64:/opt/MVS/lib/32 PKG_CONFIG_PATH=/home/ubuntu-nuc/rc2_ws/install/auto_aim_interfaces/lib/x86_64-linux-gnu/pkgconfig:/home/ubuntu-nuc/rc2_ws/install/auto_aim_interfaces/lib/pkgconfig:/home/ubuntu-nuc/rc2_ws/install/meiling_control/lib/x86_64-linux-gnu/pkgconfig:/home/ubuntu-nuc/rc2_ws/install/meiling_control/lib/pkgconfig PYTHONPATH=/home/ubuntu-nuc/rc2_ws/install/auto_aim_interfaces/local/lib/python3.10/dist-packages:/home/ubuntu-nuc/rc2_ws/install/meiling_detect/lib/python3.10/site-packages:/home/ubuntu-nuc/rc2_ws/install/livox_ros_driver2/local/lib/python3.10/dist-packages:/home/ubuntu-nuc/rc2_ws/install/interface/local/lib/python3.10/dist-packages:/home/ubuntu-nuc/rc_ws/install/fast_lio/local/lib/python3.10/dist-packages:/home/ubuntu-nuc/rc_ws/install/livox_ros_driver2/local/lib/python3.10/dist-packages:/opt/ros/humble/lib/python3.10/site-packages:/opt/ros/humble/local/lib/python3.10/dist-packages ROS_PACKAGE_PATH=/home/ubuntu-nuc/rc2_ws/install/auto_aim_interfaces/share:/home/ubuntu-nuc/rc2_ws/install/meiling_control/share /usr/local/bin/cmake --install /home/ubuntu-nuc/rc2_ws/build/meiling_control
[9.717s] -- Install configuration: ""
[9.717s] -- Installing: /home/ubuntu-nuc/rc2_ws/install/meiling_control/lib/meiling_control/meiling_node
[9.720s] -- Set non-toolchain portion of runtime path of "/home/ubuntu-nuc/rc2_ws/install/meiling_control/lib/meiling_control/meiling_node" to ""
[9.720s] -- Installing: /home/ubuntu-nuc/rc2_ws/install/meiling_control/share/meiling_control//launch
[9.720s] -- Installing: /home/ubuntu-nuc/rc2_ws/install/meiling_control/share/meiling_control//launch/meiling_launch.py
[9.720s] -- Installing: /home/ubuntu-nuc/rc2_ws/install/meiling_control/share/ament_index/resource_index/package_run_dependencies/meiling_control
[9.720s] -- Installing: /home/ubuntu-nuc/rc2_ws/install/meiling_control/share/ament_index/resource_index/parent_prefix_path/meiling_control
[9.720s] -- Installing: /home/ubuntu-nuc/rc2_ws/install/meiling_control/share/meiling_control/environment/ament_prefix_path.sh
[9.720s] -- Installing: /home/ubuntu-nuc/rc2_ws/install/meiling_control/share/meiling_control/environment/ament_prefix_path.dsv
[9.720s] -- Installing: /home/ubuntu-nuc/rc2_ws/install/meiling_control/share/meiling_control/environment/path.sh
[9.720s] -- Installing: /home/ubuntu-nuc/rc2_ws/install/meiling_control/share/meiling_control/environment/path.dsv
[9.720s] -- Installing: /home/ubuntu-nuc/rc2_ws/install/meiling_control/share/meiling_control/local_setup.bash
[9.721s] -- Installing: /home/ubuntu-nuc/rc2_ws/install/meiling_control/share/meiling_control/local_setup.sh
[9.721s] -- Installing: /home/ubuntu-nuc/rc2_ws/install/meiling_control/share/meiling_control/local_setup.zsh
[9.721s] -- Installing: /home/ubuntu-nuc/rc2_ws/install/meiling_control/share/meiling_control/local_setup.dsv
[9.721s] -- Installing: /home/ubuntu-nuc/rc2_ws/install/meiling_control/share/meiling_control/package.dsv
[9.721s] -- Installing: /home/ubuntu-nuc/rc2_ws/install/meiling_control/share/ament_index/resource_index/packages/meiling_control
[9.721s] -- Installing: /home/ubuntu-nuc/rc2_ws/install/meiling_control/share/meiling_control/cmake/meiling_controlConfig.cmake
[9.721s] -- Installing: /home/ubuntu-nuc/rc2_ws/install/meiling_control/share/meiling_control/cmake/meiling_controlConfig-version.cmake
[9.721s] -- Installing: /home/ubuntu-nuc/rc2_ws/install/meiling_control/share/meiling_control/package.xml
[9.723s] Invoked command in '/home/ubuntu-nuc/rc2_ws/build/meiling_control' returned '0': CMAKE_PREFIX_PATH=/home/ubuntu-nuc/rc2_ws/install/auto_aim_interfaces:/home/ubuntu-nuc/rc2_ws/install/pgo:/home/ubuntu-nuc/rc2_ws/install/meiling_control:/home/ubuntu-nuc/rc2_ws/install/localizer:/home/ubuntu-nuc/rc2_ws/install/fastlio2:/home/ubuntu-nuc/rc2_ws/install/livox_ros_driver2:/home/ubuntu-nuc/rc2_ws/install/hba:/home/ubuntu-nuc/rc2_ws/install/interface:/home/ubuntu-nuc/rc_ws/install/fast_lio:/home/ubuntu-nuc/rc_ws/install/livox_ros_driver2 LD_LIBRARY_PATH=/home/ubuntu-nuc/rc2_ws/install/auto_aim_interfaces/lib:/opt/MVS/lib/64:/opt/MVS/lib/32:/opt/MVS/lib/64:/opt/MVS/lib/32:/usr/lib/x86_64-linux-gnu:/home/ubuntu-nuc/rc2_ws/install/livox_sdk2/lib:/home/ubuntu-nuc/rc2_ws/install/livox_ros_driver2/lib:/home/ubuntu-nuc/rc2_ws/install/interface/lib:/home/ubuntu-nuc/rc_ws/install/fast_lio/lib:/home/ubuntu-nuc/rc_ws/install/livox_ros_driver2/lib:/usr/lib/x86_64-linux-gnu/gazebo-11/plugins:/opt/ros/humble/opt/rviz_ogre_vendor/lib:/opt/ros/humble/lib/x86_64-linux-gnu:/opt/ros/humble/opt/openvdb_vendor/lib:/opt/ros/humble/lib:/opt/MVS/lib/64:/opt/MVS/lib/32 PKG_CONFIG_PATH=/home/ubuntu-nuc/rc2_ws/install/auto_aim_interfaces/lib/x86_64-linux-gnu/pkgconfig:/home/ubuntu-nuc/rc2_ws/install/auto_aim_interfaces/lib/pkgconfig:/home/ubuntu-nuc/rc2_ws/install/meiling_control/lib/x86_64-linux-gnu/pkgconfig:/home/ubuntu-nuc/rc2_ws/install/meiling_control/lib/pkgconfig PYTHONPATH=/home/ubuntu-nuc/rc2_ws/install/auto_aim_interfaces/local/lib/python3.10/dist-packages:/home/ubuntu-nuc/rc2_ws/install/meiling_detect/lib/python3.10/site-packages:/home/ubuntu-nuc/rc2_ws/install/livox_ros_driver2/local/lib/python3.10/dist-packages:/home/ubuntu-nuc/rc2_ws/install/interface/local/lib/python3.10/dist-packages:/home/ubuntu-nuc/rc_ws/install/fast_lio/local/lib/python3.10/dist-packages:/home/ubuntu-nuc/rc_ws/install/livox_ros_driver2/local/lib/python3.10/dist-packages:/opt/ros/humble/lib/python3.10/site-packages:/opt/ros/humble/local/lib/python3.10/dist-packages ROS_PACKAGE_PATH=/home/ubuntu-nuc/rc2_ws/install/auto_aim_interfaces/share:/home/ubuntu-nuc/rc2_ws/install/meiling_control/share /usr/local/bin/cmake --install /home/ubuntu-nuc/rc2_ws/build/meiling_control
