[0.013s] Invoking command in '/home/ubuntu-nuc/rc2_ws/build/interface': CMAKE_PREFIX_PATH=${CMAKE_PREFIX_PATH}:/home/ubuntu-nuc/rc2_ws/install/meiling_detect_debug:/home/ubuntu-nuc/rc2_ws/install/meiling_detect:/opt/ros/humble /usr/local/bin/cmake /home/ubuntu-nuc/rc2_ws/src/FASTLIO2_ROS2/interface -DROS_EDITION=ROS2 -DDISTRO_ROS=humble -DCMAKE_INSTALL_PREFIX=/home/ubuntu-nuc/rc2_ws/install/interface
[0.016s] [0mCMake Deprecation Warning at CMakeLists.txt:1 (cmake_minimum_required):
[0.016s]   Compatibility with CMake < 3.10 will be removed from a future version of
[0.016s]   CMake.
[0.016s] 
[0.016s]   Update the VERSION argument <min> value.  Or, use the <min>...<max> syntax
[0.016s]   to tell CMake that the project requires at least <min> but has been updated
[0.017s]   to work with policies introduced by <max> or earlier.
[0.017s] 
[0.017s] [0m
[0.050s] -- The C compiler identification is GNU 11.4.0
[0.101s] -- The CXX compiler identification is GNU 11.4.0
[0.107s] -- Detecting C compiler ABI info
[0.150s] -- Detecting C compiler ABI info - done
[0.163s] -- Check for working C compiler: /usr/bin/cc - skipped
[0.163s] -- Detecting C compile features
[0.164s] -- Detecting C compile features - done
[0.172s] -- Detecting CXX compiler ABI info
[0.225s] -- Detecting CXX compiler ABI info - done
[0.244s] -- Check for working CXX compiler: /usr/bin/c++ - skipped
[0.244s] -- Detecting CXX compile features
[0.245s] -- Detecting CXX compile features - done
[0.252s] -- Found ament_cmake: 1.3.12 (/opt/ros/humble/share/ament_cmake/cmake)
[0.408s] -- Found Python3: /usr/bin/python3 (found version "3.10.12") found components: Interpreter
[0.613s] -- Found std_msgs: 4.9.0 (/opt/ros/humble/share/std_msgs/cmake)
[0.719s] -- Found rosidl_generator_c: 3.1.7 (/opt/ros/humble/share/rosidl_generator_c/cmake)
[0.733s] -- Found rosidl_adapter: 3.1.7 (/opt/ros/humble/share/rosidl_adapter/cmake)
[0.763s] -- Found rosidl_generator_cpp: 3.1.8 (/opt/ros/humble/share/rosidl_generator_cpp/cmake)
[0.801s] -- Using all available rosidl_typesupport_c: rosidl_typesupport_fastrtps_c;rosidl_typesupport_introspection_c
[0.827s] -- Using all available rosidl_typesupport_cpp: rosidl_typesupport_fastrtps_cpp;rosidl_typesupport_introspection_cpp
[0.873s] -- Found rosidl_default_generators: 1.2.0 (/opt/ros/humble/share/rosidl_default_generators/cmake)
[1.869s] -- Found ament_cmake_ros: 0.10.0 (/opt/ros/humble/share/ament_cmake_ros/cmake)
[3.275s] -- Using all available rosidl_typesupport_c: rosidl_typesupport_fastrtps_c;rosidl_typesupport_introspection_c
[3.921s] -- Using all available rosidl_typesupport_cpp: rosidl_typesupport_fastrtps_cpp;rosidl_typesupport_introspection_cpp
[3.931s] [33mCMake Warning (dev) at /opt/ros/humble/share/rosidl_generator_py/cmake/rosidl_generator_py_generate_interfaces.cmake:20 (find_package):
[3.931s]   Policy CMP0148 is not set: The FindPythonInterp and FindPythonLibs modules
[3.934s]   are removed.  Run "cmake --help-policy CMP0148" for policy details.  Use
[3.935s]   the cmake_policy command to set the policy and suppress this warning.
[3.935s] 
[3.935s] Call Stack (most recent call first):
[3.935s]   /opt/ros/humble/share/ament_cmake_core/cmake/core/ament_execute_extensions.cmake:48 (include)
[3.935s]   /opt/ros/humble/share/rosidl_cmake/cmake/rosidl_generate_interfaces.cmake:286 (ament_execute_extensions)
[3.935s]   CMakeLists.txt:13 (rosidl_generate_interfaces)
[3.935s] This warning is for project developers.  Use -Wno-dev to suppress it.
[3.935s] [0m
[3.976s] -- Found PythonInterp: /usr/bin/python3 (found suitable version "3.10.12", minimum required is "3.6")
[3.977s] -- Found python_cmake_module: 0.10.0 (/opt/ros/humble/share/python_cmake_module/cmake)
[3.978s] [33mCMake Warning (dev) at /opt/ros/humble/share/python_cmake_module/cmake/Modules/FindPythonExtra.cmake:52 (find_package):
[3.978s]   Policy CMP0148 is not set: The FindPythonInterp and FindPythonLibs modules
[3.978s]   are removed.  Run "cmake --help-policy CMP0148" for policy details.  Use
[3.979s]   the cmake_policy command to set the policy and suppress this warning.
[3.979s] 
[3.980s] Call Stack (most recent call first):
[3.980s]   /opt/ros/humble/share/rosidl_generator_py/cmake/rosidl_generator_py_generate_interfaces.cmake:23 (find_package)
[3.980s]   /opt/ros/humble/share/ament_cmake_core/cmake/core/ament_execute_extensions.cmake:48 (include)
[3.980s]   /opt/ros/humble/share/rosidl_cmake/cmake/rosidl_generate_interfaces.cmake:286 (ament_execute_extensions)
[3.980s]   CMakeLists.txt:13 (rosidl_generate_interfaces)
[3.980s] This warning is for project developers.  Use -Wno-dev to suppress it.
[3.980s] [0m
[4.030s] [33mCMake Warning (dev) at /opt/ros/humble/share/python_cmake_module/cmake/Modules/FindPythonExtra.cmake:140 (find_package):
[4.030s]   Policy CMP0148 is not set: The FindPythonInterp and FindPythonLibs modules
[4.030s]   are removed.  Run "cmake --help-policy CMP0148" for policy details.  Use
[4.030s]   the cmake_policy command to set the policy and suppress this warning.
[4.030s] 
[4.030s] Call Stack (most recent call first):
[4.030s]   /opt/ros/humble/share/rosidl_generator_py/cmake/rosidl_generator_py_generate_interfaces.cmake:23 (find_package)
[4.030s]   /opt/ros/humble/share/ament_cmake_core/cmake/core/ament_execute_extensions.cmake:48 (include)
[4.030s]   /opt/ros/humble/share/rosidl_cmake/cmake/rosidl_generate_interfaces.cmake:286 (ament_execute_extensions)
[4.030s]   CMakeLists.txt:13 (rosidl_generate_interfaces)
[4.030s] This warning is for project developers.  Use -Wno-dev to suppress it.
[4.031s] [0m
[4.052s] -- Found PythonLibs: /usr/lib/x86_64-linux-gnu/libpython3.10.so (found suitable version "3.10.12", minimum required is "3.5")
[4.052s] -- Using PYTHON_EXECUTABLE: /usr/bin/python3
[4.053s] -- Using PYTHON_INCLUDE_DIRS: /usr/include/python3.10
[4.053s] -- Using PYTHON_LIBRARIES: /usr/lib/x86_64-linux-gnu/libpython3.10.so
[4.103s] -- Found PythonExtra: .so
[4.245s] -- Found ament_lint_auto: 0.12.14 (/opt/ros/humble/share/ament_lint_auto/cmake)
[4.299s] -- Added test 'lint_cmake' to check CMake code style
[4.301s] -- Added test 'xmllint' to check XML markup files
[4.311s] -- Configuring done (4.3s)
[4.399s] -- Generating done (0.1s)
[4.399s] [33mCMake Warning:
[4.399s]   Manually-specified variables were not used by the project:
[4.399s] 
[4.399s]     DISTRO_ROS
[4.399s]     ROS_EDITION
[4.400s] 
[4.400s] [0m
[4.412s] -- Build files have been written to: /home/ubuntu-nuc/rc2_ws/build/interface
[4.434s] Invoked command in '/home/ubuntu-nuc/rc2_ws/build/interface' returned '0': CMAKE_PREFIX_PATH=${CMAKE_PREFIX_PATH}:/home/ubuntu-nuc/rc2_ws/install/meiling_detect_debug:/home/ubuntu-nuc/rc2_ws/install/meiling_detect:/opt/ros/humble /usr/local/bin/cmake /home/ubuntu-nuc/rc2_ws/src/FASTLIO2_ROS2/interface -DROS_EDITION=ROS2 -DDISTRO_ROS=humble -DCMAKE_INSTALL_PREFIX=/home/ubuntu-nuc/rc2_ws/install/interface
[4.435s] Invoking command in '/home/ubuntu-nuc/rc2_ws/build/interface': CMAKE_PREFIX_PATH=${CMAKE_PREFIX_PATH}:/home/ubuntu-nuc/rc2_ws/install/meiling_detect_debug:/home/ubuntu-nuc/rc2_ws/install/meiling_detect:/opt/ros/humble /usr/local/bin/cmake --build /home/ubuntu-nuc/rc2_ws/build/interface -- -j8 -l8
[4.491s] [  1%] [34m[1mGenerating C code for ROS interfaces[0m
[4.501s] [  3%] [34m[1mGenerating C++ code for ROS interfaces[0m
[4.520s] [  3%] Built target ament_cmake_python_copy_interface
[5.283s] running egg_info
[5.284s] creating interface.egg-info
[5.285s] writing interface.egg-info/PKG-INFO
[5.285s] writing dependency_links to interface.egg-info/dependency_links.txt
[5.285s] writing top-level names to interface.egg-info/top_level.txt
[5.291s] writing manifest file 'interface.egg-info/SOURCES.txt'
[5.296s] reading manifest file 'interface.egg-info/SOURCES.txt'
[5.297s] writing manifest file 'interface.egg-info/SOURCES.txt'
[5.362s] [  3%] Built target ament_cmake_python_build_interface_egg
[6.620s] [  3%] Built target interface__cpp
[6.632s] [  4%] [34m[1mGenerating C++ introspection for ROS interfaces[0m
[6.647s] [  6%] [34m[1mGenerating C++ type support for eProsima Fast-RTPS[0m
[6.651s] [  7%] [34m[1mGenerating C++ type support dispatch for ROS interfaces[0m
[6.826s] [  9%] [32mBuilding C object CMakeFiles/interface__rosidl_generator_c.dir/rosidl_generator_c/interface/srv/detail/relocalize__functions.c.o[0m
[6.831s] [ 11%] [32mBuilding C object CMakeFiles/interface__rosidl_generator_c.dir/rosidl_generator_c/interface/srv/detail/save_maps__functions.c.o[0m
[6.832s] [ 12%] [32mBuilding C object CMakeFiles/interface__rosidl_generator_c.dir/rosidl_generator_c/interface/srv/detail/is_valid__functions.c.o[0m
[6.844s] [ 14%] [32mBuilding C object CMakeFiles/interface__rosidl_generator_c.dir/rosidl_generator_c/interface/srv/detail/refine_map__functions.c.o[0m
[6.849s] [ 15%] [32mBuilding C object CMakeFiles/interface__rosidl_generator_c.dir/rosidl_generator_c/interface/srv/detail/save_poses__functions.c.o[0m
[7.093s] [ 17%] [32m[1mLinking C shared library libinterface__rosidl_generator_c.so[0m
[7.140s] [ 17%] Built target interface__rosidl_generator_c
[7.153s] [ 19%] [34m[1mGenerating C type support dispatch for ROS interfaces[0m
[7.154s] [ 20%] [34m[1mGenerating C type support for eProsima Fast-RTPS[0m
[7.160s] [ 22%] [34m[1mGenerating C introspection for ROS interfaces[0m
[8.526s] [ 23%] [32mBuilding CXX object CMakeFiles/interface__rosidl_typesupport_cpp.dir/rosidl_typesupport_cpp/interface/srv/save_maps__type_support.cpp.o[0m
[8.526s] [ 25%] [32mBuilding CXX object CMakeFiles/interface__rosidl_typesupport_cpp.dir/rosidl_typesupport_cpp/interface/srv/is_valid__type_support.cpp.o[0m
[8.526s] [ 26%] [32mBuilding CXX object CMakeFiles/interface__rosidl_typesupport_cpp.dir/rosidl_typesupport_cpp/interface/srv/relocalize__type_support.cpp.o[0m
[8.584s] [ 28%] [32mBuilding CXX object CMakeFiles/interface__rosidl_typesupport_c.dir/rosidl_typesupport_c/interface/srv/save_maps__type_support.cpp.o[0m
[8.646s] [ 30%] [32mBuilding CXX object CMakeFiles/interface__rosidl_typesupport_c.dir/rosidl_typesupport_c/interface/srv/relocalize__type_support.cpp.o[0m
[8.678s] [ 31%] [32mBuilding CXX object CMakeFiles/interface__rosidl_typesupport_c.dir/rosidl_typesupport_c/interface/srv/is_valid__type_support.cpp.o[0m
[8.717s] [ 33%] [32mBuilding CXX object CMakeFiles/interface__rosidl_typesupport_c.dir/rosidl_typesupport_c/interface/srv/refine_map__type_support.cpp.o[0m
[8.754s] [ 34%] [32mBuilding CXX object CMakeFiles/interface__rosidl_typesupport_c.dir/rosidl_typesupport_c/interface/srv/save_poses__type_support.cpp.o[0m
[8.803s] [ 36%] [32m[1mLinking CXX shared library libinterface__rosidl_typesupport_c.so[0m
[8.820s] [ 38%] [32mBuilding CXX object CMakeFiles/interface__rosidl_typesupport_introspection_cpp.dir/rosidl_typesupport_introspection_cpp/interface/srv/detail/save_maps__type_support.cpp.o[0m
[8.905s] [ 38%] Built target interface__rosidl_typesupport_c
[8.920s] [ 39%] [32mBuilding CXX object CMakeFiles/interface__rosidl_typesupport_introspection_cpp.dir/rosidl_typesupport_introspection_cpp/interface/srv/detail/relocalize__type_support.cpp.o[0m
[8.980s] [ 41%] [32mBuilding C object CMakeFiles/interface__rosidl_typesupport_introspection_c.dir/rosidl_typesupport_introspection_c/interface/srv/detail/save_maps__type_support.c.o[0m
[9.029s] [ 42%] [32mBuilding CXX object CMakeFiles/interface__rosidl_typesupport_cpp.dir/rosidl_typesupport_cpp/interface/srv/refine_map__type_support.cpp.o[0m
[9.081s] [ 44%] [32mBuilding C object CMakeFiles/interface__rosidl_typesupport_introspection_c.dir/rosidl_typesupport_introspection_c/interface/srv/detail/relocalize__type_support.c.o[0m
[9.123s] [ 47%] [32mBuilding C object CMakeFiles/interface__rosidl_typesupport_introspection_c.dir/rosidl_typesupport_introspection_c/interface/srv/detail/is_valid__type_support.c.o[0m
[9.123s] [ 47%] [32mBuilding CXX object CMakeFiles/interface__rosidl_typesupport_fastrtps_cpp.dir/rosidl_typesupport_fastrtps_cpp/interface/srv/detail/dds_fastrtps/save_maps__type_support.cpp.o[0m
[9.193s] [ 49%] [32mBuilding C object CMakeFiles/interface__rosidl_typesupport_introspection_c.dir/rosidl_typesupport_introspection_c/interface/srv/detail/refine_map__type_support.c.o[0m
[9.260s] [ 50%] [32mBuilding C object CMakeFiles/interface__rosidl_typesupport_introspection_c.dir/rosidl_typesupport_introspection_c/interface/srv/detail/save_poses__type_support.c.o[0m
[9.313s] [ 52%] [32m[1mLinking C shared library libinterface__rosidl_typesupport_introspection_c.so[0m
[9.340s] [ 52%] Built target interface__rosidl_typesupport_introspection_c
[9.346s] [ 53%] [32mBuilding CXX object CMakeFiles/interface__rosidl_typesupport_fastrtps_cpp.dir/rosidl_typesupport_fastrtps_cpp/interface/srv/detail/dds_fastrtps/relocalize__type_support.cpp.o[0m
[9.395s] [ 55%] [32mBuilding CXX object CMakeFiles/interface__rosidl_typesupport_cpp.dir/rosidl_typesupport_cpp/interface/srv/save_poses__type_support.cpp.o[0m
[9.462s] [ 57%] [32mBuilding CXX object CMakeFiles/interface__rosidl_typesupport_introspection_cpp.dir/rosidl_typesupport_introspection_cpp/interface/srv/detail/is_valid__type_support.cpp.o[0m
[9.515s] [ 58%] [32mBuilding CXX object CMakeFiles/interface__rosidl_typesupport_fastrtps_c.dir/rosidl_typesupport_fastrtps_c/interface/srv/detail/save_maps__type_support_c.cpp.o[0m
[9.702s] [ 60%] [32mBuilding CXX object CMakeFiles/interface__rosidl_typesupport_fastrtps_cpp.dir/rosidl_typesupport_fastrtps_cpp/interface/srv/detail/dds_fastrtps/is_valid__type_support.cpp.o[0m
[9.882s] [ 61%] [32mBuilding CXX object CMakeFiles/interface__rosidl_typesupport_introspection_cpp.dir/rosidl_typesupport_introspection_cpp/interface/srv/detail/refine_map__type_support.cpp.o[0m
[10.056s] [ 63%] [32mBuilding CXX object CMakeFiles/interface__rosidl_typesupport_introspection_cpp.dir/rosidl_typesupport_introspection_cpp/interface/srv/detail/save_poses__type_support.cpp.o[0m
[10.062s] [ 65%] [32m[1mLinking CXX shared library libinterface__rosidl_typesupport_cpp.so[0m
[10.145s] [ 65%] Built target interface__rosidl_typesupport_cpp
[10.163s] [ 66%] [32mBuilding CXX object CMakeFiles/interface__rosidl_typesupport_fastrtps_c.dir/rosidl_typesupport_fastrtps_c/interface/srv/detail/relocalize__type_support_c.cpp.o[0m
[10.229s] [ 68%] [32mBuilding CXX object CMakeFiles/interface__rosidl_typesupport_fastrtps_c.dir/rosidl_typesupport_fastrtps_c/interface/srv/detail/is_valid__type_support_c.cpp.o[0m
[10.542s] [ 69%] [32mBuilding CXX object CMakeFiles/interface__rosidl_typesupport_fastrtps_cpp.dir/rosidl_typesupport_fastrtps_cpp/interface/srv/detail/dds_fastrtps/refine_map__type_support.cpp.o[0m
[10.674s] [ 71%] [32mBuilding CXX object CMakeFiles/interface__rosidl_typesupport_fastrtps_c.dir/rosidl_typesupport_fastrtps_c/interface/srv/detail/refine_map__type_support_c.cpp.o[0m
[10.686s] [ 73%] [32mBuilding CXX object CMakeFiles/interface__rosidl_typesupport_fastrtps_cpp.dir/rosidl_typesupport_fastrtps_cpp/interface/srv/detail/dds_fastrtps/save_poses__type_support.cpp.o[0m
[10.931s] [ 74%] [32mBuilding CXX object CMakeFiles/interface__rosidl_typesupport_fastrtps_c.dir/rosidl_typesupport_fastrtps_c/interface/srv/detail/save_poses__type_support_c.cpp.o[0m
[11.146s] [ 76%] [32m[1mLinking CXX shared library libinterface__rosidl_typesupport_introspection_cpp.so[0m
[11.371s] [ 76%] Built target interface__rosidl_typesupport_introspection_cpp
[11.514s] [ 77%] [32m[1mLinking CXX shared library libinterface__rosidl_typesupport_fastrtps_cpp.so[0m
[11.651s] [ 77%] Built target interface__rosidl_typesupport_fastrtps_cpp
[12.025s] [ 79%] [32m[1mLinking CXX shared library libinterface__rosidl_typesupport_fastrtps_c.so[0m
[12.141s] [ 79%] Built target interface__rosidl_typesupport_fastrtps_c
[12.169s] [ 79%] Built target interface
[12.192s] [ 80%] [34m[1mGenerating Python code for ROS interfaces[0m
[14.655s] [ 80%] Built target interface__py
[14.684s] [ 82%] [32mBuilding C object CMakeFiles/interface__rosidl_generator_py.dir/rosidl_generator_py/interface/srv/_save_maps_s.c.o[0m
[14.689s] [ 85%] [32mBuilding C object CMakeFiles/interface__rosidl_generator_py.dir/rosidl_generator_py/interface/srv/_relocalize_s.c.o[0m
[14.694s] [ 85%] [32mBuilding C object CMakeFiles/interface__rosidl_generator_py.dir/rosidl_generator_py/interface/srv/_is_valid_s.c.o[0m
[14.698s] [ 87%] [32mBuilding C object CMakeFiles/interface__rosidl_generator_py.dir/rosidl_generator_py/interface/srv/_refine_map_s.c.o[0m
[14.705s] [ 88%] [32mBuilding C object CMakeFiles/interface__rosidl_generator_py.dir/rosidl_generator_py/interface/srv/_save_poses_s.c.o[0m
[15.072s] [ 90%] [32m[1mLinking C shared library rosidl_generator_py/interface/libinterface__rosidl_generator_py.so[0m
[15.194s] [ 90%] Built target interface__rosidl_generator_py
[15.230s] [ 92%] [32mBuilding C object CMakeFiles/interface__rosidl_typesupport_fastrtps_c__pyext.dir/rosidl_generator_py/interface/_interface_s.ep.rosidl_typesupport_fastrtps_c.c.o[0m
[15.234s] [ 93%] [32mBuilding C object CMakeFiles/interface__rosidl_typesupport_c__pyext.dir/rosidl_generator_py/interface/_interface_s.ep.rosidl_typesupport_c.c.o[0m
[15.241s] [ 95%] [32mBuilding C object CMakeFiles/interface__rosidl_typesupport_introspection_c__pyext.dir/rosidl_generator_py/interface/_interface_s.ep.rosidl_typesupport_introspection_c.c.o[0m
[15.492s] [ 96%] [32m[1mLinking C shared library rosidl_generator_py/interface/interface_s__rosidl_typesupport_introspection_c.cpython-310-x86_64-linux-gnu.so[0m
[15.585s] [ 96%] Built target interface__rosidl_typesupport_introspection_c__pyext
[15.892s] [ 98%] [32m[1mLinking C shared library rosidl_generator_py/interface/interface_s__rosidl_typesupport_fastrtps_c.cpython-310-x86_64-linux-gnu.so[0m
[15.912s] [100%] [32m[1mLinking C shared library rosidl_generator_py/interface/interface_s__rosidl_typesupport_c.cpython-310-x86_64-linux-gnu.so[0m
[16.045s] [100%] Built target interface__rosidl_typesupport_c__pyext
[16.055s] [100%] Built target interface__rosidl_typesupport_fastrtps_c__pyext
[16.072s] Invoked command in '/home/ubuntu-nuc/rc2_ws/build/interface' returned '0': CMAKE_PREFIX_PATH=${CMAKE_PREFIX_PATH}:/home/ubuntu-nuc/rc2_ws/install/meiling_detect_debug:/home/ubuntu-nuc/rc2_ws/install/meiling_detect:/opt/ros/humble /usr/local/bin/cmake --build /home/ubuntu-nuc/rc2_ws/build/interface -- -j8 -l8
[16.073s] Invoking command in '/home/ubuntu-nuc/rc2_ws/build/interface': CMAKE_PREFIX_PATH=${CMAKE_PREFIX_PATH}:/home/ubuntu-nuc/rc2_ws/install/meiling_detect_debug:/home/ubuntu-nuc/rc2_ws/install/meiling_detect:/opt/ros/humble /usr/local/bin/cmake --install /home/ubuntu-nuc/rc2_ws/build/interface
[16.091s] -- Install configuration: ""
[16.092s] -- Installing: /home/ubuntu-nuc/rc2_ws/install/interface/share/ament_index/resource_index/rosidl_interfaces/interface
[16.092s] -- Installing: /home/ubuntu-nuc/rc2_ws/install/interface/include/interface/interface
[16.092s] -- Installing: /home/ubuntu-nuc/rc2_ws/install/interface/include/interface/interface/msg
[16.092s] -- Installing: /home/ubuntu-nuc/rc2_ws/install/interface/include/interface/interface/msg/rosidl_generator_c__visibility_control.h
[16.092s] -- Installing: /home/ubuntu-nuc/rc2_ws/install/interface/include/interface/interface/srv
[16.092s] -- Installing: /home/ubuntu-nuc/rc2_ws/install/interface/include/interface/interface/srv/refine_map.h
[16.093s] -- Installing: /home/ubuntu-nuc/rc2_ws/install/interface/include/interface/interface/srv/is_valid.h
[16.093s] -- Installing: /home/ubuntu-nuc/rc2_ws/install/interface/include/interface/interface/srv/save_maps.h
[16.093s] -- Installing: /home/ubuntu-nuc/rc2_ws/install/interface/include/interface/interface/srv/relocalize.h
[16.093s] -- Installing: /home/ubuntu-nuc/rc2_ws/install/interface/include/interface/interface/srv/save_poses.h
[16.097s] -- Installing: /home/ubuntu-nuc/rc2_ws/install/interface/include/interface/interface/srv/detail
[16.098s] -- Installing: /home/ubuntu-nuc/rc2_ws/install/interface/include/interface/interface/srv/detail/save_poses__struct.h
[16.098s] -- Installing: /home/ubuntu-nuc/rc2_ws/install/interface/include/interface/interface/srv/detail/relocalize__struct.h
[16.098s] -- Installing: /home/ubuntu-nuc/rc2_ws/install/interface/include/interface/interface/srv/detail/save_maps__functions.h
[16.098s] -- Installing: /home/ubuntu-nuc/rc2_ws/install/interface/include/interface/interface/srv/detail/save_maps__struct.h
[16.098s] -- Installing: /home/ubuntu-nuc/rc2_ws/install/interface/include/interface/interface/srv/detail/is_valid__functions.c
[16.103s] -- Installing: /home/ubuntu-nuc/rc2_ws/install/interface/include/interface/interface/srv/detail/save_maps__type_support.h
[16.103s] -- Installing: /home/ubuntu-nuc/rc2_ws/install/interface/include/interface/interface/srv/detail/is_valid__struct.h
[16.103s] -- Installing: /home/ubuntu-nuc/rc2_ws/install/interface/include/interface/interface/srv/detail/is_valid__type_support.h
[16.103s] -- Installing: /home/ubuntu-nuc/rc2_ws/install/interface/include/interface/interface/srv/detail/save_poses__type_support.h
[16.103s] -- Installing: /home/ubuntu-nuc/rc2_ws/install/interface/include/interface/interface/srv/detail/refine_map__functions.h
[16.107s] -- Installing: /home/ubuntu-nuc/rc2_ws/install/interface/include/interface/interface/srv/detail/relocalize__functions.h
[16.107s] -- Installing: /home/ubuntu-nuc/rc2_ws/install/interface/include/interface/interface/srv/detail/refine_map__functions.c
[16.107s] -- Installing: /home/ubuntu-nuc/rc2_ws/install/interface/include/interface/interface/srv/detail/relocalize__type_support.h
[16.107s] -- Installing: /home/ubuntu-nuc/rc2_ws/install/interface/include/interface/interface/srv/detail/refine_map__struct.h
[16.108s] -- Installing: /home/ubuntu-nuc/rc2_ws/install/interface/include/interface/interface/srv/detail/save_poses__functions.c
[16.108s] -- Installing: /home/ubuntu-nuc/rc2_ws/install/interface/include/interface/interface/srv/detail/save_maps__functions.c
[16.108s] -- Installing: /home/ubuntu-nuc/rc2_ws/install/interface/include/interface/interface/srv/detail/refine_map__type_support.h
[16.108s] -- Installing: /home/ubuntu-nuc/rc2_ws/install/interface/include/interface/interface/srv/detail/save_poses__functions.h
[16.109s] -- Installing: /home/ubuntu-nuc/rc2_ws/install/interface/include/interface/interface/srv/detail/relocalize__functions.c
[16.109s] -- Installing: /home/ubuntu-nuc/rc2_ws/install/interface/include/interface/interface/srv/detail/is_valid__functions.h
[16.109s] -- Installing: /home/ubuntu-nuc/rc2_ws/install/interface/share/interface/environment/library_path.sh
[16.117s] -- Installing: /home/ubuntu-nuc/rc2_ws/install/interface/share/interface/environment/library_path.dsv
[16.117s] -- Installing: /home/ubuntu-nuc/rc2_ws/install/interface/lib/libinterface__rosidl_generator_c.so
[16.117s] -- Set non-toolchain portion of runtime path of "/home/ubuntu-nuc/rc2_ws/install/interface/lib/libinterface__rosidl_generator_c.so" to ""
[16.117s] -- Up-to-date: /home/ubuntu-nuc/rc2_ws/install/interface/include/interface/interface
[16.118s] -- Up-to-date: /home/ubuntu-nuc/rc2_ws/install/interface/include/interface/interface/msg
[16.118s] -- Installing: /home/ubuntu-nuc/rc2_ws/install/interface/include/interface/interface/msg/rosidl_typesupport_fastrtps_c__visibility_control.h
[16.118s] -- Up-to-date: /home/ubuntu-nuc/rc2_ws/install/interface/include/interface/interface/srv
[16.118s] -- Up-to-date: /home/ubuntu-nuc/rc2_ws/install/interface/include/interface/interface/srv/detail
[16.118s] -- Installing: /home/ubuntu-nuc/rc2_ws/install/interface/include/interface/interface/srv/detail/save_maps__rosidl_typesupport_fastrtps_c.h
[16.118s] -- Installing: /home/ubuntu-nuc/rc2_ws/install/interface/include/interface/interface/srv/detail/is_valid__rosidl_typesupport_fastrtps_c.h
[16.118s] -- Installing: /home/ubuntu-nuc/rc2_ws/install/interface/include/interface/interface/srv/detail/save_poses__rosidl_typesupport_fastrtps_c.h
[16.118s] -- Installing: /home/ubuntu-nuc/rc2_ws/install/interface/include/interface/interface/srv/detail/relocalize__rosidl_typesupport_fastrtps_c.h
[16.118s] -- Installing: /home/ubuntu-nuc/rc2_ws/install/interface/include/interface/interface/srv/detail/refine_map__rosidl_typesupport_fastrtps_c.h
[16.119s] -- Installing: /home/ubuntu-nuc/rc2_ws/install/interface/lib/libinterface__rosidl_typesupport_fastrtps_c.so
[16.119s] -- Set non-toolchain portion of runtime path of "/home/ubuntu-nuc/rc2_ws/install/interface/lib/libinterface__rosidl_typesupport_fastrtps_c.so" to ""
[16.119s] -- Up-to-date: /home/ubuntu-nuc/rc2_ws/install/interface/include/interface/interface
[16.119s] -- Up-to-date: /home/ubuntu-nuc/rc2_ws/install/interface/include/interface/interface/msg
[16.120s] -- Installing: /home/ubuntu-nuc/rc2_ws/install/interface/include/interface/interface/msg/rosidl_generator_cpp__visibility_control.hpp
[16.121s] -- Up-to-date: /home/ubuntu-nuc/rc2_ws/install/interface/include/interface/interface/srv
[16.121s] -- Installing: /home/ubuntu-nuc/rc2_ws/install/interface/include/interface/interface/srv/is_valid.hpp
[16.121s] -- Installing: /home/ubuntu-nuc/rc2_ws/install/interface/include/interface/interface/srv/save_poses.hpp
[16.121s] -- Installing: /home/ubuntu-nuc/rc2_ws/install/interface/include/interface/interface/srv/refine_map.hpp
[16.121s] -- Installing: /home/ubuntu-nuc/rc2_ws/install/interface/include/interface/interface/srv/relocalize.hpp
[16.121s] -- Up-to-date: /home/ubuntu-nuc/rc2_ws/install/interface/include/interface/interface/srv/detail
[16.121s] -- Installing: /home/ubuntu-nuc/rc2_ws/install/interface/include/interface/interface/srv/detail/relocalize__traits.hpp
[16.121s] -- Installing: /home/ubuntu-nuc/rc2_ws/install/interface/include/interface/interface/srv/detail/relocalize__type_support.hpp
[16.122s] -- Installing: /home/ubuntu-nuc/rc2_ws/install/interface/include/interface/interface/srv/detail/save_poses__traits.hpp
[16.122s] -- Installing: /home/ubuntu-nuc/rc2_ws/install/interface/include/interface/interface/srv/detail/relocalize__builder.hpp
[16.122s] -- Installing: /home/ubuntu-nuc/rc2_ws/install/interface/include/interface/interface/srv/detail/save_poses__type_support.hpp
[16.125s] -- Installing: /home/ubuntu-nuc/rc2_ws/install/interface/include/interface/interface/srv/detail/save_maps__type_support.hpp
[16.125s] -- Installing: /home/ubuntu-nuc/rc2_ws/install/interface/include/interface/interface/srv/detail/save_maps__traits.hpp
[16.125s] -- Installing: /home/ubuntu-nuc/rc2_ws/install/interface/include/interface/interface/srv/detail/save_maps__builder.hpp
[16.125s] -- Installing: /home/ubuntu-nuc/rc2_ws/install/interface/include/interface/interface/srv/detail/refine_map__type_support.hpp
[16.125s] -- Installing: /home/ubuntu-nuc/rc2_ws/install/interface/include/interface/interface/srv/detail/refine_map__struct.hpp
[16.130s] -- Installing: /home/ubuntu-nuc/rc2_ws/install/interface/include/interface/interface/srv/detail/is_valid__builder.hpp
[16.130s] -- Installing: /home/ubuntu-nuc/rc2_ws/install/interface/include/interface/interface/srv/detail/save_poses__struct.hpp
[16.130s] -- Installing: /home/ubuntu-nuc/rc2_ws/install/interface/include/interface/interface/srv/detail/relocalize__struct.hpp
[16.130s] -- Installing: /home/ubuntu-nuc/rc2_ws/install/interface/include/interface/interface/srv/detail/refine_map__builder.hpp
[16.130s] -- Installing: /home/ubuntu-nuc/rc2_ws/install/interface/include/interface/interface/srv/detail/is_valid__struct.hpp
[16.130s] -- Installing: /home/ubuntu-nuc/rc2_ws/install/interface/include/interface/interface/srv/detail/is_valid__type_support.hpp
[16.131s] -- Installing: /home/ubuntu-nuc/rc2_ws/install/interface/include/interface/interface/srv/detail/is_valid__traits.hpp
[16.131s] -- Installing: /home/ubuntu-nuc/rc2_ws/install/interface/include/interface/interface/srv/detail/refine_map__traits.hpp
[16.131s] -- Installing: /home/ubuntu-nuc/rc2_ws/install/interface/include/interface/interface/srv/detail/save_poses__builder.hpp
[16.131s] -- Installing: /home/ubuntu-nuc/rc2_ws/install/interface/include/interface/interface/srv/detail/save_maps__struct.hpp
[16.131s] -- Installing: /home/ubuntu-nuc/rc2_ws/install/interface/include/interface/interface/srv/save_maps.hpp
[16.131s] -- Up-to-date: /home/ubuntu-nuc/rc2_ws/install/interface/include/interface/interface
[16.132s] -- Up-to-date: /home/ubuntu-nuc/rc2_ws/install/interface/include/interface/interface/msg
[16.132s] -- Installing: /home/ubuntu-nuc/rc2_ws/install/interface/include/interface/interface/msg/rosidl_typesupport_fastrtps_cpp__visibility_control.h
[16.133s] -- Up-to-date: /home/ubuntu-nuc/rc2_ws/install/interface/include/interface/interface/srv
[16.133s] -- Up-to-date: /home/ubuntu-nuc/rc2_ws/install/interface/include/interface/interface/srv/detail
[16.133s] -- Installing: /home/ubuntu-nuc/rc2_ws/install/interface/include/interface/interface/srv/detail/save_maps__rosidl_typesupport_fastrtps_cpp.hpp
[16.133s] -- Installing: /home/ubuntu-nuc/rc2_ws/install/interface/include/interface/interface/srv/detail/dds_fastrtps
[16.134s] -- Installing: /home/ubuntu-nuc/rc2_ws/install/interface/include/interface/interface/srv/detail/relocalize__rosidl_typesupport_fastrtps_cpp.hpp
[16.134s] -- Installing: /home/ubuntu-nuc/rc2_ws/install/interface/include/interface/interface/srv/detail/refine_map__rosidl_typesupport_fastrtps_cpp.hpp
[16.140s] -- Installing: /home/ubuntu-nuc/rc2_ws/install/interface/include/interface/interface/srv/detail/is_valid__rosidl_typesupport_fastrtps_cpp.hpp
[16.140s] -- Installing: /home/ubuntu-nuc/rc2_ws/install/interface/include/interface/interface/srv/detail/save_poses__rosidl_typesupport_fastrtps_cpp.hpp
[16.140s] -- Installing: /home/ubuntu-nuc/rc2_ws/install/interface/lib/libinterface__rosidl_typesupport_fastrtps_cpp.so
[16.140s] -- Set non-toolchain portion of runtime path of "/home/ubuntu-nuc/rc2_ws/install/interface/lib/libinterface__rosidl_typesupport_fastrtps_cpp.so" to ""
[16.141s] -- Up-to-date: /home/ubuntu-nuc/rc2_ws/install/interface/include/interface/interface
[16.141s] -- Up-to-date: /home/ubuntu-nuc/rc2_ws/install/interface/include/interface/interface/msg
[16.141s] -- Installing: /home/ubuntu-nuc/rc2_ws/install/interface/include/interface/interface/msg/rosidl_typesupport_introspection_c__visibility_control.h
[16.141s] -- Up-to-date: /home/ubuntu-nuc/rc2_ws/install/interface/include/interface/interface/srv
[16.141s] -- Up-to-date: /home/ubuntu-nuc/rc2_ws/install/interface/include/interface/interface/srv/detail
[16.141s] -- Installing: /home/ubuntu-nuc/rc2_ws/install/interface/include/interface/interface/srv/detail/save_maps__type_support.c
[16.142s] -- Installing: /home/ubuntu-nuc/rc2_ws/install/interface/include/interface/interface/srv/detail/save_poses__type_support.c
[16.142s] -- Installing: /home/ubuntu-nuc/rc2_ws/install/interface/include/interface/interface/srv/detail/save_poses__rosidl_typesupport_introspection_c.h
[16.142s] -- Installing: /home/ubuntu-nuc/rc2_ws/install/interface/include/interface/interface/srv/detail/relocalize__rosidl_typesupport_introspection_c.h
[16.142s] -- Installing: /home/ubuntu-nuc/rc2_ws/install/interface/include/interface/interface/srv/detail/relocalize__type_support.c
[16.142s] -- Installing: /home/ubuntu-nuc/rc2_ws/install/interface/include/interface/interface/srv/detail/refine_map__rosidl_typesupport_introspection_c.h
[16.142s] -- Installing: /home/ubuntu-nuc/rc2_ws/install/interface/include/interface/interface/srv/detail/refine_map__type_support.c
[16.143s] -- Installing: /home/ubuntu-nuc/rc2_ws/install/interface/include/interface/interface/srv/detail/is_valid__rosidl_typesupport_introspection_c.h
[16.155s] -- Installing: /home/ubuntu-nuc/rc2_ws/install/interface/include/interface/interface/srv/detail/save_maps__rosidl_typesupport_introspection_c.h
[16.155s] -- Installing: /home/ubuntu-nuc/rc2_ws/install/interface/include/interface/interface/srv/detail/is_valid__type_support.c
[16.155s] -- Installing: /home/ubuntu-nuc/rc2_ws/install/interface/lib/libinterface__rosidl_typesupport_introspection_c.so
[16.156s] -- Set non-toolchain portion of runtime path of "/home/ubuntu-nuc/rc2_ws/install/interface/lib/libinterface__rosidl_typesupport_introspection_c.so" to ""
[16.156s] -- Installing: /home/ubuntu-nuc/rc2_ws/install/interface/lib/libinterface__rosidl_typesupport_c.so
[16.157s] -- Set non-toolchain portion of runtime path of "/home/ubuntu-nuc/rc2_ws/install/interface/lib/libinterface__rosidl_typesupport_c.so" to ""
[16.157s] -- Up-to-date: /home/ubuntu-nuc/rc2_ws/install/interface/include/interface/interface
[16.157s] -- Up-to-date: /home/ubuntu-nuc/rc2_ws/install/interface/include/interface/interface/srv
[16.158s] -- Up-to-date: /home/ubuntu-nuc/rc2_ws/install/interface/include/interface/interface/srv/detail
[16.158s] -- Installing: /home/ubuntu-nuc/rc2_ws/install/interface/include/interface/interface/srv/detail/save_poses__rosidl_typesupport_introspection_cpp.hpp
[16.158s] -- Installing: /home/ubuntu-nuc/rc2_ws/install/interface/include/interface/interface/srv/detail/refine_map__type_support.cpp
[16.158s] -- Installing: /home/ubuntu-nuc/rc2_ws/install/interface/include/interface/interface/srv/detail/save_maps__rosidl_typesupport_introspection_cpp.hpp
[16.158s] -- Installing: /home/ubuntu-nuc/rc2_ws/install/interface/include/interface/interface/srv/detail/relocalize__type_support.cpp
[16.158s] -- Installing: /home/ubuntu-nuc/rc2_ws/install/interface/include/interface/interface/srv/detail/save_poses__type_support.cpp
[16.159s] -- Installing: /home/ubuntu-nuc/rc2_ws/install/interface/include/interface/interface/srv/detail/refine_map__rosidl_typesupport_introspection_cpp.hpp
[16.159s] -- Installing: /home/ubuntu-nuc/rc2_ws/install/interface/include/interface/interface/srv/detail/is_valid__type_support.cpp
[16.159s] -- Installing: /home/ubuntu-nuc/rc2_ws/install/interface/include/interface/interface/srv/detail/relocalize__rosidl_typesupport_introspection_cpp.hpp
[16.159s] -- Installing: /home/ubuntu-nuc/rc2_ws/install/interface/include/interface/interface/srv/detail/is_valid__rosidl_typesupport_introspection_cpp.hpp
[16.159s] -- Installing: /home/ubuntu-nuc/rc2_ws/install/interface/include/interface/interface/srv/detail/save_maps__type_support.cpp
[16.159s] -- Installing: /home/ubuntu-nuc/rc2_ws/install/interface/lib/libinterface__rosidl_typesupport_introspection_cpp.so
[16.167s] -- Set non-toolchain portion of runtime path of "/home/ubuntu-nuc/rc2_ws/install/interface/lib/libinterface__rosidl_typesupport_introspection_cpp.so" to ""
[16.168s] -- Installing: /home/ubuntu-nuc/rc2_ws/install/interface/lib/libinterface__rosidl_typesupport_cpp.so
[16.169s] -- Set non-toolchain portion of runtime path of "/home/ubuntu-nuc/rc2_ws/install/interface/lib/libinterface__rosidl_typesupport_cpp.so" to ""
[16.170s] -- Installing: /home/ubuntu-nuc/rc2_ws/install/interface/share/interface/environment/pythonpath.sh
[16.170s] -- Installing: /home/ubuntu-nuc/rc2_ws/install/interface/share/interface/environment/pythonpath.dsv
[16.170s] -- Installing: /home/ubuntu-nuc/rc2_ws/install/interface/local/lib/python3.10/dist-packages/interface-0.0.0-py3.10.egg-info
[16.170s] -- Installing: /home/ubuntu-nuc/rc2_ws/install/interface/local/lib/python3.10/dist-packages/interface-0.0.0-py3.10.egg-info/dependency_links.txt
[16.171s] -- Installing: /home/ubuntu-nuc/rc2_ws/install/interface/local/lib/python3.10/dist-packages/interface-0.0.0-py3.10.egg-info/top_level.txt
[16.171s] -- Installing: /home/ubuntu-nuc/rc2_ws/install/interface/local/lib/python3.10/dist-packages/interface-0.0.0-py3.10.egg-info/PKG-INFO
[16.171s] -- Installing: /home/ubuntu-nuc/rc2_ws/install/interface/local/lib/python3.10/dist-packages/interface-0.0.0-py3.10.egg-info/SOURCES.txt
[16.171s] -- Installing: /home/ubuntu-nuc/rc2_ws/install/interface/local/lib/python3.10/dist-packages/interface
[16.171s] -- Installing: /home/ubuntu-nuc/rc2_ws/install/interface/local/lib/python3.10/dist-packages/interface/interface_s__rosidl_typesupport_c.cpython-310-x86_64-linux-gnu.so
[16.172s] -- Installing: /home/ubuntu-nuc/rc2_ws/install/interface/local/lib/python3.10/dist-packages/interface/__init__.py
[16.172s] -- Installing: /home/ubuntu-nuc/rc2_ws/install/interface/local/lib/python3.10/dist-packages/interface/interface_s__rosidl_typesupport_introspection_c.cpython-310-x86_64-linux-gnu.so
[16.176s] -- Installing: /home/ubuntu-nuc/rc2_ws/install/interface/local/lib/python3.10/dist-packages/interface/_interface_s.ep.rosidl_typesupport_fastrtps_c.c
[16.176s] -- Installing: /home/ubuntu-nuc/rc2_ws/install/interface/local/lib/python3.10/dist-packages/interface/_interface_s.ep.rosidl_typesupport_c.c
[16.177s] -- Installing: /home/ubuntu-nuc/rc2_ws/install/interface/local/lib/python3.10/dist-packages/interface/libinterface__rosidl_generator_py.so
[16.177s] -- Installing: /home/ubuntu-nuc/rc2_ws/install/interface/local/lib/python3.10/dist-packages/interface/interface_s__rosidl_typesupport_fastrtps_c.cpython-310-x86_64-linux-gnu.so
[16.177s] -- Installing: /home/ubuntu-nuc/rc2_ws/install/interface/local/lib/python3.10/dist-packages/interface/_interface_s.ep.rosidl_typesupport_introspection_c.c
[16.177s] -- Installing: /home/ubuntu-nuc/rc2_ws/install/interface/local/lib/python3.10/dist-packages/interface/srv
[16.177s] -- Installing: /home/ubuntu-nuc/rc2_ws/install/interface/local/lib/python3.10/dist-packages/interface/srv/_relocalize.py
[16.178s] -- Installing: /home/ubuntu-nuc/rc2_ws/install/interface/local/lib/python3.10/dist-packages/interface/srv/_is_valid.py
[16.178s] -- Installing: /home/ubuntu-nuc/rc2_ws/install/interface/local/lib/python3.10/dist-packages/interface/srv/_save_poses.py
[16.178s] -- Installing: /home/ubuntu-nuc/rc2_ws/install/interface/local/lib/python3.10/dist-packages/interface/srv/_is_valid_s.c
[16.178s] -- Installing: /home/ubuntu-nuc/rc2_ws/install/interface/local/lib/python3.10/dist-packages/interface/srv/_relocalize_s.c
[16.178s] -- Installing: /home/ubuntu-nuc/rc2_ws/install/interface/local/lib/python3.10/dist-packages/interface/srv/__init__.py
[16.179s] -- Installing: /home/ubuntu-nuc/rc2_ws/install/interface/local/lib/python3.10/dist-packages/interface/srv/_refine_map_s.c
[16.179s] -- Installing: /home/ubuntu-nuc/rc2_ws/install/interface/local/lib/python3.10/dist-packages/interface/srv/_save_poses_s.c
[16.179s] -- Installing: /home/ubuntu-nuc/rc2_ws/install/interface/local/lib/python3.10/dist-packages/interface/srv/_save_maps.py
[16.179s] -- Installing: /home/ubuntu-nuc/rc2_ws/install/interface/local/lib/python3.10/dist-packages/interface/srv/_save_maps_s.c
[16.179s] -- Installing: /home/ubuntu-nuc/rc2_ws/install/interface/local/lib/python3.10/dist-packages/interface/srv/_refine_map.py
[16.452s] Listing '/home/ubuntu-nuc/rc2_ws/install/interface/local/lib/python3.10/dist-packages/interface'...
[16.452s] Compiling '/home/ubuntu-nuc/rc2_ws/install/interface/local/lib/python3.10/dist-packages/interface/__init__.py'...
[16.452s] Listing '/home/ubuntu-nuc/rc2_ws/install/interface/local/lib/python3.10/dist-packages/interface/srv'...
[16.452s] Compiling '/home/ubuntu-nuc/rc2_ws/install/interface/local/lib/python3.10/dist-packages/interface/srv/__init__.py'...
[16.452s] Compiling '/home/ubuntu-nuc/rc2_ws/install/interface/local/lib/python3.10/dist-packages/interface/srv/_is_valid.py'...
[16.452s] Compiling '/home/ubuntu-nuc/rc2_ws/install/interface/local/lib/python3.10/dist-packages/interface/srv/_refine_map.py'...
[16.452s] Compiling '/home/ubuntu-nuc/rc2_ws/install/interface/local/lib/python3.10/dist-packages/interface/srv/_relocalize.py'...
[16.452s] Compiling '/home/ubuntu-nuc/rc2_ws/install/interface/local/lib/python3.10/dist-packages/interface/srv/_save_maps.py'...
[16.452s] Compiling '/home/ubuntu-nuc/rc2_ws/install/interface/local/lib/python3.10/dist-packages/interface/srv/_save_poses.py'...
[16.464s] -- Installing: /home/ubuntu-nuc/rc2_ws/install/interface/local/lib/python3.10/dist-packages/interface/interface_s__rosidl_typesupport_fastrtps_c.cpython-310-x86_64-linux-gnu.so
[16.465s] -- Set non-toolchain portion of runtime path of "/home/ubuntu-nuc/rc2_ws/install/interface/local/lib/python3.10/dist-packages/interface/interface_s__rosidl_typesupport_fastrtps_c.cpython-310-x86_64-linux-gnu.so" to ""
[16.465s] -- Installing: /home/ubuntu-nuc/rc2_ws/install/interface/local/lib/python3.10/dist-packages/interface/interface_s__rosidl_typesupport_introspection_c.cpython-310-x86_64-linux-gnu.so
[16.465s] -- Set non-toolchain portion of runtime path of "/home/ubuntu-nuc/rc2_ws/install/interface/local/lib/python3.10/dist-packages/interface/interface_s__rosidl_typesupport_introspection_c.cpython-310-x86_64-linux-gnu.so" to ""
[16.465s] -- Installing: /home/ubuntu-nuc/rc2_ws/install/interface/local/lib/python3.10/dist-packages/interface/interface_s__rosidl_typesupport_c.cpython-310-x86_64-linux-gnu.so
[16.465s] -- Set non-toolchain portion of runtime path of "/home/ubuntu-nuc/rc2_ws/install/interface/local/lib/python3.10/dist-packages/interface/interface_s__rosidl_typesupport_c.cpython-310-x86_64-linux-gnu.so" to ""
[16.465s] -- Installing: /home/ubuntu-nuc/rc2_ws/install/interface/lib/libinterface__rosidl_generator_py.so
[16.465s] -- Set non-toolchain portion of runtime path of "/home/ubuntu-nuc/rc2_ws/install/interface/lib/libinterface__rosidl_generator_py.so" to ""
[16.465s] -- Installing: /home/ubuntu-nuc/rc2_ws/install/interface/share/interface/srv/SaveMaps.idl
[16.465s] -- Installing: /home/ubuntu-nuc/rc2_ws/install/interface/share/interface/srv/Relocalize.idl
[16.465s] -- Installing: /home/ubuntu-nuc/rc2_ws/install/interface/share/interface/srv/IsValid.idl
[16.466s] -- Installing: /home/ubuntu-nuc/rc2_ws/install/interface/share/interface/srv/RefineMap.idl
[16.470s] -- Installing: /home/ubuntu-nuc/rc2_ws/install/interface/share/interface/srv/SavePoses.idl
[16.471s] -- Installing: /home/ubuntu-nuc/rc2_ws/install/interface/share/interface/srv/SaveMaps.srv
[16.471s] -- Installing: /home/ubuntu-nuc/rc2_ws/install/interface/share/interface/srv/SaveMaps_Request.msg
[16.471s] -- Installing: /home/ubuntu-nuc/rc2_ws/install/interface/share/interface/srv/SaveMaps_Response.msg
[16.471s] -- Installing: /home/ubuntu-nuc/rc2_ws/install/interface/share/interface/srv/Relocalize.srv
[16.471s] -- Installing: /home/ubuntu-nuc/rc2_ws/install/interface/share/interface/srv/Relocalize_Request.msg
[16.471s] -- Installing: /home/ubuntu-nuc/rc2_ws/install/interface/share/interface/srv/Relocalize_Response.msg
[16.471s] -- Installing: /home/ubuntu-nuc/rc2_ws/install/interface/share/interface/srv/IsValid.srv
[16.471s] -- Installing: /home/ubuntu-nuc/rc2_ws/install/interface/share/interface/srv/IsValid_Request.msg
[16.471s] -- Installing: /home/ubuntu-nuc/rc2_ws/install/interface/share/interface/srv/IsValid_Response.msg
[16.472s] -- Installing: /home/ubuntu-nuc/rc2_ws/install/interface/share/interface/srv/RefineMap.srv
[16.472s] -- Installing: /home/ubuntu-nuc/rc2_ws/install/interface/share/interface/srv/RefineMap_Request.msg
[16.472s] -- Installing: /home/ubuntu-nuc/rc2_ws/install/interface/share/interface/srv/RefineMap_Response.msg
[16.472s] -- Installing: /home/ubuntu-nuc/rc2_ws/install/interface/share/interface/srv/SavePoses.srv
[16.472s] -- Installing: /home/ubuntu-nuc/rc2_ws/install/interface/share/interface/srv/SavePoses_Request.msg
[16.472s] -- Installing: /home/ubuntu-nuc/rc2_ws/install/interface/share/interface/srv/SavePoses_Response.msg
[16.472s] -- Installing: /home/ubuntu-nuc/rc2_ws/install/interface/share/ament_index/resource_index/package_run_dependencies/interface
[16.473s] -- Installing: /home/ubuntu-nuc/rc2_ws/install/interface/share/ament_index/resource_index/parent_prefix_path/interface
[16.473s] -- Installing: /home/ubuntu-nuc/rc2_ws/install/interface/share/interface/environment/ament_prefix_path.sh
[16.473s] -- Installing: /home/ubuntu-nuc/rc2_ws/install/interface/share/interface/environment/ament_prefix_path.dsv
[16.473s] -- Installing: /home/ubuntu-nuc/rc2_ws/install/interface/share/interface/environment/path.sh
[16.473s] -- Installing: /home/ubuntu-nuc/rc2_ws/install/interface/share/interface/environment/path.dsv
[16.474s] -- Installing: /home/ubuntu-nuc/rc2_ws/install/interface/share/interface/local_setup.bash
[16.474s] -- Installing: /home/ubuntu-nuc/rc2_ws/install/interface/share/interface/local_setup.sh
[16.475s] -- Installing: /home/ubuntu-nuc/rc2_ws/install/interface/share/interface/local_setup.zsh
[16.475s] -- Installing: /home/ubuntu-nuc/rc2_ws/install/interface/share/interface/local_setup.dsv
[16.475s] -- Installing: /home/ubuntu-nuc/rc2_ws/install/interface/share/interface/package.dsv
[16.475s] -- Installing: /home/ubuntu-nuc/rc2_ws/install/interface/share/ament_index/resource_index/packages/interface
[16.475s] -- Installing: /home/ubuntu-nuc/rc2_ws/install/interface/share/interface/cmake/export_interface__rosidl_generator_cExport.cmake
[16.480s] -- Installing: /home/ubuntu-nuc/rc2_ws/install/interface/share/interface/cmake/export_interface__rosidl_generator_cExport-noconfig.cmake
[16.480s] -- Installing: /home/ubuntu-nuc/rc2_ws/install/interface/share/interface/cmake/export_interface__rosidl_typesupport_fastrtps_cExport.cmake
[16.481s] -- Installing: /home/ubuntu-nuc/rc2_ws/install/interface/share/interface/cmake/export_interface__rosidl_typesupport_fastrtps_cExport-noconfig.cmake
[16.481s] -- Installing: /home/ubuntu-nuc/rc2_ws/install/interface/share/interface/cmake/export_interface__rosidl_generator_cppExport.cmake
[16.481s] -- Installing: /home/ubuntu-nuc/rc2_ws/install/interface/share/interface/cmake/export_interface__rosidl_typesupport_fastrtps_cppExport.cmake
[16.481s] -- Installing: /home/ubuntu-nuc/rc2_ws/install/interface/share/interface/cmake/export_interface__rosidl_typesupport_fastrtps_cppExport-noconfig.cmake
[16.481s] -- Installing: /home/ubuntu-nuc/rc2_ws/install/interface/share/interface/cmake/interface__rosidl_typesupport_introspection_cExport.cmake
[16.482s] -- Installing: /home/ubuntu-nuc/rc2_ws/install/interface/share/interface/cmake/interface__rosidl_typesupport_introspection_cExport-noconfig.cmake
[16.482s] -- Installing: /home/ubuntu-nuc/rc2_ws/install/interface/share/interface/cmake/interface__rosidl_typesupport_cExport.cmake
[16.482s] -- Installing: /home/ubuntu-nuc/rc2_ws/install/interface/share/interface/cmake/interface__rosidl_typesupport_cExport-noconfig.cmake
[16.483s] -- Installing: /home/ubuntu-nuc/rc2_ws/install/interface/share/interface/cmake/interface__rosidl_typesupport_introspection_cppExport.cmake
[16.483s] -- Installing: /home/ubuntu-nuc/rc2_ws/install/interface/share/interface/cmake/interface__rosidl_typesupport_introspection_cppExport-noconfig.cmake
[16.483s] -- Installing: /home/ubuntu-nuc/rc2_ws/install/interface/share/interface/cmake/interface__rosidl_typesupport_cppExport.cmake
[16.483s] -- Installing: /home/ubuntu-nuc/rc2_ws/install/interface/share/interface/cmake/interface__rosidl_typesupport_cppExport-noconfig.cmake
[16.483s] -- Installing: /home/ubuntu-nuc/rc2_ws/install/interface/share/interface/cmake/export_interface__rosidl_generator_pyExport.cmake
[16.483s] -- Installing: /home/ubuntu-nuc/rc2_ws/install/interface/share/interface/cmake/export_interface__rosidl_generator_pyExport-noconfig.cmake
[16.483s] -- Installing: /home/ubuntu-nuc/rc2_ws/install/interface/share/interface/cmake/rosidl_cmake-extras.cmake
[16.484s] -- Installing: /home/ubuntu-nuc/rc2_ws/install/interface/share/interface/cmake/ament_cmake_export_dependencies-extras.cmake
[16.484s] -- Installing: /home/ubuntu-nuc/rc2_ws/install/interface/share/interface/cmake/ament_cmake_export_include_directories-extras.cmake
[16.484s] -- Installing: /home/ubuntu-nuc/rc2_ws/install/interface/share/interface/cmake/ament_cmake_export_libraries-extras.cmake
[16.484s] -- Installing: /home/ubuntu-nuc/rc2_ws/install/interface/share/interface/cmake/ament_cmake_export_targets-extras.cmake
[16.484s] -- Installing: /home/ubuntu-nuc/rc2_ws/install/interface/share/interface/cmake/rosidl_cmake_export_typesupport_targets-extras.cmake
[16.484s] -- Installing: /home/ubuntu-nuc/rc2_ws/install/interface/share/interface/cmake/rosidl_cmake_export_typesupport_libraries-extras.cmake
[16.484s] -- Installing: /home/ubuntu-nuc/rc2_ws/install/interface/share/interface/cmake/interfaceConfig.cmake
[16.484s] -- Installing: /home/ubuntu-nuc/rc2_ws/install/interface/share/interface/cmake/interfaceConfig-version.cmake
[16.484s] -- Installing: /home/ubuntu-nuc/rc2_ws/install/interface/share/interface/package.xml
[16.501s] Invoked command in '/home/ubuntu-nuc/rc2_ws/build/interface' returned '0': CMAKE_PREFIX_PATH=${CMAKE_PREFIX_PATH}:/home/ubuntu-nuc/rc2_ws/install/meiling_detect_debug:/home/ubuntu-nuc/rc2_ws/install/meiling_detect:/opt/ros/humble /usr/local/bin/cmake --install /home/ubuntu-nuc/rc2_ws/build/interface
