[0.022s] Invoking command in '/home/ubuntu-nuc/rc2_ws/build/pgo': CMAKE_PREFIX_PATH=/home/ubuntu-nuc/rc2_ws/install/interface:/home/ubuntu-nuc/rc2_ws/install/pgo:/home/ubuntu-nuc/rc2_ws/install/meiling_detect_debug:/home/ubuntu-nuc/rc2_ws/install/meiling_detect:/opt/ros/humble:/home/ubuntu-nuc/rc2_ws/install/meiling_control:/home/ubuntu-nuc/rc2_ws/install/localizer:/home/ubuntu-nuc/rc2_ws/install/fastlio2:/home/ubuntu-nuc/rc2_ws/install/livox_ros_driver2:/home/ubuntu-nuc/rc2_ws/install/hba:/home/ubuntu-nuc/rc2_ws/install/auto_aim_interfaces:/home/ubuntu-nuc/rc_ws/install/fast_lio:/home/ubuntu-nuc/rc_ws/install/livox_ros_driver2 LD_LIBRARY_PATH=/home/ubuntu-nuc/rc2_ws/install/interface/lib:/usr/lib/x86_64-linux-gnu:/home/ubuntu-nuc/rc2_ws/install/livox_sdk2/lib:/home/ubuntu-nuc/rc2_ws/install/livox_ros_driver2/lib:/home/ubuntu-nuc/rc2_ws/install/auto_aim_interfaces/lib:/home/ubuntu-nuc/rc_ws/install/fast_lio/lib:/home/ubuntu-nuc/rc_ws/install/livox_ros_driver2/lib:/usr/lib/x86_64-linux-gnu/gazebo-11/plugins:/opt/ros/humble/opt/rviz_ogre_vendor/lib:/opt/ros/humble/lib/x86_64-linux-gnu:/opt/ros/humble/opt/openvdb_vendor/lib:/opt/ros/humble/lib:/opt/MVS/lib/64:/opt/MVS/lib/32:/opt/MVS/lib/64:/opt/MVS/lib/32:/opt/MVS/lib/64:/opt/MVS/lib/32 /usr/local/bin/cmake /home/ubuntu-nuc/rc2_ws/src/FASTLIO2_ROS2/pgo -DCMAKE_INSTALL_PREFIX=/home/ubuntu-nuc/rc2_ws/install/pgo
[0.026s] [0mCMake Deprecation Warning at CMakeLists.txt:1 (cmake_minimum_required):
[0.026s]   Compatibility with CMake < 3.10 will be removed from a future version of
[0.026s]   CMake.
[0.026s] 
[0.026s]   Update the VERSION argument <min> value.  Or, use the <min>...<max> syntax
[0.026s]   to tell CMake that the project requires at least <min> but has been updated
[0.027s]   to work with policies introduced by <max> or earlier.
[0.027s] 
[0.027s] [0m
[0.034s] -- Found ament_cmake: 1.3.12 (/opt/ros/humble/share/ament_cmake/cmake)
[0.237s] -- Found std_msgs: 4.9.0 (/opt/ros/humble/share/std_msgs/cmake)
[0.271s] -- Found rosidl_generator_c: 3.1.7 (/opt/ros/humble/share/rosidl_generator_c/cmake)
[0.275s] -- Found rosidl_adapter: 3.1.7 (/opt/ros/humble/share/rosidl_adapter/cmake)
[0.283s] -- Found rosidl_generator_cpp: 3.1.8 (/opt/ros/humble/share/rosidl_generator_cpp/cmake)
[0.298s] -- Using all available rosidl_typesupport_c: rosidl_typesupport_fastrtps_c;rosidl_typesupport_introspection_c
[0.317s] -- Using all available rosidl_typesupport_cpp: rosidl_typesupport_fastrtps_cpp;rosidl_typesupport_introspection_cpp
[0.352s] -- Found rclcpp: 16.0.14 (/opt/ros/humble/share/rclcpp/cmake)
[0.391s] -- Found rmw_implementation_cmake: 6.1.2 (/opt/ros/humble/share/rmw_implementation_cmake/cmake)
[0.392s] -- Found rmw_fastrtps_cpp: 6.2.8 (/opt/ros/humble/share/rmw_fastrtps_cpp/cmake)
[0.533s] -- Using RMW implementation 'rmw_fastrtps_cpp' as default
[0.593s] -- Found nav_msgs: 4.9.0 (/opt/ros/humble/share/nav_msgs/cmake)
[0.629s] -- Found tf2_ros: 0.25.16 (/opt/ros/humble/share/tf2_ros/cmake)
[0.715s] -- Found pcl_conversions: 2.4.5 (/opt/ros/humble/share/pcl_conversions/cmake)
[0.765s] [33mCMake Warning (dev) at /usr/lib/x86_64-linux-gnu/cmake/pcl/PCLConfig.cmake:146 (find_package):
[0.765s]   Policy CMP0144 is not set: find_package uses upper-case <PACKAGENAME>_ROOT
[0.765s]   variables.  Run "cmake --help-policy CMP0144" for policy details.  Use the
[0.765s]   cmake_policy command to set the policy and suppress this warning.
[0.765s] 
[0.765s]   CMake variable EIGEN_ROOT is set to:
[0.765s] 
[0.765s]     /usr/include/eigen3
[0.765s] 
[0.765s]   For compatibility, find_package is ignoring the variable, but code in a
[0.765s]   .cmake module might still use it.
[0.765s] Call Stack (most recent call first):
[0.765s]   /usr/lib/x86_64-linux-gnu/cmake/pcl/PCLConfig.cmake:299 (find_eigen)
[0.765s]   /usr/lib/x86_64-linux-gnu/cmake/pcl/PCLConfig.cmake:543 (find_external_library)
[0.765s]   /opt/ros/humble/share/pcl_conversions/cmake/ament_cmake_export_dependencies-extras.cmake:21 (find_package)
[0.765s]   /opt/ros/humble/share/pcl_conversions/cmake/pcl_conversionsConfig.cmake:41 (include)
[0.766s]   CMakeLists.txt:21 (find_package)
[0.766s] This warning is for project developers.  Use -Wno-dev to suppress it.
[0.766s] [0m
[0.769s] -- Eigen found (include: /usr/include/eigen3, version: 3.4.0)
[0.769s] [33mCMake Warning (dev) at /usr/lib/x86_64-linux-gnu/cmake/pcl/PCLConfig.cmake:128 (find_package):
[0.769s]   Policy CMP0167 is not set: The FindBoost module is removed.  Run "cmake
[0.769s]   --help-policy CMP0167" for policy details.  Use the cmake_policy command to
[0.769s]   set the policy and suppress this warning.
[0.769s] 
[0.769s] Call Stack (most recent call first):
[0.769s]   /usr/lib/x86_64-linux-gnu/cmake/pcl/PCLConfig.cmake:297 (find_boost)
[0.769s]   /usr/lib/x86_64-linux-gnu/cmake/pcl/PCLConfig.cmake:543 (find_external_library)
[0.770s]   /opt/ros/humble/share/pcl_conversions/cmake/ament_cmake_export_dependencies-extras.cmake:21 (find_package)
[0.770s]   /opt/ros/humble/share/pcl_conversions/cmake/pcl_conversionsConfig.cmake:41 (include)
[0.770s]   CMakeLists.txt:21 (find_package)
[0.770s] This warning is for project developers.  Use -Wno-dev to suppress it.
[0.770s] [0m
[0.778s] [33mCMake Warning (dev) at /usr/lib/x86_64-linux-gnu/cmake/pcl/Modules/FindFLANN.cmake:44 (find_package):
[0.778s]   Policy CMP0144 is not set: find_package uses upper-case <PACKAGENAME>_ROOT
[0.778s]   variables.  Run "cmake --help-policy CMP0144" for policy details.  Use the
[0.778s]   cmake_policy command to set the policy and suppress this warning.
[0.778s] 
[0.778s]   CMake variable FLANN_ROOT is set to:
[0.778s] 
[0.778s]     /usr
[0.779s] 
[0.779s]   For compatibility, find_package is ignoring the variable, but code in a
[0.779s]   .cmake module might still use it.
[0.779s] Call Stack (most recent call first):
[0.779s]   /usr/lib/x86_64-linux-gnu/cmake/pcl/PCLConfig.cmake:256 (find_package)
[0.779s]   /usr/lib/x86_64-linux-gnu/cmake/pcl/PCLConfig.cmake:301 (find_flann)
[0.779s]   /usr/lib/x86_64-linux-gnu/cmake/pcl/PCLConfig.cmake:543 (find_external_library)
[0.779s]   /opt/ros/humble/share/pcl_conversions/cmake/ament_cmake_export_dependencies-extras.cmake:21 (find_package)
[0.779s]   /opt/ros/humble/share/pcl_conversions/cmake/pcl_conversionsConfig.cmake:41 (include)
[0.779s]   CMakeLists.txt:21 (find_package)
[0.779s] This warning is for project developers.  Use -Wno-dev to suppress it.
[0.779s] [0m
[0.802s] -- FLANN found (include: /usr/include, lib: /usr/lib/x86_64-linux-gnu/libflann_cpp.so)
[1.182s] -- OpenNI found (version: 1.5.4.0, include: /usr/include/ni, lib: /usr/lib/libOpenNI.so;libusb::libusb)
[1.187s] -- OpenNI2 found (version: 2.2.0.33, include: /usr/include/openni2, lib: /usr/lib/x86_64-linux-gnu/libOpenNI2.so;libusb::libusb)
[1.428s] [33mCMake Warning (dev) at /usr/lib/x86_64-linux-gnu/cmake/pcl/PCLConfig.cmake:128 (find_package):
[1.428s]   Policy CMP0167 is not set: The FindBoost module is removed.  Run "cmake
[1.428s]   --help-policy CMP0167" for policy details.  Use the cmake_policy command to
[1.428s]   set the policy and suppress this warning.
[1.428s] 
[1.428s] Call Stack (most recent call first):
[1.428s]   /usr/lib/x86_64-linux-gnu/cmake/pcl/PCLConfig.cmake:297 (find_boost)
[1.429s]   /usr/lib/x86_64-linux-gnu/cmake/pcl/PCLConfig.cmake:543 (find_external_library)
[1.429s]   /opt/ros/humble/share/pcl_conversions/cmake/ament_cmake_export_dependencies-extras.cmake:21 (find_package)
[1.429s]   /opt/ros/humble/share/pcl_conversions/cmake/pcl_conversionsConfig.cmake:41 (include)
[1.429s]   CMakeLists.txt:21 (find_package)
[1.429s] This warning is for project developers.  Use -Wno-dev to suppress it.
[1.429s] [0m
[1.439s] -- Eigen found (include: /usr/include/eigen3, version: 3.4.0)
[1.444s] -- OpenNI found (version: 1.5.4.0, include: /usr/include/ni, lib: /usr/lib/libOpenNI.so;libusb::libusb)
[1.449s] -- OpenNI2 found (version: 2.2.0.33, include: /usr/include/openni2, lib: /usr/lib/x86_64-linux-gnu/libOpenNI2.so;libusb::libusb)
[1.707s] -- Found Qhull version 8.0.2
[1.970s] -- OpenNI found (version: 1.5.4.0, include: /usr/include/ni, lib: /usr/lib/libOpenNI.so;libusb::libusb)
[2.228s] -- Found visualization_msgs: 4.9.0 (/opt/ros/humble/share/visualization_msgs/cmake)
[2.260s] -- GTSAM include directory:  /usr/local/lib/cmake/GTSAM/../../../include
[2.261s] [33mCMake Warning (dev) at CMakeLists.txt:31 (find_package):
[2.261s]   Policy CMP0074 is not set: find_package uses <PackageName>_ROOT variables.
[2.261s]   Run "cmake --help-policy CMP0074" for policy details.  Use the cmake_policy
[2.261s]   command to set the policy and suppress this warning.
[2.261s] 
[2.261s]   CMake variable PCL_ROOT is set to:
[2.261s] 
[2.261s]     /usr
[2.261s] 
[2.261s]   For compatibility, CMake is ignoring the variable.
[2.261s] This warning is for project developers.  Use -Wno-dev to suppress it.
[2.261s] [0m
[2.267s] -- Found interface: 0.0.0 (/home/ubuntu-nuc/rc2_ws/install/interface/share/interface/cmake)
[2.294s] -- Found ament_lint_auto: 0.12.14 (/opt/ros/humble/share/ament_lint_auto/cmake)
[2.376s] -- Added test 'cppcheck' to perform static code analysis on C / C++ code
[2.376s] -- Configured cppcheck include dirs: 
[2.376s] -- Configured cppcheck exclude dirs and/or files: 
[2.376s] -- Added test 'flake8' to check Python code syntax and style conventions
[2.376s] -- Added test 'lint_cmake' to check CMake code style
[2.377s] -- Added test 'pep257' to check Python code against some of the docstring style conventions in PEP 257
[2.377s] -- Added test 'uncrustify' to check C / C++ code style
[2.377s] -- Configured uncrustify additional arguments: 
[2.378s] -- Added test 'xmllint' to check XML markup files
[2.378s] -- Configuring done (2.4s)
[2.432s] -- Generating done (0.1s)
[2.436s] -- Build files have been written to: /home/ubuntu-nuc/rc2_ws/build/pgo
[2.449s] Invoked command in '/home/ubuntu-nuc/rc2_ws/build/pgo' returned '0': CMAKE_PREFIX_PATH=/home/ubuntu-nuc/rc2_ws/install/interface:/home/ubuntu-nuc/rc2_ws/install/pgo:/home/ubuntu-nuc/rc2_ws/install/meiling_detect_debug:/home/ubuntu-nuc/rc2_ws/install/meiling_detect:/opt/ros/humble:/home/ubuntu-nuc/rc2_ws/install/meiling_control:/home/ubuntu-nuc/rc2_ws/install/localizer:/home/ubuntu-nuc/rc2_ws/install/fastlio2:/home/ubuntu-nuc/rc2_ws/install/livox_ros_driver2:/home/ubuntu-nuc/rc2_ws/install/hba:/home/ubuntu-nuc/rc2_ws/install/auto_aim_interfaces:/home/ubuntu-nuc/rc_ws/install/fast_lio:/home/ubuntu-nuc/rc_ws/install/livox_ros_driver2 LD_LIBRARY_PATH=/home/ubuntu-nuc/rc2_ws/install/interface/lib:/usr/lib/x86_64-linux-gnu:/home/ubuntu-nuc/rc2_ws/install/livox_sdk2/lib:/home/ubuntu-nuc/rc2_ws/install/livox_ros_driver2/lib:/home/ubuntu-nuc/rc2_ws/install/auto_aim_interfaces/lib:/home/ubuntu-nuc/rc_ws/install/fast_lio/lib:/home/ubuntu-nuc/rc_ws/install/livox_ros_driver2/lib:/usr/lib/x86_64-linux-gnu/gazebo-11/plugins:/opt/ros/humble/opt/rviz_ogre_vendor/lib:/opt/ros/humble/lib/x86_64-linux-gnu:/opt/ros/humble/opt/openvdb_vendor/lib:/opt/ros/humble/lib:/opt/MVS/lib/64:/opt/MVS/lib/32:/opt/MVS/lib/64:/opt/MVS/lib/32:/opt/MVS/lib/64:/opt/MVS/lib/32 /usr/local/bin/cmake /home/ubuntu-nuc/rc2_ws/src/FASTLIO2_ROS2/pgo -DCMAKE_INSTALL_PREFIX=/home/ubuntu-nuc/rc2_ws/install/pgo
[2.450s] Invoking command in '/home/ubuntu-nuc/rc2_ws/build/pgo': CMAKE_PREFIX_PATH=/home/ubuntu-nuc/rc2_ws/install/interface:/home/ubuntu-nuc/rc2_ws/install/pgo:/home/ubuntu-nuc/rc2_ws/install/meiling_detect_debug:/home/ubuntu-nuc/rc2_ws/install/meiling_detect:/opt/ros/humble:/home/ubuntu-nuc/rc2_ws/install/meiling_control:/home/ubuntu-nuc/rc2_ws/install/localizer:/home/ubuntu-nuc/rc2_ws/install/fastlio2:/home/ubuntu-nuc/rc2_ws/install/livox_ros_driver2:/home/ubuntu-nuc/rc2_ws/install/hba:/home/ubuntu-nuc/rc2_ws/install/auto_aim_interfaces:/home/ubuntu-nuc/rc_ws/install/fast_lio:/home/ubuntu-nuc/rc_ws/install/livox_ros_driver2 LD_LIBRARY_PATH=/home/ubuntu-nuc/rc2_ws/install/interface/lib:/usr/lib/x86_64-linux-gnu:/home/ubuntu-nuc/rc2_ws/install/livox_sdk2/lib:/home/ubuntu-nuc/rc2_ws/install/livox_ros_driver2/lib:/home/ubuntu-nuc/rc2_ws/install/auto_aim_interfaces/lib:/home/ubuntu-nuc/rc_ws/install/fast_lio/lib:/home/ubuntu-nuc/rc_ws/install/livox_ros_driver2/lib:/usr/lib/x86_64-linux-gnu/gazebo-11/plugins:/opt/ros/humble/opt/rviz_ogre_vendor/lib:/opt/ros/humble/lib/x86_64-linux-gnu:/opt/ros/humble/opt/openvdb_vendor/lib:/opt/ros/humble/lib:/opt/MVS/lib/64:/opt/MVS/lib/32:/opt/MVS/lib/64:/opt/MVS/lib/32:/opt/MVS/lib/64:/opt/MVS/lib/32 /usr/local/bin/cmake --build /home/ubuntu-nuc/rc2_ws/build/pgo -- -j8 -l8
[2.493s] [100%] Built target pgo_node
[2.498s] Invoked command in '/home/ubuntu-nuc/rc2_ws/build/pgo' returned '0': CMAKE_PREFIX_PATH=/home/ubuntu-nuc/rc2_ws/install/interface:/home/ubuntu-nuc/rc2_ws/install/pgo:/home/ubuntu-nuc/rc2_ws/install/meiling_detect_debug:/home/ubuntu-nuc/rc2_ws/install/meiling_detect:/opt/ros/humble:/home/ubuntu-nuc/rc2_ws/install/meiling_control:/home/ubuntu-nuc/rc2_ws/install/localizer:/home/ubuntu-nuc/rc2_ws/install/fastlio2:/home/ubuntu-nuc/rc2_ws/install/livox_ros_driver2:/home/ubuntu-nuc/rc2_ws/install/hba:/home/ubuntu-nuc/rc2_ws/install/auto_aim_interfaces:/home/ubuntu-nuc/rc_ws/install/fast_lio:/home/ubuntu-nuc/rc_ws/install/livox_ros_driver2 LD_LIBRARY_PATH=/home/ubuntu-nuc/rc2_ws/install/interface/lib:/usr/lib/x86_64-linux-gnu:/home/ubuntu-nuc/rc2_ws/install/livox_sdk2/lib:/home/ubuntu-nuc/rc2_ws/install/livox_ros_driver2/lib:/home/ubuntu-nuc/rc2_ws/install/auto_aim_interfaces/lib:/home/ubuntu-nuc/rc_ws/install/fast_lio/lib:/home/ubuntu-nuc/rc_ws/install/livox_ros_driver2/lib:/usr/lib/x86_64-linux-gnu/gazebo-11/plugins:/opt/ros/humble/opt/rviz_ogre_vendor/lib:/opt/ros/humble/lib/x86_64-linux-gnu:/opt/ros/humble/opt/openvdb_vendor/lib:/opt/ros/humble/lib:/opt/MVS/lib/64:/opt/MVS/lib/32:/opt/MVS/lib/64:/opt/MVS/lib/32:/opt/MVS/lib/64:/opt/MVS/lib/32 /usr/local/bin/cmake --build /home/ubuntu-nuc/rc2_ws/build/pgo -- -j8 -l8
[2.499s] Invoking command in '/home/ubuntu-nuc/rc2_ws/build/pgo': CMAKE_PREFIX_PATH=/home/ubuntu-nuc/rc2_ws/install/interface:/home/ubuntu-nuc/rc2_ws/install/pgo:/home/ubuntu-nuc/rc2_ws/install/meiling_detect_debug:/home/ubuntu-nuc/rc2_ws/install/meiling_detect:/opt/ros/humble:/home/ubuntu-nuc/rc2_ws/install/meiling_control:/home/ubuntu-nuc/rc2_ws/install/localizer:/home/ubuntu-nuc/rc2_ws/install/fastlio2:/home/ubuntu-nuc/rc2_ws/install/livox_ros_driver2:/home/ubuntu-nuc/rc2_ws/install/hba:/home/ubuntu-nuc/rc2_ws/install/auto_aim_interfaces:/home/ubuntu-nuc/rc_ws/install/fast_lio:/home/ubuntu-nuc/rc_ws/install/livox_ros_driver2 LD_LIBRARY_PATH=/home/ubuntu-nuc/rc2_ws/install/interface/lib:/usr/lib/x86_64-linux-gnu:/home/ubuntu-nuc/rc2_ws/install/livox_sdk2/lib:/home/ubuntu-nuc/rc2_ws/install/livox_ros_driver2/lib:/home/ubuntu-nuc/rc2_ws/install/auto_aim_interfaces/lib:/home/ubuntu-nuc/rc_ws/install/fast_lio/lib:/home/ubuntu-nuc/rc_ws/install/livox_ros_driver2/lib:/usr/lib/x86_64-linux-gnu/gazebo-11/plugins:/opt/ros/humble/opt/rviz_ogre_vendor/lib:/opt/ros/humble/lib/x86_64-linux-gnu:/opt/ros/humble/opt/openvdb_vendor/lib:/opt/ros/humble/lib:/opt/MVS/lib/64:/opt/MVS/lib/32:/opt/MVS/lib/64:/opt/MVS/lib/32:/opt/MVS/lib/64:/opt/MVS/lib/32 /usr/local/bin/cmake --install /home/ubuntu-nuc/rc2_ws/build/pgo
[2.502s] -- Install configuration: "Release"
[2.502s] -- Up-to-date: /home/ubuntu-nuc/rc2_ws/install/pgo/lib/pgo/pgo_node
[2.502s] -- Up-to-date: /home/ubuntu-nuc/rc2_ws/install/pgo/share/pgo/launch
[2.502s] -- Up-to-date: /home/ubuntu-nuc/rc2_ws/install/pgo/share/pgo/launch/pgo_launch.py
[2.502s] -- Up-to-date: /home/ubuntu-nuc/rc2_ws/install/pgo/share/pgo/config
[2.502s] -- Up-to-date: /home/ubuntu-nuc/rc2_ws/install/pgo/share/pgo/config/pgo.yaml
[2.502s] -- Up-to-date: /home/ubuntu-nuc/rc2_ws/install/pgo/share/pgo/rviz
[2.502s] -- Up-to-date: /home/ubuntu-nuc/rc2_ws/install/pgo/share/pgo/rviz/pgo.rviz
[2.502s] -- Up-to-date: /home/ubuntu-nuc/rc2_ws/install/pgo/share/ament_index/resource_index/package_run_dependencies/pgo
[2.502s] -- Up-to-date: /home/ubuntu-nuc/rc2_ws/install/pgo/share/ament_index/resource_index/parent_prefix_path/pgo
[2.502s] -- Up-to-date: /home/ubuntu-nuc/rc2_ws/install/pgo/share/pgo/environment/ament_prefix_path.sh
[2.502s] -- Installing: /home/ubuntu-nuc/rc2_ws/install/pgo/share/pgo/environment/ament_prefix_path.dsv
[2.502s] -- Up-to-date: /home/ubuntu-nuc/rc2_ws/install/pgo/share/pgo/environment/path.sh
[2.502s] -- Installing: /home/ubuntu-nuc/rc2_ws/install/pgo/share/pgo/environment/path.dsv
[2.502s] -- Up-to-date: /home/ubuntu-nuc/rc2_ws/install/pgo/share/pgo/local_setup.bash
[2.503s] -- Up-to-date: /home/ubuntu-nuc/rc2_ws/install/pgo/share/pgo/local_setup.sh
[2.503s] -- Up-to-date: /home/ubuntu-nuc/rc2_ws/install/pgo/share/pgo/local_setup.zsh
[2.503s] -- Installing: /home/ubuntu-nuc/rc2_ws/install/pgo/share/pgo/local_setup.dsv
[2.503s] -- Installing: /home/ubuntu-nuc/rc2_ws/install/pgo/share/pgo/package.dsv
[2.503s] -- Up-to-date: /home/ubuntu-nuc/rc2_ws/install/pgo/share/ament_index/resource_index/packages/pgo
[2.503s] -- Up-to-date: /home/ubuntu-nuc/rc2_ws/install/pgo/share/pgo/cmake/pgoConfig.cmake
[2.503s] -- Up-to-date: /home/ubuntu-nuc/rc2_ws/install/pgo/share/pgo/cmake/pgoConfig-version.cmake
[2.503s] -- Up-to-date: /home/ubuntu-nuc/rc2_ws/install/pgo/share/pgo/package.xml
[2.504s] Invoked command in '/home/ubuntu-nuc/rc2_ws/build/pgo' returned '0': CMAKE_PREFIX_PATH=/home/ubuntu-nuc/rc2_ws/install/interface:/home/ubuntu-nuc/rc2_ws/install/pgo:/home/ubuntu-nuc/rc2_ws/install/meiling_detect_debug:/home/ubuntu-nuc/rc2_ws/install/meiling_detect:/opt/ros/humble:/home/ubuntu-nuc/rc2_ws/install/meiling_control:/home/ubuntu-nuc/rc2_ws/install/localizer:/home/ubuntu-nuc/rc2_ws/install/fastlio2:/home/ubuntu-nuc/rc2_ws/install/livox_ros_driver2:/home/ubuntu-nuc/rc2_ws/install/hba:/home/ubuntu-nuc/rc2_ws/install/auto_aim_interfaces:/home/ubuntu-nuc/rc_ws/install/fast_lio:/home/ubuntu-nuc/rc_ws/install/livox_ros_driver2 LD_LIBRARY_PATH=/home/ubuntu-nuc/rc2_ws/install/interface/lib:/usr/lib/x86_64-linux-gnu:/home/ubuntu-nuc/rc2_ws/install/livox_sdk2/lib:/home/ubuntu-nuc/rc2_ws/install/livox_ros_driver2/lib:/home/ubuntu-nuc/rc2_ws/install/auto_aim_interfaces/lib:/home/ubuntu-nuc/rc_ws/install/fast_lio/lib:/home/ubuntu-nuc/rc_ws/install/livox_ros_driver2/lib:/usr/lib/x86_64-linux-gnu/gazebo-11/plugins:/opt/ros/humble/opt/rviz_ogre_vendor/lib:/opt/ros/humble/lib/x86_64-linux-gnu:/opt/ros/humble/opt/openvdb_vendor/lib:/opt/ros/humble/lib:/opt/MVS/lib/64:/opt/MVS/lib/32:/opt/MVS/lib/64:/opt/MVS/lib/32:/opt/MVS/lib/64:/opt/MVS/lib/32 /usr/local/bin/cmake --install /home/ubuntu-nuc/rc2_ws/build/pgo
