-- Found ament_cmake: 1.3.12 (/opt/ros/humble/share/ament_cmake/cmake)
-- Found rclcpp: 16.0.14 (/opt/ros/humble/share/rclcpp/cmake)
-- Found rosidl_generator_c: 3.1.7 (/opt/ros/humble/share/rosidl_generator_c/cmake)
-- Found rosidl_adapter: 3.1.7 (/opt/ros/humble/share/rosidl_adapter/cmake)
-- Found rosidl_generator_cpp: 3.1.8 (/opt/ros/humble/share/rosidl_generator_cpp/cmake)
-- Using all available rosidl_typesupport_c: rosidl_typesupport_fastrtps_c;rosidl_typesupport_introspection_c
-- Using all available rosidl_typesupport_cpp: rosidl_typesupport_fastrtps_cpp;rosidl_typesupport_introspection_cpp
-- Found rmw_implementation_cmake: 6.1.2 (/opt/ros/humble/share/rmw_implementation_cmake/cmake)
-- Found rmw_fastrtps_cpp: 6.2.8 (/opt/ros/humble/share/rmw_fastrtps_cpp/cmake)
-- Using RMW implementation 'rmw_fastrtps_cpp' as default
-- Found auto_aim_interfaces: 0.0.1 (/home/ubuntu-nuc/rc2_ws/install/auto_aim_interfaces/share/auto_aim_interfaces/cmake)
-- Configuring done (0.5s)
-- Generating done (0.0s)
-- Build files have been written to: /home/ubuntu-nuc/rc2_ws/build/meiling_control
[ 33%] [32mBuilding CXX object CMakeFiles/meiling_node.dir/src/luoji.cpp.o[0m
[ 66%] [32mBuilding CXX object CMakeFiles/meiling_node.dir/src/meiling_node.cpp.o[0m
[01m[K/home/ubuntu-nuc/rc2_ws/src/meiling_control/src/meiling_node.cpp:[m[K In member function ‘[01m[Kvoid SUM::publish_fas()[m[K’:
[01m[K/home/ubuntu-nuc/rc2_ws/src/meiling_control/src/meiling_node.cpp:72:5:[m[K [01;31m[Kerror: [m[K‘[01m[Kpxy[m[K’ was not declared in this scope; did you mean ‘[01m[Kp_y[m[K’?
   72 |     [01;31m[Kpxy[m[K = p_x * 0.001f;  // pixel to meter锛屽彸瑙掑害鍙樻崲杞负x锛寉
      |     [01;31m[K^~~[m[K
      |     [32m[Kp_y[m[K
[01m[K/home/ubuntu-nuc/rc2_ws/src/meiling_control/src/meiling_node.cpp:[m[K In member function ‘[01m[Kvoid SUM::timer_cb()[m[K’:
[01m[K/home/ubuntu-nuc/rc2_ws/src/meiling_control/src/meiling_node.cpp:309:38:[m[K [01;31m[Kerror: [m[Kexpected ‘[01m[K;[m[K’ before ‘[01m[Ka_yaw[m[K’
  309 |                 a_yaw=yaw_target(b.x)
      |                                      [01;31m[K^[m[K
      |                                      [32m[K;[m[K
  310 |                 [32m[Ka_yaw[m[K += 180.0f;
      |                 [32m[K~~~~~[m[K                 
[01m[K/home/ubuntu-nuc/rc2_ws/src/meiling_control/src/meiling_node.cpp:326:34:[m[K [01;31m[Kerror: [m[Kexpected ‘[01m[K;[m[K’ before ‘[01m[Ka_yaw[m[K’
  326 |             a_yaw=yaw_target(b.x)
      |                                  [01;31m[K^[m[K
      |                                  [32m[K;[m[K
  327 |             [32m[Ka_yaw[m[K -= 180.0f; if(a_yaw < 0) a_yaw += 360.0f;
      |             [32m[K~~~~~[m[K                 
gmake[2]: *** [CMakeFiles/meiling_node.dir/build.make:79: CMakeFiles/meiling_node.dir/src/meiling_node.cpp.o] Error 1
gmake[1]: *** [CMakeFiles/Makefile2:153: CMakeFiles/meiling_node.dir/all] Error 2
gmake: *** [Makefile:146: all] Error 2
