[0.015s] Invoking command in '/home/ubuntu-nuc/rc2_ws/build/pgo': CMAKE_PREFIX_PATH=/home/ubuntu-nuc/rc2_ws/install/interface:/home/ubuntu-nuc/rc2_ws/install/pgo:/home/ubuntu-nuc/rc2_ws/install/meiling_detect:/opt/ros/humble:/home/ubuntu-nuc/rc2_ws/install/meiling_control:/home/ubuntu-nuc/rc2_ws/install/localizer:/home/ubuntu-nuc/rc2_ws/install/fastlio2:/home/ubuntu-nuc/rc2_ws/install/livox_ros_driver2:/home/ubuntu-nuc/rc2_ws/install/hba:/home/ubuntu-nuc/rc2_ws/install/auto_aim_interfaces:/home/ubuntu-nuc/rc_ws/install/fast_lio:/home/ubuntu-nuc/rc_ws/install/livox_ros_driver2 LD_LIBRARY_PATH=/home/ubuntu-nuc/rc2_ws/install/interface/lib:/opt/MVS/lib/64:/opt/MVS/lib/32:/opt/MVS/lib/64:/opt/MVS/lib/32:/usr/lib/x86_64-linux-gnu:/home/ubuntu-nuc/rc2_ws/install/livox_sdk2/lib:/home/ubuntu-nuc/rc2_ws/install/livox_ros_driver2/lib:/home/ubuntu-nuc/rc2_ws/install/auto_aim_interfaces/lib:/home/ubuntu-nuc/rc_ws/install/fast_lio/lib:/home/ubuntu-nuc/rc_ws/install/livox_ros_driver2/lib:/usr/lib/x86_64-linux-gnu/gazebo-11/plugins:/opt/ros/humble/opt/rviz_ogre_vendor/lib:/opt/ros/humble/lib/x86_64-linux-gnu:/opt/ros/humble/opt/openvdb_vendor/lib:/opt/ros/humble/lib:/opt/MVS/lib/64:/opt/MVS/lib/32 /usr/local/bin/cmake /home/ubuntu-nuc/rc2_ws/src/FASTLIO2_ROS2/pgo -DCMAKE_INSTALL_PREFIX=/home/ubuntu-nuc/rc2_ws/install/pgo
[0.021s] [0mCMake Deprecation Warning at CMakeLists.txt:1 (cmake_minimum_required):
[0.021s]   Compatibility with CMake < 3.10 will be removed from a future version of
[0.021s]   CMake.
[0.021s] 
[0.021s]   Update the VERSION argument <min> value.  Or, use the <min>...<max> syntax
[0.021s]   to tell CMake that the project requires at least <min> but has been updated
[0.021s]   to work with policies introduced by <max> or earlier.
[0.021s] 
[0.021s] [0m
[0.028s] -- Found ament_cmake: 1.3.12 (/opt/ros/humble/share/ament_cmake/cmake)
[0.239s] -- Found std_msgs: 4.9.0 (/opt/ros/humble/share/std_msgs/cmake)
[0.262s] -- Found rosidl_generator_c: 3.1.7 (/opt/ros/humble/share/rosidl_generator_c/cmake)
[0.264s] -- Found rosidl_adapter: 3.1.7 (/opt/ros/humble/share/rosidl_adapter/cmake)
[0.270s] -- Found rosidl_generator_cpp: 3.1.8 (/opt/ros/humble/share/rosidl_generator_cpp/cmake)
[0.285s] -- Using all available rosidl_typesupport_c: rosidl_typesupport_fastrtps_c;rosidl_typesupport_introspection_c
[0.306s] -- Using all available rosidl_typesupport_cpp: rosidl_typesupport_fastrtps_cpp;rosidl_typesupport_introspection_cpp
[0.341s] -- Found rclcpp: 16.0.14 (/opt/ros/humble/share/rclcpp/cmake)
[0.381s] -- Found rmw_implementation_cmake: 6.1.2 (/opt/ros/humble/share/rmw_implementation_cmake/cmake)
[0.383s] -- Found rmw_fastrtps_cpp: 6.2.8 (/opt/ros/humble/share/rmw_fastrtps_cpp/cmake)
[0.529s] -- Using RMW implementation 'rmw_fastrtps_cpp' as default
[0.592s] -- Found nav_msgs: 4.9.0 (/opt/ros/humble/share/nav_msgs/cmake)
[0.624s] -- Found tf2_ros: 0.25.16 (/opt/ros/humble/share/tf2_ros/cmake)
[0.707s] -- Found pcl_conversions: 2.4.5 (/opt/ros/humble/share/pcl_conversions/cmake)
[0.762s] [33mCMake Warning (dev) at /usr/lib/x86_64-linux-gnu/cmake/pcl/PCLConfig.cmake:146 (find_package):
[0.762s]   Policy CMP0144 is not set: find_package uses upper-case <PACKAGENAME>_ROOT
[0.762s]   variables.  Run "cmake --help-policy CMP0144" for policy details.  Use the
[0.762s]   cmake_policy command to set the policy and suppress this warning.
[0.762s] 
[0.763s]   CMake variable EIGEN_ROOT is set to:
[0.763s] 
[0.763s]     /usr/include/eigen3
[0.763s] 
[0.763s]   For compatibility, find_package is ignoring the variable, but code in a
[0.763s]   .cmake module might still use it.
[0.763s] Call Stack (most recent call first):
[0.763s]   /usr/lib/x86_64-linux-gnu/cmake/pcl/PCLConfig.cmake:299 (find_eigen)
[0.763s]   /usr/lib/x86_64-linux-gnu/cmake/pcl/PCLConfig.cmake:543 (find_external_library)
[0.763s]   /opt/ros/humble/share/pcl_conversions/cmake/ament_cmake_export_dependencies-extras.cmake:21 (find_package)
[0.763s]   /opt/ros/humble/share/pcl_conversions/cmake/pcl_conversionsConfig.cmake:41 (include)
[0.763s]   CMakeLists.txt:21 (find_package)
[0.763s] This warning is for project developers.  Use -Wno-dev to suppress it.
[0.763s] [0m
[0.768s] -- Eigen found (include: /usr/include/eigen3, version: 3.4.0)
[0.769s] [33mCMake Warning (dev) at /usr/lib/x86_64-linux-gnu/cmake/pcl/PCLConfig.cmake:128 (find_package):
[0.769s]   Policy CMP0167 is not set: The FindBoost module is removed.  Run "cmake
[0.769s]   --help-policy CMP0167" for policy details.  Use the cmake_policy command to
[0.769s]   set the policy and suppress this warning.
[0.769s] 
[0.769s] Call Stack (most recent call first):
[0.769s]   /usr/lib/x86_64-linux-gnu/cmake/pcl/PCLConfig.cmake:297 (find_boost)
[0.769s]   /usr/lib/x86_64-linux-gnu/cmake/pcl/PCLConfig.cmake:543 (find_external_library)
[0.769s]   /opt/ros/humble/share/pcl_conversions/cmake/ament_cmake_export_dependencies-extras.cmake:21 (find_package)
[0.769s]   /opt/ros/humble/share/pcl_conversions/cmake/pcl_conversionsConfig.cmake:41 (include)
[0.769s]   CMakeLists.txt:21 (find_package)
[0.770s] This warning is for project developers.  Use -Wno-dev to suppress it.
[0.770s] [0m
[0.781s] [33mCMake Warning (dev) at /usr/lib/x86_64-linux-gnu/cmake/pcl/Modules/FindFLANN.cmake:44 (find_package):
[0.781s]   Policy CMP0144 is not set: find_package uses upper-case <PACKAGENAME>_ROOT
[0.781s]   variables.  Run "cmake --help-policy CMP0144" for policy details.  Use the
[0.782s]   cmake_policy command to set the policy and suppress this warning.
[0.782s] 
[0.782s]   CMake variable FLANN_ROOT is set to:
[0.782s] 
[0.782s]     /usr
[0.782s] 
[0.782s]   For compatibility, find_package is ignoring the variable, but code in a
[0.782s]   .cmake module might still use it.
[0.782s] Call Stack (most recent call first):
[0.782s]   /usr/lib/x86_64-linux-gnu/cmake/pcl/PCLConfig.cmake:256 (find_package)
[0.782s]   /usr/lib/x86_64-linux-gnu/cmake/pcl/PCLConfig.cmake:301 (find_flann)
[0.782s]   /usr/lib/x86_64-linux-gnu/cmake/pcl/PCLConfig.cmake:543 (find_external_library)
[0.782s]   /opt/ros/humble/share/pcl_conversions/cmake/ament_cmake_export_dependencies-extras.cmake:21 (find_package)
[0.782s]   /opt/ros/humble/share/pcl_conversions/cmake/pcl_conversionsConfig.cmake:41 (include)
[0.782s]   CMakeLists.txt:21 (find_package)
[0.782s] This warning is for project developers.  Use -Wno-dev to suppress it.
[0.782s] [0m
[0.817s] -- FLANN found (include: /usr/include, lib: /usr/lib/x86_64-linux-gnu/libflann_cpp.so)
[1.393s] -- OpenNI found (version: 1.5.4.0, include: /usr/include/ni, lib: /usr/lib/libOpenNI.so;libusb::libusb)
[1.400s] -- OpenNI2 found (version: 2.2.0.33, include: /usr/include/openni2, lib: /usr/lib/x86_64-linux-gnu/libOpenNI2.so;libusb::libusb)
[1.814s] [33mCMake Warning (dev) at /usr/lib/x86_64-linux-gnu/cmake/pcl/PCLConfig.cmake:128 (find_package):
[1.815s]   Policy CMP0167 is not set: The FindBoost module is removed.  Run "cmake
[1.815s]   --help-policy CMP0167" for policy details.  Use the cmake_policy command to
[1.815s]   set the policy and suppress this warning.
[1.815s] 
[1.815s] Call Stack (most recent call first):
[1.815s]   /usr/lib/x86_64-linux-gnu/cmake/pcl/PCLConfig.cmake:297 (find_boost)
[1.815s]   /usr/lib/x86_64-linux-gnu/cmake/pcl/PCLConfig.cmake:543 (find_external_library)
[1.815s]   /opt/ros/humble/share/pcl_conversions/cmake/ament_cmake_export_dependencies-extras.cmake:21 (find_package)
[1.815s]   /opt/ros/humble/share/pcl_conversions/cmake/pcl_conversionsConfig.cmake:41 (include)
[1.815s]   CMakeLists.txt:21 (find_package)
[1.815s] This warning is for project developers.  Use -Wno-dev to suppress it.
[1.816s] [0m
[1.833s] -- Eigen found (include: /usr/include/eigen3, version: 3.4.0)
[1.842s] -- OpenNI found (version: 1.5.4.0, include: /usr/include/ni, lib: /usr/lib/libOpenNI.so;libusb::libusb)
[1.851s] -- OpenNI2 found (version: 2.2.0.33, include: /usr/include/openni2, lib: /usr/lib/x86_64-linux-gnu/libOpenNI2.so;libusb::libusb)
[2.267s] -- Found Qhull version 8.0.2
[2.632s] -- OpenNI found (version: 1.5.4.0, include: /usr/include/ni, lib: /usr/lib/libOpenNI.so;libusb::libusb)
[2.974s] -- Found visualization_msgs: 4.9.0 (/opt/ros/humble/share/visualization_msgs/cmake)
[3.025s] -- GTSAM include directory:  /usr/local/lib/cmake/GTSAM/../../../include
[3.026s] [33mCMake Warning (dev) at CMakeLists.txt:31 (find_package):
[3.026s]   Policy CMP0074 is not set: find_package uses <PackageName>_ROOT variables.
[3.026s]   Run "cmake --help-policy CMP0074" for policy details.  Use the cmake_policy
[3.026s]   command to set the policy and suppress this warning.
[3.026s] 
[3.026s]   CMake variable PCL_ROOT is set to:
[3.026s] 
[3.026s]     /usr
[3.026s] 
[3.026s]   For compatibility, CMake is ignoring the variable.
[3.027s] This warning is for project developers.  Use -Wno-dev to suppress it.
[3.027s] [0m
[3.035s] -- Found interface: 0.0.0 (/home/ubuntu-nuc/rc2_ws/install/interface/share/interface/cmake)
[3.074s] -- Found ament_lint_auto: 0.12.14 (/opt/ros/humble/share/ament_lint_auto/cmake)
[3.157s] -- Added test 'cppcheck' to perform static code analysis on C / C++ code
[3.157s] -- Configured cppcheck include dirs: 
[3.157s] -- Configured cppcheck exclude dirs and/or files: 
[3.157s] -- Added test 'flake8' to check Python code syntax and style conventions
[3.158s] -- Added test 'lint_cmake' to check CMake code style
[3.158s] -- Added test 'pep257' to check Python code against some of the docstring style conventions in PEP 257
[3.159s] -- Added test 'uncrustify' to check C / C++ code style
[3.159s] -- Configured uncrustify additional arguments: 
[3.160s] -- Added test 'xmllint' to check XML markup files
[3.161s] -- Configuring done (3.1s)
[3.206s] -- Generating done (0.0s)
[3.211s] -- Build files have been written to: /home/ubuntu-nuc/rc2_ws/build/pgo
[3.226s] Invoked command in '/home/ubuntu-nuc/rc2_ws/build/pgo' returned '0': CMAKE_PREFIX_PATH=/home/ubuntu-nuc/rc2_ws/install/interface:/home/ubuntu-nuc/rc2_ws/install/pgo:/home/ubuntu-nuc/rc2_ws/install/meiling_detect:/opt/ros/humble:/home/ubuntu-nuc/rc2_ws/install/meiling_control:/home/ubuntu-nuc/rc2_ws/install/localizer:/home/ubuntu-nuc/rc2_ws/install/fastlio2:/home/ubuntu-nuc/rc2_ws/install/livox_ros_driver2:/home/ubuntu-nuc/rc2_ws/install/hba:/home/ubuntu-nuc/rc2_ws/install/auto_aim_interfaces:/home/ubuntu-nuc/rc_ws/install/fast_lio:/home/ubuntu-nuc/rc_ws/install/livox_ros_driver2 LD_LIBRARY_PATH=/home/ubuntu-nuc/rc2_ws/install/interface/lib:/opt/MVS/lib/64:/opt/MVS/lib/32:/opt/MVS/lib/64:/opt/MVS/lib/32:/usr/lib/x86_64-linux-gnu:/home/ubuntu-nuc/rc2_ws/install/livox_sdk2/lib:/home/ubuntu-nuc/rc2_ws/install/livox_ros_driver2/lib:/home/ubuntu-nuc/rc2_ws/install/auto_aim_interfaces/lib:/home/ubuntu-nuc/rc_ws/install/fast_lio/lib:/home/ubuntu-nuc/rc_ws/install/livox_ros_driver2/lib:/usr/lib/x86_64-linux-gnu/gazebo-11/plugins:/opt/ros/humble/opt/rviz_ogre_vendor/lib:/opt/ros/humble/lib/x86_64-linux-gnu:/opt/ros/humble/opt/openvdb_vendor/lib:/opt/ros/humble/lib:/opt/MVS/lib/64:/opt/MVS/lib/32 /usr/local/bin/cmake /home/ubuntu-nuc/rc2_ws/src/FASTLIO2_ROS2/pgo -DCMAKE_INSTALL_PREFIX=/home/ubuntu-nuc/rc2_ws/install/pgo
[3.228s] Invoking command in '/home/ubuntu-nuc/rc2_ws/build/pgo': CMAKE_PREFIX_PATH=/home/ubuntu-nuc/rc2_ws/install/interface:/home/ubuntu-nuc/rc2_ws/install/pgo:/home/ubuntu-nuc/rc2_ws/install/meiling_detect:/opt/ros/humble:/home/ubuntu-nuc/rc2_ws/install/meiling_control:/home/ubuntu-nuc/rc2_ws/install/localizer:/home/ubuntu-nuc/rc2_ws/install/fastlio2:/home/ubuntu-nuc/rc2_ws/install/livox_ros_driver2:/home/ubuntu-nuc/rc2_ws/install/hba:/home/ubuntu-nuc/rc2_ws/install/auto_aim_interfaces:/home/ubuntu-nuc/rc_ws/install/fast_lio:/home/ubuntu-nuc/rc_ws/install/livox_ros_driver2 LD_LIBRARY_PATH=/home/ubuntu-nuc/rc2_ws/install/interface/lib:/opt/MVS/lib/64:/opt/MVS/lib/32:/opt/MVS/lib/64:/opt/MVS/lib/32:/usr/lib/x86_64-linux-gnu:/home/ubuntu-nuc/rc2_ws/install/livox_sdk2/lib:/home/ubuntu-nuc/rc2_ws/install/livox_ros_driver2/lib:/home/ubuntu-nuc/rc2_ws/install/auto_aim_interfaces/lib:/home/ubuntu-nuc/rc_ws/install/fast_lio/lib:/home/ubuntu-nuc/rc_ws/install/livox_ros_driver2/lib:/usr/lib/x86_64-linux-gnu/gazebo-11/plugins:/opt/ros/humble/opt/rviz_ogre_vendor/lib:/opt/ros/humble/lib/x86_64-linux-gnu:/opt/ros/humble/opt/openvdb_vendor/lib:/opt/ros/humble/lib:/opt/MVS/lib/64:/opt/MVS/lib/32 /usr/local/bin/cmake --build /home/ubuntu-nuc/rc2_ws/build/pgo -- -j8 -l8
[3.277s] [100%] Built target pgo_node
[3.282s] Invoked command in '/home/ubuntu-nuc/rc2_ws/build/pgo' returned '0': CMAKE_PREFIX_PATH=/home/ubuntu-nuc/rc2_ws/install/interface:/home/ubuntu-nuc/rc2_ws/install/pgo:/home/ubuntu-nuc/rc2_ws/install/meiling_detect:/opt/ros/humble:/home/ubuntu-nuc/rc2_ws/install/meiling_control:/home/ubuntu-nuc/rc2_ws/install/localizer:/home/ubuntu-nuc/rc2_ws/install/fastlio2:/home/ubuntu-nuc/rc2_ws/install/livox_ros_driver2:/home/ubuntu-nuc/rc2_ws/install/hba:/home/ubuntu-nuc/rc2_ws/install/auto_aim_interfaces:/home/ubuntu-nuc/rc_ws/install/fast_lio:/home/ubuntu-nuc/rc_ws/install/livox_ros_driver2 LD_LIBRARY_PATH=/home/ubuntu-nuc/rc2_ws/install/interface/lib:/opt/MVS/lib/64:/opt/MVS/lib/32:/opt/MVS/lib/64:/opt/MVS/lib/32:/usr/lib/x86_64-linux-gnu:/home/ubuntu-nuc/rc2_ws/install/livox_sdk2/lib:/home/ubuntu-nuc/rc2_ws/install/livox_ros_driver2/lib:/home/ubuntu-nuc/rc2_ws/install/auto_aim_interfaces/lib:/home/ubuntu-nuc/rc_ws/install/fast_lio/lib:/home/ubuntu-nuc/rc_ws/install/livox_ros_driver2/lib:/usr/lib/x86_64-linux-gnu/gazebo-11/plugins:/opt/ros/humble/opt/rviz_ogre_vendor/lib:/opt/ros/humble/lib/x86_64-linux-gnu:/opt/ros/humble/opt/openvdb_vendor/lib:/opt/ros/humble/lib:/opt/MVS/lib/64:/opt/MVS/lib/32 /usr/local/bin/cmake --build /home/ubuntu-nuc/rc2_ws/build/pgo -- -j8 -l8
[3.284s] Invoking command in '/home/ubuntu-nuc/rc2_ws/build/pgo': CMAKE_PREFIX_PATH=/home/ubuntu-nuc/rc2_ws/install/interface:/home/ubuntu-nuc/rc2_ws/install/pgo:/home/ubuntu-nuc/rc2_ws/install/meiling_detect:/opt/ros/humble:/home/ubuntu-nuc/rc2_ws/install/meiling_control:/home/ubuntu-nuc/rc2_ws/install/localizer:/home/ubuntu-nuc/rc2_ws/install/fastlio2:/home/ubuntu-nuc/rc2_ws/install/livox_ros_driver2:/home/ubuntu-nuc/rc2_ws/install/hba:/home/ubuntu-nuc/rc2_ws/install/auto_aim_interfaces:/home/ubuntu-nuc/rc_ws/install/fast_lio:/home/ubuntu-nuc/rc_ws/install/livox_ros_driver2 LD_LIBRARY_PATH=/home/ubuntu-nuc/rc2_ws/install/interface/lib:/opt/MVS/lib/64:/opt/MVS/lib/32:/opt/MVS/lib/64:/opt/MVS/lib/32:/usr/lib/x86_64-linux-gnu:/home/ubuntu-nuc/rc2_ws/install/livox_sdk2/lib:/home/ubuntu-nuc/rc2_ws/install/livox_ros_driver2/lib:/home/ubuntu-nuc/rc2_ws/install/auto_aim_interfaces/lib:/home/ubuntu-nuc/rc_ws/install/fast_lio/lib:/home/ubuntu-nuc/rc_ws/install/livox_ros_driver2/lib:/usr/lib/x86_64-linux-gnu/gazebo-11/plugins:/opt/ros/humble/opt/rviz_ogre_vendor/lib:/opt/ros/humble/lib/x86_64-linux-gnu:/opt/ros/humble/opt/openvdb_vendor/lib:/opt/ros/humble/lib:/opt/MVS/lib/64:/opt/MVS/lib/32 /usr/local/bin/cmake --install /home/ubuntu-nuc/rc2_ws/build/pgo
[3.286s] -- Install configuration: "Release"
[3.286s] -- Up-to-date: /home/ubuntu-nuc/rc2_ws/install/pgo/lib/pgo/pgo_node
[3.287s] -- Up-to-date: /home/ubuntu-nuc/rc2_ws/install/pgo/share/pgo/launch
[3.287s] -- Up-to-date: /home/ubuntu-nuc/rc2_ws/install/pgo/share/pgo/launch/pgo_launch.py
[3.287s] -- Up-to-date: /home/ubuntu-nuc/rc2_ws/install/pgo/share/pgo/config
[3.287s] -- Up-to-date: /home/ubuntu-nuc/rc2_ws/install/pgo/share/pgo/config/pgo.yaml
[3.287s] -- Up-to-date: /home/ubuntu-nuc/rc2_ws/install/pgo/share/pgo/rviz
[3.287s] -- Up-to-date: /home/ubuntu-nuc/rc2_ws/install/pgo/share/pgo/rviz/pgo.rviz
[3.287s] -- Up-to-date: /home/ubuntu-nuc/rc2_ws/install/pgo/share/ament_index/resource_index/package_run_dependencies/pgo
[3.287s] -- Up-to-date: /home/ubuntu-nuc/rc2_ws/install/pgo/share/ament_index/resource_index/parent_prefix_path/pgo
[3.287s] -- Up-to-date: /home/ubuntu-nuc/rc2_ws/install/pgo/share/pgo/environment/ament_prefix_path.sh
[3.287s] -- Installing: /home/ubuntu-nuc/rc2_ws/install/pgo/share/pgo/environment/ament_prefix_path.dsv
[3.287s] -- Up-to-date: /home/ubuntu-nuc/rc2_ws/install/pgo/share/pgo/environment/path.sh
[3.287s] -- Installing: /home/ubuntu-nuc/rc2_ws/install/pgo/share/pgo/environment/path.dsv
[3.287s] -- Up-to-date: /home/ubuntu-nuc/rc2_ws/install/pgo/share/pgo/local_setup.bash
[3.287s] -- Up-to-date: /home/ubuntu-nuc/rc2_ws/install/pgo/share/pgo/local_setup.sh
[3.288s] -- Up-to-date: /home/ubuntu-nuc/rc2_ws/install/pgo/share/pgo/local_setup.zsh
[3.288s] -- Installing: /home/ubuntu-nuc/rc2_ws/install/pgo/share/pgo/local_setup.dsv
[3.288s] -- Installing: /home/ubuntu-nuc/rc2_ws/install/pgo/share/pgo/package.dsv
[3.288s] -- Up-to-date: /home/ubuntu-nuc/rc2_ws/install/pgo/share/ament_index/resource_index/packages/pgo
[3.288s] -- Up-to-date: /home/ubuntu-nuc/rc2_ws/install/pgo/share/pgo/cmake/pgoConfig.cmake
[3.288s] -- Up-to-date: /home/ubuntu-nuc/rc2_ws/install/pgo/share/pgo/cmake/pgoConfig-version.cmake
[3.288s] -- Up-to-date: /home/ubuntu-nuc/rc2_ws/install/pgo/share/pgo/package.xml
[3.289s] Invoked command in '/home/ubuntu-nuc/rc2_ws/build/pgo' returned '0': CMAKE_PREFIX_PATH=/home/ubuntu-nuc/rc2_ws/install/interface:/home/ubuntu-nuc/rc2_ws/install/pgo:/home/ubuntu-nuc/rc2_ws/install/meiling_detect:/opt/ros/humble:/home/ubuntu-nuc/rc2_ws/install/meiling_control:/home/ubuntu-nuc/rc2_ws/install/localizer:/home/ubuntu-nuc/rc2_ws/install/fastlio2:/home/ubuntu-nuc/rc2_ws/install/livox_ros_driver2:/home/ubuntu-nuc/rc2_ws/install/hba:/home/ubuntu-nuc/rc2_ws/install/auto_aim_interfaces:/home/ubuntu-nuc/rc_ws/install/fast_lio:/home/ubuntu-nuc/rc_ws/install/livox_ros_driver2 LD_LIBRARY_PATH=/home/ubuntu-nuc/rc2_ws/install/interface/lib:/opt/MVS/lib/64:/opt/MVS/lib/32:/opt/MVS/lib/64:/opt/MVS/lib/32:/usr/lib/x86_64-linux-gnu:/home/ubuntu-nuc/rc2_ws/install/livox_sdk2/lib:/home/ubuntu-nuc/rc2_ws/install/livox_ros_driver2/lib:/home/ubuntu-nuc/rc2_ws/install/auto_aim_interfaces/lib:/home/ubuntu-nuc/rc_ws/install/fast_lio/lib:/home/ubuntu-nuc/rc_ws/install/livox_ros_driver2/lib:/usr/lib/x86_64-linux-gnu/gazebo-11/plugins:/opt/ros/humble/opt/rviz_ogre_vendor/lib:/opt/ros/humble/lib/x86_64-linux-gnu:/opt/ros/humble/opt/openvdb_vendor/lib:/opt/ros/humble/lib:/opt/MVS/lib/64:/opt/MVS/lib/32 /usr/local/bin/cmake --install /home/ubuntu-nuc/rc2_ws/build/pgo
