running egg_info
creating ../../build/meiling_detect_debug/meiling_detect_debug.egg-info
writing ../../build/meiling_detect_debug/meiling_detect_debug.egg-info/PKG-INFO
writing dependency_links to ../../build/meiling_detect_debug/meiling_detect_debug.egg-info/dependency_links.txt
writing entry points to ../../build/meiling_detect_debug/meiling_detect_debug.egg-info/entry_points.txt
writing requirements to ../../build/meiling_detect_debug/meiling_detect_debug.egg-info/requires.txt
writing top-level names to ../../build/meiling_detect_debug/meiling_detect_debug.egg-info/top_level.txt
writing manifest file '../../build/meiling_detect_debug/meiling_detect_debug.egg-info/SOURCES.txt'
reading manifest file '../../build/meiling_detect_debug/meiling_detect_debug.egg-info/SOURCES.txt'
writing manifest file '../../build/meiling_detect_debug/meiling_detect_debug.egg-info/SOURCES.txt'
running build
running build_py
creating /home/ubuntu-nuc/rc2_ws/build/meiling_detect_debug/build
creating /home/ubuntu-nuc/rc2_ws/build/meiling_detect_debug/build/lib
creating /home/ubuntu-nuc/rc2_ws/build/meiling_detect_debug/build/lib/meiling_detect_debug
copying meiling_detect_debug/__init__.py -> /home/ubuntu-nuc/rc2_ws/build/meiling_detect_debug/build/lib/meiling_detect_debug
copying meiling_detect_debug/detect_debug_panel.py -> /home/ubuntu-nuc/rc2_ws/build/meiling_detect_debug/build/lib/meiling_detect_debug
copying meiling_detect_debug/detect_node.py -> /home/ubuntu-nuc/rc2_ws/build/meiling_detect_debug/build/lib/meiling_detect_debug
running install
running install_lib
creating /home/ubuntu-nuc/rc2_ws/install/meiling_detect_debug/lib/python3.10/site-packages/meiling_detect_debug
copying /home/ubuntu-nuc/rc2_ws/build/meiling_detect_debug/build/lib/meiling_detect_debug/__init__.py -> /home/ubuntu-nuc/rc2_ws/install/meiling_detect_debug/lib/python3.10/site-packages/meiling_detect_debug
copying /home/ubuntu-nuc/rc2_ws/build/meiling_detect_debug/build/lib/meiling_detect_debug/detect_debug_panel.py -> /home/ubuntu-nuc/rc2_ws/install/meiling_detect_debug/lib/python3.10/site-packages/meiling_detect_debug
copying /home/ubuntu-nuc/rc2_ws/build/meiling_detect_debug/build/lib/meiling_detect_debug/detect_node.py -> /home/ubuntu-nuc/rc2_ws/install/meiling_detect_debug/lib/python3.10/site-packages/meiling_detect_debug
byte-compiling /home/ubuntu-nuc/rc2_ws/install/meiling_detect_debug/lib/python3.10/site-packages/meiling_detect_debug/__init__.py to __init__.cpython-310.pyc
byte-compiling /home/ubuntu-nuc/rc2_ws/install/meiling_detect_debug/lib/python3.10/site-packages/meiling_detect_debug/detect_debug_panel.py to detect_debug_panel.cpython-310.pyc
byte-compiling /home/ubuntu-nuc/rc2_ws/install/meiling_detect_debug/lib/python3.10/site-packages/meiling_detect_debug/detect_node.py to detect_node.cpython-310.pyc
running install_data
creating /home/ubuntu-nuc/rc2_ws/install/meiling_detect_debug/share/ament_index
creating /home/ubuntu-nuc/rc2_ws/install/meiling_detect_debug/share/ament_index/resource_index
creating /home/ubuntu-nuc/rc2_ws/install/meiling_detect_debug/share/ament_index/resource_index/packages
copying resource/meiling_detect_debug -> /home/ubuntu-nuc/rc2_ws/install/meiling_detect_debug/share/ament_index/resource_index/packages
copying package.xml -> /home/ubuntu-nuc/rc2_ws/install/meiling_detect_debug/share/meiling_detect_debug
creating /home/ubuntu-nuc/rc2_ws/install/meiling_detect_debug/share/meiling_detect_debug/launch
copying launch/detect_launch.py -> /home/ubuntu-nuc/rc2_ws/install/meiling_detect_debug/share/meiling_detect_debug/launch
creating /home/ubuntu-nuc/rc2_ws/install/meiling_detect_debug/share/meiling_detect_debug/resource
copying resource/v4.pt -> /home/ubuntu-nuc/rc2_ws/install/meiling_detect_debug/share/meiling_detect_debug/resource
running install_egg_info
Copying ../../build/meiling_detect_debug/meiling_detect_debug.egg-info to /home/ubuntu-nuc/rc2_ws/install/meiling_detect_debug/lib/python3.10/site-packages/meiling_detect_debug-0.0.1-py3.10.egg-info
running install_scripts
Installing detect_debug_node script to /home/ubuntu-nuc/rc2_ws/install/meiling_detect_debug/bin
Installing detect_debug_panel script to /home/ubuntu-nuc/rc2_ws/install/meiling_detect_debug/bin
Installing shibie_debug_node script to /home/ubuntu-nuc/rc2_ws/install/meiling_detect_debug/bin
writing list of installed files to '/home/ubuntu-nuc/rc2_ws/build/meiling_detect_debug/install.log'
