[0.032s] Invoking command in '/home/ubuntu-nuc/rc2_ws/build/localizer': CMAKE_PREFIX_PATH=/home/ubuntu-nuc/rc2_ws/install/interface:/home/ubuntu-nuc/rc2_ws/install/pgo:/home/ubuntu-nuc/rc2_ws/install/meiling_detect:/opt/ros/humble:/home/ubuntu-nuc/rc2_ws/install/meiling_control:/home/ubuntu-nuc/rc2_ws/install/localizer:/home/ubuntu-nuc/rc2_ws/install/fastlio2:/home/ubuntu-nuc/rc2_ws/install/livox_ros_driver2:/home/ubuntu-nuc/rc2_ws/install/hba:/home/ubuntu-nuc/rc2_ws/install/auto_aim_interfaces:/home/ubuntu-nuc/rc_ws/install/fast_lio:/home/ubuntu-nuc/rc_ws/install/livox_ros_driver2 LD_LIBRARY_PATH=/home/ubuntu-nuc/rc2_ws/install/interface/lib:/opt/MVS/lib/64:/opt/MVS/lib/32:/opt/MVS/lib/64:/opt/MVS/lib/32:/usr/lib/x86_64-linux-gnu:/home/ubuntu-nuc/rc2_ws/install/livox_sdk2/lib:/home/ubuntu-nuc/rc2_ws/install/livox_ros_driver2/lib:/home/ubuntu-nuc/rc2_ws/install/auto_aim_interfaces/lib:/home/ubuntu-nuc/rc_ws/install/fast_lio/lib:/home/ubuntu-nuc/rc_ws/install/livox_ros_driver2/lib:/usr/lib/x86_64-linux-gnu/gazebo-11/plugins:/opt/ros/humble/opt/rviz_ogre_vendor/lib:/opt/ros/humble/lib/x86_64-linux-gnu:/opt/ros/humble/opt/openvdb_vendor/lib:/opt/ros/humble/lib:/opt/MVS/lib/64:/opt/MVS/lib/32 /usr/local/bin/cmake /home/ubuntu-nuc/rc2_ws/src/FASTLIO2_ROS2/localizer -DCMAKE_INSTALL_PREFIX=/home/ubuntu-nuc/rc2_ws/install/localizer
[0.046s] [0mCMake Deprecation Warning at CMakeLists.txt:1 (cmake_minimum_required):
[0.047s]   Compatibility with CMake < 3.10 will be removed from a future version of
[0.050s]   CMake.
[0.050s] 
[0.050s]   Update the VERSION argument <min> value.  Or, use the <min>...<max> syntax
[0.050s]   to tell CMake that the project requires at least <min> but has been updated
[0.050s]   to work with policies introduced by <max> or earlier.
[0.050s] 
[0.050s] [0m
[0.065s] -- Found ament_cmake: 1.3.12 (/opt/ros/humble/share/ament_cmake/cmake)
[0.499s] -- Found std_msgs: 4.9.0 (/opt/ros/humble/share/std_msgs/cmake)
[0.588s] -- Found rosidl_generator_c: 3.1.7 (/opt/ros/humble/share/rosidl_generator_c/cmake)
[0.589s] -- Found rosidl_adapter: 3.1.7 (/opt/ros/humble/share/rosidl_adapter/cmake)
[0.611s] -- Found rosidl_generator_cpp: 3.1.8 (/opt/ros/humble/share/rosidl_generator_cpp/cmake)
[0.644s] -- Using all available rosidl_typesupport_c: rosidl_typesupport_fastrtps_c;rosidl_typesupport_introspection_c
[0.684s] -- Using all available rosidl_typesupport_cpp: rosidl_typesupport_fastrtps_cpp;rosidl_typesupport_introspection_cpp
[0.770s] -- Found sensor_msgs: 4.9.0 (/opt/ros/humble/share/sensor_msgs/cmake)
[0.838s] -- Found nav_msgs: 4.9.0 (/opt/ros/humble/share/nav_msgs/cmake)
[0.897s] -- Found message_filters: 4.3.8 (/opt/ros/humble/share/message_filters/cmake)
[0.994s] -- Found rmw_implementation_cmake: 6.1.2 (/opt/ros/humble/share/rmw_implementation_cmake/cmake)
[1.001s] -- Found rmw_fastrtps_cpp: 6.2.8 (/opt/ros/humble/share/rmw_fastrtps_cpp/cmake)
[1.134s] -- Using RMW implementation 'rmw_fastrtps_cpp' as default
[1.180s] -- Found tf2_ros: 0.25.16 (/opt/ros/humble/share/tf2_ros/cmake)
[1.284s] -- Found interface: 0.0.0 (/home/ubuntu-nuc/rc2_ws/install/interface/share/interface/cmake)
[1.298s] -- Found pcl_conversions: 2.4.5 (/opt/ros/humble/share/pcl_conversions/cmake)
[1.330s] [33mCMake Warning (dev) at /usr/lib/x86_64-linux-gnu/cmake/pcl/PCLConfig.cmake:146 (find_package):
[1.330s]   Policy CMP0144 is not set: find_package uses upper-case <PACKAGENAME>_ROOT
[1.330s]   variables.  Run "cmake --help-policy CMP0144" for policy details.  Use the
[1.330s]   cmake_policy command to set the policy and suppress this warning.
[1.330s] 
[1.330s]   CMake variable EIGEN_ROOT is set to:
[1.330s] 
[1.330s]     /usr/include/eigen3
[1.330s] 
[1.331s]   For compatibility, find_package is ignoring the variable, but code in a
[1.331s]   .cmake module might still use it.
[1.331s] Call Stack (most recent call first):
[1.331s]   /usr/lib/x86_64-linux-gnu/cmake/pcl/PCLConfig.cmake:299 (find_eigen)
[1.331s]   /usr/lib/x86_64-linux-gnu/cmake/pcl/PCLConfig.cmake:543 (find_external_library)
[1.331s]   /opt/ros/humble/share/pcl_conversions/cmake/ament_cmake_export_dependencies-extras.cmake:21 (find_package)
[1.331s]   /opt/ros/humble/share/pcl_conversions/cmake/pcl_conversionsConfig.cmake:41 (include)
[1.331s]   CMakeLists.txt:25 (find_package)
[1.331s] This warning is for project developers.  Use -Wno-dev to suppress it.
[1.331s] [0m
[1.335s] -- Eigen found (include: /usr/include/eigen3, version: 3.4.0)
[1.335s] [33mCMake Warning (dev) at /usr/lib/x86_64-linux-gnu/cmake/pcl/PCLConfig.cmake:128 (find_package):
[1.335s]   Policy CMP0167 is not set: The FindBoost module is removed.  Run "cmake
[1.335s]   --help-policy CMP0167" for policy details.  Use the cmake_policy command to
[1.335s]   set the policy and suppress this warning.
[1.335s] 
[1.336s] Call Stack (most recent call first):
[1.336s]   /usr/lib/x86_64-linux-gnu/cmake/pcl/PCLConfig.cmake:297 (find_boost)
[1.336s]   /usr/lib/x86_64-linux-gnu/cmake/pcl/PCLConfig.cmake:543 (find_external_library)
[1.336s]   /opt/ros/humble/share/pcl_conversions/cmake/ament_cmake_export_dependencies-extras.cmake:21 (find_package)
[1.336s]   /opt/ros/humble/share/pcl_conversions/cmake/pcl_conversionsConfig.cmake:41 (include)
[1.336s]   CMakeLists.txt:25 (find_package)
[1.336s] This warning is for project developers.  Use -Wno-dev to suppress it.
[1.336s] [0m
[1.346s] [33mCMake Warning (dev) at /usr/lib/x86_64-linux-gnu/cmake/pcl/Modules/FindFLANN.cmake:44 (find_package):
[1.346s]   Policy CMP0144 is not set: find_package uses upper-case <PACKAGENAME>_ROOT
[1.346s]   variables.  Run "cmake --help-policy CMP0144" for policy details.  Use the
[1.346s]   cmake_policy command to set the policy and suppress this warning.
[1.346s] 
[1.346s]   CMake variable FLANN_ROOT is set to:
[1.346s] 
[1.346s]     /usr
[1.346s] 
[1.347s]   For compatibility, find_package is ignoring the variable, but code in a
[1.347s]   .cmake module might still use it.
[1.347s] Call Stack (most recent call first):
[1.347s]   /usr/lib/x86_64-linux-gnu/cmake/pcl/PCLConfig.cmake:256 (find_package)
[1.347s]   /usr/lib/x86_64-linux-gnu/cmake/pcl/PCLConfig.cmake:301 (find_flann)
[1.347s]   /usr/lib/x86_64-linux-gnu/cmake/pcl/PCLConfig.cmake:543 (find_external_library)
[1.347s]   /opt/ros/humble/share/pcl_conversions/cmake/ament_cmake_export_dependencies-extras.cmake:21 (find_package)
[1.347s]   /opt/ros/humble/share/pcl_conversions/cmake/pcl_conversionsConfig.cmake:41 (include)
[1.347s]   CMakeLists.txt:25 (find_package)
[1.347s] This warning is for project developers.  Use -Wno-dev to suppress it.
[1.347s] [0m
[1.373s] -- FLANN found (include: /usr/include, lib: /usr/lib/x86_64-linux-gnu/libflann_cpp.so)
[1.894s] -- OpenNI found (version: 1.5.4.0, include: /usr/include/ni, lib: /usr/lib/libOpenNI.so;libusb::libusb)
[1.900s] -- OpenNI2 found (version: 2.2.0.33, include: /usr/include/openni2, lib: /usr/lib/x86_64-linux-gnu/libOpenNI2.so;libusb::libusb)
[2.280s] [33mCMake Warning (dev) at /usr/lib/x86_64-linux-gnu/cmake/pcl/PCLConfig.cmake:128 (find_package):
[2.281s]   Policy CMP0167 is not set: The FindBoost module is removed.  Run "cmake
[2.281s]   --help-policy CMP0167" for policy details.  Use the cmake_policy command to
[2.281s]   set the policy and suppress this warning.
[2.281s] 
[2.281s] Call Stack (most recent call first):
[2.281s]   /usr/lib/x86_64-linux-gnu/cmake/pcl/PCLConfig.cmake:297 (find_boost)
[2.281s]   /usr/lib/x86_64-linux-gnu/cmake/pcl/PCLConfig.cmake:543 (find_external_library)
[2.281s]   /opt/ros/humble/share/pcl_conversions/cmake/ament_cmake_export_dependencies-extras.cmake:21 (find_package)
[2.281s]   /opt/ros/humble/share/pcl_conversions/cmake/pcl_conversionsConfig.cmake:41 (include)
[2.281s]   CMakeLists.txt:25 (find_package)
[2.281s] This warning is for project developers.  Use -Wno-dev to suppress it.
[2.281s] [0m
[2.293s] -- Eigen found (include: /usr/include/eigen3, version: 3.4.0)
[2.300s] -- OpenNI found (version: 1.5.4.0, include: /usr/include/ni, lib: /usr/lib/libOpenNI.so;libusb::libusb)
[2.308s] -- OpenNI2 found (version: 2.2.0.33, include: /usr/include/openni2, lib: /usr/lib/x86_64-linux-gnu/libOpenNI2.so;libusb::libusb)
[2.721s] -- Found Qhull version 8.0.2
[3.070s] -- OpenNI found (version: 1.5.4.0, include: /usr/include/ni, lib: /usr/lib/libOpenNI.so;libusb::libusb)
[3.514s] [33mCMake Warning (dev) at CMakeLists.txt:28 (find_package):
[3.514s]   Policy CMP0074 is not set: find_package uses <PackageName>_ROOT variables.
[3.514s]   Run "cmake --help-policy CMP0074" for policy details.  Use the cmake_policy
[3.514s]   command to set the policy and suppress this warning.
[3.514s] 
[3.514s]   CMake variable PCL_ROOT is set to:
[3.515s] 
[3.515s]     /usr
[3.515s] 
[3.515s]   For compatibility, CMake is ignoring the variable.
[3.515s] This warning is for project developers.  Use -Wno-dev to suppress it.
[3.515s] [0m
[3.547s] -- Found ament_lint_auto: 0.12.14 (/opt/ros/humble/share/ament_lint_auto/cmake)
[3.662s] -- Added test 'cppcheck' to perform static code analysis on C / C++ code
[3.662s] -- Configured cppcheck include dirs: 
[3.662s] -- Configured cppcheck exclude dirs and/or files: 
[3.662s] -- Added test 'flake8' to check Python code syntax and style conventions
[3.663s] -- Added test 'lint_cmake' to check CMake code style
[3.663s] -- Added test 'pep257' to check Python code against some of the docstring style conventions in PEP 257
[3.664s] -- Added test 'uncrustify' to check C / C++ code style
[3.664s] -- Configured uncrustify additional arguments: 
[3.664s] -- Added test 'xmllint' to check XML markup files
[3.665s] -- Configuring done (3.6s)
[3.706s] -- Generating done (0.0s)
[3.713s] -- Build files have been written to: /home/ubuntu-nuc/rc2_ws/build/localizer
[3.739s] Invoked command in '/home/ubuntu-nuc/rc2_ws/build/localizer' returned '0': CMAKE_PREFIX_PATH=/home/ubuntu-nuc/rc2_ws/install/interface:/home/ubuntu-nuc/rc2_ws/install/pgo:/home/ubuntu-nuc/rc2_ws/install/meiling_detect:/opt/ros/humble:/home/ubuntu-nuc/rc2_ws/install/meiling_control:/home/ubuntu-nuc/rc2_ws/install/localizer:/home/ubuntu-nuc/rc2_ws/install/fastlio2:/home/ubuntu-nuc/rc2_ws/install/livox_ros_driver2:/home/ubuntu-nuc/rc2_ws/install/hba:/home/ubuntu-nuc/rc2_ws/install/auto_aim_interfaces:/home/ubuntu-nuc/rc_ws/install/fast_lio:/home/ubuntu-nuc/rc_ws/install/livox_ros_driver2 LD_LIBRARY_PATH=/home/ubuntu-nuc/rc2_ws/install/interface/lib:/opt/MVS/lib/64:/opt/MVS/lib/32:/opt/MVS/lib/64:/opt/MVS/lib/32:/usr/lib/x86_64-linux-gnu:/home/ubuntu-nuc/rc2_ws/install/livox_sdk2/lib:/home/ubuntu-nuc/rc2_ws/install/livox_ros_driver2/lib:/home/ubuntu-nuc/rc2_ws/install/auto_aim_interfaces/lib:/home/ubuntu-nuc/rc_ws/install/fast_lio/lib:/home/ubuntu-nuc/rc_ws/install/livox_ros_driver2/lib:/usr/lib/x86_64-linux-gnu/gazebo-11/plugins:/opt/ros/humble/opt/rviz_ogre_vendor/lib:/opt/ros/humble/lib/x86_64-linux-gnu:/opt/ros/humble/opt/openvdb_vendor/lib:/opt/ros/humble/lib:/opt/MVS/lib/64:/opt/MVS/lib/32 /usr/local/bin/cmake /home/ubuntu-nuc/rc2_ws/src/FASTLIO2_ROS2/localizer -DCMAKE_INSTALL_PREFIX=/home/ubuntu-nuc/rc2_ws/install/localizer
[3.741s] Invoking command in '/home/ubuntu-nuc/rc2_ws/build/localizer': CMAKE_PREFIX_PATH=/home/ubuntu-nuc/rc2_ws/install/interface:/home/ubuntu-nuc/rc2_ws/install/pgo:/home/ubuntu-nuc/rc2_ws/install/meiling_detect:/opt/ros/humble:/home/ubuntu-nuc/rc2_ws/install/meiling_control:/home/ubuntu-nuc/rc2_ws/install/localizer:/home/ubuntu-nuc/rc2_ws/install/fastlio2:/home/ubuntu-nuc/rc2_ws/install/livox_ros_driver2:/home/ubuntu-nuc/rc2_ws/install/hba:/home/ubuntu-nuc/rc2_ws/install/auto_aim_interfaces:/home/ubuntu-nuc/rc_ws/install/fast_lio:/home/ubuntu-nuc/rc_ws/install/livox_ros_driver2 LD_LIBRARY_PATH=/home/ubuntu-nuc/rc2_ws/install/interface/lib:/opt/MVS/lib/64:/opt/MVS/lib/32:/opt/MVS/lib/64:/opt/MVS/lib/32:/usr/lib/x86_64-linux-gnu:/home/ubuntu-nuc/rc2_ws/install/livox_sdk2/lib:/home/ubuntu-nuc/rc2_ws/install/livox_ros_driver2/lib:/home/ubuntu-nuc/rc2_ws/install/auto_aim_interfaces/lib:/home/ubuntu-nuc/rc_ws/install/fast_lio/lib:/home/ubuntu-nuc/rc_ws/install/livox_ros_driver2/lib:/usr/lib/x86_64-linux-gnu/gazebo-11/plugins:/opt/ros/humble/opt/rviz_ogre_vendor/lib:/opt/ros/humble/lib/x86_64-linux-gnu:/opt/ros/humble/opt/openvdb_vendor/lib:/opt/ros/humble/lib:/opt/MVS/lib/64:/opt/MVS/lib/32 /usr/local/bin/cmake --build /home/ubuntu-nuc/rc2_ws/build/localizer -- -j8 -l8
[3.797s] [100%] Built target localizer_node
[3.804s] Invoked command in '/home/ubuntu-nuc/rc2_ws/build/localizer' returned '0': CMAKE_PREFIX_PATH=/home/ubuntu-nuc/rc2_ws/install/interface:/home/ubuntu-nuc/rc2_ws/install/pgo:/home/ubuntu-nuc/rc2_ws/install/meiling_detect:/opt/ros/humble:/home/ubuntu-nuc/rc2_ws/install/meiling_control:/home/ubuntu-nuc/rc2_ws/install/localizer:/home/ubuntu-nuc/rc2_ws/install/fastlio2:/home/ubuntu-nuc/rc2_ws/install/livox_ros_driver2:/home/ubuntu-nuc/rc2_ws/install/hba:/home/ubuntu-nuc/rc2_ws/install/auto_aim_interfaces:/home/ubuntu-nuc/rc_ws/install/fast_lio:/home/ubuntu-nuc/rc_ws/install/livox_ros_driver2 LD_LIBRARY_PATH=/home/ubuntu-nuc/rc2_ws/install/interface/lib:/opt/MVS/lib/64:/opt/MVS/lib/32:/opt/MVS/lib/64:/opt/MVS/lib/32:/usr/lib/x86_64-linux-gnu:/home/ubuntu-nuc/rc2_ws/install/livox_sdk2/lib:/home/ubuntu-nuc/rc2_ws/install/livox_ros_driver2/lib:/home/ubuntu-nuc/rc2_ws/install/auto_aim_interfaces/lib:/home/ubuntu-nuc/rc_ws/install/fast_lio/lib:/home/ubuntu-nuc/rc_ws/install/livox_ros_driver2/lib:/usr/lib/x86_64-linux-gnu/gazebo-11/plugins:/opt/ros/humble/opt/rviz_ogre_vendor/lib:/opt/ros/humble/lib/x86_64-linux-gnu:/opt/ros/humble/opt/openvdb_vendor/lib:/opt/ros/humble/lib:/opt/MVS/lib/64:/opt/MVS/lib/32 /usr/local/bin/cmake --build /home/ubuntu-nuc/rc2_ws/build/localizer -- -j8 -l8
[3.806s] Invoking command in '/home/ubuntu-nuc/rc2_ws/build/localizer': CMAKE_PREFIX_PATH=/home/ubuntu-nuc/rc2_ws/install/interface:/home/ubuntu-nuc/rc2_ws/install/pgo:/home/ubuntu-nuc/rc2_ws/install/meiling_detect:/opt/ros/humble:/home/ubuntu-nuc/rc2_ws/install/meiling_control:/home/ubuntu-nuc/rc2_ws/install/localizer:/home/ubuntu-nuc/rc2_ws/install/fastlio2:/home/ubuntu-nuc/rc2_ws/install/livox_ros_driver2:/home/ubuntu-nuc/rc2_ws/install/hba:/home/ubuntu-nuc/rc2_ws/install/auto_aim_interfaces:/home/ubuntu-nuc/rc_ws/install/fast_lio:/home/ubuntu-nuc/rc_ws/install/livox_ros_driver2 LD_LIBRARY_PATH=/home/ubuntu-nuc/rc2_ws/install/interface/lib:/opt/MVS/lib/64:/opt/MVS/lib/32:/opt/MVS/lib/64:/opt/MVS/lib/32:/usr/lib/x86_64-linux-gnu:/home/ubuntu-nuc/rc2_ws/install/livox_sdk2/lib:/home/ubuntu-nuc/rc2_ws/install/livox_ros_driver2/lib:/home/ubuntu-nuc/rc2_ws/install/auto_aim_interfaces/lib:/home/ubuntu-nuc/rc_ws/install/fast_lio/lib:/home/ubuntu-nuc/rc_ws/install/livox_ros_driver2/lib:/usr/lib/x86_64-linux-gnu/gazebo-11/plugins:/opt/ros/humble/opt/rviz_ogre_vendor/lib:/opt/ros/humble/lib/x86_64-linux-gnu:/opt/ros/humble/opt/openvdb_vendor/lib:/opt/ros/humble/lib:/opt/MVS/lib/64:/opt/MVS/lib/32 /usr/local/bin/cmake --install /home/ubuntu-nuc/rc2_ws/build/localizer
[3.809s] -- Install configuration: "Release"
[3.810s] -- Up-to-date: /home/ubuntu-nuc/rc2_ws/install/localizer/lib/localizer/localizer_node
[3.810s] -- Up-to-date: /home/ubuntu-nuc/rc2_ws/install/localizer/share/localizer/launch
[3.810s] -- Up-to-date: /home/ubuntu-nuc/rc2_ws/install/localizer/share/localizer/launch/localizer_launch.py
[3.810s] -- Up-to-date: /home/ubuntu-nuc/rc2_ws/install/localizer/share/localizer/config
[3.810s] -- Up-to-date: /home/ubuntu-nuc/rc2_ws/install/localizer/share/localizer/config/localizer.yaml
[3.810s] -- Up-to-date: /home/ubuntu-nuc/rc2_ws/install/localizer/share/localizer/rviz
[3.810s] -- Up-to-date: /home/ubuntu-nuc/rc2_ws/install/localizer/share/localizer/rviz/localizer.rviz
[3.810s] -- Up-to-date: /home/ubuntu-nuc/rc2_ws/install/localizer/share/ament_index/resource_index/package_run_dependencies/localizer
[3.810s] -- Installing: /home/ubuntu-nuc/rc2_ws/install/localizer/share/ament_index/resource_index/parent_prefix_path/localizer
[3.811s] -- Up-to-date: /home/ubuntu-nuc/rc2_ws/install/localizer/share/localizer/environment/ament_prefix_path.sh
[3.811s] -- Installing: /home/ubuntu-nuc/rc2_ws/install/localizer/share/localizer/environment/ament_prefix_path.dsv
[3.811s] -- Up-to-date: /home/ubuntu-nuc/rc2_ws/install/localizer/share/localizer/environment/path.sh
[3.811s] -- Installing: /home/ubuntu-nuc/rc2_ws/install/localizer/share/localizer/environment/path.dsv
[3.811s] -- Up-to-date: /home/ubuntu-nuc/rc2_ws/install/localizer/share/localizer/local_setup.bash
[3.811s] -- Up-to-date: /home/ubuntu-nuc/rc2_ws/install/localizer/share/localizer/local_setup.sh
[3.811s] -- Up-to-date: /home/ubuntu-nuc/rc2_ws/install/localizer/share/localizer/local_setup.zsh
[3.811s] -- Installing: /home/ubuntu-nuc/rc2_ws/install/localizer/share/localizer/local_setup.dsv
[3.811s] -- Installing: /home/ubuntu-nuc/rc2_ws/install/localizer/share/localizer/package.dsv
[3.811s] -- Up-to-date: /home/ubuntu-nuc/rc2_ws/install/localizer/share/ament_index/resource_index/packages/localizer
[3.811s] -- Up-to-date: /home/ubuntu-nuc/rc2_ws/install/localizer/share/localizer/cmake/localizerConfig.cmake
[3.812s] -- Up-to-date: /home/ubuntu-nuc/rc2_ws/install/localizer/share/localizer/cmake/localizerConfig-version.cmake
[3.812s] -- Up-to-date: /home/ubuntu-nuc/rc2_ws/install/localizer/share/localizer/package.xml
[3.813s] Invoked command in '/home/ubuntu-nuc/rc2_ws/build/localizer' returned '0': CMAKE_PREFIX_PATH=/home/ubuntu-nuc/rc2_ws/install/interface:/home/ubuntu-nuc/rc2_ws/install/pgo:/home/ubuntu-nuc/rc2_ws/install/meiling_detect:/opt/ros/humble:/home/ubuntu-nuc/rc2_ws/install/meiling_control:/home/ubuntu-nuc/rc2_ws/install/localizer:/home/ubuntu-nuc/rc2_ws/install/fastlio2:/home/ubuntu-nuc/rc2_ws/install/livox_ros_driver2:/home/ubuntu-nuc/rc2_ws/install/hba:/home/ubuntu-nuc/rc2_ws/install/auto_aim_interfaces:/home/ubuntu-nuc/rc_ws/install/fast_lio:/home/ubuntu-nuc/rc_ws/install/livox_ros_driver2 LD_LIBRARY_PATH=/home/ubuntu-nuc/rc2_ws/install/interface/lib:/opt/MVS/lib/64:/opt/MVS/lib/32:/opt/MVS/lib/64:/opt/MVS/lib/32:/usr/lib/x86_64-linux-gnu:/home/ubuntu-nuc/rc2_ws/install/livox_sdk2/lib:/home/ubuntu-nuc/rc2_ws/install/livox_ros_driver2/lib:/home/ubuntu-nuc/rc2_ws/install/auto_aim_interfaces/lib:/home/ubuntu-nuc/rc_ws/install/fast_lio/lib:/home/ubuntu-nuc/rc_ws/install/livox_ros_driver2/lib:/usr/lib/x86_64-linux-gnu/gazebo-11/plugins:/opt/ros/humble/opt/rviz_ogre_vendor/lib:/opt/ros/humble/lib/x86_64-linux-gnu:/opt/ros/humble/opt/openvdb_vendor/lib:/opt/ros/humble/lib:/opt/MVS/lib/64:/opt/MVS/lib/32 /usr/local/bin/cmake --install /home/ubuntu-nuc/rc2_ws/build/localizer
