[1.383s] Invoking command in '/home/ubuntu-nuc/rc2_ws/src/meiling_detect': CMAKE_PREFIX_PATH=/home/ubuntu-nuc/rc2_ws/install/auto_aim_interfaces:/home/ubuntu-nuc/rc2_ws/install/pgo:/home/ubuntu-nuc/rc2_ws/install/meiling_control:/home/ubuntu-nuc/rc2_ws/install/localizer:/home/ubuntu-nuc/rc2_ws/install/fastlio2:/home/ubuntu-nuc/rc2_ws/install/livox_ros_driver2:/home/ubuntu-nuc/rc2_ws/install/hba:/home/ubuntu-nuc/rc2_ws/install/interface:/home/ubuntu-nuc/rc_ws/install/fast_lio:/home/ubuntu-nuc/rc_ws/install/livox_ros_driver2 LD_LIBRARY_PATH=/home/ubuntu-nuc/rc2_ws/install/auto_aim_interfaces/lib:/opt/MVS/lib/64:/opt/MVS/lib/32:/opt/MVS/lib/64:/opt/MVS/lib/32:/usr/lib/x86_64-linux-gnu:/home/ubuntu-nuc/rc2_ws/install/livox_sdk2/lib:/home/ubuntu-nuc/rc2_ws/install/livox_ros_driver2/lib:/home/ubuntu-nuc/rc2_ws/install/interface/lib:/home/ubuntu-nuc/rc_ws/install/fast_lio/lib:/home/ubuntu-nuc/rc_ws/install/livox_ros_driver2/lib:/usr/lib/x86_64-linux-gnu/gazebo-11/plugins:/opt/ros/humble/opt/rviz_ogre_vendor/lib:/opt/ros/humble/lib/x86_64-linux-gnu:/opt/ros/humble/opt/openvdb_vendor/lib:/opt/ros/humble/lib:/opt/MVS/lib/64:/opt/MVS/lib/32 PKG_CONFIG_PATH=/home/ubuntu-nuc/rc2_ws/install/auto_aim_interfaces/lib/x86_64-linux-gnu/pkgconfig:/home/ubuntu-nuc/rc2_ws/install/auto_aim_interfaces/lib/pkgconfig:/home/ubuntu-nuc/rc2_ws/install/meiling_control/lib/x86_64-linux-gnu/pkgconfig:/home/ubuntu-nuc/rc2_ws/install/meiling_control/lib/pkgconfig PYTHONPATH=/home/ubuntu-nuc/rc2_ws/build/meiling_detect/prefix_override:/usr/lib/python3/dist-packages/colcon_core/task/python/colcon_distutils_commands:/home/ubuntu-nuc/rc2_ws/install/meiling_detect/lib/python3.10/site-packages:/home/ubuntu-nuc/rc2_ws/install/auto_aim_interfaces/local/lib/python3.10/dist-packages:/home/ubuntu-nuc/rc2_ws/install/meiling_detect/lib/python3.10/site-packages:/home/ubuntu-nuc/rc2_ws/install/livox_ros_driver2/local/lib/python3.10/dist-packages:/home/ubuntu-nuc/rc2_ws/install/interface/local/lib/python3.10/dist-packages:/home/ubuntu-nuc/rc_ws/install/fast_lio/local/lib/python3.10/dist-packages:/home/ubuntu-nuc/rc_ws/install/livox_ros_driver2/local/lib/python3.10/dist-packages:/opt/ros/humble/lib/python3.10/site-packages:/opt/ros/humble/local/lib/python3.10/dist-packages ROS_PACKAGE_PATH=/home/ubuntu-nuc/rc2_ws/install/auto_aim_interfaces/share:/home/ubuntu-nuc/rc2_ws/install/meiling_control/share /usr/bin/python3 -W ignore:setup.py install is deprecated -W ignore:easy_install command is deprecated setup.py egg_info --egg-base ../../build/meiling_detect build --build-base /home/ubuntu-nuc/rc2_ws/build/meiling_detect/build install --record /home/ubuntu-nuc/rc2_ws/build/meiling_detect/install.log --install-scripts $base/lib/meiling_detect --single-version-externally-managed install_data
[1.958s] /usr/lib/python3/dist-packages/setuptools/dist.py:723: UserWarning: Usage of dash-separated 'script-dir' will not be supported in future versions. Please use the underscore name 'script_dir' instead
[1.958s]   warnings.warn(
[1.974s] running egg_info
[1.975s] creating ../../build/meiling_detect/meiling_detect.egg-info
[1.975s] writing ../../build/meiling_detect/meiling_detect.egg-info/PKG-INFO
[1.975s] writing dependency_links to ../../build/meiling_detect/meiling_detect.egg-info/dependency_links.txt
[1.975s] writing entry points to ../../build/meiling_detect/meiling_detect.egg-info/entry_points.txt
[1.975s] writing requirements to ../../build/meiling_detect/meiling_detect.egg-info/requires.txt
[1.975s] writing top-level names to ../../build/meiling_detect/meiling_detect.egg-info/top_level.txt
[1.976s] writing manifest file '../../build/meiling_detect/meiling_detect.egg-info/SOURCES.txt'
[1.980s] reading manifest file '../../build/meiling_detect/meiling_detect.egg-info/SOURCES.txt'
[1.980s] writing manifest file '../../build/meiling_detect/meiling_detect.egg-info/SOURCES.txt'
[1.980s] running build
[1.980s] running build_py
[1.980s] creating /home/ubuntu-nuc/rc2_ws/build/meiling_detect/build
[1.980s] creating /home/ubuntu-nuc/rc2_ws/build/meiling_detect/build/lib
[1.980s] creating /home/ubuntu-nuc/rc2_ws/build/meiling_detect/build/lib/meiling_detect
[1.981s] copying meiling_detect/__init__.py -> /home/ubuntu-nuc/rc2_ws/build/meiling_detect/build/lib/meiling_detect
[1.981s] copying meiling_detect/detect_node.py -> /home/ubuntu-nuc/rc2_ws/build/meiling_detect/build/lib/meiling_detect
[1.981s] running install
[1.981s] running install_lib
[1.981s] creating /home/ubuntu-nuc/rc2_ws/install/meiling_detect/lib/python3.10/site-packages/meiling_detect
[1.981s] copying /home/ubuntu-nuc/rc2_ws/build/meiling_detect/build/lib/meiling_detect/__init__.py -> /home/ubuntu-nuc/rc2_ws/install/meiling_detect/lib/python3.10/site-packages/meiling_detect
[1.981s] copying /home/ubuntu-nuc/rc2_ws/build/meiling_detect/build/lib/meiling_detect/detect_node.py -> /home/ubuntu-nuc/rc2_ws/install/meiling_detect/lib/python3.10/site-packages/meiling_detect
[1.982s] byte-compiling /home/ubuntu-nuc/rc2_ws/install/meiling_detect/lib/python3.10/site-packages/meiling_detect/__init__.py to __init__.cpython-310.pyc
[1.982s] byte-compiling /home/ubuntu-nuc/rc2_ws/install/meiling_detect/lib/python3.10/site-packages/meiling_detect/detect_node.py to detect_node.cpython-310.pyc
[1.987s] running install_data
[1.987s] creating /home/ubuntu-nuc/rc2_ws/install/meiling_detect/share/ament_index
[1.987s] creating /home/ubuntu-nuc/rc2_ws/install/meiling_detect/share/ament_index/resource_index
[1.987s] creating /home/ubuntu-nuc/rc2_ws/install/meiling_detect/share/ament_index/resource_index/packages
[1.987s] copying resource/meiling_detect -> /home/ubuntu-nuc/rc2_ws/install/meiling_detect/share/ament_index/resource_index/packages
[1.987s] copying package.xml -> /home/ubuntu-nuc/rc2_ws/install/meiling_detect/share/meiling_detect
[1.987s] creating /home/ubuntu-nuc/rc2_ws/install/meiling_detect/share/meiling_detect/launch
[1.988s] copying launch/detect_launch.py -> /home/ubuntu-nuc/rc2_ws/install/meiling_detect/share/meiling_detect/launch
[1.988s] creating /home/ubuntu-nuc/rc2_ws/install/meiling_detect/share/meiling_detect/resource
[1.988s] copying resource/v4.pt -> /home/ubuntu-nuc/rc2_ws/install/meiling_detect/share/meiling_detect/resource
[2.002s] running install_egg_info
[2.002s] Copying ../../build/meiling_detect/meiling_detect.egg-info to /home/ubuntu-nuc/rc2_ws/install/meiling_detect/lib/python3.10/site-packages/meiling_detect-0.0.1-py3.10.egg-info
[2.003s] running install_scripts
[2.049s] Installing detect_node script to /home/ubuntu-nuc/rc2_ws/install/meiling_detect/lib/meiling_detect
[2.050s] writing list of installed files to '/home/ubuntu-nuc/rc2_ws/build/meiling_detect/install.log'
[2.121s] Invoked command in '/home/ubuntu-nuc/rc2_ws/src/meiling_detect' returned '0': CMAKE_PREFIX_PATH=/home/ubuntu-nuc/rc2_ws/install/auto_aim_interfaces:/home/ubuntu-nuc/rc2_ws/install/pgo:/home/ubuntu-nuc/rc2_ws/install/meiling_control:/home/ubuntu-nuc/rc2_ws/install/localizer:/home/ubuntu-nuc/rc2_ws/install/fastlio2:/home/ubuntu-nuc/rc2_ws/install/livox_ros_driver2:/home/ubuntu-nuc/rc2_ws/install/hba:/home/ubuntu-nuc/rc2_ws/install/interface:/home/ubuntu-nuc/rc_ws/install/fast_lio:/home/ubuntu-nuc/rc_ws/install/livox_ros_driver2 LD_LIBRARY_PATH=/home/ubuntu-nuc/rc2_ws/install/auto_aim_interfaces/lib:/opt/MVS/lib/64:/opt/MVS/lib/32:/opt/MVS/lib/64:/opt/MVS/lib/32:/usr/lib/x86_64-linux-gnu:/home/ubuntu-nuc/rc2_ws/install/livox_sdk2/lib:/home/ubuntu-nuc/rc2_ws/install/livox_ros_driver2/lib:/home/ubuntu-nuc/rc2_ws/install/interface/lib:/home/ubuntu-nuc/rc_ws/install/fast_lio/lib:/home/ubuntu-nuc/rc_ws/install/livox_ros_driver2/lib:/usr/lib/x86_64-linux-gnu/gazebo-11/plugins:/opt/ros/humble/opt/rviz_ogre_vendor/lib:/opt/ros/humble/lib/x86_64-linux-gnu:/opt/ros/humble/opt/openvdb_vendor/lib:/opt/ros/humble/lib:/opt/MVS/lib/64:/opt/MVS/lib/32 PKG_CONFIG_PATH=/home/ubuntu-nuc/rc2_ws/install/auto_aim_interfaces/lib/x86_64-linux-gnu/pkgconfig:/home/ubuntu-nuc/rc2_ws/install/auto_aim_interfaces/lib/pkgconfig:/home/ubuntu-nuc/rc2_ws/install/meiling_control/lib/x86_64-linux-gnu/pkgconfig:/home/ubuntu-nuc/rc2_ws/install/meiling_control/lib/pkgconfig PYTHONPATH=/home/ubuntu-nuc/rc2_ws/build/meiling_detect/prefix_override:/usr/lib/python3/dist-packages/colcon_core/task/python/colcon_distutils_commands:/home/ubuntu-nuc/rc2_ws/install/meiling_detect/lib/python3.10/site-packages:/home/ubuntu-nuc/rc2_ws/install/auto_aim_interfaces/local/lib/python3.10/dist-packages:/home/ubuntu-nuc/rc2_ws/install/meiling_detect/lib/python3.10/site-packages:/home/ubuntu-nuc/rc2_ws/install/livox_ros_driver2/local/lib/python3.10/dist-packages:/home/ubuntu-nuc/rc2_ws/install/interface/local/lib/python3.10/dist-packages:/home/ubuntu-nuc/rc_ws/install/fast_lio/local/lib/python3.10/dist-packages:/home/ubuntu-nuc/rc_ws/install/livox_ros_driver2/local/lib/python3.10/dist-packages:/opt/ros/humble/lib/python3.10/site-packages:/opt/ros/humble/local/lib/python3.10/dist-packages ROS_PACKAGE_PATH=/home/ubuntu-nuc/rc2_ws/install/auto_aim_interfaces/share:/home/ubuntu-nuc/rc2_ws/install/meiling_control/share /usr/bin/python3 -W ignore:setup.py install is deprecated -W ignore:easy_install command is deprecated setup.py egg_info --egg-base ../../build/meiling_detect build --build-base /home/ubuntu-nuc/rc2_ws/build/meiling_detect/build install --record /home/ubuntu-nuc/rc2_ws/build/meiling_detect/install.log --install-scripts $base/lib/meiling_detect --single-version-externally-managed install_data
