running egg_info
writing ../../build/meiling_detect_debug/meiling_detect_debug.egg-info/PKG-INFO
writing dependency_links to ../../build/meiling_detect_debug/meiling_detect_debug.egg-info/dependency_links.txt
writing entry points to ../../build/meiling_detect_debug/meiling_detect_debug.egg-info/entry_points.txt
writing requirements to ../../build/meiling_detect_debug/meiling_detect_debug.egg-info/requires.txt
writing top-level names to ../../build/meiling_detect_debug/meiling_detect_debug.egg-info/top_level.txt
reading manifest file '../../build/meiling_detect_debug/meiling_detect_debug.egg-info/SOURCES.txt'
writing manifest file '../../build/meiling_detect_debug/meiling_detect_debug.egg-info/SOURCES.txt'
running build
running build_py
running install
running install_lib
running install_data
running install_egg_info
removing '/home/ubuntu-nuc/rc2_ws/install/meiling_detect_debug/lib/python3.10/site-packages/meiling_detect_debug-0.0.1-py3.10.egg-info' (and everything under it)
Copying ../../build/meiling_detect_debug/meiling_detect_debug.egg-info to /home/ubuntu-nuc/rc2_ws/install/meiling_detect_debug/lib/python3.10/site-packages/meiling_detect_debug-0.0.1-py3.10.egg-info
running install_scripts
Installing detect_debug_node script to /home/ubuntu-nuc/rc2_ws/install/meiling_detect_debug/lib/meiling_detect_debug
Installing detect_debug_panel script to /home/ubuntu-nuc/rc2_ws/install/meiling_detect_debug/lib/meiling_detect_debug
Installing shibie_debug_node script to /home/ubuntu-nuc/rc2_ws/install/meiling_detect_debug/lib/meiling_detect_debug
writing list of installed files to '/home/ubuntu-nuc/rc2_ws/build/meiling_detect_debug/install.log'
