[0.014s] Invoking command in '/home/ubuntu-nuc/rc2_ws/build/interface': CMAKE_PREFIX_PATH=/home/ubuntu-nuc/rc2_ws/install/pgo:/home/ubuntu-nuc/rc2_ws/install/meiling_detect_debug:/home/ubuntu-nuc/rc2_ws/install/meiling_detect:/opt/ros/humble:/home/ubuntu-nuc/rc2_ws/install/meiling_control:/home/ubuntu-nuc/rc2_ws/install/localizer:/home/ubuntu-nuc/rc2_ws/install/fastlio2:/home/ubuntu-nuc/rc2_ws/install/livox_ros_driver2:/home/ubuntu-nuc/rc2_ws/install/hba:/home/ubuntu-nuc/rc2_ws/install/interface:/home/ubuntu-nuc/rc2_ws/install/auto_aim_interfaces:/home/ubuntu-nuc/rc_ws/install/fast_lio:/home/ubuntu-nuc/rc_ws/install/livox_ros_driver2 /usr/local/bin/cmake /home/ubuntu-nuc/rc2_ws/src/FASTLIO2_ROS2/interface -DCMAKE_INSTALL_PREFIX=/home/ubuntu-nuc/rc2_ws/install/interface
[0.018s] [0mCMake Deprecation Warning at CMakeLists.txt:1 (cmake_minimum_required):
[0.018s]   Compatibility with CMake < 3.10 will be removed from a future version of
[0.018s]   CMake.
[0.018s] 
[0.018s]   Update the VERSION argument <min> value.  Or, use the <min>...<max> syntax
[0.018s]   to tell CMake that the project requires at least <min> but has been updated
[0.018s]   to work with policies introduced by <max> or earlier.
[0.018s] 
[0.018s] [0m
[0.022s] -- Found ament_cmake: 1.3.12 (/opt/ros/humble/share/ament_cmake/cmake)
[0.175s] -- Found std_msgs: 4.9.0 (/opt/ros/humble/share/std_msgs/cmake)
[0.195s] -- Found rosidl_generator_c: 3.1.7 (/opt/ros/humble/share/rosidl_generator_c/cmake)
[0.197s] -- Found rosidl_adapter: 3.1.7 (/opt/ros/humble/share/rosidl_adapter/cmake)
[0.202s] -- Found rosidl_generator_cpp: 3.1.8 (/opt/ros/humble/share/rosidl_generator_cpp/cmake)
[0.210s] -- Using all available rosidl_typesupport_c: rosidl_typesupport_fastrtps_c;rosidl_typesupport_introspection_c
[0.221s] -- Using all available rosidl_typesupport_cpp: rosidl_typesupport_fastrtps_cpp;rosidl_typesupport_introspection_cpp
[0.242s] -- Found rosidl_default_generators: 1.2.0 (/opt/ros/humble/share/rosidl_default_generators/cmake)
[0.591s] -- Found ament_cmake_ros: 0.10.0 (/opt/ros/humble/share/ament_cmake_ros/cmake)
[1.070s] -- Using all available rosidl_typesupport_c: rosidl_typesupport_fastrtps_c;rosidl_typesupport_introspection_c
[1.282s] -- Using all available rosidl_typesupport_cpp: rosidl_typesupport_fastrtps_cpp;rosidl_typesupport_introspection_cpp
[1.283s] [33mCMake Warning (dev) at /opt/ros/humble/share/rosidl_generator_py/cmake/rosidl_generator_py_generate_interfaces.cmake:20 (find_package):
[1.283s]   Policy CMP0148 is not set: The FindPythonInterp and FindPythonLibs modules
[1.283s]   are removed.  Run "cmake --help-policy CMP0148" for policy details.  Use
[1.284s]   the cmake_policy command to set the policy and suppress this warning.
[1.284s] 
[1.284s] Call Stack (most recent call first):
[1.284s]   /opt/ros/humble/share/ament_cmake_core/cmake/core/ament_execute_extensions.cmake:48 (include)
[1.284s]   /opt/ros/humble/share/rosidl_cmake/cmake/rosidl_generate_interfaces.cmake:286 (ament_execute_extensions)
[1.284s]   CMakeLists.txt:13 (rosidl_generate_interfaces)
[1.284s] This warning is for project developers.  Use -Wno-dev to suppress it.
[1.284s] [0m
[1.296s] -- Found python_cmake_module: 0.10.0 (/opt/ros/humble/share/python_cmake_module/cmake)
[1.296s] [33mCMake Warning (dev) at /opt/ros/humble/share/python_cmake_module/cmake/Modules/FindPythonExtra.cmake:52 (find_package):
[1.296s]   Policy CMP0148 is not set: The FindPythonInterp and FindPythonLibs modules
[1.296s]   are removed.  Run "cmake --help-policy CMP0148" for policy details.  Use
[1.296s]   the cmake_policy command to set the policy and suppress this warning.
[1.296s] 
[1.296s] Call Stack (most recent call first):
[1.296s]   /opt/ros/humble/share/rosidl_generator_py/cmake/rosidl_generator_py_generate_interfaces.cmake:23 (find_package)
[1.296s]   /opt/ros/humble/share/ament_cmake_core/cmake/core/ament_execute_extensions.cmake:48 (include)
[1.297s]   /opt/ros/humble/share/rosidl_cmake/cmake/rosidl_generate_interfaces.cmake:286 (ament_execute_extensions)
[1.297s]   CMakeLists.txt:13 (rosidl_generate_interfaces)
[1.297s] This warning is for project developers.  Use -Wno-dev to suppress it.
[1.297s] [0m
[1.308s] [33mCMake Warning (dev) at /opt/ros/humble/share/python_cmake_module/cmake/Modules/FindPythonExtra.cmake:140 (find_package):
[1.308s]   Policy CMP0148 is not set: The FindPythonInterp and FindPythonLibs modules
[1.308s]   are removed.  Run "cmake --help-policy CMP0148" for policy details.  Use
[1.309s]   the cmake_policy command to set the policy and suppress this warning.
[1.309s] 
[1.309s] Call Stack (most recent call first):
[1.309s]   /opt/ros/humble/share/rosidl_generator_py/cmake/rosidl_generator_py_generate_interfaces.cmake:23 (find_package)
[1.309s]   /opt/ros/humble/share/ament_cmake_core/cmake/core/ament_execute_extensions.cmake:48 (include)
[1.309s]   /opt/ros/humble/share/rosidl_cmake/cmake/rosidl_generate_interfaces.cmake:286 (ament_execute_extensions)
[1.309s]   CMakeLists.txt:13 (rosidl_generate_interfaces)
[1.309s] This warning is for project developers.  Use -Wno-dev to suppress it.
[1.309s] [0m
[1.310s] -- Using PYTHON_EXECUTABLE: /usr/bin/python3
[1.310s] -- Using PYTHON_INCLUDE_DIRS: /usr/include/python3.10
[1.310s] -- Using PYTHON_LIBRARIES: /usr/lib/x86_64-linux-gnu/libpython3.10.so
[1.335s] -- Found ament_lint_auto: 0.12.14 (/opt/ros/humble/share/ament_lint_auto/cmake)
[1.341s] -- Added test 'lint_cmake' to check CMake code style
[1.341s] -- Added test 'xmllint' to check XML markup files
[1.343s] -- Configuring done (1.3s)
[1.375s] -- Generating done (0.0s)
[1.381s] -- Build files have been written to: /home/ubuntu-nuc/rc2_ws/build/interface
[1.387s] Invoked command in '/home/ubuntu-nuc/rc2_ws/build/interface' returned '0': CMAKE_PREFIX_PATH=/home/ubuntu-nuc/rc2_ws/install/pgo:/home/ubuntu-nuc/rc2_ws/install/meiling_detect_debug:/home/ubuntu-nuc/rc2_ws/install/meiling_detect:/opt/ros/humble:/home/ubuntu-nuc/rc2_ws/install/meiling_control:/home/ubuntu-nuc/rc2_ws/install/localizer:/home/ubuntu-nuc/rc2_ws/install/fastlio2:/home/ubuntu-nuc/rc2_ws/install/livox_ros_driver2:/home/ubuntu-nuc/rc2_ws/install/hba:/home/ubuntu-nuc/rc2_ws/install/interface:/home/ubuntu-nuc/rc2_ws/install/auto_aim_interfaces:/home/ubuntu-nuc/rc_ws/install/fast_lio:/home/ubuntu-nuc/rc_ws/install/livox_ros_driver2 /usr/local/bin/cmake /home/ubuntu-nuc/rc2_ws/src/FASTLIO2_ROS2/interface -DCMAKE_INSTALL_PREFIX=/home/ubuntu-nuc/rc2_ws/install/interface
[1.388s] Invoking command in '/home/ubuntu-nuc/rc2_ws/build/interface': CMAKE_PREFIX_PATH=/home/ubuntu-nuc/rc2_ws/install/pgo:/home/ubuntu-nuc/rc2_ws/install/meiling_detect_debug:/home/ubuntu-nuc/rc2_ws/install/meiling_detect:/opt/ros/humble:/home/ubuntu-nuc/rc2_ws/install/meiling_control:/home/ubuntu-nuc/rc2_ws/install/localizer:/home/ubuntu-nuc/rc2_ws/install/fastlio2:/home/ubuntu-nuc/rc2_ws/install/livox_ros_driver2:/home/ubuntu-nuc/rc2_ws/install/hba:/home/ubuntu-nuc/rc2_ws/install/interface:/home/ubuntu-nuc/rc2_ws/install/auto_aim_interfaces:/home/ubuntu-nuc/rc_ws/install/fast_lio:/home/ubuntu-nuc/rc_ws/install/livox_ros_driver2 /usr/local/bin/cmake --build /home/ubuntu-nuc/rc2_ws/build/interface -- -j8 -l8
[1.408s] [  1%] Built target interface__cpp
[1.411s] [ 12%] Built target interface__rosidl_generator_c
[1.414s] [ 12%] Built target ament_cmake_python_copy_interface
[1.426s] [ 44%] Built target interface__rosidl_typesupport_introspection_c
[1.427s] [ 44%] Built target interface__rosidl_typesupport_cpp
[1.427s] [ 46%] Built target interface__rosidl_typesupport_introspection_cpp
[1.427s] [ 57%] Built target interface__rosidl_typesupport_fastrtps_cpp
[1.429s] [ 68%] Built target interface__rosidl_typesupport_c
[1.432s] [ 79%] Built target interface__rosidl_typesupport_fastrtps_c
[1.440s] [ 79%] Built target interface
[1.450s] [ 80%] Built target interface__py
[1.464s] [ 90%] Built target interface__rosidl_generator_py
[1.478s] [ 96%] Built target interface__rosidl_typesupport_fastrtps_c__pyext
[1.478s] [ 96%] Built target interface__rosidl_typesupport_introspection_c__pyext
[1.478s] [100%] Built target interface__rosidl_typesupport_c__pyext
[1.624s] running egg_info
[1.625s] writing interface.egg-info/PKG-INFO
[1.625s] writing dependency_links to interface.egg-info/dependency_links.txt
[1.625s] writing top-level names to interface.egg-info/top_level.txt
[1.627s] reading manifest file 'interface.egg-info/SOURCES.txt'
[1.628s] writing manifest file 'interface.egg-info/SOURCES.txt'
[1.647s] [100%] Built target ament_cmake_python_build_interface_egg
[1.971s] Invoked command in '/home/ubuntu-nuc/rc2_ws/build/interface' returned '0': CMAKE_PREFIX_PATH=/home/ubuntu-nuc/rc2_ws/install/pgo:/home/ubuntu-nuc/rc2_ws/install/meiling_detect_debug:/home/ubuntu-nuc/rc2_ws/install/meiling_detect:/opt/ros/humble:/home/ubuntu-nuc/rc2_ws/install/meiling_control:/home/ubuntu-nuc/rc2_ws/install/localizer:/home/ubuntu-nuc/rc2_ws/install/fastlio2:/home/ubuntu-nuc/rc2_ws/install/livox_ros_driver2:/home/ubuntu-nuc/rc2_ws/install/hba:/home/ubuntu-nuc/rc2_ws/install/interface:/home/ubuntu-nuc/rc2_ws/install/auto_aim_interfaces:/home/ubuntu-nuc/rc_ws/install/fast_lio:/home/ubuntu-nuc/rc_ws/install/livox_ros_driver2 /usr/local/bin/cmake --build /home/ubuntu-nuc/rc2_ws/build/interface -- -j8 -l8
[1.973s] Invoking command in '/home/ubuntu-nuc/rc2_ws/build/interface': CMAKE_PREFIX_PATH=/home/ubuntu-nuc/rc2_ws/install/pgo:/home/ubuntu-nuc/rc2_ws/install/meiling_detect_debug:/home/ubuntu-nuc/rc2_ws/install/meiling_detect:/opt/ros/humble:/home/ubuntu-nuc/rc2_ws/install/meiling_control:/home/ubuntu-nuc/rc2_ws/install/localizer:/home/ubuntu-nuc/rc2_ws/install/fastlio2:/home/ubuntu-nuc/rc2_ws/install/livox_ros_driver2:/home/ubuntu-nuc/rc2_ws/install/hba:/home/ubuntu-nuc/rc2_ws/install/interface:/home/ubuntu-nuc/rc2_ws/install/auto_aim_interfaces:/home/ubuntu-nuc/rc_ws/install/fast_lio:/home/ubuntu-nuc/rc_ws/install/livox_ros_driver2 /usr/local/bin/cmake --install /home/ubuntu-nuc/rc2_ws/build/interface
[1.976s] -- Install configuration: ""
[1.977s] -- Up-to-date: /home/ubuntu-nuc/rc2_ws/install/interface/share/ament_index/resource_index/rosidl_interfaces/interface
[1.977s] -- Up-to-date: /home/ubuntu-nuc/rc2_ws/install/interface/include/interface/interface
[1.978s] -- Up-to-date: /home/ubuntu-nuc/rc2_ws/install/interface/include/interface/interface/msg
[1.978s] -- Up-to-date: /home/ubuntu-nuc/rc2_ws/install/interface/include/interface/interface/msg/rosidl_generator_c__visibility_control.h
[1.979s] -- Up-to-date: /home/ubuntu-nuc/rc2_ws/install/interface/include/interface/interface/srv
[1.979s] -- Up-to-date: /home/ubuntu-nuc/rc2_ws/install/interface/include/interface/interface/srv/refine_map.h
[1.979s] -- Up-to-date: /home/ubuntu-nuc/rc2_ws/install/interface/include/interface/interface/srv/is_valid.h
[1.979s] -- Up-to-date: /home/ubuntu-nuc/rc2_ws/install/interface/include/interface/interface/srv/save_maps.h
[1.979s] -- Up-to-date: /home/ubuntu-nuc/rc2_ws/install/interface/include/interface/interface/srv/relocalize.h
[1.979s] -- Up-to-date: /home/ubuntu-nuc/rc2_ws/install/interface/include/interface/interface/srv/save_poses.h
[1.979s] -- Up-to-date: /home/ubuntu-nuc/rc2_ws/install/interface/include/interface/interface/srv/detail
[1.979s] -- Up-to-date: /home/ubuntu-nuc/rc2_ws/install/interface/include/interface/interface/srv/detail/save_poses__struct.h
[1.979s] -- Up-to-date: /home/ubuntu-nuc/rc2_ws/install/interface/include/interface/interface/srv/detail/relocalize__struct.h
[1.979s] -- Up-to-date: /home/ubuntu-nuc/rc2_ws/install/interface/include/interface/interface/srv/detail/save_maps__functions.h
[1.979s] -- Up-to-date: /home/ubuntu-nuc/rc2_ws/install/interface/include/interface/interface/srv/detail/save_maps__struct.h
[1.979s] -- Up-to-date: /home/ubuntu-nuc/rc2_ws/install/interface/include/interface/interface/srv/detail/is_valid__functions.c
[1.979s] -- Up-to-date: /home/ubuntu-nuc/rc2_ws/install/interface/include/interface/interface/srv/detail/save_maps__type_support.h
[1.979s] -- Up-to-date: /home/ubuntu-nuc/rc2_ws/install/interface/include/interface/interface/srv/detail/is_valid__struct.h
[1.980s] -- Up-to-date: /home/ubuntu-nuc/rc2_ws/install/interface/include/interface/interface/srv/detail/is_valid__type_support.h
[1.980s] -- Up-to-date: /home/ubuntu-nuc/rc2_ws/install/interface/include/interface/interface/srv/detail/save_poses__type_support.h
[1.980s] -- Up-to-date: /home/ubuntu-nuc/rc2_ws/install/interface/include/interface/interface/srv/detail/refine_map__functions.h
[1.980s] -- Up-to-date: /home/ubuntu-nuc/rc2_ws/install/interface/include/interface/interface/srv/detail/relocalize__functions.h
[1.980s] -- Up-to-date: /home/ubuntu-nuc/rc2_ws/install/interface/include/interface/interface/srv/detail/refine_map__functions.c
[1.980s] -- Up-to-date: /home/ubuntu-nuc/rc2_ws/install/interface/include/interface/interface/srv/detail/relocalize__type_support.h
[1.980s] -- Up-to-date: /home/ubuntu-nuc/rc2_ws/install/interface/include/interface/interface/srv/detail/refine_map__struct.h
[1.980s] -- Up-to-date: /home/ubuntu-nuc/rc2_ws/install/interface/include/interface/interface/srv/detail/save_poses__functions.c
[1.980s] -- Up-to-date: /home/ubuntu-nuc/rc2_ws/install/interface/include/interface/interface/srv/detail/save_maps__functions.c
[1.980s] -- Up-to-date: /home/ubuntu-nuc/rc2_ws/install/interface/include/interface/interface/srv/detail/refine_map__type_support.h
[1.980s] -- Up-to-date: /home/ubuntu-nuc/rc2_ws/install/interface/include/interface/interface/srv/detail/save_poses__functions.h
[1.981s] -- Up-to-date: /home/ubuntu-nuc/rc2_ws/install/interface/include/interface/interface/srv/detail/relocalize__functions.c
[1.981s] -- Up-to-date: /home/ubuntu-nuc/rc2_ws/install/interface/include/interface/interface/srv/detail/is_valid__functions.h
[1.981s] -- Up-to-date: /home/ubuntu-nuc/rc2_ws/install/interface/share/interface/environment/library_path.sh
[1.981s] -- Installing: /home/ubuntu-nuc/rc2_ws/install/interface/share/interface/environment/library_path.dsv
[1.981s] -- Up-to-date: /home/ubuntu-nuc/rc2_ws/install/interface/lib/libinterface__rosidl_generator_c.so
[1.981s] -- Up-to-date: /home/ubuntu-nuc/rc2_ws/install/interface/include/interface/interface
[1.981s] -- Up-to-date: /home/ubuntu-nuc/rc2_ws/install/interface/include/interface/interface/msg
[1.981s] -- Up-to-date: /home/ubuntu-nuc/rc2_ws/install/interface/include/interface/interface/msg/rosidl_typesupport_fastrtps_c__visibility_control.h
[1.981s] -- Up-to-date: /home/ubuntu-nuc/rc2_ws/install/interface/include/interface/interface/srv
[1.981s] -- Up-to-date: /home/ubuntu-nuc/rc2_ws/install/interface/include/interface/interface/srv/detail
[1.981s] -- Up-to-date: /home/ubuntu-nuc/rc2_ws/install/interface/include/interface/interface/srv/detail/save_maps__rosidl_typesupport_fastrtps_c.h
[1.981s] -- Up-to-date: /home/ubuntu-nuc/rc2_ws/install/interface/include/interface/interface/srv/detail/is_valid__rosidl_typesupport_fastrtps_c.h
[1.981s] -- Up-to-date: /home/ubuntu-nuc/rc2_ws/install/interface/include/interface/interface/srv/detail/save_poses__rosidl_typesupport_fastrtps_c.h
[1.982s] -- Up-to-date: /home/ubuntu-nuc/rc2_ws/install/interface/include/interface/interface/srv/detail/relocalize__rosidl_typesupport_fastrtps_c.h
[1.982s] -- Up-to-date: /home/ubuntu-nuc/rc2_ws/install/interface/include/interface/interface/srv/detail/refine_map__rosidl_typesupport_fastrtps_c.h
[1.982s] -- Up-to-date: /home/ubuntu-nuc/rc2_ws/install/interface/lib/libinterface__rosidl_typesupport_fastrtps_c.so
[1.982s] -- Up-to-date: /home/ubuntu-nuc/rc2_ws/install/interface/include/interface/interface
[1.982s] -- Up-to-date: /home/ubuntu-nuc/rc2_ws/install/interface/include/interface/interface/msg
[1.982s] -- Up-to-date: /home/ubuntu-nuc/rc2_ws/install/interface/include/interface/interface/msg/rosidl_generator_cpp__visibility_control.hpp
[1.982s] -- Up-to-date: /home/ubuntu-nuc/rc2_ws/install/interface/include/interface/interface/srv
[1.982s] -- Up-to-date: /home/ubuntu-nuc/rc2_ws/install/interface/include/interface/interface/srv/is_valid.hpp
[1.982s] -- Up-to-date: /home/ubuntu-nuc/rc2_ws/install/interface/include/interface/interface/srv/save_poses.hpp
[1.982s] -- Up-to-date: /home/ubuntu-nuc/rc2_ws/install/interface/include/interface/interface/srv/refine_map.hpp
[1.982s] -- Up-to-date: /home/ubuntu-nuc/rc2_ws/install/interface/include/interface/interface/srv/relocalize.hpp
[1.982s] -- Up-to-date: /home/ubuntu-nuc/rc2_ws/install/interface/include/interface/interface/srv/detail
[1.983s] -- Up-to-date: /home/ubuntu-nuc/rc2_ws/install/interface/include/interface/interface/srv/detail/relocalize__traits.hpp
[1.983s] -- Up-to-date: /home/ubuntu-nuc/rc2_ws/install/interface/include/interface/interface/srv/detail/relocalize__type_support.hpp
[1.983s] -- Up-to-date: /home/ubuntu-nuc/rc2_ws/install/interface/include/interface/interface/srv/detail/save_poses__traits.hpp
[1.983s] -- Up-to-date: /home/ubuntu-nuc/rc2_ws/install/interface/include/interface/interface/srv/detail/relocalize__builder.hpp
[1.983s] -- Up-to-date: /home/ubuntu-nuc/rc2_ws/install/interface/include/interface/interface/srv/detail/save_poses__type_support.hpp
[1.983s] -- Up-to-date: /home/ubuntu-nuc/rc2_ws/install/interface/include/interface/interface/srv/detail/save_maps__type_support.hpp
[1.983s] -- Up-to-date: /home/ubuntu-nuc/rc2_ws/install/interface/include/interface/interface/srv/detail/save_maps__traits.hpp
[1.983s] -- Up-to-date: /home/ubuntu-nuc/rc2_ws/install/interface/include/interface/interface/srv/detail/save_maps__builder.hpp
[1.983s] -- Up-to-date: /home/ubuntu-nuc/rc2_ws/install/interface/include/interface/interface/srv/detail/refine_map__type_support.hpp
[1.983s] -- Up-to-date: /home/ubuntu-nuc/rc2_ws/install/interface/include/interface/interface/srv/detail/refine_map__struct.hpp
[1.983s] -- Up-to-date: /home/ubuntu-nuc/rc2_ws/install/interface/include/interface/interface/srv/detail/is_valid__builder.hpp
[1.983s] -- Up-to-date: /home/ubuntu-nuc/rc2_ws/install/interface/include/interface/interface/srv/detail/save_poses__struct.hpp
[1.983s] -- Up-to-date: /home/ubuntu-nuc/rc2_ws/install/interface/include/interface/interface/srv/detail/relocalize__struct.hpp
[1.983s] -- Up-to-date: /home/ubuntu-nuc/rc2_ws/install/interface/include/interface/interface/srv/detail/refine_map__builder.hpp
[1.983s] -- Up-to-date: /home/ubuntu-nuc/rc2_ws/install/interface/include/interface/interface/srv/detail/is_valid__struct.hpp
[1.984s] -- Up-to-date: /home/ubuntu-nuc/rc2_ws/install/interface/include/interface/interface/srv/detail/is_valid__type_support.hpp
[1.984s] -- Up-to-date: /home/ubuntu-nuc/rc2_ws/install/interface/include/interface/interface/srv/detail/is_valid__traits.hpp
[1.984s] -- Up-to-date: /home/ubuntu-nuc/rc2_ws/install/interface/include/interface/interface/srv/detail/refine_map__traits.hpp
[1.984s] -- Up-to-date: /home/ubuntu-nuc/rc2_ws/install/interface/include/interface/interface/srv/detail/save_poses__builder.hpp
[1.984s] -- Up-to-date: /home/ubuntu-nuc/rc2_ws/install/interface/include/interface/interface/srv/detail/save_maps__struct.hpp
[1.984s] -- Up-to-date: /home/ubuntu-nuc/rc2_ws/install/interface/include/interface/interface/srv/save_maps.hpp
[1.984s] -- Up-to-date: /home/ubuntu-nuc/rc2_ws/install/interface/include/interface/interface
[1.984s] -- Up-to-date: /home/ubuntu-nuc/rc2_ws/install/interface/include/interface/interface/msg
[1.984s] -- Up-to-date: /home/ubuntu-nuc/rc2_ws/install/interface/include/interface/interface/msg/rosidl_typesupport_fastrtps_cpp__visibility_control.h
[1.984s] -- Up-to-date: /home/ubuntu-nuc/rc2_ws/install/interface/include/interface/interface/srv
[1.984s] -- Up-to-date: /home/ubuntu-nuc/rc2_ws/install/interface/include/interface/interface/srv/detail
[1.984s] -- Up-to-date: /home/ubuntu-nuc/rc2_ws/install/interface/include/interface/interface/srv/detail/save_maps__rosidl_typesupport_fastrtps_cpp.hpp
[1.984s] -- Up-to-date: /home/ubuntu-nuc/rc2_ws/install/interface/include/interface/interface/srv/detail/dds_fastrtps
[1.984s] -- Up-to-date: /home/ubuntu-nuc/rc2_ws/install/interface/include/interface/interface/srv/detail/relocalize__rosidl_typesupport_fastrtps_cpp.hpp
[1.984s] -- Up-to-date: /home/ubuntu-nuc/rc2_ws/install/interface/include/interface/interface/srv/detail/refine_map__rosidl_typesupport_fastrtps_cpp.hpp
[1.985s] -- Up-to-date: /home/ubuntu-nuc/rc2_ws/install/interface/include/interface/interface/srv/detail/is_valid__rosidl_typesupport_fastrtps_cpp.hpp
[1.985s] -- Up-to-date: /home/ubuntu-nuc/rc2_ws/install/interface/include/interface/interface/srv/detail/save_poses__rosidl_typesupport_fastrtps_cpp.hpp
[1.985s] -- Up-to-date: /home/ubuntu-nuc/rc2_ws/install/interface/lib/libinterface__rosidl_typesupport_fastrtps_cpp.so
[1.985s] -- Up-to-date: /home/ubuntu-nuc/rc2_ws/install/interface/include/interface/interface
[1.985s] -- Up-to-date: /home/ubuntu-nuc/rc2_ws/install/interface/include/interface/interface/msg
[1.985s] -- Up-to-date: /home/ubuntu-nuc/rc2_ws/install/interface/include/interface/interface/msg/rosidl_typesupport_introspection_c__visibility_control.h
[1.985s] -- Up-to-date: /home/ubuntu-nuc/rc2_ws/install/interface/include/interface/interface/srv
[1.985s] -- Up-to-date: /home/ubuntu-nuc/rc2_ws/install/interface/include/interface/interface/srv/detail
[1.985s] -- Up-to-date: /home/ubuntu-nuc/rc2_ws/install/interface/include/interface/interface/srv/detail/save_maps__type_support.c
[1.985s] -- Up-to-date: /home/ubuntu-nuc/rc2_ws/install/interface/include/interface/interface/srv/detail/save_poses__type_support.c
[1.985s] -- Up-to-date: /home/ubuntu-nuc/rc2_ws/install/interface/include/interface/interface/srv/detail/save_poses__rosidl_typesupport_introspection_c.h
[1.985s] -- Up-to-date: /home/ubuntu-nuc/rc2_ws/install/interface/include/interface/interface/srv/detail/relocalize__rosidl_typesupport_introspection_c.h
[1.985s] -- Up-to-date: /home/ubuntu-nuc/rc2_ws/install/interface/include/interface/interface/srv/detail/relocalize__type_support.c
[1.985s] -- Up-to-date: /home/ubuntu-nuc/rc2_ws/install/interface/include/interface/interface/srv/detail/refine_map__rosidl_typesupport_introspection_c.h
[1.986s] -- Up-to-date: /home/ubuntu-nuc/rc2_ws/install/interface/include/interface/interface/srv/detail/refine_map__type_support.c
[1.986s] -- Up-to-date: /home/ubuntu-nuc/rc2_ws/install/interface/include/interface/interface/srv/detail/is_valid__rosidl_typesupport_introspection_c.h
[1.986s] -- Up-to-date: /home/ubuntu-nuc/rc2_ws/install/interface/include/interface/interface/srv/detail/save_maps__rosidl_typesupport_introspection_c.h
[1.986s] -- Up-to-date: /home/ubuntu-nuc/rc2_ws/install/interface/include/interface/interface/srv/detail/is_valid__type_support.c
[1.986s] -- Up-to-date: /home/ubuntu-nuc/rc2_ws/install/interface/lib/libinterface__rosidl_typesupport_introspection_c.so
[1.986s] -- Up-to-date: /home/ubuntu-nuc/rc2_ws/install/interface/lib/libinterface__rosidl_typesupport_c.so
[1.986s] -- Up-to-date: /home/ubuntu-nuc/rc2_ws/install/interface/include/interface/interface
[1.986s] -- Up-to-date: /home/ubuntu-nuc/rc2_ws/install/interface/include/interface/interface/srv
[1.986s] -- Up-to-date: /home/ubuntu-nuc/rc2_ws/install/interface/include/interface/interface/srv/detail
[1.986s] -- Up-to-date: /home/ubuntu-nuc/rc2_ws/install/interface/include/interface/interface/srv/detail/save_poses__rosidl_typesupport_introspection_cpp.hpp
[1.986s] -- Up-to-date: /home/ubuntu-nuc/rc2_ws/install/interface/include/interface/interface/srv/detail/refine_map__type_support.cpp
[1.986s] -- Up-to-date: /home/ubuntu-nuc/rc2_ws/install/interface/include/interface/interface/srv/detail/save_maps__rosidl_typesupport_introspection_cpp.hpp
[1.986s] -- Up-to-date: /home/ubuntu-nuc/rc2_ws/install/interface/include/interface/interface/srv/detail/relocalize__type_support.cpp
[1.986s] -- Up-to-date: /home/ubuntu-nuc/rc2_ws/install/interface/include/interface/interface/srv/detail/save_poses__type_support.cpp
[1.986s] -- Up-to-date: /home/ubuntu-nuc/rc2_ws/install/interface/include/interface/interface/srv/detail/refine_map__rosidl_typesupport_introspection_cpp.hpp
[1.986s] -- Up-to-date: /home/ubuntu-nuc/rc2_ws/install/interface/include/interface/interface/srv/detail/is_valid__type_support.cpp
[1.987s] -- Up-to-date: /home/ubuntu-nuc/rc2_ws/install/interface/include/interface/interface/srv/detail/relocalize__rosidl_typesupport_introspection_cpp.hpp
[1.987s] -- Up-to-date: /home/ubuntu-nuc/rc2_ws/install/interface/include/interface/interface/srv/detail/is_valid__rosidl_typesupport_introspection_cpp.hpp
[1.987s] -- Up-to-date: /home/ubuntu-nuc/rc2_ws/install/interface/include/interface/interface/srv/detail/save_maps__type_support.cpp
[1.987s] -- Up-to-date: /home/ubuntu-nuc/rc2_ws/install/interface/lib/libinterface__rosidl_typesupport_introspection_cpp.so
[1.987s] -- Up-to-date: /home/ubuntu-nuc/rc2_ws/install/interface/lib/libinterface__rosidl_typesupport_cpp.so
[1.987s] -- Up-to-date: /home/ubuntu-nuc/rc2_ws/install/interface/share/interface/environment/pythonpath.sh
[1.987s] -- Installing: /home/ubuntu-nuc/rc2_ws/install/interface/share/interface/environment/pythonpath.dsv
[1.987s] -- Up-to-date: /home/ubuntu-nuc/rc2_ws/install/interface/local/lib/python3.10/dist-packages/interface-0.0.0-py3.10.egg-info
[1.987s] -- Installing: /home/ubuntu-nuc/rc2_ws/install/interface/local/lib/python3.10/dist-packages/interface-0.0.0-py3.10.egg-info/dependency_links.txt
[1.987s] -- Installing: /home/ubuntu-nuc/rc2_ws/install/interface/local/lib/python3.10/dist-packages/interface-0.0.0-py3.10.egg-info/top_level.txt
[1.987s] -- Installing: /home/ubuntu-nuc/rc2_ws/install/interface/local/lib/python3.10/dist-packages/interface-0.0.0-py3.10.egg-info/PKG-INFO
[1.987s] -- Installing: /home/ubuntu-nuc/rc2_ws/install/interface/local/lib/python3.10/dist-packages/interface-0.0.0-py3.10.egg-info/SOURCES.txt
[1.987s] -- Up-to-date: /home/ubuntu-nuc/rc2_ws/install/interface/local/lib/python3.10/dist-packages/interface
[1.987s] -- Up-to-date: /home/ubuntu-nuc/rc2_ws/install/interface/local/lib/python3.10/dist-packages/interface/interface_s__rosidl_typesupport_c.cpython-310-x86_64-linux-gnu.so
[1.988s] -- Installing: /home/ubuntu-nuc/rc2_ws/install/interface/local/lib/python3.10/dist-packages/interface/__init__.py
[1.988s] -- Up-to-date: /home/ubuntu-nuc/rc2_ws/install/interface/local/lib/python3.10/dist-packages/interface/interface_s__rosidl_typesupport_introspection_c.cpython-310-x86_64-linux-gnu.so
[1.988s] -- Up-to-date: /home/ubuntu-nuc/rc2_ws/install/interface/local/lib/python3.10/dist-packages/interface/_interface_s.ep.rosidl_typesupport_fastrtps_c.c
[1.988s] -- Up-to-date: /home/ubuntu-nuc/rc2_ws/install/interface/local/lib/python3.10/dist-packages/interface/_interface_s.ep.rosidl_typesupport_c.c
[1.988s] -- Up-to-date: /home/ubuntu-nuc/rc2_ws/install/interface/local/lib/python3.10/dist-packages/interface/libinterface__rosidl_generator_py.so
[1.988s] -- Up-to-date: /home/ubuntu-nuc/rc2_ws/install/interface/local/lib/python3.10/dist-packages/interface/interface_s__rosidl_typesupport_fastrtps_c.cpython-310-x86_64-linux-gnu.so
[1.988s] -- Up-to-date: /home/ubuntu-nuc/rc2_ws/install/interface/local/lib/python3.10/dist-packages/interface/_interface_s.ep.rosidl_typesupport_introspection_c.c
[1.988s] -- Up-to-date: /home/ubuntu-nuc/rc2_ws/install/interface/local/lib/python3.10/dist-packages/interface/srv
[1.988s] -- Up-to-date: /home/ubuntu-nuc/rc2_ws/install/interface/local/lib/python3.10/dist-packages/interface/srv/_relocalize.py
[1.988s] -- Up-to-date: /home/ubuntu-nuc/rc2_ws/install/interface/local/lib/python3.10/dist-packages/interface/srv/_is_valid.py
[1.988s] -- Up-to-date: /home/ubuntu-nuc/rc2_ws/install/interface/local/lib/python3.10/dist-packages/interface/srv/_save_poses.py
[1.988s] -- Up-to-date: /home/ubuntu-nuc/rc2_ws/install/interface/local/lib/python3.10/dist-packages/interface/srv/_is_valid_s.c
[1.988s] -- Up-to-date: /home/ubuntu-nuc/rc2_ws/install/interface/local/lib/python3.10/dist-packages/interface/srv/_relocalize_s.c
[1.988s] -- Up-to-date: /home/ubuntu-nuc/rc2_ws/install/interface/local/lib/python3.10/dist-packages/interface/srv/__init__.py
[1.988s] -- Up-to-date: /home/ubuntu-nuc/rc2_ws/install/interface/local/lib/python3.10/dist-packages/interface/srv/_refine_map_s.c
[1.989s] -- Up-to-date: /home/ubuntu-nuc/rc2_ws/install/interface/local/lib/python3.10/dist-packages/interface/srv/_save_poses_s.c
[1.989s] -- Up-to-date: /home/ubuntu-nuc/rc2_ws/install/interface/local/lib/python3.10/dist-packages/interface/srv/_save_maps.py
[1.989s] -- Up-to-date: /home/ubuntu-nuc/rc2_ws/install/interface/local/lib/python3.10/dist-packages/interface/srv/_save_maps_s.c
[1.989s] -- Up-to-date: /home/ubuntu-nuc/rc2_ws/install/interface/local/lib/python3.10/dist-packages/interface/srv/_refine_map.py
[2.021s] Listing '/home/ubuntu-nuc/rc2_ws/install/interface/local/lib/python3.10/dist-packages/interface'...
[2.021s] Compiling '/home/ubuntu-nuc/rc2_ws/install/interface/local/lib/python3.10/dist-packages/interface/__init__.py'...
[2.021s] Listing '/home/ubuntu-nuc/rc2_ws/install/interface/local/lib/python3.10/dist-packages/interface/srv'...
[2.025s] -- Up-to-date: /home/ubuntu-nuc/rc2_ws/install/interface/local/lib/python3.10/dist-packages/interface/interface_s__rosidl_typesupport_fastrtps_c.cpython-310-x86_64-linux-gnu.so
[2.025s] -- Up-to-date: /home/ubuntu-nuc/rc2_ws/install/interface/local/lib/python3.10/dist-packages/interface/interface_s__rosidl_typesupport_introspection_c.cpython-310-x86_64-linux-gnu.so
[2.025s] -- Up-to-date: /home/ubuntu-nuc/rc2_ws/install/interface/local/lib/python3.10/dist-packages/interface/interface_s__rosidl_typesupport_c.cpython-310-x86_64-linux-gnu.so
[2.026s] -- Up-to-date: /home/ubuntu-nuc/rc2_ws/install/interface/lib/libinterface__rosidl_generator_py.so
[2.026s] -- Up-to-date: /home/ubuntu-nuc/rc2_ws/install/interface/share/interface/srv/SaveMaps.idl
[2.026s] -- Up-to-date: /home/ubuntu-nuc/rc2_ws/install/interface/share/interface/srv/Relocalize.idl
[2.026s] -- Up-to-date: /home/ubuntu-nuc/rc2_ws/install/interface/share/interface/srv/IsValid.idl
[2.026s] -- Up-to-date: /home/ubuntu-nuc/rc2_ws/install/interface/share/interface/srv/RefineMap.idl
[2.026s] -- Up-to-date: /home/ubuntu-nuc/rc2_ws/install/interface/share/interface/srv/SavePoses.idl
[2.026s] -- Up-to-date: /home/ubuntu-nuc/rc2_ws/install/interface/share/interface/srv/SaveMaps.srv
[2.026s] -- Up-to-date: /home/ubuntu-nuc/rc2_ws/install/interface/share/interface/srv/SaveMaps_Request.msg
[2.026s] -- Up-to-date: /home/ubuntu-nuc/rc2_ws/install/interface/share/interface/srv/SaveMaps_Response.msg
[2.026s] -- Up-to-date: /home/ubuntu-nuc/rc2_ws/install/interface/share/interface/srv/Relocalize.srv
[2.026s] -- Up-to-date: /home/ubuntu-nuc/rc2_ws/install/interface/share/interface/srv/Relocalize_Request.msg
[2.027s] -- Up-to-date: /home/ubuntu-nuc/rc2_ws/install/interface/share/interface/srv/Relocalize_Response.msg
[2.027s] -- Up-to-date: /home/ubuntu-nuc/rc2_ws/install/interface/share/interface/srv/IsValid.srv
[2.027s] -- Up-to-date: /home/ubuntu-nuc/rc2_ws/install/interface/share/interface/srv/IsValid_Request.msg
[2.027s] -- Up-to-date: /home/ubuntu-nuc/rc2_ws/install/interface/share/interface/srv/IsValid_Response.msg
[2.027s] -- Up-to-date: /home/ubuntu-nuc/rc2_ws/install/interface/share/interface/srv/RefineMap.srv
[2.027s] -- Up-to-date: /home/ubuntu-nuc/rc2_ws/install/interface/share/interface/srv/RefineMap_Request.msg
[2.027s] -- Up-to-date: /home/ubuntu-nuc/rc2_ws/install/interface/share/interface/srv/RefineMap_Response.msg
[2.027s] -- Up-to-date: /home/ubuntu-nuc/rc2_ws/install/interface/share/interface/srv/SavePoses.srv
[2.027s] -- Up-to-date: /home/ubuntu-nuc/rc2_ws/install/interface/share/interface/srv/SavePoses_Request.msg
[2.027s] -- Up-to-date: /home/ubuntu-nuc/rc2_ws/install/interface/share/interface/srv/SavePoses_Response.msg
[2.027s] -- Up-to-date: /home/ubuntu-nuc/rc2_ws/install/interface/share/ament_index/resource_index/package_run_dependencies/interface
[2.027s] -- Up-to-date: /home/ubuntu-nuc/rc2_ws/install/interface/share/ament_index/resource_index/parent_prefix_path/interface
[2.027s] -- Up-to-date: /home/ubuntu-nuc/rc2_ws/install/interface/share/interface/environment/ament_prefix_path.sh
[2.027s] -- Installing: /home/ubuntu-nuc/rc2_ws/install/interface/share/interface/environment/ament_prefix_path.dsv
[2.027s] -- Up-to-date: /home/ubuntu-nuc/rc2_ws/install/interface/share/interface/environment/path.sh
[2.027s] -- Installing: /home/ubuntu-nuc/rc2_ws/install/interface/share/interface/environment/path.dsv
[2.027s] -- Up-to-date: /home/ubuntu-nuc/rc2_ws/install/interface/share/interface/local_setup.bash
[2.027s] -- Up-to-date: /home/ubuntu-nuc/rc2_ws/install/interface/share/interface/local_setup.sh
[2.027s] -- Up-to-date: /home/ubuntu-nuc/rc2_ws/install/interface/share/interface/local_setup.zsh
[2.028s] -- Installing: /home/ubuntu-nuc/rc2_ws/install/interface/share/interface/local_setup.dsv
[2.028s] -- Installing: /home/ubuntu-nuc/rc2_ws/install/interface/share/interface/package.dsv
[2.028s] -- Up-to-date: /home/ubuntu-nuc/rc2_ws/install/interface/share/ament_index/resource_index/packages/interface
[2.028s] -- Up-to-date: /home/ubuntu-nuc/rc2_ws/install/interface/share/interface/cmake/export_interface__rosidl_generator_cExport.cmake
[2.028s] -- Up-to-date: /home/ubuntu-nuc/rc2_ws/install/interface/share/interface/cmake/export_interface__rosidl_generator_cExport-noconfig.cmake
[2.028s] -- Up-to-date: /home/ubuntu-nuc/rc2_ws/install/interface/share/interface/cmake/export_interface__rosidl_typesupport_fastrtps_cExport.cmake
[2.028s] -- Up-to-date: /home/ubuntu-nuc/rc2_ws/install/interface/share/interface/cmake/export_interface__rosidl_typesupport_fastrtps_cExport-noconfig.cmake
[2.028s] -- Up-to-date: /home/ubuntu-nuc/rc2_ws/install/interface/share/interface/cmake/export_interface__rosidl_generator_cppExport.cmake
[2.028s] -- Up-to-date: /home/ubuntu-nuc/rc2_ws/install/interface/share/interface/cmake/export_interface__rosidl_typesupport_fastrtps_cppExport.cmake
[2.028s] -- Up-to-date: /home/ubuntu-nuc/rc2_ws/install/interface/share/interface/cmake/export_interface__rosidl_typesupport_fastrtps_cppExport-noconfig.cmake
[2.028s] -- Up-to-date: /home/ubuntu-nuc/rc2_ws/install/interface/share/interface/cmake/interface__rosidl_typesupport_introspection_cExport.cmake
[2.028s] -- Up-to-date: /home/ubuntu-nuc/rc2_ws/install/interface/share/interface/cmake/interface__rosidl_typesupport_introspection_cExport-noconfig.cmake
[2.028s] -- Up-to-date: /home/ubuntu-nuc/rc2_ws/install/interface/share/interface/cmake/interface__rosidl_typesupport_cExport.cmake
[2.028s] -- Up-to-date: /home/ubuntu-nuc/rc2_ws/install/interface/share/interface/cmake/interface__rosidl_typesupport_cExport-noconfig.cmake
[2.028s] -- Up-to-date: /home/ubuntu-nuc/rc2_ws/install/interface/share/interface/cmake/interface__rosidl_typesupport_introspection_cppExport.cmake
[2.028s] -- Up-to-date: /home/ubuntu-nuc/rc2_ws/install/interface/share/interface/cmake/interface__rosidl_typesupport_introspection_cppExport-noconfig.cmake
[2.028s] -- Up-to-date: /home/ubuntu-nuc/rc2_ws/install/interface/share/interface/cmake/interface__rosidl_typesupport_cppExport.cmake
[2.028s] -- Up-to-date: /home/ubuntu-nuc/rc2_ws/install/interface/share/interface/cmake/interface__rosidl_typesupport_cppExport-noconfig.cmake
[2.029s] -- Up-to-date: /home/ubuntu-nuc/rc2_ws/install/interface/share/interface/cmake/export_interface__rosidl_generator_pyExport.cmake
[2.029s] -- Up-to-date: /home/ubuntu-nuc/rc2_ws/install/interface/share/interface/cmake/export_interface__rosidl_generator_pyExport-noconfig.cmake
[2.029s] -- Up-to-date: /home/ubuntu-nuc/rc2_ws/install/interface/share/interface/cmake/rosidl_cmake-extras.cmake
[2.029s] -- Up-to-date: /home/ubuntu-nuc/rc2_ws/install/interface/share/interface/cmake/ament_cmake_export_dependencies-extras.cmake
[2.029s] -- Up-to-date: /home/ubuntu-nuc/rc2_ws/install/interface/share/interface/cmake/ament_cmake_export_include_directories-extras.cmake
[2.029s] -- Up-to-date: /home/ubuntu-nuc/rc2_ws/install/interface/share/interface/cmake/ament_cmake_export_libraries-extras.cmake
[2.029s] -- Up-to-date: /home/ubuntu-nuc/rc2_ws/install/interface/share/interface/cmake/ament_cmake_export_targets-extras.cmake
[2.029s] -- Up-to-date: /home/ubuntu-nuc/rc2_ws/install/interface/share/interface/cmake/rosidl_cmake_export_typesupport_targets-extras.cmake
[2.029s] -- Up-to-date: /home/ubuntu-nuc/rc2_ws/install/interface/share/interface/cmake/rosidl_cmake_export_typesupport_libraries-extras.cmake
[2.029s] -- Up-to-date: /home/ubuntu-nuc/rc2_ws/install/interface/share/interface/cmake/interfaceConfig.cmake
[2.029s] -- Up-to-date: /home/ubuntu-nuc/rc2_ws/install/interface/share/interface/cmake/interfaceConfig-version.cmake
[2.029s] -- Up-to-date: /home/ubuntu-nuc/rc2_ws/install/interface/share/interface/package.xml
[2.031s] Invoked command in '/home/ubuntu-nuc/rc2_ws/build/interface' returned '0': CMAKE_PREFIX_PATH=/home/ubuntu-nuc/rc2_ws/install/pgo:/home/ubuntu-nuc/rc2_ws/install/meiling_detect_debug:/home/ubuntu-nuc/rc2_ws/install/meiling_detect:/opt/ros/humble:/home/ubuntu-nuc/rc2_ws/install/meiling_control:/home/ubuntu-nuc/rc2_ws/install/localizer:/home/ubuntu-nuc/rc2_ws/install/fastlio2:/home/ubuntu-nuc/rc2_ws/install/livox_ros_driver2:/home/ubuntu-nuc/rc2_ws/install/hba:/home/ubuntu-nuc/rc2_ws/install/interface:/home/ubuntu-nuc/rc2_ws/install/auto_aim_interfaces:/home/ubuntu-nuc/rc_ws/install/fast_lio:/home/ubuntu-nuc/rc_ws/install/livox_ros_driver2 /usr/local/bin/cmake --install /home/ubuntu-nuc/rc2_ws/build/interface
