[0mCMake Deprecation Warning at CMakeLists.txt:1 (cmake_minimum_required):
  Compatibility with CMake < 3.10 will be removed from a future version of
  CMake.

  Update the VERSION argument <min> value.  Or, use the <min>...<max> syntax
  to tell CMake that the project requires at least <min> but has been updated
  to work with policies introduced by <max> or earlier.

[0m
-- Found ament_cmake: 1.3.12 (/opt/ros/humble/share/ament_cmake/cmake)
-- Found rclcpp: 16.0.14 (/opt/ros/humble/share/rclcpp/cmake)
-- Found rosidl_generator_c: 3.1.7 (/opt/ros/humble/share/rosidl_generator_c/cmake)
-- Found rosidl_adapter: 3.1.7 (/opt/ros/humble/share/rosidl_adapter/cmake)
-- Found rosidl_generator_cpp: 3.1.8 (/opt/ros/humble/share/rosidl_generator_cpp/cmake)
-- Using all available rosidl_typesupport_c: rosidl_typesupport_fastrtps_c;rosidl_typesupport_introspection_c
-- Using all available rosidl_typesupport_cpp: rosidl_typesupport_fastrtps_cpp;rosidl_typesupport_introspection_cpp
-- Found rmw_implementation_cmake: 6.1.2 (/opt/ros/humble/share/rmw_implementation_cmake/cmake)
-- Found rmw_fastrtps_cpp: 6.2.8 (/opt/ros/humble/share/rmw_fastrtps_cpp/cmake)
-- Using RMW implementation 'rmw_fastrtps_cpp' as default
-- Found auto_aim_interfaces: 0.0.1 (/home/ubuntu-nuc/rc2_ws/install/auto_aim_interfaces/share/auto_aim_interfaces/cmake)
-- Configuring done (0.5s)
-- Generating done (0.0s)
-- Build files have been written to: /home/ubuntu-nuc/rc2_ws/build/meiling_control
[ 33%] [32mBuilding CXX object CMakeFiles/meiling_node.dir/src/meiling_node.cpp.o[0m
[ 66%] [32mBuilding CXX object CMakeFiles/meiling_node.dir/src/luoji.cpp.o[0m
[01m[K/home/ubuntu-nuc/rc2_ws/src/meiling_control/src/meiling_node.cpp:[m[K In constructor ‘[01m[KSUM::SUM()[m[K’:
[01m[K/home/ubuntu-nuc/rc2_ws/src/meiling_control/src/meiling_node.cpp:46:41:[m[K [01;31m[Kerror: [m[Kno matching function for call to ‘[01m[Kgez::gez(float&, float&, int&, std::tuple<float, float>&)[m[K’
   46 |             ff.push_back(gez(c_x,c_y,t,h[01;31m[K)[m[K);
      |                                         [01;31m[K^[m[K
In file included from [01m[K/home/ubuntu-nuc/rc2_ws/src/meiling_control/src/meiling_node.cpp:1[m[K:
[01m[K/home/ubuntu-nuc/rc2_ws/src/meiling_control/include/meiling_control/luoji.h:33:9:[m[K [01;36m[Knote: [m[Kcandidate: ‘[01m[Kgez::gez(float, float, int, std::vector<std::vector<int> >)[m[K’
   33 |         [01;36m[Kgez[m[K(float x,float y,int t,vector<vector<int>> h);
      |         [01;36m[K^~~[m[K
[01m[K/home/ubuntu-nuc/rc2_ws/src/meiling_control/include/meiling_control/luoji.h:33:55:[m[K [01;36m[Knote: [m[K  no known conversion for argument 4 from ‘[01m[Kstd::tuple<float, float>[m[K’ to ‘[01m[Kstd::vector<std::vector<int> >[m[K’
   33 |         gez(float x,float y,int t,[01;36m[Kvector<vector<int>> h[m[K);
      |                                   [01;36m[K~~~~~~~~~~~~~~~~~~~~^[m[K
[01m[K/home/ubuntu-nuc/rc2_ws/src/meiling_control/include/meiling_control/luoji.h:32:9:[m[K [01;36m[Knote: [m[Kcandidate: ‘[01m[Kgez::gez()[m[K’
   32 |         [01;36m[Kgez[m[K();
      |         [01;36m[K^~~[m[K
[01m[K/home/ubuntu-nuc/rc2_ws/src/meiling_control/include/meiling_control/luoji.h:32:9:[m[K [01;36m[Knote: [m[K  candidate expects 0 arguments, 4 provided
[01m[K/home/ubuntu-nuc/rc2_ws/src/meiling_control/include/meiling_control/luoji.h:30:7:[m[K [01;36m[Knote: [m[Kcandidate: ‘[01m[Kconstexpr gez::gez(const gez&)[m[K’
   30 | class [01;36m[Kgez[m[K{
      |       [01;36m[K^~~[m[K
[01m[K/home/ubuntu-nuc/rc2_ws/src/meiling_control/include/meiling_control/luoji.h:30:7:[m[K [01;36m[Knote: [m[K  candidate expects 1 argument, 4 provided
gmake[2]: *** [CMakeFiles/meiling_node.dir/build.make:79: CMakeFiles/meiling_node.dir/src/meiling_node.cpp.o] Error 1
gmake[1]: *** [CMakeFiles/Makefile2:153: CMakeFiles/meiling_node.dir/all] Error 2
gmake: *** [Makefile:146: all] Error 2
