[0.018s] Invoking command in '/home/ubuntu-nuc/rc2_ws/build/auto_aim_interfaces': /usr/local/bin/cmake --build /home/ubuntu-nuc/rc2_ws/build/auto_aim_interfaces -- -j8 -l8
[0.080s] [0mCMake Deprecation Warning at CMakeLists.txt:1 (cmake_minimum_required):
[0.080s]   Compatibility with CMake < 3.10 will be removed from a future version of
[0.080s]   CMake.
[0.080s] 
[0.080s]   Update the VERSION argument <min> value.  Or, use the <min>...<max> syntax
[0.080s]   to tell CMake that the project requires at least <min> but has been updated
[0.080s]   to work with policies introduced by <max> or earlier.
[0.080s] 
[0.080s] [0m
[0.101s] -- Found ament_cmake: 1.3.12 (/opt/ros/humble/share/ament_cmake/cmake)
[0.298s] -- Found rosidl_default_generators: 1.2.0 (/opt/ros/humble/share/rosidl_default_generators/cmake)
[0.301s] -- Using all available rosidl_typesupport_c: rosidl_typesupport_fastrtps_c;rosidl_typesupport_introspection_c
[0.305s] -- Found rosidl_adapter: 3.1.7 (/opt/ros/humble/share/rosidl_adapter/cmake)
[0.338s] -- Using all available rosidl_typesupport_cpp: rosidl_typesupport_fastrtps_cpp;rosidl_typesupport_introspection_cpp
[0.560s] [31mCMake Error at /opt/ros/humble/share/rosidl_adapter/cmake/rosidl_adapt_interfaces.cmake:59 (message):
[0.560s]   execute_process(/usr/bin/python3 -m rosidl_adapter --package-name
[0.560s]   auto_aim_interfaces --arguments-file
[0.560s]   /home/ubuntu-nuc/rc2_ws/build/auto_aim_interfaces/rosidl_adapter__arguments__auto_aim_interfaces.json
[0.560s]   --output-dir
[0.560s]   /home/ubuntu-nuc/rc2_ws/build/auto_aim_interfaces/rosidl_adapter/auto_aim_interfaces
[0.561s]   --output-file
[0.561s]   /home/ubuntu-nuc/rc2_ws/build/auto_aim_interfaces/rosidl_adapter/auto_aim_interfaces.idls)
[0.561s]   returned error code 1:
[0.561s] 
[0.561s]   Error processing 'int32 N' of 'auto_aim_interfaces/Fas': ''N' is an invalid
[0.561s]   field name.  It should have the pattern
[0.561s]   '^(?!.*__)(?!.*_$)[a-z][a-z0-9_]*$''
[0.561s] 
[0.561s]   Traceback (most recent call last):
[0.561s] 
[0.561s]     File "/usr/lib/python3.10/runpy.py", line 196, in _run_module_as_main
[0.561s]       return _run_code(code, main_globals, None,
[0.561s]     File "/usr/lib/python3.10/runpy.py", line 86, in _run_code
[0.561s]       exec(code, run_globals)
[0.561s]     File "/opt/ros/humble/local/lib/python3.10/dist-packages/rosidl_adapter/__main__.py", line 19, in <module>
[0.562s]       sys.exit(main())
[0.562s]     File "/opt/ros/humble/local/lib/python3.10/dist-packages/rosidl_adapter/main.py", line 53, in main
[0.562s]       abs_idl_file = convert_to_idl(
[0.562s]     File "/opt/ros/humble/local/lib/python3.10/dist-packages/rosidl_adapter/__init__.py", line 19, in convert_to_idl
[0.562s]       return convert_msg_to_idl(
[0.562s]     File "/opt/ros/humble/local/lib/python3.10/dist-packages/rosidl_adapter/msg/__init__.py", line 28, in convert_msg_to_idl
[0.562s]       msg = parse_message_string(package_name, input_file.stem, content)
[0.562s]     File "/opt/ros/humble/local/lib/python3.10/dist-packages/rosidl_adapter/parser.py", line 519, in parse_message_string
[0.562s]       fields.append(Field(
[0.562s]     File "/opt/ros/humble/local/lib/python3.10/dist-packages/rosidl_adapter/parser.py", line 354, in __init__
[0.562s]       raise NameError(
[0.562s] 
[0.562s]   NameError: 'N' is an invalid field name.  It should have the pattern
[0.562s]   '^(?!.*__)(?!.*_$)[a-z][a-z0-9_]*$'
[0.562s] 
[0.562s] Call Stack (most recent call first):
[0.563s]   /opt/ros/humble/share/rosidl_cmake/cmake/rosidl_generate_interfaces.cmake:130 (rosidl_adapt_interfaces)
[0.563s]   CMakeLists.txt:7 (rosidl_generate_interfaces)
[0.563s] 
[0.563s] [0m
[0.563s] -- Configuring incomplete, errors occurred!
[0.566s] gmake: *** [Makefile:1179: cmake_check_build_system] Error 1
[0.589s] Invoked command in '/home/ubuntu-nuc/rc2_ws/build/auto_aim_interfaces' returned '2': /usr/local/bin/cmake --build /home/ubuntu-nuc/rc2_ws/build/auto_aim_interfaces -- -j8 -l8
