[0.014s] Invoking command in '/home/ubuntu-nuc/rc2_ws/build/interface': CMAKE_PREFIX_PATH=${CMAKE_PREFIX_PATH}:/opt/ros/humble /usr/local/bin/cmake /home/ubuntu-nuc/rc2_ws/src/FASTLIO2_ROS2/interface -DROS_EDITION=ROS2 -DDISTRO_ROS=humble -DCMAKE_INSTALL_PREFIX=/home/ubuntu-nuc/rc2_ws/install/interface
[0.020s] [0mCMake Deprecation Warning at CMakeLists.txt:1 (cmake_minimum_required):
[0.020s]   Compatibility with CMake < 3.10 will be removed from a future version of
[0.020s]   CMake.
[0.021s] 
[0.021s]   Update the VERSION argument <min> value.  Or, use the <min>...<max> syntax
[0.021s]   to tell CMake that the project requires at least <min> but has been updated
[0.021s]   to work with policies introduced by <max> or earlier.
[0.022s] 
[0.022s] [0m
[0.070s] -- The C compiler identification is GNU 11.4.0
[0.142s] -- The CXX compiler identification is GNU 11.4.0
[0.155s] -- Detecting C compiler ABI info
[0.212s] -- Detecting C compiler ABI info - done
[0.230s] -- Check for working C compiler: /usr/bin/cc - skipped
[0.230s] -- Detecting C compile features
[0.230s] -- Detecting C compile features - done
[0.241s] -- Detecting CXX compiler ABI info
[0.305s] -- Detecting CXX compiler ABI info - done
[0.325s] -- Check for working CXX compiler: /usr/bin/c++ - skipped
[0.326s] -- Detecting CXX compile features
[0.326s] -- Detecting CXX compile features - done
[0.334s] -- Found ament_cmake: 1.3.12 (/opt/ros/humble/share/ament_cmake/cmake)
[0.509s] -- Found Python3: /usr/bin/python3 (found version "3.10.12") found components: Interpreter
[0.756s] -- Found std_msgs: 4.9.0 (/opt/ros/humble/share/std_msgs/cmake)
[0.857s] -- Found rosidl_generator_c: 3.1.7 (/opt/ros/humble/share/rosidl_generator_c/cmake)
[0.871s] -- Found rosidl_adapter: 3.1.7 (/opt/ros/humble/share/rosidl_adapter/cmake)
[0.898s] -- Found rosidl_generator_cpp: 3.1.8 (/opt/ros/humble/share/rosidl_generator_cpp/cmake)
[0.937s] -- Using all available rosidl_typesupport_c: rosidl_typesupport_fastrtps_c;rosidl_typesupport_introspection_c
[0.988s] -- Using all available rosidl_typesupport_cpp: rosidl_typesupport_fastrtps_cpp;rosidl_typesupport_introspection_cpp
[1.081s] -- Found rosidl_default_generators: 1.2.0 (/opt/ros/humble/share/rosidl_default_generators/cmake)
[2.310s] -- Found ament_cmake_ros: 0.10.0 (/opt/ros/humble/share/ament_cmake_ros/cmake)
[3.762s] -- Using all available rosidl_typesupport_c: rosidl_typesupport_fastrtps_c;rosidl_typesupport_introspection_c
[4.352s] -- Using all available rosidl_typesupport_cpp: rosidl_typesupport_fastrtps_cpp;rosidl_typesupport_introspection_cpp
[4.359s] [33mCMake Warning (dev) at /opt/ros/humble/share/rosidl_generator_py/cmake/rosidl_generator_py_generate_interfaces.cmake:20 (find_package):
[4.359s]   Policy CMP0148 is not set: The FindPythonInterp and FindPythonLibs modules
[4.359s]   are removed.  Run "cmake --help-policy CMP0148" for policy details.  Use
[4.359s]   the cmake_policy command to set the policy and suppress this warning.
[4.359s] 
[4.359s] Call Stack (most recent call first):
[4.359s]   /opt/ros/humble/share/ament_cmake_core/cmake/core/ament_execute_extensions.cmake:48 (include)
[4.360s]   /opt/ros/humble/share/rosidl_cmake/cmake/rosidl_generate_interfaces.cmake:286 (ament_execute_extensions)
[4.360s]   CMakeLists.txt:13 (rosidl_generate_interfaces)
[4.360s] This warning is for project developers.  Use -Wno-dev to suppress it.
[4.360s] [0m
[4.402s] -- Found PythonInterp: /usr/bin/python3 (found suitable version "3.10.12", minimum required is "3.6")
[4.408s] -- Found python_cmake_module: 0.10.0 (/opt/ros/humble/share/python_cmake_module/cmake)
[4.408s] [33mCMake Warning (dev) at /opt/ros/humble/share/python_cmake_module/cmake/Modules/FindPythonExtra.cmake:52 (find_package):
[4.408s]   Policy CMP0148 is not set: The FindPythonInterp and FindPythonLibs modules
[4.408s]   are removed.  Run "cmake --help-policy CMP0148" for policy details.  Use
[4.408s]   the cmake_policy command to set the policy and suppress this warning.
[4.408s] 
[4.408s] Call Stack (most recent call first):
[4.408s]   /opt/ros/humble/share/rosidl_generator_py/cmake/rosidl_generator_py_generate_interfaces.cmake:23 (find_package)
[4.409s]   /opt/ros/humble/share/ament_cmake_core/cmake/core/ament_execute_extensions.cmake:48 (include)
[4.409s]   /opt/ros/humble/share/rosidl_cmake/cmake/rosidl_generate_interfaces.cmake:286 (ament_execute_extensions)
[4.409s]   CMakeLists.txt:13 (rosidl_generate_interfaces)
[4.409s] This warning is for project developers.  Use -Wno-dev to suppress it.
[4.409s] [0m
[4.448s] [33mCMake Warning (dev) at /opt/ros/humble/share/python_cmake_module/cmake/Modules/FindPythonExtra.cmake:140 (find_package):
[4.448s]   Policy CMP0148 is not set: The FindPythonInterp and FindPythonLibs modules
[4.448s]   are removed.  Run "cmake --help-policy CMP0148" for policy details.  Use
[4.448s]   the cmake_policy command to set the policy and suppress this warning.
[4.448s] 
[4.449s] Call Stack (most recent call first):
[4.449s]   /opt/ros/humble/share/rosidl_generator_py/cmake/rosidl_generator_py_generate_interfaces.cmake:23 (find_package)
[4.449s]   /opt/ros/humble/share/ament_cmake_core/cmake/core/ament_execute_extensions.cmake:48 (include)
[4.449s]   /opt/ros/humble/share/rosidl_cmake/cmake/rosidl_generate_interfaces.cmake:286 (ament_execute_extensions)
[4.449s]   CMakeLists.txt:13 (rosidl_generate_interfaces)
[4.449s] This warning is for project developers.  Use -Wno-dev to suppress it.
[4.449s] [0m
[4.469s] -- Found PythonLibs: /usr/lib/x86_64-linux-gnu/libpython3.10.so (found suitable version "3.10.12", minimum required is "3.5")
[4.470s] -- Using PYTHON_EXECUTABLE: /usr/bin/python3
[4.470s] -- Using PYTHON_INCLUDE_DIRS: /usr/include/python3.10
[4.470s] -- Using PYTHON_LIBRARIES: /usr/lib/x86_64-linux-gnu/libpython3.10.so
[4.505s] -- Found PythonExtra: .so
[4.570s] -- Found ament_lint_auto: 0.12.14 (/opt/ros/humble/share/ament_lint_auto/cmake)
[4.592s] -- Added test 'lint_cmake' to check CMake code style
[4.593s] -- Added test 'xmllint' to check XML markup files
[4.597s] -- Configuring done (4.6s)
[4.680s] [33mCMake Warning:
[4.680s]   Manually-specified variables were not used by the project:
[4.681s] 
[4.681s]     DISTRO_ROS
[4.681s]     ROS_EDITION
[4.681s] 
[4.681s] [0m
[4.681s] -- Generating done (0.1s)
[4.703s] -- Build files have been written to: /home/ubuntu-nuc/rc2_ws/build/interface
[4.742s] Invoked command in '/home/ubuntu-nuc/rc2_ws/build/interface' returned '0': CMAKE_PREFIX_PATH=${CMAKE_PREFIX_PATH}:/opt/ros/humble /usr/local/bin/cmake /home/ubuntu-nuc/rc2_ws/src/FASTLIO2_ROS2/interface -DROS_EDITION=ROS2 -DDISTRO_ROS=humble -DCMAKE_INSTALL_PREFIX=/home/ubuntu-nuc/rc2_ws/install/interface
[4.744s] Invoking command in '/home/ubuntu-nuc/rc2_ws/build/interface': CMAKE_PREFIX_PATH=${CMAKE_PREFIX_PATH}:/opt/ros/humble /usr/local/bin/cmake --build /home/ubuntu-nuc/rc2_ws/build/interface -- -j8 -l8
[4.815s] [  1%] [34m[1mGenerating C code for ROS interfaces[0m
[4.816s] [  3%] [34m[1mGenerating C++ code for ROS interfaces[0m
[4.861s] [  3%] Built target ament_cmake_python_copy_interface
[5.798s] running egg_info
[5.802s] creating interface.egg-info
[5.804s] writing interface.egg-info/PKG-INFO
[5.804s] writing dependency_links to interface.egg-info/dependency_links.txt
[5.804s] writing top-level names to interface.egg-info/top_level.txt
[5.804s] writing manifest file 'interface.egg-info/SOURCES.txt'
[5.817s] reading manifest file 'interface.egg-info/SOURCES.txt'
[5.817s] writing manifest file 'interface.egg-info/SOURCES.txt'
[5.929s] [  3%] Built target ament_cmake_python_build_interface_egg
[6.022s] [  3%] Built target interface__cpp
[6.043s] [  4%] [34m[1mGenerating C++ type support dispatch for ROS interfaces[0m
[6.052s] [  6%] [34m[1mGenerating C++ introspection for ROS interfaces[0m
[6.062s] [  7%] [34m[1mGenerating C++ type support for eProsima Fast-RTPS[0m
[7.112s] [  9%] [32mBuilding CXX object CMakeFiles/interface__rosidl_typesupport_introspection_cpp.dir/rosidl_typesupport_introspection_cpp/interface/srv/detail/relocalize__type_support.cpp.o[0m
[7.121s] [ 11%] [32mBuilding CXX object CMakeFiles/interface__rosidl_typesupport_introspection_cpp.dir/rosidl_typesupport_introspection_cpp/interface/srv/detail/save_maps__type_support.cpp.o[0m
[7.126s] [ 12%] [32mBuilding CXX object CMakeFiles/interface__rosidl_typesupport_introspection_cpp.dir/rosidl_typesupport_introspection_cpp/interface/srv/detail/is_valid__type_support.cpp.o[0m
[7.135s] [ 14%] [32mBuilding CXX object CMakeFiles/interface__rosidl_typesupport_introspection_cpp.dir/rosidl_typesupport_introspection_cpp/interface/srv/detail/refine_map__type_support.cpp.o[0m
[7.145s] [ 15%] [32mBuilding CXX object CMakeFiles/interface__rosidl_typesupport_introspection_cpp.dir/rosidl_typesupport_introspection_cpp/interface/srv/detail/save_poses__type_support.cpp.o[0m
[8.021s] [ 17%] [32mBuilding CXX object CMakeFiles/interface__rosidl_typesupport_cpp.dir/rosidl_typesupport_cpp/interface/srv/save_maps__type_support.cpp.o[0m
[8.026s] [ 19%] [32mBuilding CXX object CMakeFiles/interface__rosidl_typesupport_cpp.dir/rosidl_typesupport_cpp/interface/srv/relocalize__type_support.cpp.o[0m
[8.635s] [ 20%] [32mBuilding C object CMakeFiles/interface__rosidl_generator_c.dir/rosidl_generator_c/interface/srv/detail/save_maps__functions.c.o[0m
[8.886s] [ 22%] [32mBuilding C object CMakeFiles/interface__rosidl_generator_c.dir/rosidl_generator_c/interface/srv/detail/relocalize__functions.c.o[0m
[8.893s] [ 23%] [32mBuilding CXX object CMakeFiles/interface__rosidl_typesupport_cpp.dir/rosidl_typesupport_cpp/interface/srv/is_valid__type_support.cpp.o[0m
[8.984s] [ 25%] [32mBuilding C object CMakeFiles/interface__rosidl_generator_c.dir/rosidl_generator_c/interface/srv/detail/is_valid__functions.c.o[0m
[9.003s] [ 26%] [32mBuilding CXX object CMakeFiles/interface__rosidl_typesupport_cpp.dir/rosidl_typesupport_cpp/interface/srv/refine_map__type_support.cpp.o[0m
[9.088s] [ 28%] [32mBuilding C object CMakeFiles/interface__rosidl_generator_c.dir/rosidl_generator_c/interface/srv/detail/refine_map__functions.c.o[0m
[9.175s] [ 30%] [32mBuilding CXX object CMakeFiles/interface__rosidl_typesupport_cpp.dir/rosidl_typesupport_cpp/interface/srv/save_poses__type_support.cpp.o[0m
[9.185s] [ 31%] [32mBuilding C object CMakeFiles/interface__rosidl_generator_c.dir/rosidl_generator_c/interface/srv/detail/save_poses__functions.c.o[0m
[9.186s] [ 33%] [32mBuilding CXX object CMakeFiles/interface__rosidl_typesupport_fastrtps_cpp.dir/rosidl_typesupport_fastrtps_cpp/interface/srv/detail/dds_fastrtps/save_maps__type_support.cpp.o[0m
[9.195s] [ 34%] [32mBuilding CXX object CMakeFiles/interface__rosidl_typesupport_fastrtps_cpp.dir/rosidl_typesupport_fastrtps_cpp/interface/srv/detail/dds_fastrtps/relocalize__type_support.cpp.o[0m
[9.212s] [ 36%] [32mBuilding CXX object CMakeFiles/interface__rosidl_typesupport_fastrtps_cpp.dir/rosidl_typesupport_fastrtps_cpp/interface/srv/detail/dds_fastrtps/is_valid__type_support.cpp.o[0m
[9.258s] [ 38%] [32m[1mLinking CXX shared library libinterface__rosidl_typesupport_introspection_cpp.so[0m
[9.400s] [ 39%] [32m[1mLinking C shared library libinterface__rosidl_generator_c.so[0m
[9.484s] [ 39%] Built target interface__rosidl_generator_c
[9.516s] [ 41%] [34m[1mGenerating C type support for eProsima Fast-RTPS[0m
[9.559s] [ 41%] Built target interface__rosidl_typesupport_introspection_cpp
[9.585s] [ 42%] [34m[1mGenerating C introspection for ROS interfaces[0m
[9.729s] [ 44%] [32mBuilding CXX object CMakeFiles/interface__rosidl_typesupport_fastrtps_cpp.dir/rosidl_typesupport_fastrtps_cpp/interface/srv/detail/dds_fastrtps/refine_map__type_support.cpp.o[0m
[9.913s] [ 46%] [32mBuilding CXX object CMakeFiles/interface__rosidl_typesupport_fastrtps_cpp.dir/rosidl_typesupport_fastrtps_cpp/interface/srv/detail/dds_fastrtps/save_poses__type_support.cpp.o[0m
[10.017s] [ 47%] [32m[1mLinking CXX shared library libinterface__rosidl_typesupport_cpp.so[0m
[10.145s] [ 47%] Built target interface__rosidl_typesupport_cpp
[10.165s] [ 49%] [34m[1mGenerating C type support dispatch for ROS interfaces[0m
[10.814s] [ 50%] [32mBuilding CXX object CMakeFiles/interface__rosidl_typesupport_fastrtps_c.dir/rosidl_typesupport_fastrtps_c/interface/srv/detail/save_maps__type_support_c.cpp.o[0m
[10.820s] [ 52%] [32mBuilding CXX object CMakeFiles/interface__rosidl_typesupport_fastrtps_c.dir/rosidl_typesupport_fastrtps_c/interface/srv/detail/relocalize__type_support_c.cpp.o[0m
[10.852s] [ 53%] [32mBuilding CXX object CMakeFiles/interface__rosidl_typesupport_fastrtps_c.dir/rosidl_typesupport_fastrtps_c/interface/srv/detail/refine_map__type_support_c.cpp.o[0m
[10.854s] [ 55%] [32mBuilding CXX object CMakeFiles/interface__rosidl_typesupport_fastrtps_c.dir/rosidl_typesupport_fastrtps_c/interface/srv/detail/is_valid__type_support_c.cpp.o[0m
[10.943s] [ 57%] [32mBuilding CXX object CMakeFiles/interface__rosidl_typesupport_c.dir/rosidl_typesupport_c/interface/srv/save_maps__type_support.cpp.o[0m
[11.016s] [ 58%] [32mBuilding CXX object CMakeFiles/interface__rosidl_typesupport_c.dir/rosidl_typesupport_c/interface/srv/relocalize__type_support.cpp.o[0m
[11.086s] [ 60%] [32mBuilding CXX object CMakeFiles/interface__rosidl_typesupport_c.dir/rosidl_typesupport_c/interface/srv/is_valid__type_support.cpp.o[0m
[11.148s] [ 61%] [32mBuilding CXX object CMakeFiles/interface__rosidl_typesupport_c.dir/rosidl_typesupport_c/interface/srv/refine_map__type_support.cpp.o[0m
[11.231s] [ 63%] [32mBuilding CXX object CMakeFiles/interface__rosidl_typesupport_c.dir/rosidl_typesupport_c/interface/srv/save_poses__type_support.cpp.o[0m
[11.314s] [ 65%] [32mBuilding CXX object CMakeFiles/interface__rosidl_typesupport_fastrtps_c.dir/rosidl_typesupport_fastrtps_c/interface/srv/detail/save_poses__type_support_c.cpp.o[0m
[11.314s] [ 66%] [32m[1mLinking CXX shared library libinterface__rosidl_typesupport_c.so[0m
[11.431s] [ 69%] [32mBuilding C object CMakeFiles/interface__rosidl_typesupport_introspection_c.dir/rosidl_typesupport_introspection_c/interface/srv/detail/relocalize__type_support.c.o[0m
[11.431s] [ 69%] [32mBuilding C object CMakeFiles/interface__rosidl_typesupport_introspection_c.dir/rosidl_typesupport_introspection_c/interface/srv/detail/save_maps__type_support.c.o[0m
[11.436s] [ 69%] Built target interface__rosidl_typesupport_c
[11.467s] [ 71%] [32mBuilding C object CMakeFiles/interface__rosidl_typesupport_introspection_c.dir/rosidl_typesupport_introspection_c/interface/srv/detail/is_valid__type_support.c.o[0m
[11.487s] [ 73%] [32m[1mLinking CXX shared library libinterface__rosidl_typesupport_fastrtps_cpp.so[0m
[11.509s] [ 74%] [32mBuilding C object CMakeFiles/interface__rosidl_typesupport_introspection_c.dir/rosidl_typesupport_introspection_c/interface/srv/detail/refine_map__type_support.c.o[0m
[11.520s] [ 76%] [32mBuilding C object CMakeFiles/interface__rosidl_typesupport_introspection_c.dir/rosidl_typesupport_introspection_c/interface/srv/detail/save_poses__type_support.c.o[0m
[11.628s] [ 77%] [32m[1mLinking C shared library libinterface__rosidl_typesupport_introspection_c.so[0m
[11.679s] [ 77%] Built target interface__rosidl_typesupport_introspection_c
[11.747s] [ 77%] Built target interface__rosidl_typesupport_fastrtps_cpp
[12.358s] [ 79%] [32m[1mLinking CXX shared library libinterface__rosidl_typesupport_fastrtps_c.so[0m
[12.559s] [ 79%] Built target interface__rosidl_typesupport_fastrtps_c
[12.588s] [ 79%] Built target interface
[12.623s] [ 80%] [34m[1mGenerating Python code for ROS interfaces[0m
[14.581s] [ 80%] Built target interface__py
[14.600s] [ 82%] [32mBuilding C object CMakeFiles/interface__rosidl_generator_py.dir/rosidl_generator_py/interface/srv/_save_maps_s.c.o[0m
[14.600s] [ 84%] [32mBuilding C object CMakeFiles/interface__rosidl_generator_py.dir/rosidl_generator_py/interface/srv/_relocalize_s.c.o[0m
[14.601s] [ 85%] [32mBuilding C object CMakeFiles/interface__rosidl_generator_py.dir/rosidl_generator_py/interface/srv/_is_valid_s.c.o[0m
[14.605s] [ 87%] [32mBuilding C object CMakeFiles/interface__rosidl_generator_py.dir/rosidl_generator_py/interface/srv/_refine_map_s.c.o[0m
[14.608s] [ 88%] [32mBuilding C object CMakeFiles/interface__rosidl_generator_py.dir/rosidl_generator_py/interface/srv/_save_poses_s.c.o[0m
[14.976s] [ 90%] [32m[1mLinking C shared library rosidl_generator_py/interface/libinterface__rosidl_generator_py.so[0m
[15.060s] [ 90%] Built target interface__rosidl_generator_py
[15.096s] [ 92%] [32mBuilding C object CMakeFiles/interface__rosidl_typesupport_fastrtps_c__pyext.dir/rosidl_generator_py/interface/_interface_s.ep.rosidl_typesupport_fastrtps_c.c.o[0m
[15.096s] [ 93%] [32mBuilding C object CMakeFiles/interface__rosidl_typesupport_introspection_c__pyext.dir/rosidl_generator_py/interface/_interface_s.ep.rosidl_typesupport_introspection_c.c.o[0m
[15.098s] [ 95%] [32mBuilding C object CMakeFiles/interface__rosidl_typesupport_c__pyext.dir/rosidl_generator_py/interface/_interface_s.ep.rosidl_typesupport_c.c.o[0m
[15.329s] [ 96%] [32m[1mLinking C shared library rosidl_generator_py/interface/interface_s__rosidl_typesupport_c.cpython-310-x86_64-linux-gnu.so[0m
[15.364s] [ 96%] Built target interface__rosidl_typesupport_c__pyext
[15.452s] [ 98%] [32m[1mLinking C shared library rosidl_generator_py/interface/interface_s__rosidl_typesupport_fastrtps_c.cpython-310-x86_64-linux-gnu.so[0m
[15.557s] [100%] [32m[1mLinking C shared library rosidl_generator_py/interface/interface_s__rosidl_typesupport_introspection_c.cpython-310-x86_64-linux-gnu.so[0m
[15.562s] [100%] Built target interface__rosidl_typesupport_fastrtps_c__pyext
[15.667s] [100%] Built target interface__rosidl_typesupport_introspection_c__pyext
[15.681s] Invoked command in '/home/ubuntu-nuc/rc2_ws/build/interface' returned '0': CMAKE_PREFIX_PATH=${CMAKE_PREFIX_PATH}:/opt/ros/humble /usr/local/bin/cmake --build /home/ubuntu-nuc/rc2_ws/build/interface -- -j8 -l8
[15.688s] Invoking command in '/home/ubuntu-nuc/rc2_ws/build/interface': CMAKE_PREFIX_PATH=${CMAKE_PREFIX_PATH}:/opt/ros/humble /usr/local/bin/cmake --install /home/ubuntu-nuc/rc2_ws/build/interface
[15.700s] -- Install configuration: ""
[15.701s] -- Installing: /home/ubuntu-nuc/rc2_ws/install/interface/share/ament_index/resource_index/rosidl_interfaces/interface
[15.701s] -- Installing: /home/ubuntu-nuc/rc2_ws/install/interface/include/interface/interface
[15.701s] -- Installing: /home/ubuntu-nuc/rc2_ws/install/interface/include/interface/interface/msg
[15.701s] -- Installing: /home/ubuntu-nuc/rc2_ws/install/interface/include/interface/interface/msg/rosidl_generator_c__visibility_control.h
[15.702s] -- Installing: /home/ubuntu-nuc/rc2_ws/install/interface/include/interface/interface/srv
[15.702s] -- Installing: /home/ubuntu-nuc/rc2_ws/install/interface/include/interface/interface/srv/refine_map.h
[15.702s] -- Installing: /home/ubuntu-nuc/rc2_ws/install/interface/include/interface/interface/srv/is_valid.h
[15.702s] -- Installing: /home/ubuntu-nuc/rc2_ws/install/interface/include/interface/interface/srv/save_maps.h
[15.702s] -- Installing: /home/ubuntu-nuc/rc2_ws/install/interface/include/interface/interface/srv/relocalize.h
[15.707s] -- Installing: /home/ubuntu-nuc/rc2_ws/install/interface/include/interface/interface/srv/save_poses.h
[15.707s] -- Installing: /home/ubuntu-nuc/rc2_ws/install/interface/include/interface/interface/srv/detail
[15.707s] -- Installing: /home/ubuntu-nuc/rc2_ws/install/interface/include/interface/interface/srv/detail/save_poses__struct.h
[15.707s] -- Installing: /home/ubuntu-nuc/rc2_ws/install/interface/include/interface/interface/srv/detail/relocalize__struct.h
[15.708s] -- Installing: /home/ubuntu-nuc/rc2_ws/install/interface/include/interface/interface/srv/detail/save_maps__functions.h
[15.708s] -- Installing: /home/ubuntu-nuc/rc2_ws/install/interface/include/interface/interface/srv/detail/save_maps__struct.h
[15.708s] -- Installing: /home/ubuntu-nuc/rc2_ws/install/interface/include/interface/interface/srv/detail/is_valid__functions.c
[15.708s] -- Installing: /home/ubuntu-nuc/rc2_ws/install/interface/include/interface/interface/srv/detail/save_maps__type_support.h
[15.708s] -- Installing: /home/ubuntu-nuc/rc2_ws/install/interface/include/interface/interface/srv/detail/is_valid__struct.h
[15.708s] -- Installing: /home/ubuntu-nuc/rc2_ws/install/interface/include/interface/interface/srv/detail/is_valid__type_support.h
[15.709s] -- Installing: /home/ubuntu-nuc/rc2_ws/install/interface/include/interface/interface/srv/detail/save_poses__type_support.h
[15.709s] -- Installing: /home/ubuntu-nuc/rc2_ws/install/interface/include/interface/interface/srv/detail/refine_map__functions.h
[15.709s] -- Installing: /home/ubuntu-nuc/rc2_ws/install/interface/include/interface/interface/srv/detail/relocalize__functions.h
[15.712s] -- Installing: /home/ubuntu-nuc/rc2_ws/install/interface/include/interface/interface/srv/detail/refine_map__functions.c
[15.712s] -- Installing: /home/ubuntu-nuc/rc2_ws/install/interface/include/interface/interface/srv/detail/relocalize__type_support.h
[15.712s] -- Installing: /home/ubuntu-nuc/rc2_ws/install/interface/include/interface/interface/srv/detail/refine_map__struct.h
[15.713s] -- Installing: /home/ubuntu-nuc/rc2_ws/install/interface/include/interface/interface/srv/detail/save_poses__functions.c
[15.713s] -- Installing: /home/ubuntu-nuc/rc2_ws/install/interface/include/interface/interface/srv/detail/save_maps__functions.c
[15.713s] -- Installing: /home/ubuntu-nuc/rc2_ws/install/interface/include/interface/interface/srv/detail/refine_map__type_support.h
[15.713s] -- Installing: /home/ubuntu-nuc/rc2_ws/install/interface/include/interface/interface/srv/detail/save_poses__functions.h
[15.713s] -- Installing: /home/ubuntu-nuc/rc2_ws/install/interface/include/interface/interface/srv/detail/relocalize__functions.c
[15.714s] -- Installing: /home/ubuntu-nuc/rc2_ws/install/interface/include/interface/interface/srv/detail/is_valid__functions.h
[15.714s] -- Installing: /home/ubuntu-nuc/rc2_ws/install/interface/share/interface/environment/library_path.sh
[15.717s] -- Installing: /home/ubuntu-nuc/rc2_ws/install/interface/share/interface/environment/library_path.dsv
[15.717s] -- Installing: /home/ubuntu-nuc/rc2_ws/install/interface/lib/libinterface__rosidl_generator_c.so
[15.717s] -- Set non-toolchain portion of runtime path of "/home/ubuntu-nuc/rc2_ws/install/interface/lib/libinterface__rosidl_generator_c.so" to ""
[15.718s] -- Up-to-date: /home/ubuntu-nuc/rc2_ws/install/interface/include/interface/interface
[15.718s] -- Up-to-date: /home/ubuntu-nuc/rc2_ws/install/interface/include/interface/interface/msg
[15.718s] -- Installing: /home/ubuntu-nuc/rc2_ws/install/interface/include/interface/interface/msg/rosidl_typesupport_fastrtps_c__visibility_control.h
[15.718s] -- Up-to-date: /home/ubuntu-nuc/rc2_ws/install/interface/include/interface/interface/srv
[15.718s] -- Up-to-date: /home/ubuntu-nuc/rc2_ws/install/interface/include/interface/interface/srv/detail
[15.718s] -- Installing: /home/ubuntu-nuc/rc2_ws/install/interface/include/interface/interface/srv/detail/save_maps__rosidl_typesupport_fastrtps_c.h
[15.718s] -- Installing: /home/ubuntu-nuc/rc2_ws/install/interface/include/interface/interface/srv/detail/is_valid__rosidl_typesupport_fastrtps_c.h
[15.718s] -- Installing: /home/ubuntu-nuc/rc2_ws/install/interface/include/interface/interface/srv/detail/save_poses__rosidl_typesupport_fastrtps_c.h
[15.718s] -- Installing: /home/ubuntu-nuc/rc2_ws/install/interface/include/interface/interface/srv/detail/relocalize__rosidl_typesupport_fastrtps_c.h
[15.719s] -- Installing: /home/ubuntu-nuc/rc2_ws/install/interface/include/interface/interface/srv/detail/refine_map__rosidl_typesupport_fastrtps_c.h
[15.719s] -- Installing: /home/ubuntu-nuc/rc2_ws/install/interface/lib/libinterface__rosidl_typesupport_fastrtps_c.so
[15.721s] -- Set non-toolchain portion of runtime path of "/home/ubuntu-nuc/rc2_ws/install/interface/lib/libinterface__rosidl_typesupport_fastrtps_c.so" to ""
[15.722s] -- Up-to-date: /home/ubuntu-nuc/rc2_ws/install/interface/include/interface/interface
[15.722s] -- Up-to-date: /home/ubuntu-nuc/rc2_ws/install/interface/include/interface/interface/msg
[15.722s] -- Installing: /home/ubuntu-nuc/rc2_ws/install/interface/include/interface/interface/msg/rosidl_generator_cpp__visibility_control.hpp
[15.722s] -- Up-to-date: /home/ubuntu-nuc/rc2_ws/install/interface/include/interface/interface/srv
[15.722s] -- Installing: /home/ubuntu-nuc/rc2_ws/install/interface/include/interface/interface/srv/is_valid.hpp
[15.724s] -- Installing: /home/ubuntu-nuc/rc2_ws/install/interface/include/interface/interface/srv/save_poses.hpp
[15.724s] -- Installing: /home/ubuntu-nuc/rc2_ws/install/interface/include/interface/interface/srv/refine_map.hpp
[15.724s] -- Installing: /home/ubuntu-nuc/rc2_ws/install/interface/include/interface/interface/srv/relocalize.hpp
[15.725s] -- Up-to-date: /home/ubuntu-nuc/rc2_ws/install/interface/include/interface/interface/srv/detail
[15.725s] -- Installing: /home/ubuntu-nuc/rc2_ws/install/interface/include/interface/interface/srv/detail/relocalize__traits.hpp
[15.725s] -- Installing: /home/ubuntu-nuc/rc2_ws/install/interface/include/interface/interface/srv/detail/relocalize__type_support.hpp
[15.725s] -- Installing: /home/ubuntu-nuc/rc2_ws/install/interface/include/interface/interface/srv/detail/save_poses__traits.hpp
[15.725s] -- Installing: /home/ubuntu-nuc/rc2_ws/install/interface/include/interface/interface/srv/detail/relocalize__builder.hpp
[15.725s] -- Installing: /home/ubuntu-nuc/rc2_ws/install/interface/include/interface/interface/srv/detail/save_poses__type_support.hpp
[15.725s] -- Installing: /home/ubuntu-nuc/rc2_ws/install/interface/include/interface/interface/srv/detail/save_maps__type_support.hpp
[15.725s] -- Installing: /home/ubuntu-nuc/rc2_ws/install/interface/include/interface/interface/srv/detail/save_maps__traits.hpp
[15.725s] -- Installing: /home/ubuntu-nuc/rc2_ws/install/interface/include/interface/interface/srv/detail/save_maps__builder.hpp
[15.725s] -- Installing: /home/ubuntu-nuc/rc2_ws/install/interface/include/interface/interface/srv/detail/refine_map__type_support.hpp
[15.726s] -- Installing: /home/ubuntu-nuc/rc2_ws/install/interface/include/interface/interface/srv/detail/refine_map__struct.hpp
[15.726s] -- Installing: /home/ubuntu-nuc/rc2_ws/install/interface/include/interface/interface/srv/detail/is_valid__builder.hpp
[15.727s] -- Installing: /home/ubuntu-nuc/rc2_ws/install/interface/include/interface/interface/srv/detail/save_poses__struct.hpp
[15.727s] -- Installing: /home/ubuntu-nuc/rc2_ws/install/interface/include/interface/interface/srv/detail/relocalize__struct.hpp
[15.728s] -- Installing: /home/ubuntu-nuc/rc2_ws/install/interface/include/interface/interface/srv/detail/refine_map__builder.hpp
[15.728s] -- Installing: /home/ubuntu-nuc/rc2_ws/install/interface/include/interface/interface/srv/detail/is_valid__struct.hpp
[15.728s] -- Installing: /home/ubuntu-nuc/rc2_ws/install/interface/include/interface/interface/srv/detail/is_valid__type_support.hpp
[15.728s] -- Installing: /home/ubuntu-nuc/rc2_ws/install/interface/include/interface/interface/srv/detail/is_valid__traits.hpp
[15.728s] -- Installing: /home/ubuntu-nuc/rc2_ws/install/interface/include/interface/interface/srv/detail/refine_map__traits.hpp
[15.728s] -- Installing: /home/ubuntu-nuc/rc2_ws/install/interface/include/interface/interface/srv/detail/save_poses__builder.hpp
[15.729s] -- Installing: /home/ubuntu-nuc/rc2_ws/install/interface/include/interface/interface/srv/detail/save_maps__struct.hpp
[15.729s] -- Installing: /home/ubuntu-nuc/rc2_ws/install/interface/include/interface/interface/srv/save_maps.hpp
[15.729s] -- Up-to-date: /home/ubuntu-nuc/rc2_ws/install/interface/include/interface/interface
[15.729s] -- Up-to-date: /home/ubuntu-nuc/rc2_ws/install/interface/include/interface/interface/msg
[15.729s] -- Installing: /home/ubuntu-nuc/rc2_ws/install/interface/include/interface/interface/msg/rosidl_typesupport_fastrtps_cpp__visibility_control.h
[15.730s] -- Up-to-date: /home/ubuntu-nuc/rc2_ws/install/interface/include/interface/interface/srv
[15.730s] -- Up-to-date: /home/ubuntu-nuc/rc2_ws/install/interface/include/interface/interface/srv/detail
[15.730s] -- Installing: /home/ubuntu-nuc/rc2_ws/install/interface/include/interface/interface/srv/detail/save_maps__rosidl_typesupport_fastrtps_cpp.hpp
[15.730s] -- Installing: /home/ubuntu-nuc/rc2_ws/install/interface/include/interface/interface/srv/detail/dds_fastrtps
[15.731s] -- Installing: /home/ubuntu-nuc/rc2_ws/install/interface/include/interface/interface/srv/detail/relocalize__rosidl_typesupport_fastrtps_cpp.hpp
[15.731s] -- Installing: /home/ubuntu-nuc/rc2_ws/install/interface/include/interface/interface/srv/detail/refine_map__rosidl_typesupport_fastrtps_cpp.hpp
[15.731s] -- Installing: /home/ubuntu-nuc/rc2_ws/install/interface/include/interface/interface/srv/detail/is_valid__rosidl_typesupport_fastrtps_cpp.hpp
[15.733s] -- Installing: /home/ubuntu-nuc/rc2_ws/install/interface/include/interface/interface/srv/detail/save_poses__rosidl_typesupport_fastrtps_cpp.hpp
[15.733s] -- Installing: /home/ubuntu-nuc/rc2_ws/install/interface/lib/libinterface__rosidl_typesupport_fastrtps_cpp.so
[15.735s] -- Set non-toolchain portion of runtime path of "/home/ubuntu-nuc/rc2_ws/install/interface/lib/libinterface__rosidl_typesupport_fastrtps_cpp.so" to ""
[15.735s] -- Up-to-date: /home/ubuntu-nuc/rc2_ws/install/interface/include/interface/interface
[15.735s] -- Up-to-date: /home/ubuntu-nuc/rc2_ws/install/interface/include/interface/interface/msg
[15.735s] -- Installing: /home/ubuntu-nuc/rc2_ws/install/interface/include/interface/interface/msg/rosidl_typesupport_introspection_c__visibility_control.h
[15.735s] -- Up-to-date: /home/ubuntu-nuc/rc2_ws/install/interface/include/interface/interface/srv
[15.735s] -- Up-to-date: /home/ubuntu-nuc/rc2_ws/install/interface/include/interface/interface/srv/detail
[15.735s] -- Installing: /home/ubuntu-nuc/rc2_ws/install/interface/include/interface/interface/srv/detail/save_maps__type_support.c
[15.736s] -- Installing: /home/ubuntu-nuc/rc2_ws/install/interface/include/interface/interface/srv/detail/save_poses__type_support.c
[15.738s] -- Installing: /home/ubuntu-nuc/rc2_ws/install/interface/include/interface/interface/srv/detail/save_poses__rosidl_typesupport_introspection_c.h
[15.738s] -- Installing: /home/ubuntu-nuc/rc2_ws/install/interface/include/interface/interface/srv/detail/relocalize__rosidl_typesupport_introspection_c.h
[15.738s] -- Installing: /home/ubuntu-nuc/rc2_ws/install/interface/include/interface/interface/srv/detail/relocalize__type_support.c
[15.739s] -- Installing: /home/ubuntu-nuc/rc2_ws/install/interface/include/interface/interface/srv/detail/refine_map__rosidl_typesupport_introspection_c.h
[15.739s] -- Installing: /home/ubuntu-nuc/rc2_ws/install/interface/include/interface/interface/srv/detail/refine_map__type_support.c
[15.739s] -- Installing: /home/ubuntu-nuc/rc2_ws/install/interface/include/interface/interface/srv/detail/is_valid__rosidl_typesupport_introspection_c.h
[15.739s] -- Installing: /home/ubuntu-nuc/rc2_ws/install/interface/include/interface/interface/srv/detail/save_maps__rosidl_typesupport_introspection_c.h
[15.739s] -- Installing: /home/ubuntu-nuc/rc2_ws/install/interface/include/interface/interface/srv/detail/is_valid__type_support.c
[15.739s] -- Installing: /home/ubuntu-nuc/rc2_ws/install/interface/lib/libinterface__rosidl_typesupport_introspection_c.so
[15.740s] -- Set non-toolchain portion of runtime path of "/home/ubuntu-nuc/rc2_ws/install/interface/lib/libinterface__rosidl_typesupport_introspection_c.so" to ""
[15.740s] -- Installing: /home/ubuntu-nuc/rc2_ws/install/interface/lib/libinterface__rosidl_typesupport_c.so
[15.748s] -- Set non-toolchain portion of runtime path of "/home/ubuntu-nuc/rc2_ws/install/interface/lib/libinterface__rosidl_typesupport_c.so" to ""
[15.748s] -- Up-to-date: /home/ubuntu-nuc/rc2_ws/install/interface/include/interface/interface
[15.749s] -- Up-to-date: /home/ubuntu-nuc/rc2_ws/install/interface/include/interface/interface/srv
[15.749s] -- Up-to-date: /home/ubuntu-nuc/rc2_ws/install/interface/include/interface/interface/srv/detail
[15.749s] -- Installing: /home/ubuntu-nuc/rc2_ws/install/interface/include/interface/interface/srv/detail/save_poses__rosidl_typesupport_introspection_cpp.hpp
[15.749s] -- Installing: /home/ubuntu-nuc/rc2_ws/install/interface/include/interface/interface/srv/detail/refine_map__type_support.cpp
[15.749s] -- Installing: /home/ubuntu-nuc/rc2_ws/install/interface/include/interface/interface/srv/detail/save_maps__rosidl_typesupport_introspection_cpp.hpp
[15.749s] -- Installing: /home/ubuntu-nuc/rc2_ws/install/interface/include/interface/interface/srv/detail/relocalize__type_support.cpp
[15.749s] -- Installing: /home/ubuntu-nuc/rc2_ws/install/interface/include/interface/interface/srv/detail/save_poses__type_support.cpp
[15.749s] -- Installing: /home/ubuntu-nuc/rc2_ws/install/interface/include/interface/interface/srv/detail/refine_map__rosidl_typesupport_introspection_cpp.hpp
[15.749s] -- Installing: /home/ubuntu-nuc/rc2_ws/install/interface/include/interface/interface/srv/detail/is_valid__type_support.cpp
[15.750s] -- Installing: /home/ubuntu-nuc/rc2_ws/install/interface/include/interface/interface/srv/detail/relocalize__rosidl_typesupport_introspection_cpp.hpp
[15.750s] -- Installing: /home/ubuntu-nuc/rc2_ws/install/interface/include/interface/interface/srv/detail/is_valid__rosidl_typesupport_introspection_cpp.hpp
[15.750s] -- Installing: /home/ubuntu-nuc/rc2_ws/install/interface/include/interface/interface/srv/detail/save_maps__type_support.cpp
[15.750s] -- Installing: /home/ubuntu-nuc/rc2_ws/install/interface/lib/libinterface__rosidl_typesupport_introspection_cpp.so
[15.750s] -- Set non-toolchain portion of runtime path of "/home/ubuntu-nuc/rc2_ws/install/interface/lib/libinterface__rosidl_typesupport_introspection_cpp.so" to ""
[15.750s] -- Installing: /home/ubuntu-nuc/rc2_ws/install/interface/lib/libinterface__rosidl_typesupport_cpp.so
[15.750s] -- Set non-toolchain portion of runtime path of "/home/ubuntu-nuc/rc2_ws/install/interface/lib/libinterface__rosidl_typesupport_cpp.so" to ""
[15.750s] -- Installing: /home/ubuntu-nuc/rc2_ws/install/interface/share/interface/environment/pythonpath.sh
[15.750s] -- Installing: /home/ubuntu-nuc/rc2_ws/install/interface/share/interface/environment/pythonpath.dsv
[15.751s] -- Installing: /home/ubuntu-nuc/rc2_ws/install/interface/local/lib/python3.10/dist-packages/interface-0.0.0-py3.10.egg-info
[15.751s] -- Installing: /home/ubuntu-nuc/rc2_ws/install/interface/local/lib/python3.10/dist-packages/interface-0.0.0-py3.10.egg-info/dependency_links.txt
[15.754s] -- Installing: /home/ubuntu-nuc/rc2_ws/install/interface/local/lib/python3.10/dist-packages/interface-0.0.0-py3.10.egg-info/top_level.txt
[15.755s] -- Installing: /home/ubuntu-nuc/rc2_ws/install/interface/local/lib/python3.10/dist-packages/interface-0.0.0-py3.10.egg-info/PKG-INFO
[15.755s] -- Installing: /home/ubuntu-nuc/rc2_ws/install/interface/local/lib/python3.10/dist-packages/interface-0.0.0-py3.10.egg-info/SOURCES.txt
[15.755s] -- Installing: /home/ubuntu-nuc/rc2_ws/install/interface/local/lib/python3.10/dist-packages/interface
[15.755s] -- Installing: /home/ubuntu-nuc/rc2_ws/install/interface/local/lib/python3.10/dist-packages/interface/interface_s__rosidl_typesupport_c.cpython-310-x86_64-linux-gnu.so
[15.755s] -- Installing: /home/ubuntu-nuc/rc2_ws/install/interface/local/lib/python3.10/dist-packages/interface/__init__.py
[15.755s] -- Installing: /home/ubuntu-nuc/rc2_ws/install/interface/local/lib/python3.10/dist-packages/interface/interface_s__rosidl_typesupport_introspection_c.cpython-310-x86_64-linux-gnu.so
[15.756s] -- Installing: /home/ubuntu-nuc/rc2_ws/install/interface/local/lib/python3.10/dist-packages/interface/_interface_s.ep.rosidl_typesupport_fastrtps_c.c
[15.756s] -- Installing: /home/ubuntu-nuc/rc2_ws/install/interface/local/lib/python3.10/dist-packages/interface/_interface_s.ep.rosidl_typesupport_c.c
[15.756s] -- Installing: /home/ubuntu-nuc/rc2_ws/install/interface/local/lib/python3.10/dist-packages/interface/libinterface__rosidl_generator_py.so
[15.756s] -- Installing: /home/ubuntu-nuc/rc2_ws/install/interface/local/lib/python3.10/dist-packages/interface/interface_s__rosidl_typesupport_fastrtps_c.cpython-310-x86_64-linux-gnu.so
[15.756s] -- Installing: /home/ubuntu-nuc/rc2_ws/install/interface/local/lib/python3.10/dist-packages/interface/_interface_s.ep.rosidl_typesupport_introspection_c.c
[15.756s] -- Installing: /home/ubuntu-nuc/rc2_ws/install/interface/local/lib/python3.10/dist-packages/interface/srv
[15.758s] -- Installing: /home/ubuntu-nuc/rc2_ws/install/interface/local/lib/python3.10/dist-packages/interface/srv/_relocalize.py
[15.759s] -- Installing: /home/ubuntu-nuc/rc2_ws/install/interface/local/lib/python3.10/dist-packages/interface/srv/_is_valid.py
[15.759s] -- Installing: /home/ubuntu-nuc/rc2_ws/install/interface/local/lib/python3.10/dist-packages/interface/srv/_save_poses.py
[15.759s] -- Installing: /home/ubuntu-nuc/rc2_ws/install/interface/local/lib/python3.10/dist-packages/interface/srv/_is_valid_s.c
[15.759s] -- Installing: /home/ubuntu-nuc/rc2_ws/install/interface/local/lib/python3.10/dist-packages/interface/srv/_relocalize_s.c
[15.759s] -- Installing: /home/ubuntu-nuc/rc2_ws/install/interface/local/lib/python3.10/dist-packages/interface/srv/__init__.py
[15.759s] -- Installing: /home/ubuntu-nuc/rc2_ws/install/interface/local/lib/python3.10/dist-packages/interface/srv/_refine_map_s.c
[15.759s] -- Installing: /home/ubuntu-nuc/rc2_ws/install/interface/local/lib/python3.10/dist-packages/interface/srv/_save_poses_s.c
[15.760s] -- Installing: /home/ubuntu-nuc/rc2_ws/install/interface/local/lib/python3.10/dist-packages/interface/srv/_save_maps.py
[15.760s] -- Installing: /home/ubuntu-nuc/rc2_ws/install/interface/local/lib/python3.10/dist-packages/interface/srv/_save_maps_s.c
[15.760s] -- Installing: /home/ubuntu-nuc/rc2_ws/install/interface/local/lib/python3.10/dist-packages/interface/srv/_refine_map.py
[15.939s] Listing '/home/ubuntu-nuc/rc2_ws/install/interface/local/lib/python3.10/dist-packages/interface'...
[15.939s] Compiling '/home/ubuntu-nuc/rc2_ws/install/interface/local/lib/python3.10/dist-packages/interface/__init__.py'...
[15.939s] Listing '/home/ubuntu-nuc/rc2_ws/install/interface/local/lib/python3.10/dist-packages/interface/srv'...
[15.940s] Compiling '/home/ubuntu-nuc/rc2_ws/install/interface/local/lib/python3.10/dist-packages/interface/srv/__init__.py'...
[15.940s] Compiling '/home/ubuntu-nuc/rc2_ws/install/interface/local/lib/python3.10/dist-packages/interface/srv/_is_valid.py'...
[15.940s] Compiling '/home/ubuntu-nuc/rc2_ws/install/interface/local/lib/python3.10/dist-packages/interface/srv/_refine_map.py'...
[15.940s] Compiling '/home/ubuntu-nuc/rc2_ws/install/interface/local/lib/python3.10/dist-packages/interface/srv/_relocalize.py'...
[15.940s] Compiling '/home/ubuntu-nuc/rc2_ws/install/interface/local/lib/python3.10/dist-packages/interface/srv/_save_maps.py'...
[15.940s] Compiling '/home/ubuntu-nuc/rc2_ws/install/interface/local/lib/python3.10/dist-packages/interface/srv/_save_poses.py'...
[15.963s] -- Installing: /home/ubuntu-nuc/rc2_ws/install/interface/local/lib/python3.10/dist-packages/interface/interface_s__rosidl_typesupport_fastrtps_c.cpython-310-x86_64-linux-gnu.so
[15.963s] -- Set non-toolchain portion of runtime path of "/home/ubuntu-nuc/rc2_ws/install/interface/local/lib/python3.10/dist-packages/interface/interface_s__rosidl_typesupport_fastrtps_c.cpython-310-x86_64-linux-gnu.so" to ""
[15.963s] -- Installing: /home/ubuntu-nuc/rc2_ws/install/interface/local/lib/python3.10/dist-packages/interface/interface_s__rosidl_typesupport_introspection_c.cpython-310-x86_64-linux-gnu.so
[15.964s] -- Set non-toolchain portion of runtime path of "/home/ubuntu-nuc/rc2_ws/install/interface/local/lib/python3.10/dist-packages/interface/interface_s__rosidl_typesupport_introspection_c.cpython-310-x86_64-linux-gnu.so" to ""
[15.964s] -- Installing: /home/ubuntu-nuc/rc2_ws/install/interface/local/lib/python3.10/dist-packages/interface/interface_s__rosidl_typesupport_c.cpython-310-x86_64-linux-gnu.so
[15.964s] -- Set non-toolchain portion of runtime path of "/home/ubuntu-nuc/rc2_ws/install/interface/local/lib/python3.10/dist-packages/interface/interface_s__rosidl_typesupport_c.cpython-310-x86_64-linux-gnu.so" to ""
[15.964s] -- Installing: /home/ubuntu-nuc/rc2_ws/install/interface/lib/libinterface__rosidl_generator_py.so
[15.964s] -- Set non-toolchain portion of runtime path of "/home/ubuntu-nuc/rc2_ws/install/interface/lib/libinterface__rosidl_generator_py.so" to ""
[15.971s] -- Installing: /home/ubuntu-nuc/rc2_ws/install/interface/share/interface/srv/SaveMaps.idl
[15.971s] -- Installing: /home/ubuntu-nuc/rc2_ws/install/interface/share/interface/srv/Relocalize.idl
[15.971s] -- Installing: /home/ubuntu-nuc/rc2_ws/install/interface/share/interface/srv/IsValid.idl
[15.972s] -- Installing: /home/ubuntu-nuc/rc2_ws/install/interface/share/interface/srv/RefineMap.idl
[15.972s] -- Installing: /home/ubuntu-nuc/rc2_ws/install/interface/share/interface/srv/SavePoses.idl
[15.972s] -- Installing: /home/ubuntu-nuc/rc2_ws/install/interface/share/interface/srv/SaveMaps.srv
[15.972s] -- Installing: /home/ubuntu-nuc/rc2_ws/install/interface/share/interface/srv/SaveMaps_Request.msg
[15.972s] -- Installing: /home/ubuntu-nuc/rc2_ws/install/interface/share/interface/srv/SaveMaps_Response.msg
[15.972s] -- Installing: /home/ubuntu-nuc/rc2_ws/install/interface/share/interface/srv/Relocalize.srv
[15.972s] -- Installing: /home/ubuntu-nuc/rc2_ws/install/interface/share/interface/srv/Relocalize_Request.msg
[15.972s] -- Installing: /home/ubuntu-nuc/rc2_ws/install/interface/share/interface/srv/Relocalize_Response.msg
[15.972s] -- Installing: /home/ubuntu-nuc/rc2_ws/install/interface/share/interface/srv/IsValid.srv
[15.973s] -- Installing: /home/ubuntu-nuc/rc2_ws/install/interface/share/interface/srv/IsValid_Request.msg
[15.973s] -- Installing: /home/ubuntu-nuc/rc2_ws/install/interface/share/interface/srv/IsValid_Response.msg
[15.973s] -- Installing: /home/ubuntu-nuc/rc2_ws/install/interface/share/interface/srv/RefineMap.srv
[15.973s] -- Installing: /home/ubuntu-nuc/rc2_ws/install/interface/share/interface/srv/RefineMap_Request.msg
[15.973s] -- Installing: /home/ubuntu-nuc/rc2_ws/install/interface/share/interface/srv/RefineMap_Response.msg
[15.973s] -- Installing: /home/ubuntu-nuc/rc2_ws/install/interface/share/interface/srv/SavePoses.srv
[15.973s] -- Installing: /home/ubuntu-nuc/rc2_ws/install/interface/share/interface/srv/SavePoses_Request.msg
[15.973s] -- Installing: /home/ubuntu-nuc/rc2_ws/install/interface/share/interface/srv/SavePoses_Response.msg
[15.973s] -- Installing: /home/ubuntu-nuc/rc2_ws/install/interface/share/ament_index/resource_index/package_run_dependencies/interface
[15.973s] -- Installing: /home/ubuntu-nuc/rc2_ws/install/interface/share/ament_index/resource_index/parent_prefix_path/interface
[15.975s] -- Installing: /home/ubuntu-nuc/rc2_ws/install/interface/share/interface/environment/ament_prefix_path.sh
[15.975s] -- Installing: /home/ubuntu-nuc/rc2_ws/install/interface/share/interface/environment/ament_prefix_path.dsv
[15.975s] -- Installing: /home/ubuntu-nuc/rc2_ws/install/interface/share/interface/environment/path.sh
[15.975s] -- Installing: /home/ubuntu-nuc/rc2_ws/install/interface/share/interface/environment/path.dsv
[15.976s] -- Installing: /home/ubuntu-nuc/rc2_ws/install/interface/share/interface/local_setup.bash
[15.976s] -- Installing: /home/ubuntu-nuc/rc2_ws/install/interface/share/interface/local_setup.sh
[15.976s] -- Installing: /home/ubuntu-nuc/rc2_ws/install/interface/share/interface/local_setup.zsh
[15.976s] -- Installing: /home/ubuntu-nuc/rc2_ws/install/interface/share/interface/local_setup.dsv
[15.976s] -- Installing: /home/ubuntu-nuc/rc2_ws/install/interface/share/interface/package.dsv
[15.982s] -- Installing: /home/ubuntu-nuc/rc2_ws/install/interface/share/ament_index/resource_index/packages/interface
[15.982s] -- Installing: /home/ubuntu-nuc/rc2_ws/install/interface/share/interface/cmake/export_interface__rosidl_generator_cExport.cmake
[15.983s] -- Installing: /home/ubuntu-nuc/rc2_ws/install/interface/share/interface/cmake/export_interface__rosidl_generator_cExport-noconfig.cmake
[15.983s] -- Installing: /home/ubuntu-nuc/rc2_ws/install/interface/share/interface/cmake/export_interface__rosidl_typesupport_fastrtps_cExport.cmake
[15.983s] -- Installing: /home/ubuntu-nuc/rc2_ws/install/interface/share/interface/cmake/export_interface__rosidl_typesupport_fastrtps_cExport-noconfig.cmake
[15.983s] -- Installing: /home/ubuntu-nuc/rc2_ws/install/interface/share/interface/cmake/export_interface__rosidl_generator_cppExport.cmake
[15.986s] -- Installing: /home/ubuntu-nuc/rc2_ws/install/interface/share/interface/cmake/export_interface__rosidl_typesupport_fastrtps_cppExport.cmake
[15.986s] -- Installing: /home/ubuntu-nuc/rc2_ws/install/interface/share/interface/cmake/export_interface__rosidl_typesupport_fastrtps_cppExport-noconfig.cmake
[15.986s] -- Installing: /home/ubuntu-nuc/rc2_ws/install/interface/share/interface/cmake/interface__rosidl_typesupport_introspection_cExport.cmake
[15.986s] -- Installing: /home/ubuntu-nuc/rc2_ws/install/interface/share/interface/cmake/interface__rosidl_typesupport_introspection_cExport-noconfig.cmake
[15.987s] -- Installing: /home/ubuntu-nuc/rc2_ws/install/interface/share/interface/cmake/interface__rosidl_typesupport_cExport.cmake
[15.987s] -- Installing: /home/ubuntu-nuc/rc2_ws/install/interface/share/interface/cmake/interface__rosidl_typesupport_cExport-noconfig.cmake
[15.987s] -- Installing: /home/ubuntu-nuc/rc2_ws/install/interface/share/interface/cmake/interface__rosidl_typesupport_introspection_cppExport.cmake
[15.987s] -- Installing: /home/ubuntu-nuc/rc2_ws/install/interface/share/interface/cmake/interface__rosidl_typesupport_introspection_cppExport-noconfig.cmake
[15.987s] -- Installing: /home/ubuntu-nuc/rc2_ws/install/interface/share/interface/cmake/interface__rosidl_typesupport_cppExport.cmake
[15.987s] -- Installing: /home/ubuntu-nuc/rc2_ws/install/interface/share/interface/cmake/interface__rosidl_typesupport_cppExport-noconfig.cmake
[15.988s] -- Installing: /home/ubuntu-nuc/rc2_ws/install/interface/share/interface/cmake/export_interface__rosidl_generator_pyExport.cmake
[15.988s] -- Installing: /home/ubuntu-nuc/rc2_ws/install/interface/share/interface/cmake/export_interface__rosidl_generator_pyExport-noconfig.cmake
[15.988s] -- Installing: /home/ubuntu-nuc/rc2_ws/install/interface/share/interface/cmake/rosidl_cmake-extras.cmake
[15.988s] -- Installing: /home/ubuntu-nuc/rc2_ws/install/interface/share/interface/cmake/ament_cmake_export_dependencies-extras.cmake
[15.991s] -- Installing: /home/ubuntu-nuc/rc2_ws/install/interface/share/interface/cmake/ament_cmake_export_include_directories-extras.cmake
[15.991s] -- Installing: /home/ubuntu-nuc/rc2_ws/install/interface/share/interface/cmake/ament_cmake_export_libraries-extras.cmake
[15.991s] -- Installing: /home/ubuntu-nuc/rc2_ws/install/interface/share/interface/cmake/ament_cmake_export_targets-extras.cmake
[15.992s] -- Installing: /home/ubuntu-nuc/rc2_ws/install/interface/share/interface/cmake/rosidl_cmake_export_typesupport_targets-extras.cmake
[15.992s] -- Installing: /home/ubuntu-nuc/rc2_ws/install/interface/share/interface/cmake/rosidl_cmake_export_typesupport_libraries-extras.cmake
[15.992s] -- Installing: /home/ubuntu-nuc/rc2_ws/install/interface/share/interface/cmake/interfaceConfig.cmake
[15.992s] -- Installing: /home/ubuntu-nuc/rc2_ws/install/interface/share/interface/cmake/interfaceConfig-version.cmake
[15.999s] -- Installing: /home/ubuntu-nuc/rc2_ws/install/interface/share/interface/package.xml
[16.002s] Invoked command in '/home/ubuntu-nuc/rc2_ws/build/interface' returned '0': CMAKE_PREFIX_PATH=${CMAKE_PREFIX_PATH}:/opt/ros/humble /usr/local/bin/cmake --install /home/ubuntu-nuc/rc2_ws/build/interface
