[0.025s] Invoking command in '/home/ubuntu-nuc/rc2_ws/build/fastlio2': CMAKE_PREFIX_PATH=/home/ubuntu-nuc/rc2_ws/install/livox_ros_driver2:/home/ubuntu-nuc/rc2_ws/install/pgo:/home/ubuntu-nuc/rc2_ws/install/meiling_detect:/opt/ros/humble:/home/ubuntu-nuc/rc2_ws/install/meiling_control:/home/ubuntu-nuc/rc2_ws/install/localizer:/home/ubuntu-nuc/rc2_ws/install/fastlio2:/home/ubuntu-nuc/rc2_ws/install/hba:/home/ubuntu-nuc/rc2_ws/install/interface:/home/ubuntu-nuc/rc2_ws/install/auto_aim_interfaces:/home/ubuntu-nuc/rc_ws/install/fast_lio:/home/ubuntu-nuc/rc_ws/install/livox_ros_driver2 LD_LIBRARY_PATH=/home/ubuntu-nuc/rc2_ws/install/livox_ros_driver2/lib:/opt/MVS/lib/64:/opt/MVS/lib/32:/usr/lib/x86_64-linux-gnu:/home/ubuntu-nuc/rc2_ws/install/livox_sdk2/lib:/home/ubuntu-nuc/rc2_ws/install/interface/lib:/home/ubuntu-nuc/rc2_ws/install/auto_aim_interfaces/lib:/home/ubuntu-nuc/rc_ws/install/fast_lio/lib:/home/ubuntu-nuc/rc_ws/install/livox_ros_driver2/lib:/usr/lib/x86_64-linux-gnu/gazebo-11/plugins:/opt/ros/humble/opt/rviz_ogre_vendor/lib:/opt/ros/humble/lib/x86_64-linux-gnu:/opt/ros/humble/opt/openvdb_vendor/lib:/opt/ros/humble/lib:/opt/MVS/lib/64:/opt/MVS/lib/32:/opt/MVS/lib/64:/opt/MVS/lib/32 /usr/local/bin/cmake --build /home/ubuntu-nuc/rc2_ws/build/fastlio2 -- -j8 -l8
[0.132s] [ 11%] Building CXX object CMakeFiles/lio_node.dir/src/lio_node.cpp.o
[41.842s] [ 22%] Linking CXX executable lio_node
[43.061s] [100%] Built target lio_node
[43.069s] Invoked command in '/home/ubuntu-nuc/rc2_ws/build/fastlio2' returned '0': CMAKE_PREFIX_PATH=/home/ubuntu-nuc/rc2_ws/install/livox_ros_driver2:/home/ubuntu-nuc/rc2_ws/install/pgo:/home/ubuntu-nuc/rc2_ws/install/meiling_detect:/opt/ros/humble:/home/ubuntu-nuc/rc2_ws/install/meiling_control:/home/ubuntu-nuc/rc2_ws/install/localizer:/home/ubuntu-nuc/rc2_ws/install/fastlio2:/home/ubuntu-nuc/rc2_ws/install/hba:/home/ubuntu-nuc/rc2_ws/install/interface:/home/ubuntu-nuc/rc2_ws/install/auto_aim_interfaces:/home/ubuntu-nuc/rc_ws/install/fast_lio:/home/ubuntu-nuc/rc_ws/install/livox_ros_driver2 LD_LIBRARY_PATH=/home/ubuntu-nuc/rc2_ws/install/livox_ros_driver2/lib:/opt/MVS/lib/64:/opt/MVS/lib/32:/usr/lib/x86_64-linux-gnu:/home/ubuntu-nuc/rc2_ws/install/livox_sdk2/lib:/home/ubuntu-nuc/rc2_ws/install/interface/lib:/home/ubuntu-nuc/rc2_ws/install/auto_aim_interfaces/lib:/home/ubuntu-nuc/rc_ws/install/fast_lio/lib:/home/ubuntu-nuc/rc_ws/install/livox_ros_driver2/lib:/usr/lib/x86_64-linux-gnu/gazebo-11/plugins:/opt/ros/humble/opt/rviz_ogre_vendor/lib:/opt/ros/humble/lib/x86_64-linux-gnu:/opt/ros/humble/opt/openvdb_vendor/lib:/opt/ros/humble/lib:/opt/MVS/lib/64:/opt/MVS/lib/32:/opt/MVS/lib/64:/opt/MVS/lib/32 /usr/local/bin/cmake --build /home/ubuntu-nuc/rc2_ws/build/fastlio2 -- -j8 -l8
[43.076s] Invoking command in '/home/ubuntu-nuc/rc2_ws/build/fastlio2': CMAKE_PREFIX_PATH=/home/ubuntu-nuc/rc2_ws/install/livox_ros_driver2:/home/ubuntu-nuc/rc2_ws/install/pgo:/home/ubuntu-nuc/rc2_ws/install/meiling_detect:/opt/ros/humble:/home/ubuntu-nuc/rc2_ws/install/meiling_control:/home/ubuntu-nuc/rc2_ws/install/localizer:/home/ubuntu-nuc/rc2_ws/install/fastlio2:/home/ubuntu-nuc/rc2_ws/install/hba:/home/ubuntu-nuc/rc2_ws/install/interface:/home/ubuntu-nuc/rc2_ws/install/auto_aim_interfaces:/home/ubuntu-nuc/rc_ws/install/fast_lio:/home/ubuntu-nuc/rc_ws/install/livox_ros_driver2 LD_LIBRARY_PATH=/home/ubuntu-nuc/rc2_ws/install/livox_ros_driver2/lib:/opt/MVS/lib/64:/opt/MVS/lib/32:/usr/lib/x86_64-linux-gnu:/home/ubuntu-nuc/rc2_ws/install/livox_sdk2/lib:/home/ubuntu-nuc/rc2_ws/install/interface/lib:/home/ubuntu-nuc/rc2_ws/install/auto_aim_interfaces/lib:/home/ubuntu-nuc/rc_ws/install/fast_lio/lib:/home/ubuntu-nuc/rc_ws/install/livox_ros_driver2/lib:/usr/lib/x86_64-linux-gnu/gazebo-11/plugins:/opt/ros/humble/opt/rviz_ogre_vendor/lib:/opt/ros/humble/lib/x86_64-linux-gnu:/opt/ros/humble/opt/openvdb_vendor/lib:/opt/ros/humble/lib:/opt/MVS/lib/64:/opt/MVS/lib/32:/opt/MVS/lib/64:/opt/MVS/lib/32 /usr/local/bin/cmake --install /home/ubuntu-nuc/rc2_ws/build/fastlio2
[43.083s] -- Install configuration: "Release"
[43.083s] -- Execute custom install script
[43.084s] -- Up-to-date symlink: /home/ubuntu-nuc/rc2_ws/install/fastlio2/lib/fastlio2/lio_node
[43.084s] -- Up-to-date symlink: /home/ubuntu-nuc/rc2_ws/install/fastlio2/share/fastlio2/launch/lio2_launch.py
[43.084s] -- Up-to-date symlink: /home/ubuntu-nuc/rc2_ws/install/fastlio2/share/fastlio2/launch/lio_launch.py
[43.085s] -- Up-to-date symlink: /home/ubuntu-nuc/rc2_ws/install/fastlio2/share/fastlio2/rviz/fastlio2.rviz
[43.085s] -- Up-to-date symlink: /home/ubuntu-nuc/rc2_ws/install/fastlio2/share/fastlio2/config/lio.yaml
[43.086s] -- Up-to-date symlink: /home/ubuntu-nuc/rc2_ws/install/fastlio2/share/ament_index/resource_index/package_run_dependencies/fastlio2
[43.086s] -- Up-to-date symlink: /home/ubuntu-nuc/rc2_ws/install/fastlio2/share/ament_index/resource_index/parent_prefix_path/fastlio2
[43.087s] -- Up-to-date symlink: /home/ubuntu-nuc/rc2_ws/install/fastlio2/share/fastlio2/environment/ament_prefix_path.sh
[43.087s] -- Up-to-date symlink: /home/ubuntu-nuc/rc2_ws/install/fastlio2/share/fastlio2/environment/ament_prefix_path.dsv
[43.087s] -- Up-to-date symlink: /home/ubuntu-nuc/rc2_ws/install/fastlio2/share/fastlio2/environment/path.sh
[43.088s] -- Up-to-date symlink: /home/ubuntu-nuc/rc2_ws/install/fastlio2/share/fastlio2/environment/path.dsv
[43.088s] -- Up-to-date symlink: /home/ubuntu-nuc/rc2_ws/install/fastlio2/share/fastlio2/local_setup.bash
[43.088s] -- Up-to-date symlink: /home/ubuntu-nuc/rc2_ws/install/fastlio2/share/fastlio2/local_setup.sh
[43.088s] -- Up-to-date symlink: /home/ubuntu-nuc/rc2_ws/install/fastlio2/share/fastlio2/local_setup.zsh
[43.089s] -- Up-to-date symlink: /home/ubuntu-nuc/rc2_ws/install/fastlio2/share/fastlio2/local_setup.dsv
[43.089s] -- Symlinking: /home/ubuntu-nuc/rc2_ws/install/fastlio2/share/fastlio2/package.dsv
[43.096s] -- Up-to-date symlink: /home/ubuntu-nuc/rc2_ws/install/fastlio2/share/ament_index/resource_index/packages/fastlio2
[43.097s] -- Up-to-date symlink: /home/ubuntu-nuc/rc2_ws/install/fastlio2/share/fastlio2/cmake/fastlio2Config.cmake
[43.097s] -- Up-to-date symlink: /home/ubuntu-nuc/rc2_ws/install/fastlio2/share/fastlio2/cmake/fastlio2Config-version.cmake
[43.097s] -- Up-to-date symlink: /home/ubuntu-nuc/rc2_ws/install/fastlio2/share/fastlio2/package.xml
[43.100s] Invoked command in '/home/ubuntu-nuc/rc2_ws/build/fastlio2' returned '0': CMAKE_PREFIX_PATH=/home/ubuntu-nuc/rc2_ws/install/livox_ros_driver2:/home/ubuntu-nuc/rc2_ws/install/pgo:/home/ubuntu-nuc/rc2_ws/install/meiling_detect:/opt/ros/humble:/home/ubuntu-nuc/rc2_ws/install/meiling_control:/home/ubuntu-nuc/rc2_ws/install/localizer:/home/ubuntu-nuc/rc2_ws/install/fastlio2:/home/ubuntu-nuc/rc2_ws/install/hba:/home/ubuntu-nuc/rc2_ws/install/interface:/home/ubuntu-nuc/rc2_ws/install/auto_aim_interfaces:/home/ubuntu-nuc/rc_ws/install/fast_lio:/home/ubuntu-nuc/rc_ws/install/livox_ros_driver2 LD_LIBRARY_PATH=/home/ubuntu-nuc/rc2_ws/install/livox_ros_driver2/lib:/opt/MVS/lib/64:/opt/MVS/lib/32:/usr/lib/x86_64-linux-gnu:/home/ubuntu-nuc/rc2_ws/install/livox_sdk2/lib:/home/ubuntu-nuc/rc2_ws/install/interface/lib:/home/ubuntu-nuc/rc2_ws/install/auto_aim_interfaces/lib:/home/ubuntu-nuc/rc_ws/install/fast_lio/lib:/home/ubuntu-nuc/rc_ws/install/livox_ros_driver2/lib:/usr/lib/x86_64-linux-gnu/gazebo-11/plugins:/opt/ros/humble/opt/rviz_ogre_vendor/lib:/opt/ros/humble/lib/x86_64-linux-gnu:/opt/ros/humble/opt/openvdb_vendor/lib:/opt/ros/humble/lib:/opt/MVS/lib/64:/opt/MVS/lib/32:/opt/MVS/lib/64:/opt/MVS/lib/32 /usr/local/bin/cmake --install /home/ubuntu-nuc/rc2_ws/build/fastlio2
