[0.023s] Invoking command in '/home/ubuntu-nuc/rc2_ws/build/auto_aim_interfaces': /usr/local/bin/cmake /home/ubuntu-nuc/rc2_ws/src/auto_aim_interfaces -DROS_EDITION=ROS2 -DDISTRO_ROS=humble -DCATKIN_INSTALL_INTO_PREFIX_ROOT=0 -DCMAKE_INSTALL_PREFIX=/home/ubuntu-nuc/rc2_ws/install/auto_aim_interfaces
[0.029s] [0mCMake Deprecation Warning at CMakeLists.txt:1 (cmake_minimum_required):
[0.029s]   Compatibility with CMake < 3.10 will be removed from a future version of
[0.029s]   CMake.
[0.029s] 
[0.029s]   Update the VERSION argument <min> value.  Or, use the <min>...<max> syntax
[0.029s]   to tell CMake that the project requires at least <min> but has been updated
[0.029s]   to work with policies introduced by <max> or earlier.
[0.029s] 
[0.029s] [0m
[0.075s] -- The C compiler identification is GNU 11.4.0
[0.151s] -- The CXX compiler identification is GNU 11.4.0
[0.159s] -- Detecting C compiler ABI info
[0.253s] -- Detecting C compiler ABI info - done
[0.284s] -- Check for working C compiler: /usr/bin/cc - skipped
[0.287s] -- Detecting C compile features
[0.287s] -- Detecting C compile features - done
[0.303s] -- Detecting CXX compiler ABI info
[0.390s] -- Detecting CXX compiler ABI info - done
[0.410s] -- Check for working CXX compiler: /usr/bin/c++ - skipped
[0.410s] -- Detecting CXX compile features
[0.411s] -- Detecting CXX compile features - done
[0.423s] -- Found ament_cmake: 1.3.12 (/opt/ros/humble/share/ament_cmake/cmake)
[0.632s] -- Found Python3: /usr/bin/python3 (found version "3.10.12") found components: Interpreter
[0.933s] -- Found rosidl_default_generators: 1.2.0 (/opt/ros/humble/share/rosidl_default_generators/cmake)
[0.945s] -- Using all available rosidl_typesupport_c: rosidl_typesupport_fastrtps_c;rosidl_typesupport_introspection_c
[0.969s] -- Found rosidl_adapter: 3.1.7 (/opt/ros/humble/share/rosidl_adapter/cmake)
[1.136s] -- Using all available rosidl_typesupport_cpp: rosidl_typesupport_fastrtps_cpp;rosidl_typesupport_introspection_cpp
[2.342s] -- Found ament_cmake_ros: 0.10.0 (/opt/ros/humble/share/ament_cmake_ros/cmake)
[3.079s] -- Using all available rosidl_typesupport_c: rosidl_typesupport_fastrtps_c;rosidl_typesupport_introspection_c
[3.653s] -- Using all available rosidl_typesupport_cpp: rosidl_typesupport_fastrtps_cpp;rosidl_typesupport_introspection_cpp
[3.656s] [33mCMake Warning (dev) at /opt/ros/humble/share/rosidl_generator_py/cmake/rosidl_generator_py_generate_interfaces.cmake:20 (find_package):
[3.656s]   Policy CMP0148 is not set: The FindPythonInterp and FindPythonLibs modules
[3.656s]   are removed.  Run "cmake --help-policy CMP0148" for policy details.  Use
[3.657s]   the cmake_policy command to set the policy and suppress this warning.
[3.657s] 
[3.657s] Call Stack (most recent call first):
[3.657s]   /opt/ros/humble/share/ament_cmake_core/cmake/core/ament_execute_extensions.cmake:48 (include)
[3.657s]   /opt/ros/humble/share/rosidl_cmake/cmake/rosidl_generate_interfaces.cmake:286 (ament_execute_extensions)
[3.657s]   CMakeLists.txt:7 (rosidl_generate_interfaces)
[3.657s] This warning is for project developers.  Use -Wno-dev to suppress it.
[3.657s] [0m
[3.678s] -- Found PythonInterp: /usr/bin/python3 (found suitable version "3.10.12", minimum required is "3.6")
[3.679s] -- Found python_cmake_module: 0.10.0 (/opt/ros/humble/share/python_cmake_module/cmake)
[3.680s] [33mCMake Warning (dev) at /opt/ros/humble/share/python_cmake_module/cmake/Modules/FindPythonExtra.cmake:52 (find_package):
[3.680s]   Policy CMP0148 is not set: The FindPythonInterp and FindPythonLibs modules
[3.680s]   are removed.  Run "cmake --help-policy CMP0148" for policy details.  Use
[3.681s]   the cmake_policy command to set the policy and suppress this warning.
[3.681s] 
[3.682s] Call Stack (most recent call first):
[3.682s]   /opt/ros/humble/share/rosidl_generator_py/cmake/rosidl_generator_py_generate_interfaces.cmake:23 (find_package)
[3.682s]   /opt/ros/humble/share/ament_cmake_core/cmake/core/ament_execute_extensions.cmake:48 (include)
[3.682s]   /opt/ros/humble/share/rosidl_cmake/cmake/rosidl_generate_interfaces.cmake:286 (ament_execute_extensions)
[3.682s]   CMakeLists.txt:7 (rosidl_generate_interfaces)
[3.682s] This warning is for project developers.  Use -Wno-dev to suppress it.
[3.682s] [0m
[3.701s] [33mCMake Warning (dev) at /opt/ros/humble/share/python_cmake_module/cmake/Modules/FindPythonExtra.cmake:140 (find_package):
[3.703s]   Policy CMP0148 is not set: The FindPythonInterp and FindPythonLibs modules
[3.703s]   are removed.  Run "cmake --help-policy CMP0148" for policy details.  Use
[3.703s]   the cmake_policy command to set the policy and suppress this warning.
[3.703s] 
[3.703s] Call Stack (most recent call first):
[3.703s]   /opt/ros/humble/share/rosidl_generator_py/cmake/rosidl_generator_py_generate_interfaces.cmake:23 (find_package)
[3.703s]   /opt/ros/humble/share/ament_cmake_core/cmake/core/ament_execute_extensions.cmake:48 (include)
[3.703s]   /opt/ros/humble/share/rosidl_cmake/cmake/rosidl_generate_interfaces.cmake:286 (ament_execute_extensions)
[3.703s]   CMakeLists.txt:7 (rosidl_generate_interfaces)
[3.703s] This warning is for project developers.  Use -Wno-dev to suppress it.
[3.703s] [0m
[3.713s] -- Found PythonLibs: /usr/lib/x86_64-linux-gnu/libpython3.10.so (found suitable version "3.10.12", minimum required is "3.5")
[3.714s] -- Using PYTHON_EXECUTABLE: /usr/bin/python3
[3.714s] -- Using PYTHON_INCLUDE_DIRS: /usr/include/python3.10
[3.714s] -- Using PYTHON_LIBRARIES: /usr/lib/x86_64-linux-gnu/libpython3.10.so
[3.734s] -- Found PythonExtra: .so
[3.775s] -- Configuring done (3.7s)
[3.822s] -- Generating done (0.0s)
[3.822s] [33mCMake Warning:
[3.822s]   Manually-specified variables were not used by the project:
[3.822s] 
[3.822s]     CATKIN_INSTALL_INTO_PREFIX_ROOT
[3.822s]     DISTRO_ROS
[3.822s]     ROS_EDITION
[3.822s] 
[3.823s] [0m
[3.835s] -- Build files have been written to: /home/ubuntu-nuc/rc2_ws/build/auto_aim_interfaces
