[0.046s] Invoking command in '/home/ubuntu-nuc/rc2_ws/build/meiling_control': LD_LIBRARY_PATH=/home/ubuntu-nuc/rc2_ws/install/auto_aim_interfaces/lib:/opt/MVS/lib/64:/opt/MVS/lib/32:/usr/lib/x86_64-linux-gnu:/home/ubuntu-nuc/rc_ws/install/fast_lio/lib:/home/ubuntu-nuc/rc_ws/install/livox_ros_driver2/lib:/usr/lib/x86_64-linux-gnu/gazebo-11/plugins:/opt/ros/humble/opt/rviz_ogre_vendor/lib:/opt/ros/humble/lib/x86_64-linux-gnu:/opt/ros/humble/opt/openvdb_vendor/lib:/opt/ros/humble/lib:/opt/MVS/lib/64:/opt/MVS/lib/32:/opt/MVS/lib/64:/opt/MVS/lib/32 /usr/local/bin/cmake /home/ubuntu-nuc/rc2_ws/src/meiling_control -DROS_EDITION=ROS2 -DDISTRO_ROS=humble -DCATKIN_INSTALL_INTO_PREFIX_ROOT=0 -DCMAKE_INSTALL_PREFIX=/home/ubuntu-nuc/rc2_ws/install/meiling_control
[0.052s] [0mCMake Deprecation Warning at CMakeLists.txt:1 (cmake_minimum_required):
[0.052s]   Compatibility with CMake < 3.10 will be removed from a future version of
[0.052s]   CMake.
[0.052s] 
[0.052s]   Update the VERSION argument <min> value.  Or, use the <min>...<max> syntax
[0.052s]   to tell CMake that the project requires at least <min> but has been updated
[0.052s]   to work with policies introduced by <max> or earlier.
[0.052s] 
[0.053s] [0m
[0.176s] -- The C compiler identification is GNU 11.4.0
[0.357s] -- The CXX compiler identification is GNU 11.4.0
[0.382s] -- Detecting C compiler ABI info
[0.534s] -- Detecting C compiler ABI info - done
[0.590s] -- Check for working C compiler: /usr/bin/cc - skipped
[0.590s] -- Detecting C compile features
[0.590s] -- Detecting C compile features - done
[0.608s] -- Detecting CXX compiler ABI info
[0.712s] -- Detecting CXX compiler ABI info - done
[0.749s] -- Check for working CXX compiler: /usr/bin/c++ - skipped
[0.750s] -- Detecting CXX compile features
[0.751s] -- Detecting CXX compile features - done
[0.761s] -- Found ament_cmake: 1.3.12 (/opt/ros/humble/share/ament_cmake/cmake)
[0.968s] -- Found Python3: /usr/bin/python3 (found version "3.10.12") found components: Interpreter
[1.105s] -- Found rclcpp: 16.0.14 (/opt/ros/humble/share/rclcpp/cmake)
[1.184s] -- Found rosidl_generator_c: 3.1.7 (/opt/ros/humble/share/rosidl_generator_c/cmake)
[1.194s] -- Found rosidl_adapter: 3.1.7 (/opt/ros/humble/share/rosidl_adapter/cmake)
[1.208s] -- Found rosidl_generator_cpp: 3.1.8 (/opt/ros/humble/share/rosidl_generator_cpp/cmake)
[1.229s] -- Using all available rosidl_typesupport_c: rosidl_typesupport_fastrtps_c;rosidl_typesupport_introspection_c
[1.257s] -- Using all available rosidl_typesupport_cpp: rosidl_typesupport_fastrtps_cpp;rosidl_typesupport_introspection_cpp
[1.343s] -- Found rmw_implementation_cmake: 6.1.2 (/opt/ros/humble/share/rmw_implementation_cmake/cmake)
[1.348s] -- Found rmw_fastrtps_cpp: 6.2.8 (/opt/ros/humble/share/rmw_fastrtps_cpp/cmake)
[1.536s] -- Found OpenSSL: /usr/lib/x86_64-linux-gnu/libcrypto.so (found version "3.0.2")
[1.636s] -- Found FastRTPS: /opt/ros/humble/include
[1.761s] -- Using RMW implementation 'rmw_fastrtps_cpp' as default
[1.797s] -- Performing Test CMAKE_HAVE_LIBC_PTHREAD
[1.938s] -- Performing Test CMAKE_HAVE_LIBC_PTHREAD - Success
[1.943s] -- Found Threads: TRUE
[2.142s] -- Found auto_aim_interfaces: 0.0.1 (/home/ubuntu-nuc/rc2_ws/install/auto_aim_interfaces/share/auto_aim_interfaces/cmake)
[2.423s] -- Configuring done (2.4s)
[2.464s] [33mCMake Warning:
[2.467s]   Manually-specified variables were not used by the project:
[2.467s] 
[2.467s]     CATKIN_INSTALL_INTO_PREFIX_ROOT
[2.467s]     DISTRO_ROS
[2.467s]     ROS_EDITION
[2.467s] 
[2.468s] [0m
[2.468s] -- Generating done (0.0s)
[2.469s] -- Build files have been written to: /home/ubuntu-nuc/rc2_ws/build/meiling_control
[2.517s] Invoked command in '/home/ubuntu-nuc/rc2_ws/build/meiling_control' returned '0': LD_LIBRARY_PATH=/home/ubuntu-nuc/rc2_ws/install/auto_aim_interfaces/lib:/opt/MVS/lib/64:/opt/MVS/lib/32:/usr/lib/x86_64-linux-gnu:/home/ubuntu-nuc/rc_ws/install/fast_lio/lib:/home/ubuntu-nuc/rc_ws/install/livox_ros_driver2/lib:/usr/lib/x86_64-linux-gnu/gazebo-11/plugins:/opt/ros/humble/opt/rviz_ogre_vendor/lib:/opt/ros/humble/lib/x86_64-linux-gnu:/opt/ros/humble/opt/openvdb_vendor/lib:/opt/ros/humble/lib:/opt/MVS/lib/64:/opt/MVS/lib/32:/opt/MVS/lib/64:/opt/MVS/lib/32 /usr/local/bin/cmake /home/ubuntu-nuc/rc2_ws/src/meiling_control -DROS_EDITION=ROS2 -DDISTRO_ROS=humble -DCATKIN_INSTALL_INTO_PREFIX_ROOT=0 -DCMAKE_INSTALL_PREFIX=/home/ubuntu-nuc/rc2_ws/install/meiling_control
[2.518s] Invoking command in '/home/ubuntu-nuc/rc2_ws/build/meiling_control': LD_LIBRARY_PATH=/home/ubuntu-nuc/rc2_ws/install/auto_aim_interfaces/lib:/opt/MVS/lib/64:/opt/MVS/lib/32:/usr/lib/x86_64-linux-gnu:/home/ubuntu-nuc/rc_ws/install/fast_lio/lib:/home/ubuntu-nuc/rc_ws/install/livox_ros_driver2/lib:/usr/lib/x86_64-linux-gnu/gazebo-11/plugins:/opt/ros/humble/opt/rviz_ogre_vendor/lib:/opt/ros/humble/lib/x86_64-linux-gnu:/opt/ros/humble/opt/openvdb_vendor/lib:/opt/ros/humble/lib:/opt/MVS/lib/64:/opt/MVS/lib/32:/opt/MVS/lib/64:/opt/MVS/lib/32 /usr/local/bin/cmake --build /home/ubuntu-nuc/rc2_ws/build/meiling_control -- -j8 -l8
[2.603s] [ 33%] [32mBuilding CXX object CMakeFiles/meiling_node.dir/src/luoji.cpp.o[0m
[2.603s] [ 66%] [32mBuilding CXX object CMakeFiles/meiling_node.dir/src/meiling_node.cpp.o[0m
[28.650s] [100%] [32m[1mLinking CXX executable meiling_node[0m
[29.474s] [100%] Built target meiling_node
[29.483s] Invoked command in '/home/ubuntu-nuc/rc2_ws/build/meiling_control' returned '0': LD_LIBRARY_PATH=/home/ubuntu-nuc/rc2_ws/install/auto_aim_interfaces/lib:/opt/MVS/lib/64:/opt/MVS/lib/32:/usr/lib/x86_64-linux-gnu:/home/ubuntu-nuc/rc_ws/install/fast_lio/lib:/home/ubuntu-nuc/rc_ws/install/livox_ros_driver2/lib:/usr/lib/x86_64-linux-gnu/gazebo-11/plugins:/opt/ros/humble/opt/rviz_ogre_vendor/lib:/opt/ros/humble/lib/x86_64-linux-gnu:/opt/ros/humble/opt/openvdb_vendor/lib:/opt/ros/humble/lib:/opt/MVS/lib/64:/opt/MVS/lib/32:/opt/MVS/lib/64:/opt/MVS/lib/32 /usr/local/bin/cmake --build /home/ubuntu-nuc/rc2_ws/build/meiling_control -- -j8 -l8
[29.485s] Invoking command in '/home/ubuntu-nuc/rc2_ws/build/meiling_control': LD_LIBRARY_PATH=/home/ubuntu-nuc/rc2_ws/install/auto_aim_interfaces/lib:/opt/MVS/lib/64:/opt/MVS/lib/32:/usr/lib/x86_64-linux-gnu:/home/ubuntu-nuc/rc_ws/install/fast_lio/lib:/home/ubuntu-nuc/rc_ws/install/livox_ros_driver2/lib:/usr/lib/x86_64-linux-gnu/gazebo-11/plugins:/opt/ros/humble/opt/rviz_ogre_vendor/lib:/opt/ros/humble/lib/x86_64-linux-gnu:/opt/ros/humble/opt/openvdb_vendor/lib:/opt/ros/humble/lib:/opt/MVS/lib/64:/opt/MVS/lib/32:/opt/MVS/lib/64:/opt/MVS/lib/32 /usr/local/bin/cmake --install /home/ubuntu-nuc/rc2_ws/build/meiling_control
[29.492s] -- Install configuration: ""
[29.493s] -- Installing: /home/ubuntu-nuc/rc2_ws/install/meiling_control/lib/meiling_control/meiling_node
[29.500s] -- Set non-toolchain portion of runtime path of "/home/ubuntu-nuc/rc2_ws/install/meiling_control/lib/meiling_control/meiling_node" to ""
[29.500s] -- Installing: /home/ubuntu-nuc/rc2_ws/install/meiling_control/share/meiling_control//launch
[29.500s] -- Installing: /home/ubuntu-nuc/rc2_ws/install/meiling_control/share/meiling_control//launch/meiling_launch.py
[29.501s] -- Installing: /home/ubuntu-nuc/rc2_ws/install/meiling_control/share/ament_index/resource_index/package_run_dependencies/meiling_control
[29.502s] -- Installing: /home/ubuntu-nuc/rc2_ws/install/meiling_control/share/ament_index/resource_index/parent_prefix_path/meiling_control
[29.502s] -- Installing: /home/ubuntu-nuc/rc2_ws/install/meiling_control/share/meiling_control/environment/ament_prefix_path.sh
[29.503s] -- Installing: /home/ubuntu-nuc/rc2_ws/install/meiling_control/share/meiling_control/environment/ament_prefix_path.dsv
[29.503s] -- Installing: /home/ubuntu-nuc/rc2_ws/install/meiling_control/share/meiling_control/environment/path.sh
[29.503s] -- Installing: /home/ubuntu-nuc/rc2_ws/install/meiling_control/share/meiling_control/environment/path.dsv
[29.504s] -- Installing: /home/ubuntu-nuc/rc2_ws/install/meiling_control/share/meiling_control/local_setup.bash
[29.504s] -- Installing: /home/ubuntu-nuc/rc2_ws/install/meiling_control/share/meiling_control/local_setup.sh
[29.505s] -- Installing: /home/ubuntu-nuc/rc2_ws/install/meiling_control/share/meiling_control/local_setup.zsh
[29.505s] -- Installing: /home/ubuntu-nuc/rc2_ws/install/meiling_control/share/meiling_control/local_setup.dsv
[29.506s] -- Installing: /home/ubuntu-nuc/rc2_ws/install/meiling_control/share/meiling_control/package.dsv
[29.506s] -- Installing: /home/ubuntu-nuc/rc2_ws/install/meiling_control/share/ament_index/resource_index/packages/meiling_control
[29.507s] -- Installing: /home/ubuntu-nuc/rc2_ws/install/meiling_control/share/meiling_control/cmake/meiling_controlConfig.cmake
[29.507s] -- Installing: /home/ubuntu-nuc/rc2_ws/install/meiling_control/share/meiling_control/cmake/meiling_controlConfig-version.cmake
[29.507s] -- Installing: /home/ubuntu-nuc/rc2_ws/install/meiling_control/share/meiling_control/package.xml
[29.512s] Invoked command in '/home/ubuntu-nuc/rc2_ws/build/meiling_control' returned '0': LD_LIBRARY_PATH=/home/ubuntu-nuc/rc2_ws/install/auto_aim_interfaces/lib:/opt/MVS/lib/64:/opt/MVS/lib/32:/usr/lib/x86_64-linux-gnu:/home/ubuntu-nuc/rc_ws/install/fast_lio/lib:/home/ubuntu-nuc/rc_ws/install/livox_ros_driver2/lib:/usr/lib/x86_64-linux-gnu/gazebo-11/plugins:/opt/ros/humble/opt/rviz_ogre_vendor/lib:/opt/ros/humble/lib/x86_64-linux-gnu:/opt/ros/humble/opt/openvdb_vendor/lib:/opt/ros/humble/lib:/opt/MVS/lib/64:/opt/MVS/lib/32:/opt/MVS/lib/64:/opt/MVS/lib/32 /usr/local/bin/cmake --install /home/ubuntu-nuc/rc2_ws/build/meiling_control
