[0.008s] Invoking command in '/home/ubuntu-nuc/rc2_ws/build/auto_aim_interfaces': /usr/local/bin/cmake --build /home/ubuntu-nuc/rc2_ws/build/auto_aim_interfaces -- -j8 -l8
[0.028s] [  2%] Built target auto_aim_interfaces__cpp
[0.029s] [ 12%] Built target auto_aim_interfaces__rosidl_generator_c
[0.032s] [ 12%] Built target ament_cmake_python_copy_auto_aim_interfaces
[0.040s] [ 31%] Built target auto_aim_interfaces__rosidl_typesupport_cpp
[0.040s] [ 34%] Built target auto_aim_interfaces__rosidl_typesupport_introspection_c
[0.040s] [ 44%] Built target auto_aim_interfaces__rosidl_typesupport_c
[0.040s] [ 55%] Built target auto_aim_interfaces__rosidl_typesupport_fastrtps_cpp
[0.041s] [ 65%] Built target auto_aim_interfaces__rosidl_typesupport_introspection_cpp
[0.042s] [ 76%] Built target auto_aim_interfaces__rosidl_typesupport_fastrtps_c
[0.050s] [ 76%] Built target auto_aim_interfaces
[0.058s] [ 78%] Built target auto_aim_interfaces__py
[0.069s] [ 87%] Built target auto_aim_interfaces__rosidl_generator_py
[0.079s] [ 91%] Built target auto_aim_interfaces__rosidl_typesupport_introspection_c__pyext
[0.081s] [100%] Built target auto_aim_interfaces__rosidl_typesupport_c__pyext
[0.081s] [100%] Built target auto_aim_interfaces__rosidl_typesupport_fastrtps_c__pyext
[0.221s] running egg_info
[0.221s] writing auto_aim_interfaces.egg-info/PKG-INFO
[0.221s] writing dependency_links to auto_aim_interfaces.egg-info/dependency_links.txt
[0.222s] writing top-level names to auto_aim_interfaces.egg-info/top_level.txt
[0.224s] reading manifest file 'auto_aim_interfaces.egg-info/SOURCES.txt'
[0.224s] writing manifest file 'auto_aim_interfaces.egg-info/SOURCES.txt'
[0.248s] [100%] Built target ament_cmake_python_build_auto_aim_interfaces_egg
[0.253s] Invoked command in '/home/ubuntu-nuc/rc2_ws/build/auto_aim_interfaces' returned '0': /usr/local/bin/cmake --build /home/ubuntu-nuc/rc2_ws/build/auto_aim_interfaces -- -j8 -l8
[0.258s] Invoking command in '/home/ubuntu-nuc/rc2_ws/build/auto_aim_interfaces': /usr/local/bin/cmake --install /home/ubuntu-nuc/rc2_ws/build/auto_aim_interfaces
[0.260s] -- Install configuration: ""
[0.261s] -- Up-to-date: /home/ubuntu-nuc/rc2_ws/install/auto_aim_interfaces/share/ament_index/resource_index/rosidl_interfaces/auto_aim_interfaces
[0.261s] -- Up-to-date: /home/ubuntu-nuc/rc2_ws/install/auto_aim_interfaces/include/auto_aim_interfaces/auto_aim_interfaces
[0.261s] -- Up-to-date: /home/ubuntu-nuc/rc2_ws/install/auto_aim_interfaces/include/auto_aim_interfaces/auto_aim_interfaces/msg
[0.261s] -- Up-to-date: /home/ubuntu-nuc/rc2_ws/install/auto_aim_interfaces/include/auto_aim_interfaces/auto_aim_interfaces/msg/target.h
[0.261s] -- Up-to-date: /home/ubuntu-nuc/rc2_ws/install/auto_aim_interfaces/include/auto_aim_interfaces/auto_aim_interfaces/msg/offset.h
[0.261s] -- Up-to-date: /home/ubuntu-nuc/rc2_ws/install/auto_aim_interfaces/include/auto_aim_interfaces/auto_aim_interfaces/msg/rosidl_generator_c__visibility_control.h
[0.261s] -- Up-to-date: /home/ubuntu-nuc/rc2_ws/install/auto_aim_interfaces/include/auto_aim_interfaces/auto_aim_interfaces/msg/fas.h
[0.261s] -- Up-to-date: /home/ubuntu-nuc/rc2_ws/install/auto_aim_interfaces/include/auto_aim_interfaces/auto_aim_interfaces/msg/detail
[0.261s] -- Up-to-date: /home/ubuntu-nuc/rc2_ws/install/auto_aim_interfaces/include/auto_aim_interfaces/auto_aim_interfaces/msg/detail/fas__functions.c
[0.261s] -- Up-to-date: /home/ubuntu-nuc/rc2_ws/install/auto_aim_interfaces/include/auto_aim_interfaces/auto_aim_interfaces/msg/detail/target__type_support.h
[0.261s] -- Up-to-date: /home/ubuntu-nuc/rc2_ws/install/auto_aim_interfaces/include/auto_aim_interfaces/auto_aim_interfaces/msg/detail/offset__functions.c
[0.261s] -- Up-to-date: /home/ubuntu-nuc/rc2_ws/install/auto_aim_interfaces/include/auto_aim_interfaces/auto_aim_interfaces/msg/detail/fas__struct.h
[0.261s] -- Up-to-date: /home/ubuntu-nuc/rc2_ws/install/auto_aim_interfaces/include/auto_aim_interfaces/auto_aim_interfaces/msg/detail/target__functions.h
[0.261s] -- Up-to-date: /home/ubuntu-nuc/rc2_ws/install/auto_aim_interfaces/include/auto_aim_interfaces/auto_aim_interfaces/msg/detail/fas__functions.h
[0.261s] -- Up-to-date: /home/ubuntu-nuc/rc2_ws/install/auto_aim_interfaces/include/auto_aim_interfaces/auto_aim_interfaces/msg/detail/fas__type_support.h
[0.261s] -- Up-to-date: /home/ubuntu-nuc/rc2_ws/install/auto_aim_interfaces/include/auto_aim_interfaces/auto_aim_interfaces/msg/detail/target__functions.c
[0.261s] -- Up-to-date: /home/ubuntu-nuc/rc2_ws/install/auto_aim_interfaces/include/auto_aim_interfaces/auto_aim_interfaces/msg/detail/offset__struct.h
[0.261s] -- Up-to-date: /home/ubuntu-nuc/rc2_ws/install/auto_aim_interfaces/include/auto_aim_interfaces/auto_aim_interfaces/msg/detail/offset__functions.h
[0.261s] -- Up-to-date: /home/ubuntu-nuc/rc2_ws/install/auto_aim_interfaces/include/auto_aim_interfaces/auto_aim_interfaces/msg/detail/target__struct.h
[0.262s] -- Up-to-date: /home/ubuntu-nuc/rc2_ws/install/auto_aim_interfaces/include/auto_aim_interfaces/auto_aim_interfaces/msg/detail/offset__type_support.h
[0.262s] -- Up-to-date: /home/ubuntu-nuc/rc2_ws/install/auto_aim_interfaces/share/auto_aim_interfaces/environment/library_path.sh
[0.262s] -- Up-to-date: /home/ubuntu-nuc/rc2_ws/install/auto_aim_interfaces/share/auto_aim_interfaces/environment/library_path.dsv
[0.262s] -- Up-to-date: /home/ubuntu-nuc/rc2_ws/install/auto_aim_interfaces/lib/libauto_aim_interfaces__rosidl_generator_c.so
[0.262s] -- Up-to-date: /home/ubuntu-nuc/rc2_ws/install/auto_aim_interfaces/include/auto_aim_interfaces/auto_aim_interfaces
[0.262s] -- Up-to-date: /home/ubuntu-nuc/rc2_ws/install/auto_aim_interfaces/include/auto_aim_interfaces/auto_aim_interfaces/msg
[0.262s] -- Up-to-date: /home/ubuntu-nuc/rc2_ws/install/auto_aim_interfaces/include/auto_aim_interfaces/auto_aim_interfaces/msg/rosidl_typesupport_fastrtps_c__visibility_control.h
[0.262s] -- Up-to-date: /home/ubuntu-nuc/rc2_ws/install/auto_aim_interfaces/include/auto_aim_interfaces/auto_aim_interfaces/msg/detail
[0.262s] -- Up-to-date: /home/ubuntu-nuc/rc2_ws/install/auto_aim_interfaces/include/auto_aim_interfaces/auto_aim_interfaces/msg/detail/fas__rosidl_typesupport_fastrtps_c.h
[0.262s] -- Up-to-date: /home/ubuntu-nuc/rc2_ws/install/auto_aim_interfaces/include/auto_aim_interfaces/auto_aim_interfaces/msg/detail/offset__rosidl_typesupport_fastrtps_c.h
[0.262s] -- Up-to-date: /home/ubuntu-nuc/rc2_ws/install/auto_aim_interfaces/include/auto_aim_interfaces/auto_aim_interfaces/msg/detail/target__rosidl_typesupport_fastrtps_c.h
[0.262s] -- Up-to-date: /home/ubuntu-nuc/rc2_ws/install/auto_aim_interfaces/lib/libauto_aim_interfaces__rosidl_typesupport_fastrtps_c.so
[0.262s] -- Up-to-date: /home/ubuntu-nuc/rc2_ws/install/auto_aim_interfaces/include/auto_aim_interfaces/auto_aim_interfaces
[0.262s] -- Up-to-date: /home/ubuntu-nuc/rc2_ws/install/auto_aim_interfaces/include/auto_aim_interfaces/auto_aim_interfaces/msg
[0.262s] -- Up-to-date: /home/ubuntu-nuc/rc2_ws/install/auto_aim_interfaces/include/auto_aim_interfaces/auto_aim_interfaces/msg/detail
[0.262s] -- Up-to-date: /home/ubuntu-nuc/rc2_ws/install/auto_aim_interfaces/include/auto_aim_interfaces/auto_aim_interfaces/msg/detail/target__rosidl_typesupport_introspection_c.h
[0.262s] -- Up-to-date: /home/ubuntu-nuc/rc2_ws/install/auto_aim_interfaces/include/auto_aim_interfaces/auto_aim_interfaces/msg/detail/fas__type_support.c
[0.262s] -- Up-to-date: /home/ubuntu-nuc/rc2_ws/install/auto_aim_interfaces/include/auto_aim_interfaces/auto_aim_interfaces/msg/detail/offset__rosidl_typesupport_introspection_c.h
[0.262s] -- Up-to-date: /home/ubuntu-nuc/rc2_ws/install/auto_aim_interfaces/include/auto_aim_interfaces/auto_aim_interfaces/msg/detail/target__type_support.c
[0.262s] -- Up-to-date: /home/ubuntu-nuc/rc2_ws/install/auto_aim_interfaces/include/auto_aim_interfaces/auto_aim_interfaces/msg/detail/offset__type_support.c
[0.262s] -- Up-to-date: /home/ubuntu-nuc/rc2_ws/install/auto_aim_interfaces/include/auto_aim_interfaces/auto_aim_interfaces/msg/detail/fas__rosidl_typesupport_introspection_c.h
[0.262s] -- Up-to-date: /home/ubuntu-nuc/rc2_ws/install/auto_aim_interfaces/include/auto_aim_interfaces/auto_aim_interfaces/msg/rosidl_typesupport_introspection_c__visibility_control.h
[0.262s] -- Up-to-date: /home/ubuntu-nuc/rc2_ws/install/auto_aim_interfaces/lib/libauto_aim_interfaces__rosidl_typesupport_introspection_c.so
[0.262s] -- Up-to-date: /home/ubuntu-nuc/rc2_ws/install/auto_aim_interfaces/lib/libauto_aim_interfaces__rosidl_typesupport_c.so
[0.262s] -- Up-to-date: /home/ubuntu-nuc/rc2_ws/install/auto_aim_interfaces/include/auto_aim_interfaces/auto_aim_interfaces
[0.263s] -- Up-to-date: /home/ubuntu-nuc/rc2_ws/install/auto_aim_interfaces/include/auto_aim_interfaces/auto_aim_interfaces/msg
[0.263s] -- Up-to-date: /home/ubuntu-nuc/rc2_ws/install/auto_aim_interfaces/include/auto_aim_interfaces/auto_aim_interfaces/msg/rosidl_generator_cpp__visibility_control.hpp
[0.263s] -- Up-to-date: /home/ubuntu-nuc/rc2_ws/install/auto_aim_interfaces/include/auto_aim_interfaces/auto_aim_interfaces/msg/offset.hpp
[0.263s] -- Up-to-date: /home/ubuntu-nuc/rc2_ws/install/auto_aim_interfaces/include/auto_aim_interfaces/auto_aim_interfaces/msg/target.hpp
[0.263s] -- Up-to-date: /home/ubuntu-nuc/rc2_ws/install/auto_aim_interfaces/include/auto_aim_interfaces/auto_aim_interfaces/msg/fas.hpp
[0.263s] -- Up-to-date: /home/ubuntu-nuc/rc2_ws/install/auto_aim_interfaces/include/auto_aim_interfaces/auto_aim_interfaces/msg/detail
[0.263s] -- Up-to-date: /home/ubuntu-nuc/rc2_ws/install/auto_aim_interfaces/include/auto_aim_interfaces/auto_aim_interfaces/msg/detail/fas__builder.hpp
[0.263s] -- Up-to-date: /home/ubuntu-nuc/rc2_ws/install/auto_aim_interfaces/include/auto_aim_interfaces/auto_aim_interfaces/msg/detail/offset__type_support.hpp
[0.263s] -- Up-to-date: /home/ubuntu-nuc/rc2_ws/install/auto_aim_interfaces/include/auto_aim_interfaces/auto_aim_interfaces/msg/detail/target__builder.hpp
[0.263s] -- Up-to-date: /home/ubuntu-nuc/rc2_ws/install/auto_aim_interfaces/include/auto_aim_interfaces/auto_aim_interfaces/msg/detail/target__type_support.hpp
[0.263s] -- Up-to-date: /home/ubuntu-nuc/rc2_ws/install/auto_aim_interfaces/include/auto_aim_interfaces/auto_aim_interfaces/msg/detail/target__struct.hpp
[0.263s] -- Up-to-date: /home/ubuntu-nuc/rc2_ws/install/auto_aim_interfaces/include/auto_aim_interfaces/auto_aim_interfaces/msg/detail/offset__struct.hpp
[0.263s] -- Up-to-date: /home/ubuntu-nuc/rc2_ws/install/auto_aim_interfaces/include/auto_aim_interfaces/auto_aim_interfaces/msg/detail/target__traits.hpp
[0.263s] -- Up-to-date: /home/ubuntu-nuc/rc2_ws/install/auto_aim_interfaces/include/auto_aim_interfaces/auto_aim_interfaces/msg/detail/fas__traits.hpp
[0.263s] -- Up-to-date: /home/ubuntu-nuc/rc2_ws/install/auto_aim_interfaces/include/auto_aim_interfaces/auto_aim_interfaces/msg/detail/fas__struct.hpp
[0.263s] -- Up-to-date: /home/ubuntu-nuc/rc2_ws/install/auto_aim_interfaces/include/auto_aim_interfaces/auto_aim_interfaces/msg/detail/offset__traits.hpp
[0.263s] -- Up-to-date: /home/ubuntu-nuc/rc2_ws/install/auto_aim_interfaces/include/auto_aim_interfaces/auto_aim_interfaces/msg/detail/fas__type_support.hpp
[0.263s] -- Up-to-date: /home/ubuntu-nuc/rc2_ws/install/auto_aim_interfaces/include/auto_aim_interfaces/auto_aim_interfaces/msg/detail/offset__builder.hpp
[0.263s] -- Up-to-date: /home/ubuntu-nuc/rc2_ws/install/auto_aim_interfaces/include/auto_aim_interfaces/auto_aim_interfaces
[0.263s] -- Up-to-date: /home/ubuntu-nuc/rc2_ws/install/auto_aim_interfaces/include/auto_aim_interfaces/auto_aim_interfaces/msg
[0.263s] -- Up-to-date: /home/ubuntu-nuc/rc2_ws/install/auto_aim_interfaces/include/auto_aim_interfaces/auto_aim_interfaces/msg/rosidl_typesupport_fastrtps_cpp__visibility_control.h
[0.263s] -- Up-to-date: /home/ubuntu-nuc/rc2_ws/install/auto_aim_interfaces/include/auto_aim_interfaces/auto_aim_interfaces/msg/detail
[0.264s] -- Up-to-date: /home/ubuntu-nuc/rc2_ws/install/auto_aim_interfaces/include/auto_aim_interfaces/auto_aim_interfaces/msg/detail/offset__rosidl_typesupport_fastrtps_cpp.hpp
[0.264s] -- Up-to-date: /home/ubuntu-nuc/rc2_ws/install/auto_aim_interfaces/include/auto_aim_interfaces/auto_aim_interfaces/msg/detail/dds_fastrtps
[0.264s] -- Up-to-date: /home/ubuntu-nuc/rc2_ws/install/auto_aim_interfaces/include/auto_aim_interfaces/auto_aim_interfaces/msg/detail/fas__rosidl_typesupport_fastrtps_cpp.hpp
[0.264s] -- Up-to-date: /home/ubuntu-nuc/rc2_ws/install/auto_aim_interfaces/include/auto_aim_interfaces/auto_aim_interfaces/msg/detail/target__rosidl_typesupport_fastrtps_cpp.hpp
[0.264s] -- Up-to-date: /home/ubuntu-nuc/rc2_ws/install/auto_aim_interfaces/lib/libauto_aim_interfaces__rosidl_typesupport_fastrtps_cpp.so
[0.264s] -- Up-to-date: /home/ubuntu-nuc/rc2_ws/install/auto_aim_interfaces/include/auto_aim_interfaces/auto_aim_interfaces
[0.264s] -- Up-to-date: /home/ubuntu-nuc/rc2_ws/install/auto_aim_interfaces/include/auto_aim_interfaces/auto_aim_interfaces/msg
[0.264s] -- Up-to-date: /home/ubuntu-nuc/rc2_ws/install/auto_aim_interfaces/include/auto_aim_interfaces/auto_aim_interfaces/msg/detail
[0.264s] -- Up-to-date: /home/ubuntu-nuc/rc2_ws/install/auto_aim_interfaces/include/auto_aim_interfaces/auto_aim_interfaces/msg/detail/target__rosidl_typesupport_introspection_cpp.hpp
[0.264s] -- Up-to-date: /home/ubuntu-nuc/rc2_ws/install/auto_aim_interfaces/include/auto_aim_interfaces/auto_aim_interfaces/msg/detail/fas__rosidl_typesupport_introspection_cpp.hpp
[0.264s] -- Up-to-date: /home/ubuntu-nuc/rc2_ws/install/auto_aim_interfaces/include/auto_aim_interfaces/auto_aim_interfaces/msg/detail/fas__type_support.cpp
[0.264s] -- Up-to-date: /home/ubuntu-nuc/rc2_ws/install/auto_aim_interfaces/include/auto_aim_interfaces/auto_aim_interfaces/msg/detail/offset__type_support.cpp
[0.264s] -- Up-to-date: /home/ubuntu-nuc/rc2_ws/install/auto_aim_interfaces/include/auto_aim_interfaces/auto_aim_interfaces/msg/detail/offset__rosidl_typesupport_introspection_cpp.hpp
[0.264s] -- Up-to-date: /home/ubuntu-nuc/rc2_ws/install/auto_aim_interfaces/include/auto_aim_interfaces/auto_aim_interfaces/msg/detail/target__type_support.cpp
[0.264s] -- Up-to-date: /home/ubuntu-nuc/rc2_ws/install/auto_aim_interfaces/lib/libauto_aim_interfaces__rosidl_typesupport_introspection_cpp.so
[0.264s] -- Up-to-date: /home/ubuntu-nuc/rc2_ws/install/auto_aim_interfaces/lib/libauto_aim_interfaces__rosidl_typesupport_cpp.so
[0.264s] -- Up-to-date: /home/ubuntu-nuc/rc2_ws/install/auto_aim_interfaces/share/auto_aim_interfaces/environment/pythonpath.sh
[0.264s] -- Up-to-date: /home/ubuntu-nuc/rc2_ws/install/auto_aim_interfaces/share/auto_aim_interfaces/environment/pythonpath.dsv
[0.264s] -- Up-to-date: /home/ubuntu-nuc/rc2_ws/install/auto_aim_interfaces/local/lib/python3.10/dist-packages/auto_aim_interfaces-0.0.1-py3.10.egg-info
[0.264s] -- Installing: /home/ubuntu-nuc/rc2_ws/install/auto_aim_interfaces/local/lib/python3.10/dist-packages/auto_aim_interfaces-0.0.1-py3.10.egg-info/dependency_links.txt
[0.264s] -- Installing: /home/ubuntu-nuc/rc2_ws/install/auto_aim_interfaces/local/lib/python3.10/dist-packages/auto_aim_interfaces-0.0.1-py3.10.egg-info/top_level.txt
[0.264s] -- Installing: /home/ubuntu-nuc/rc2_ws/install/auto_aim_interfaces/local/lib/python3.10/dist-packages/auto_aim_interfaces-0.0.1-py3.10.egg-info/PKG-INFO
[0.264s] -- Installing: /home/ubuntu-nuc/rc2_ws/install/auto_aim_interfaces/local/lib/python3.10/dist-packages/auto_aim_interfaces-0.0.1-py3.10.egg-info/SOURCES.txt
[0.264s] -- Up-to-date: /home/ubuntu-nuc/rc2_ws/install/auto_aim_interfaces/local/lib/python3.10/dist-packages/auto_aim_interfaces
[0.264s] -- Up-to-date: /home/ubuntu-nuc/rc2_ws/install/auto_aim_interfaces/local/lib/python3.10/dist-packages/auto_aim_interfaces/__init__.py
[0.264s] -- Up-to-date: /home/ubuntu-nuc/rc2_ws/install/auto_aim_interfaces/local/lib/python3.10/dist-packages/auto_aim_interfaces/libauto_aim_interfaces__rosidl_generator_py.so
[0.264s] -- Up-to-date: /home/ubuntu-nuc/rc2_ws/install/auto_aim_interfaces/local/lib/python3.10/dist-packages/auto_aim_interfaces/auto_aim_interfaces_s__rosidl_typesupport_c.cpython-310-x86_64-linux-gnu.so
[0.264s] -- Up-to-date: /home/ubuntu-nuc/rc2_ws/install/auto_aim_interfaces/local/lib/python3.10/dist-packages/auto_aim_interfaces/msg
[0.265s] -- Up-to-date: /home/ubuntu-nuc/rc2_ws/install/auto_aim_interfaces/local/lib/python3.10/dist-packages/auto_aim_interfaces/msg/_fas_s.c
[0.265s] -- Up-to-date: /home/ubuntu-nuc/rc2_ws/install/auto_aim_interfaces/local/lib/python3.10/dist-packages/auto_aim_interfaces/msg/__init__.py
[0.265s] -- Up-to-date: /home/ubuntu-nuc/rc2_ws/install/auto_aim_interfaces/local/lib/python3.10/dist-packages/auto_aim_interfaces/msg/_offset_s.c
[0.265s] -- Up-to-date: /home/ubuntu-nuc/rc2_ws/install/auto_aim_interfaces/local/lib/python3.10/dist-packages/auto_aim_interfaces/msg/_offset.py
[0.265s] -- Up-to-date: /home/ubuntu-nuc/rc2_ws/install/auto_aim_interfaces/local/lib/python3.10/dist-packages/auto_aim_interfaces/msg/_target_s.c
[0.265s] -- Up-to-date: /home/ubuntu-nuc/rc2_ws/install/auto_aim_interfaces/local/lib/python3.10/dist-packages/auto_aim_interfaces/msg/_fas.py
[0.265s] -- Up-to-date: /home/ubuntu-nuc/rc2_ws/install/auto_aim_interfaces/local/lib/python3.10/dist-packages/auto_aim_interfaces/msg/_target.py
[0.265s] -- Up-to-date: /home/ubuntu-nuc/rc2_ws/install/auto_aim_interfaces/local/lib/python3.10/dist-packages/auto_aim_interfaces/auto_aim_interfaces_s__rosidl_typesupport_introspection_c.cpython-310-x86_64-linux-gnu.so
[0.265s] -- Up-to-date: /home/ubuntu-nuc/rc2_ws/install/auto_aim_interfaces/local/lib/python3.10/dist-packages/auto_aim_interfaces/_auto_aim_interfaces_s.ep.rosidl_typesupport_introspection_c.c
[0.265s] -- Up-to-date: /home/ubuntu-nuc/rc2_ws/install/auto_aim_interfaces/local/lib/python3.10/dist-packages/auto_aim_interfaces/_auto_aim_interfaces_s.ep.rosidl_typesupport_fastrtps_c.c
[0.265s] -- Up-to-date: /home/ubuntu-nuc/rc2_ws/install/auto_aim_interfaces/local/lib/python3.10/dist-packages/auto_aim_interfaces/_auto_aim_interfaces_s.ep.rosidl_typesupport_c.c
[0.265s] -- Up-to-date: /home/ubuntu-nuc/rc2_ws/install/auto_aim_interfaces/local/lib/python3.10/dist-packages/auto_aim_interfaces/auto_aim_interfaces_s__rosidl_typesupport_fastrtps_c.cpython-310-x86_64-linux-gnu.so
[0.288s] Listing '/home/ubuntu-nuc/rc2_ws/install/auto_aim_interfaces/local/lib/python3.10/dist-packages/auto_aim_interfaces'...
[0.288s] Listing '/home/ubuntu-nuc/rc2_ws/install/auto_aim_interfaces/local/lib/python3.10/dist-packages/auto_aim_interfaces/msg'...
[0.291s] -- Up-to-date: /home/ubuntu-nuc/rc2_ws/install/auto_aim_interfaces/local/lib/python3.10/dist-packages/auto_aim_interfaces/auto_aim_interfaces_s__rosidl_typesupport_fastrtps_c.cpython-310-x86_64-linux-gnu.so
[0.291s] -- Up-to-date: /home/ubuntu-nuc/rc2_ws/install/auto_aim_interfaces/local/lib/python3.10/dist-packages/auto_aim_interfaces/auto_aim_interfaces_s__rosidl_typesupport_introspection_c.cpython-310-x86_64-linux-gnu.so
[0.291s] -- Up-to-date: /home/ubuntu-nuc/rc2_ws/install/auto_aim_interfaces/local/lib/python3.10/dist-packages/auto_aim_interfaces/auto_aim_interfaces_s__rosidl_typesupport_c.cpython-310-x86_64-linux-gnu.so
[0.291s] -- Up-to-date: /home/ubuntu-nuc/rc2_ws/install/auto_aim_interfaces/lib/libauto_aim_interfaces__rosidl_generator_py.so
[0.291s] -- Up-to-date: /home/ubuntu-nuc/rc2_ws/install/auto_aim_interfaces/share/auto_aim_interfaces/msg/Fas.idl
[0.291s] -- Up-to-date: /home/ubuntu-nuc/rc2_ws/install/auto_aim_interfaces/share/auto_aim_interfaces/msg/Target.idl
[0.291s] -- Up-to-date: /home/ubuntu-nuc/rc2_ws/install/auto_aim_interfaces/share/auto_aim_interfaces/msg/Offset.idl
[0.291s] -- Up-to-date: /home/ubuntu-nuc/rc2_ws/install/auto_aim_interfaces/share/auto_aim_interfaces/msg/Fas.msg
[0.292s] -- Up-to-date: /home/ubuntu-nuc/rc2_ws/install/auto_aim_interfaces/share/auto_aim_interfaces/msg/Target.msg
[0.292s] -- Up-to-date: /home/ubuntu-nuc/rc2_ws/install/auto_aim_interfaces/share/auto_aim_interfaces/msg/Offset.msg
[0.292s] -- Up-to-date: /home/ubuntu-nuc/rc2_ws/install/auto_aim_interfaces/share/ament_index/resource_index/package_run_dependencies/auto_aim_interfaces
[0.292s] -- Up-to-date: /home/ubuntu-nuc/rc2_ws/install/auto_aim_interfaces/share/ament_index/resource_index/parent_prefix_path/auto_aim_interfaces
[0.292s] -- Up-to-date: /home/ubuntu-nuc/rc2_ws/install/auto_aim_interfaces/share/auto_aim_interfaces/environment/ament_prefix_path.sh
[0.292s] -- Up-to-date: /home/ubuntu-nuc/rc2_ws/install/auto_aim_interfaces/share/auto_aim_interfaces/environment/ament_prefix_path.dsv
[0.292s] -- Up-to-date: /home/ubuntu-nuc/rc2_ws/install/auto_aim_interfaces/share/auto_aim_interfaces/environment/path.sh
[0.292s] -- Up-to-date: /home/ubuntu-nuc/rc2_ws/install/auto_aim_interfaces/share/auto_aim_interfaces/environment/path.dsv
[0.292s] -- Up-to-date: /home/ubuntu-nuc/rc2_ws/install/auto_aim_interfaces/share/auto_aim_interfaces/local_setup.bash
[0.292s] -- Up-to-date: /home/ubuntu-nuc/rc2_ws/install/auto_aim_interfaces/share/auto_aim_interfaces/local_setup.sh
[0.292s] -- Up-to-date: /home/ubuntu-nuc/rc2_ws/install/auto_aim_interfaces/share/auto_aim_interfaces/local_setup.zsh
[0.292s] -- Up-to-date: /home/ubuntu-nuc/rc2_ws/install/auto_aim_interfaces/share/auto_aim_interfaces/local_setup.dsv
[0.292s] -- Up-to-date: /home/ubuntu-nuc/rc2_ws/install/auto_aim_interfaces/share/auto_aim_interfaces/package.dsv
[0.292s] -- Up-to-date: /home/ubuntu-nuc/rc2_ws/install/auto_aim_interfaces/share/ament_index/resource_index/packages/auto_aim_interfaces
[0.292s] -- Up-to-date: /home/ubuntu-nuc/rc2_ws/install/auto_aim_interfaces/share/auto_aim_interfaces/cmake/export_auto_aim_interfaces__rosidl_generator_cExport.cmake
[0.292s] -- Up-to-date: /home/ubuntu-nuc/rc2_ws/install/auto_aim_interfaces/share/auto_aim_interfaces/cmake/export_auto_aim_interfaces__rosidl_generator_cExport-noconfig.cmake
[0.292s] -- Up-to-date: /home/ubuntu-nuc/rc2_ws/install/auto_aim_interfaces/share/auto_aim_interfaces/cmake/export_auto_aim_interfaces__rosidl_typesupport_fastrtps_cExport.cmake
[0.292s] -- Up-to-date: /home/ubuntu-nuc/rc2_ws/install/auto_aim_interfaces/share/auto_aim_interfaces/cmake/export_auto_aim_interfaces__rosidl_typesupport_fastrtps_cExport-noconfig.cmake
[0.292s] -- Up-to-date: /home/ubuntu-nuc/rc2_ws/install/auto_aim_interfaces/share/auto_aim_interfaces/cmake/auto_aim_interfaces__rosidl_typesupport_introspection_cExport.cmake
[0.292s] -- Up-to-date: /home/ubuntu-nuc/rc2_ws/install/auto_aim_interfaces/share/auto_aim_interfaces/cmake/auto_aim_interfaces__rosidl_typesupport_introspection_cExport-noconfig.cmake
[0.293s] -- Up-to-date: /home/ubuntu-nuc/rc2_ws/install/auto_aim_interfaces/share/auto_aim_interfaces/cmake/auto_aim_interfaces__rosidl_typesupport_cExport.cmake
[0.293s] -- Up-to-date: /home/ubuntu-nuc/rc2_ws/install/auto_aim_interfaces/share/auto_aim_interfaces/cmake/auto_aim_interfaces__rosidl_typesupport_cExport-noconfig.cmake
[0.293s] -- Up-to-date: /home/ubuntu-nuc/rc2_ws/install/auto_aim_interfaces/share/auto_aim_interfaces/cmake/export_auto_aim_interfaces__rosidl_generator_cppExport.cmake
[0.293s] -- Up-to-date: /home/ubuntu-nuc/rc2_ws/install/auto_aim_interfaces/share/auto_aim_interfaces/cmake/export_auto_aim_interfaces__rosidl_typesupport_fastrtps_cppExport.cmake
[0.293s] -- Up-to-date: /home/ubuntu-nuc/rc2_ws/install/auto_aim_interfaces/share/auto_aim_interfaces/cmake/export_auto_aim_interfaces__rosidl_typesupport_fastrtps_cppExport-noconfig.cmake
[0.293s] -- Up-to-date: /home/ubuntu-nuc/rc2_ws/install/auto_aim_interfaces/share/auto_aim_interfaces/cmake/auto_aim_interfaces__rosidl_typesupport_introspection_cppExport.cmake
[0.293s] -- Up-to-date: /home/ubuntu-nuc/rc2_ws/install/auto_aim_interfaces/share/auto_aim_interfaces/cmake/auto_aim_interfaces__rosidl_typesupport_introspection_cppExport-noconfig.cmake
[0.293s] -- Up-to-date: /home/ubuntu-nuc/rc2_ws/install/auto_aim_interfaces/share/auto_aim_interfaces/cmake/auto_aim_interfaces__rosidl_typesupport_cppExport.cmake
[0.293s] -- Up-to-date: /home/ubuntu-nuc/rc2_ws/install/auto_aim_interfaces/share/auto_aim_interfaces/cmake/auto_aim_interfaces__rosidl_typesupport_cppExport-noconfig.cmake
[0.293s] -- Up-to-date: /home/ubuntu-nuc/rc2_ws/install/auto_aim_interfaces/share/auto_aim_interfaces/cmake/export_auto_aim_interfaces__rosidl_generator_pyExport.cmake
[0.293s] -- Up-to-date: /home/ubuntu-nuc/rc2_ws/install/auto_aim_interfaces/share/auto_aim_interfaces/cmake/export_auto_aim_interfaces__rosidl_generator_pyExport-noconfig.cmake
[0.293s] -- Up-to-date: /home/ubuntu-nuc/rc2_ws/install/auto_aim_interfaces/share/auto_aim_interfaces/cmake/rosidl_cmake-extras.cmake
[0.293s] -- Up-to-date: /home/ubuntu-nuc/rc2_ws/install/auto_aim_interfaces/share/auto_aim_interfaces/cmake/ament_cmake_export_include_directories-extras.cmake
[0.293s] -- Up-to-date: /home/ubuntu-nuc/rc2_ws/install/auto_aim_interfaces/share/auto_aim_interfaces/cmake/ament_cmake_export_libraries-extras.cmake
[0.293s] -- Up-to-date: /home/ubuntu-nuc/rc2_ws/install/auto_aim_interfaces/share/auto_aim_interfaces/cmake/ament_cmake_export_targets-extras.cmake
[0.293s] -- Up-to-date: /home/ubuntu-nuc/rc2_ws/install/auto_aim_interfaces/share/auto_aim_interfaces/cmake/rosidl_cmake_export_typesupport_targets-extras.cmake
[0.293s] -- Up-to-date: /home/ubuntu-nuc/rc2_ws/install/auto_aim_interfaces/share/auto_aim_interfaces/cmake/ament_cmake_export_dependencies-extras.cmake
[0.293s] -- Up-to-date: /home/ubuntu-nuc/rc2_ws/install/auto_aim_interfaces/share/auto_aim_interfaces/cmake/rosidl_cmake_export_typesupport_libraries-extras.cmake
[0.293s] -- Up-to-date: /home/ubuntu-nuc/rc2_ws/install/auto_aim_interfaces/share/auto_aim_interfaces/cmake/auto_aim_interfacesConfig.cmake
[0.293s] -- Up-to-date: /home/ubuntu-nuc/rc2_ws/install/auto_aim_interfaces/share/auto_aim_interfaces/cmake/auto_aim_interfacesConfig-version.cmake
[0.293s] -- Up-to-date: /home/ubuntu-nuc/rc2_ws/install/auto_aim_interfaces/share/auto_aim_interfaces/package.xml
[0.294s] Invoked command in '/home/ubuntu-nuc/rc2_ws/build/auto_aim_interfaces' returned '0': /usr/local/bin/cmake --install /home/ubuntu-nuc/rc2_ws/build/auto_aim_interfaces
