[0mCMake Deprecation Warning at CMakeLists.txt:1 (cmake_minimum_required):
  Compatibility with CMake < 3.10 will be removed from a future version of
  CMake.

  Update the VERSION argument <min> value.  Or, use the <min>...<max> syntax
  to tell CMake that the project requires at least <min> but has been updated
  to work with policies introduced by <max> or earlier.

[0m
[33mCMake Warning (dev) at /usr/lib/x86_64-linux-gnu/cmake/pcl/PCLConfig.cmake:146 (find_package):
  Policy CMP0144 is not set: find_package uses upper-case <PACKAGENAME>_ROOT
  variables.  Run "cmake --help-policy CMP0144" for policy details.  Use the
  cmake_policy command to set the policy and suppress this warning.

  CMake variable EIGEN_ROOT is set to:

    /usr/include/eigen3

  For compatibility, find_package is ignoring the variable, but code in a
  .cmake module might still use it.
Call Stack (most recent call first):
  /usr/lib/x86_64-linux-gnu/cmake/pcl/PCLConfig.cmake:299 (find_eigen)
  /usr/lib/x86_64-linux-gnu/cmake/pcl/PCLConfig.cmake:543 (find_external_library)
  /opt/ros/humble/share/pcl_conversions/cmake/ament_cmake_export_dependencies-extras.cmake:21 (find_package)
  /opt/ros/humble/share/pcl_conversions/cmake/pcl_conversionsConfig.cmake:41 (include)
  /home/ubuntu-nuc/rc2_ws/install/livox_ros_driver2/share/livox_ros_driver2/cmake/ament_cmake_export_dependencies-extras.cmake:21 (find_package)
  /home/ubuntu-nuc/rc2_ws/install/livox_ros_driver2/share/livox_ros_driver2/cmake/livox_ros_driver2Config.cmake:41 (include)
  CMakeLists.txt:30 (find_package)
This warning is for project developers.  Use -Wno-dev to suppress it.
[0m
[33mCMake Warning (dev) at /usr/lib/x86_64-linux-gnu/cmake/pcl/PCLConfig.cmake:128 (find_package):
  Policy CMP0167 is not set: The FindBoost module is removed.  Run "cmake
  --help-policy CMP0167" for policy details.  Use the cmake_policy command to
  set the policy and suppress this warning.

Call Stack (most recent call first):
  /usr/lib/x86_64-linux-gnu/cmake/pcl/PCLConfig.cmake:297 (find_boost)
  /usr/lib/x86_64-linux-gnu/cmake/pcl/PCLConfig.cmake:543 (find_external_library)
  /opt/ros/humble/share/pcl_conversions/cmake/ament_cmake_export_dependencies-extras.cmake:21 (find_package)
  /opt/ros/humble/share/pcl_conversions/cmake/pcl_conversionsConfig.cmake:41 (include)
  /home/ubuntu-nuc/rc2_ws/install/livox_ros_driver2/share/livox_ros_driver2/cmake/ament_cmake_export_dependencies-extras.cmake:21 (find_package)
  /home/ubuntu-nuc/rc2_ws/install/livox_ros_driver2/share/livox_ros_driver2/cmake/livox_ros_driver2Config.cmake:41 (include)
  CMakeLists.txt:30 (find_package)
This warning is for project developers.  Use -Wno-dev to suppress it.
[0m
[33mCMake Warning (dev) at /usr/lib/x86_64-linux-gnu/cmake/pcl/Modules/FindFLANN.cmake:44 (find_package):
  Policy CMP0144 is not set: find_package uses upper-case <PACKAGENAME>_ROOT
  variables.  Run "cmake --help-policy CMP0144" for policy details.  Use the
  cmake_policy command to set the policy and suppress this warning.

  CMake variable FLANN_ROOT is set to:

    /usr

  For compatibility, find_package is ignoring the variable, but code in a
  .cmake module might still use it.
Call Stack (most recent call first):
  /usr/lib/x86_64-linux-gnu/cmake/pcl/PCLConfig.cmake:256 (find_package)
  /usr/lib/x86_64-linux-gnu/cmake/pcl/PCLConfig.cmake:301 (find_flann)
  /usr/lib/x86_64-linux-gnu/cmake/pcl/PCLConfig.cmake:543 (find_external_library)
  /opt/ros/humble/share/pcl_conversions/cmake/ament_cmake_export_dependencies-extras.cmake:21 (find_package)
  /opt/ros/humble/share/pcl_conversions/cmake/pcl_conversionsConfig.cmake:41 (include)
  /home/ubuntu-nuc/rc2_ws/install/livox_ros_driver2/share/livox_ros_driver2/cmake/ament_cmake_export_dependencies-extras.cmake:21 (find_package)
  /home/ubuntu-nuc/rc2_ws/install/livox_ros_driver2/share/livox_ros_driver2/cmake/livox_ros_driver2Config.cmake:41 (include)
  CMakeLists.txt:30 (find_package)
This warning is for project developers.  Use -Wno-dev to suppress it.
[0m
[33mCMake Warning (dev) at /usr/lib/x86_64-linux-gnu/cmake/pcl/PCLConfig.cmake:128 (find_package):
  Policy CMP0167 is not set: The FindBoost module is removed.  Run "cmake
  --help-policy CMP0167" for policy details.  Use the cmake_policy command to
  set the policy and suppress this warning.

Call Stack (most recent call first):
  /usr/lib/x86_64-linux-gnu/cmake/pcl/PCLConfig.cmake:297 (find_boost)
  /usr/lib/x86_64-linux-gnu/cmake/pcl/PCLConfig.cmake:543 (find_external_library)
  /opt/ros/humble/share/pcl_conversions/cmake/ament_cmake_export_dependencies-extras.cmake:21 (find_package)
  /opt/ros/humble/share/pcl_conversions/cmake/pcl_conversionsConfig.cmake:41 (include)
  /home/ubuntu-nuc/rc2_ws/install/livox_ros_driver2/share/livox_ros_driver2/cmake/ament_cmake_export_dependencies-extras.cmake:21 (find_package)
  /home/ubuntu-nuc/rc2_ws/install/livox_ros_driver2/share/livox_ros_driver2/cmake/livox_ros_driver2Config.cmake:41 (include)
  CMakeLists.txt:30 (find_package)
This warning is for project developers.  Use -Wno-dev to suppress it.
[0m
[33mCMake Warning (dev) at CMakeLists.txt:35 (find_package):
  Policy CMP0074 is not set: find_package uses <PackageName>_ROOT variables.
  Run "cmake --help-policy CMP0074" for policy details.  Use the cmake_policy
  command to set the policy and suppress this warning.

  CMake variable PCL_ROOT is set to:

    /usr

  For compatibility, CMake is ignoring the variable.
This warning is for project developers.  Use -Wno-dev to suppress it.
[0m
[33mCMake Warning:
  Manually-specified variables were not used by the project:

    DISTRO_ROS
    ROS_EDITION

[0m
/home/ubuntu-nuc/rc2_ws/src/FASTLIO2_ROS2/fastlio2/src/map_builder/ikd_Tree.cpp: In instantiation of ‘[01m[Kvoid KD_TREE<PointType>::multi_thread_rebuild() [with PointType = pcl::PointXYZ][m[K’:
[01m[K/home/ubuntu-nuc/rc2_ws/src/FASTLIO2_ROS2/fastlio2/src/map_builder/ikd_Tree.cpp:1730:16:[m[K   required from here
[01m[K/home/ubuntu-nuc/rc2_ws/src/FASTLIO2_ROS2/fastlio2/src/map_builder/ikd_Tree.cpp:329:17:[m[K [01;35m[Kwarning: [m[Kunused variable ‘[01m[Kvalid_old[m[K’ [[01;35m[K-Wunused-variable[m[K]
  329 |             int [01;35m[Kvalid_old[m[K = old_root_node->TreeSize - old_root_node->invalid_point_num;
      |                 [01;35m[K^~~~~~~~~[m[K
[01m[K/home/ubuntu-nuc/rc2_ws/src/FASTLIO2_ROS2/fastlio2/src/map_builder/ikd_Tree.cpp:330:17:[m[K [01;35m[Kwarning: [m[Kunused variable ‘[01m[Kvalid_new[m[K’ [[01;35m[K-Wunused-variable[m[K]
  330 |             int [01;35m[Kvalid_new[m[K = new_root_node->TreeSize - new_root_node->invalid_point_num;
      |                 [01;35m[K^~~~~~~~~[m[K
[01m[K/home/ubuntu-nuc/rc2_ws/src/FASTLIO2_ROS2/fastlio2/src/map_builder/ikd_Tree.cpp:231:33:[m[K [01;35m[Kwarning: [m[Kunused variable ‘[01m[Knew_node_ptr[m[K’ [[01;35m[K-Wunused-variable[m[K]
  231 |     KD_TREE_NODE *father_ptr, **[01;35m[Knew_node_ptr[m[K;
      |                                 [01;35m[K^~~~~~~~~~~~[m[K
/home/ubuntu-nuc/rc2_ws/src/FASTLIO2_ROS2/fastlio2/src/map_builder/ikd_Tree.cpp: In instantiation of ‘[01m[Kvoid KD_TREE<PointType>::Rebuild(KD_TREE<PointType>::KD_TREE_NODE**) [with PointType = pcl::PointXYZ][m[K’:
[01m[K/home/ubuntu-nuc/rc2_ws/src/FASTLIO2_ROS2/fastlio2/src/map_builder/ikd_Tree.cpp:1730:16:[m[K   required from here
[01m[K/home/ubuntu-nuc/rc2_ws/src/FASTLIO2_ROS2/fastlio2/src/map_builder/ikd_Tree.cpp:751:13:[m[K [01;35m[Kwarning: [m[Kunused variable ‘[01m[Ksize_rec[m[K’ [[01;35m[K-Wunused-variable[m[K]
  751 |         int [01;35m[Ksize_rec[m[K = (*root)->TreeSize;
      |             [01;35m[K^~~~~~~~[m[K
/home/ubuntu-nuc/rc2_ws/src/FASTLIO2_ROS2/fastlio2/src/map_builder/ikd_Tree.cpp: In instantiation of ‘[01m[Kint KD_TREE<PointType>::Delete_by_range(KD_TREE<PointType>::KD_TREE_NODE**, BoxPointType, bool, bool) [with PointType = pcl::PointXYZ][m[K’:
[01m[K/home/ubuntu-nuc/rc2_ws/src/FASTLIO2_ROS2/fastlio2/src/map_builder/ikd_Tree.cpp:1730:16:[m[K   required from here
[01m[K/home/ubuntu-nuc/rc2_ws/src/FASTLIO2_ROS2/fastlio2/src/map_builder/ikd_Tree.cpp:802:21:[m[K [01;35m[Kwarning: [m[Kunused variable ‘[01m[KTimeout[m[K’ [[01;35m[K-Wunused-variable[m[K]
  802 |     struct timespec [01;35m[KTimeout[m[K;
      |                     [01;35m[K^~~~~~~[m[K
/home/ubuntu-nuc/rc2_ws/src/FASTLIO2_ROS2/fastlio2/src/map_builder/ikd_Tree.cpp: In instantiation of ‘[01m[Kvoid KD_TREE<PointType>::Delete_by_point(KD_TREE<PointType>::KD_TREE_NODE**, PointType, bool) [with PointType = pcl::PointXYZ][m[K’:
[01m[K/home/ubuntu-nuc/rc2_ws/src/FASTLIO2_ROS2/fastlio2/src/map_builder/ikd_Tree.cpp:1730:16:[m[K   required from here
[01m[K/home/ubuntu-nuc/rc2_ws/src/FASTLIO2_ROS2/fastlio2/src/map_builder/ikd_Tree.cpp:867:21:[m[K [01;35m[Kwarning: [m[Kunused variable ‘[01m[KTimeout[m[K’ [[01;35m[K-Wunused-variable[m[K]
  867 |     struct timespec [01;35m[KTimeout[m[K;
      |                     [01;35m[K^~~~~~~[m[K
/home/ubuntu-nuc/rc2_ws/src/FASTLIO2_ROS2/fastlio2/src/map_builder/ikd_Tree.cpp: In instantiation of ‘[01m[Kvoid KD_TREE<PointType>::Add_by_point(KD_TREE<PointType>::KD_TREE_NODE**, PointType, bool, int) [with PointType = pcl::PointXYZ][m[K’:
[01m[K/home/ubuntu-nuc/rc2_ws/src/FASTLIO2_ROS2/fastlio2/src/map_builder/ikd_Tree.cpp:1730:16:[m[K   required from here
[01m[K/home/ubuntu-nuc/rc2_ws/src/FASTLIO2_ROS2/fastlio2/src/map_builder/ikd_Tree.cpp:1006:21:[m[K [01;35m[Kwarning: [m[Kunused variable ‘[01m[KTimeout[m[K’ [[01;35m[K-Wunused-variable[m[K]
 1006 |     struct timespec [01;35m[KTimeout[m[K;
      |                     [01;35m[K^~~~~~~[m[K
/home/ubuntu-nuc/rc2_ws/src/FASTLIO2_ROS2/fastlio2/src/map_builder/ikd_Tree.cpp: In instantiation of ‘[01m[Kvoid KD_TREE<PointType>::Add_by_range(KD_TREE<PointType>::KD_TREE_NODE**, BoxPointType, bool) [with PointType = pcl::PointXYZ][m[K’:
[01m[K/home/ubuntu-nuc/rc2_ws/src/FASTLIO2_ROS2/fastlio2/src/map_builder/ikd_Tree.cpp:1730:16:[m[K   required from here
[01m[K/home/ubuntu-nuc/rc2_ws/src/FASTLIO2_ROS2/fastlio2/src/map_builder/ikd_Tree.cpp:946:21:[m[K [01;35m[Kwarning: [m[Kunused variable ‘[01m[KTimeout[m[K’ [[01;35m[K-Wunused-variable[m[K]
  946 |     struct timespec [01;35m[KTimeout[m[K;
      |                     [01;35m[K^~~~~~~[m[K
/home/ubuntu-nuc/rc2_ws/src/FASTLIO2_ROS2/fastlio2/src/map_builder/ikd_Tree.cpp: In instantiation of ‘[01m[Kvoid KD_TREE<PointType>::Search(KD_TREE<PointType>::KD_TREE_NODE*, int, PointType, KD_TREE<PointType>::MANUAL_HEAP&, float) [with PointType = pcl::PointXYZ][m[K’:
[01m[K/home/ubuntu-nuc/rc2_ws/src/FASTLIO2_ROS2/fastlio2/src/map_builder/ikd_Tree.cpp:1730:16:[m[K   required from here
[01m[K/home/ubuntu-nuc/rc2_ws/src/FASTLIO2_ROS2/fastlio2/src/map_builder/ikd_Tree.cpp:1097:63:[m[K [01;35m[Kwarning: [m[Ksuggest parentheses around ‘[01m[K&&[m[K’ within ‘[01m[K||[m[K’ [[01;35m[K-Wparentheses[m[K]
 1097 |     if (q.size() < k_nearest || [01;35m[Kdist_left_node < q.top().dist && dist_right_node < q.top().dist[m[K)
      |                                 [01;35m[K~~~~~~~~~~~~~~~~~~~~~~~~~~~~~~^~~~~~~~~~~~~~~~~~~~~~~~~~~~~~~~~[m[K
[01m[K/home/ubuntu-nuc/rc2_ws/src/FASTLIO2_ROS2/fastlio2/src/map_builder/ikd_Tree.cpp:1094:9:[m[K [01;35m[Kwarning: [m[Kunused variable ‘[01m[Kcur_search_counter[m[K’ [[01;35m[K-Wunused-variable[m[K]
 1094 |     int [01;35m[Kcur_search_counter[m[K;
      |         [01;35m[K^~~~~~~~~~~~~~~~~~[m[K
/home/ubuntu-nuc/rc2_ws/src/FASTLIO2_ROS2/fastlio2/src/map_builder/ikd_Tree.cpp: In instantiation of ‘[01m[Kint KD_TREE<PointType>::Add_Points(KD_TREE<PointType>::PointVector&, bool) [with PointType = pcl::PointXYZ; KD_TREE<PointType>::PointVector = std::vector<pcl::PointXYZ, Eigen::aligned_allocator<pcl::PointXYZ> >][m[K’:
[01m[K/home/ubuntu-nuc/rc2_ws/src/FASTLIO2_ROS2/fastlio2/src/map_builder/ikd_Tree.cpp:1730:16:[m[K   required from here
[01m[K/home/ubuntu-nuc/rc2_ws/src/FASTLIO2_ROS2/fastlio2/src/map_builder/ikd_Tree.cpp:485:23:[m[K [01;35m[Kwarning: [m[Kcomparison of integer expressions of different signedness: ‘[01m[Kint[m[K’ and ‘[01m[Kstd::vector<pcl::PointXYZ, Eigen::aligned_allocator<pcl::PointXYZ> >::size_type[m[K’ {aka ‘[01m[Klong unsigned int[m[K’} [[01;35m[K-Wsign-compare[m[K]
  485 |     for (int i = 0; [01;35m[Ki < PointToAdd.size()[m[K; i++)
      |                     [01;35m[K~~^~~~~~~~~~~~~~~~~~~[m[K
[01m[K/home/ubuntu-nuc/rc2_ws/src/FASTLIO2_ROS2/fastlio2/src/map_builder/ikd_Tree.cpp:502:39:[m[K [01;35m[Kwarning: [m[Kcomparison of integer expressions of different signedness: ‘[01m[Kint[m[K’ and ‘[01m[Kstd::vector<pcl::PointXYZ, Eigen::aligned_allocator<pcl::PointXYZ> >::size_type[m[K’ {aka ‘[01m[Klong unsigned int[m[K’} [[01;35m[K-Wsign-compare[m[K]
  502 |             for (int index = 0; [01;35m[Kindex < Downsample_Storage.size()[m[K; index++)
      |                                 [01;35m[K~~~~~~^~~~~~~~~~~~~~~~~~~~~~~~~~~[m[K
[01m[K/home/ubuntu-nuc/rc2_ws/src/FASTLIO2_ROS2/fastlio2/src/map_builder/ikd_Tree.cpp:478:9:[m[K [01;35m[Kwarning: [m[Kunused variable ‘[01m[KNewPointSize[m[K’ [[01;35m[K-Wunused-variable[m[K]
  478 |     int [01;35m[KNewPointSize[m[K = PointToAdd.size();
      |         [01;35m[K^~~~~~~~~~~~[m[K
[01m[K/home/ubuntu-nuc/rc2_ws/src/FASTLIO2_ROS2/fastlio2/src/map_builder/ikd_Tree.cpp:479:9:[m[K [01;35m[Kwarning: [m[Kunused variable ‘[01m[Ktree_size[m[K’ [[01;35m[K-Wunused-variable[m[K]
  479 |     int [01;35m[Ktree_size[m[K = size();
      |         [01;35m[K^~~~~~~~~[m[K
/home/ubuntu-nuc/rc2_ws/src/FASTLIO2_ROS2/fastlio2/src/map_builder/ikd_Tree.cpp: In instantiation of ‘[01m[Kvoid KD_TREE<PointType>::Add_Point_Boxes(std::vector<BoxPointType>&) [with PointType = pcl::PointXYZ][m[K’:
[01m[K/home/ubuntu-nuc/rc2_ws/src/FASTLIO2_ROS2/fastlio2/src/map_builder/ikd_Tree.cpp:1730:16:[m[K   required from here
[01m[K/home/ubuntu-nuc/rc2_ws/src/FASTLIO2_ROS2/fastlio2/src/map_builder/ikd_Tree.cpp:576:23:[m[K [01;35m[Kwarning: [m[Kcomparison of integer expressions of different signedness: ‘[01m[Kint[m[K’ and ‘[01m[Kstd::vector<BoxPointType>::size_type[m[K’ {aka ‘[01m[Klong unsigned int[m[K’} [[01;35m[K-Wsign-compare[m[K]
  576 |     for (int i = 0; [01;35m[Ki < BoxPoints.size()[m[K; i++)
      |                     [01;35m[K~~^~~~~~~~~~~~~~~~~~[m[K
/home/ubuntu-nuc/rc2_ws/src/FASTLIO2_ROS2/fastlio2/src/map_builder/ikd_Tree.cpp: In instantiation of ‘[01m[Kvoid KD_TREE<PointType>::Delete_Points(KD_TREE<PointType>::PointVector&) [with PointType = pcl::PointXYZ; KD_TREE<PointType>::PointVector = std::vector<pcl::PointXYZ, Eigen::aligned_allocator<pcl::PointXYZ> >][m[K’:
[01m[K/home/ubuntu-nuc/rc2_ws/src/FASTLIO2_ROS2/fastlio2/src/map_builder/ikd_Tree.cpp:1730:16:[m[K   required from here
[01m[K/home/ubuntu-nuc/rc2_ws/src/FASTLIO2_ROS2/fastlio2/src/map_builder/ikd_Tree.cpp:604:23:[m[K [01;35m[Kwarning: [m[Kcomparison of integer expressions of different signedness: ‘[01m[Kint[m[K’ and ‘[01m[Kstd::vector<pcl::PointXYZ, Eigen::aligned_allocator<pcl::PointXYZ> >::size_type[m[K’ {aka ‘[01m[Klong unsigned int[m[K’} [[01;35m[K-Wsign-compare[m[K]
  604 |     for (int i = 0; [01;35m[Ki < PointToDel.size()[m[K; i++)
      |                     [01;35m[K~~^~~~~~~~~~~~~~~~~~~[m[K
/home/ubuntu-nuc/rc2_ws/src/FASTLIO2_ROS2/fastlio2/src/map_builder/ikd_Tree.cpp: In instantiation of ‘[01m[Kint KD_TREE<PointType>::Delete_Point_Boxes(std::vector<BoxPointType>&) [with PointType = pcl::PointXYZ][m[K’:
[01m[K/home/ubuntu-nuc/rc2_ws/src/FASTLIO2_ROS2/fastlio2/src/map_builder/ikd_Tree.cpp:1730:16:[m[K   required from here
[01m[K/home/ubuntu-nuc/rc2_ws/src/FASTLIO2_ROS2/fastlio2/src/map_builder/ikd_Tree.cpp:633:23:[m[K [01;35m[Kwarning: [m[Kcomparison of integer expressions of different signedness: ‘[01m[Kint[m[K’ and ‘[01m[Kstd::vector<BoxPointType>::size_type[m[K’ {aka ‘[01m[Klong unsigned int[m[K’} [[01;35m[K-Wsign-compare[m[K]
  633 |     for (int i = 0; [01;35m[Ki < BoxPoints.size()[m[K; i++)
      |                     [01;35m[K~~^~~~~~~~~~~~~~~~~~[m[K
/home/ubuntu-nuc/rc2_ws/src/FASTLIO2_ROS2/fastlio2/src/map_builder/ikd_Tree.cpp: In instantiation of ‘[01m[Kvoid KD_TREE<PointType>::acquire_removed_points(KD_TREE<PointType>::PointVector&) [with PointType = pcl::PointXYZ; KD_TREE<PointType>::PointVector = std::vector<pcl::PointXYZ, Eigen::aligned_allocator<pcl::PointXYZ> >][m[K’:
[01m[K/home/ubuntu-nuc/rc2_ws/src/FASTLIO2_ROS2/fastlio2/src/map_builder/ikd_Tree.cpp:1730:16:[m[K   required from here
[01m[K/home/ubuntu-nuc/rc2_ws/src/FASTLIO2_ROS2/fastlio2/src/map_builder/ikd_Tree.cpp:662:23:[m[K [01;35m[Kwarning: [m[Kcomparison of integer expressions of different signedness: ‘[01m[Kint[m[K’ and ‘[01m[Kstd::vector<pcl::PointXYZ, Eigen::aligned_allocator<pcl::PointXYZ> >::size_type[m[K’ {aka ‘[01m[Klong unsigned int[m[K’} [[01;35m[K-Wsign-compare[m[K]
  662 |     for (int i = 0; [01;35m[Ki < Points_deleted.size()[m[K; i++)
      |                     [01;35m[K~~^~~~~~~~~~~~~~~~~~~~~~~[m[K
[01m[K/home/ubuntu-nuc/rc2_ws/src/FASTLIO2_ROS2/fastlio2/src/map_builder/ikd_Tree.cpp:666:23:[m[K [01;35m[Kwarning: [m[Kcomparison of integer expressions of different signedness: ‘[01m[Kint[m[K’ and ‘[01m[Kstd::vector<pcl::PointXYZ, Eigen::aligned_allocator<pcl::PointXYZ> >::size_type[m[K’ {aka ‘[01m[Klong unsigned int[m[K’} [[01;35m[K-Wsign-compare[m[K]
  666 |     for (int i = 0; [01;35m[Ki < Multithread_Points_deleted.size()[m[K; i++)
      |                     [01;35m[K~~^~~~~~~~~~~~~~~~~~~~~~~~~~~~~~~~~~~[m[K
/home/ubuntu-nuc/rc2_ws/src/FASTLIO2_ROS2/fastlio2/src/map_builder/ikd_Tree.cpp: In instantiation of ‘[01m[Kvoid KD_TREE<PointType>::multi_thread_rebuild() [with PointType = pcl::PointXYZI][m[K’:
[01m[K/home/ubuntu-nuc/rc2_ws/src/FASTLIO2_ROS2/fastlio2/src/map_builder/ikd_Tree.cpp:1731:16:[m[K   required from here
[01m[K/home/ubuntu-nuc/rc2_ws/src/FASTLIO2_ROS2/fastlio2/src/map_builder/ikd_Tree.cpp:329:17:[m[K [01;35m[Kwarning: [m[Kunused variable ‘[01m[Kvalid_old[m[K’ [[01;35m[K-Wunused-variable[m[K]
  329 |             int [01;35m[Kvalid_old[m[K = old_root_node->TreeSize - old_root_node->invalid_point_num;
      |                 [01;35m[K^~~~~~~~~[m[K
[01m[K/home/ubuntu-nuc/rc2_ws/src/FASTLIO2_ROS2/fastlio2/src/map_builder/ikd_Tree.cpp:330:17:[m[K [01;35m[Kwarning: [m[Kunused variable ‘[01m[Kvalid_new[m[K’ [[01;35m[K-Wunused-variable[m[K]
  330 |             int [01;35m[Kvalid_new[m[K = new_root_node->TreeSize - new_root_node->invalid_point_num;
      |                 [01;35m[K^~~~~~~~~[m[K
[01m[K/home/ubuntu-nuc/rc2_ws/src/FASTLIO2_ROS2/fastlio2/src/map_builder/ikd_Tree.cpp:231:33:[m[K [01;35m[Kwarning: [m[Kunused variable ‘[01m[Knew_node_ptr[m[K’ [[01;35m[K-Wunused-variable[m[K]
  231 |     KD_TREE_NODE *father_ptr, **[01;35m[Knew_node_ptr[m[K;
      |                                 [01;35m[K^~~~~~~~~~~~[m[K
/home/ubuntu-nuc/rc2_ws/src/FASTLIO2_ROS2/fastlio2/src/map_builder/ikd_Tree.cpp: In instantiation of ‘[01m[Kvoid KD_TREE<PointType>::Rebuild(KD_TREE<PointType>::KD_TREE_NODE**) [with PointType = pcl::PointXYZI][m[K’:
[01m[K/home/ubuntu-nuc/rc2_ws/src/FASTLIO2_ROS2/fastlio2/src/map_builder/ikd_Tree.cpp:1731:16:[m[K   required from here
[01m[K/home/ubuntu-nuc/rc2_ws/src/FASTLIO2_ROS2/fastlio2/src/map_builder/ikd_Tree.cpp:751:13:[m[K [01;35m[Kwarning: [m[Kunused variable ‘[01m[Ksize_rec[m[K’ [[01;35m[K-Wunused-variable[m[K]
  751 |         int [01;35m[Ksize_rec[m[K = (*root)->TreeSize;
      |             [01;35m[K^~~~~~~~[m[K
/home/ubuntu-nuc/rc2_ws/src/FASTLIO2_ROS2/fastlio2/src/map_builder/ikd_Tree.cpp: In instantiation of ‘[01m[Kint KD_TREE<PointType>::Delete_by_range(KD_TREE<PointType>::KD_TREE_NODE**, BoxPointType, bool, bool) [with PointType = pcl::PointXYZI][m[K’:
[01m[K/home/ubuntu-nuc/rc2_ws/src/FASTLIO2_ROS2/fastlio2/src/map_builder/ikd_Tree.cpp:1731:16:[m[K   required from here
[01m[K/home/ubuntu-nuc/rc2_ws/src/FASTLIO2_ROS2/fastlio2/src/map_builder/ikd_Tree.cpp:802:21:[m[K [01;35m[Kwarning: [m[Kunused variable ‘[01m[KTimeout[m[K’ [[01;35m[K-Wunused-variable[m[K]
  802 |     struct timespec [01;35m[KTimeout[m[K;
      |                     [01;35m[K^~~~~~~[m[K
/home/ubuntu-nuc/rc2_ws/src/FASTLIO2_ROS2/fastlio2/src/map_builder/ikd_Tree.cpp: In instantiation of ‘[01m[Kvoid KD_TREE<PointType>::Delete_by_point(KD_TREE<PointType>::KD_TREE_NODE**, PointType, bool) [with PointType = pcl::PointXYZI][m[K’:
[01m[K/home/ubuntu-nuc/rc2_ws/src/FASTLIO2_ROS2/fastlio2/src/map_builder/ikd_Tree.cpp:1731:16:[m[K   required from here
[01m[K/home/ubuntu-nuc/rc2_ws/src/FASTLIO2_ROS2/fastlio2/src/map_builder/ikd_Tree.cpp:867:21:[m[K [01;35m[Kwarning: [m[Kunused variable ‘[01m[KTimeout[m[K’ [[01;35m[K-Wunused-variable[m[K]
  867 |     struct timespec [01;35m[KTimeout[m[K;
      |                     [01;35m[K^~~~~~~[m[K
/home/ubuntu-nuc/rc2_ws/src/FASTLIO2_ROS2/fastlio2/src/map_builder/ikd_Tree.cpp: In instantiation of ‘[01m[Kvoid KD_TREE<PointType>::Add_by_point(KD_TREE<PointType>::KD_TREE_NODE**, PointType, bool, int) [with PointType = pcl::PointXYZI][m[K’:
[01m[K/home/ubuntu-nuc/rc2_ws/src/FASTLIO2_ROS2/fastlio2/src/map_builder/ikd_Tree.cpp:1731:16:[m[K   required from here
[01m[K/home/ubuntu-nuc/rc2_ws/src/FASTLIO2_ROS2/fastlio2/src/map_builder/ikd_Tree.cpp:1006:21:[m[K [01;35m[Kwarning: [m[Kunused variable ‘[01m[KTimeout[m[K’ [[01;35m[K-Wunused-variable[m[K]
 1006 |     struct timespec [01;35m[KTimeout[m[K;
      |                     [01;35m[K^~~~~~~[m[K
/home/ubuntu-nuc/rc2_ws/src/FASTLIO2_ROS2/fastlio2/src/map_builder/ikd_Tree.cpp: In instantiation of ‘[01m[Kvoid KD_TREE<PointType>::Add_by_range(KD_TREE<PointType>::KD_TREE_NODE**, BoxPointType, bool) [with PointType = pcl::PointXYZI][m[K’:
[01m[K/home/ubuntu-nuc/rc2_ws/src/FASTLIO2_ROS2/fastlio2/src/map_builder/ikd_Tree.cpp:1731:16:[m[K   required from here
[01m[K/home/ubuntu-nuc/rc2_ws/src/FASTLIO2_ROS2/fastlio2/src/map_builder/ikd_Tree.cpp:946:21:[m[K [01;35m[Kwarning: [m[Kunused variable ‘[01m[KTimeout[m[K’ [[01;35m[K-Wunused-variable[m[K]
  946 |     struct timespec [01;35m[KTimeout[m[K;
      |                     [01;35m[K^~~~~~~[m[K
/home/ubuntu-nuc/rc2_ws/src/FASTLIO2_ROS2/fastlio2/src/map_builder/ikd_Tree.cpp: In instantiation of ‘[01m[Kvoid KD_TREE<PointType>::Search(KD_TREE<PointType>::KD_TREE_NODE*, int, PointType, KD_TREE<PointType>::MANUAL_HEAP&, float) [with PointType = pcl::PointXYZI][m[K’:
[01m[K/home/ubuntu-nuc/rc2_ws/src/FASTLIO2_ROS2/fastlio2/src/map_builder/ikd_Tree.cpp:1731:16:[m[K   required from here
[01m[K/home/ubuntu-nuc/rc2_ws/src/FASTLIO2_ROS2/fastlio2/src/map_builder/ikd_Tree.cpp:1097:63:[m[K [01;35m[Kwarning: [m[Ksuggest parentheses around ‘[01m[K&&[m[K’ within ‘[01m[K||[m[K’ [[01;35m[K-Wparentheses[m[K]
 1097 |     if (q.size() < k_nearest || [01;35m[Kdist_left_node < q.top().dist && dist_right_node < q.top().dist[m[K)
      |                                 [01;35m[K~~~~~~~~~~~~~~~~~~~~~~~~~~~~~~^~~~~~~~~~~~~~~~~~~~~~~~~~~~~~~~~[m[K
[01m[K/home/ubuntu-nuc/rc2_ws/src/FASTLIO2_ROS2/fastlio2/src/map_builder/ikd_Tree.cpp:1094:9:[m[K [01;35m[Kwarning: [m[Kunused variable ‘[01m[Kcur_search_counter[m[K’ [[01;35m[K-Wunused-variable[m[K]
 1094 |     int [01;35m[Kcur_search_counter[m[K;
      |         [01;35m[K^~~~~~~~~~~~~~~~~~[m[K
/home/ubuntu-nuc/rc2_ws/src/FASTLIO2_ROS2/fastlio2/src/map_builder/ikd_Tree.cpp: In instantiation of ‘[01m[Kint KD_TREE<PointType>::Add_Points(KD_TREE<PointType>::PointVector&, bool) [with PointType = pcl::PointXYZI; KD_TREE<PointType>::PointVector = std::vector<pcl::PointXYZI, Eigen::aligned_allocator<pcl::PointXYZI> >][m[K’:
[01m[K/home/ubuntu-nuc/rc2_ws/src/FASTLIO2_ROS2/fastlio2/src/map_builder/ikd_Tree.cpp:1731:16:[m[K   required from here
[01m[K/home/ubuntu-nuc/rc2_ws/src/FASTLIO2_ROS2/fastlio2/src/map_builder/ikd_Tree.cpp:485:23:[m[K [01;35m[Kwarning: [m[Kcomparison of integer expressions of different signedness: ‘[01m[Kint[m[K’ and ‘[01m[Kstd::vector<pcl::PointXYZI, Eigen::aligned_allocator<pcl::PointXYZI> >::size_type[m[K’ {aka ‘[01m[Klong unsigned int[m[K’} [[01;35m[K-Wsign-compare[m[K]
  485 |     for (int i = 0; [01;35m[Ki < PointToAdd.size()[m[K; i++)
      |                     [01;35m[K~~^~~~~~~~~~~~~~~~~~~[m[K
[01m[K/home/ubuntu-nuc/rc2_ws/src/FASTLIO2_ROS2/fastlio2/src/map_builder/ikd_Tree.cpp:502:39:[m[K [01;35m[Kwarning: [m[Kcomparison of integer expressions of different signedness: ‘[01m[Kint[m[K’ and ‘[01m[Kstd::vector<pcl::PointXYZI, Eigen::aligned_allocator<pcl::PointXYZI> >::size_type[m[K’ {aka ‘[01m[Klong unsigned int[m[K’} [[01;35m[K-Wsign-compare[m[K]
  502 |             for (int index = 0; [01;35m[Kindex < Downsample_Storage.size()[m[K; index++)
      |                                 [01;35m[K~~~~~~^~~~~~~~~~~~~~~~~~~~~~~~~~~[m[K
[01m[K/home/ubuntu-nuc/rc2_ws/src/FASTLIO2_ROS2/fastlio2/src/map_builder/ikd_Tree.cpp:478:9:[m[K [01;35m[Kwarning: [m[Kunused variable ‘[01m[KNewPointSize[m[K’ [[01;35m[K-Wunused-variable[m[K]
  478 |     int [01;35m[KNewPointSize[m[K = PointToAdd.size();
      |         [01;35m[K^~~~~~~~~~~~[m[K
[01m[K/home/ubuntu-nuc/rc2_ws/src/FASTLIO2_ROS2/fastlio2/src/map_builder/ikd_Tree.cpp:479:9:[m[K [01;35m[Kwarning: [m[Kunused variable ‘[01m[Ktree_size[m[K’ [[01;35m[K-Wunused-variable[m[K]
  479 |     int [01;35m[Ktree_size[m[K = size();
      |         [01;35m[K^~~~~~~~~[m[K
/home/ubuntu-nuc/rc2_ws/src/FASTLIO2_ROS2/fastlio2/src/map_builder/ikd_Tree.cpp: In instantiation of ‘[01m[Kvoid KD_TREE<PointType>::Add_Point_Boxes(std::vector<BoxPointType>&) [with PointType = pcl::PointXYZI][m[K’:
[01m[K/home/ubuntu-nuc/rc2_ws/src/FASTLIO2_ROS2/fastlio2/src/map_builder/ikd_Tree.cpp:1731:16:[m[K   required from here
[01m[K/home/ubuntu-nuc/rc2_ws/src/FASTLIO2_ROS2/fastlio2/src/map_builder/ikd_Tree.cpp:576:23:[m[K [01;35m[Kwarning: [m[Kcomparison of integer expressions of different signedness: ‘[01m[Kint[m[K’ and ‘[01m[Kstd::vector<BoxPointType>::size_type[m[K’ {aka ‘[01m[Klong unsigned int[m[K’} [[01;35m[K-Wsign-compare[m[K]
  576 |     for (int i = 0; [01;35m[Ki < BoxPoints.size()[m[K; i++)
      |                     [01;35m[K~~^~~~~~~~~~~~~~~~~~[m[K
/home/ubuntu-nuc/rc2_ws/src/FASTLIO2_ROS2/fastlio2/src/map_builder/ikd_Tree.cpp: In instantiation of ‘[01m[Kvoid KD_TREE<PointType>::Delete_Points(KD_TREE<PointType>::PointVector&) [with PointType = pcl::PointXYZI; KD_TREE<PointType>::PointVector = std::vector<pcl::PointXYZI, Eigen::aligned_allocator<pcl::PointXYZI> >][m[K’:
[01m[K/home/ubuntu-nuc/rc2_ws/src/FASTLIO2_ROS2/fastlio2/src/map_builder/ikd_Tree.cpp:1731:16:[m[K   required from here
[01m[K/home/ubuntu-nuc/rc2_ws/src/FASTLIO2_ROS2/fastlio2/src/map_builder/ikd_Tree.cpp:604:23:[m[K [01;35m[Kwarning: [m[Kcomparison of integer expressions of different signedness: ‘[01m[Kint[m[K’ and ‘[01m[Kstd::vector<pcl::PointXYZI, Eigen::aligned_allocator<pcl::PointXYZI> >::size_type[m[K’ {aka ‘[01m[Klong unsigned int[m[K’} [[01;35m[K-Wsign-compare[m[K]
  604 |     for (int i = 0; [01;35m[Ki < PointToDel.size()[m[K; i++)
      |                     [01;35m[K~~^~~~~~~~~~~~~~~~~~~[m[K
/home/ubuntu-nuc/rc2_ws/src/FASTLIO2_ROS2/fastlio2/src/map_builder/ikd_Tree.cpp: In instantiation of ‘[01m[Kint KD_TREE<PointType>::Delete_Point_Boxes(std::vector<BoxPointType>&) [with PointType = pcl::PointXYZI][m[K’:
[01m[K/home/ubuntu-nuc/rc2_ws/src/FASTLIO2_ROS2/fastlio2/src/map_builder/ikd_Tree.cpp:1731:16:[m[K   required from here
[01m[K/home/ubuntu-nuc/rc2_ws/src/FASTLIO2_ROS2/fastlio2/src/map_builder/ikd_Tree.cpp:633:23:[m[K [01;35m[Kwarning: [m[Kcomparison of integer expressions of different signedness: ‘[01m[Kint[m[K’ and ‘[01m[Kstd::vector<BoxPointType>::size_type[m[K’ {aka ‘[01m[Klong unsigned int[m[K’} [[01;35m[K-Wsign-compare[m[K]
  633 |     for (int i = 0; [01;35m[Ki < BoxPoints.size()[m[K; i++)
      |                     [01;35m[K~~^~~~~~~~~~~~~~~~~~[m[K
/home/ubuntu-nuc/rc2_ws/src/FASTLIO2_ROS2/fastlio2/src/map_builder/ikd_Tree.cpp: In instantiation of ‘[01m[Kvoid KD_TREE<PointType>::acquire_removed_points(KD_TREE<PointType>::PointVector&) [with PointType = pcl::PointXYZI; KD_TREE<PointType>::PointVector = std::vector<pcl::PointXYZI, Eigen::aligned_allocator<pcl::PointXYZI> >][m[K’:
[01m[K/home/ubuntu-nuc/rc2_ws/src/FASTLIO2_ROS2/fastlio2/src/map_builder/ikd_Tree.cpp:1731:16:[m[K   required from here
[01m[K/home/ubuntu-nuc/rc2_ws/src/FASTLIO2_ROS2/fastlio2/src/map_builder/ikd_Tree.cpp:662:23:[m[K [01;35m[Kwarning: [m[Kcomparison of integer expressions of different signedness: ‘[01m[Kint[m[K’ and ‘[01m[Kstd::vector<pcl::PointXYZI, Eigen::aligned_allocator<pcl::PointXYZI> >::size_type[m[K’ {aka ‘[01m[Klong unsigned int[m[K’} [[01;35m[K-Wsign-compare[m[K]
  662 |     for (int i = 0; [01;35m[Ki < Points_deleted.size()[m[K; i++)
      |                     [01;35m[K~~^~~~~~~~~~~~~~~~~~~~~~~[m[K
[01m[K/home/ubuntu-nuc/rc2_ws/src/FASTLIO2_ROS2/fastlio2/src/map_builder/ikd_Tree.cpp:666:23:[m[K [01;35m[Kwarning: [m[Kcomparison of integer expressions of different signedness: ‘[01m[Kint[m[K’ and ‘[01m[Kstd::vector<pcl::PointXYZI, Eigen::aligned_allocator<pcl::PointXYZI> >::size_type[m[K’ {aka ‘[01m[Klong unsigned int[m[K’} [[01;35m[K-Wsign-compare[m[K]
  666 |     for (int i = 0; [01;35m[Ki < Multithread_Points_deleted.size()[m[K; i++)
      |                     [01;35m[K~~^~~~~~~~~~~~~~~~~~~~~~~~~~~~~~~~~~~[m[K
/home/ubuntu-nuc/rc2_ws/src/FASTLIO2_ROS2/fastlio2/src/map_builder/ikd_Tree.cpp: In instantiation of ‘[01m[Kvoid KD_TREE<PointType>::multi_thread_rebuild() [with PointType = pcl::PointXYZINormal][m[K’:
[01m[K/home/ubuntu-nuc/rc2_ws/src/FASTLIO2_ROS2/fastlio2/src/map_builder/ikd_Tree.cpp:1732:16:[m[K   required from here
[01m[K/home/ubuntu-nuc/rc2_ws/src/FASTLIO2_ROS2/fastlio2/src/map_builder/ikd_Tree.cpp:329:17:[m[K [01;35m[Kwarning: [m[Kunused variable ‘[01m[Kvalid_old[m[K’ [[01;35m[K-Wunused-variable[m[K]
  329 |             int [01;35m[Kvalid_old[m[K = old_root_node->TreeSize - old_root_node->invalid_point_num;
      |                 [01;35m[K^~~~~~~~~[m[K
[01m[K/home/ubuntu-nuc/rc2_ws/src/FASTLIO2_ROS2/fastlio2/src/map_builder/ikd_Tree.cpp:330:17:[m[K [01;35m[Kwarning: [m[Kunused variable ‘[01m[Kvalid_new[m[K’ [[01;35m[K-Wunused-variable[m[K]
  330 |             int [01;35m[Kvalid_new[m[K = new_root_node->TreeSize - new_root_node->invalid_point_num;
      |                 [01;35m[K^~~~~~~~~[m[K
[01m[K/home/ubuntu-nuc/rc2_ws/src/FASTLIO2_ROS2/fastlio2/src/map_builder/ikd_Tree.cpp:231:33:[m[K [01;35m[Kwarning: [m[Kunused variable ‘[01m[Knew_node_ptr[m[K’ [[01;35m[K-Wunused-variable[m[K]
  231 |     KD_TREE_NODE *father_ptr, **[01;35m[Knew_node_ptr[m[K;
      |                                 [01;35m[K^~~~~~~~~~~~[m[K
/home/ubuntu-nuc/rc2_ws/src/FASTLIO2_ROS2/fastlio2/src/map_builder/ikd_Tree.cpp: In instantiation of ‘[01m[Kvoid KD_TREE<PointType>::Rebuild(KD_TREE<PointType>::KD_TREE_NODE**) [with PointType = pcl::PointXYZINormal][m[K’:
[01m[K/home/ubuntu-nuc/rc2_ws/src/FASTLIO2_ROS2/fastlio2/src/map_builder/ikd_Tree.cpp:1732:16:[m[K   required from here
[01m[K/home/ubuntu-nuc/rc2_ws/src/FASTLIO2_ROS2/fastlio2/src/map_builder/ikd_Tree.cpp:751:13:[m[K [01;35m[Kwarning: [m[Kunused variable ‘[01m[Ksize_rec[m[K’ [[01;35m[K-Wunused-variable[m[K]
  751 |         int [01;35m[Ksize_rec[m[K = (*root)->TreeSize;
      |             [01;35m[K^~~~~~~~[m[K
/home/ubuntu-nuc/rc2_ws/src/FASTLIO2_ROS2/fastlio2/src/map_builder/ikd_Tree.cpp: In instantiation of ‘[01m[Kint KD_TREE<PointType>::Delete_by_range(KD_TREE<PointType>::KD_TREE_NODE**, BoxPointType, bool, bool) [with PointType = pcl::PointXYZINormal][m[K’:
[01m[K/home/ubuntu-nuc/rc2_ws/src/FASTLIO2_ROS2/fastlio2/src/map_builder/ikd_Tree.cpp:1732:16:[m[K   required from here
[01m[K/home/ubuntu-nuc/rc2_ws/src/FASTLIO2_ROS2/fastlio2/src/map_builder/ikd_Tree.cpp:802:21:[m[K [01;35m[Kwarning: [m[Kunused variable ‘[01m[KTimeout[m[K’ [[01;35m[K-Wunused-variable[m[K]
  802 |     struct timespec [01;35m[KTimeout[m[K;
      |                     [01;35m[K^~~~~~~[m[K
/home/ubuntu-nuc/rc2_ws/src/FASTLIO2_ROS2/fastlio2/src/map_builder/ikd_Tree.cpp: In instantiation of ‘[01m[Kvoid KD_TREE<PointType>::Delete_by_point(KD_TREE<PointType>::KD_TREE_NODE**, PointType, bool) [with PointType = pcl::PointXYZINormal][m[K’:
[01m[K/home/ubuntu-nuc/rc2_ws/src/FASTLIO2_ROS2/fastlio2/src/map_builder/ikd_Tree.cpp:1732:16:[m[K   required from here
[01m[K/home/ubuntu-nuc/rc2_ws/src/FASTLIO2_ROS2/fastlio2/src/map_builder/ikd_Tree.cpp:867:21:[m[K [01;35m[Kwarning: [m[Kunused variable ‘[01m[KTimeout[m[K’ [[01;35m[K-Wunused-variable[m[K]
  867 |     struct timespec [01;35m[KTimeout[m[K;
      |                     [01;35m[K^~~~~~~[m[K
/home/ubuntu-nuc/rc2_ws/src/FASTLIO2_ROS2/fastlio2/src/map_builder/ikd_Tree.cpp: In instantiation of ‘[01m[Kvoid KD_TREE<PointType>::Add_by_point(KD_TREE<PointType>::KD_TREE_NODE**, PointType, bool, int) [with PointType = pcl::PointXYZINormal][m[K’:
[01m[K/home/ubuntu-nuc/rc2_ws/src/FASTLIO2_ROS2/fastlio2/src/map_builder/ikd_Tree.cpp:1732:16:[m[K   required from here
[01m[K/home/ubuntu-nuc/rc2_ws/src/FASTLIO2_ROS2/fastlio2/src/map_builder/ikd_Tree.cpp:1006:21:[m[K [01;35m[Kwarning: [m[Kunused variable ‘[01m[KTimeout[m[K’ [[01;35m[K-Wunused-variable[m[K]
 1006 |     struct timespec [01;35m[KTimeout[m[K;
      |                     [01;35m[K^~~~~~~[m[K
/home/ubuntu-nuc/rc2_ws/src/FASTLIO2_ROS2/fastlio2/src/map_builder/ikd_Tree.cpp: In instantiation of ‘[01m[Kvoid KD_TREE<PointType>::Add_by_range(KD_TREE<PointType>::KD_TREE_NODE**, BoxPointType, bool) [with PointType = pcl::PointXYZINormal][m[K’:
[01m[K/home/ubuntu-nuc/rc2_ws/src/FASTLIO2_ROS2/fastlio2/src/map_builder/ikd_Tree.cpp:1732:16:[m[K   required from here
[01m[K/home/ubuntu-nuc/rc2_ws/src/FASTLIO2_ROS2/fastlio2/src/map_builder/ikd_Tree.cpp:946:21:[m[K [01;35m[Kwarning: [m[Kunused variable ‘[01m[KTimeout[m[K’ [[01;35m[K-Wunused-variable[m[K]
  946 |     struct timespec [01;35m[KTimeout[m[K;
      |                     [01;35m[K^~~~~~~[m[K
/home/ubuntu-nuc/rc2_ws/src/FASTLIO2_ROS2/fastlio2/src/map_builder/ikd_Tree.cpp: In instantiation of ‘[01m[Kvoid KD_TREE<PointType>::Search(KD_TREE<PointType>::KD_TREE_NODE*, int, PointType, KD_TREE<PointType>::MANUAL_HEAP&, float) [with PointType = pcl::PointXYZINormal][m[K’:
[01m[K/home/ubuntu-nuc/rc2_ws/src/FASTLIO2_ROS2/fastlio2/src/map_builder/ikd_Tree.cpp:1732:16:[m[K   required from here
[01m[K/home/ubuntu-nuc/rc2_ws/src/FASTLIO2_ROS2/fastlio2/src/map_builder/ikd_Tree.cpp:1097:63:[m[K [01;35m[Kwarning: [m[Ksuggest parentheses around ‘[01m[K&&[m[K’ within ‘[01m[K||[m[K’ [[01;35m[K-Wparentheses[m[K]
 1097 |     if (q.size() < k_nearest || [01;35m[Kdist_left_node < q.top().dist && dist_right_node < q.top().dist[m[K)
      |                                 [01;35m[K~~~~~~~~~~~~~~~~~~~~~~~~~~~~~~^~~~~~~~~~~~~~~~~~~~~~~~~~~~~~~~~[m[K
[01m[K/home/ubuntu-nuc/rc2_ws/src/FASTLIO2_ROS2/fastlio2/src/map_builder/ikd_Tree.cpp:1094:9:[m[K [01;35m[Kwarning: [m[Kunused variable ‘[01m[Kcur_search_counter[m[K’ [[01;35m[K-Wunused-variable[m[K]
 1094 |     int [01;35m[Kcur_search_counter[m[K;
      |         [01;35m[K^~~~~~~~~~~~~~~~~~[m[K
/home/ubuntu-nuc/rc2_ws/src/FASTLIO2_ROS2/fastlio2/src/map_builder/ikd_Tree.cpp: In instantiation of ‘[01m[Kint KD_TREE<PointType>::Add_Points(KD_TREE<PointType>::PointVector&, bool) [with PointType = pcl::PointXYZINormal; KD_TREE<PointType>::PointVector = std::vector<pcl::PointXYZINormal, Eigen::aligned_allocator<pcl::PointXYZINormal> >][m[K’:
[01m[K/home/ubuntu-nuc/rc2_ws/src/FASTLIO2_ROS2/fastlio2/src/map_builder/ikd_Tree.cpp:1732:16:[m[K   required from here
[01m[K/home/ubuntu-nuc/rc2_ws/src/FASTLIO2_ROS2/fastlio2/src/map_builder/ikd_Tree.cpp:485:23:[m[K [01;35m[Kwarning: [m[Kcomparison of integer expressions of different signedness: ‘[01m[Kint[m[K’ and ‘[01m[Kstd::vector<pcl::PointXYZINormal, Eigen::aligned_allocator<pcl::PointXYZINormal> >::size_type[m[K’ {aka ‘[01m[Klong unsigned int[m[K’} [[01;35m[K-Wsign-compare[m[K]
  485 |     for (int i = 0; [01;35m[Ki < PointToAdd.size()[m[K; i++)
      |                     [01;35m[K~~^~~~~~~~~~~~~~~~~~~[m[K
[01m[K/home/ubuntu-nuc/rc2_ws/src/FASTLIO2_ROS2/fastlio2/src/map_builder/ikd_Tree.cpp:502:39:[m[K [01;35m[Kwarning: [m[Kcomparison of integer expressions of different signedness: ‘[01m[Kint[m[K’ and ‘[01m[Kstd::vector<pcl::PointXYZINormal, Eigen::aligned_allocator<pcl::PointXYZINormal> >::size_type[m[K’ {aka ‘[01m[Klong unsigned int[m[K’} [[01;35m[K-Wsign-compare[m[K]
  502 |             for (int index = 0; [01;35m[Kindex < Downsample_Storage.size()[m[K; index++)
      |                                 [01;35m[K~~~~~~^~~~~~~~~~~~~~~~~~~~~~~~~~~[m[K
[01m[K/home/ubuntu-nuc/rc2_ws/src/FASTLIO2_ROS2/fastlio2/src/map_builder/ikd_Tree.cpp:478:9:[m[K [01;35m[Kwarning: [m[Kunused variable ‘[01m[KNewPointSize[m[K’ [[01;35m[K-Wunused-variable[m[K]
  478 |     int [01;35m[KNewPointSize[m[K = PointToAdd.size();
      |         [01;35m[K^~~~~~~~~~~~[m[K
[01m[K/home/ubuntu-nuc/rc2_ws/src/FASTLIO2_ROS2/fastlio2/src/map_builder/ikd_Tree.cpp:479:9:[m[K [01;35m[Kwarning: [m[Kunused variable ‘[01m[Ktree_size[m[K’ [[01;35m[K-Wunused-variable[m[K]
  479 |     int [01;35m[Ktree_size[m[K = size();
      |         [01;35m[K^~~~~~~~~[m[K
/home/ubuntu-nuc/rc2_ws/src/FASTLIO2_ROS2/fastlio2/src/map_builder/ikd_Tree.cpp: In instantiation of ‘[01m[Kvoid KD_TREE<PointType>::Add_Point_Boxes(std::vector<BoxPointType>&) [with PointType = pcl::PointXYZINormal][m[K’:
[01m[K/home/ubuntu-nuc/rc2_ws/src/FASTLIO2_ROS2/fastlio2/src/map_builder/ikd_Tree.cpp:1732:16:[m[K   required from here
[01m[K/home/ubuntu-nuc/rc2_ws/src/FASTLIO2_ROS2/fastlio2/src/map_builder/ikd_Tree.cpp:576:23:[m[K [01;35m[Kwarning: [m[Kcomparison of integer expressions of different signedness: ‘[01m[Kint[m[K’ and ‘[01m[Kstd::vector<BoxPointType>::size_type[m[K’ {aka ‘[01m[Klong unsigned int[m[K’} [[01;35m[K-Wsign-compare[m[K]
  576 |     for (int i = 0; [01;35m[Ki < BoxPoints.size()[m[K; i++)
      |                     [01;35m[K~~^~~~~~~~~~~~~~~~~~[m[K
/home/ubuntu-nuc/rc2_ws/src/FASTLIO2_ROS2/fastlio2/src/map_builder/ikd_Tree.cpp: In instantiation of ‘[01m[Kvoid KD_TREE<PointType>::Delete_Points(KD_TREE<PointType>::PointVector&) [with PointType = pcl::PointXYZINormal; KD_TREE<PointType>::PointVector = std::vector<pcl::PointXYZINormal, Eigen::aligned_allocator<pcl::PointXYZINormal> >][m[K’:
[01m[K/home/ubuntu-nuc/rc2_ws/src/FASTLIO2_ROS2/fastlio2/src/map_builder/ikd_Tree.cpp:1732:16:[m[K   required from here
[01m[K/home/ubuntu-nuc/rc2_ws/src/FASTLIO2_ROS2/fastlio2/src/map_builder/ikd_Tree.cpp:604:23:[m[K [01;35m[Kwarning: [m[Kcomparison of integer expressions of different signedness: ‘[01m[Kint[m[K’ and ‘[01m[Kstd::vector<pcl::PointXYZINormal, Eigen::aligned_allocator<pcl::PointXYZINormal> >::size_type[m[K’ {aka ‘[01m[Klong unsigned int[m[K’} [[01;35m[K-Wsign-compare[m[K]
  604 |     for (int i = 0; [01;35m[Ki < PointToDel.size()[m[K; i++)
      |                     [01;35m[K~~^~~~~~~~~~~~~~~~~~~[m[K
/home/ubuntu-nuc/rc2_ws/src/FASTLIO2_ROS2/fastlio2/src/map_builder/ikd_Tree.cpp: In instantiation of ‘[01m[Kint KD_TREE<PointType>::Delete_Point_Boxes(std::vector<BoxPointType>&) [with PointType = pcl::PointXYZINormal][m[K’:
[01m[K/home/ubuntu-nuc/rc2_ws/src/FASTLIO2_ROS2/fastlio2/src/map_builder/ikd_Tree.cpp:1732:16:[m[K   required from here
[01m[K/home/ubuntu-nuc/rc2_ws/src/FASTLIO2_ROS2/fastlio2/src/map_builder/ikd_Tree.cpp:633:23:[m[K [01;35m[Kwarning: [m[Kcomparison of integer expressions of different signedness: ‘[01m[Kint[m[K’ and ‘[01m[Kstd::vector<BoxPointType>::size_type[m[K’ {aka ‘[01m[Klong unsigned int[m[K’} [[01;35m[K-Wsign-compare[m[K]
  633 |     for (int i = 0; [01;35m[Ki < BoxPoints.size()[m[K; i++)
      |                     [01;35m[K~~^~~~~~~~~~~~~~~~~~[m[K
/home/ubuntu-nuc/rc2_ws/src/FASTLIO2_ROS2/fastlio2/src/map_builder/ikd_Tree.cpp: In instantiation of ‘[01m[Kvoid KD_TREE<PointType>::acquire_removed_points(KD_TREE<PointType>::PointVector&) [with PointType = pcl::PointXYZINormal; KD_TREE<PointType>::PointVector = std::vector<pcl::PointXYZINormal, Eigen::aligned_allocator<pcl::PointXYZINormal> >][m[K’:
[01m[K/home/ubuntu-nuc/rc2_ws/src/FASTLIO2_ROS2/fastlio2/src/map_builder/ikd_Tree.cpp:1732:16:[m[K   required from here
[01m[K/home/ubuntu-nuc/rc2_ws/src/FASTLIO2_ROS2/fastlio2/src/map_builder/ikd_Tree.cpp:662:23:[m[K [01;35m[Kwarning: [m[Kcomparison of integer expressions of different signedness: ‘[01m[Kint[m[K’ and ‘[01m[Kstd::vector<pcl::PointXYZINormal, Eigen::aligned_allocator<pcl::PointXYZINormal> >::size_type[m[K’ {aka ‘[01m[Klong unsigned int[m[K’} [[01;35m[K-Wsign-compare[m[K]
  662 |     for (int i = 0; [01;35m[Ki < Points_deleted.size()[m[K; i++)
      |                     [01;35m[K~~^~~~~~~~~~~~~~~~~~~~~~~[m[K
[01m[K/home/ubuntu-nuc/rc2_ws/src/FASTLIO2_ROS2/fastlio2/src/map_builder/ikd_Tree.cpp:666:23:[m[K [01;35m[Kwarning: [m[Kcomparison of integer expressions of different signedness: ‘[01m[Kint[m[K’ and ‘[01m[Kstd::vector<pcl::PointXYZINormal, Eigen::aligned_allocator<pcl::PointXYZINormal> >::size_type[m[K’ {aka ‘[01m[Klong unsigned int[m[K’} [[01;35m[K-Wsign-compare[m[K]
  666 |     for (int i = 0; [01;35m[Ki < Multithread_Points_deleted.size()[m[K; i++)
      |                     [01;35m[K~~^~~~~~~~~~~~~~~~~~~~~~~~~~~~~~~~~~~[m[K
