[0.030s] Invoking command in '/home/ubuntu-nuc/rc2_ws/build/fastlio2': CMAKE_PREFIX_PATH=/home/ubuntu-nuc/rc2_ws/install/livox_ros_driver2:/home/ubuntu-nuc/rc2_ws/install/pgo:/home/ubuntu-nuc/rc2_ws/install/meiling_detect:/opt/ros/humble:/home/ubuntu-nuc/rc2_ws/install/meiling_control:/home/ubuntu-nuc/rc2_ws/install/localizer:/home/ubuntu-nuc/rc2_ws/install/fastlio2:/home/ubuntu-nuc/rc2_ws/install/hba:/home/ubuntu-nuc/rc2_ws/install/interface:/home/ubuntu-nuc/rc2_ws/install/auto_aim_interfaces:/home/ubuntu-nuc/rc_ws/install/fast_lio:/home/ubuntu-nuc/rc_ws/install/livox_ros_driver2 LD_LIBRARY_PATH=/home/ubuntu-nuc/rc2_ws/install/livox_ros_driver2/lib:/opt/MVS/lib/64:/opt/MVS/lib/32:/opt/MVS/lib/64:/opt/MVS/lib/32:/usr/lib/x86_64-linux-gnu:/home/ubuntu-nuc/rc2_ws/install/livox_sdk2/lib:/home/ubuntu-nuc/rc2_ws/install/interface/lib:/home/ubuntu-nuc/rc2_ws/install/auto_aim_interfaces/lib:/home/ubuntu-nuc/rc_ws/install/fast_lio/lib:/home/ubuntu-nuc/rc_ws/install/livox_ros_driver2/lib:/usr/lib/x86_64-linux-gnu/gazebo-11/plugins:/opt/ros/humble/opt/rviz_ogre_vendor/lib:/opt/ros/humble/lib/x86_64-linux-gnu:/opt/ros/humble/opt/openvdb_vendor/lib:/opt/ros/humble/lib:/opt/MVS/lib/64:/opt/MVS/lib/32 /usr/local/bin/cmake /home/ubuntu-nuc/rc2_ws/src/FASTLIO2_ROS2/fastlio2 -DROS_EDITION=ROS2 -DDISTRO_ROS=humble -DCMAKE_INSTALL_PREFIX=/home/ubuntu-nuc/rc2_ws/install/fastlio2
[0.038s] [0mCMake Deprecation Warning at CMakeLists.txt:1 (cmake_minimum_required):
[0.038s]   Compatibility with CMake < 3.10 will be removed from a future version of
[0.038s]   CMake.
[0.038s] 
[0.038s]   Update the VERSION argument <min> value.  Or, use the <min>...<max> syntax
[0.038s]   to tell CMake that the project requires at least <min> but has been updated
[0.038s]   to work with policies introduced by <max> or earlier.
[0.038s] 
[0.038s] [0m
[0.130s] -- The C compiler identification is GNU 11.4.0
[0.296s] -- The CXX compiler identification is GNU 11.4.0
[0.316s] -- Detecting C compiler ABI info
[0.454s] -- Detecting C compiler ABI info - done
[0.492s] -- Check for working C compiler: /usr/bin/cc - skipped
[0.492s] -- Detecting C compile features
[0.493s] -- Detecting C compile features - done
[0.513s] -- Detecting CXX compiler ABI info
[0.682s] -- Detecting CXX compiler ABI info - done
[0.723s] -- Check for working CXX compiler: /usr/bin/c++ - skipped
[0.723s] -- Detecting CXX compile features
[0.725s] -- Detecting CXX compile features - done
[0.741s] -- Found ament_cmake: 1.3.12 (/opt/ros/humble/share/ament_cmake/cmake)
[1.021s] -- Found Python3: /usr/bin/python3 (found version "3.10.12") found components: Interpreter
[1.260s] -- Found rclcpp: 16.0.14 (/opt/ros/humble/share/rclcpp/cmake)
[1.383s] -- Found rosidl_generator_c: 3.1.7 (/opt/ros/humble/share/rosidl_generator_c/cmake)
[1.399s] -- Found rosidl_adapter: 3.1.7 (/opt/ros/humble/share/rosidl_adapter/cmake)
[1.421s] -- Found rosidl_generator_cpp: 3.1.8 (/opt/ros/humble/share/rosidl_generator_cpp/cmake)
[1.464s] -- Using all available rosidl_typesupport_c: rosidl_typesupport_fastrtps_c;rosidl_typesupport_introspection_c
[1.497s] -- Using all available rosidl_typesupport_cpp: rosidl_typesupport_fastrtps_cpp;rosidl_typesupport_introspection_cpp
[1.570s] -- Found rmw_implementation_cmake: 6.1.2 (/opt/ros/humble/share/rmw_implementation_cmake/cmake)
[1.574s] -- Found rmw_fastrtps_cpp: 6.2.8 (/opt/ros/humble/share/rmw_fastrtps_cpp/cmake)
[1.748s] -- Found OpenSSL: /usr/lib/x86_64-linux-gnu/libcrypto.so (found version "3.0.2")
[1.842s] -- Found FastRTPS: /opt/ros/humble/include
[1.966s] -- Using RMW implementation 'rmw_fastrtps_cpp' as default
[1.996s] -- Performing Test CMAKE_HAVE_LIBC_PTHREAD
[2.085s] -- Performing Test CMAKE_HAVE_LIBC_PTHREAD - Success
[2.087s] -- Found Threads: TRUE
[2.184s] -- Found tf2: 0.25.16 (/opt/ros/humble/share/tf2/cmake)
[2.224s] -- Found tf2_ros: 0.25.16 (/opt/ros/humble/share/tf2_ros/cmake)
[2.456s] -- Found nav_msgs: 4.9.0 (/opt/ros/humble/share/nav_msgs/cmake)
[2.488s] -- Found sensor_msgs: 4.9.0 (/opt/ros/humble/share/sensor_msgs/cmake)
[2.537s] -- Found livox_ros_driver2: 1.0.0 (/home/ubuntu-nuc/rc2_ws/install/livox_ros_driver2/share/livox_ros_driver2/cmake)
[2.642s] [33mCMake Warning (dev) at /usr/lib/x86_64-linux-gnu/cmake/pcl/PCLConfig.cmake:146 (find_package):
[2.642s]   Policy CMP0144 is not set: find_package uses upper-case <PACKAGENAME>_ROOT
[2.642s]   variables.  Run "cmake --help-policy CMP0144" for policy details.  Use the
[2.642s]   cmake_policy command to set the policy and suppress this warning.
[2.642s] 
[2.642s]   CMake variable EIGEN_ROOT is set to:
[2.642s] 
[2.642s]     /usr/include/eigen3
[2.642s] 
[2.643s]   For compatibility, find_package is ignoring the variable, but code in a
[2.643s]   .cmake module might still use it.
[2.643s] Call Stack (most recent call first):
[2.643s]   /usr/lib/x86_64-linux-gnu/cmake/pcl/PCLConfig.cmake:299 (find_eigen)
[2.643s]   /usr/lib/x86_64-linux-gnu/cmake/pcl/PCLConfig.cmake:543 (find_external_library)
[2.643s]   /opt/ros/humble/share/pcl_conversions/cmake/ament_cmake_export_dependencies-extras.cmake:21 (find_package)
[2.643s]   /opt/ros/humble/share/pcl_conversions/cmake/pcl_conversionsConfig.cmake:41 (include)
[2.643s]   /home/ubuntu-nuc/rc2_ws/install/livox_ros_driver2/share/livox_ros_driver2/cmake/ament_cmake_export_dependencies-extras.cmake:21 (find_package)
[2.643s]   /home/ubuntu-nuc/rc2_ws/install/livox_ros_driver2/share/livox_ros_driver2/cmake/livox_ros_driver2Config.cmake:41 (include)
[2.643s]   CMakeLists.txt:30 (find_package)
[2.643s] This warning is for project developers.  Use -Wno-dev to suppress it.
[2.643s] [0m
[2.649s] -- Checking for module 'eigen3'
[2.663s] --   Found eigen3, version 3.4.0
[2.729s] -- Found Eigen: /usr/include/eigen3 (Required is at least version "3.1")
[2.729s] -- Eigen found (include: /usr/include/eigen3, version: 3.4.0)
[2.734s] [33mCMake Warning (dev) at /usr/lib/x86_64-linux-gnu/cmake/pcl/PCLConfig.cmake:128 (find_package):
[2.734s]   Policy CMP0167 is not set: The FindBoost module is removed.  Run "cmake
[2.734s]   --help-policy CMP0167" for policy details.  Use the cmake_policy command to
[2.734s]   set the policy and suppress this warning.
[2.734s] 
[2.734s] Call Stack (most recent call first):
[2.734s]   /usr/lib/x86_64-linux-gnu/cmake/pcl/PCLConfig.cmake:297 (find_boost)
[2.734s]   /usr/lib/x86_64-linux-gnu/cmake/pcl/PCLConfig.cmake:543 (find_external_library)
[2.734s]   /opt/ros/humble/share/pcl_conversions/cmake/ament_cmake_export_dependencies-extras.cmake:21 (find_package)
[2.734s]   /opt/ros/humble/share/pcl_conversions/cmake/pcl_conversionsConfig.cmake:41 (include)
[2.734s]   /home/ubuntu-nuc/rc2_ws/install/livox_ros_driver2/share/livox_ros_driver2/cmake/ament_cmake_export_dependencies-extras.cmake:21 (find_package)
[2.734s]   /home/ubuntu-nuc/rc2_ws/install/livox_ros_driver2/share/livox_ros_driver2/cmake/livox_ros_driver2Config.cmake:41 (include)
[2.734s]   CMakeLists.txt:30 (find_package)
[2.734s] This warning is for project developers.  Use -Wno-dev to suppress it.
[2.734s] [0m
[2.780s] [33mCMake Warning (dev) at /usr/lib/x86_64-linux-gnu/cmake/pcl/Modules/FindFLANN.cmake:44 (find_package):
[2.781s]   Policy CMP0144 is not set: find_package uses upper-case <PACKAGENAME>_ROOT
[2.781s]   variables.  Run "cmake --help-policy CMP0144" for policy details.  Use the
[2.781s]   cmake_policy command to set the policy and suppress this warning.
[2.781s] 
[2.781s]   CMake variable FLANN_ROOT is set to:
[2.781s] 
[2.781s]     /usr
[2.781s] 
[2.781s]   For compatibility, find_package is ignoring the variable, but code in a
[2.781s]   .cmake module might still use it.
[2.781s] Call Stack (most recent call first):
[2.781s]   /usr/lib/x86_64-linux-gnu/cmake/pcl/PCLConfig.cmake:256 (find_package)
[2.781s]   /usr/lib/x86_64-linux-gnu/cmake/pcl/PCLConfig.cmake:301 (find_flann)
[2.781s]   /usr/lib/x86_64-linux-gnu/cmake/pcl/PCLConfig.cmake:543 (find_external_library)
[2.781s]   /opt/ros/humble/share/pcl_conversions/cmake/ament_cmake_export_dependencies-extras.cmake:21 (find_package)
[2.781s]   /opt/ros/humble/share/pcl_conversions/cmake/pcl_conversionsConfig.cmake:41 (include)
[2.782s]   /home/ubuntu-nuc/rc2_ws/install/livox_ros_driver2/share/livox_ros_driver2/cmake/ament_cmake_export_dependencies-extras.cmake:21 (find_package)
[2.782s]   /home/ubuntu-nuc/rc2_ws/install/livox_ros_driver2/share/livox_ros_driver2/cmake/livox_ros_driver2Config.cmake:41 (include)
[2.782s]   CMakeLists.txt:30 (find_package)
[2.782s] This warning is for project developers.  Use -Wno-dev to suppress it.
[2.782s] [0m
[2.809s] -- Checking for module 'flann'
[2.836s] --   Found flann, version 1.9.1
[2.960s] -- Found FLANN: /usr/lib/x86_64-linux-gnu/libflann_cpp.so
[2.960s] -- FLANN found (include: /usr/include, lib: /usr/lib/x86_64-linux-gnu/libflann_cpp.so)
[5.032s] -- Checking for module 'libusb-1.0'
[5.049s] --   Found libusb-1.0, version 1.0.25
[5.090s] -- Found libusb: /usr/lib/x86_64-linux-gnu/libusb-1.0.so
[5.092s] -- OpenNI found (version: 1.5.4.0, include: /usr/include/ni, lib: /usr/lib/libOpenNI.so;libusb::libusb)
[5.160s] -- OpenNI2 found (version: 2.2.0.33, include: /usr/include/openni2, lib: /usr/lib/x86_64-linux-gnu/libOpenNI2.so;libusb::libusb)
[5.650s] [33mCMake Warning (dev) at /usr/lib/x86_64-linux-gnu/cmake/pcl/PCLConfig.cmake:128 (find_package):
[5.650s]   Policy CMP0167 is not set: The FindBoost module is removed.  Run "cmake
[5.650s]   --help-policy CMP0167" for policy details.  Use the cmake_policy command to
[5.650s]   set the policy and suppress this warning.
[5.650s] 
[5.650s] Call Stack (most recent call first):
[5.650s]   /usr/lib/x86_64-linux-gnu/cmake/pcl/PCLConfig.cmake:297 (find_boost)
[5.650s]   /usr/lib/x86_64-linux-gnu/cmake/pcl/PCLConfig.cmake:543 (find_external_library)
[5.650s]   /opt/ros/humble/share/pcl_conversions/cmake/ament_cmake_export_dependencies-extras.cmake:21 (find_package)
[5.650s]   /opt/ros/humble/share/pcl_conversions/cmake/pcl_conversionsConfig.cmake:41 (include)
[5.651s]   /home/ubuntu-nuc/rc2_ws/install/livox_ros_driver2/share/livox_ros_driver2/cmake/ament_cmake_export_dependencies-extras.cmake:21 (find_package)
[5.651s]   /home/ubuntu-nuc/rc2_ws/install/livox_ros_driver2/share/livox_ros_driver2/cmake/livox_ros_driver2Config.cmake:41 (include)
[5.651s]   CMakeLists.txt:30 (find_package)
[5.651s] This warning is for project developers.  Use -Wno-dev to suppress it.
[5.651s] [0m
[5.666s] -- Eigen found (include: /usr/include/eigen3, version: 3.4.0)
[5.674s] -- OpenNI found (version: 1.5.4.0, include: /usr/include/ni, lib: /usr/lib/libOpenNI.so;libusb::libusb)
[5.683s] -- OpenNI2 found (version: 2.2.0.33, include: /usr/include/openni2, lib: /usr/lib/x86_64-linux-gnu/libOpenNI2.so;libusb::libusb)
[6.169s] -- Found Qhull version 8.0.2
[6.675s] -- OpenNI found (version: 1.5.4.0, include: /usr/include/ni, lib: /usr/lib/libOpenNI.so;libusb::libusb)
[7.174s] -- Found PCL_COMMON: /usr/lib/x86_64-linux-gnu/libpcl_common.so
[7.177s] -- Found PCL_KDTREE: /usr/lib/x86_64-linux-gnu/libpcl_kdtree.so
[7.179s] -- Found PCL_OCTREE: /usr/lib/x86_64-linux-gnu/libpcl_octree.so
[7.182s] -- Found PCL_SEARCH: /usr/lib/x86_64-linux-gnu/libpcl_search.so
[7.185s] -- Found PCL_SAMPLE_CONSENSUS: /usr/lib/x86_64-linux-gnu/libpcl_sample_consensus.so
[7.187s] -- Found PCL_FILTERS: /usr/lib/x86_64-linux-gnu/libpcl_filters.so
[7.188s] -- Found PCL_2D: /usr/include/pcl-1.12
[7.189s] -- Found PCL_GEOMETRY: /usr/include/pcl-1.12
[7.192s] -- Found PCL_IO: /usr/lib/x86_64-linux-gnu/libpcl_io.so
[7.195s] -- Found PCL_FEATURES: /usr/lib/x86_64-linux-gnu/libpcl_features.so
[7.197s] -- Found PCL_ML: /usr/lib/x86_64-linux-gnu/libpcl_ml.so
[7.200s] -- Found PCL_SEGMENTATION: /usr/lib/x86_64-linux-gnu/libpcl_segmentation.so
[7.203s] -- Found PCL_VISUALIZATION: /usr/lib/x86_64-linux-gnu/libpcl_visualization.so
[7.206s] -- Found PCL_SURFACE: /usr/lib/x86_64-linux-gnu/libpcl_surface.so
[7.209s] -- Found PCL_REGISTRATION: /usr/lib/x86_64-linux-gnu/libpcl_registration.so
[7.212s] -- Found PCL_KEYPOINTS: /usr/lib/x86_64-linux-gnu/libpcl_keypoints.so
[7.215s] -- Found PCL_TRACKING: /usr/lib/x86_64-linux-gnu/libpcl_tracking.so
[7.218s] -- Found PCL_RECOGNITION: /usr/lib/x86_64-linux-gnu/libpcl_recognition.so
[7.221s] -- Found PCL_STEREO: /usr/lib/x86_64-linux-gnu/libpcl_stereo.so
[7.224s] -- Found PCL_APPS: /usr/lib/x86_64-linux-gnu/libpcl_apps.so
[7.225s] -- Found PCL_IN_HAND_SCANNER: /usr/include/pcl-1.12
[7.225s] -- Found PCL_MODELER: /usr/include/pcl-1.12
[7.226s] -- Found PCL_POINT_CLOUD_EDITOR: /usr/include/pcl-1.12
[7.229s] -- Found PCL_OUTOFCORE: /usr/lib/x86_64-linux-gnu/libpcl_outofcore.so
[7.232s] -- Found PCL_PEOPLE: /usr/lib/x86_64-linux-gnu/libpcl_people.so
[7.534s] [33mCMake Warning (dev) at CMakeLists.txt:35 (find_package):
[7.534s]   Policy CMP0074 is not set: find_package uses <PackageName>_ROOT variables.
[7.534s]   Run "cmake --help-policy CMP0074" for policy details.  Use the cmake_policy
[7.534s]   command to set the policy and suppress this warning.
[7.534s] 
[7.534s]   CMake variable PCL_ROOT is set to:
[7.534s] 
[7.534s]     /usr
[7.534s] 
[7.534s]   For compatibility, CMake is ignoring the variable.
[7.534s] This warning is for project developers.  Use -Wno-dev to suppress it.
[7.534s] [0m
[7.562s] -- Found ament_lint_auto: 0.12.14 (/opt/ros/humble/share/ament_lint_auto/cmake)
[7.651s] -- Added test 'cppcheck' to perform static code analysis on C / C++ code
[7.652s] -- Configured cppcheck include dirs: 
[7.652s] -- Configured cppcheck exclude dirs and/or files: 
[7.652s] -- Added test 'flake8' to check Python code syntax and style conventions
[7.653s] -- Added test 'lint_cmake' to check CMake code style
[7.653s] -- Added test 'pep257' to check Python code against some of the docstring style conventions in PEP 257
[7.654s] -- Added test 'uncrustify' to check C / C++ code style
[7.655s] -- Configured uncrustify additional arguments: 
[7.655s] -- Added test 'xmllint' to check XML markup files
[7.656s] -- Configuring done (7.6s)
[7.690s] -- Generating done (0.0s)
[7.691s] [33mCMake Warning:
[7.691s]   Manually-specified variables were not used by the project:
[7.691s] 
[7.691s]     DISTRO_ROS
[7.691s]     ROS_EDITION
[7.691s] 
[7.691s] [0m
[7.695s] -- Build files have been written to: /home/ubuntu-nuc/rc2_ws/build/fastlio2
[7.712s] Invoked command in '/home/ubuntu-nuc/rc2_ws/build/fastlio2' returned '0': CMAKE_PREFIX_PATH=/home/ubuntu-nuc/rc2_ws/install/livox_ros_driver2:/home/ubuntu-nuc/rc2_ws/install/pgo:/home/ubuntu-nuc/rc2_ws/install/meiling_detect:/opt/ros/humble:/home/ubuntu-nuc/rc2_ws/install/meiling_control:/home/ubuntu-nuc/rc2_ws/install/localizer:/home/ubuntu-nuc/rc2_ws/install/fastlio2:/home/ubuntu-nuc/rc2_ws/install/hba:/home/ubuntu-nuc/rc2_ws/install/interface:/home/ubuntu-nuc/rc2_ws/install/auto_aim_interfaces:/home/ubuntu-nuc/rc_ws/install/fast_lio:/home/ubuntu-nuc/rc_ws/install/livox_ros_driver2 LD_LIBRARY_PATH=/home/ubuntu-nuc/rc2_ws/install/livox_ros_driver2/lib:/opt/MVS/lib/64:/opt/MVS/lib/32:/opt/MVS/lib/64:/opt/MVS/lib/32:/usr/lib/x86_64-linux-gnu:/home/ubuntu-nuc/rc2_ws/install/livox_sdk2/lib:/home/ubuntu-nuc/rc2_ws/install/interface/lib:/home/ubuntu-nuc/rc2_ws/install/auto_aim_interfaces/lib:/home/ubuntu-nuc/rc_ws/install/fast_lio/lib:/home/ubuntu-nuc/rc_ws/install/livox_ros_driver2/lib:/usr/lib/x86_64-linux-gnu/gazebo-11/plugins:/opt/ros/humble/opt/rviz_ogre_vendor/lib:/opt/ros/humble/lib/x86_64-linux-gnu:/opt/ros/humble/opt/openvdb_vendor/lib:/opt/ros/humble/lib:/opt/MVS/lib/64:/opt/MVS/lib/32 /usr/local/bin/cmake /home/ubuntu-nuc/rc2_ws/src/FASTLIO2_ROS2/fastlio2 -DROS_EDITION=ROS2 -DDISTRO_ROS=humble -DCMAKE_INSTALL_PREFIX=/home/ubuntu-nuc/rc2_ws/install/fastlio2
[7.714s] Invoking command in '/home/ubuntu-nuc/rc2_ws/build/fastlio2': CMAKE_PREFIX_PATH=/home/ubuntu-nuc/rc2_ws/install/livox_ros_driver2:/home/ubuntu-nuc/rc2_ws/install/pgo:/home/ubuntu-nuc/rc2_ws/install/meiling_detect:/opt/ros/humble:/home/ubuntu-nuc/rc2_ws/install/meiling_control:/home/ubuntu-nuc/rc2_ws/install/localizer:/home/ubuntu-nuc/rc2_ws/install/fastlio2:/home/ubuntu-nuc/rc2_ws/install/hba:/home/ubuntu-nuc/rc2_ws/install/interface:/home/ubuntu-nuc/rc2_ws/install/auto_aim_interfaces:/home/ubuntu-nuc/rc_ws/install/fast_lio:/home/ubuntu-nuc/rc_ws/install/livox_ros_driver2 LD_LIBRARY_PATH=/home/ubuntu-nuc/rc2_ws/install/livox_ros_driver2/lib:/opt/MVS/lib/64:/opt/MVS/lib/32:/opt/MVS/lib/64:/opt/MVS/lib/32:/usr/lib/x86_64-linux-gnu:/home/ubuntu-nuc/rc2_ws/install/livox_sdk2/lib:/home/ubuntu-nuc/rc2_ws/install/interface/lib:/home/ubuntu-nuc/rc2_ws/install/auto_aim_interfaces/lib:/home/ubuntu-nuc/rc_ws/install/fast_lio/lib:/home/ubuntu-nuc/rc_ws/install/livox_ros_driver2/lib:/usr/lib/x86_64-linux-gnu/gazebo-11/plugins:/opt/ros/humble/opt/rviz_ogre_vendor/lib:/opt/ros/humble/lib/x86_64-linux-gnu:/opt/ros/humble/opt/openvdb_vendor/lib:/opt/ros/humble/lib:/opt/MVS/lib/64:/opt/MVS/lib/32 /usr/local/bin/cmake --build /home/ubuntu-nuc/rc2_ws/build/fastlio2 -- -j8 -l8
[7.738s] [ 11%] [32mBuilding CXX object CMakeFiles/lio_node.dir/src/lio_node.cpp.o[0m
[27.753s] [ 33%] [32mBuilding CXX object CMakeFiles/lio_node.dir/src/utils.cpp.o[0m
[27.753s] [ 33%] [32mBuilding CXX object CMakeFiles/lio_node.dir/src/map_builder/map_builder.cpp.o[0m
[27.753s] [ 44%] [32mBuilding CXX object CMakeFiles/lio_node.dir/src/map_builder/ikd_Tree.cpp.o[0m
[27.754s] [ 55%] [32mBuilding CXX object CMakeFiles/lio_node.dir/src/map_builder/lidar_processor.cpp.o[0m
[29.472s] /home/ubuntu-nuc/rc2_ws/src/FASTLIO2_ROS2/fastlio2/src/map_builder/ikd_Tree.cpp: In instantiation of ‘[01m[Kvoid KD_TREE<PointType>::multi_thread_rebuild() [with PointType = pcl::PointXYZ][m[K’:
[29.472s] [01m[K/home/ubuntu-nuc/rc2_ws/src/FASTLIO2_ROS2/fastlio2/src/map_builder/ikd_Tree.cpp:1730:16:[m[K   required from here
[29.472s] [01m[K/home/ubuntu-nuc/rc2_ws/src/FASTLIO2_ROS2/fastlio2/src/map_builder/ikd_Tree.cpp:329:17:[m[K [01;35m[Kwarning: [m[Kunused variable ‘[01m[Kvalid_old[m[K’ [[01;35m[K-Wunused-variable[m[K]
[29.472s]   329 |             int [01;35m[Kvalid_old[m[K = old_root_node->TreeSize - old_root_node->invalid_point_num;
[29.472s]       |                 [01;35m[K^~~~~~~~~[m[K
[29.472s] [01m[K/home/ubuntu-nuc/rc2_ws/src/FASTLIO2_ROS2/fastlio2/src/map_builder/ikd_Tree.cpp:330:17:[m[K [01;35m[Kwarning: [m[Kunused variable ‘[01m[Kvalid_new[m[K’ [[01;35m[K-Wunused-variable[m[K]
[29.472s]   330 |             int [01;35m[Kvalid_new[m[K = new_root_node->TreeSize - new_root_node->invalid_point_num;
[29.473s]       |                 [01;35m[K^~~~~~~~~[m[K
[29.473s] [01m[K/home/ubuntu-nuc/rc2_ws/src/FASTLIO2_ROS2/fastlio2/src/map_builder/ikd_Tree.cpp:231:33:[m[K [01;35m[Kwarning: [m[Kunused variable ‘[01m[Knew_node_ptr[m[K’ [[01;35m[K-Wunused-variable[m[K]
[29.473s]   231 |     KD_TREE_NODE *father_ptr, **[01;35m[Knew_node_ptr[m[K;
[29.473s]       |                                 [01;35m[K^~~~~~~~~~~~[m[K
[29.474s] /home/ubuntu-nuc/rc2_ws/src/FASTLIO2_ROS2/fastlio2/src/map_builder/ikd_Tree.cpp: In instantiation of ‘[01m[Kvoid KD_TREE<PointType>::Rebuild(KD_TREE<PointType>::KD_TREE_NODE**) [with PointType = pcl::PointXYZ][m[K’:
[29.474s] [01m[K/home/ubuntu-nuc/rc2_ws/src/FASTLIO2_ROS2/fastlio2/src/map_builder/ikd_Tree.cpp:1730:16:[m[K   required from here
[29.475s] [01m[K/home/ubuntu-nuc/rc2_ws/src/FASTLIO2_ROS2/fastlio2/src/map_builder/ikd_Tree.cpp:751:13:[m[K [01;35m[Kwarning: [m[Kunused variable ‘[01m[Ksize_rec[m[K’ [[01;35m[K-Wunused-variable[m[K]
[29.475s]   751 |         int [01;35m[Ksize_rec[m[K = (*root)->TreeSize;
[29.475s]       |             [01;35m[K^~~~~~~~[m[K
[29.475s] /home/ubuntu-nuc/rc2_ws/src/FASTLIO2_ROS2/fastlio2/src/map_builder/ikd_Tree.cpp: In instantiation of ‘[01m[Kint KD_TREE<PointType>::Delete_by_range(KD_TREE<PointType>::KD_TREE_NODE**, BoxPointType, bool, bool) [with PointType = pcl::PointXYZ][m[K’:
[29.475s] [01m[K/home/ubuntu-nuc/rc2_ws/src/FASTLIO2_ROS2/fastlio2/src/map_builder/ikd_Tree.cpp:1730:16:[m[K   required from here
[29.475s] [01m[K/home/ubuntu-nuc/rc2_ws/src/FASTLIO2_ROS2/fastlio2/src/map_builder/ikd_Tree.cpp:802:21:[m[K [01;35m[Kwarning: [m[Kunused variable ‘[01m[KTimeout[m[K’ [[01;35m[K-Wunused-variable[m[K]
[29.475s]   802 |     struct timespec [01;35m[KTimeout[m[K;
[29.475s]       |                     [01;35m[K^~~~~~~[m[K
[29.476s] /home/ubuntu-nuc/rc2_ws/src/FASTLIO2_ROS2/fastlio2/src/map_builder/ikd_Tree.cpp: In instantiation of ‘[01m[Kvoid KD_TREE<PointType>::Delete_by_point(KD_TREE<PointType>::KD_TREE_NODE**, PointType, bool) [with PointType = pcl::PointXYZ][m[K’:
[29.476s] [01m[K/home/ubuntu-nuc/rc2_ws/src/FASTLIO2_ROS2/fastlio2/src/map_builder/ikd_Tree.cpp:1730:16:[m[K   required from here
[29.476s] [01m[K/home/ubuntu-nuc/rc2_ws/src/FASTLIO2_ROS2/fastlio2/src/map_builder/ikd_Tree.cpp:867:21:[m[K [01;35m[Kwarning: [m[Kunused variable ‘[01m[KTimeout[m[K’ [[01;35m[K-Wunused-variable[m[K]
[29.476s]   867 |     struct timespec [01;35m[KTimeout[m[K;
[29.476s]       |                     [01;35m[K^~~~~~~[m[K
[29.476s] /home/ubuntu-nuc/rc2_ws/src/FASTLIO2_ROS2/fastlio2/src/map_builder/ikd_Tree.cpp: In instantiation of ‘[01m[Kvoid KD_TREE<PointType>::Add_by_point(KD_TREE<PointType>::KD_TREE_NODE**, PointType, bool, int) [with PointType = pcl::PointXYZ][m[K’:
[29.476s] [01m[K/home/ubuntu-nuc/rc2_ws/src/FASTLIO2_ROS2/fastlio2/src/map_builder/ikd_Tree.cpp:1730:16:[m[K   required from here
[29.476s] [01m[K/home/ubuntu-nuc/rc2_ws/src/FASTLIO2_ROS2/fastlio2/src/map_builder/ikd_Tree.cpp:1006:21:[m[K [01;35m[Kwarning: [m[Kunused variable ‘[01m[KTimeout[m[K’ [[01;35m[K-Wunused-variable[m[K]
[29.476s]  1006 |     struct timespec [01;35m[KTimeout[m[K;
[29.477s]       |                     [01;35m[K^~~~~~~[m[K
[29.477s] /home/ubuntu-nuc/rc2_ws/src/FASTLIO2_ROS2/fastlio2/src/map_builder/ikd_Tree.cpp: In instantiation of ‘[01m[Kvoid KD_TREE<PointType>::Add_by_range(KD_TREE<PointType>::KD_TREE_NODE**, BoxPointType, bool) [with PointType = pcl::PointXYZ][m[K’:
[29.477s] [01m[K/home/ubuntu-nuc/rc2_ws/src/FASTLIO2_ROS2/fastlio2/src/map_builder/ikd_Tree.cpp:1730:16:[m[K   required from here
[29.477s] [01m[K/home/ubuntu-nuc/rc2_ws/src/FASTLIO2_ROS2/fastlio2/src/map_builder/ikd_Tree.cpp:946:21:[m[K [01;35m[Kwarning: [m[Kunused variable ‘[01m[KTimeout[m[K’ [[01;35m[K-Wunused-variable[m[K]
[29.477s]   946 |     struct timespec [01;35m[KTimeout[m[K;
[29.477s]       |                     [01;35m[K^~~~~~~[m[K
[29.478s] /home/ubuntu-nuc/rc2_ws/src/FASTLIO2_ROS2/fastlio2/src/map_builder/ikd_Tree.cpp: In instantiation of ‘[01m[Kvoid KD_TREE<PointType>::Search(KD_TREE<PointType>::KD_TREE_NODE*, int, PointType, KD_TREE<PointType>::MANUAL_HEAP&, float) [with PointType = pcl::PointXYZ][m[K’:
[29.478s] [01m[K/home/ubuntu-nuc/rc2_ws/src/FASTLIO2_ROS2/fastlio2/src/map_builder/ikd_Tree.cpp:1730:16:[m[K   required from here
[29.478s] [01m[K/home/ubuntu-nuc/rc2_ws/src/FASTLIO2_ROS2/fastlio2/src/map_builder/ikd_Tree.cpp:1097:63:[m[K [01;35m[Kwarning: [m[Ksuggest parentheses around ‘[01m[K&&[m[K’ within ‘[01m[K||[m[K’ [[01;35m[K-Wparentheses[m[K]
[29.478s]  1097 |     if (q.size() < k_nearest || [01;35m[Kdist_left_node < q.top().dist && dist_right_node < q.top().dist[m[K)
[29.478s]       |                                 [01;35m[K~~~~~~~~~~~~~~~~~~~~~~~~~~~~~~^~~~~~~~~~~~~~~~~~~~~~~~~~~~~~~~~[m[K
[29.478s] [01m[K/home/ubuntu-nuc/rc2_ws/src/FASTLIO2_ROS2/fastlio2/src/map_builder/ikd_Tree.cpp:1094:9:[m[K [01;35m[Kwarning: [m[Kunused variable ‘[01m[Kcur_search_counter[m[K’ [[01;35m[K-Wunused-variable[m[K]
[29.478s]  1094 |     int [01;35m[Kcur_search_counter[m[K;
[29.478s]       |         [01;35m[K^~~~~~~~~~~~~~~~~~[m[K
[29.485s] /home/ubuntu-nuc/rc2_ws/src/FASTLIO2_ROS2/fastlio2/src/map_builder/ikd_Tree.cpp: In instantiation of ‘[01m[Kint KD_TREE<PointType>::Add_Points(KD_TREE<PointType>::PointVector&, bool) [with PointType = pcl::PointXYZ; KD_TREE<PointType>::PointVector = std::vector<pcl::PointXYZ, Eigen::aligned_allocator<pcl::PointXYZ> >][m[K’:
[29.485s] [01m[K/home/ubuntu-nuc/rc2_ws/src/FASTLIO2_ROS2/fastlio2/src/map_builder/ikd_Tree.cpp:1730:16:[m[K   required from here
[29.485s] [01m[K/home/ubuntu-nuc/rc2_ws/src/FASTLIO2_ROS2/fastlio2/src/map_builder/ikd_Tree.cpp:485:23:[m[K [01;35m[Kwarning: [m[Kcomparison of integer expressions of different signedness: ‘[01m[Kint[m[K’ and ‘[01m[Kstd::vector<pcl::PointXYZ, Eigen::aligned_allocator<pcl::PointXYZ> >::size_type[m[K’ {aka ‘[01m[Klong unsigned int[m[K’} [[01;35m[K-Wsign-compare[m[K]
[29.485s]   485 |     for (int i = 0; [01;35m[Ki < PointToAdd.size()[m[K; i++)
[29.485s]       |                     [01;35m[K~~^~~~~~~~~~~~~~~~~~~[m[K
[29.485s] [01m[K/home/ubuntu-nuc/rc2_ws/src/FASTLIO2_ROS2/fastlio2/src/map_builder/ikd_Tree.cpp:502:39:[m[K [01;35m[Kwarning: [m[Kcomparison of integer expressions of different signedness: ‘[01m[Kint[m[K’ and ‘[01m[Kstd::vector<pcl::PointXYZ, Eigen::aligned_allocator<pcl::PointXYZ> >::size_type[m[K’ {aka ‘[01m[Klong unsigned int[m[K’} [[01;35m[K-Wsign-compare[m[K]
[29.485s]   502 |             for (int index = 0; [01;35m[Kindex < Downsample_Storage.size()[m[K; index++)
[29.485s]       |                                 [01;35m[K~~~~~~^~~~~~~~~~~~~~~~~~~~~~~~~~~[m[K
[29.485s] [01m[K/home/ubuntu-nuc/rc2_ws/src/FASTLIO2_ROS2/fastlio2/src/map_builder/ikd_Tree.cpp:478:9:[m[K [01;35m[Kwarning: [m[Kunused variable ‘[01m[KNewPointSize[m[K’ [[01;35m[K-Wunused-variable[m[K]
[29.486s]   478 |     int [01;35m[KNewPointSize[m[K = PointToAdd.size();
[29.486s]       |         [01;35m[K^~~~~~~~~~~~[m[K
[29.486s] [01m[K/home/ubuntu-nuc/rc2_ws/src/FASTLIO2_ROS2/fastlio2/src/map_builder/ikd_Tree.cpp:479:9:[m[K [01;35m[Kwarning: [m[Kunused variable ‘[01m[Ktree_size[m[K’ [[01;35m[K-Wunused-variable[m[K]
[29.486s]   479 |     int [01;35m[Ktree_size[m[K = size();
[29.486s]       |         [01;35m[K^~~~~~~~~[m[K
[29.486s] /home/ubuntu-nuc/rc2_ws/src/FASTLIO2_ROS2/fastlio2/src/map_builder/ikd_Tree.cpp: In instantiation of ‘[01m[Kvoid KD_TREE<PointType>::Add_Point_Boxes(std::vector<BoxPointType>&) [with PointType = pcl::PointXYZ][m[K’:
[29.486s] [01m[K/home/ubuntu-nuc/rc2_ws/src/FASTLIO2_ROS2/fastlio2/src/map_builder/ikd_Tree.cpp:1730:16:[m[K   required from here
[29.486s] [01m[K/home/ubuntu-nuc/rc2_ws/src/FASTLIO2_ROS2/fastlio2/src/map_builder/ikd_Tree.cpp:576:23:[m[K [01;35m[Kwarning: [m[Kcomparison of integer expressions of different signedness: ‘[01m[Kint[m[K’ and ‘[01m[Kstd::vector<BoxPointType>::size_type[m[K’ {aka ‘[01m[Klong unsigned int[m[K’} [[01;35m[K-Wsign-compare[m[K]
[29.486s]   576 |     for (int i = 0; [01;35m[Ki < BoxPoints.size()[m[K; i++)
[29.486s]       |                     [01;35m[K~~^~~~~~~~~~~~~~~~~~[m[K
[29.486s] /home/ubuntu-nuc/rc2_ws/src/FASTLIO2_ROS2/fastlio2/src/map_builder/ikd_Tree.cpp: In instantiation of ‘[01m[Kvoid KD_TREE<PointType>::Delete_Points(KD_TREE<PointType>::PointVector&) [with PointType = pcl::PointXYZ; KD_TREE<PointType>::PointVector = std::vector<pcl::PointXYZ, Eigen::aligned_allocator<pcl::PointXYZ> >][m[K’:
[29.486s] [01m[K/home/ubuntu-nuc/rc2_ws/src/FASTLIO2_ROS2/fastlio2/src/map_builder/ikd_Tree.cpp:1730:16:[m[K   required from here
[29.486s] [01m[K/home/ubuntu-nuc/rc2_ws/src/FASTLIO2_ROS2/fastlio2/src/map_builder/ikd_Tree.cpp:604:23:[m[K [01;35m[Kwarning: [m[Kcomparison of integer expressions of different signedness: ‘[01m[Kint[m[K’ and ‘[01m[Kstd::vector<pcl::PointXYZ, Eigen::aligned_allocator<pcl::PointXYZ> >::size_type[m[K’ {aka ‘[01m[Klong unsigned int[m[K’} [[01;35m[K-Wsign-compare[m[K]
[29.487s]   604 |     for (int i = 0; [01;35m[Ki < PointToDel.size()[m[K; i++)
[29.487s]       |                     [01;35m[K~~^~~~~~~~~~~~~~~~~~~[m[K
[29.487s] /home/ubuntu-nuc/rc2_ws/src/FASTLIO2_ROS2/fastlio2/src/map_builder/ikd_Tree.cpp: In instantiation of ‘[01m[Kint KD_TREE<PointType>::Delete_Point_Boxes(std::vector<BoxPointType>&) [with PointType = pcl::PointXYZ][m[K’:
[29.487s] [01m[K/home/ubuntu-nuc/rc2_ws/src/FASTLIO2_ROS2/fastlio2/src/map_builder/ikd_Tree.cpp:1730:16:[m[K   required from here
[29.487s] [01m[K/home/ubuntu-nuc/rc2_ws/src/FASTLIO2_ROS2/fastlio2/src/map_builder/ikd_Tree.cpp:633:23:[m[K [01;35m[Kwarning: [m[Kcomparison of integer expressions of different signedness: ‘[01m[Kint[m[K’ and ‘[01m[Kstd::vector<BoxPointType>::size_type[m[K’ {aka ‘[01m[Klong unsigned int[m[K’} [[01;35m[K-Wsign-compare[m[K]
[29.487s]   633 |     for (int i = 0; [01;35m[Ki < BoxPoints.size()[m[K; i++)
[29.487s]       |                     [01;35m[K~~^~~~~~~~~~~~~~~~~~[m[K
[29.487s] /home/ubuntu-nuc/rc2_ws/src/FASTLIO2_ROS2/fastlio2/src/map_builder/ikd_Tree.cpp: In instantiation of ‘[01m[Kvoid KD_TREE<PointType>::acquire_removed_points(KD_TREE<PointType>::PointVector&) [with PointType = pcl::PointXYZ; KD_TREE<PointType>::PointVector = std::vector<pcl::PointXYZ, Eigen::aligned_allocator<pcl::PointXYZ> >][m[K’:
[29.487s] [01m[K/home/ubuntu-nuc/rc2_ws/src/FASTLIO2_ROS2/fastlio2/src/map_builder/ikd_Tree.cpp:1730:16:[m[K   required from here
[29.487s] [01m[K/home/ubuntu-nuc/rc2_ws/src/FASTLIO2_ROS2/fastlio2/src/map_builder/ikd_Tree.cpp:662:23:[m[K [01;35m[Kwarning: [m[Kcomparison of integer expressions of different signedness: ‘[01m[Kint[m[K’ and ‘[01m[Kstd::vector<pcl::PointXYZ, Eigen::aligned_allocator<pcl::PointXYZ> >::size_type[m[K’ {aka ‘[01m[Klong unsigned int[m[K’} [[01;35m[K-Wsign-compare[m[K]
[29.487s]   662 |     for (int i = 0; [01;35m[Ki < Points_deleted.size()[m[K; i++)
[29.487s]       |                     [01;35m[K~~^~~~~~~~~~~~~~~~~~~~~~~[m[K
[29.487s] [01m[K/home/ubuntu-nuc/rc2_ws/src/FASTLIO2_ROS2/fastlio2/src/map_builder/ikd_Tree.cpp:666:23:[m[K [01;35m[Kwarning: [m[Kcomparison of integer expressions of different signedness: ‘[01m[Kint[m[K’ and ‘[01m[Kstd::vector<pcl::PointXYZ, Eigen::aligned_allocator<pcl::PointXYZ> >::size_type[m[K’ {aka ‘[01m[Klong unsigned int[m[K’} [[01;35m[K-Wsign-compare[m[K]
[29.487s]   666 |     for (int i = 0; [01;35m[Ki < Multithread_Points_deleted.size()[m[K; i++)
[29.488s]       |                     [01;35m[K~~^~~~~~~~~~~~~~~~~~~~~~~~~~~~~~~~~~~[m[K
[29.490s] /home/ubuntu-nuc/rc2_ws/src/FASTLIO2_ROS2/fastlio2/src/map_builder/ikd_Tree.cpp: In instantiation of ‘[01m[Kvoid KD_TREE<PointType>::multi_thread_rebuild() [with PointType = pcl::PointXYZI][m[K’:
[29.490s] [01m[K/home/ubuntu-nuc/rc2_ws/src/FASTLIO2_ROS2/fastlio2/src/map_builder/ikd_Tree.cpp:1731:16:[m[K   required from here
[29.490s] [01m[K/home/ubuntu-nuc/rc2_ws/src/FASTLIO2_ROS2/fastlio2/src/map_builder/ikd_Tree.cpp:329:17:[m[K [01;35m[Kwarning: [m[Kunused variable ‘[01m[Kvalid_old[m[K’ [[01;35m[K-Wunused-variable[m[K]
[29.490s]   329 |             int [01;35m[Kvalid_old[m[K = old_root_node->TreeSize - old_root_node->invalid_point_num;
[29.490s]       |                 [01;35m[K^~~~~~~~~[m[K
[29.490s] [01m[K/home/ubuntu-nuc/rc2_ws/src/FASTLIO2_ROS2/fastlio2/src/map_builder/ikd_Tree.cpp:330:17:[m[K [01;35m[Kwarning: [m[Kunused variable ‘[01m[Kvalid_new[m[K’ [[01;35m[K-Wunused-variable[m[K]
[29.490s]   330 |             int [01;35m[Kvalid_new[m[K = new_root_node->TreeSize - new_root_node->invalid_point_num;
[29.490s]       |                 [01;35m[K^~~~~~~~~[m[K
[29.491s] [01m[K/home/ubuntu-nuc/rc2_ws/src/FASTLIO2_ROS2/fastlio2/src/map_builder/ikd_Tree.cpp:231:33:[m[K [01;35m[Kwarning: [m[Kunused variable ‘[01m[Knew_node_ptr[m[K’ [[01;35m[K-Wunused-variable[m[K]
[29.491s]   231 |     KD_TREE_NODE *father_ptr, **[01;35m[Knew_node_ptr[m[K;
[29.491s]       |                                 [01;35m[K^~~~~~~~~~~~[m[K
[29.492s] /home/ubuntu-nuc/rc2_ws/src/FASTLIO2_ROS2/fastlio2/src/map_builder/ikd_Tree.cpp: In instantiation of ‘[01m[Kvoid KD_TREE<PointType>::Rebuild(KD_TREE<PointType>::KD_TREE_NODE**) [with PointType = pcl::PointXYZI][m[K’:
[29.492s] [01m[K/home/ubuntu-nuc/rc2_ws/src/FASTLIO2_ROS2/fastlio2/src/map_builder/ikd_Tree.cpp:1731:16:[m[K   required from here
[29.493s] [01m[K/home/ubuntu-nuc/rc2_ws/src/FASTLIO2_ROS2/fastlio2/src/map_builder/ikd_Tree.cpp:751:13:[m[K [01;35m[Kwarning: [m[Kunused variable ‘[01m[Ksize_rec[m[K’ [[01;35m[K-Wunused-variable[m[K]
[29.493s]   751 |         int [01;35m[Ksize_rec[m[K = (*root)->TreeSize;
[29.493s]       |             [01;35m[K^~~~~~~~[m[K
[29.493s] /home/ubuntu-nuc/rc2_ws/src/FASTLIO2_ROS2/fastlio2/src/map_builder/ikd_Tree.cpp: In instantiation of ‘[01m[Kint KD_TREE<PointType>::Delete_by_range(KD_TREE<PointType>::KD_TREE_NODE**, BoxPointType, bool, bool) [with PointType = pcl::PointXYZI][m[K’:
[29.493s] [01m[K/home/ubuntu-nuc/rc2_ws/src/FASTLIO2_ROS2/fastlio2/src/map_builder/ikd_Tree.cpp:1731:16:[m[K   required from here
[29.493s] [01m[K/home/ubuntu-nuc/rc2_ws/src/FASTLIO2_ROS2/fastlio2/src/map_builder/ikd_Tree.cpp:802:21:[m[K [01;35m[Kwarning: [m[Kunused variable ‘[01m[KTimeout[m[K’ [[01;35m[K-Wunused-variable[m[K]
[29.493s]   802 |     struct timespec [01;35m[KTimeout[m[K;
[29.493s]       |                     [01;35m[K^~~~~~~[m[K
[29.494s] /home/ubuntu-nuc/rc2_ws/src/FASTLIO2_ROS2/fastlio2/src/map_builder/ikd_Tree.cpp: In instantiation of ‘[01m[Kvoid KD_TREE<PointType>::Delete_by_point(KD_TREE<PointType>::KD_TREE_NODE**, PointType, bool) [with PointType = pcl::PointXYZI][m[K’:
[29.494s] [01m[K/home/ubuntu-nuc/rc2_ws/src/FASTLIO2_ROS2/fastlio2/src/map_builder/ikd_Tree.cpp:1731:16:[m[K   required from here
[29.494s] [01m[K/home/ubuntu-nuc/rc2_ws/src/FASTLIO2_ROS2/fastlio2/src/map_builder/ikd_Tree.cpp:867:21:[m[K [01;35m[Kwarning: [m[Kunused variable ‘[01m[KTimeout[m[K’ [[01;35m[K-Wunused-variable[m[K]
[29.494s]   867 |     struct timespec [01;35m[KTimeout[m[K;
[29.494s]       |                     [01;35m[K^~~~~~~[m[K
[29.494s] /home/ubuntu-nuc/rc2_ws/src/FASTLIO2_ROS2/fastlio2/src/map_builder/ikd_Tree.cpp: In instantiation of ‘[01m[Kvoid KD_TREE<PointType>::Add_by_point(KD_TREE<PointType>::KD_TREE_NODE**, PointType, bool, int) [with PointType = pcl::PointXYZI][m[K’:
[29.494s] [01m[K/home/ubuntu-nuc/rc2_ws/src/FASTLIO2_ROS2/fastlio2/src/map_builder/ikd_Tree.cpp:1731:16:[m[K   required from here
[29.494s] [01m[K/home/ubuntu-nuc/rc2_ws/src/FASTLIO2_ROS2/fastlio2/src/map_builder/ikd_Tree.cpp:1006:21:[m[K [01;35m[Kwarning: [m[Kunused variable ‘[01m[KTimeout[m[K’ [[01;35m[K-Wunused-variable[m[K]
[29.494s]  1006 |     struct timespec [01;35m[KTimeout[m[K;
[29.494s]       |                     [01;35m[K^~~~~~~[m[K
[29.495s] /home/ubuntu-nuc/rc2_ws/src/FASTLIO2_ROS2/fastlio2/src/map_builder/ikd_Tree.cpp: In instantiation of ‘[01m[Kvoid KD_TREE<PointType>::Add_by_range(KD_TREE<PointType>::KD_TREE_NODE**, BoxPointType, bool) [with PointType = pcl::PointXYZI][m[K’:
[29.495s] [01m[K/home/ubuntu-nuc/rc2_ws/src/FASTLIO2_ROS2/fastlio2/src/map_builder/ikd_Tree.cpp:1731:16:[m[K   required from here
[29.495s] [01m[K/home/ubuntu-nuc/rc2_ws/src/FASTLIO2_ROS2/fastlio2/src/map_builder/ikd_Tree.cpp:946:21:[m[K [01;35m[Kwarning: [m[Kunused variable ‘[01m[KTimeout[m[K’ [[01;35m[K-Wunused-variable[m[K]
[29.495s]   946 |     struct timespec [01;35m[KTimeout[m[K;
[29.495s]       |                     [01;35m[K^~~~~~~[m[K
[29.495s] /home/ubuntu-nuc/rc2_ws/src/FASTLIO2_ROS2/fastlio2/src/map_builder/ikd_Tree.cpp: In instantiation of ‘[01m[Kvoid KD_TREE<PointType>::Search(KD_TREE<PointType>::KD_TREE_NODE*, int, PointType, KD_TREE<PointType>::MANUAL_HEAP&, float) [with PointType = pcl::PointXYZI][m[K’:
[29.496s] [01m[K/home/ubuntu-nuc/rc2_ws/src/FASTLIO2_ROS2/fastlio2/src/map_builder/ikd_Tree.cpp:1731:16:[m[K   required from here
[29.496s] [01m[K/home/ubuntu-nuc/rc2_ws/src/FASTLIO2_ROS2/fastlio2/src/map_builder/ikd_Tree.cpp:1097:63:[m[K [01;35m[Kwarning: [m[Ksuggest parentheses around ‘[01m[K&&[m[K’ within ‘[01m[K||[m[K’ [[01;35m[K-Wparentheses[m[K]
[29.496s]  1097 |     if (q.size() < k_nearest || [01;35m[Kdist_left_node < q.top().dist && dist_right_node < q.top().dist[m[K)
[29.496s]       |                                 [01;35m[K~~~~~~~~~~~~~~~~~~~~~~~~~~~~~~^~~~~~~~~~~~~~~~~~~~~~~~~~~~~~~~~[m[K
[29.496s] [01m[K/home/ubuntu-nuc/rc2_ws/src/FASTLIO2_ROS2/fastlio2/src/map_builder/ikd_Tree.cpp:1094:9:[m[K [01;35m[Kwarning: [m[Kunused variable ‘[01m[Kcur_search_counter[m[K’ [[01;35m[K-Wunused-variable[m[K]
[29.496s]  1094 |     int [01;35m[Kcur_search_counter[m[K;
[29.496s]       |         [01;35m[K^~~~~~~~~~~~~~~~~~[m[K
[29.502s] /home/ubuntu-nuc/rc2_ws/src/FASTLIO2_ROS2/fastlio2/src/map_builder/ikd_Tree.cpp: In instantiation of ‘[01m[Kint KD_TREE<PointType>::Add_Points(KD_TREE<PointType>::PointVector&, bool) [with PointType = pcl::PointXYZI; KD_TREE<PointType>::PointVector = std::vector<pcl::PointXYZI, Eigen::aligned_allocator<pcl::PointXYZI> >][m[K’:
[29.502s] [01m[K/home/ubuntu-nuc/rc2_ws/src/FASTLIO2_ROS2/fastlio2/src/map_builder/ikd_Tree.cpp:1731:16:[m[K   required from here
[29.502s] [01m[K/home/ubuntu-nuc/rc2_ws/src/FASTLIO2_ROS2/fastlio2/src/map_builder/ikd_Tree.cpp:485:23:[m[K [01;35m[Kwarning: [m[Kcomparison of integer expressions of different signedness: ‘[01m[Kint[m[K’ and ‘[01m[Kstd::vector<pcl::PointXYZI, Eigen::aligned_allocator<pcl::PointXYZI> >::size_type[m[K’ {aka ‘[01m[Klong unsigned int[m[K’} [[01;35m[K-Wsign-compare[m[K]
[29.502s]   485 |     for (int i = 0; [01;35m[Ki < PointToAdd.size()[m[K; i++)
[29.502s]       |                     [01;35m[K~~^~~~~~~~~~~~~~~~~~~[m[K
[29.502s] [01m[K/home/ubuntu-nuc/rc2_ws/src/FASTLIO2_ROS2/fastlio2/src/map_builder/ikd_Tree.cpp:502:39:[m[K [01;35m[Kwarning: [m[Kcomparison of integer expressions of different signedness: ‘[01m[Kint[m[K’ and ‘[01m[Kstd::vector<pcl::PointXYZI, Eigen::aligned_allocator<pcl::PointXYZI> >::size_type[m[K’ {aka ‘[01m[Klong unsigned int[m[K’} [[01;35m[K-Wsign-compare[m[K]
[29.502s]   502 |             for (int index = 0; [01;35m[Kindex < Downsample_Storage.size()[m[K; index++)
[29.502s]       |                                 [01;35m[K~~~~~~^~~~~~~~~~~~~~~~~~~~~~~~~~~[m[K
[29.503s] [01m[K/home/ubuntu-nuc/rc2_ws/src/FASTLIO2_ROS2/fastlio2/src/map_builder/ikd_Tree.cpp:478:9:[m[K [01;35m[Kwarning: [m[Kunused variable ‘[01m[KNewPointSize[m[K’ [[01;35m[K-Wunused-variable[m[K]
[29.503s]   478 |     int [01;35m[KNewPointSize[m[K = PointToAdd.size();
[29.503s]       |         [01;35m[K^~~~~~~~~~~~[m[K
[29.503s] [01m[K/home/ubuntu-nuc/rc2_ws/src/FASTLIO2_ROS2/fastlio2/src/map_builder/ikd_Tree.cpp:479:9:[m[K [01;35m[Kwarning: [m[Kunused variable ‘[01m[Ktree_size[m[K’ [[01;35m[K-Wunused-variable[m[K]
[29.503s]   479 |     int [01;35m[Ktree_size[m[K = size();
[29.503s]       |         [01;35m[K^~~~~~~~~[m[K
[29.503s] /home/ubuntu-nuc/rc2_ws/src/FASTLIO2_ROS2/fastlio2/src/map_builder/ikd_Tree.cpp: In instantiation of ‘[01m[Kvoid KD_TREE<PointType>::Add_Point_Boxes(std::vector<BoxPointType>&) [with PointType = pcl::PointXYZI][m[K’:
[29.503s] [01m[K/home/ubuntu-nuc/rc2_ws/src/FASTLIO2_ROS2/fastlio2/src/map_builder/ikd_Tree.cpp:1731:16:[m[K   required from here
[29.503s] [01m[K/home/ubuntu-nuc/rc2_ws/src/FASTLIO2_ROS2/fastlio2/src/map_builder/ikd_Tree.cpp:576:23:[m[K [01;35m[Kwarning: [m[Kcomparison of integer expressions of different signedness: ‘[01m[Kint[m[K’ and ‘[01m[Kstd::vector<BoxPointType>::size_type[m[K’ {aka ‘[01m[Klong unsigned int[m[K’} [[01;35m[K-Wsign-compare[m[K]
[29.503s]   576 |     for (int i = 0; [01;35m[Ki < BoxPoints.size()[m[K; i++)
[29.503s]       |                     [01;35m[K~~^~~~~~~~~~~~~~~~~~[m[K
[29.503s] /home/ubuntu-nuc/rc2_ws/src/FASTLIO2_ROS2/fastlio2/src/map_builder/ikd_Tree.cpp: In instantiation of ‘[01m[Kvoid KD_TREE<PointType>::Delete_Points(KD_TREE<PointType>::PointVector&) [with PointType = pcl::PointXYZI; KD_TREE<PointType>::PointVector = std::vector<pcl::PointXYZI, Eigen::aligned_allocator<pcl::PointXYZI> >][m[K’:
[29.504s] [01m[K/home/ubuntu-nuc/rc2_ws/src/FASTLIO2_ROS2/fastlio2/src/map_builder/ikd_Tree.cpp:1731:16:[m[K   required from here
[29.504s] [01m[K/home/ubuntu-nuc/rc2_ws/src/FASTLIO2_ROS2/fastlio2/src/map_builder/ikd_Tree.cpp:604:23:[m[K [01;35m[Kwarning: [m[Kcomparison of integer expressions of different signedness: ‘[01m[Kint[m[K’ and ‘[01m[Kstd::vector<pcl::PointXYZI, Eigen::aligned_allocator<pcl::PointXYZI> >::size_type[m[K’ {aka ‘[01m[Klong unsigned int[m[K’} [[01;35m[K-Wsign-compare[m[K]
[29.504s]   604 |     for (int i = 0; [01;35m[Ki < PointToDel.size()[m[K; i++)
[29.504s]       |                     [01;35m[K~~^~~~~~~~~~~~~~~~~~~[m[K
[29.504s] /home/ubuntu-nuc/rc2_ws/src/FASTLIO2_ROS2/fastlio2/src/map_builder/ikd_Tree.cpp: In instantiation of ‘[01m[Kint KD_TREE<PointType>::Delete_Point_Boxes(std::vector<BoxPointType>&) [with PointType = pcl::PointXYZI][m[K’:
[29.504s] [01m[K/home/ubuntu-nuc/rc2_ws/src/FASTLIO2_ROS2/fastlio2/src/map_builder/ikd_Tree.cpp:1731:16:[m[K   required from here
[29.504s] [01m[K/home/ubuntu-nuc/rc2_ws/src/FASTLIO2_ROS2/fastlio2/src/map_builder/ikd_Tree.cpp:633:23:[m[K [01;35m[Kwarning: [m[Kcomparison of integer expressions of different signedness: ‘[01m[Kint[m[K’ and ‘[01m[Kstd::vector<BoxPointType>::size_type[m[K’ {aka ‘[01m[Klong unsigned int[m[K’} [[01;35m[K-Wsign-compare[m[K]
[29.504s]   633 |     for (int i = 0; [01;35m[Ki < BoxPoints.size()[m[K; i++)
[29.504s]       |                     [01;35m[K~~^~~~~~~~~~~~~~~~~~[m[K
[29.504s] /home/ubuntu-nuc/rc2_ws/src/FASTLIO2_ROS2/fastlio2/src/map_builder/ikd_Tree.cpp: In instantiation of ‘[01m[Kvoid KD_TREE<PointType>::acquire_removed_points(KD_TREE<PointType>::PointVector&) [with PointType = pcl::PointXYZI; KD_TREE<PointType>::PointVector = std::vector<pcl::PointXYZI, Eigen::aligned_allocator<pcl::PointXYZI> >][m[K’:
[29.504s] [01m[K/home/ubuntu-nuc/rc2_ws/src/FASTLIO2_ROS2/fastlio2/src/map_builder/ikd_Tree.cpp:1731:16:[m[K   required from here
[29.504s] [01m[K/home/ubuntu-nuc/rc2_ws/src/FASTLIO2_ROS2/fastlio2/src/map_builder/ikd_Tree.cpp:662:23:[m[K [01;35m[Kwarning: [m[Kcomparison of integer expressions of different signedness: ‘[01m[Kint[m[K’ and ‘[01m[Kstd::vector<pcl::PointXYZI, Eigen::aligned_allocator<pcl::PointXYZI> >::size_type[m[K’ {aka ‘[01m[Klong unsigned int[m[K’} [[01;35m[K-Wsign-compare[m[K]
[29.505s]   662 |     for (int i = 0; [01;35m[Ki < Points_deleted.size()[m[K; i++)
[29.505s]       |                     [01;35m[K~~^~~~~~~~~~~~~~~~~~~~~~~[m[K
[29.505s] [01m[K/home/ubuntu-nuc/rc2_ws/src/FASTLIO2_ROS2/fastlio2/src/map_builder/ikd_Tree.cpp:666:23:[m[K [01;35m[Kwarning: [m[Kcomparison of integer expressions of different signedness: ‘[01m[Kint[m[K’ and ‘[01m[Kstd::vector<pcl::PointXYZI, Eigen::aligned_allocator<pcl::PointXYZI> >::size_type[m[K’ {aka ‘[01m[Klong unsigned int[m[K’} [[01;35m[K-Wsign-compare[m[K]
[29.505s]   666 |     for (int i = 0; [01;35m[Ki < Multithread_Points_deleted.size()[m[K; i++)
[29.505s]       |                     [01;35m[K~~^~~~~~~~~~~~~~~~~~~~~~~~~~~~~~~~~~~[m[K
[29.507s] /home/ubuntu-nuc/rc2_ws/src/FASTLIO2_ROS2/fastlio2/src/map_builder/ikd_Tree.cpp: In instantiation of ‘[01m[Kvoid KD_TREE<PointType>::multi_thread_rebuild() [with PointType = pcl::PointXYZINormal][m[K’:
[29.507s] [01m[K/home/ubuntu-nuc/rc2_ws/src/FASTLIO2_ROS2/fastlio2/src/map_builder/ikd_Tree.cpp:1732:16:[m[K   required from here
[29.507s] [01m[K/home/ubuntu-nuc/rc2_ws/src/FASTLIO2_ROS2/fastlio2/src/map_builder/ikd_Tree.cpp:329:17:[m[K [01;35m[Kwarning: [m[Kunused variable ‘[01m[Kvalid_old[m[K’ [[01;35m[K-Wunused-variable[m[K]
[29.507s]   329 |             int [01;35m[Kvalid_old[m[K = old_root_node->TreeSize - old_root_node->invalid_point_num;
[29.507s]       |                 [01;35m[K^~~~~~~~~[m[K
[29.507s] [01m[K/home/ubuntu-nuc/rc2_ws/src/FASTLIO2_ROS2/fastlio2/src/map_builder/ikd_Tree.cpp:330:17:[m[K [01;35m[Kwarning: [m[Kunused variable ‘[01m[Kvalid_new[m[K’ [[01;35m[K-Wunused-variable[m[K]
[29.508s]   330 |             int [01;35m[Kvalid_new[m[K = new_root_node->TreeSize - new_root_node->invalid_point_num;
[29.508s]       |                 [01;35m[K^~~~~~~~~[m[K
[29.508s] [01m[K/home/ubuntu-nuc/rc2_ws/src/FASTLIO2_ROS2/fastlio2/src/map_builder/ikd_Tree.cpp:231:33:[m[K [01;35m[Kwarning: [m[Kunused variable ‘[01m[Knew_node_ptr[m[K’ [[01;35m[K-Wunused-variable[m[K]
[29.508s]   231 |     KD_TREE_NODE *father_ptr, **[01;35m[Knew_node_ptr[m[K;
[29.508s]       |                                 [01;35m[K^~~~~~~~~~~~[m[K
[29.509s] /home/ubuntu-nuc/rc2_ws/src/FASTLIO2_ROS2/fastlio2/src/map_builder/ikd_Tree.cpp: In instantiation of ‘[01m[Kvoid KD_TREE<PointType>::Rebuild(KD_TREE<PointType>::KD_TREE_NODE**) [with PointType = pcl::PointXYZINormal][m[K’:
[29.510s] [01m[K/home/ubuntu-nuc/rc2_ws/src/FASTLIO2_ROS2/fastlio2/src/map_builder/ikd_Tree.cpp:1732:16:[m[K   required from here
[29.510s] [01m[K/home/ubuntu-nuc/rc2_ws/src/FASTLIO2_ROS2/fastlio2/src/map_builder/ikd_Tree.cpp:751:13:[m[K [01;35m[Kwarning: [m[Kunused variable ‘[01m[Ksize_rec[m[K’ [[01;35m[K-Wunused-variable[m[K]
[29.510s]   751 |         int [01;35m[Ksize_rec[m[K = (*root)->TreeSize;
[29.510s]       |             [01;35m[K^~~~~~~~[m[K
[29.510s] /home/ubuntu-nuc/rc2_ws/src/FASTLIO2_ROS2/fastlio2/src/map_builder/ikd_Tree.cpp: In instantiation of ‘[01m[Kint KD_TREE<PointType>::Delete_by_range(KD_TREE<PointType>::KD_TREE_NODE**, BoxPointType, bool, bool) [with PointType = pcl::PointXYZINormal][m[K’:
[29.510s] [01m[K/home/ubuntu-nuc/rc2_ws/src/FASTLIO2_ROS2/fastlio2/src/map_builder/ikd_Tree.cpp:1732:16:[m[K   required from here
[29.510s] [01m[K/home/ubuntu-nuc/rc2_ws/src/FASTLIO2_ROS2/fastlio2/src/map_builder/ikd_Tree.cpp:802:21:[m[K [01;35m[Kwarning: [m[Kunused variable ‘[01m[KTimeout[m[K’ [[01;35m[K-Wunused-variable[m[K]
[29.510s]   802 |     struct timespec [01;35m[KTimeout[m[K;
[29.510s]       |                     [01;35m[K^~~~~~~[m[K
[29.511s] /home/ubuntu-nuc/rc2_ws/src/FASTLIO2_ROS2/fastlio2/src/map_builder/ikd_Tree.cpp: In instantiation of ‘[01m[Kvoid KD_TREE<PointType>::Delete_by_point(KD_TREE<PointType>::KD_TREE_NODE**, PointType, bool) [with PointType = pcl::PointXYZINormal][m[K’:
[29.511s] [01m[K/home/ubuntu-nuc/rc2_ws/src/FASTLIO2_ROS2/fastlio2/src/map_builder/ikd_Tree.cpp:1732:16:[m[K   required from here
[29.511s] [01m[K/home/ubuntu-nuc/rc2_ws/src/FASTLIO2_ROS2/fastlio2/src/map_builder/ikd_Tree.cpp:867:21:[m[K [01;35m[Kwarning: [m[Kunused variable ‘[01m[KTimeout[m[K’ [[01;35m[K-Wunused-variable[m[K]
[29.511s]   867 |     struct timespec [01;35m[KTimeout[m[K;
[29.511s]       |                     [01;35m[K^~~~~~~[m[K
[29.511s] /home/ubuntu-nuc/rc2_ws/src/FASTLIO2_ROS2/fastlio2/src/map_builder/ikd_Tree.cpp: In instantiation of ‘[01m[Kvoid KD_TREE<PointType>::Add_by_point(KD_TREE<PointType>::KD_TREE_NODE**, PointType, bool, int) [with PointType = pcl::PointXYZINormal][m[K’:
[29.511s] [01m[K/home/ubuntu-nuc/rc2_ws/src/FASTLIO2_ROS2/fastlio2/src/map_builder/ikd_Tree.cpp:1732:16:[m[K   required from here
[29.512s] [01m[K/home/ubuntu-nuc/rc2_ws/src/FASTLIO2_ROS2/fastlio2/src/map_builder/ikd_Tree.cpp:1006:21:[m[K [01;35m[Kwarning: [m[Kunused variable ‘[01m[KTimeout[m[K’ [[01;35m[K-Wunused-variable[m[K]
[29.512s]  1006 |     struct timespec [01;35m[KTimeout[m[K;
[29.512s]       |                     [01;35m[K^~~~~~~[m[K
[29.512s] /home/ubuntu-nuc/rc2_ws/src/FASTLIO2_ROS2/fastlio2/src/map_builder/ikd_Tree.cpp: In instantiation of ‘[01m[Kvoid KD_TREE<PointType>::Add_by_range(KD_TREE<PointType>::KD_TREE_NODE**, BoxPointType, bool) [with PointType = pcl::PointXYZINormal][m[K’:
[29.512s] [01m[K/home/ubuntu-nuc/rc2_ws/src/FASTLIO2_ROS2/fastlio2/src/map_builder/ikd_Tree.cpp:1732:16:[m[K   required from here
[29.512s] [01m[K/home/ubuntu-nuc/rc2_ws/src/FASTLIO2_ROS2/fastlio2/src/map_builder/ikd_Tree.cpp:946:21:[m[K [01;35m[Kwarning: [m[Kunused variable ‘[01m[KTimeout[m[K’ [[01;35m[K-Wunused-variable[m[K]
[29.512s]   946 |     struct timespec [01;35m[KTimeout[m[K;
[29.512s]       |                     [01;35m[K^~~~~~~[m[K
[29.513s] /home/ubuntu-nuc/rc2_ws/src/FASTLIO2_ROS2/fastlio2/src/map_builder/ikd_Tree.cpp: In instantiation of ‘[01m[Kvoid KD_TREE<PointType>::Search(KD_TREE<PointType>::KD_TREE_NODE*, int, PointType, KD_TREE<PointType>::MANUAL_HEAP&, float) [with PointType = pcl::PointXYZINormal][m[K’:
[29.513s] [01m[K/home/ubuntu-nuc/rc2_ws/src/FASTLIO2_ROS2/fastlio2/src/map_builder/ikd_Tree.cpp:1732:16:[m[K   required from here
[29.513s] [01m[K/home/ubuntu-nuc/rc2_ws/src/FASTLIO2_ROS2/fastlio2/src/map_builder/ikd_Tree.cpp:1097:63:[m[K [01;35m[Kwarning: [m[Ksuggest parentheses around ‘[01m[K&&[m[K’ within ‘[01m[K||[m[K’ [[01;35m[K-Wparentheses[m[K]
[29.513s]  1097 |     if (q.size() < k_nearest || [01;35m[Kdist_left_node < q.top().dist && dist_right_node < q.top().dist[m[K)
[29.513s]       |                                 [01;35m[K~~~~~~~~~~~~~~~~~~~~~~~~~~~~~~^~~~~~~~~~~~~~~~~~~~~~~~~~~~~~~~~[m[K
[29.513s] [01m[K/home/ubuntu-nuc/rc2_ws/src/FASTLIO2_ROS2/fastlio2/src/map_builder/ikd_Tree.cpp:1094:9:[m[K [01;35m[Kwarning: [m[Kunused variable ‘[01m[Kcur_search_counter[m[K’ [[01;35m[K-Wunused-variable[m[K]
[29.513s]  1094 |     int [01;35m[Kcur_search_counter[m[K;
[29.513s]       |         [01;35m[K^~~~~~~~~~~~~~~~~~[m[K
[29.519s] /home/ubuntu-nuc/rc2_ws/src/FASTLIO2_ROS2/fastlio2/src/map_builder/ikd_Tree.cpp: In instantiation of ‘[01m[Kint KD_TREE<PointType>::Add_Points(KD_TREE<PointType>::PointVector&, bool) [with PointType = pcl::PointXYZINormal; KD_TREE<PointType>::PointVector = std::vector<pcl::PointXYZINormal, Eigen::aligned_allocator<pcl::PointXYZINormal> >][m[K’:
[29.519s] [01m[K/home/ubuntu-nuc/rc2_ws/src/FASTLIO2_ROS2/fastlio2/src/map_builder/ikd_Tree.cpp:1732:16:[m[K   required from here
[29.519s] [01m[K/home/ubuntu-nuc/rc2_ws/src/FASTLIO2_ROS2/fastlio2/src/map_builder/ikd_Tree.cpp:485:23:[m[K [01;35m[Kwarning: [m[Kcomparison of integer expressions of different signedness: ‘[01m[Kint[m[K’ and ‘[01m[Kstd::vector<pcl::PointXYZINormal, Eigen::aligned_allocator<pcl::PointXYZINormal> >::size_type[m[K’ {aka ‘[01m[Klong unsigned int[m[K’} [[01;35m[K-Wsign-compare[m[K]
[29.519s]   485 |     for (int i = 0; [01;35m[Ki < PointToAdd.size()[m[K; i++)
[29.519s]       |                     [01;35m[K~~^~~~~~~~~~~~~~~~~~~[m[K
[29.519s] [01m[K/home/ubuntu-nuc/rc2_ws/src/FASTLIO2_ROS2/fastlio2/src/map_builder/ikd_Tree.cpp:502:39:[m[K [01;35m[Kwarning: [m[Kcomparison of integer expressions of different signedness: ‘[01m[Kint[m[K’ and ‘[01m[Kstd::vector<pcl::PointXYZINormal, Eigen::aligned_allocator<pcl::PointXYZINormal> >::size_type[m[K’ {aka ‘[01m[Klong unsigned int[m[K’} [[01;35m[K-Wsign-compare[m[K]
[29.519s]   502 |             for (int index = 0; [01;35m[Kindex < Downsample_Storage.size()[m[K; index++)
[29.520s]       |                                 [01;35m[K~~~~~~^~~~~~~~~~~~~~~~~~~~~~~~~~~[m[K
[29.520s] [01m[K/home/ubuntu-nuc/rc2_ws/src/FASTLIO2_ROS2/fastlio2/src/map_builder/ikd_Tree.cpp:478:9:[m[K [01;35m[Kwarning: [m[Kunused variable ‘[01m[KNewPointSize[m[K’ [[01;35m[K-Wunused-variable[m[K]
[29.520s]   478 |     int [01;35m[KNewPointSize[m[K = PointToAdd.size();
[29.520s]       |         [01;35m[K^~~~~~~~~~~~[m[K
[29.520s] [01m[K/home/ubuntu-nuc/rc2_ws/src/FASTLIO2_ROS2/fastlio2/src/map_builder/ikd_Tree.cpp:479:9:[m[K [01;35m[Kwarning: [m[Kunused variable ‘[01m[Ktree_size[m[K’ [[01;35m[K-Wunused-variable[m[K]
[29.520s]   479 |     int [01;35m[Ktree_size[m[K = size();
[29.520s]       |         [01;35m[K^~~~~~~~~[m[K
[29.520s] /home/ubuntu-nuc/rc2_ws/src/FASTLIO2_ROS2/fastlio2/src/map_builder/ikd_Tree.cpp: In instantiation of ‘[01m[Kvoid KD_TREE<PointType>::Add_Point_Boxes(std::vector<BoxPointType>&) [with PointType = pcl::PointXYZINormal][m[K’:
[29.520s] [01m[K/home/ubuntu-nuc/rc2_ws/src/FASTLIO2_ROS2/fastlio2/src/map_builder/ikd_Tree.cpp:1732:16:[m[K   required from here
[29.520s] [01m[K/home/ubuntu-nuc/rc2_ws/src/FASTLIO2_ROS2/fastlio2/src/map_builder/ikd_Tree.cpp:576:23:[m[K [01;35m[Kwarning: [m[Kcomparison of integer expressions of different signedness: ‘[01m[Kint[m[K’ and ‘[01m[Kstd::vector<BoxPointType>::size_type[m[K’ {aka ‘[01m[Klong unsigned int[m[K’} [[01;35m[K-Wsign-compare[m[K]
[29.520s]   576 |     for (int i = 0; [01;35m[Ki < BoxPoints.size()[m[K; i++)
[29.520s]       |                     [01;35m[K~~^~~~~~~~~~~~~~~~~~[m[K
[29.521s] /home/ubuntu-nuc/rc2_ws/src/FASTLIO2_ROS2/fastlio2/src/map_builder/ikd_Tree.cpp: In instantiation of ‘[01m[Kvoid KD_TREE<PointType>::Delete_Points(KD_TREE<PointType>::PointVector&) [with PointType = pcl::PointXYZINormal; KD_TREE<PointType>::PointVector = std::vector<pcl::PointXYZINormal, Eigen::aligned_allocator<pcl::PointXYZINormal> >][m[K’:
[29.521s] [01m[K/home/ubuntu-nuc/rc2_ws/src/FASTLIO2_ROS2/fastlio2/src/map_builder/ikd_Tree.cpp:1732:16:[m[K   required from here
[29.521s] [01m[K/home/ubuntu-nuc/rc2_ws/src/FASTLIO2_ROS2/fastlio2/src/map_builder/ikd_Tree.cpp:604:23:[m[K [01;35m[Kwarning: [m[Kcomparison of integer expressions of different signedness: ‘[01m[Kint[m[K’ and ‘[01m[Kstd::vector<pcl::PointXYZINormal, Eigen::aligned_allocator<pcl::PointXYZINormal> >::size_type[m[K’ {aka ‘[01m[Klong unsigned int[m[K’} [[01;35m[K-Wsign-compare[m[K]
[29.521s]   604 |     for (int i = 0; [01;35m[Ki < PointToDel.size()[m[K; i++)
[29.521s]       |                     [01;35m[K~~^~~~~~~~~~~~~~~~~~~[m[K
[29.521s] /home/ubuntu-nuc/rc2_ws/src/FASTLIO2_ROS2/fastlio2/src/map_builder/ikd_Tree.cpp: In instantiation of ‘[01m[Kint KD_TREE<PointType>::Delete_Point_Boxes(std::vector<BoxPointType>&) [with PointType = pcl::PointXYZINormal][m[K’:
[29.521s] [01m[K/home/ubuntu-nuc/rc2_ws/src/FASTLIO2_ROS2/fastlio2/src/map_builder/ikd_Tree.cpp:1732:16:[m[K   required from here
[29.521s] [01m[K/home/ubuntu-nuc/rc2_ws/src/FASTLIO2_ROS2/fastlio2/src/map_builder/ikd_Tree.cpp:633:23:[m[K [01;35m[Kwarning: [m[Kcomparison of integer expressions of different signedness: ‘[01m[Kint[m[K’ and ‘[01m[Kstd::vector<BoxPointType>::size_type[m[K’ {aka ‘[01m[Klong unsigned int[m[K’} [[01;35m[K-Wsign-compare[m[K]
[29.521s]   633 |     for (int i = 0; [01;35m[Ki < BoxPoints.size()[m[K; i++)
[29.521s]       |                     [01;35m[K~~^~~~~~~~~~~~~~~~~~[m[K
[29.521s] /home/ubuntu-nuc/rc2_ws/src/FASTLIO2_ROS2/fastlio2/src/map_builder/ikd_Tree.cpp: In instantiation of ‘[01m[Kvoid KD_TREE<PointType>::acquire_removed_points(KD_TREE<PointType>::PointVector&) [with PointType = pcl::PointXYZINormal; KD_TREE<PointType>::PointVector = std::vector<pcl::PointXYZINormal, Eigen::aligned_allocator<pcl::PointXYZINormal> >][m[K’:
[29.522s] [01m[K/home/ubuntu-nuc/rc2_ws/src/FASTLIO2_ROS2/fastlio2/src/map_builder/ikd_Tree.cpp:1732:16:[m[K   required from here
[29.522s] [01m[K/home/ubuntu-nuc/rc2_ws/src/FASTLIO2_ROS2/fastlio2/src/map_builder/ikd_Tree.cpp:662:23:[m[K [01;35m[Kwarning: [m[Kcomparison of integer expressions of different signedness: ‘[01m[Kint[m[K’ and ‘[01m[Kstd::vector<pcl::PointXYZINormal, Eigen::aligned_allocator<pcl::PointXYZINormal> >::size_type[m[K’ {aka ‘[01m[Klong unsigned int[m[K’} [[01;35m[K-Wsign-compare[m[K]
[29.522s]   662 |     for (int i = 0; [01;35m[Ki < Points_deleted.size()[m[K; i++)
[29.522s]       |                     [01;35m[K~~^~~~~~~~~~~~~~~~~~~~~~~[m[K
[29.522s] [01m[K/home/ubuntu-nuc/rc2_ws/src/FASTLIO2_ROS2/fastlio2/src/map_builder/ikd_Tree.cpp:666:23:[m[K [01;35m[Kwarning: [m[Kcomparison of integer expressions of different signedness: ‘[01m[Kint[m[K’ and ‘[01m[Kstd::vector<pcl::PointXYZINormal, Eigen::aligned_allocator<pcl::PointXYZINormal> >::size_type[m[K’ {aka ‘[01m[Klong unsigned int[m[K’} [[01;35m[K-Wsign-compare[m[K]
[29.522s]   666 |     for (int i = 0; [01;35m[Ki < Multithread_Points_deleted.size()[m[K; i++)
[29.522s]       |                     [01;35m[K~~^~~~~~~~~~~~~~~~~~~~~~~~~~~~~~~~~~~[m[K
[30.065s] [ 77%] [32mBuilding CXX object CMakeFiles/lio_node.dir/src/map_builder/imu_processor.cpp.o[0m
[30.065s] [ 77%] [32mBuilding CXX object CMakeFiles/lio_node.dir/src/map_builder/ieskf.cpp.o[0m
[30.065s] [ 88%] [32mBuilding CXX object CMakeFiles/lio_node.dir/src/map_builder/commons.cpp.o[0m
[40.746s] [100%] [32m[1mLinking CXX executable lio_node[0m
[41.254s] [100%] Built target lio_node
[41.258s] Invoked command in '/home/ubuntu-nuc/rc2_ws/build/fastlio2' returned '0': CMAKE_PREFIX_PATH=/home/ubuntu-nuc/rc2_ws/install/livox_ros_driver2:/home/ubuntu-nuc/rc2_ws/install/pgo:/home/ubuntu-nuc/rc2_ws/install/meiling_detect:/opt/ros/humble:/home/ubuntu-nuc/rc2_ws/install/meiling_control:/home/ubuntu-nuc/rc2_ws/install/localizer:/home/ubuntu-nuc/rc2_ws/install/fastlio2:/home/ubuntu-nuc/rc2_ws/install/hba:/home/ubuntu-nuc/rc2_ws/install/interface:/home/ubuntu-nuc/rc2_ws/install/auto_aim_interfaces:/home/ubuntu-nuc/rc_ws/install/fast_lio:/home/ubuntu-nuc/rc_ws/install/livox_ros_driver2 LD_LIBRARY_PATH=/home/ubuntu-nuc/rc2_ws/install/livox_ros_driver2/lib:/opt/MVS/lib/64:/opt/MVS/lib/32:/opt/MVS/lib/64:/opt/MVS/lib/32:/usr/lib/x86_64-linux-gnu:/home/ubuntu-nuc/rc2_ws/install/livox_sdk2/lib:/home/ubuntu-nuc/rc2_ws/install/interface/lib:/home/ubuntu-nuc/rc2_ws/install/auto_aim_interfaces/lib:/home/ubuntu-nuc/rc_ws/install/fast_lio/lib:/home/ubuntu-nuc/rc_ws/install/livox_ros_driver2/lib:/usr/lib/x86_64-linux-gnu/gazebo-11/plugins:/opt/ros/humble/opt/rviz_ogre_vendor/lib:/opt/ros/humble/lib/x86_64-linux-gnu:/opt/ros/humble/opt/openvdb_vendor/lib:/opt/ros/humble/lib:/opt/MVS/lib/64:/opt/MVS/lib/32 /usr/local/bin/cmake --build /home/ubuntu-nuc/rc2_ws/build/fastlio2 -- -j8 -l8
[41.259s] Invoking command in '/home/ubuntu-nuc/rc2_ws/build/fastlio2': CMAKE_PREFIX_PATH=/home/ubuntu-nuc/rc2_ws/install/livox_ros_driver2:/home/ubuntu-nuc/rc2_ws/install/pgo:/home/ubuntu-nuc/rc2_ws/install/meiling_detect:/opt/ros/humble:/home/ubuntu-nuc/rc2_ws/install/meiling_control:/home/ubuntu-nuc/rc2_ws/install/localizer:/home/ubuntu-nuc/rc2_ws/install/fastlio2:/home/ubuntu-nuc/rc2_ws/install/hba:/home/ubuntu-nuc/rc2_ws/install/interface:/home/ubuntu-nuc/rc2_ws/install/auto_aim_interfaces:/home/ubuntu-nuc/rc_ws/install/fast_lio:/home/ubuntu-nuc/rc_ws/install/livox_ros_driver2 LD_LIBRARY_PATH=/home/ubuntu-nuc/rc2_ws/install/livox_ros_driver2/lib:/opt/MVS/lib/64:/opt/MVS/lib/32:/opt/MVS/lib/64:/opt/MVS/lib/32:/usr/lib/x86_64-linux-gnu:/home/ubuntu-nuc/rc2_ws/install/livox_sdk2/lib:/home/ubuntu-nuc/rc2_ws/install/interface/lib:/home/ubuntu-nuc/rc2_ws/install/auto_aim_interfaces/lib:/home/ubuntu-nuc/rc_ws/install/fast_lio/lib:/home/ubuntu-nuc/rc_ws/install/livox_ros_driver2/lib:/usr/lib/x86_64-linux-gnu/gazebo-11/plugins:/opt/ros/humble/opt/rviz_ogre_vendor/lib:/opt/ros/humble/lib/x86_64-linux-gnu:/opt/ros/humble/opt/openvdb_vendor/lib:/opt/ros/humble/lib:/opt/MVS/lib/64:/opt/MVS/lib/32 /usr/local/bin/cmake --install /home/ubuntu-nuc/rc2_ws/build/fastlio2
[41.262s] -- Install configuration: "Release"
[41.263s] -- Installing: /home/ubuntu-nuc/rc2_ws/install/fastlio2/lib/fastlio2/lio_node
[41.264s] -- Set non-toolchain portion of runtime path of "/home/ubuntu-nuc/rc2_ws/install/fastlio2/lib/fastlio2/lio_node" to ""
[41.264s] -- Installing: /home/ubuntu-nuc/rc2_ws/install/fastlio2/share/fastlio2/launch
[41.264s] -- Installing: /home/ubuntu-nuc/rc2_ws/install/fastlio2/share/fastlio2/launch/lio_launch.py
[41.264s] -- Installing: /home/ubuntu-nuc/rc2_ws/install/fastlio2/share/fastlio2/launch/lio2_launch.py
[41.264s] -- Installing: /home/ubuntu-nuc/rc2_ws/install/fastlio2/share/fastlio2/rviz
[41.264s] -- Installing: /home/ubuntu-nuc/rc2_ws/install/fastlio2/share/fastlio2/rviz/fastlio2.rviz
[41.264s] -- Installing: /home/ubuntu-nuc/rc2_ws/install/fastlio2/share/fastlio2/config
[41.264s] -- Installing: /home/ubuntu-nuc/rc2_ws/install/fastlio2/share/fastlio2/config/lio.yaml
[41.264s] -- Installing: /home/ubuntu-nuc/rc2_ws/install/fastlio2/share/ament_index/resource_index/package_run_dependencies/fastlio2
[41.264s] -- Installing: /home/ubuntu-nuc/rc2_ws/install/fastlio2/share/ament_index/resource_index/parent_prefix_path/fastlio2
[41.265s] -- Installing: /home/ubuntu-nuc/rc2_ws/install/fastlio2/share/fastlio2/environment/ament_prefix_path.sh
[41.265s] -- Installing: /home/ubuntu-nuc/rc2_ws/install/fastlio2/share/fastlio2/environment/ament_prefix_path.dsv
[41.265s] -- Installing: /home/ubuntu-nuc/rc2_ws/install/fastlio2/share/fastlio2/environment/path.sh
[41.265s] -- Installing: /home/ubuntu-nuc/rc2_ws/install/fastlio2/share/fastlio2/environment/path.dsv
[41.265s] -- Installing: /home/ubuntu-nuc/rc2_ws/install/fastlio2/share/fastlio2/local_setup.bash
[41.265s] -- Installing: /home/ubuntu-nuc/rc2_ws/install/fastlio2/share/fastlio2/local_setup.sh
[41.265s] -- Installing: /home/ubuntu-nuc/rc2_ws/install/fastlio2/share/fastlio2/local_setup.zsh
[41.265s] -- Installing: /home/ubuntu-nuc/rc2_ws/install/fastlio2/share/fastlio2/local_setup.dsv
[41.265s] -- Installing: /home/ubuntu-nuc/rc2_ws/install/fastlio2/share/fastlio2/package.dsv
[41.266s] -- Installing: /home/ubuntu-nuc/rc2_ws/install/fastlio2/share/ament_index/resource_index/packages/fastlio2
[41.266s] -- Installing: /home/ubuntu-nuc/rc2_ws/install/fastlio2/share/fastlio2/cmake/fastlio2Config.cmake
[41.266s] -- Installing: /home/ubuntu-nuc/rc2_ws/install/fastlio2/share/fastlio2/cmake/fastlio2Config-version.cmake
[41.266s] -- Installing: /home/ubuntu-nuc/rc2_ws/install/fastlio2/share/fastlio2/package.xml
[41.267s] Invoked command in '/home/ubuntu-nuc/rc2_ws/build/fastlio2' returned '0': CMAKE_PREFIX_PATH=/home/ubuntu-nuc/rc2_ws/install/livox_ros_driver2:/home/ubuntu-nuc/rc2_ws/install/pgo:/home/ubuntu-nuc/rc2_ws/install/meiling_detect:/opt/ros/humble:/home/ubuntu-nuc/rc2_ws/install/meiling_control:/home/ubuntu-nuc/rc2_ws/install/localizer:/home/ubuntu-nuc/rc2_ws/install/fastlio2:/home/ubuntu-nuc/rc2_ws/install/hba:/home/ubuntu-nuc/rc2_ws/install/interface:/home/ubuntu-nuc/rc2_ws/install/auto_aim_interfaces:/home/ubuntu-nuc/rc_ws/install/fast_lio:/home/ubuntu-nuc/rc_ws/install/livox_ros_driver2 LD_LIBRARY_PATH=/home/ubuntu-nuc/rc2_ws/install/livox_ros_driver2/lib:/opt/MVS/lib/64:/opt/MVS/lib/32:/opt/MVS/lib/64:/opt/MVS/lib/32:/usr/lib/x86_64-linux-gnu:/home/ubuntu-nuc/rc2_ws/install/livox_sdk2/lib:/home/ubuntu-nuc/rc2_ws/install/interface/lib:/home/ubuntu-nuc/rc2_ws/install/auto_aim_interfaces/lib:/home/ubuntu-nuc/rc_ws/install/fast_lio/lib:/home/ubuntu-nuc/rc_ws/install/livox_ros_driver2/lib:/usr/lib/x86_64-linux-gnu/gazebo-11/plugins:/opt/ros/humble/opt/rviz_ogre_vendor/lib:/opt/ros/humble/lib/x86_64-linux-gnu:/opt/ros/humble/opt/openvdb_vendor/lib:/opt/ros/humble/lib:/opt/MVS/lib/64:/opt/MVS/lib/32 /usr/local/bin/cmake --install /home/ubuntu-nuc/rc2_ws/build/fastlio2
