[0.014s] Invoking command in '/home/ubuntu-nuc/rc2_ws/build/livox_sdk2': /usr/local/bin/cmake /home/ubuntu-nuc/rc2_ws/src/Livox-SDK2 -DCMAKE_INSTALL_PREFIX=/home/ubuntu-nuc/rc2_ws/install/livox_sdk2
[0.017s] [0mCMake Deprecation Warning at CMakeLists.txt:1 (cmake_minimum_required):
[0.017s]   Compatibility with CMake < 3.10 will be removed from a future version of
[0.017s]   CMake.
[0.017s] 
[0.017s]   Update the VERSION argument <min> value.  Or, use the <min>...<max> syntax
[0.017s]   to tell CMake that the project requires at least <min> but has been updated
[0.017s]   to work with policies introduced by <max> or earlier.
[0.017s] 
[0.017s] [0m
[0.021s] -- main project dir: /home/ubuntu-nuc/rc2_ws/src/Livox-SDK2
[0.021s] [0mCMake Deprecation Warning at sdk_core/CMakeLists.txt:1 (cmake_minimum_required):
[0.021s]   Compatibility with CMake < 3.10 will be removed from a future version of
[0.021s]   CMake.
[0.022s] 
[0.022s]   Update the VERSION argument <min> value.  Or, use the <min>...<max> syntax
[0.022s]   to tell CMake that the project requires at least <min> but has been updated
[0.022s]   to work with policies introduced by <max> or earlier.
[0.022s] 
[0.022s] [0m
[0.022s] [0mCMake Deprecation Warning at samples/CMakeLists.txt:1 (cmake_minimum_required):
[0.022s]   Compatibility with CMake < 3.10 will be removed from a future version of
[0.022s]   CMake.
[0.022s] 
[0.022s]   Update the VERSION argument <min> value.  Or, use the <min>...<max> syntax
[0.022s]   to tell CMake that the project requires at least <min> but has been updated
[0.022s]   to work with policies introduced by <max> or earlier.
[0.022s] 
[0.023s] [0m
[0.023s] -- main project dir: /home/ubuntu-nuc/rc2_ws/src/Livox-SDK2/samples
[0.023s] [0mCMake Deprecation Warning at samples/livox_lidar_quick_start/CMakeLists.txt:1 (cmake_minimum_required):
[0.023s]   Compatibility with CMake < 3.10 will be removed from a future version of
[0.023s]   CMake.
[0.023s] 
[0.023s]   Update the VERSION argument <min> value.  Or, use the <min>...<max> syntax
[0.023s]   to tell CMake that the project requires at least <min> but has been updated
[0.023s]   to work with policies introduced by <max> or earlier.
[0.023s] 
[0.023s] [0m
[0.023s] [0mCMake Deprecation Warning at samples/multi_lidars_upgrade/CMakeLists.txt:1 (cmake_minimum_required):
[0.023s]   Compatibility with CMake < 3.10 will be removed from a future version of
[0.024s]   CMake.
[0.024s] 
[0.024s]   Update the VERSION argument <min> value.  Or, use the <min>...<max> syntax
[0.024s]   to tell CMake that the project requires at least <min> but has been updated
[0.024s]   to work with policies introduced by <max> or earlier.
[0.024s] 
[0.024s] [0m
[0.024s] [0mCMake Deprecation Warning at samples/logger/CMakeLists.txt:1 (cmake_minimum_required):
[0.024s]   Compatibility with CMake < 3.10 will be removed from a future version of
[0.024s]   CMake.
[0.024s] 
[0.024s]   Update the VERSION argument <min> value.  Or, use the <min>...<max> syntax
[0.024s]   to tell CMake that the project requires at least <min> but has been updated
[0.024s]   to work with policies introduced by <max> or earlier.
[0.024s] 
[0.024s] [0m
[0.024s] [0mCMake Deprecation Warning at samples/debug_point_cloud/CMakeLists.txt:1 (cmake_minimum_required):
[0.025s]   Compatibility with CMake < 3.10 will be removed from a future version of
[0.025s]   CMake.
[0.025s] 
[0.025s]   Update the VERSION argument <min> value.  Or, use the <min>...<max> syntax
[0.025s]   to tell CMake that the project requires at least <min> but has been updated
[0.025s]   to work with policies introduced by <max> or earlier.
[0.025s] 
[0.025s] [0m
[0.025s] [0mCMake Deprecation Warning at samples/lidar_cmd_observer/CMakeLists.txt:1 (cmake_minimum_required):
[0.025s]   Compatibility with CMake < 3.10 will be removed from a future version of
[0.025s]   CMake.
[0.025s] 
[0.025s]   Update the VERSION argument <min> value.  Or, use the <min>...<max> syntax
[0.025s]   to tell CMake that the project requires at least <min> but has been updated
[0.025s]   to work with policies introduced by <max> or earlier.
[0.025s] 
[0.026s] [0m
[0.026s] [0mCMake Deprecation Warning at samples/livox_lidar_rmc_time_sync/CMakeLists.txt:1 (cmake_minimum_required):
[0.026s]   Compatibility with CMake < 3.10 will be removed from a future version of
[0.026s]   CMake.
[0.026s] 
[0.026s]   Update the VERSION argument <min> value.  Or, use the <min>...<max> syntax
[0.026s]   to tell CMake that the project requires at least <min> but has been updated
[0.026s]   to work with policies introduced by <max> or earlier.
[0.026s] 
[0.026s] [0m
[0.026s] -- Configuring done (0.0s)
[0.042s] -- Generating done (0.0s)
[0.044s] -- Build files have been written to: /home/ubuntu-nuc/rc2_ws/build/livox_sdk2
[0.046s] Invoked command in '/home/ubuntu-nuc/rc2_ws/build/livox_sdk2' returned '0': /usr/local/bin/cmake /home/ubuntu-nuc/rc2_ws/src/Livox-SDK2 -DCMAKE_INSTALL_PREFIX=/home/ubuntu-nuc/rc2_ws/install/livox_sdk2
[0.047s] Invoking command in '/home/ubuntu-nuc/rc2_ws/build/livox_sdk2': /usr/local/bin/cmake --build /home/ubuntu-nuc/rc2_ws/build/livox_sdk2 -- -j8 -l8
[0.092s] [ 42%] Built target livox_lidar_sdk_static
[0.109s] [ 44%] Built target livox_lidar_quick_start
[0.109s] [ 47%] Built target lidar_cmd_observer
[0.109s] [ 49%] Built target logger
[0.110s] [ 51%] Built target multi_lidars_upgrade
[0.110s] [ 55%] Built target livox_lidar_rmc_time_sync
[0.111s] [ 57%] Built target debug_point_cloud
[0.114s] [100%] Built target livox_lidar_sdk_shared
[0.120s] Invoked command in '/home/ubuntu-nuc/rc2_ws/build/livox_sdk2' returned '0': /usr/local/bin/cmake --build /home/ubuntu-nuc/rc2_ws/build/livox_sdk2 -- -j8 -l8
[0.125s] Invoking command in '/home/ubuntu-nuc/rc2_ws/build/livox_sdk2': /usr/local/bin/cmake --install /home/ubuntu-nuc/rc2_ws/build/livox_sdk2
[0.128s] -- Install configuration: ""
[0.128s] -- Up-to-date: /home/ubuntu-nuc/rc2_ws/install/livox_sdk2/lib/liblivox_lidar_sdk_static.a
[0.128s] -- Up-to-date: /home/ubuntu-nuc/rc2_ws/install/livox_sdk2/include/livox_lidar_def.h
[0.128s] -- Up-to-date: /home/ubuntu-nuc/rc2_ws/install/livox_sdk2/include/livox_lidar_api.h
[0.128s] -- Up-to-date: /home/ubuntu-nuc/rc2_ws/install/livox_sdk2/include/livox_lidar_cfg.h
[0.128s] -- Up-to-date: /home/ubuntu-nuc/rc2_ws/install/livox_sdk2/lib/liblivox_lidar_sdk_shared.so
[0.130s] Invoked command in '/home/ubuntu-nuc/rc2_ws/build/livox_sdk2' returned '0': /usr/local/bin/cmake --install /home/ubuntu-nuc/rc2_ws/build/livox_sdk2
