/usr/lib/python3/dist-packages/setuptools/dist.py:723: UserWarning: Usage of dash-separated 'script-dir' will not be supported in future versions. Please use the underscore name 'script_dir' instead
  warnings.warn(
running egg_info
writing ../../build/meiling_detect/meiling_detect.egg-info/PKG-INFO
writing dependency_links to ../../build/meiling_detect/meiling_detect.egg-info/dependency_links.txt
writing entry points to ../../build/meiling_detect/meiling_detect.egg-info/entry_points.txt
writing requirements to ../../build/meiling_detect/meiling_detect.egg-info/requires.txt
writing top-level names to ../../build/meiling_detect/meiling_detect.egg-info/top_level.txt
reading manifest file '../../build/meiling_detect/meiling_detect.egg-info/SOURCES.txt'
writing manifest file '../../build/meiling_detect/meiling_detect.egg-info/SOURCES.txt'
running build
running build_py
running install
running install_lib
running install_data
running install_egg_info
removing '/home/ubuntu-nuc/rc2_ws/install/meiling_detect/lib/python3.10/site-packages/meiling_detect-0.0.1-py3.10.egg-info' (and everything under it)
Copying ../../build/meiling_detect/meiling_detect.egg-info to /home/ubuntu-nuc/rc2_ws/install/meiling_detect/lib/python3.10/site-packages/meiling_detect-0.0.1-py3.10.egg-info
running install_scripts
Installing detect_node script to /home/ubuntu-nuc/rc2_ws/install/meiling_detect/lib/meiling_detect
writing list of installed files to '/home/ubuntu-nuc/rc2_ws/build/meiling_detect/install.log'
