[0.013s] Invoking command in '/home/ubuntu-nuc/rc2_ws/build/livox_ros_driver2': CMAKE_PREFIX_PATH=/home/ubuntu-nuc/rc2_ws/install/pgo:/home/ubuntu-nuc/rc2_ws/install/meiling_control:/home/ubuntu-nuc/rc2_ws/install/localizer:/home/ubuntu-nuc/rc2_ws/install/fastlio2:/home/ubuntu-nuc/rc2_ws/install/livox_ros_driver2:/home/ubuntu-nuc/rc2_ws/install/hba:/home/ubuntu-nuc/rc2_ws/install/interface:/home/ubuntu-nuc/rc2_ws/install/meiling_detect_debug:/home/ubuntu-nuc/rc2_ws/install/meiling_detect:/opt/ros/humble:/home/ubuntu-nuc/rc2_ws/install/auto_aim_interfaces:/home/ubuntu-nuc/rc_ws/install/fast_lio:/home/ubuntu-nuc/rc_ws/install/livox_ros_driver2 /usr/local/bin/cmake /home/ubuntu-nuc/rc2_ws/src/livox_ros_driver2 -DROS_EDITION=ROS2 -DDISTRO_ROS=humble -DCMAKE_INSTALL_PREFIX=/home/ubuntu-nuc/rc2_ws/install/livox_ros_driver2
[0.073s] -- The C compiler identification is GNU 11.4.0
[0.127s] -- The CXX compiler identification is GNU 11.4.0
[0.134s] -- Detecting C compiler ABI info
[0.178s] -- Detecting C compiler ABI info - done
[0.190s] -- Check for working C compiler: /usr/bin/cc - skipped
[0.191s] -- Detecting C compile features
[0.191s] -- Detecting C compile features - done
[0.200s] -- Detecting CXX compiler ABI info
[0.252s] -- Detecting CXX compiler ABI info - done
[0.264s] -- Check for working CXX compiler: /usr/bin/c++ - skipped
[0.264s] -- Detecting CXX compile features
[0.265s] -- Detecting CXX compile features - done
[0.269s] -- livox_ros_driver2 version: 1.2.6
[0.271s] -- Found ament_cmake_auto: 1.3.12 (/opt/ros/humble/share/ament_cmake_auto/cmake)
[0.392s] -- Found Python3: /usr/bin/python3 (found version "3.10.12") found components: Interpreter
[0.707s] -- Using all available rosidl_typesupport_c: rosidl_typesupport_fastrtps_c;rosidl_typesupport_introspection_c
[0.717s] -- Found rosidl_adapter: 3.1.7 (/opt/ros/humble/share/rosidl_adapter/cmake)
[0.775s] -- Using all available rosidl_typesupport_cpp: rosidl_typesupport_fastrtps_cpp;rosidl_typesupport_introspection_cpp
[0.914s] -- Found rmw_implementation_cmake: 6.1.2 (/opt/ros/humble/share/rmw_implementation_cmake/cmake)
[0.916s] -- Found rmw_fastrtps_cpp: 6.2.8 (/opt/ros/humble/share/rmw_fastrtps_cpp/cmake)
[1.111s] -- Found OpenSSL: /usr/lib/x86_64-linux-gnu/libcrypto.so (found version "3.0.2")
[1.180s] -- Found FastRTPS: /opt/ros/humble/include
[1.288s] -- Using RMW implementation 'rmw_fastrtps_cpp' as default
[1.318s] -- Performing Test CMAKE_HAVE_LIBC_PTHREAD
[1.462s] -- Performing Test CMAKE_HAVE_LIBC_PTHREAD - Success
[1.468s] -- Found Threads: TRUE
[2.012s] [33mCMake Warning (dev) at /usr/lib/x86_64-linux-gnu/cmake/pcl/PCLConfig.cmake:146 (find_package):
[2.012s]   Policy CMP0144 is not set: find_package uses upper-case <PACKAGENAME>_ROOT
[2.012s]   variables.  Run "cmake --help-policy CMP0144" for policy details.  Use the
[2.012s]   cmake_policy command to set the policy and suppress this warning.
[2.012s] 
[2.013s]   CMake variable EIGEN_ROOT is set to:
[2.013s] 
[2.013s]     /usr/include/eigen3
[2.013s] 
[2.013s]   For compatibility, find_package is ignoring the variable, but code in a
[2.013s]   .cmake module might still use it.
[2.013s] Call Stack (most recent call first):
[2.013s]   /usr/lib/x86_64-linux-gnu/cmake/pcl/PCLConfig.cmake:299 (find_eigen)
[2.013s]   /usr/lib/x86_64-linux-gnu/cmake/pcl/PCLConfig.cmake:543 (find_external_library)
[2.013s]   /opt/ros/humble/share/pcl_conversions/cmake/ament_cmake_export_dependencies-extras.cmake:21 (find_package)
[2.013s]   /opt/ros/humble/share/pcl_conversions/cmake/pcl_conversionsConfig.cmake:41 (include)
[2.013s]   /opt/ros/humble/share/ament_cmake_auto/cmake/ament_auto_find_build_dependencies.cmake:67 (find_package)
[2.013s]   CMakeLists.txt:225 (ament_auto_find_build_dependencies)
[2.013s] This warning is for project developers.  Use -Wno-dev to suppress it.
[2.013s] [0m
[2.020s] -- Checking for module 'eigen3'
[2.052s] --   Found eigen3, version 3.4.0
[2.134s] -- Found Eigen: /usr/include/eigen3 (Required is at least version "3.1")
[2.134s] -- Eigen found (include: /usr/include/eigen3, version: 3.4.0)
[2.134s] [33mCMake Warning (dev) at /usr/lib/x86_64-linux-gnu/cmake/pcl/PCLConfig.cmake:128 (find_package):
[2.134s]   Policy CMP0167 is not set: The FindBoost module is removed.  Run "cmake
[2.134s]   --help-policy CMP0167" for policy details.  Use the cmake_policy command to
[2.134s]   set the policy and suppress this warning.
[2.134s] 
[2.134s] Call Stack (most recent call first):
[2.135s]   /usr/lib/x86_64-linux-gnu/cmake/pcl/PCLConfig.cmake:297 (find_boost)
[2.135s]   /usr/lib/x86_64-linux-gnu/cmake/pcl/PCLConfig.cmake:543 (find_external_library)
[2.135s]   /opt/ros/humble/share/pcl_conversions/cmake/ament_cmake_export_dependencies-extras.cmake:21 (find_package)
[2.135s]   /opt/ros/humble/share/pcl_conversions/cmake/pcl_conversionsConfig.cmake:41 (include)
[2.135s]   /opt/ros/humble/share/ament_cmake_auto/cmake/ament_auto_find_build_dependencies.cmake:67 (find_package)
[2.135s]   CMakeLists.txt:225 (ament_auto_find_build_dependencies)
[2.135s] This warning is for project developers.  Use -Wno-dev to suppress it.
[2.135s] [0m
[2.224s] [33mCMake Warning (dev) at /usr/lib/x86_64-linux-gnu/cmake/pcl/Modules/FindFLANN.cmake:44 (find_package):
[2.224s]   Policy CMP0144 is not set: find_package uses upper-case <PACKAGENAME>_ROOT
[2.224s]   variables.  Run "cmake --help-policy CMP0144" for policy details.  Use the
[2.224s]   cmake_policy command to set the policy and suppress this warning.
[2.224s] 
[2.224s]   CMake variable FLANN_ROOT is set to:
[2.224s] 
[2.224s]     /usr
[2.224s] 
[2.225s]   For compatibility, find_package is ignoring the variable, but code in a
[2.225s]   .cmake module might still use it.
[2.225s] Call Stack (most recent call first):
[2.225s]   /usr/lib/x86_64-linux-gnu/cmake/pcl/PCLConfig.cmake:256 (find_package)
[2.225s]   /usr/lib/x86_64-linux-gnu/cmake/pcl/PCLConfig.cmake:301 (find_flann)
[2.225s]   /usr/lib/x86_64-linux-gnu/cmake/pcl/PCLConfig.cmake:543 (find_external_library)
[2.225s]   /opt/ros/humble/share/pcl_conversions/cmake/ament_cmake_export_dependencies-extras.cmake:21 (find_package)
[2.225s]   /opt/ros/humble/share/pcl_conversions/cmake/pcl_conversionsConfig.cmake:41 (include)
[2.225s]   /opt/ros/humble/share/ament_cmake_auto/cmake/ament_auto_find_build_dependencies.cmake:67 (find_package)
[2.225s]   CMakeLists.txt:225 (ament_auto_find_build_dependencies)
[2.225s] This warning is for project developers.  Use -Wno-dev to suppress it.
[2.225s] [0m
[2.262s] -- Checking for module 'flann'
[2.295s] --   Found flann, version 1.9.1
[2.437s] -- Found FLANN: /usr/lib/x86_64-linux-gnu/libflann_cpp.so
[2.437s] -- FLANN found (include: /usr/include, lib: /usr/lib/x86_64-linux-gnu/libflann_cpp.so)
[5.280s] -- Checking for module 'libusb-1.0'
[5.317s] --   Found libusb-1.0, version 1.0.25
[5.421s] -- Found libusb: /usr/lib/x86_64-linux-gnu/libusb-1.0.so
[5.426s] -- OpenNI found (version: 1.5.4.0, include: /usr/include/ni, lib: /usr/lib/libOpenNI.so;libusb::libusb)
[5.591s] -- OpenNI2 found (version: 2.2.0.33, include: /usr/include/openni2, lib: /usr/lib/x86_64-linux-gnu/libOpenNI2.so;libusb::libusb)
[6.366s] [33mCMake Warning (dev) at /usr/lib/x86_64-linux-gnu/cmake/pcl/PCLConfig.cmake:128 (find_package):
[6.366s]   Policy CMP0167 is not set: The FindBoost module is removed.  Run "cmake
[6.366s]   --help-policy CMP0167" for policy details.  Use the cmake_policy command to
[6.366s]   set the policy and suppress this warning.
[6.367s] 
[6.367s] Call Stack (most recent call first):
[6.367s]   /usr/lib/x86_64-linux-gnu/cmake/pcl/PCLConfig.cmake:297 (find_boost)
[6.367s]   /usr/lib/x86_64-linux-gnu/cmake/pcl/PCLConfig.cmake:543 (find_external_library)
[6.367s]   /opt/ros/humble/share/pcl_conversions/cmake/ament_cmake_export_dependencies-extras.cmake:21 (find_package)
[6.367s]   /opt/ros/humble/share/pcl_conversions/cmake/pcl_conversionsConfig.cmake:41 (include)
[6.367s]   /opt/ros/humble/share/ament_cmake_auto/cmake/ament_auto_find_build_dependencies.cmake:67 (find_package)
[6.367s]   CMakeLists.txt:225 (ament_auto_find_build_dependencies)
[6.367s] This warning is for project developers.  Use -Wno-dev to suppress it.
[6.367s] [0m
[6.415s] -- Eigen found (include: /usr/include/eigen3, version: 3.4.0)
[6.439s] -- OpenNI found (version: 1.5.4.0, include: /usr/include/ni, lib: /usr/lib/libOpenNI.so;libusb::libusb)
[6.466s] -- OpenNI2 found (version: 2.2.0.33, include: /usr/include/openni2, lib: /usr/lib/x86_64-linux-gnu/libOpenNI2.so;libusb::libusb)
[8.099s] -- Found Qhull version 8.0.2
[9.022s] -- OpenNI found (version: 1.5.4.0, include: /usr/include/ni, lib: /usr/lib/libOpenNI.so;libusb::libusb)
[10.066s] -- Found PCL_COMMON: /usr/lib/x86_64-linux-gnu/libpcl_common.so
[10.075s] -- Found PCL_KDTREE: /usr/lib/x86_64-linux-gnu/libpcl_kdtree.so
[10.077s] -- Found PCL_OCTREE: /usr/lib/x86_64-linux-gnu/libpcl_octree.so
[10.088s] -- Found PCL_SEARCH: /usr/lib/x86_64-linux-gnu/libpcl_search.so
[10.098s] -- Found PCL_SAMPLE_CONSENSUS: /usr/lib/x86_64-linux-gnu/libpcl_sample_consensus.so
[10.105s] -- Found PCL_FILTERS: /usr/lib/x86_64-linux-gnu/libpcl_filters.so
[10.106s] -- Found PCL_2D: /usr/include/pcl-1.12
[10.107s] -- Found PCL_GEOMETRY: /usr/include/pcl-1.12
[10.112s] -- Found PCL_IO: /usr/lib/x86_64-linux-gnu/libpcl_io.so
[10.124s] -- Found PCL_FEATURES: /usr/lib/x86_64-linux-gnu/libpcl_features.so
[10.134s] -- Found PCL_ML: /usr/lib/x86_64-linux-gnu/libpcl_ml.so
[10.151s] -- Found PCL_SEGMENTATION: /usr/lib/x86_64-linux-gnu/libpcl_segmentation.so
[10.157s] -- Found PCL_VISUALIZATION: /usr/lib/x86_64-linux-gnu/libpcl_visualization.so
[10.171s] -- Found PCL_SURFACE: /usr/lib/x86_64-linux-gnu/libpcl_surface.so
[10.184s] -- Found PCL_REGISTRATION: /usr/lib/x86_64-linux-gnu/libpcl_registration.so
[10.192s] -- Found PCL_KEYPOINTS: /usr/lib/x86_64-linux-gnu/libpcl_keypoints.so
[10.195s] -- Found PCL_TRACKING: /usr/lib/x86_64-linux-gnu/libpcl_tracking.so
[10.203s] -- Found PCL_RECOGNITION: /usr/lib/x86_64-linux-gnu/libpcl_recognition.so
[10.213s] -- Found PCL_STEREO: /usr/lib/x86_64-linux-gnu/libpcl_stereo.so
[10.215s] -- Found PCL_APPS: /usr/lib/x86_64-linux-gnu/libpcl_apps.so
[10.219s] -- Found PCL_IN_HAND_SCANNER: /usr/include/pcl-1.12
[10.225s] -- Found PCL_MODELER: /usr/include/pcl-1.12
[10.231s] -- Found PCL_POINT_CLOUD_EDITOR: /usr/include/pcl-1.12
[10.243s] -- Found PCL_OUTOFCORE: /usr/lib/x86_64-linux-gnu/libpcl_outofcore.so
[10.245s] -- Found PCL_PEOPLE: /usr/lib/x86_64-linux-gnu/libpcl_people.so
[10.395s] -- Found PkgConfig: /usr/bin/pkg-config (found version "0.29.2")
[10.397s] -- Checking for module 'apr-1'
[10.434s] --   Found apr-1, version 1.7.0
[10.517s] [0m/usr/include/apr-1.0[0m
[10.517s] [0mapr-1[0m
[11.269s] -- Found ament_cmake_ros: 0.10.0 (/opt/ros/humble/share/ament_cmake_ros/cmake)
[12.019s] -- Using all available rosidl_typesupport_c: rosidl_typesupport_fastrtps_c;rosidl_typesupport_introspection_c
[13.274s] -- Using all available rosidl_typesupport_cpp: rosidl_typesupport_fastrtps_cpp;rosidl_typesupport_introspection_cpp
[13.280s] [33mCMake Warning (dev) at /opt/ros/humble/share/rosidl_generator_py/cmake/rosidl_generator_py_generate_interfaces.cmake:20 (find_package):
[13.280s]   Policy CMP0148 is not set: The FindPythonInterp and FindPythonLibs modules
[13.280s]   are removed.  Run "cmake --help-policy CMP0148" for policy details.  Use
[13.280s]   the cmake_policy command to set the policy and suppress this warning.
[13.280s] 
[13.280s] Call Stack (most recent call first):
[13.280s]   /opt/ros/humble/share/ament_cmake_core/cmake/core/ament_execute_extensions.cmake:48 (include)
[13.280s]   /opt/ros/humble/share/rosidl_cmake/cmake/rosidl_generate_interfaces.cmake:286 (ament_execute_extensions)
[13.280s]   CMakeLists.txt:241 (rosidl_generate_interfaces)
[13.280s] This warning is for project developers.  Use -Wno-dev to suppress it.
[13.281s] [0m
[13.340s] -- Found PythonInterp: /usr/bin/python3 (found suitable version "3.10.12", minimum required is "3.6")
[13.340s] -- Found python_cmake_module: 0.10.0 (/opt/ros/humble/share/python_cmake_module/cmake)
[13.342s] [33mCMake Warning (dev) at /opt/ros/humble/share/python_cmake_module/cmake/Modules/FindPythonExtra.cmake:52 (find_package):
[13.342s]   Policy CMP0148 is not set: The FindPythonInterp and FindPythonLibs modules
[13.346s]   are removed.  Run "cmake --help-policy CMP0148" for policy details.  Use
[13.346s]   the cmake_policy command to set the policy and suppress this warning.
[13.346s] 
[13.346s] Call Stack (most recent call first):
[13.346s]   /opt/ros/humble/share/rosidl_generator_py/cmake/rosidl_generator_py_generate_interfaces.cmake:23 (find_package)
[13.346s]   /opt/ros/humble/share/ament_cmake_core/cmake/core/ament_execute_extensions.cmake:48 (include)
[13.346s]   /opt/ros/humble/share/rosidl_cmake/cmake/rosidl_generate_interfaces.cmake:286 (ament_execute_extensions)
[13.346s]   CMakeLists.txt:241 (rosidl_generate_interfaces)
[13.346s] This warning is for project developers.  Use -Wno-dev to suppress it.
[13.346s] [0m
[13.403s] [33mCMake Warning (dev) at /opt/ros/humble/share/python_cmake_module/cmake/Modules/FindPythonExtra.cmake:140 (find_package):
[13.403s]   Policy CMP0148 is not set: The FindPythonInterp and FindPythonLibs modules
[13.406s]   are removed.  Run "cmake --help-policy CMP0148" for policy details.  Use
[13.406s]   the cmake_policy command to set the policy and suppress this warning.
[13.406s] 
[13.406s] Call Stack (most recent call first):
[13.407s]   /opt/ros/humble/share/rosidl_generator_py/cmake/rosidl_generator_py_generate_interfaces.cmake:23 (find_package)
[13.407s]   /opt/ros/humble/share/ament_cmake_core/cmake/core/ament_execute_extensions.cmake:48 (include)
[13.407s]   /opt/ros/humble/share/rosidl_cmake/cmake/rosidl_generate_interfaces.cmake:286 (ament_execute_extensions)
[13.407s]   CMakeLists.txt:241 (rosidl_generate_interfaces)
[13.407s] This warning is for project developers.  Use -Wno-dev to suppress it.
[13.407s] [0m
[13.436s] -- Found PythonLibs: /usr/lib/x86_64-linux-gnu/libpython3.10.so (found suitable version "3.10.12", minimum required is "3.5")
[13.437s] -- Using PYTHON_EXECUTABLE: /usr/bin/python3
[13.437s] -- Using PYTHON_INCLUDE_DIRS: /usr/include/python3.10
[13.437s] -- Using PYTHON_LIBRARIES: /usr/lib/x86_64-linux-gnu/libpython3.10.so
[13.475s] -- Found PythonExtra: .so
[13.639s] -- Found ament_lint_auto: 0.12.14 (/opt/ros/humble/share/ament_lint_auto/cmake)
[13.711s] -- Added test 'copyright' to check source files copyright and LICENSE
[13.729s] -- Added test 'cppcheck' to perform static code analysis on C / C++ code
[13.729s] -- Configured cppcheck include dirs: /home/ubuntu-nuc/rc2_ws/src/livox_ros_driver2/3rdparty;/home/ubuntu-nuc/rc2_ws/src/livox_ros_driver2/src
[13.729s] -- Configured cppcheck exclude dirs and/or files: 
[13.743s] -- Added test 'cpplint' to check C / C++ code against the Google style
[13.743s] -- Configured cpplint exclude dirs and/or files: 
[13.751s] -- Added test 'flake8' to check Python code syntax and style conventions
[13.757s] -- Added test 'lint_cmake' to check CMake code style
[13.758s] -- Added test 'pep257' to check Python code against some of the docstring style conventions in PEP 257
[13.791s] -- Added test 'uncrustify' to check C / C++ code style
[13.791s] -- Configured uncrustify additional arguments: 
[13.793s] -- Added test 'xmllint' to check XML markup files
[13.806s] -- Configuring done (13.8s)
[14.100s] -- Generating done (0.3s)
[14.153s] -- Build files have been written to: /home/ubuntu-nuc/rc2_ws/build/livox_ros_driver2
[14.233s] Invoked command in '/home/ubuntu-nuc/rc2_ws/build/livox_ros_driver2' returned '0': CMAKE_PREFIX_PATH=/home/ubuntu-nuc/rc2_ws/install/pgo:/home/ubuntu-nuc/rc2_ws/install/meiling_control:/home/ubuntu-nuc/rc2_ws/install/localizer:/home/ubuntu-nuc/rc2_ws/install/fastlio2:/home/ubuntu-nuc/rc2_ws/install/livox_ros_driver2:/home/ubuntu-nuc/rc2_ws/install/hba:/home/ubuntu-nuc/rc2_ws/install/interface:/home/ubuntu-nuc/rc2_ws/install/meiling_detect_debug:/home/ubuntu-nuc/rc2_ws/install/meiling_detect:/opt/ros/humble:/home/ubuntu-nuc/rc2_ws/install/auto_aim_interfaces:/home/ubuntu-nuc/rc_ws/install/fast_lio:/home/ubuntu-nuc/rc_ws/install/livox_ros_driver2 /usr/local/bin/cmake /home/ubuntu-nuc/rc2_ws/src/livox_ros_driver2 -DROS_EDITION=ROS2 -DDISTRO_ROS=humble -DCMAKE_INSTALL_PREFIX=/home/ubuntu-nuc/rc2_ws/install/livox_ros_driver2
[14.234s] Invoking command in '/home/ubuntu-nuc/rc2_ws/build/livox_ros_driver2': CMAKE_PREFIX_PATH=/home/ubuntu-nuc/rc2_ws/install/pgo:/home/ubuntu-nuc/rc2_ws/install/meiling_control:/home/ubuntu-nuc/rc2_ws/install/localizer:/home/ubuntu-nuc/rc2_ws/install/fastlio2:/home/ubuntu-nuc/rc2_ws/install/livox_ros_driver2:/home/ubuntu-nuc/rc2_ws/install/hba:/home/ubuntu-nuc/rc2_ws/install/interface:/home/ubuntu-nuc/rc2_ws/install/meiling_detect_debug:/home/ubuntu-nuc/rc2_ws/install/meiling_detect:/opt/ros/humble:/home/ubuntu-nuc/rc2_ws/install/auto_aim_interfaces:/home/ubuntu-nuc/rc_ws/install/fast_lio:/home/ubuntu-nuc/rc_ws/install/livox_ros_driver2 /usr/local/bin/cmake --build /home/ubuntu-nuc/rc2_ws/build/livox_ros_driver2 -- -j8 -l8
[14.304s] [  1%] [34m[1mGenerating C code for ROS interfaces[0m
[14.323s] [  3%] [34m[1mGenerating C++ code for ROS interfaces[0m
[14.336s] [  5%] [32mBuilding CXX object CMakeFiles/livox_ros_driver2_node.dir/rclcpp_components/node_main_livox_ros_driver2_node.cpp.o[0m
[14.336s] [  5%] Built target ament_cmake_python_copy_livox_ros_driver2
[15.239s] running egg_info
[15.245s] creating livox_ros_driver2.egg-info
[15.245s] writing livox_ros_driver2.egg-info/PKG-INFO
[15.245s] writing dependency_links to livox_ros_driver2.egg-info/dependency_links.txt
[15.245s] writing top-level names to livox_ros_driver2.egg-info/top_level.txt
[15.245s] writing manifest file 'livox_ros_driver2.egg-info/SOURCES.txt'
[15.255s] reading manifest file 'livox_ros_driver2.egg-info/SOURCES.txt'
[15.256s] writing manifest file 'livox_ros_driver2.egg-info/SOURCES.txt'
[15.343s] [  5%] Built target ament_cmake_python_build_livox_ros_driver2_egg
[15.834s] [  7%] [32mBuilding C object CMakeFiles/livox_interfaces2__rosidl_generator_c.dir/rosidl_generator_c/livox_ros_driver2/msg/detail/custom_point__functions.c.o[0m
[15.847s] [  8%] [32mBuilding C object CMakeFiles/livox_interfaces2__rosidl_generator_c.dir/rosidl_generator_c/livox_ros_driver2/msg/detail/custom_msg__functions.c.o[0m
[15.989s] [ 10%] [32m[1mLinking C shared library liblivox_ros_driver2__rosidl_generator_c.so[0m
[16.053s] [ 10%] Built target livox_interfaces2__cpp
[16.062s] [ 10%] Built target livox_interfaces2__rosidl_generator_c
[16.071s] [ 12%] [34m[1mGenerating C++ type support dispatch for ROS interfaces[0m
[16.079s] [ 14%] [34m[1mGenerating C++ introspection for ROS interfaces[0m
[16.081s] [ 17%] [34m[1mGenerating C type support for eProsima Fast-RTPS[0m
[16.082s] [ 15%] [34m[1mGenerating C++ type support for eProsima Fast-RTPS[0m
[16.088s] [ 19%] [34m[1mGenerating C introspection for ROS interfaces[0m
[16.103s] [ 21%] [34m[1mGenerating C type support dispatch for ROS interfaces[0m
[16.741s] [ 22%] [32mBuilding C object CMakeFiles/livox_interfaces2__rosidl_typesupport_introspection_c.dir/rosidl_typesupport_introspection_c/livox_ros_driver2/msg/detail/custom_point__type_support.c.o[0m
[16.752s] [ 24%] [32mBuilding C object CMakeFiles/livox_interfaces2__rosidl_typesupport_introspection_c.dir/rosidl_typesupport_introspection_c/livox_ros_driver2/msg/detail/custom_msg__type_support.c.o[0m
[16.877s] [ 26%] [32m[1mLinking C shared library liblivox_ros_driver2__rosidl_typesupport_introspection_c.so[0m
[16.943s] [ 26%] Built target livox_interfaces2__rosidl_typesupport_introspection_c
[17.737s] [ 28%] [32mBuilding CXX object CMakeFiles/livox_interfaces2__rosidl_typesupport_cpp.dir/rosidl_typesupport_cpp/livox_ros_driver2/msg/custom_point__type_support.cpp.o[0m
[17.750s] [ 29%] [32mBuilding CXX object CMakeFiles/livox_interfaces2__rosidl_typesupport_cpp.dir/rosidl_typesupport_cpp/livox_ros_driver2/msg/custom_msg__type_support.cpp.o[0m
[17.851s] [ 31%] [32mBuilding CXX object CMakeFiles/livox_interfaces2__rosidl_typesupport_fastrtps_cpp.dir/rosidl_typesupport_fastrtps_cpp/livox_ros_driver2/msg/detail/dds_fastrtps/custom_point__type_support.cpp.o[0m
[17.861s] [ 33%] [32mBuilding CXX object CMakeFiles/livox_interfaces2__rosidl_typesupport_fastrtps_cpp.dir/rosidl_typesupport_fastrtps_cpp/livox_ros_driver2/msg/detail/dds_fastrtps/custom_msg__type_support.cpp.o[0m
[17.910s] [ 35%] [32mBuilding CXX object CMakeFiles/livox_interfaces2__rosidl_typesupport_c.dir/rosidl_typesupport_c/livox_ros_driver2/msg/custom_point__type_support.cpp.o[0m
[17.961s] [ 36%] [32mBuilding CXX object CMakeFiles/livox_interfaces2__rosidl_typesupport_introspection_cpp.dir/rosidl_typesupport_introspection_cpp/livox_ros_driver2/msg/detail/custom_point__type_support.cpp.o[0m
[17.983s] [ 38%] [32mBuilding CXX object CMakeFiles/livox_interfaces2__rosidl_typesupport_c.dir/rosidl_typesupport_c/livox_ros_driver2/msg/custom_msg__type_support.cpp.o[0m
[18.094s] [ 40%] [32m[1mLinking CXX shared library liblivox_ros_driver2__rosidl_typesupport_c.so[0m
[18.126s] [ 42%] [32mBuilding CXX object CMakeFiles/livox_interfaces2__rosidl_typesupport_fastrtps_c.dir/rosidl_typesupport_fastrtps_c/livox_ros_driver2/msg/detail/custom_point__type_support_c.cpp.o[0m
[18.237s] [ 42%] Built target livox_interfaces2__rosidl_typesupport_c
[18.257s] [ 43%] [32mBuilding CXX object CMakeFiles/livox_interfaces2__rosidl_typesupport_fastrtps_c.dir/rosidl_typesupport_fastrtps_c/livox_ros_driver2/msg/detail/custom_msg__type_support_c.cpp.o[0m
[18.587s] [ 45%] [32mBuilding CXX object CMakeFiles/livox_interfaces2__rosidl_typesupport_introspection_cpp.dir/rosidl_typesupport_introspection_cpp/livox_ros_driver2/msg/detail/custom_msg__type_support.cpp.o[0m
[18.793s] [ 47%] [32m[1mLinking CXX shared library liblivox_ros_driver2__rosidl_typesupport_cpp.so[0m
[18.921s] [ 47%] Built target livox_interfaces2__rosidl_typesupport_cpp
[18.976s] [ 49%] [32mBuilding CXX object CMakeFiles/livox_ros_driver2.dir/src/livox_ros_driver2.cpp.o[0m
[19.248s] [ 50%] [32mBuilding CXX object CMakeFiles/livox_ros_driver2.dir/src/lddc.cpp.o[0m
[19.276s] [ 52%] [32mBuilding CXX object CMakeFiles/livox_ros_driver2.dir/src/driver_node.cpp.o[0m
[19.353s] [ 54%] [32mBuilding CXX object CMakeFiles/livox_ros_driver2.dir/src/lds.cpp.o[0m
[19.445s] [ 56%] [32m[1mLinking CXX shared library liblivox_ros_driver2__rosidl_typesupport_fastrtps_cpp.so[0m
[19.508s] [ 57%] [32m[1mLinking CXX shared library liblivox_ros_driver2__rosidl_typesupport_fastrtps_c.so[0m
[19.634s] [ 57%] Built target livox_interfaces2__rosidl_typesupport_fastrtps_c
[19.654s] [ 59%] [32mBuilding CXX object CMakeFiles/livox_ros_driver2.dir/src/lds_lidar.cpp.o[0m
[19.699s] [ 59%] Built target livox_interfaces2__rosidl_typesupport_fastrtps_cpp
[19.707s] [ 61%] [32mBuilding CXX object CMakeFiles/livox_ros_driver2.dir/src/comm/comm.cpp.o[0m
[20.025s] [ 63%] [32m[1mLinking CXX shared library liblivox_ros_driver2__rosidl_typesupport_introspection_cpp.so[0m
[20.265s] [ 63%] Built target livox_interfaces2__rosidl_typesupport_introspection_cpp
[20.311s] [ 63%] Built target livox_interfaces2
[20.336s] [ 64%] [32mBuilding CXX object CMakeFiles/livox_ros_driver2.dir/src/comm/ldq.cpp.o[0m
[20.753s] [ 66%] [34m[1mGenerating Python code for ROS interfaces[0m
[21.847s] [ 68%] [32mBuilding CXX object CMakeFiles/livox_ros_driver2.dir/src/comm/semaphore.cpp.o[0m
[22.077s] [ 70%] [32mBuilding CXX object CMakeFiles/livox_ros_driver2.dir/src/comm/lidar_imu_data_queue.cpp.o[0m
[22.477s] [ 71%] [32mBuilding CXX object CMakeFiles/livox_ros_driver2.dir/src/comm/cache_index.cpp.o[0m
[22.594s] [ 73%] [32mBuilding CXX object CMakeFiles/livox_ros_driver2.dir/src/comm/pub_handler.cpp.o[0m
[23.136s] [ 75%] [32mBuilding CXX object CMakeFiles/livox_ros_driver2.dir/src/parse_cfg_file/parse_cfg_file.cpp.o[0m
[23.724s] [ 75%] Built target livox_interfaces2__py
[23.782s] [ 77%] [32mBuilding C object CMakeFiles/livox_interfaces2__rosidl_generator_py.dir/rosidl_generator_py/livox_ros_driver2/msg/_custom_point_s.c.o[0m
[24.219s] [ 78%] [32mBuilding C object CMakeFiles/livox_interfaces2__rosidl_generator_py.dir/rosidl_generator_py/livox_ros_driver2/msg/_custom_msg_s.c.o[0m
[24.679s] [ 80%] [32m[1mLinking C shared library rosidl_generator_py/livox_ros_driver2/liblivox_interfaces2__rosidl_generator_py.so[0m
[24.823s] [ 80%] Built target livox_interfaces2__rosidl_generator_py
[24.858s] [ 82%] [32mBuilding C object CMakeFiles/livox_ros_driver2__rosidl_typesupport_fastrtps_c__pyext.dir/rosidl_generator_py/livox_ros_driver2/_livox_ros_driver2_s.ep.rosidl_typesupport_fastrtps_c.c.o[0m
[25.018s] [ 84%] [32m[1mLinking C shared library rosidl_generator_py/livox_ros_driver2/livox_ros_driver2_s__rosidl_typesupport_fastrtps_c.cpython-310-x86_64-linux-gnu.so[0m
[25.150s] [ 84%] Built target livox_ros_driver2__rosidl_typesupport_fastrtps_c__pyext
[25.205s] [ 85%] [32mBuilding C object CMakeFiles/livox_ros_driver2__rosidl_typesupport_introspection_c__pyext.dir/rosidl_generator_py/livox_ros_driver2/_livox_ros_driver2_s.ep.rosidl_typesupport_introspection_c.c.o[0m
[25.282s] [ 87%] [32mBuilding CXX object CMakeFiles/livox_ros_driver2.dir/src/parse_cfg_file/parse_livox_lidar_cfg.cpp.o[0m
[25.703s] [ 89%] [32m[1mLinking C shared library rosidl_generator_py/livox_ros_driver2/livox_ros_driver2_s__rosidl_typesupport_introspection_c.cpython-310-x86_64-linux-gnu.so[0m
[25.785s] [ 89%] Built target livox_ros_driver2__rosidl_typesupport_introspection_c__pyext
[25.794s] [ 91%] [32mBuilding CXX object CMakeFiles/livox_ros_driver2.dir/src/call_back/lidar_common_callback.cpp.o[0m
[26.637s] [ 92%] [32mBuilding CXX object CMakeFiles/livox_ros_driver2.dir/src/call_back/livox_lidar_callback.cpp.o[0m
[27.564s] [ 94%] [32mBuilding C object CMakeFiles/livox_ros_driver2__rosidl_typesupport_c__pyext.dir/rosidl_generator_py/livox_ros_driver2/_livox_ros_driver2_s.ep.rosidl_typesupport_c.c.o[0m
[27.989s] [ 96%] [32m[1mLinking C shared library rosidl_generator_py/livox_ros_driver2/livox_ros_driver2_s__rosidl_typesupport_c.cpython-310-x86_64-linux-gnu.so[0m
[28.047s] [ 98%] [32m[1mLinking CXX executable livox_ros_driver2_node[0m
[28.099s] [ 98%] Built target livox_ros_driver2__rosidl_typesupport_c__pyext
[28.475s] [ 98%] Built target livox_ros_driver2_node
[39.162s] [100%] [32m[1mLinking CXX shared library liblivox_ros_driver2.so[0m
[40.222s] [100%] Built target livox_ros_driver2
[40.230s] Invoked command in '/home/ubuntu-nuc/rc2_ws/build/livox_ros_driver2' returned '0': CMAKE_PREFIX_PATH=/home/ubuntu-nuc/rc2_ws/install/pgo:/home/ubuntu-nuc/rc2_ws/install/meiling_control:/home/ubuntu-nuc/rc2_ws/install/localizer:/home/ubuntu-nuc/rc2_ws/install/fastlio2:/home/ubuntu-nuc/rc2_ws/install/livox_ros_driver2:/home/ubuntu-nuc/rc2_ws/install/hba:/home/ubuntu-nuc/rc2_ws/install/interface:/home/ubuntu-nuc/rc2_ws/install/meiling_detect_debug:/home/ubuntu-nuc/rc2_ws/install/meiling_detect:/opt/ros/humble:/home/ubuntu-nuc/rc2_ws/install/auto_aim_interfaces:/home/ubuntu-nuc/rc_ws/install/fast_lio:/home/ubuntu-nuc/rc_ws/install/livox_ros_driver2 /usr/local/bin/cmake --build /home/ubuntu-nuc/rc2_ws/build/livox_ros_driver2 -- -j8 -l8
[40.233s] Invoking command in '/home/ubuntu-nuc/rc2_ws/build/livox_ros_driver2': CMAKE_PREFIX_PATH=/home/ubuntu-nuc/rc2_ws/install/pgo:/home/ubuntu-nuc/rc2_ws/install/meiling_control:/home/ubuntu-nuc/rc2_ws/install/localizer:/home/ubuntu-nuc/rc2_ws/install/fastlio2:/home/ubuntu-nuc/rc2_ws/install/livox_ros_driver2:/home/ubuntu-nuc/rc2_ws/install/hba:/home/ubuntu-nuc/rc2_ws/install/interface:/home/ubuntu-nuc/rc2_ws/install/meiling_detect_debug:/home/ubuntu-nuc/rc2_ws/install/meiling_detect:/opt/ros/humble:/home/ubuntu-nuc/rc2_ws/install/auto_aim_interfaces:/home/ubuntu-nuc/rc_ws/install/fast_lio:/home/ubuntu-nuc/rc_ws/install/livox_ros_driver2 /usr/local/bin/cmake --install /home/ubuntu-nuc/rc2_ws/build/livox_ros_driver2
[40.238s] -- Install configuration: ""
[40.238s] -- Installing: /home/ubuntu-nuc/rc2_ws/install/livox_ros_driver2/share/ament_index/resource_index/rosidl_interfaces/livox_ros_driver2
[40.238s] -- Installing: /home/ubuntu-nuc/rc2_ws/install/livox_ros_driver2/include/livox_ros_driver2/livox_ros_driver2
[40.238s] -- Installing: /home/ubuntu-nuc/rc2_ws/install/livox_ros_driver2/include/livox_ros_driver2/livox_ros_driver2/msg
[40.239s] -- Installing: /home/ubuntu-nuc/rc2_ws/install/livox_ros_driver2/include/livox_ros_driver2/livox_ros_driver2/msg/custom_point.h
[40.239s] -- Installing: /home/ubuntu-nuc/rc2_ws/install/livox_ros_driver2/include/livox_ros_driver2/livox_ros_driver2/msg/rosidl_generator_c__visibility_control.h
[40.239s] -- Installing: /home/ubuntu-nuc/rc2_ws/install/livox_ros_driver2/include/livox_ros_driver2/livox_ros_driver2/msg/detail
[40.239s] -- Installing: /home/ubuntu-nuc/rc2_ws/install/livox_ros_driver2/include/livox_ros_driver2/livox_ros_driver2/msg/detail/custom_point__type_support.h
[40.239s] -- Installing: /home/ubuntu-nuc/rc2_ws/install/livox_ros_driver2/include/livox_ros_driver2/livox_ros_driver2/msg/detail/custom_msg__functions.h
[40.240s] -- Installing: /home/ubuntu-nuc/rc2_ws/install/livox_ros_driver2/include/livox_ros_driver2/livox_ros_driver2/msg/detail/custom_point__functions.c
[40.240s] -- Installing: /home/ubuntu-nuc/rc2_ws/install/livox_ros_driver2/include/livox_ros_driver2/livox_ros_driver2/msg/detail/custom_msg__type_support.h
[40.240s] -- Installing: /home/ubuntu-nuc/rc2_ws/install/livox_ros_driver2/include/livox_ros_driver2/livox_ros_driver2/msg/detail/custom_point__functions.h
[40.240s] -- Installing: /home/ubuntu-nuc/rc2_ws/install/livox_ros_driver2/include/livox_ros_driver2/livox_ros_driver2/msg/detail/custom_point__struct.h
[40.240s] -- Installing: /home/ubuntu-nuc/rc2_ws/install/livox_ros_driver2/include/livox_ros_driver2/livox_ros_driver2/msg/detail/custom_msg__functions.c
[40.241s] -- Installing: /home/ubuntu-nuc/rc2_ws/install/livox_ros_driver2/include/livox_ros_driver2/livox_ros_driver2/msg/detail/custom_msg__struct.h
[40.241s] -- Installing: /home/ubuntu-nuc/rc2_ws/install/livox_ros_driver2/include/livox_ros_driver2/livox_ros_driver2/msg/custom_msg.h
[40.241s] -- Installing: /home/ubuntu-nuc/rc2_ws/install/livox_ros_driver2/share/livox_ros_driver2/environment/library_path.sh
[40.241s] -- Installing: /home/ubuntu-nuc/rc2_ws/install/livox_ros_driver2/share/livox_ros_driver2/environment/library_path.dsv
[40.241s] -- Installing: /home/ubuntu-nuc/rc2_ws/install/livox_ros_driver2/lib/liblivox_ros_driver2__rosidl_generator_c.so
[40.242s] -- Set non-toolchain portion of runtime path of "/home/ubuntu-nuc/rc2_ws/install/livox_ros_driver2/lib/liblivox_ros_driver2__rosidl_generator_c.so" to ""
[40.242s] -- Up-to-date: /home/ubuntu-nuc/rc2_ws/install/livox_ros_driver2/include/livox_ros_driver2/livox_ros_driver2
[40.242s] -- Up-to-date: /home/ubuntu-nuc/rc2_ws/install/livox_ros_driver2/include/livox_ros_driver2/livox_ros_driver2/msg
[40.242s] -- Installing: /home/ubuntu-nuc/rc2_ws/install/livox_ros_driver2/include/livox_ros_driver2/livox_ros_driver2/msg/rosidl_typesupport_fastrtps_c__visibility_control.h
[40.242s] -- Up-to-date: /home/ubuntu-nuc/rc2_ws/install/livox_ros_driver2/include/livox_ros_driver2/livox_ros_driver2/msg/detail
[40.242s] -- Installing: /home/ubuntu-nuc/rc2_ws/install/livox_ros_driver2/include/livox_ros_driver2/livox_ros_driver2/msg/detail/custom_point__rosidl_typesupport_fastrtps_c.h
[40.242s] -- Installing: /home/ubuntu-nuc/rc2_ws/install/livox_ros_driver2/include/livox_ros_driver2/livox_ros_driver2/msg/detail/custom_msg__rosidl_typesupport_fastrtps_c.h
[40.242s] -- Installing: /home/ubuntu-nuc/rc2_ws/install/livox_ros_driver2/lib/liblivox_ros_driver2__rosidl_typesupport_fastrtps_c.so
[40.243s] -- Set non-toolchain portion of runtime path of "/home/ubuntu-nuc/rc2_ws/install/livox_ros_driver2/lib/liblivox_ros_driver2__rosidl_typesupport_fastrtps_c.so" to ""
[40.243s] -- Up-to-date: /home/ubuntu-nuc/rc2_ws/install/livox_ros_driver2/include/livox_ros_driver2/livox_ros_driver2
[40.243s] -- Up-to-date: /home/ubuntu-nuc/rc2_ws/install/livox_ros_driver2/include/livox_ros_driver2/livox_ros_driver2/msg
[40.243s] -- Up-to-date: /home/ubuntu-nuc/rc2_ws/install/livox_ros_driver2/include/livox_ros_driver2/livox_ros_driver2/msg/detail
[40.243s] -- Installing: /home/ubuntu-nuc/rc2_ws/install/livox_ros_driver2/include/livox_ros_driver2/livox_ros_driver2/msg/detail/custom_msg__rosidl_typesupport_introspection_c.h
[40.243s] -- Installing: /home/ubuntu-nuc/rc2_ws/install/livox_ros_driver2/include/livox_ros_driver2/livox_ros_driver2/msg/detail/custom_point__rosidl_typesupport_introspection_c.h
[40.244s] -- Installing: /home/ubuntu-nuc/rc2_ws/install/livox_ros_driver2/include/livox_ros_driver2/livox_ros_driver2/msg/detail/custom_point__type_support.c
[40.244s] -- Installing: /home/ubuntu-nuc/rc2_ws/install/livox_ros_driver2/include/livox_ros_driver2/livox_ros_driver2/msg/detail/custom_msg__type_support.c
[40.244s] -- Installing: /home/ubuntu-nuc/rc2_ws/install/livox_ros_driver2/include/livox_ros_driver2/livox_ros_driver2/msg/rosidl_typesupport_introspection_c__visibility_control.h
[40.244s] -- Installing: /home/ubuntu-nuc/rc2_ws/install/livox_ros_driver2/lib/liblivox_ros_driver2__rosidl_typesupport_introspection_c.so
[40.244s] -- Set non-toolchain portion of runtime path of "/home/ubuntu-nuc/rc2_ws/install/livox_ros_driver2/lib/liblivox_ros_driver2__rosidl_typesupport_introspection_c.so" to ""
[40.244s] -- Installing: /home/ubuntu-nuc/rc2_ws/install/livox_ros_driver2/lib/liblivox_ros_driver2__rosidl_typesupport_c.so
[40.245s] -- Set non-toolchain portion of runtime path of "/home/ubuntu-nuc/rc2_ws/install/livox_ros_driver2/lib/liblivox_ros_driver2__rosidl_typesupport_c.so" to ""
[40.245s] -- Up-to-date: /home/ubuntu-nuc/rc2_ws/install/livox_ros_driver2/include/livox_ros_driver2/livox_ros_driver2
[40.245s] -- Up-to-date: /home/ubuntu-nuc/rc2_ws/install/livox_ros_driver2/include/livox_ros_driver2/livox_ros_driver2/msg
[40.245s] -- Installing: /home/ubuntu-nuc/rc2_ws/install/livox_ros_driver2/include/livox_ros_driver2/livox_ros_driver2/msg/custom_msg.hpp
[40.245s] -- Installing: /home/ubuntu-nuc/rc2_ws/install/livox_ros_driver2/include/livox_ros_driver2/livox_ros_driver2/msg/custom_point.hpp
[40.245s] -- Installing: /home/ubuntu-nuc/rc2_ws/install/livox_ros_driver2/include/livox_ros_driver2/livox_ros_driver2/msg/rosidl_generator_cpp__visibility_control.hpp
[40.245s] -- Up-to-date: /home/ubuntu-nuc/rc2_ws/install/livox_ros_driver2/include/livox_ros_driver2/livox_ros_driver2/msg/detail
[40.245s] -- Installing: /home/ubuntu-nuc/rc2_ws/install/livox_ros_driver2/include/livox_ros_driver2/livox_ros_driver2/msg/detail/custom_point__struct.hpp
[40.245s] -- Installing: /home/ubuntu-nuc/rc2_ws/install/livox_ros_driver2/include/livox_ros_driver2/livox_ros_driver2/msg/detail/custom_msg__builder.hpp
[40.246s] -- Installing: /home/ubuntu-nuc/rc2_ws/install/livox_ros_driver2/include/livox_ros_driver2/livox_ros_driver2/msg/detail/custom_msg__type_support.hpp
[40.246s] -- Installing: /home/ubuntu-nuc/rc2_ws/install/livox_ros_driver2/include/livox_ros_driver2/livox_ros_driver2/msg/detail/custom_point__builder.hpp
[40.246s] -- Installing: /home/ubuntu-nuc/rc2_ws/install/livox_ros_driver2/include/livox_ros_driver2/livox_ros_driver2/msg/detail/custom_msg__struct.hpp
[40.246s] -- Installing: /home/ubuntu-nuc/rc2_ws/install/livox_ros_driver2/include/livox_ros_driver2/livox_ros_driver2/msg/detail/custom_point__traits.hpp
[40.246s] -- Installing: /home/ubuntu-nuc/rc2_ws/install/livox_ros_driver2/include/livox_ros_driver2/livox_ros_driver2/msg/detail/custom_msg__traits.hpp
[40.246s] -- Installing: /home/ubuntu-nuc/rc2_ws/install/livox_ros_driver2/include/livox_ros_driver2/livox_ros_driver2/msg/detail/custom_point__type_support.hpp
[40.246s] -- Up-to-date: /home/ubuntu-nuc/rc2_ws/install/livox_ros_driver2/include/livox_ros_driver2/livox_ros_driver2
[40.246s] -- Up-to-date: /home/ubuntu-nuc/rc2_ws/install/livox_ros_driver2/include/livox_ros_driver2/livox_ros_driver2/msg
[40.247s] -- Installing: /home/ubuntu-nuc/rc2_ws/install/livox_ros_driver2/include/livox_ros_driver2/livox_ros_driver2/msg/rosidl_typesupport_fastrtps_cpp__visibility_control.h
[40.247s] -- Up-to-date: /home/ubuntu-nuc/rc2_ws/install/livox_ros_driver2/include/livox_ros_driver2/livox_ros_driver2/msg/detail
[40.247s] -- Installing: /home/ubuntu-nuc/rc2_ws/install/livox_ros_driver2/include/livox_ros_driver2/livox_ros_driver2/msg/detail/custom_msg__rosidl_typesupport_fastrtps_cpp.hpp
[40.247s] -- Installing: /home/ubuntu-nuc/rc2_ws/install/livox_ros_driver2/include/livox_ros_driver2/livox_ros_driver2/msg/detail/dds_fastrtps
[40.247s] -- Installing: /home/ubuntu-nuc/rc2_ws/install/livox_ros_driver2/include/livox_ros_driver2/livox_ros_driver2/msg/detail/custom_point__rosidl_typesupport_fastrtps_cpp.hpp
[40.247s] -- Installing: /home/ubuntu-nuc/rc2_ws/install/livox_ros_driver2/lib/liblivox_ros_driver2__rosidl_typesupport_fastrtps_cpp.so
[40.247s] -- Set non-toolchain portion of runtime path of "/home/ubuntu-nuc/rc2_ws/install/livox_ros_driver2/lib/liblivox_ros_driver2__rosidl_typesupport_fastrtps_cpp.so" to ""
[40.248s] -- Up-to-date: /home/ubuntu-nuc/rc2_ws/install/livox_ros_driver2/include/livox_ros_driver2/livox_ros_driver2
[40.248s] -- Up-to-date: /home/ubuntu-nuc/rc2_ws/install/livox_ros_driver2/include/livox_ros_driver2/livox_ros_driver2/msg
[40.248s] -- Up-to-date: /home/ubuntu-nuc/rc2_ws/install/livox_ros_driver2/include/livox_ros_driver2/livox_ros_driver2/msg/detail
[40.248s] -- Installing: /home/ubuntu-nuc/rc2_ws/install/livox_ros_driver2/include/livox_ros_driver2/livox_ros_driver2/msg/detail/custom_msg__rosidl_typesupport_introspection_cpp.hpp
[40.248s] -- Installing: /home/ubuntu-nuc/rc2_ws/install/livox_ros_driver2/include/livox_ros_driver2/livox_ros_driver2/msg/detail/custom_point__rosidl_typesupport_introspection_cpp.hpp
[40.248s] -- Installing: /home/ubuntu-nuc/rc2_ws/install/livox_ros_driver2/include/livox_ros_driver2/livox_ros_driver2/msg/detail/custom_point__type_support.cpp
[40.248s] -- Installing: /home/ubuntu-nuc/rc2_ws/install/livox_ros_driver2/include/livox_ros_driver2/livox_ros_driver2/msg/detail/custom_msg__type_support.cpp
[40.248s] -- Installing: /home/ubuntu-nuc/rc2_ws/install/livox_ros_driver2/lib/liblivox_ros_driver2__rosidl_typesupport_introspection_cpp.so
[40.249s] -- Set non-toolchain portion of runtime path of "/home/ubuntu-nuc/rc2_ws/install/livox_ros_driver2/lib/liblivox_ros_driver2__rosidl_typesupport_introspection_cpp.so" to ""
[40.249s] -- Installing: /home/ubuntu-nuc/rc2_ws/install/livox_ros_driver2/lib/liblivox_ros_driver2__rosidl_typesupport_cpp.so
[40.249s] -- Set non-toolchain portion of runtime path of "/home/ubuntu-nuc/rc2_ws/install/livox_ros_driver2/lib/liblivox_ros_driver2__rosidl_typesupport_cpp.so" to ""
[40.249s] -- Installing: /home/ubuntu-nuc/rc2_ws/install/livox_ros_driver2/share/livox_ros_driver2/environment/pythonpath.sh
[40.249s] -- Installing: /home/ubuntu-nuc/rc2_ws/install/livox_ros_driver2/share/livox_ros_driver2/environment/pythonpath.dsv
[40.249s] -- Installing: /home/ubuntu-nuc/rc2_ws/install/livox_ros_driver2/local/lib/python3.10/dist-packages/livox_ros_driver2-1.0.0-py3.10.egg-info
[40.250s] -- Installing: /home/ubuntu-nuc/rc2_ws/install/livox_ros_driver2/local/lib/python3.10/dist-packages/livox_ros_driver2-1.0.0-py3.10.egg-info/dependency_links.txt
[40.250s] -- Installing: /home/ubuntu-nuc/rc2_ws/install/livox_ros_driver2/local/lib/python3.10/dist-packages/livox_ros_driver2-1.0.0-py3.10.egg-info/top_level.txt
[40.250s] -- Installing: /home/ubuntu-nuc/rc2_ws/install/livox_ros_driver2/local/lib/python3.10/dist-packages/livox_ros_driver2-1.0.0-py3.10.egg-info/PKG-INFO
[40.250s] -- Installing: /home/ubuntu-nuc/rc2_ws/install/livox_ros_driver2/local/lib/python3.10/dist-packages/livox_ros_driver2-1.0.0-py3.10.egg-info/SOURCES.txt
[40.250s] -- Installing: /home/ubuntu-nuc/rc2_ws/install/livox_ros_driver2/local/lib/python3.10/dist-packages/livox_ros_driver2
[40.250s] -- Installing: /home/ubuntu-nuc/rc2_ws/install/livox_ros_driver2/local/lib/python3.10/dist-packages/livox_ros_driver2/livox_ros_driver2_s__rosidl_typesupport_fastrtps_c.cpython-310-x86_64-linux-gnu.so
[40.250s] -- Installing: /home/ubuntu-nuc/rc2_ws/install/livox_ros_driver2/local/lib/python3.10/dist-packages/livox_ros_driver2/liblivox_interfaces2__rosidl_generator_py.so
[40.251s] -- Installing: /home/ubuntu-nuc/rc2_ws/install/livox_ros_driver2/local/lib/python3.10/dist-packages/livox_ros_driver2/_livox_ros_driver2_s.ep.rosidl_typesupport_fastrtps_c.c
[40.251s] -- Installing: /home/ubuntu-nuc/rc2_ws/install/livox_ros_driver2/local/lib/python3.10/dist-packages/livox_ros_driver2/__init__.py
[40.251s] -- Installing: /home/ubuntu-nuc/rc2_ws/install/livox_ros_driver2/local/lib/python3.10/dist-packages/livox_ros_driver2/_livox_ros_driver2_s.ep.rosidl_typesupport_c.c
[40.251s] -- Installing: /home/ubuntu-nuc/rc2_ws/install/livox_ros_driver2/local/lib/python3.10/dist-packages/livox_ros_driver2/livox_ros_driver2_s__rosidl_typesupport_introspection_c.cpython-310-x86_64-linux-gnu.so
[40.251s] -- Installing: /home/ubuntu-nuc/rc2_ws/install/livox_ros_driver2/local/lib/python3.10/dist-packages/livox_ros_driver2/livox_ros_driver2_s__rosidl_typesupport_c.cpython-310-x86_64-linux-gnu.so
[40.251s] -- Installing: /home/ubuntu-nuc/rc2_ws/install/livox_ros_driver2/local/lib/python3.10/dist-packages/livox_ros_driver2/msg
[40.251s] -- Installing: /home/ubuntu-nuc/rc2_ws/install/livox_ros_driver2/local/lib/python3.10/dist-packages/livox_ros_driver2/msg/_custom_msg.py
[40.252s] -- Installing: /home/ubuntu-nuc/rc2_ws/install/livox_ros_driver2/local/lib/python3.10/dist-packages/livox_ros_driver2/msg/__init__.py
[40.252s] -- Installing: /home/ubuntu-nuc/rc2_ws/install/livox_ros_driver2/local/lib/python3.10/dist-packages/livox_ros_driver2/msg/_custom_point_s.c
[40.252s] -- Installing: /home/ubuntu-nuc/rc2_ws/install/livox_ros_driver2/local/lib/python3.10/dist-packages/livox_ros_driver2/msg/_custom_msg_s.c
[40.252s] -- Installing: /home/ubuntu-nuc/rc2_ws/install/livox_ros_driver2/local/lib/python3.10/dist-packages/livox_ros_driver2/msg/_custom_point.py
[40.252s] -- Installing: /home/ubuntu-nuc/rc2_ws/install/livox_ros_driver2/local/lib/python3.10/dist-packages/livox_ros_driver2/_livox_ros_driver2_s.ep.rosidl_typesupport_introspection_c.c
[40.311s] Listing '/home/ubuntu-nuc/rc2_ws/install/livox_ros_driver2/local/lib/python3.10/dist-packages/livox_ros_driver2'...
[40.311s] Compiling '/home/ubuntu-nuc/rc2_ws/install/livox_ros_driver2/local/lib/python3.10/dist-packages/livox_ros_driver2/__init__.py'...
[40.311s] Listing '/home/ubuntu-nuc/rc2_ws/install/livox_ros_driver2/local/lib/python3.10/dist-packages/livox_ros_driver2/msg'...
[40.311s] Compiling '/home/ubuntu-nuc/rc2_ws/install/livox_ros_driver2/local/lib/python3.10/dist-packages/livox_ros_driver2/msg/__init__.py'...
[40.311s] Compiling '/home/ubuntu-nuc/rc2_ws/install/livox_ros_driver2/local/lib/python3.10/dist-packages/livox_ros_driver2/msg/_custom_msg.py'...
[40.312s] Compiling '/home/ubuntu-nuc/rc2_ws/install/livox_ros_driver2/local/lib/python3.10/dist-packages/livox_ros_driver2/msg/_custom_point.py'...
[40.318s] -- Installing: /home/ubuntu-nuc/rc2_ws/install/livox_ros_driver2/local/lib/python3.10/dist-packages/livox_ros_driver2/livox_ros_driver2_s__rosidl_typesupport_fastrtps_c.cpython-310-x86_64-linux-gnu.so
[40.318s] -- Set non-toolchain portion of runtime path of "/home/ubuntu-nuc/rc2_ws/install/livox_ros_driver2/local/lib/python3.10/dist-packages/livox_ros_driver2/livox_ros_driver2_s__rosidl_typesupport_fastrtps_c.cpython-310-x86_64-linux-gnu.so" to ""
[40.319s] -- Installing: /home/ubuntu-nuc/rc2_ws/install/livox_ros_driver2/local/lib/python3.10/dist-packages/livox_ros_driver2/livox_ros_driver2_s__rosidl_typesupport_introspection_c.cpython-310-x86_64-linux-gnu.so
[40.319s] -- Set non-toolchain portion of runtime path of "/home/ubuntu-nuc/rc2_ws/install/livox_ros_driver2/local/lib/python3.10/dist-packages/livox_ros_driver2/livox_ros_driver2_s__rosidl_typesupport_introspection_c.cpython-310-x86_64-linux-gnu.so" to ""
[40.319s] -- Installing: /home/ubuntu-nuc/rc2_ws/install/livox_ros_driver2/local/lib/python3.10/dist-packages/livox_ros_driver2/livox_ros_driver2_s__rosidl_typesupport_c.cpython-310-x86_64-linux-gnu.so
[40.320s] -- Set non-toolchain portion of runtime path of "/home/ubuntu-nuc/rc2_ws/install/livox_ros_driver2/local/lib/python3.10/dist-packages/livox_ros_driver2/livox_ros_driver2_s__rosidl_typesupport_c.cpython-310-x86_64-linux-gnu.so" to ""
[40.320s] -- Installing: /home/ubuntu-nuc/rc2_ws/install/livox_ros_driver2/lib/liblivox_interfaces2__rosidl_generator_py.so
[40.321s] -- Set non-toolchain portion of runtime path of "/home/ubuntu-nuc/rc2_ws/install/livox_ros_driver2/lib/liblivox_interfaces2__rosidl_generator_py.so" to ""
[40.321s] -- Installing: /home/ubuntu-nuc/rc2_ws/install/livox_ros_driver2/share/livox_ros_driver2/msg/CustomPoint.idl
[40.321s] -- Installing: /home/ubuntu-nuc/rc2_ws/install/livox_ros_driver2/share/livox_ros_driver2/msg/CustomMsg.idl
[40.321s] -- Installing: /home/ubuntu-nuc/rc2_ws/install/livox_ros_driver2/share/livox_ros_driver2/msg/CustomPoint.msg
[40.322s] -- Installing: /home/ubuntu-nuc/rc2_ws/install/livox_ros_driver2/share/livox_ros_driver2/msg/CustomMsg.msg
[40.322s] -- Installing: /home/ubuntu-nuc/rc2_ws/install/livox_ros_driver2/lib/livox_ros_driver2/livox_ros_driver2_node
[40.322s] -- Set non-toolchain portion of runtime path of "/home/ubuntu-nuc/rc2_ws/install/livox_ros_driver2/lib/livox_ros_driver2/livox_ros_driver2_node" to ""
[40.322s] -- Installing: /home/ubuntu-nuc/rc2_ws/install/livox_ros_driver2/lib/liblivox_ros_driver2.so
[40.325s] -- Set non-toolchain portion of runtime path of "/home/ubuntu-nuc/rc2_ws/install/livox_ros_driver2/lib/liblivox_ros_driver2.so" to ""
[40.325s] -- Installing: /home/ubuntu-nuc/rc2_ws/install/livox_ros_driver2/share/livox_ros_driver2/config
[40.325s] -- Installing: /home/ubuntu-nuc/rc2_ws/install/livox_ros_driver2/share/livox_ros_driver2/config/HAP_config.json
[40.326s] -- Installing: /home/ubuntu-nuc/rc2_ws/install/livox_ros_driver2/share/livox_ros_driver2/config/display_point_cloud_ROS2.rviz
[40.326s] -- Installing: /home/ubuntu-nuc/rc2_ws/install/livox_ros_driver2/share/livox_ros_driver2/config/MID360_config.json
[40.326s] -- Installing: /home/ubuntu-nuc/rc2_ws/install/livox_ros_driver2/share/livox_ros_driver2/config/mixed_HAP_MID360_config.json
[40.326s] -- Installing: /home/ubuntu-nuc/rc2_ws/install/livox_ros_driver2/share/livox_ros_driver2/config/MID360s_config.json
[40.326s] -- Installing: /home/ubuntu-nuc/rc2_ws/install/livox_ros_driver2/share/livox_ros_driver2/config/display_point_cloud_ROS1.rviz
[40.326s] -- Installing: /home/ubuntu-nuc/rc2_ws/install/livox_ros_driver2/share/livox_ros_driver2/launch_ROS2
[40.326s] -- Installing: /home/ubuntu-nuc/rc2_ws/install/livox_ros_driver2/share/livox_ros_driver2/launch_ROS2/msg_MID360s_launch.py
[40.326s] -- Installing: /home/ubuntu-nuc/rc2_ws/install/livox_ros_driver2/share/livox_ros_driver2/launch_ROS2/rviz_MID360_launch.py
[40.326s] -- Installing: /home/ubuntu-nuc/rc2_ws/install/livox_ros_driver2/share/livox_ros_driver2/launch_ROS2/msg_HAP_launch.py
[40.327s] -- Installing: /home/ubuntu-nuc/rc2_ws/install/livox_ros_driver2/share/livox_ros_driver2/launch_ROS2/rviz_MID360s_launch.py
[40.327s] -- Installing: /home/ubuntu-nuc/rc2_ws/install/livox_ros_driver2/share/livox_ros_driver2/launch_ROS2/rviz_mixed.py
[40.327s] -- Installing: /home/ubuntu-nuc/rc2_ws/install/livox_ros_driver2/share/livox_ros_driver2/launch_ROS2/msg_MID360_launch.py
[40.327s] -- Installing: /home/ubuntu-nuc/rc2_ws/install/livox_ros_driver2/share/livox_ros_driver2/launch_ROS2/rviz_HAP_launch.py
[40.327s] -- Installing: /home/ubuntu-nuc/rc2_ws/install/livox_ros_driver2/share/ament_index/resource_index/package_run_dependencies/livox_ros_driver2
[40.327s] -- Installing: /home/ubuntu-nuc/rc2_ws/install/livox_ros_driver2/share/ament_index/resource_index/parent_prefix_path/livox_ros_driver2
[40.327s] -- Installing: /home/ubuntu-nuc/rc2_ws/install/livox_ros_driver2/share/livox_ros_driver2/environment/ament_prefix_path.sh
[40.328s] -- Installing: /home/ubuntu-nuc/rc2_ws/install/livox_ros_driver2/share/livox_ros_driver2/environment/ament_prefix_path.dsv
[40.328s] -- Installing: /home/ubuntu-nuc/rc2_ws/install/livox_ros_driver2/share/livox_ros_driver2/environment/path.sh
[40.328s] -- Installing: /home/ubuntu-nuc/rc2_ws/install/livox_ros_driver2/share/livox_ros_driver2/environment/path.dsv
[40.328s] -- Installing: /home/ubuntu-nuc/rc2_ws/install/livox_ros_driver2/share/livox_ros_driver2/local_setup.bash
[40.328s] -- Installing: /home/ubuntu-nuc/rc2_ws/install/livox_ros_driver2/share/livox_ros_driver2/local_setup.sh
[40.328s] -- Installing: /home/ubuntu-nuc/rc2_ws/install/livox_ros_driver2/share/livox_ros_driver2/local_setup.zsh
[40.329s] -- Installing: /home/ubuntu-nuc/rc2_ws/install/livox_ros_driver2/share/livox_ros_driver2/local_setup.dsv
[40.329s] -- Installing: /home/ubuntu-nuc/rc2_ws/install/livox_ros_driver2/share/livox_ros_driver2/package.dsv
[40.329s] -- Installing: /home/ubuntu-nuc/rc2_ws/install/livox_ros_driver2/share/ament_index/resource_index/packages/livox_ros_driver2
[40.329s] -- Installing: /home/ubuntu-nuc/rc2_ws/install/livox_ros_driver2/share/livox_ros_driver2/cmake/export_livox_interfaces2__rosidl_generator_cExport.cmake
[40.329s] -- Installing: /home/ubuntu-nuc/rc2_ws/install/livox_ros_driver2/share/livox_ros_driver2/cmake/export_livox_interfaces2__rosidl_generator_cExport-noconfig.cmake
[40.329s] -- Installing: /home/ubuntu-nuc/rc2_ws/install/livox_ros_driver2/share/livox_ros_driver2/cmake/export_livox_interfaces2__rosidl_typesupport_fastrtps_cExport.cmake
[40.329s] -- Installing: /home/ubuntu-nuc/rc2_ws/install/livox_ros_driver2/share/livox_ros_driver2/cmake/export_livox_interfaces2__rosidl_typesupport_fastrtps_cExport-noconfig.cmake
[40.330s] -- Installing: /home/ubuntu-nuc/rc2_ws/install/livox_ros_driver2/share/livox_ros_driver2/cmake/livox_interfaces2__rosidl_typesupport_introspection_cExport.cmake
[40.330s] -- Installing: /home/ubuntu-nuc/rc2_ws/install/livox_ros_driver2/share/livox_ros_driver2/cmake/livox_interfaces2__rosidl_typesupport_introspection_cExport-noconfig.cmake
[40.330s] -- Installing: /home/ubuntu-nuc/rc2_ws/install/livox_ros_driver2/share/livox_ros_driver2/cmake/livox_interfaces2__rosidl_typesupport_cExport.cmake
[40.330s] -- Installing: /home/ubuntu-nuc/rc2_ws/install/livox_ros_driver2/share/livox_ros_driver2/cmake/livox_interfaces2__rosidl_typesupport_cExport-noconfig.cmake
[40.330s] -- Installing: /home/ubuntu-nuc/rc2_ws/install/livox_ros_driver2/share/livox_ros_driver2/cmake/export_livox_interfaces2__rosidl_generator_cppExport.cmake
[40.330s] -- Installing: /home/ubuntu-nuc/rc2_ws/install/livox_ros_driver2/share/livox_ros_driver2/cmake/export_livox_interfaces2__rosidl_typesupport_fastrtps_cppExport.cmake
[40.331s] -- Installing: /home/ubuntu-nuc/rc2_ws/install/livox_ros_driver2/share/livox_ros_driver2/cmake/export_livox_interfaces2__rosidl_typesupport_fastrtps_cppExport-noconfig.cmake
[40.331s] -- Installing: /home/ubuntu-nuc/rc2_ws/install/livox_ros_driver2/share/livox_ros_driver2/cmake/livox_interfaces2__rosidl_typesupport_introspection_cppExport.cmake
[40.331s] -- Installing: /home/ubuntu-nuc/rc2_ws/install/livox_ros_driver2/share/livox_ros_driver2/cmake/livox_interfaces2__rosidl_typesupport_introspection_cppExport-noconfig.cmake
[40.331s] -- Installing: /home/ubuntu-nuc/rc2_ws/install/livox_ros_driver2/share/livox_ros_driver2/cmake/livox_interfaces2__rosidl_typesupport_cppExport.cmake
[40.331s] -- Installing: /home/ubuntu-nuc/rc2_ws/install/livox_ros_driver2/share/livox_ros_driver2/cmake/livox_interfaces2__rosidl_typesupport_cppExport-noconfig.cmake
[40.331s] -- Installing: /home/ubuntu-nuc/rc2_ws/install/livox_ros_driver2/share/livox_ros_driver2/cmake/export_livox_interfaces2__rosidl_generator_pyExport.cmake
[40.332s] -- Installing: /home/ubuntu-nuc/rc2_ws/install/livox_ros_driver2/share/livox_ros_driver2/cmake/export_livox_interfaces2__rosidl_generator_pyExport-noconfig.cmake
[40.332s] -- Installing: /home/ubuntu-nuc/rc2_ws/install/livox_ros_driver2/share/ament_index/resource_index/rclcpp_components/livox_ros_driver2
[40.332s] -- Installing: /home/ubuntu-nuc/rc2_ws/install/livox_ros_driver2/share/livox_ros_driver2/cmake/rosidl_cmake-extras.cmake
[40.332s] -- Installing: /home/ubuntu-nuc/rc2_ws/install/livox_ros_driver2/share/livox_ros_driver2/cmake/ament_cmake_export_dependencies-extras.cmake
[40.332s] -- Installing: /home/ubuntu-nuc/rc2_ws/install/livox_ros_driver2/share/livox_ros_driver2/cmake/ament_cmake_export_include_directories-extras.cmake
[40.332s] -- Installing: /home/ubuntu-nuc/rc2_ws/install/livox_ros_driver2/share/livox_ros_driver2/cmake/ament_cmake_export_libraries-extras.cmake
[40.332s] -- Installing: /home/ubuntu-nuc/rc2_ws/install/livox_ros_driver2/share/livox_ros_driver2/cmake/ament_cmake_export_targets-extras.cmake
[40.333s] -- Installing: /home/ubuntu-nuc/rc2_ws/install/livox_ros_driver2/share/livox_ros_driver2/cmake/rosidl_cmake_export_typesupport_targets-extras.cmake
[40.333s] -- Installing: /home/ubuntu-nuc/rc2_ws/install/livox_ros_driver2/share/livox_ros_driver2/cmake/rosidl_cmake_export_typesupport_libraries-extras.cmake
[40.333s] -- Installing: /home/ubuntu-nuc/rc2_ws/install/livox_ros_driver2/share/livox_ros_driver2/cmake/livox_ros_driver2Config.cmake
[40.333s] -- Installing: /home/ubuntu-nuc/rc2_ws/install/livox_ros_driver2/share/livox_ros_driver2/cmake/livox_ros_driver2Config-version.cmake
[40.333s] -- Installing: /home/ubuntu-nuc/rc2_ws/install/livox_ros_driver2/share/livox_ros_driver2/package.xml
[40.336s] Invoked command in '/home/ubuntu-nuc/rc2_ws/build/livox_ros_driver2' returned '0': CMAKE_PREFIX_PATH=/home/ubuntu-nuc/rc2_ws/install/pgo:/home/ubuntu-nuc/rc2_ws/install/meiling_control:/home/ubuntu-nuc/rc2_ws/install/localizer:/home/ubuntu-nuc/rc2_ws/install/fastlio2:/home/ubuntu-nuc/rc2_ws/install/livox_ros_driver2:/home/ubuntu-nuc/rc2_ws/install/hba:/home/ubuntu-nuc/rc2_ws/install/interface:/home/ubuntu-nuc/rc2_ws/install/meiling_detect_debug:/home/ubuntu-nuc/rc2_ws/install/meiling_detect:/opt/ros/humble:/home/ubuntu-nuc/rc2_ws/install/auto_aim_interfaces:/home/ubuntu-nuc/rc_ws/install/fast_lio:/home/ubuntu-nuc/rc_ws/install/livox_ros_driver2 /usr/local/bin/cmake --install /home/ubuntu-nuc/rc2_ws/build/livox_ros_driver2
