[0.032s] Invoking command in '/home/ubuntu-nuc/rc2_ws/build/localizer': CMAKE_PREFIX_PATH=/home/ubuntu-nuc/rc2_ws/install/interface:/home/ubuntu-nuc/rc2_ws/install/pgo:/home/ubuntu-nuc/rc2_ws/install/meiling_control:/home/ubuntu-nuc/rc2_ws/install/localizer:/home/ubuntu-nuc/rc2_ws/install/fastlio2:/home/ubuntu-nuc/rc2_ws/install/livox_ros_driver2:/home/ubuntu-nuc/rc2_ws/install/hba:/home/ubuntu-nuc/rc2_ws/install/meiling_detect_debug:/home/ubuntu-nuc/rc2_ws/install/meiling_detect:/opt/ros/humble:/home/ubuntu-nuc/rc2_ws/install/auto_aim_interfaces:/home/ubuntu-nuc/rc_ws/install/fast_lio:/home/ubuntu-nuc/rc_ws/install/livox_ros_driver2 LD_LIBRARY_PATH=/home/ubuntu-nuc/rc2_ws/install/interface/lib:/usr/lib/x86_64-linux-gnu:/home/ubuntu-nuc/rc2_ws/install/livox_sdk2/lib:/home/ubuntu-nuc/rc2_ws/install/livox_ros_driver2/lib:/home/ubuntu-nuc/rc2_ws/install/auto_aim_interfaces/lib:/home/ubuntu-nuc/rc_ws/install/fast_lio/lib:/home/ubuntu-nuc/rc_ws/install/livox_ros_driver2/lib:/usr/lib/x86_64-linux-gnu/gazebo-11/plugins:/opt/ros/humble/opt/rviz_ogre_vendor/lib:/opt/ros/humble/lib/x86_64-linux-gnu:/opt/ros/humble/opt/openvdb_vendor/lib:/opt/ros/humble/lib:/opt/MVS/lib/64:/opt/MVS/lib/32:/opt/MVS/lib/64:/opt/MVS/lib/32:/opt/MVS/lib/64:/opt/MVS/lib/32 /usr/local/bin/cmake /home/ubuntu-nuc/rc2_ws/src/FASTLIO2_ROS2/localizer -DROS_EDITION=ROS2 -DDISTRO_ROS=humble -DCMAKE_INSTALL_PREFIX=/home/ubuntu-nuc/rc2_ws/install/localizer
[0.047s] [0mCMake Deprecation Warning at CMakeLists.txt:1 (cmake_minimum_required):
[0.047s]   Compatibility with CMake < 3.10 will be removed from a future version of
[0.048s]   CMake.
[0.048s] 
[0.048s]   Update the VERSION argument <min> value.  Or, use the <min>...<max> syntax
[0.048s]   to tell CMake that the project requires at least <min> but has been updated
[0.048s]   to work with policies introduced by <max> or earlier.
[0.048s] 
[0.049s] [0m
[0.176s] -- The C compiler identification is GNU 11.4.0
[0.366s] -- The CXX compiler identification is GNU 11.4.0
[0.391s] -- Detecting C compiler ABI info
[0.630s] -- Detecting C compiler ABI info - done
[0.694s] -- Check for working C compiler: /usr/bin/cc - skipped
[0.697s] -- Detecting C compile features
[0.700s] -- Detecting C compile features - done
[0.751s] -- Detecting CXX compiler ABI info
[1.071s] -- Detecting CXX compiler ABI info - done
[1.190s] -- Check for working CXX compiler: /usr/bin/c++ - skipped
[1.190s] -- Detecting CXX compile features
[1.190s] -- Detecting CXX compile features - done
[1.216s] -- Found ament_cmake: 1.3.12 (/opt/ros/humble/share/ament_cmake/cmake)
[1.574s] -- Found Python3: /usr/bin/python3 (found version "3.10.12") found components: Interpreter
[1.773s] -- Found std_msgs: 4.9.0 (/opt/ros/humble/share/std_msgs/cmake)
[1.888s] -- Found rosidl_generator_c: 3.1.7 (/opt/ros/humble/share/rosidl_generator_c/cmake)
[1.914s] -- Found rosidl_adapter: 3.1.7 (/opt/ros/humble/share/rosidl_adapter/cmake)
[1.950s] -- Found rosidl_generator_cpp: 3.1.8 (/opt/ros/humble/share/rosidl_generator_cpp/cmake)
[1.982s] -- Using all available rosidl_typesupport_c: rosidl_typesupport_fastrtps_c;rosidl_typesupport_introspection_c
[2.011s] -- Using all available rosidl_typesupport_cpp: rosidl_typesupport_fastrtps_cpp;rosidl_typesupport_introspection_cpp
[2.085s] -- Found sensor_msgs: 4.9.0 (/opt/ros/humble/share/sensor_msgs/cmake)
[2.142s] -- Found nav_msgs: 4.9.0 (/opt/ros/humble/share/nav_msgs/cmake)
[2.181s] -- Found message_filters: 4.3.8 (/opt/ros/humble/share/message_filters/cmake)
[2.261s] -- Found rmw_implementation_cmake: 6.1.2 (/opt/ros/humble/share/rmw_implementation_cmake/cmake)
[2.267s] -- Found rmw_fastrtps_cpp: 6.2.8 (/opt/ros/humble/share/rmw_fastrtps_cpp/cmake)
[2.462s] -- Found OpenSSL: /usr/lib/x86_64-linux-gnu/libcrypto.so (found version "3.0.2")
[2.559s] -- Found FastRTPS: /opt/ros/humble/include
[2.750s] -- Using RMW implementation 'rmw_fastrtps_cpp' as default
[2.795s] -- Performing Test CMAKE_HAVE_LIBC_PTHREAD
[3.041s] -- Performing Test CMAKE_HAVE_LIBC_PTHREAD - Success
[3.042s] -- Found Threads: TRUE
[3.282s] -- Found tf2_ros: 0.25.16 (/opt/ros/humble/share/tf2_ros/cmake)
[3.690s] -- Found interface: 0.0.0 (/home/ubuntu-nuc/rc2_ws/install/interface/share/interface/cmake)
[3.742s] -- Found pcl_conversions: 2.4.5 (/opt/ros/humble/share/pcl_conversions/cmake)
[3.861s] [33mCMake Warning (dev) at /usr/lib/x86_64-linux-gnu/cmake/pcl/PCLConfig.cmake:146 (find_package):
[3.861s]   Policy CMP0144 is not set: find_package uses upper-case <PACKAGENAME>_ROOT
[3.861s]   variables.  Run "cmake --help-policy CMP0144" for policy details.  Use the
[3.861s]   cmake_policy command to set the policy and suppress this warning.
[3.863s] 
[3.863s]   CMake variable EIGEN_ROOT is set to:
[3.863s] 
[3.863s]     /usr/include/eigen3
[3.863s] 
[3.863s]   For compatibility, find_package is ignoring the variable, but code in a
[3.864s]   .cmake module might still use it.
[3.864s] Call Stack (most recent call first):
[3.864s]   /usr/lib/x86_64-linux-gnu/cmake/pcl/PCLConfig.cmake:299 (find_eigen)
[3.864s]   /usr/lib/x86_64-linux-gnu/cmake/pcl/PCLConfig.cmake:543 (find_external_library)
[3.864s]   /opt/ros/humble/share/pcl_conversions/cmake/ament_cmake_export_dependencies-extras.cmake:21 (find_package)
[3.864s]   /opt/ros/humble/share/pcl_conversions/cmake/pcl_conversionsConfig.cmake:41 (include)
[3.864s]   CMakeLists.txt:25 (find_package)
[3.864s] This warning is for project developers.  Use -Wno-dev to suppress it.
[3.864s] [0m
[3.879s] -- Checking for module 'eigen3'
[3.911s] --   Found eigen3, version 3.4.0
[3.985s] -- Found Eigen: /usr/include/eigen3 (Required is at least version "3.1")
[3.985s] -- Eigen found (include: /usr/include/eigen3, version: 3.4.0)
[3.985s] [33mCMake Warning (dev) at /usr/lib/x86_64-linux-gnu/cmake/pcl/PCLConfig.cmake:128 (find_package):
[3.986s]   Policy CMP0167 is not set: The FindBoost module is removed.  Run "cmake
[3.986s]   --help-policy CMP0167" for policy details.  Use the cmake_policy command to
[3.986s]   set the policy and suppress this warning.
[3.986s] 
[3.986s] Call Stack (most recent call first):
[3.986s]   /usr/lib/x86_64-linux-gnu/cmake/pcl/PCLConfig.cmake:297 (find_boost)
[3.986s]   /usr/lib/x86_64-linux-gnu/cmake/pcl/PCLConfig.cmake:543 (find_external_library)
[3.986s]   /opt/ros/humble/share/pcl_conversions/cmake/ament_cmake_export_dependencies-extras.cmake:21 (find_package)
[3.986s]   /opt/ros/humble/share/pcl_conversions/cmake/pcl_conversionsConfig.cmake:41 (include)
[3.986s]   CMakeLists.txt:25 (find_package)
[3.986s] This warning is for project developers.  Use -Wno-dev to suppress it.
[3.986s] [0m
[4.031s] [33mCMake Warning (dev) at /usr/lib/x86_64-linux-gnu/cmake/pcl/Modules/FindFLANN.cmake:44 (find_package):
[4.031s]   Policy CMP0144 is not set: find_package uses upper-case <PACKAGENAME>_ROOT
[4.031s]   variables.  Run "cmake --help-policy CMP0144" for policy details.  Use the
[4.031s]   cmake_policy command to set the policy and suppress this warning.
[4.031s] 
[4.031s]   CMake variable FLANN_ROOT is set to:
[4.031s] 
[4.031s]     /usr
[4.031s] 
[4.032s]   For compatibility, find_package is ignoring the variable, but code in a
[4.032s]   .cmake module might still use it.
[4.032s] Call Stack (most recent call first):
[4.032s]   /usr/lib/x86_64-linux-gnu/cmake/pcl/PCLConfig.cmake:256 (find_package)
[4.032s]   /usr/lib/x86_64-linux-gnu/cmake/pcl/PCLConfig.cmake:301 (find_flann)
[4.032s]   /usr/lib/x86_64-linux-gnu/cmake/pcl/PCLConfig.cmake:543 (find_external_library)
[4.032s]   /opt/ros/humble/share/pcl_conversions/cmake/ament_cmake_export_dependencies-extras.cmake:21 (find_package)
[4.032s]   /opt/ros/humble/share/pcl_conversions/cmake/pcl_conversionsConfig.cmake:41 (include)
[4.032s]   CMakeLists.txt:25 (find_package)
[4.032s] This warning is for project developers.  Use -Wno-dev to suppress it.
[4.032s] [0m
[4.067s] -- Checking for module 'flann'
[4.105s] --   Found flann, version 1.9.1
[4.254s] -- Found FLANN: /usr/lib/x86_64-linux-gnu/libflann_cpp.so
[4.254s] -- FLANN found (include: /usr/include, lib: /usr/lib/x86_64-linux-gnu/libflann_cpp.so)
[7.840s] -- Checking for module 'libusb-1.0'
[7.891s] --   Found libusb-1.0, version 1.0.25
[8.020s] -- Found libusb: /usr/lib/x86_64-linux-gnu/libusb-1.0.so
[8.023s] -- OpenNI found (version: 1.5.4.0, include: /usr/include/ni, lib: /usr/lib/libOpenNI.so;libusb::libusb)
[8.229s] -- OpenNI2 found (version: 2.2.0.33, include: /usr/include/openni2, lib: /usr/lib/x86_64-linux-gnu/libOpenNI2.so;libusb::libusb)
[10.083s] [33mCMake Warning (dev) at /usr/lib/x86_64-linux-gnu/cmake/pcl/PCLConfig.cmake:128 (find_package):
[10.083s]   Policy CMP0167 is not set: The FindBoost module is removed.  Run "cmake
[10.083s]   --help-policy CMP0167" for policy details.  Use the cmake_policy command to
[10.083s]   set the policy and suppress this warning.
[10.083s] 
[10.091s] Call Stack (most recent call first):
[10.091s]   /usr/lib/x86_64-linux-gnu/cmake/pcl/PCLConfig.cmake:297 (find_boost)
[10.091s]   /usr/lib/x86_64-linux-gnu/cmake/pcl/PCLConfig.cmake:543 (find_external_library)
[10.091s]   /opt/ros/humble/share/pcl_conversions/cmake/ament_cmake_export_dependencies-extras.cmake:21 (find_package)
[10.091s]   /opt/ros/humble/share/pcl_conversions/cmake/pcl_conversionsConfig.cmake:41 (include)
[10.091s]   CMakeLists.txt:25 (find_package)
[10.091s] This warning is for project developers.  Use -Wno-dev to suppress it.
[10.091s] [0m
[10.142s] -- Eigen found (include: /usr/include/eigen3, version: 3.4.0)
[10.171s] -- OpenNI found (version: 1.5.4.0, include: /usr/include/ni, lib: /usr/lib/libOpenNI.so;libusb::libusb)
[10.200s] -- OpenNI2 found (version: 2.2.0.33, include: /usr/include/openni2, lib: /usr/lib/x86_64-linux-gnu/libOpenNI2.so;libusb::libusb)
[11.870s] -- Found Qhull version 8.0.2
[13.631s] -- OpenNI found (version: 1.5.4.0, include: /usr/include/ni, lib: /usr/lib/libOpenNI.so;libusb::libusb)
[14.830s] -- Found PCL_COMMON: /usr/lib/x86_64-linux-gnu/libpcl_common.so
[14.837s] -- Found PCL_KDTREE: /usr/lib/x86_64-linux-gnu/libpcl_kdtree.so
[14.841s] -- Found PCL_OCTREE: /usr/lib/x86_64-linux-gnu/libpcl_octree.so
[14.845s] -- Found PCL_SEARCH: /usr/lib/x86_64-linux-gnu/libpcl_search.so
[14.850s] -- Found PCL_SAMPLE_CONSENSUS: /usr/lib/x86_64-linux-gnu/libpcl_sample_consensus.so
[14.854s] -- Found PCL_FILTERS: /usr/lib/x86_64-linux-gnu/libpcl_filters.so
[14.856s] -- Found PCL_2D: /usr/include/pcl-1.12
[14.857s] -- Found PCL_GEOMETRY: /usr/include/pcl-1.12
[14.863s] -- Found PCL_IO: /usr/lib/x86_64-linux-gnu/libpcl_io.so
[14.866s] -- Found PCL_FEATURES: /usr/lib/x86_64-linux-gnu/libpcl_features.so
[14.870s] -- Found PCL_ML: /usr/lib/x86_64-linux-gnu/libpcl_ml.so
[14.874s] -- Found PCL_SEGMENTATION: /usr/lib/x86_64-linux-gnu/libpcl_segmentation.so
[14.880s] -- Found PCL_VISUALIZATION: /usr/lib/x86_64-linux-gnu/libpcl_visualization.so
[14.885s] -- Found PCL_SURFACE: /usr/lib/x86_64-linux-gnu/libpcl_surface.so
[14.891s] -- Found PCL_REGISTRATION: /usr/lib/x86_64-linux-gnu/libpcl_registration.so
[14.895s] -- Found PCL_KEYPOINTS: /usr/lib/x86_64-linux-gnu/libpcl_keypoints.so
[14.899s] -- Found PCL_TRACKING: /usr/lib/x86_64-linux-gnu/libpcl_tracking.so
[14.903s] -- Found PCL_RECOGNITION: /usr/lib/x86_64-linux-gnu/libpcl_recognition.so
[14.908s] -- Found PCL_STEREO: /usr/lib/x86_64-linux-gnu/libpcl_stereo.so
[14.914s] -- Found PCL_APPS: /usr/lib/x86_64-linux-gnu/libpcl_apps.so
[14.914s] -- Found PCL_IN_HAND_SCANNER: /usr/include/pcl-1.12
[14.916s] -- Found PCL_MODELER: /usr/include/pcl-1.12
[14.917s] -- Found PCL_POINT_CLOUD_EDITOR: /usr/include/pcl-1.12
[14.923s] -- Found PCL_OUTOFCORE: /usr/lib/x86_64-linux-gnu/libpcl_outofcore.so
[14.927s] -- Found PCL_PEOPLE: /usr/lib/x86_64-linux-gnu/libpcl_people.so
[14.947s] [33mCMake Warning (dev) at CMakeLists.txt:28 (find_package):
[14.947s]   Policy CMP0074 is not set: find_package uses <PackageName>_ROOT variables.
[14.948s]   Run "cmake --help-policy CMP0074" for policy details.  Use the cmake_policy
[14.948s]   command to set the policy and suppress this warning.
[14.948s] 
[14.952s]   CMake variable PCL_ROOT is set to:
[14.952s] 
[14.952s]     /usr
[14.952s] 
[14.953s]   For compatibility, CMake is ignoring the variable.
[14.953s] This warning is for project developers.  Use -Wno-dev to suppress it.
[14.953s] [0m
[15.068s] -- Found ament_lint_auto: 0.12.14 (/opt/ros/humble/share/ament_lint_auto/cmake)
[15.516s] -- Added test 'cppcheck' to perform static code analysis on C / C++ code
[15.517s] -- Configured cppcheck include dirs: 
[15.517s] -- Configured cppcheck exclude dirs and/or files: 
[15.517s] -- Added test 'flake8' to check Python code syntax and style conventions
[15.522s] -- Added test 'lint_cmake' to check CMake code style
[15.523s] -- Added test 'pep257' to check Python code against some of the docstring style conventions in PEP 257
[15.525s] -- Added test 'uncrustify' to check C / C++ code style
[15.528s] -- Configured uncrustify additional arguments: 
[15.529s] -- Added test 'xmllint' to check XML markup files
[15.535s] -- Configuring done (15.5s)
[15.667s] -- Generating done (0.1s)
[15.667s] [33mCMake Warning:
[15.667s]   Manually-specified variables were not used by the project:
[15.667s] 
[15.667s]     DISTRO_ROS
[15.668s]     ROS_EDITION
[15.668s] 
[15.668s] [0m
[15.682s] -- Build files have been written to: /home/ubuntu-nuc/rc2_ws/build/localizer
[15.750s] Invoked command in '/home/ubuntu-nuc/rc2_ws/build/localizer' returned '0': CMAKE_PREFIX_PATH=/home/ubuntu-nuc/rc2_ws/install/interface:/home/ubuntu-nuc/rc2_ws/install/pgo:/home/ubuntu-nuc/rc2_ws/install/meiling_control:/home/ubuntu-nuc/rc2_ws/install/localizer:/home/ubuntu-nuc/rc2_ws/install/fastlio2:/home/ubuntu-nuc/rc2_ws/install/livox_ros_driver2:/home/ubuntu-nuc/rc2_ws/install/hba:/home/ubuntu-nuc/rc2_ws/install/meiling_detect_debug:/home/ubuntu-nuc/rc2_ws/install/meiling_detect:/opt/ros/humble:/home/ubuntu-nuc/rc2_ws/install/auto_aim_interfaces:/home/ubuntu-nuc/rc_ws/install/fast_lio:/home/ubuntu-nuc/rc_ws/install/livox_ros_driver2 LD_LIBRARY_PATH=/home/ubuntu-nuc/rc2_ws/install/interface/lib:/usr/lib/x86_64-linux-gnu:/home/ubuntu-nuc/rc2_ws/install/livox_sdk2/lib:/home/ubuntu-nuc/rc2_ws/install/livox_ros_driver2/lib:/home/ubuntu-nuc/rc2_ws/install/auto_aim_interfaces/lib:/home/ubuntu-nuc/rc_ws/install/fast_lio/lib:/home/ubuntu-nuc/rc_ws/install/livox_ros_driver2/lib:/usr/lib/x86_64-linux-gnu/gazebo-11/plugins:/opt/ros/humble/opt/rviz_ogre_vendor/lib:/opt/ros/humble/lib/x86_64-linux-gnu:/opt/ros/humble/opt/openvdb_vendor/lib:/opt/ros/humble/lib:/opt/MVS/lib/64:/opt/MVS/lib/32:/opt/MVS/lib/64:/opt/MVS/lib/32:/opt/MVS/lib/64:/opt/MVS/lib/32 /usr/local/bin/cmake /home/ubuntu-nuc/rc2_ws/src/FASTLIO2_ROS2/localizer -DROS_EDITION=ROS2 -DDISTRO_ROS=humble -DCMAKE_INSTALL_PREFIX=/home/ubuntu-nuc/rc2_ws/install/localizer
[15.750s] Invoking command in '/home/ubuntu-nuc/rc2_ws/build/localizer': CMAKE_PREFIX_PATH=/home/ubuntu-nuc/rc2_ws/install/interface:/home/ubuntu-nuc/rc2_ws/install/pgo:/home/ubuntu-nuc/rc2_ws/install/meiling_control:/home/ubuntu-nuc/rc2_ws/install/localizer:/home/ubuntu-nuc/rc2_ws/install/fastlio2:/home/ubuntu-nuc/rc2_ws/install/livox_ros_driver2:/home/ubuntu-nuc/rc2_ws/install/hba:/home/ubuntu-nuc/rc2_ws/install/meiling_detect_debug:/home/ubuntu-nuc/rc2_ws/install/meiling_detect:/opt/ros/humble:/home/ubuntu-nuc/rc2_ws/install/auto_aim_interfaces:/home/ubuntu-nuc/rc_ws/install/fast_lio:/home/ubuntu-nuc/rc_ws/install/livox_ros_driver2 LD_LIBRARY_PATH=/home/ubuntu-nuc/rc2_ws/install/interface/lib:/usr/lib/x86_64-linux-gnu:/home/ubuntu-nuc/rc2_ws/install/livox_sdk2/lib:/home/ubuntu-nuc/rc2_ws/install/livox_ros_driver2/lib:/home/ubuntu-nuc/rc2_ws/install/auto_aim_interfaces/lib:/home/ubuntu-nuc/rc_ws/install/fast_lio/lib:/home/ubuntu-nuc/rc_ws/install/livox_ros_driver2/lib:/usr/lib/x86_64-linux-gnu/gazebo-11/plugins:/opt/ros/humble/opt/rviz_ogre_vendor/lib:/opt/ros/humble/lib/x86_64-linux-gnu:/opt/ros/humble/opt/openvdb_vendor/lib:/opt/ros/humble/lib:/opt/MVS/lib/64:/opt/MVS/lib/32:/opt/MVS/lib/64:/opt/MVS/lib/32:/opt/MVS/lib/64:/opt/MVS/lib/32 /usr/local/bin/cmake --build /home/ubuntu-nuc/rc2_ws/build/localizer -- -j8 -l8
[15.830s] [ 25%] [32mBuilding CXX object CMakeFiles/localizer_node.dir/src/localizer_node.cpp.o[0m
[57.154s] [ 50%] [32mBuilding CXX object CMakeFiles/localizer_node.dir/src/localizers/commons.cpp.o[0m
[57.155s] [ 75%] [32mBuilding CXX object CMakeFiles/localizer_node.dir/src/localizers/icp_localizer.cpp.o[0m
[69.025s] [100%] [32m[1mLinking CXX executable localizer_node[0m
[70.339s] [100%] Built target localizer_node
[70.347s] Invoked command in '/home/ubuntu-nuc/rc2_ws/build/localizer' returned '0': CMAKE_PREFIX_PATH=/home/ubuntu-nuc/rc2_ws/install/interface:/home/ubuntu-nuc/rc2_ws/install/pgo:/home/ubuntu-nuc/rc2_ws/install/meiling_control:/home/ubuntu-nuc/rc2_ws/install/localizer:/home/ubuntu-nuc/rc2_ws/install/fastlio2:/home/ubuntu-nuc/rc2_ws/install/livox_ros_driver2:/home/ubuntu-nuc/rc2_ws/install/hba:/home/ubuntu-nuc/rc2_ws/install/meiling_detect_debug:/home/ubuntu-nuc/rc2_ws/install/meiling_detect:/opt/ros/humble:/home/ubuntu-nuc/rc2_ws/install/auto_aim_interfaces:/home/ubuntu-nuc/rc_ws/install/fast_lio:/home/ubuntu-nuc/rc_ws/install/livox_ros_driver2 LD_LIBRARY_PATH=/home/ubuntu-nuc/rc2_ws/install/interface/lib:/usr/lib/x86_64-linux-gnu:/home/ubuntu-nuc/rc2_ws/install/livox_sdk2/lib:/home/ubuntu-nuc/rc2_ws/install/livox_ros_driver2/lib:/home/ubuntu-nuc/rc2_ws/install/auto_aim_interfaces/lib:/home/ubuntu-nuc/rc_ws/install/fast_lio/lib:/home/ubuntu-nuc/rc_ws/install/livox_ros_driver2/lib:/usr/lib/x86_64-linux-gnu/gazebo-11/plugins:/opt/ros/humble/opt/rviz_ogre_vendor/lib:/opt/ros/humble/lib/x86_64-linux-gnu:/opt/ros/humble/opt/openvdb_vendor/lib:/opt/ros/humble/lib:/opt/MVS/lib/64:/opt/MVS/lib/32:/opt/MVS/lib/64:/opt/MVS/lib/32:/opt/MVS/lib/64:/opt/MVS/lib/32 /usr/local/bin/cmake --build /home/ubuntu-nuc/rc2_ws/build/localizer -- -j8 -l8
[70.348s] Invoking command in '/home/ubuntu-nuc/rc2_ws/build/localizer': CMAKE_PREFIX_PATH=/home/ubuntu-nuc/rc2_ws/install/interface:/home/ubuntu-nuc/rc2_ws/install/pgo:/home/ubuntu-nuc/rc2_ws/install/meiling_control:/home/ubuntu-nuc/rc2_ws/install/localizer:/home/ubuntu-nuc/rc2_ws/install/fastlio2:/home/ubuntu-nuc/rc2_ws/install/livox_ros_driver2:/home/ubuntu-nuc/rc2_ws/install/hba:/home/ubuntu-nuc/rc2_ws/install/meiling_detect_debug:/home/ubuntu-nuc/rc2_ws/install/meiling_detect:/opt/ros/humble:/home/ubuntu-nuc/rc2_ws/install/auto_aim_interfaces:/home/ubuntu-nuc/rc_ws/install/fast_lio:/home/ubuntu-nuc/rc_ws/install/livox_ros_driver2 LD_LIBRARY_PATH=/home/ubuntu-nuc/rc2_ws/install/interface/lib:/usr/lib/x86_64-linux-gnu:/home/ubuntu-nuc/rc2_ws/install/livox_sdk2/lib:/home/ubuntu-nuc/rc2_ws/install/livox_ros_driver2/lib:/home/ubuntu-nuc/rc2_ws/install/auto_aim_interfaces/lib:/home/ubuntu-nuc/rc_ws/install/fast_lio/lib:/home/ubuntu-nuc/rc_ws/install/livox_ros_driver2/lib:/usr/lib/x86_64-linux-gnu/gazebo-11/plugins:/opt/ros/humble/opt/rviz_ogre_vendor/lib:/opt/ros/humble/lib/x86_64-linux-gnu:/opt/ros/humble/opt/openvdb_vendor/lib:/opt/ros/humble/lib:/opt/MVS/lib/64:/opt/MVS/lib/32:/opt/MVS/lib/64:/opt/MVS/lib/32:/opt/MVS/lib/64:/opt/MVS/lib/32 /usr/local/bin/cmake --install /home/ubuntu-nuc/rc2_ws/build/localizer
[70.356s] -- Install configuration: "Release"
[70.356s] -- Installing: /home/ubuntu-nuc/rc2_ws/install/localizer/lib/localizer/localizer_node
[70.356s] -- Set non-toolchain portion of runtime path of "/home/ubuntu-nuc/rc2_ws/install/localizer/lib/localizer/localizer_node" to ""
[70.357s] -- Installing: /home/ubuntu-nuc/rc2_ws/install/localizer/share/localizer/launch
[70.357s] -- Installing: /home/ubuntu-nuc/rc2_ws/install/localizer/share/localizer/launch/localizer_launch.py
[70.357s] -- Installing: /home/ubuntu-nuc/rc2_ws/install/localizer/share/localizer/config
[70.357s] -- Installing: /home/ubuntu-nuc/rc2_ws/install/localizer/share/localizer/config/localizer.yaml
[70.357s] -- Installing: /home/ubuntu-nuc/rc2_ws/install/localizer/share/localizer/rviz
[70.357s] -- Installing: /home/ubuntu-nuc/rc2_ws/install/localizer/share/localizer/rviz/localizer.rviz
[70.359s] -- Installing: /home/ubuntu-nuc/rc2_ws/install/localizer/share/ament_index/resource_index/package_run_dependencies/localizer
[70.359s] -- Installing: /home/ubuntu-nuc/rc2_ws/install/localizer/share/ament_index/resource_index/parent_prefix_path/localizer
[70.359s] -- Installing: /home/ubuntu-nuc/rc2_ws/install/localizer/share/localizer/environment/ament_prefix_path.sh
[70.359s] -- Installing: /home/ubuntu-nuc/rc2_ws/install/localizer/share/localizer/environment/ament_prefix_path.dsv
[70.359s] -- Installing: /home/ubuntu-nuc/rc2_ws/install/localizer/share/localizer/environment/path.sh
[70.359s] -- Installing: /home/ubuntu-nuc/rc2_ws/install/localizer/share/localizer/environment/path.dsv
[70.359s] -- Installing: /home/ubuntu-nuc/rc2_ws/install/localizer/share/localizer/local_setup.bash
[70.360s] -- Installing: /home/ubuntu-nuc/rc2_ws/install/localizer/share/localizer/local_setup.sh
[70.360s] -- Installing: /home/ubuntu-nuc/rc2_ws/install/localizer/share/localizer/local_setup.zsh
[70.360s] -- Installing: /home/ubuntu-nuc/rc2_ws/install/localizer/share/localizer/local_setup.dsv
[70.360s] -- Installing: /home/ubuntu-nuc/rc2_ws/install/localizer/share/localizer/package.dsv
[70.363s] -- Installing: /home/ubuntu-nuc/rc2_ws/install/localizer/share/ament_index/resource_index/packages/localizer
[70.363s] -- Installing: /home/ubuntu-nuc/rc2_ws/install/localizer/share/localizer/cmake/localizerConfig.cmake
[70.363s] -- Installing: /home/ubuntu-nuc/rc2_ws/install/localizer/share/localizer/cmake/localizerConfig-version.cmake
[70.363s] -- Installing: /home/ubuntu-nuc/rc2_ws/install/localizer/share/localizer/package.xml
[70.363s] Invoked command in '/home/ubuntu-nuc/rc2_ws/build/localizer' returned '0': CMAKE_PREFIX_PATH=/home/ubuntu-nuc/rc2_ws/install/interface:/home/ubuntu-nuc/rc2_ws/install/pgo:/home/ubuntu-nuc/rc2_ws/install/meiling_control:/home/ubuntu-nuc/rc2_ws/install/localizer:/home/ubuntu-nuc/rc2_ws/install/fastlio2:/home/ubuntu-nuc/rc2_ws/install/livox_ros_driver2:/home/ubuntu-nuc/rc2_ws/install/hba:/home/ubuntu-nuc/rc2_ws/install/meiling_detect_debug:/home/ubuntu-nuc/rc2_ws/install/meiling_detect:/opt/ros/humble:/home/ubuntu-nuc/rc2_ws/install/auto_aim_interfaces:/home/ubuntu-nuc/rc_ws/install/fast_lio:/home/ubuntu-nuc/rc_ws/install/livox_ros_driver2 LD_LIBRARY_PATH=/home/ubuntu-nuc/rc2_ws/install/interface/lib:/usr/lib/x86_64-linux-gnu:/home/ubuntu-nuc/rc2_ws/install/livox_sdk2/lib:/home/ubuntu-nuc/rc2_ws/install/livox_ros_driver2/lib:/home/ubuntu-nuc/rc2_ws/install/auto_aim_interfaces/lib:/home/ubuntu-nuc/rc_ws/install/fast_lio/lib:/home/ubuntu-nuc/rc_ws/install/livox_ros_driver2/lib:/usr/lib/x86_64-linux-gnu/gazebo-11/plugins:/opt/ros/humble/opt/rviz_ogre_vendor/lib:/opt/ros/humble/lib/x86_64-linux-gnu:/opt/ros/humble/opt/openvdb_vendor/lib:/opt/ros/humble/lib:/opt/MVS/lib/64:/opt/MVS/lib/32:/opt/MVS/lib/64:/opt/MVS/lib/32:/opt/MVS/lib/64:/opt/MVS/lib/32 /usr/local/bin/cmake --install /home/ubuntu-nuc/rc2_ws/build/localizer
