[0.020s] Invoking command in '/home/ubuntu-nuc/rc2_ws/build/livox_ros_driver2': CMAKE_PREFIX_PATH=${CMAKE_PREFIX_PATH}:/opt/ros/humble /usr/local/bin/cmake /home/ubuntu-nuc/rc2_ws/src/livox_ros_driver2 -DROS_EDITION=ROS2 -DDISTRO_ROS=humble -DCMAKE_INSTALL_PREFIX=/home/ubuntu-nuc/rc2_ws/install/livox_ros_driver2
[0.079s] -- The C compiler identification is GNU 11.4.0
[0.151s] -- The CXX compiler identification is GNU 11.4.0
[0.160s] -- Detecting C compiler ABI info
[0.266s] -- Detecting C compiler ABI info - done
[0.288s] -- Check for working C compiler: /usr/bin/cc - skipped
[0.288s] -- Detecting C compile features
[0.288s] -- Detecting C compile features - done
[0.297s] -- Detecting CXX compiler ABI info
[0.371s] -- Detecting CXX compiler ABI info - done
[0.389s] -- Check for working CXX compiler: /usr/bin/c++ - skipped
[0.389s] -- Detecting CXX compile features
[0.390s] -- Detecting CXX compile features - done
[0.395s] -- livox_ros_driver2 version: 1.2.6
[0.397s] -- Found ament_cmake_auto: 1.3.12 (/opt/ros/humble/share/ament_cmake_auto/cmake)
[0.558s] -- Found Python3: /usr/bin/python3 (found version "3.10.12") found components: Interpreter
[0.880s] -- Using all available rosidl_typesupport_c: rosidl_typesupport_fastrtps_c;rosidl_typesupport_introspection_c
[0.907s] -- Found rosidl_adapter: 3.1.7 (/opt/ros/humble/share/rosidl_adapter/cmake)
[1.098s] -- Using all available rosidl_typesupport_cpp: rosidl_typesupport_fastrtps_cpp;rosidl_typesupport_introspection_cpp
[1.398s] -- Found rmw_implementation_cmake: 6.1.2 (/opt/ros/humble/share/rmw_implementation_cmake/cmake)
[1.410s] -- Found rmw_fastrtps_cpp: 6.2.8 (/opt/ros/humble/share/rmw_fastrtps_cpp/cmake)
[1.683s] -- Found OpenSSL: /usr/lib/x86_64-linux-gnu/libcrypto.so (found version "3.0.2")
[1.750s] -- Found FastRTPS: /opt/ros/humble/include
[1.857s] -- Using RMW implementation 'rmw_fastrtps_cpp' as default
[1.882s] -- Performing Test CMAKE_HAVE_LIBC_PTHREAD
[2.077s] -- Performing Test CMAKE_HAVE_LIBC_PTHREAD - Success
[2.078s] -- Found Threads: TRUE
[2.649s] [33mCMake Warning (dev) at /usr/lib/x86_64-linux-gnu/cmake/pcl/PCLConfig.cmake:146 (find_package):
[2.650s]   Policy CMP0144 is not set: find_package uses upper-case <PACKAGENAME>_ROOT
[2.650s]   variables.  Run "cmake --help-policy CMP0144" for policy details.  Use the
[2.650s]   cmake_policy command to set the policy and suppress this warning.
[2.650s] 
[2.650s]   CMake variable EIGEN_ROOT is set to:
[2.650s] 
[2.651s]     /usr/include/eigen3
[2.651s] 
[2.652s]   For compatibility, find_package is ignoring the variable, but code in a
[2.652s]   .cmake module might still use it.
[2.652s] Call Stack (most recent call first):
[2.652s]   /usr/lib/x86_64-linux-gnu/cmake/pcl/PCLConfig.cmake:299 (find_eigen)
[2.652s]   /usr/lib/x86_64-linux-gnu/cmake/pcl/PCLConfig.cmake:543 (find_external_library)
[2.652s]   /opt/ros/humble/share/pcl_conversions/cmake/ament_cmake_export_dependencies-extras.cmake:21 (find_package)
[2.653s]   /opt/ros/humble/share/pcl_conversions/cmake/pcl_conversionsConfig.cmake:41 (include)
[2.653s]   /opt/ros/humble/share/ament_cmake_auto/cmake/ament_auto_find_build_dependencies.cmake:67 (find_package)
[2.653s]   CMakeLists.txt:225 (ament_auto_find_build_dependencies)
[2.653s] This warning is for project developers.  Use -Wno-dev to suppress it.
[2.653s] [0m
[2.664s] -- Checking for module 'eigen3'
[2.705s] --   Found eigen3, version 3.4.0
[2.761s] -- Found Eigen: /usr/include/eigen3 (Required is at least version "3.1")
[2.761s] -- Eigen found (include: /usr/include/eigen3, version: 3.4.0)
[2.762s] [33mCMake Warning (dev) at /usr/lib/x86_64-linux-gnu/cmake/pcl/PCLConfig.cmake:128 (find_package):
[2.762s]   Policy CMP0167 is not set: The FindBoost module is removed.  Run "cmake
[2.764s]   --help-policy CMP0167" for policy details.  Use the cmake_policy command to
[2.764s]   set the policy and suppress this warning.
[2.764s] 
[2.764s] Call Stack (most recent call first):
[2.764s]   /usr/lib/x86_64-linux-gnu/cmake/pcl/PCLConfig.cmake:297 (find_boost)
[2.764s]   /usr/lib/x86_64-linux-gnu/cmake/pcl/PCLConfig.cmake:543 (find_external_library)
[2.764s]   /opt/ros/humble/share/pcl_conversions/cmake/ament_cmake_export_dependencies-extras.cmake:21 (find_package)
[2.764s]   /opt/ros/humble/share/pcl_conversions/cmake/pcl_conversionsConfig.cmake:41 (include)
[2.766s]   /opt/ros/humble/share/ament_cmake_auto/cmake/ament_auto_find_build_dependencies.cmake:67 (find_package)
[2.766s]   CMakeLists.txt:225 (ament_auto_find_build_dependencies)
[2.766s] This warning is for project developers.  Use -Wno-dev to suppress it.
[2.766s] [0m
[2.814s] [33mCMake Warning (dev) at /usr/lib/x86_64-linux-gnu/cmake/pcl/Modules/FindFLANN.cmake:44 (find_package):
[2.814s]   Policy CMP0144 is not set: find_package uses upper-case <PACKAGENAME>_ROOT
[2.815s]   variables.  Run "cmake --help-policy CMP0144" for policy details.  Use the
[2.815s]   cmake_policy command to set the policy and suppress this warning.
[2.815s] 
[2.815s]   CMake variable FLANN_ROOT is set to:
[2.815s] 
[2.815s]     /usr
[2.815s] 
[2.815s]   For compatibility, find_package is ignoring the variable, but code in a
[2.815s]   .cmake module might still use it.
[2.815s] Call Stack (most recent call first):
[2.815s]   /usr/lib/x86_64-linux-gnu/cmake/pcl/PCLConfig.cmake:256 (find_package)
[2.815s]   /usr/lib/x86_64-linux-gnu/cmake/pcl/PCLConfig.cmake:301 (find_flann)
[2.815s]   /usr/lib/x86_64-linux-gnu/cmake/pcl/PCLConfig.cmake:543 (find_external_library)
[2.815s]   /opt/ros/humble/share/pcl_conversions/cmake/ament_cmake_export_dependencies-extras.cmake:21 (find_package)
[2.815s]   /opt/ros/humble/share/pcl_conversions/cmake/pcl_conversionsConfig.cmake:41 (include)
[2.815s]   /opt/ros/humble/share/ament_cmake_auto/cmake/ament_auto_find_build_dependencies.cmake:67 (find_package)
[2.816s]   CMakeLists.txt:225 (ament_auto_find_build_dependencies)
[2.816s] This warning is for project developers.  Use -Wno-dev to suppress it.
[2.816s] [0m
[2.854s] -- Checking for module 'flann'
[2.886s] --   Found flann, version 1.9.1
[3.008s] -- Found FLANN: /usr/lib/x86_64-linux-gnu/libflann_cpp.so
[3.009s] -- FLANN found (include: /usr/include, lib: /usr/lib/x86_64-linux-gnu/libflann_cpp.so)
[3.081s] Invoked command in '/home/ubuntu-nuc/rc2_ws/build/livox_ros_driver2' returned '-15': CMAKE_PREFIX_PATH=${CMAKE_PREFIX_PATH}:/opt/ros/humble /usr/local/bin/cmake /home/ubuntu-nuc/rc2_ws/src/livox_ros_driver2 -DROS_EDITION=ROS2 -DDISTRO_ROS=humble -DCMAKE_INSTALL_PREFIX=/home/ubuntu-nuc/rc2_ws/install/livox_ros_driver2
