-- Found ament_cmake: 1.3.12 (/opt/ros/humble/share/ament_cmake/cmake)
-- Override CMake install command with custom implementation using symlinks instead of copying resources
-- Found rclcpp: 16.0.14 (/opt/ros/humble/share/rclcpp/cmake)
-- Found rosidl_generator_c: 3.1.7 (/opt/ros/humble/share/rosidl_generator_c/cmake)
-- Found rosidl_adapter: 3.1.7 (/opt/ros/humble/share/rosidl_adapter/cmake)
-- Found rosidl_generator_cpp: 3.1.8 (/opt/ros/humble/share/rosidl_generator_cpp/cmake)
-- Using all available rosidl_typesupport_c: rosidl_typesupport_fastrtps_c;rosidl_typesupport_introspection_c
-- Using all available rosidl_typesupport_cpp: rosidl_typesupport_fastrtps_cpp;rosidl_typesupport_introspection_cpp
-- Found rmw_implementation_cmake: 6.1.2 (/opt/ros/humble/share/rmw_implementation_cmake/cmake)
-- Found rmw_fastrtps_cpp: 6.2.8 (/opt/ros/humble/share/rmw_fastrtps_cpp/cmake)
-- Using RMW implementation 'rmw_fastrtps_cpp' as default
-- Found tf2: 0.25.16 (/opt/ros/humble/share/tf2/cmake)
-- Found tf2_ros: 0.25.16 (/opt/ros/humble/share/tf2_ros/cmake)
-- Found nav_msgs: 4.9.0 (/opt/ros/humble/share/nav_msgs/cmake)
-- Found sensor_msgs: 4.9.0 (/opt/ros/humble/share/sensor_msgs/cmake)
-- Found livox_ros_driver2: 1.0.0 (/home/ubuntu-nuc/rc2_ws/install/livox_ros_driver2/share/livox_ros_driver2/cmake)
-- Eigen found (include: /usr/include/eigen3, version: 3.4.0)
-- FLANN found (include: /usr/include, lib: /usr/lib/x86_64-linux-gnu/libflann_cpp.so)
-- OpenNI found (version: 1.5.4.0, include: /usr/include/ni, lib: /usr/lib/libOpenNI.so;libusb::libusb)
-- OpenNI2 found (version: 2.2.0.33, include: /usr/include/openni2, lib: /usr/lib/x86_64-linux-gnu/libOpenNI2.so;libusb::libusb)
-- Eigen found (include: /usr/include/eigen3, version: 3.4.0)
-- OpenNI found (version: 1.5.4.0, include: /usr/include/ni, lib: /usr/lib/libOpenNI.so;libusb::libusb)
-- OpenNI2 found (version: 2.2.0.33, include: /usr/include/openni2, lib: /usr/lib/x86_64-linux-gnu/libOpenNI2.so;libusb::libusb)
-- Found Qhull version 8.0.2
-- OpenNI found (version: 1.5.4.0, include: /usr/include/ni, lib: /usr/lib/libOpenNI.so;libusb::libusb)
-- Found ament_lint_auto: 0.12.14 (/opt/ros/humble/share/ament_lint_auto/cmake)
-- Added test 'cppcheck' to perform static code analysis on C / C++ code
-- Configured cppcheck include dirs: 
-- Configured cppcheck exclude dirs and/or files: 
-- Added test 'flake8' to check Python code syntax and style conventions
-- Added test 'lint_cmake' to check CMake code style
-- Added test 'pep257' to check Python code against some of the docstring style conventions in PEP 257
-- Added test 'uncrustify' to check C / C++ code style
-- Configured uncrustify additional arguments: 
-- Added test 'xmllint' to check XML markup files
-- Configuring done (5.4s)
-- Generating done (0.1s)
-- Build files have been written to: /home/ubuntu-nuc/rc2_ws/build/fastlio2
[ 11%] Building CXX object CMakeFiles/lio_node.dir/src/lio_node.cpp.o
[ 22%] Linking CXX executable lio_node
[100%] Built target lio_node
-- Install configuration: "Release"
-- Execute custom install script
-- Symlinking: /home/ubuntu-nuc/rc2_ws/install/fastlio2/lib/fastlio2/lio_node
-- Symlinking: /home/ubuntu-nuc/rc2_ws/install/fastlio2/share/fastlio2/launch/lio2_launch.py
-- Symlinking: /home/ubuntu-nuc/rc2_ws/install/fastlio2/share/fastlio2/launch/lio_launch.py
-- Symlinking: /home/ubuntu-nuc/rc2_ws/install/fastlio2/share/fastlio2/rviz/fastlio2.rviz
-- Symlinking: /home/ubuntu-nuc/rc2_ws/install/fastlio2/share/fastlio2/config/lio.yaml
-- Symlinking: /home/ubuntu-nuc/rc2_ws/install/fastlio2/share/ament_index/resource_index/package_run_dependencies/fastlio2
-- Symlinking: /home/ubuntu-nuc/rc2_ws/install/fastlio2/share/ament_index/resource_index/parent_prefix_path/fastlio2
-- Symlinking: /home/ubuntu-nuc/rc2_ws/install/fastlio2/share/fastlio2/environment/ament_prefix_path.sh
-- Symlinking: /home/ubuntu-nuc/rc2_ws/install/fastlio2/share/fastlio2/environment/ament_prefix_path.dsv
-- Symlinking: /home/ubuntu-nuc/rc2_ws/install/fastlio2/share/fastlio2/environment/path.sh
-- Symlinking: /home/ubuntu-nuc/rc2_ws/install/fastlio2/share/fastlio2/environment/path.dsv
-- Symlinking: /home/ubuntu-nuc/rc2_ws/install/fastlio2/share/fastlio2/local_setup.bash
-- Symlinking: /home/ubuntu-nuc/rc2_ws/install/fastlio2/share/fastlio2/local_setup.sh
-- Symlinking: /home/ubuntu-nuc/rc2_ws/install/fastlio2/share/fastlio2/local_setup.zsh
-- Symlinking: /home/ubuntu-nuc/rc2_ws/install/fastlio2/share/fastlio2/local_setup.dsv
-- Symlinking: /home/ubuntu-nuc/rc2_ws/install/fastlio2/share/fastlio2/package.dsv
-- Symlinking: /home/ubuntu-nuc/rc2_ws/install/fastlio2/share/ament_index/resource_index/packages/fastlio2
-- Symlinking: /home/ubuntu-nuc/rc2_ws/install/fastlio2/share/fastlio2/cmake/fastlio2Config.cmake
-- Symlinking: /home/ubuntu-nuc/rc2_ws/install/fastlio2/share/fastlio2/cmake/fastlio2Config-version.cmake
-- Symlinking: /home/ubuntu-nuc/rc2_ws/install/fastlio2/share/fastlio2/package.xml
