[0.025s] Invoking command in '/home/ubuntu-nuc/rc2_ws/build/fastlio2': CMAKE_PREFIX_PATH=/home/ubuntu-nuc/rc2_ws/install/livox_ros_driver2:/home/ubuntu-nuc/rc2_ws/install/pgo:/home/ubuntu-nuc/rc2_ws/install/meiling_detect:/opt/ros/humble:/home/ubuntu-nuc/rc2_ws/install/meiling_control:/home/ubuntu-nuc/rc2_ws/install/localizer:/home/ubuntu-nuc/rc2_ws/install/fastlio2:/home/ubuntu-nuc/rc2_ws/install/hba:/home/ubuntu-nuc/rc2_ws/install/interface:/home/ubuntu-nuc/rc2_ws/install/auto_aim_interfaces:/home/ubuntu-nuc/rc_ws/install/fast_lio:/home/ubuntu-nuc/rc_ws/install/livox_ros_driver2 LD_LIBRARY_PATH=/home/ubuntu-nuc/rc2_ws/install/livox_ros_driver2/lib:/opt/MVS/lib/64:/opt/MVS/lib/32:/usr/lib/x86_64-linux-gnu:/home/ubuntu-nuc/rc2_ws/install/livox_sdk2/lib:/home/ubuntu-nuc/rc2_ws/install/interface/lib:/home/ubuntu-nuc/rc2_ws/install/auto_aim_interfaces/lib:/home/ubuntu-nuc/rc_ws/install/fast_lio/lib:/home/ubuntu-nuc/rc_ws/install/livox_ros_driver2/lib:/usr/lib/x86_64-linux-gnu/gazebo-11/plugins:/opt/ros/humble/opt/rviz_ogre_vendor/lib:/opt/ros/humble/lib/x86_64-linux-gnu:/opt/ros/humble/opt/openvdb_vendor/lib:/opt/ros/humble/lib:/opt/MVS/lib/64:/opt/MVS/lib/32:/opt/MVS/lib/64:/opt/MVS/lib/32 /usr/local/bin/cmake /home/ubuntu-nuc/rc2_ws/src/FASTLIO2_ROS2/fastlio2 -DAMENT_CMAKE_SYMLINK_INSTALL=1 -DCMAKE_INSTALL_PREFIX=/home/ubuntu-nuc/rc2_ws/install/fastlio2
[0.069s] CMake Deprecation Warning at CMakeLists.txt:1 (cmake_minimum_required):
[0.069s]   Compatibility with CMake < 3.10 will be removed from a future version of
[0.069s]   CMake.
[0.069s] 
[0.069s]   Update the VERSION argument <min> value.  Or, use the <min>...<max> syntax
[0.069s]   to tell CMake that the project requires at least <min> but has been updated
[0.069s]   to work with policies introduced by <max> or earlier.
[0.069s] 
[0.069s] 
[0.094s] -- Found ament_cmake: 1.3.12 (/opt/ros/humble/share/ament_cmake/cmake)
[0.404s] -- Override CMake install command with custom implementation using symlinks instead of copying resources
[0.427s] -- Found rclcpp: 16.0.14 (/opt/ros/humble/share/rclcpp/cmake)
[0.497s] -- Found rosidl_generator_c: 3.1.7 (/opt/ros/humble/share/rosidl_generator_c/cmake)
[0.505s] -- Found rosidl_adapter: 3.1.7 (/opt/ros/humble/share/rosidl_adapter/cmake)
[0.519s] -- Found rosidl_generator_cpp: 3.1.8 (/opt/ros/humble/share/rosidl_generator_cpp/cmake)
[0.541s] -- Using all available rosidl_typesupport_c: rosidl_typesupport_fastrtps_c;rosidl_typesupport_introspection_c
[0.570s] -- Using all available rosidl_typesupport_cpp: rosidl_typesupport_fastrtps_cpp;rosidl_typesupport_introspection_cpp
[0.666s] -- Found rmw_implementation_cmake: 6.1.2 (/opt/ros/humble/share/rmw_implementation_cmake/cmake)
[0.673s] -- Found rmw_fastrtps_cpp: 6.2.8 (/opt/ros/humble/share/rmw_fastrtps_cpp/cmake)
[0.889s] -- Using RMW implementation 'rmw_fastrtps_cpp' as default
[1.026s] -- Found tf2: 0.25.16 (/opt/ros/humble/share/tf2/cmake)
[1.071s] -- Found tf2_ros: 0.25.16 (/opt/ros/humble/share/tf2_ros/cmake)
[1.301s] -- Found nav_msgs: 4.9.0 (/opt/ros/humble/share/nav_msgs/cmake)
[1.341s] -- Found sensor_msgs: 4.9.0 (/opt/ros/humble/share/sensor_msgs/cmake)
[1.388s] -- Found livox_ros_driver2: 1.0.0 (/home/ubuntu-nuc/rc2_ws/install/livox_ros_driver2/share/livox_ros_driver2/cmake)
[1.475s] CMake Warning (dev) at /usr/lib/x86_64-linux-gnu/cmake/pcl/PCLConfig.cmake:146 (find_package):
[1.475s]   Policy CMP0144 is not set: find_package uses upper-case <PACKAGENAME>_ROOT
[1.475s]   variables.  Run "cmake --help-policy CMP0144" for policy details.  Use the
[1.475s]   cmake_policy command to set the policy and suppress this warning.
[1.476s] 
[1.476s]   CMake variable EIGEN_ROOT is set to:
[1.476s] 
[1.476s]     /usr/include/eigen3
[1.476s] 
[1.476s]   For compatibility, find_package is ignoring the variable, but code in a
[1.476s]   .cmake module might still use it.
[1.476s] Call Stack (most recent call first):
[1.476s]   /usr/lib/x86_64-linux-gnu/cmake/pcl/PCLConfig.cmake:299 (find_eigen)
[1.477s]   /usr/lib/x86_64-linux-gnu/cmake/pcl/PCLConfig.cmake:543 (find_external_library)
[1.477s]   /opt/ros/humble/share/pcl_conversions/cmake/ament_cmake_export_dependencies-extras.cmake:21 (find_package)
[1.477s]   /opt/ros/humble/share/pcl_conversions/cmake/pcl_conversionsConfig.cmake:41 (include)
[1.477s]   /home/ubuntu-nuc/rc2_ws/install/livox_ros_driver2/share/livox_ros_driver2/cmake/ament_cmake_export_dependencies-extras.cmake:21 (find_package)
[1.477s]   /home/ubuntu-nuc/rc2_ws/install/livox_ros_driver2/share/livox_ros_driver2/cmake/livox_ros_driver2Config.cmake:41 (include)
[1.477s]   CMakeLists.txt:30 (find_package)
[1.477s] This warning is for project developers.  Use -Wno-dev to suppress it.
[1.477s] 
[1.486s] -- Eigen found (include: /usr/include/eigen3, version: 3.4.0)
[1.487s] CMake Warning (dev) at /usr/lib/x86_64-linux-gnu/cmake/pcl/PCLConfig.cmake:128 (find_package):
[1.487s]   Policy CMP0167 is not set: The FindBoost module is removed.  Run "cmake
[1.487s]   --help-policy CMP0167" for policy details.  Use the cmake_policy command to
[1.487s]   set the policy and suppress this warning.
[1.487s] 
[1.487s] Call Stack (most recent call first):
[1.487s]   /usr/lib/x86_64-linux-gnu/cmake/pcl/PCLConfig.cmake:297 (find_boost)
[1.488s]   /usr/lib/x86_64-linux-gnu/cmake/pcl/PCLConfig.cmake:543 (find_external_library)
[1.488s]   /opt/ros/humble/share/pcl_conversions/cmake/ament_cmake_export_dependencies-extras.cmake:21 (find_package)
[1.488s]   /opt/ros/humble/share/pcl_conversions/cmake/pcl_conversionsConfig.cmake:41 (include)
[1.488s]   /home/ubuntu-nuc/rc2_ws/install/livox_ros_driver2/share/livox_ros_driver2/cmake/ament_cmake_export_dependencies-extras.cmake:21 (find_package)
[1.488s]   /home/ubuntu-nuc/rc2_ws/install/livox_ros_driver2/share/livox_ros_driver2/cmake/livox_ros_driver2Config.cmake:41 (include)
[1.488s]   CMakeLists.txt:30 (find_package)
[1.488s] This warning is for project developers.  Use -Wno-dev to suppress it.
[1.488s] 
[1.518s] CMake Warning (dev) at /usr/lib/x86_64-linux-gnu/cmake/pcl/Modules/FindFLANN.cmake:44 (find_package):
[1.518s]   Policy CMP0144 is not set: find_package uses upper-case <PACKAGENAME>_ROOT
[1.518s]   variables.  Run "cmake --help-policy CMP0144" for policy details.  Use the
[1.518s]   cmake_policy command to set the policy and suppress this warning.
[1.518s] 
[1.518s]   CMake variable FLANN_ROOT is set to:
[1.518s] 
[1.518s]     /usr
[1.518s] 
[1.518s]   For compatibility, find_package is ignoring the variable, but code in a
[1.519s]   .cmake module might still use it.
[1.519s] Call Stack (most recent call first):
[1.519s]   /usr/lib/x86_64-linux-gnu/cmake/pcl/PCLConfig.cmake:256 (find_package)
[1.519s]   /usr/lib/x86_64-linux-gnu/cmake/pcl/PCLConfig.cmake:301 (find_flann)
[1.519s]   /usr/lib/x86_64-linux-gnu/cmake/pcl/PCLConfig.cmake:543 (find_external_library)
[1.519s]   /opt/ros/humble/share/pcl_conversions/cmake/ament_cmake_export_dependencies-extras.cmake:21 (find_package)
[1.519s]   /opt/ros/humble/share/pcl_conversions/cmake/pcl_conversionsConfig.cmake:41 (include)
[1.519s]   /home/ubuntu-nuc/rc2_ws/install/livox_ros_driver2/share/livox_ros_driver2/cmake/ament_cmake_export_dependencies-extras.cmake:21 (find_package)
[1.519s]   /home/ubuntu-nuc/rc2_ws/install/livox_ros_driver2/share/livox_ros_driver2/cmake/livox_ros_driver2Config.cmake:41 (include)
[1.519s]   CMakeLists.txt:30 (find_package)
[1.520s] This warning is for project developers.  Use -Wno-dev to suppress it.
[1.520s] 
[1.563s] -- FLANN found (include: /usr/include, lib: /usr/lib/x86_64-linux-gnu/libflann_cpp.so)
[2.689s] -- OpenNI found (version: 1.5.4.0, include: /usr/include/ni, lib: /usr/lib/libOpenNI.so;libusb::libusb)
[2.701s] -- OpenNI2 found (version: 2.2.0.33, include: /usr/include/openni2, lib: /usr/lib/x86_64-linux-gnu/libOpenNI2.so;libusb::libusb)
[3.308s] CMake Warning (dev) at /usr/lib/x86_64-linux-gnu/cmake/pcl/PCLConfig.cmake:128 (find_package):
[3.308s]   Policy CMP0167 is not set: The FindBoost module is removed.  Run "cmake
[3.309s]   --help-policy CMP0167" for policy details.  Use the cmake_policy command to
[3.309s]   set the policy and suppress this warning.
[3.309s] 
[3.309s] Call Stack (most recent call first):
[3.309s]   /usr/lib/x86_64-linux-gnu/cmake/pcl/PCLConfig.cmake:297 (find_boost)
[3.309s]   /usr/lib/x86_64-linux-gnu/cmake/pcl/PCLConfig.cmake:543 (find_external_library)
[3.309s]   /opt/ros/humble/share/pcl_conversions/cmake/ament_cmake_export_dependencies-extras.cmake:21 (find_package)
[3.309s]   /opt/ros/humble/share/pcl_conversions/cmake/pcl_conversionsConfig.cmake:41 (include)
[3.309s]   /home/ubuntu-nuc/rc2_ws/install/livox_ros_driver2/share/livox_ros_driver2/cmake/ament_cmake_export_dependencies-extras.cmake:21 (find_package)
[3.309s]   /home/ubuntu-nuc/rc2_ws/install/livox_ros_driver2/share/livox_ros_driver2/cmake/livox_ros_driver2Config.cmake:41 (include)
[3.309s]   CMakeLists.txt:30 (find_package)
[3.309s] This warning is for project developers.  Use -Wno-dev to suppress it.
[3.309s] 
[3.327s] -- Eigen found (include: /usr/include/eigen3, version: 3.4.0)
[3.343s] -- OpenNI found (version: 1.5.4.0, include: /usr/include/ni, lib: /usr/lib/libOpenNI.so;libusb::libusb)
[3.353s] -- OpenNI2 found (version: 2.2.0.33, include: /usr/include/openni2, lib: /usr/lib/x86_64-linux-gnu/libOpenNI2.so;libusb::libusb)
[3.985s] -- Found Qhull version 8.0.2
[4.559s] -- OpenNI found (version: 1.5.4.0, include: /usr/include/ni, lib: /usr/lib/libOpenNI.so;libusb::libusb)
[5.174s] CMake Warning (dev) at CMakeLists.txt:35 (find_package):
[5.174s]   Policy CMP0074 is not set: find_package uses <PackageName>_ROOT variables.
[5.174s]   Run "cmake --help-policy CMP0074" for policy details.  Use the cmake_policy
[5.174s]   command to set the policy and suppress this warning.
[5.175s] 
[5.175s]   CMake variable PCL_ROOT is set to:
[5.175s] 
[5.175s]     /usr
[5.175s] 
[5.175s]   For compatibility, CMake is ignoring the variable.
[5.175s] This warning is for project developers.  Use -Wno-dev to suppress it.
[5.175s] 
[5.215s] -- Found ament_lint_auto: 0.12.14 (/opt/ros/humble/share/ament_lint_auto/cmake)
[5.419s] -- Added test 'cppcheck' to perform static code analysis on C / C++ code
[5.419s] -- Configured cppcheck include dirs: 
[5.419s] -- Configured cppcheck exclude dirs and/or files: 
[5.420s] -- Added test 'flake8' to check Python code syntax and style conventions
[5.421s] -- Added test 'lint_cmake' to check CMake code style
[5.422s] -- Added test 'pep257' to check Python code against some of the docstring style conventions in PEP 257
[5.423s] -- Added test 'uncrustify' to check C / C++ code style
[5.423s] -- Configured uncrustify additional arguments: 
[5.424s] -- Added test 'xmllint' to check XML markup files
[5.426s] -- Configuring done (5.4s)
[5.530s] -- Generating done (0.1s)
[5.537s] -- Build files have been written to: /home/ubuntu-nuc/rc2_ws/build/fastlio2
[5.566s] Invoked command in '/home/ubuntu-nuc/rc2_ws/build/fastlio2' returned '0': CMAKE_PREFIX_PATH=/home/ubuntu-nuc/rc2_ws/install/livox_ros_driver2:/home/ubuntu-nuc/rc2_ws/install/pgo:/home/ubuntu-nuc/rc2_ws/install/meiling_detect:/opt/ros/humble:/home/ubuntu-nuc/rc2_ws/install/meiling_control:/home/ubuntu-nuc/rc2_ws/install/localizer:/home/ubuntu-nuc/rc2_ws/install/fastlio2:/home/ubuntu-nuc/rc2_ws/install/hba:/home/ubuntu-nuc/rc2_ws/install/interface:/home/ubuntu-nuc/rc2_ws/install/auto_aim_interfaces:/home/ubuntu-nuc/rc_ws/install/fast_lio:/home/ubuntu-nuc/rc_ws/install/livox_ros_driver2 LD_LIBRARY_PATH=/home/ubuntu-nuc/rc2_ws/install/livox_ros_driver2/lib:/opt/MVS/lib/64:/opt/MVS/lib/32:/usr/lib/x86_64-linux-gnu:/home/ubuntu-nuc/rc2_ws/install/livox_sdk2/lib:/home/ubuntu-nuc/rc2_ws/install/interface/lib:/home/ubuntu-nuc/rc2_ws/install/auto_aim_interfaces/lib:/home/ubuntu-nuc/rc_ws/install/fast_lio/lib:/home/ubuntu-nuc/rc_ws/install/livox_ros_driver2/lib:/usr/lib/x86_64-linux-gnu/gazebo-11/plugins:/opt/ros/humble/opt/rviz_ogre_vendor/lib:/opt/ros/humble/lib/x86_64-linux-gnu:/opt/ros/humble/opt/openvdb_vendor/lib:/opt/ros/humble/lib:/opt/MVS/lib/64:/opt/MVS/lib/32:/opt/MVS/lib/64:/opt/MVS/lib/32 /usr/local/bin/cmake /home/ubuntu-nuc/rc2_ws/src/FASTLIO2_ROS2/fastlio2 -DAMENT_CMAKE_SYMLINK_INSTALL=1 -DCMAKE_INSTALL_PREFIX=/home/ubuntu-nuc/rc2_ws/install/fastlio2
[5.569s] Invoking command in '/home/ubuntu-nuc/rc2_ws/build/fastlio2': CMAKE_PREFIX_PATH=/home/ubuntu-nuc/rc2_ws/install/livox_ros_driver2:/home/ubuntu-nuc/rc2_ws/install/pgo:/home/ubuntu-nuc/rc2_ws/install/meiling_detect:/opt/ros/humble:/home/ubuntu-nuc/rc2_ws/install/meiling_control:/home/ubuntu-nuc/rc2_ws/install/localizer:/home/ubuntu-nuc/rc2_ws/install/fastlio2:/home/ubuntu-nuc/rc2_ws/install/hba:/home/ubuntu-nuc/rc2_ws/install/interface:/home/ubuntu-nuc/rc2_ws/install/auto_aim_interfaces:/home/ubuntu-nuc/rc_ws/install/fast_lio:/home/ubuntu-nuc/rc_ws/install/livox_ros_driver2 LD_LIBRARY_PATH=/home/ubuntu-nuc/rc2_ws/install/livox_ros_driver2/lib:/opt/MVS/lib/64:/opt/MVS/lib/32:/usr/lib/x86_64-linux-gnu:/home/ubuntu-nuc/rc2_ws/install/livox_sdk2/lib:/home/ubuntu-nuc/rc2_ws/install/interface/lib:/home/ubuntu-nuc/rc2_ws/install/auto_aim_interfaces/lib:/home/ubuntu-nuc/rc_ws/install/fast_lio/lib:/home/ubuntu-nuc/rc_ws/install/livox_ros_driver2/lib:/usr/lib/x86_64-linux-gnu/gazebo-11/plugins:/opt/ros/humble/opt/rviz_ogre_vendor/lib:/opt/ros/humble/lib/x86_64-linux-gnu:/opt/ros/humble/opt/openvdb_vendor/lib:/opt/ros/humble/lib:/opt/MVS/lib/64:/opt/MVS/lib/32:/opt/MVS/lib/64:/opt/MVS/lib/32 /usr/local/bin/cmake --build /home/ubuntu-nuc/rc2_ws/build/fastlio2 -- -j8 -l8
[5.735s] [ 11%] Building CXX object CMakeFiles/lio_node.dir/src/lio_node.cpp.o
[52.938s] [ 22%] Linking CXX executable lio_node
[54.474s] [100%] Built target lio_node
[54.483s] Invoked command in '/home/ubuntu-nuc/rc2_ws/build/fastlio2' returned '0': CMAKE_PREFIX_PATH=/home/ubuntu-nuc/rc2_ws/install/livox_ros_driver2:/home/ubuntu-nuc/rc2_ws/install/pgo:/home/ubuntu-nuc/rc2_ws/install/meiling_detect:/opt/ros/humble:/home/ubuntu-nuc/rc2_ws/install/meiling_control:/home/ubuntu-nuc/rc2_ws/install/localizer:/home/ubuntu-nuc/rc2_ws/install/fastlio2:/home/ubuntu-nuc/rc2_ws/install/hba:/home/ubuntu-nuc/rc2_ws/install/interface:/home/ubuntu-nuc/rc2_ws/install/auto_aim_interfaces:/home/ubuntu-nuc/rc_ws/install/fast_lio:/home/ubuntu-nuc/rc_ws/install/livox_ros_driver2 LD_LIBRARY_PATH=/home/ubuntu-nuc/rc2_ws/install/livox_ros_driver2/lib:/opt/MVS/lib/64:/opt/MVS/lib/32:/usr/lib/x86_64-linux-gnu:/home/ubuntu-nuc/rc2_ws/install/livox_sdk2/lib:/home/ubuntu-nuc/rc2_ws/install/interface/lib:/home/ubuntu-nuc/rc2_ws/install/auto_aim_interfaces/lib:/home/ubuntu-nuc/rc_ws/install/fast_lio/lib:/home/ubuntu-nuc/rc_ws/install/livox_ros_driver2/lib:/usr/lib/x86_64-linux-gnu/gazebo-11/plugins:/opt/ros/humble/opt/rviz_ogre_vendor/lib:/opt/ros/humble/lib/x86_64-linux-gnu:/opt/ros/humble/opt/openvdb_vendor/lib:/opt/ros/humble/lib:/opt/MVS/lib/64:/opt/MVS/lib/32:/opt/MVS/lib/64:/opt/MVS/lib/32 /usr/local/bin/cmake --build /home/ubuntu-nuc/rc2_ws/build/fastlio2 -- -j8 -l8
[54.495s] Invoking command in '/home/ubuntu-nuc/rc2_ws/build/fastlio2': CMAKE_PREFIX_PATH=/home/ubuntu-nuc/rc2_ws/install/livox_ros_driver2:/home/ubuntu-nuc/rc2_ws/install/pgo:/home/ubuntu-nuc/rc2_ws/install/meiling_detect:/opt/ros/humble:/home/ubuntu-nuc/rc2_ws/install/meiling_control:/home/ubuntu-nuc/rc2_ws/install/localizer:/home/ubuntu-nuc/rc2_ws/install/fastlio2:/home/ubuntu-nuc/rc2_ws/install/hba:/home/ubuntu-nuc/rc2_ws/install/interface:/home/ubuntu-nuc/rc2_ws/install/auto_aim_interfaces:/home/ubuntu-nuc/rc_ws/install/fast_lio:/home/ubuntu-nuc/rc_ws/install/livox_ros_driver2 LD_LIBRARY_PATH=/home/ubuntu-nuc/rc2_ws/install/livox_ros_driver2/lib:/opt/MVS/lib/64:/opt/MVS/lib/32:/usr/lib/x86_64-linux-gnu:/home/ubuntu-nuc/rc2_ws/install/livox_sdk2/lib:/home/ubuntu-nuc/rc2_ws/install/interface/lib:/home/ubuntu-nuc/rc2_ws/install/auto_aim_interfaces/lib:/home/ubuntu-nuc/rc_ws/install/fast_lio/lib:/home/ubuntu-nuc/rc_ws/install/livox_ros_driver2/lib:/usr/lib/x86_64-linux-gnu/gazebo-11/plugins:/opt/ros/humble/opt/rviz_ogre_vendor/lib:/opt/ros/humble/lib/x86_64-linux-gnu:/opt/ros/humble/opt/openvdb_vendor/lib:/opt/ros/humble/lib:/opt/MVS/lib/64:/opt/MVS/lib/32:/opt/MVS/lib/64:/opt/MVS/lib/32 /usr/local/bin/cmake --install /home/ubuntu-nuc/rc2_ws/build/fastlio2
[54.500s] -- Install configuration: "Release"
[54.500s] -- Execute custom install script
[54.501s] -- Symlinking: /home/ubuntu-nuc/rc2_ws/install/fastlio2/lib/fastlio2/lio_node
[54.507s] -- Symlinking: /home/ubuntu-nuc/rc2_ws/install/fastlio2/share/fastlio2/launch/lio2_launch.py
[54.513s] -- Symlinking: /home/ubuntu-nuc/rc2_ws/install/fastlio2/share/fastlio2/launch/lio_launch.py
[54.521s] -- Symlinking: /home/ubuntu-nuc/rc2_ws/install/fastlio2/share/fastlio2/rviz/fastlio2.rviz
[54.529s] -- Symlinking: /home/ubuntu-nuc/rc2_ws/install/fastlio2/share/fastlio2/config/lio.yaml
[54.534s] -- Symlinking: /home/ubuntu-nuc/rc2_ws/install/fastlio2/share/ament_index/resource_index/package_run_dependencies/fastlio2
[54.540s] -- Symlinking: /home/ubuntu-nuc/rc2_ws/install/fastlio2/share/ament_index/resource_index/parent_prefix_path/fastlio2
[54.545s] -- Symlinking: /home/ubuntu-nuc/rc2_ws/install/fastlio2/share/fastlio2/environment/ament_prefix_path.sh
[54.550s] -- Symlinking: /home/ubuntu-nuc/rc2_ws/install/fastlio2/share/fastlio2/environment/ament_prefix_path.dsv
[54.555s] -- Symlinking: /home/ubuntu-nuc/rc2_ws/install/fastlio2/share/fastlio2/environment/path.sh
[54.562s] -- Symlinking: /home/ubuntu-nuc/rc2_ws/install/fastlio2/share/fastlio2/environment/path.dsv
[54.568s] -- Symlinking: /home/ubuntu-nuc/rc2_ws/install/fastlio2/share/fastlio2/local_setup.bash
[54.575s] -- Symlinking: /home/ubuntu-nuc/rc2_ws/install/fastlio2/share/fastlio2/local_setup.sh
[54.582s] -- Symlinking: /home/ubuntu-nuc/rc2_ws/install/fastlio2/share/fastlio2/local_setup.zsh
[54.588s] -- Symlinking: /home/ubuntu-nuc/rc2_ws/install/fastlio2/share/fastlio2/local_setup.dsv
[54.593s] -- Symlinking: /home/ubuntu-nuc/rc2_ws/install/fastlio2/share/fastlio2/package.dsv
[54.599s] -- Symlinking: /home/ubuntu-nuc/rc2_ws/install/fastlio2/share/ament_index/resource_index/packages/fastlio2
[54.604s] -- Symlinking: /home/ubuntu-nuc/rc2_ws/install/fastlio2/share/fastlio2/cmake/fastlio2Config.cmake
[54.610s] -- Symlinking: /home/ubuntu-nuc/rc2_ws/install/fastlio2/share/fastlio2/cmake/fastlio2Config-version.cmake
[54.616s] -- Symlinking: /home/ubuntu-nuc/rc2_ws/install/fastlio2/share/fastlio2/package.xml
[54.626s] Invoked command in '/home/ubuntu-nuc/rc2_ws/build/fastlio2' returned '0': CMAKE_PREFIX_PATH=/home/ubuntu-nuc/rc2_ws/install/livox_ros_driver2:/home/ubuntu-nuc/rc2_ws/install/pgo:/home/ubuntu-nuc/rc2_ws/install/meiling_detect:/opt/ros/humble:/home/ubuntu-nuc/rc2_ws/install/meiling_control:/home/ubuntu-nuc/rc2_ws/install/localizer:/home/ubuntu-nuc/rc2_ws/install/fastlio2:/home/ubuntu-nuc/rc2_ws/install/hba:/home/ubuntu-nuc/rc2_ws/install/interface:/home/ubuntu-nuc/rc2_ws/install/auto_aim_interfaces:/home/ubuntu-nuc/rc_ws/install/fast_lio:/home/ubuntu-nuc/rc_ws/install/livox_ros_driver2 LD_LIBRARY_PATH=/home/ubuntu-nuc/rc2_ws/install/livox_ros_driver2/lib:/opt/MVS/lib/64:/opt/MVS/lib/32:/usr/lib/x86_64-linux-gnu:/home/ubuntu-nuc/rc2_ws/install/livox_sdk2/lib:/home/ubuntu-nuc/rc2_ws/install/interface/lib:/home/ubuntu-nuc/rc2_ws/install/auto_aim_interfaces/lib:/home/ubuntu-nuc/rc_ws/install/fast_lio/lib:/home/ubuntu-nuc/rc_ws/install/livox_ros_driver2/lib:/usr/lib/x86_64-linux-gnu/gazebo-11/plugins:/opt/ros/humble/opt/rviz_ogre_vendor/lib:/opt/ros/humble/lib/x86_64-linux-gnu:/opt/ros/humble/opt/openvdb_vendor/lib:/opt/ros/humble/lib:/opt/MVS/lib/64:/opt/MVS/lib/32:/opt/MVS/lib/64:/opt/MVS/lib/32 /usr/local/bin/cmake --install /home/ubuntu-nuc/rc2_ws/build/fastlio2
