[0.018s] Invoking command in '/home/ubuntu-nuc/rc2_ws/build/meiling_control': CMAKE_PREFIX_PATH=/home/ubuntu-nuc/rc2_ws/install/auto_aim_interfaces:/home/ubuntu-nuc/rc2_ws/install/pgo:/home/ubuntu-nuc/rc2_ws/install/meiling_control:/home/ubuntu-nuc/rc2_ws/install/localizer:/home/ubuntu-nuc/rc2_ws/install/fastlio2:/home/ubuntu-nuc/rc2_ws/install/livox_ros_driver2:/home/ubuntu-nuc/rc2_ws/install/hba:/home/ubuntu-nuc/rc2_ws/install/interface:/home/ubuntu-nuc/rc_ws/install/fast_lio:/home/ubuntu-nuc/rc_ws/install/livox_ros_driver2 LD_LIBRARY_PATH=/home/ubuntu-nuc/rc2_ws/install/auto_aim_interfaces/lib:/opt/MVS/lib/64:/opt/MVS/lib/32:/opt/MVS/lib/64:/opt/MVS/lib/32:/usr/lib/x86_64-linux-gnu:/home/ubuntu-nuc/rc2_ws/install/livox_sdk2/lib:/home/ubuntu-nuc/rc2_ws/install/livox_ros_driver2/lib:/home/ubuntu-nuc/rc2_ws/install/interface/lib:/home/ubuntu-nuc/rc_ws/install/fast_lio/lib:/home/ubuntu-nuc/rc_ws/install/livox_ros_driver2/lib:/usr/lib/x86_64-linux-gnu/gazebo-11/plugins:/opt/ros/humble/opt/rviz_ogre_vendor/lib:/opt/ros/humble/lib/x86_64-linux-gnu:/opt/ros/humble/opt/openvdb_vendor/lib:/opt/ros/humble/lib:/opt/MVS/lib/64:/opt/MVS/lib/32 PKG_CONFIG_PATH=/home/ubuntu-nuc/rc2_ws/install/auto_aim_interfaces/lib/x86_64-linux-gnu/pkgconfig:/home/ubuntu-nuc/rc2_ws/install/auto_aim_interfaces/lib/pkgconfig:/home/ubuntu-nuc/rc2_ws/install/meiling_control/lib/x86_64-linux-gnu/pkgconfig:/home/ubuntu-nuc/rc2_ws/install/meiling_control/lib/pkgconfig PYTHONPATH=/home/ubuntu-nuc/rc2_ws/install/auto_aim_interfaces/local/lib/python3.10/dist-packages:/home/ubuntu-nuc/rc2_ws/install/meiling_detect/lib/python3.10/site-packages:/home/ubuntu-nuc/rc2_ws/install/livox_ros_driver2/local/lib/python3.10/dist-packages:/home/ubuntu-nuc/rc2_ws/install/interface/local/lib/python3.10/dist-packages:/home/ubuntu-nuc/rc_ws/install/fast_lio/local/lib/python3.10/dist-packages:/home/ubuntu-nuc/rc_ws/install/livox_ros_driver2/local/lib/python3.10/dist-packages:/opt/ros/humble/lib/python3.10/site-packages:/opt/ros/humble/local/lib/python3.10/dist-packages ROS_PACKAGE_PATH=/home/ubuntu-nuc/rc2_ws/install/auto_aim_interfaces/share:/home/ubuntu-nuc/rc2_ws/install/meiling_control/share /usr/local/bin/cmake --build /home/ubuntu-nuc/rc2_ws/build/meiling_control -- -j8 -l8
[0.026s] [0mCMake Deprecation Warning at CMakeLists.txt:1 (cmake_minimum_required):
[0.026s]   Compatibility with CMake < 3.10 will be removed from a future version of
[0.026s]   CMake.
[0.026s] 
[0.026s]   Update the VERSION argument <min> value.  Or, use the <min>...<max> syntax
[0.026s]   to tell CMake that the project requires at least <min> but has been updated
[0.026s]   to work with policies introduced by <max> or earlier.
[0.026s] 
[0.026s] [0m
[0.030s] -- Found ament_cmake: 1.3.12 (/opt/ros/humble/share/ament_cmake/cmake)
[0.163s] -- Found rclcpp: 16.0.14 (/opt/ros/humble/share/rclcpp/cmake)
[0.186s] -- Found rosidl_generator_c: 3.1.7 (/opt/ros/humble/share/rosidl_generator_c/cmake)
[0.188s] -- Found rosidl_adapter: 3.1.7 (/opt/ros/humble/share/rosidl_adapter/cmake)
[0.193s] -- Found rosidl_generator_cpp: 3.1.8 (/opt/ros/humble/share/rosidl_generator_cpp/cmake)
[0.200s] -- Using all available rosidl_typesupport_c: rosidl_typesupport_fastrtps_c;rosidl_typesupport_introspection_c
[0.210s] -- Using all available rosidl_typesupport_cpp: rosidl_typesupport_fastrtps_cpp;rosidl_typesupport_introspection_cpp
[0.238s] -- Found rmw_implementation_cmake: 6.1.2 (/opt/ros/humble/share/rmw_implementation_cmake/cmake)
[0.239s] -- Found rmw_fastrtps_cpp: 6.2.8 (/opt/ros/humble/share/rmw_fastrtps_cpp/cmake)
[0.343s] -- Using RMW implementation 'rmw_fastrtps_cpp' as default
[0.390s] -- Found auto_aim_interfaces: 0.0.1 (/home/ubuntu-nuc/rc2_ws/install/auto_aim_interfaces/share/auto_aim_interfaces/cmake)
[0.469s] -- Configuring done (0.4s)
[0.477s] -- Generating done (0.0s)
[0.478s] -- Build files have been written to: /home/ubuntu-nuc/rc2_ws/build/meiling_control
[0.501s] [ 33%] [32mBuilding CXX object CMakeFiles/meiling_node.dir/src/meiling_node.cpp.o[0m
[0.501s] [ 66%] [32mBuilding CXX object CMakeFiles/meiling_node.dir/src/luoji.cpp.o[0m
[8.489s] [100%] [32m[1mLinking CXX executable meiling_node[0m
[8.887s] [100%] Built target meiling_node
[8.891s] Invoked command in '/home/ubuntu-nuc/rc2_ws/build/meiling_control' returned '0': CMAKE_PREFIX_PATH=/home/ubuntu-nuc/rc2_ws/install/auto_aim_interfaces:/home/ubuntu-nuc/rc2_ws/install/pgo:/home/ubuntu-nuc/rc2_ws/install/meiling_control:/home/ubuntu-nuc/rc2_ws/install/localizer:/home/ubuntu-nuc/rc2_ws/install/fastlio2:/home/ubuntu-nuc/rc2_ws/install/livox_ros_driver2:/home/ubuntu-nuc/rc2_ws/install/hba:/home/ubuntu-nuc/rc2_ws/install/interface:/home/ubuntu-nuc/rc_ws/install/fast_lio:/home/ubuntu-nuc/rc_ws/install/livox_ros_driver2 LD_LIBRARY_PATH=/home/ubuntu-nuc/rc2_ws/install/auto_aim_interfaces/lib:/opt/MVS/lib/64:/opt/MVS/lib/32:/opt/MVS/lib/64:/opt/MVS/lib/32:/usr/lib/x86_64-linux-gnu:/home/ubuntu-nuc/rc2_ws/install/livox_sdk2/lib:/home/ubuntu-nuc/rc2_ws/install/livox_ros_driver2/lib:/home/ubuntu-nuc/rc2_ws/install/interface/lib:/home/ubuntu-nuc/rc_ws/install/fast_lio/lib:/home/ubuntu-nuc/rc_ws/install/livox_ros_driver2/lib:/usr/lib/x86_64-linux-gnu/gazebo-11/plugins:/opt/ros/humble/opt/rviz_ogre_vendor/lib:/opt/ros/humble/lib/x86_64-linux-gnu:/opt/ros/humble/opt/openvdb_vendor/lib:/opt/ros/humble/lib:/opt/MVS/lib/64:/opt/MVS/lib/32 PKG_CONFIG_PATH=/home/ubuntu-nuc/rc2_ws/install/auto_aim_interfaces/lib/x86_64-linux-gnu/pkgconfig:/home/ubuntu-nuc/rc2_ws/install/auto_aim_interfaces/lib/pkgconfig:/home/ubuntu-nuc/rc2_ws/install/meiling_control/lib/x86_64-linux-gnu/pkgconfig:/home/ubuntu-nuc/rc2_ws/install/meiling_control/lib/pkgconfig PYTHONPATH=/home/ubuntu-nuc/rc2_ws/install/auto_aim_interfaces/local/lib/python3.10/dist-packages:/home/ubuntu-nuc/rc2_ws/install/meiling_detect/lib/python3.10/site-packages:/home/ubuntu-nuc/rc2_ws/install/livox_ros_driver2/local/lib/python3.10/dist-packages:/home/ubuntu-nuc/rc2_ws/install/interface/local/lib/python3.10/dist-packages:/home/ubuntu-nuc/rc_ws/install/fast_lio/local/lib/python3.10/dist-packages:/home/ubuntu-nuc/rc_ws/install/livox_ros_driver2/local/lib/python3.10/dist-packages:/opt/ros/humble/lib/python3.10/site-packages:/opt/ros/humble/local/lib/python3.10/dist-packages ROS_PACKAGE_PATH=/home/ubuntu-nuc/rc2_ws/install/auto_aim_interfaces/share:/home/ubuntu-nuc/rc2_ws/install/meiling_control/share /usr/local/bin/cmake --build /home/ubuntu-nuc/rc2_ws/build/meiling_control -- -j8 -l8
[8.892s] Invoking command in '/home/ubuntu-nuc/rc2_ws/build/meiling_control': CMAKE_PREFIX_PATH=/home/ubuntu-nuc/rc2_ws/install/auto_aim_interfaces:/home/ubuntu-nuc/rc2_ws/install/pgo:/home/ubuntu-nuc/rc2_ws/install/meiling_control:/home/ubuntu-nuc/rc2_ws/install/localizer:/home/ubuntu-nuc/rc2_ws/install/fastlio2:/home/ubuntu-nuc/rc2_ws/install/livox_ros_driver2:/home/ubuntu-nuc/rc2_ws/install/hba:/home/ubuntu-nuc/rc2_ws/install/interface:/home/ubuntu-nuc/rc_ws/install/fast_lio:/home/ubuntu-nuc/rc_ws/install/livox_ros_driver2 LD_LIBRARY_PATH=/home/ubuntu-nuc/rc2_ws/install/auto_aim_interfaces/lib:/opt/MVS/lib/64:/opt/MVS/lib/32:/opt/MVS/lib/64:/opt/MVS/lib/32:/usr/lib/x86_64-linux-gnu:/home/ubuntu-nuc/rc2_ws/install/livox_sdk2/lib:/home/ubuntu-nuc/rc2_ws/install/livox_ros_driver2/lib:/home/ubuntu-nuc/rc2_ws/install/interface/lib:/home/ubuntu-nuc/rc_ws/install/fast_lio/lib:/home/ubuntu-nuc/rc_ws/install/livox_ros_driver2/lib:/usr/lib/x86_64-linux-gnu/gazebo-11/plugins:/opt/ros/humble/opt/rviz_ogre_vendor/lib:/opt/ros/humble/lib/x86_64-linux-gnu:/opt/ros/humble/opt/openvdb_vendor/lib:/opt/ros/humble/lib:/opt/MVS/lib/64:/opt/MVS/lib/32 PKG_CONFIG_PATH=/home/ubuntu-nuc/rc2_ws/install/auto_aim_interfaces/lib/x86_64-linux-gnu/pkgconfig:/home/ubuntu-nuc/rc2_ws/install/auto_aim_interfaces/lib/pkgconfig:/home/ubuntu-nuc/rc2_ws/install/meiling_control/lib/x86_64-linux-gnu/pkgconfig:/home/ubuntu-nuc/rc2_ws/install/meiling_control/lib/pkgconfig PYTHONPATH=/home/ubuntu-nuc/rc2_ws/install/auto_aim_interfaces/local/lib/python3.10/dist-packages:/home/ubuntu-nuc/rc2_ws/install/meiling_detect/lib/python3.10/site-packages:/home/ubuntu-nuc/rc2_ws/install/livox_ros_driver2/local/lib/python3.10/dist-packages:/home/ubuntu-nuc/rc2_ws/install/interface/local/lib/python3.10/dist-packages:/home/ubuntu-nuc/rc_ws/install/fast_lio/local/lib/python3.10/dist-packages:/home/ubuntu-nuc/rc_ws/install/livox_ros_driver2/local/lib/python3.10/dist-packages:/opt/ros/humble/lib/python3.10/site-packages:/opt/ros/humble/local/lib/python3.10/dist-packages ROS_PACKAGE_PATH=/home/ubuntu-nuc/rc2_ws/install/auto_aim_interfaces/share:/home/ubuntu-nuc/rc2_ws/install/meiling_control/share /usr/local/bin/cmake --install /home/ubuntu-nuc/rc2_ws/build/meiling_control
[8.895s] -- Install configuration: ""
[8.895s] -- Installing: /home/ubuntu-nuc/rc2_ws/install/meiling_control/lib/meiling_control/meiling_node
[8.898s] -- Set non-toolchain portion of runtime path of "/home/ubuntu-nuc/rc2_ws/install/meiling_control/lib/meiling_control/meiling_node" to ""
[8.898s] -- Up-to-date: /home/ubuntu-nuc/rc2_ws/install/meiling_control/share/meiling_control//launch
[8.898s] -- Installing: /home/ubuntu-nuc/rc2_ws/install/meiling_control/share/meiling_control//launch/meiling_launch.py
[8.898s] -- Up-to-date: /home/ubuntu-nuc/rc2_ws/install/meiling_control/share/ament_index/resource_index/package_run_dependencies/meiling_control
[8.898s] -- Up-to-date: /home/ubuntu-nuc/rc2_ws/install/meiling_control/share/ament_index/resource_index/parent_prefix_path/meiling_control
[8.898s] -- Up-to-date: /home/ubuntu-nuc/rc2_ws/install/meiling_control/share/meiling_control/environment/ament_prefix_path.sh
[8.898s] -- Installing: /home/ubuntu-nuc/rc2_ws/install/meiling_control/share/meiling_control/environment/ament_prefix_path.dsv
[8.899s] -- Up-to-date: /home/ubuntu-nuc/rc2_ws/install/meiling_control/share/meiling_control/environment/path.sh
[8.899s] -- Installing: /home/ubuntu-nuc/rc2_ws/install/meiling_control/share/meiling_control/environment/path.dsv
[8.899s] -- Up-to-date: /home/ubuntu-nuc/rc2_ws/install/meiling_control/share/meiling_control/local_setup.bash
[8.899s] -- Up-to-date: /home/ubuntu-nuc/rc2_ws/install/meiling_control/share/meiling_control/local_setup.sh
[8.899s] -- Up-to-date: /home/ubuntu-nuc/rc2_ws/install/meiling_control/share/meiling_control/local_setup.zsh
[8.899s] -- Installing: /home/ubuntu-nuc/rc2_ws/install/meiling_control/share/meiling_control/local_setup.dsv
[8.899s] -- Installing: /home/ubuntu-nuc/rc2_ws/install/meiling_control/share/meiling_control/package.dsv
[8.899s] -- Up-to-date: /home/ubuntu-nuc/rc2_ws/install/meiling_control/share/ament_index/resource_index/packages/meiling_control
[8.899s] -- Up-to-date: /home/ubuntu-nuc/rc2_ws/install/meiling_control/share/meiling_control/cmake/meiling_controlConfig.cmake
[8.899s] -- Up-to-date: /home/ubuntu-nuc/rc2_ws/install/meiling_control/share/meiling_control/cmake/meiling_controlConfig-version.cmake
[8.899s] -- Installing: /home/ubuntu-nuc/rc2_ws/install/meiling_control/share/meiling_control/package.xml
[8.900s] Invoked command in '/home/ubuntu-nuc/rc2_ws/build/meiling_control' returned '0': CMAKE_PREFIX_PATH=/home/ubuntu-nuc/rc2_ws/install/auto_aim_interfaces:/home/ubuntu-nuc/rc2_ws/install/pgo:/home/ubuntu-nuc/rc2_ws/install/meiling_control:/home/ubuntu-nuc/rc2_ws/install/localizer:/home/ubuntu-nuc/rc2_ws/install/fastlio2:/home/ubuntu-nuc/rc2_ws/install/livox_ros_driver2:/home/ubuntu-nuc/rc2_ws/install/hba:/home/ubuntu-nuc/rc2_ws/install/interface:/home/ubuntu-nuc/rc_ws/install/fast_lio:/home/ubuntu-nuc/rc_ws/install/livox_ros_driver2 LD_LIBRARY_PATH=/home/ubuntu-nuc/rc2_ws/install/auto_aim_interfaces/lib:/opt/MVS/lib/64:/opt/MVS/lib/32:/opt/MVS/lib/64:/opt/MVS/lib/32:/usr/lib/x86_64-linux-gnu:/home/ubuntu-nuc/rc2_ws/install/livox_sdk2/lib:/home/ubuntu-nuc/rc2_ws/install/livox_ros_driver2/lib:/home/ubuntu-nuc/rc2_ws/install/interface/lib:/home/ubuntu-nuc/rc_ws/install/fast_lio/lib:/home/ubuntu-nuc/rc_ws/install/livox_ros_driver2/lib:/usr/lib/x86_64-linux-gnu/gazebo-11/plugins:/opt/ros/humble/opt/rviz_ogre_vendor/lib:/opt/ros/humble/lib/x86_64-linux-gnu:/opt/ros/humble/opt/openvdb_vendor/lib:/opt/ros/humble/lib:/opt/MVS/lib/64:/opt/MVS/lib/32 PKG_CONFIG_PATH=/home/ubuntu-nuc/rc2_ws/install/auto_aim_interfaces/lib/x86_64-linux-gnu/pkgconfig:/home/ubuntu-nuc/rc2_ws/install/auto_aim_interfaces/lib/pkgconfig:/home/ubuntu-nuc/rc2_ws/install/meiling_control/lib/x86_64-linux-gnu/pkgconfig:/home/ubuntu-nuc/rc2_ws/install/meiling_control/lib/pkgconfig PYTHONPATH=/home/ubuntu-nuc/rc2_ws/install/auto_aim_interfaces/local/lib/python3.10/dist-packages:/home/ubuntu-nuc/rc2_ws/install/meiling_detect/lib/python3.10/site-packages:/home/ubuntu-nuc/rc2_ws/install/livox_ros_driver2/local/lib/python3.10/dist-packages:/home/ubuntu-nuc/rc2_ws/install/interface/local/lib/python3.10/dist-packages:/home/ubuntu-nuc/rc_ws/install/fast_lio/local/lib/python3.10/dist-packages:/home/ubuntu-nuc/rc_ws/install/livox_ros_driver2/local/lib/python3.10/dist-packages:/opt/ros/humble/lib/python3.10/site-packages:/opt/ros/humble/local/lib/python3.10/dist-packages ROS_PACKAGE_PATH=/home/ubuntu-nuc/rc2_ws/install/auto_aim_interfaces/share:/home/ubuntu-nuc/rc2_ws/install/meiling_control/share /usr/local/bin/cmake --install /home/ubuntu-nuc/rc2_ws/build/meiling_control
