[0.516s] Invoking command in '/home/ubuntu-nuc/rc2_ws/src/meiling_detect_debug': CMAKE_PREFIX_PATH=/home/ubuntu-nuc/rc2_ws/install/auto_aim_interfaces:/home/ubuntu-nuc/rc2_ws/install/pgo:/home/ubuntu-nuc/rc2_ws/install/meiling_control:/home/ubuntu-nuc/rc2_ws/install/localizer:/home/ubuntu-nuc/rc2_ws/install/fastlio2:/home/ubuntu-nuc/rc2_ws/install/livox_ros_driver2:/home/ubuntu-nuc/rc2_ws/install/hba:/home/ubuntu-nuc/rc2_ws/install/interface:/home/ubuntu-nuc/rc_ws/install/fast_lio:/home/ubuntu-nuc/rc_ws/install/livox_ros_driver2 LD_LIBRARY_PATH=/home/ubuntu-nuc/rc2_ws/install/auto_aim_interfaces/lib:/opt/MVS/lib/64:/opt/MVS/lib/32:/opt/MVS/lib/64:/opt/MVS/lib/32:/usr/lib/x86_64-linux-gnu:/home/ubuntu-nuc/rc2_ws/install/livox_sdk2/lib:/home/ubuntu-nuc/rc2_ws/install/livox_ros_driver2/lib:/home/ubuntu-nuc/rc2_ws/install/interface/lib:/home/ubuntu-nuc/rc_ws/install/fast_lio/lib:/home/ubuntu-nuc/rc_ws/install/livox_ros_driver2/lib:/usr/lib/x86_64-linux-gnu/gazebo-11/plugins:/opt/ros/humble/opt/rviz_ogre_vendor/lib:/opt/ros/humble/lib/x86_64-linux-gnu:/opt/ros/humble/opt/openvdb_vendor/lib:/opt/ros/humble/lib:/opt/MVS/lib/64:/opt/MVS/lib/32 PKG_CONFIG_PATH=/home/ubuntu-nuc/rc2_ws/install/auto_aim_interfaces/lib/x86_64-linux-gnu/pkgconfig:/home/ubuntu-nuc/rc2_ws/install/auto_aim_interfaces/lib/pkgconfig:/home/ubuntu-nuc/rc2_ws/install/meiling_control/lib/x86_64-linux-gnu/pkgconfig:/home/ubuntu-nuc/rc2_ws/install/meiling_control/lib/pkgconfig PYTHONPATH=/home/ubuntu-nuc/rc2_ws/build/meiling_detect_debug/prefix_override:/usr/lib/python3/dist-packages/colcon_core/task/python/colcon_distutils_commands:/home/ubuntu-nuc/rc2_ws/install/meiling_detect_debug/lib/python3.10/site-packages:/home/ubuntu-nuc/rc2_ws/install/auto_aim_interfaces/local/lib/python3.10/dist-packages:/home/ubuntu-nuc/rc2_ws/install/meiling_detect_debug/lib/python3.10/site-packages:/home/ubuntu-nuc/rc2_ws/install/meiling_detect/lib/python3.10/site-packages:/home/ubuntu-nuc/rc2_ws/install/livox_ros_driver2/local/lib/python3.10/dist-packages:/home/ubuntu-nuc/rc2_ws/install/interface/local/lib/python3.10/dist-packages:/home/ubuntu-nuc/rc_ws/install/fast_lio/local/lib/python3.10/dist-packages:/home/ubuntu-nuc/rc_ws/install/livox_ros_driver2/local/lib/python3.10/dist-packages:/opt/ros/humble/lib/python3.10/site-packages:/opt/ros/humble/local/lib/python3.10/dist-packages ROS_PACKAGE_PATH=/home/ubuntu-nuc/rc2_ws/install/auto_aim_interfaces/share:/home/ubuntu-nuc/rc2_ws/install/meiling_control/share /usr/bin/python3 -W ignore:setup.py install is deprecated -W ignore:easy_install command is deprecated setup.py egg_info --egg-base ../../build/meiling_detect_debug build --build-base /home/ubuntu-nuc/rc2_ws/build/meiling_detect_debug/build install --record /home/ubuntu-nuc/rc2_ws/build/meiling_detect_debug/install.log --install-scripts /lib/meiling_detect_debug --single-version-externally-managed install_data
[0.705s] /usr/lib/python3/dist-packages/setuptools/dist.py:723: UserWarning: Usage of dash-separated 'script-dir' will not be supported in future versions. Please use the underscore name 'script_dir' instead
[0.705s]   warnings.warn(
[0.711s] running egg_info
[0.712s] writing ../../build/meiling_detect_debug/meiling_detect_debug.egg-info/PKG-INFO
[0.712s] writing dependency_links to ../../build/meiling_detect_debug/meiling_detect_debug.egg-info/dependency_links.txt
[0.712s] writing entry points to ../../build/meiling_detect_debug/meiling_detect_debug.egg-info/entry_points.txt
[0.712s] writing requirements to ../../build/meiling_detect_debug/meiling_detect_debug.egg-info/requires.txt
[0.712s] writing top-level names to ../../build/meiling_detect_debug/meiling_detect_debug.egg-info/top_level.txt
[0.714s] reading manifest file '../../build/meiling_detect_debug/meiling_detect_debug.egg-info/SOURCES.txt'
[0.715s] writing manifest file '../../build/meiling_detect_debug/meiling_detect_debug.egg-info/SOURCES.txt'
[0.715s] running build
[0.715s] running build_py
[0.715s] copying meiling_detect_debug/__init__.py -> /home/ubuntu-nuc/rc2_ws/build/meiling_detect_debug/build/lib/meiling_detect_debug
[0.715s] copying meiling_detect_debug/detect_debug_panel.py -> /home/ubuntu-nuc/rc2_ws/build/meiling_detect_debug/build/lib/meiling_detect_debug
[0.715s] copying meiling_detect_debug/detect_node.py -> /home/ubuntu-nuc/rc2_ws/build/meiling_detect_debug/build/lib/meiling_detect_debug
[0.716s] creating /home/ubuntu-nuc/rc2_ws/build/meiling_detect_debug/build/lib/meiling_detect_debug/shibie_processor
[0.716s] copying meiling_detect_debug/shibie_processor/publisher.py -> /home/ubuntu-nuc/rc2_ws/build/meiling_detect_debug/build/lib/meiling_detect_debug/shibie_processor
[0.716s] copying meiling_detect_debug/shibie_processor/__init__.py -> /home/ubuntu-nuc/rc2_ws/build/meiling_detect_debug/build/lib/meiling_detect_debug/shibie_processor
[0.716s] copying meiling_detect_debug/shibie_processor/processor.py -> /home/ubuntu-nuc/rc2_ws/build/meiling_detect_debug/build/lib/meiling_detect_debug/shibie_processor
[0.716s] running install
[0.716s] running install_lib
[0.717s] creating /home/ubuntu-nuc/rc2_ws/install/meiling_detect_debug/lib/python3.10/site-packages/meiling_detect_debug/shibie_processor
[0.717s] copying /home/ubuntu-nuc/rc2_ws/build/meiling_detect_debug/build/lib/meiling_detect_debug/shibie_processor/publisher.py -> /home/ubuntu-nuc/rc2_ws/install/meiling_detect_debug/lib/python3.10/site-packages/meiling_detect_debug/shibie_processor
[0.717s] copying /home/ubuntu-nuc/rc2_ws/build/meiling_detect_debug/build/lib/meiling_detect_debug/shibie_processor/__init__.py -> /home/ubuntu-nuc/rc2_ws/install/meiling_detect_debug/lib/python3.10/site-packages/meiling_detect_debug/shibie_processor
[0.717s] copying /home/ubuntu-nuc/rc2_ws/build/meiling_detect_debug/build/lib/meiling_detect_debug/shibie_processor/processor.py -> /home/ubuntu-nuc/rc2_ws/install/meiling_detect_debug/lib/python3.10/site-packages/meiling_detect_debug/shibie_processor
[0.717s] copying /home/ubuntu-nuc/rc2_ws/build/meiling_detect_debug/build/lib/meiling_detect_debug/__init__.py -> /home/ubuntu-nuc/rc2_ws/install/meiling_detect_debug/lib/python3.10/site-packages/meiling_detect_debug
[0.717s] copying /home/ubuntu-nuc/rc2_ws/build/meiling_detect_debug/build/lib/meiling_detect_debug/detect_debug_panel.py -> /home/ubuntu-nuc/rc2_ws/install/meiling_detect_debug/lib/python3.10/site-packages/meiling_detect_debug
[0.717s] copying /home/ubuntu-nuc/rc2_ws/build/meiling_detect_debug/build/lib/meiling_detect_debug/detect_node.py -> /home/ubuntu-nuc/rc2_ws/install/meiling_detect_debug/lib/python3.10/site-packages/meiling_detect_debug
[0.718s] byte-compiling /home/ubuntu-nuc/rc2_ws/install/meiling_detect_debug/lib/python3.10/site-packages/meiling_detect_debug/shibie_processor/publisher.py to publisher.cpython-310.pyc
[0.718s] byte-compiling /home/ubuntu-nuc/rc2_ws/install/meiling_detect_debug/lib/python3.10/site-packages/meiling_detect_debug/shibie_processor/__init__.py to __init__.cpython-310.pyc
[0.719s] byte-compiling /home/ubuntu-nuc/rc2_ws/install/meiling_detect_debug/lib/python3.10/site-packages/meiling_detect_debug/shibie_processor/processor.py to processor.cpython-310.pyc
[0.720s] byte-compiling /home/ubuntu-nuc/rc2_ws/install/meiling_detect_debug/lib/python3.10/site-packages/meiling_detect_debug/__init__.py to __init__.cpython-310.pyc
[0.720s] byte-compiling /home/ubuntu-nuc/rc2_ws/install/meiling_detect_debug/lib/python3.10/site-packages/meiling_detect_debug/detect_debug_panel.py to detect_debug_panel.cpython-310.pyc
[0.721s] byte-compiling /home/ubuntu-nuc/rc2_ws/install/meiling_detect_debug/lib/python3.10/site-packages/meiling_detect_debug/detect_node.py to detect_node.cpython-310.pyc
[0.723s] running install_data
[0.723s] copying resource/meiling_detect_debug -> /home/ubuntu-nuc/rc2_ws/install/meiling_detect_debug/share/ament_index/resource_index/packages
[0.723s] copying package.xml -> /home/ubuntu-nuc/rc2_ws/install/meiling_detect_debug/share/meiling_detect_debug
[0.723s] copying launch/detect_launch.py -> /home/ubuntu-nuc/rc2_ws/install/meiling_detect_debug/share/meiling_detect_debug/launch
[0.723s] copying resource/v4.pt -> /home/ubuntu-nuc/rc2_ws/install/meiling_detect_debug/share/meiling_detect_debug/resource
[0.735s] running install_egg_info
[0.736s] removing '/home/ubuntu-nuc/rc2_ws/install/meiling_detect_debug/lib/python3.10/site-packages/meiling_detect_debug-0.0.1-py3.10.egg-info' (and everything under it)
[0.736s] Copying ../../build/meiling_detect_debug/meiling_detect_debug.egg-info to /home/ubuntu-nuc/rc2_ws/install/meiling_detect_debug/lib/python3.10/site-packages/meiling_detect_debug-0.0.1-py3.10.egg-info
[0.737s] running install_scripts
[0.753s] Installing detect_debug_node script to /lib/meiling_detect_debug
[0.753s] error: [Errno 13] Permission denied: '/lib/meiling_detect_debug'
[0.772s] Invoked command in '/home/ubuntu-nuc/rc2_ws/src/meiling_detect_debug' returned '1': CMAKE_PREFIX_PATH=/home/ubuntu-nuc/rc2_ws/install/auto_aim_interfaces:/home/ubuntu-nuc/rc2_ws/install/pgo:/home/ubuntu-nuc/rc2_ws/install/meiling_control:/home/ubuntu-nuc/rc2_ws/install/localizer:/home/ubuntu-nuc/rc2_ws/install/fastlio2:/home/ubuntu-nuc/rc2_ws/install/livox_ros_driver2:/home/ubuntu-nuc/rc2_ws/install/hba:/home/ubuntu-nuc/rc2_ws/install/interface:/home/ubuntu-nuc/rc_ws/install/fast_lio:/home/ubuntu-nuc/rc_ws/install/livox_ros_driver2 LD_LIBRARY_PATH=/home/ubuntu-nuc/rc2_ws/install/auto_aim_interfaces/lib:/opt/MVS/lib/64:/opt/MVS/lib/32:/opt/MVS/lib/64:/opt/MVS/lib/32:/usr/lib/x86_64-linux-gnu:/home/ubuntu-nuc/rc2_ws/install/livox_sdk2/lib:/home/ubuntu-nuc/rc2_ws/install/livox_ros_driver2/lib:/home/ubuntu-nuc/rc2_ws/install/interface/lib:/home/ubuntu-nuc/rc_ws/install/fast_lio/lib:/home/ubuntu-nuc/rc_ws/install/livox_ros_driver2/lib:/usr/lib/x86_64-linux-gnu/gazebo-11/plugins:/opt/ros/humble/opt/rviz_ogre_vendor/lib:/opt/ros/humble/lib/x86_64-linux-gnu:/opt/ros/humble/opt/openvdb_vendor/lib:/opt/ros/humble/lib:/opt/MVS/lib/64:/opt/MVS/lib/32 PKG_CONFIG_PATH=/home/ubuntu-nuc/rc2_ws/install/auto_aim_interfaces/lib/x86_64-linux-gnu/pkgconfig:/home/ubuntu-nuc/rc2_ws/install/auto_aim_interfaces/lib/pkgconfig:/home/ubuntu-nuc/rc2_ws/install/meiling_control/lib/x86_64-linux-gnu/pkgconfig:/home/ubuntu-nuc/rc2_ws/install/meiling_control/lib/pkgconfig PYTHONPATH=/home/ubuntu-nuc/rc2_ws/build/meiling_detect_debug/prefix_override:/usr/lib/python3/dist-packages/colcon_core/task/python/colcon_distutils_commands:/home/ubuntu-nuc/rc2_ws/install/meiling_detect_debug/lib/python3.10/site-packages:/home/ubuntu-nuc/rc2_ws/install/auto_aim_interfaces/local/lib/python3.10/dist-packages:/home/ubuntu-nuc/rc2_ws/install/meiling_detect_debug/lib/python3.10/site-packages:/home/ubuntu-nuc/rc2_ws/install/meiling_detect/lib/python3.10/site-packages:/home/ubuntu-nuc/rc2_ws/install/livox_ros_driver2/local/lib/python3.10/dist-packages:/home/ubuntu-nuc/rc2_ws/install/interface/local/lib/python3.10/dist-packages:/home/ubuntu-nuc/rc_ws/install/fast_lio/local/lib/python3.10/dist-packages:/home/ubuntu-nuc/rc_ws/install/livox_ros_driver2/local/lib/python3.10/dist-packages:/opt/ros/humble/lib/python3.10/site-packages:/opt/ros/humble/local/lib/python3.10/dist-packages ROS_PACKAGE_PATH=/home/ubuntu-nuc/rc2_ws/install/auto_aim_interfaces/share:/home/ubuntu-nuc/rc2_ws/install/meiling_control/share /usr/bin/python3 -W ignore:setup.py install is deprecated -W ignore:easy_install command is deprecated setup.py egg_info --egg-base ../../build/meiling_detect_debug build --build-base /home/ubuntu-nuc/rc2_ws/build/meiling_detect_debug/build install --record /home/ubuntu-nuc/rc2_ws/build/meiling_detect_debug/install.log --install-scripts /lib/meiling_detect_debug --single-version-externally-managed install_data
