[0mCMake Deprecation Warning at CMakeLists.txt:1 (cmake_minimum_required):
  Compatibility with CMake < 3.10 will be removed from a future version of
  CMake.

  Update the VERSION argument <min> value.  Or, use the <min>...<max> syntax
  to tell CMake that the project requires at least <min> but has been updated
  to work with policies introduced by <max> or earlier.

[0m
-- The C compiler identification is GNU 11.4.0
-- The CXX compiler identification is GNU 11.4.0
-- Detecting C compiler ABI info
-- Detecting C compiler ABI info - done
-- Check for working C compiler: /usr/bin/cc - skipped
-- Detecting C compile features
-- Detecting C compile features - done
-- Detecting CXX compiler ABI info
-- Detecting CXX compiler ABI info - done
-- Check for working CXX compiler: /usr/bin/c++ - skipped
-- Detecting CXX compile features
-- Detecting CXX compile features - done
-- Found ament_cmake: 1.3.12 (/opt/ros/humble/share/ament_cmake/cmake)
-- Found Python3: /usr/bin/python3 (found version "3.10.12") found components: Interpreter
-- Found rclcpp: 16.0.14 (/opt/ros/humble/share/rclcpp/cmake)
-- Found rosidl_generator_c: 3.1.7 (/opt/ros/humble/share/rosidl_generator_c/cmake)
-- Found rosidl_adapter: 3.1.7 (/opt/ros/humble/share/rosidl_adapter/cmake)
-- Found rosidl_generator_cpp: 3.1.8 (/opt/ros/humble/share/rosidl_generator_cpp/cmake)
-- Using all available rosidl_typesupport_c: rosidl_typesupport_fastrtps_c;rosidl_typesupport_introspection_c
-- Using all available rosidl_typesupport_cpp: rosidl_typesupport_fastrtps_cpp;rosidl_typesupport_introspection_cpp
-- Found rmw_implementation_cmake: 6.1.2 (/opt/ros/humble/share/rmw_implementation_cmake/cmake)
-- Found rmw_fastrtps_cpp: 6.2.8 (/opt/ros/humble/share/rmw_fastrtps_cpp/cmake)
-- Found OpenSSL: /usr/lib/x86_64-linux-gnu/libcrypto.so (found version "3.0.2")
-- Found FastRTPS: /opt/ros/humble/include
-- Using RMW implementation 'rmw_fastrtps_cpp' as default
-- Performing Test CMAKE_HAVE_LIBC_PTHREAD
-- Performing Test CMAKE_HAVE_LIBC_PTHREAD - Success
-- Found Threads: TRUE
-- Found tf2: 0.25.16 (/opt/ros/humble/share/tf2/cmake)
-- Found tf2_ros: 0.25.16 (/opt/ros/humble/share/tf2_ros/cmake)
-- Found nav_msgs: 4.9.0 (/opt/ros/humble/share/nav_msgs/cmake)
-- Found sensor_msgs: 4.9.0 (/opt/ros/humble/share/sensor_msgs/cmake)
-- Found livox_ros_driver2: 1.0.0 (/home/ubuntu-nuc/rc2_ws/install/livox_ros_driver2/share/livox_ros_driver2/cmake)
[33mCMake Warning (dev) at /usr/lib/x86_64-linux-gnu/cmake/pcl/PCLConfig.cmake:146 (find_package):
  Policy CMP0144 is not set: find_package uses upper-case <PACKAGENAME>_ROOT
  variables.  Run "cmake --help-policy CMP0144" for policy details.  Use the
  cmake_policy command to set the policy and suppress this warning.

  CMake variable EIGEN_ROOT is set to:

    /usr/include/eigen3

  For compatibility, find_package is ignoring the variable, but code in a
  .cmake module might still use it.
Call Stack (most recent call first):
  /usr/lib/x86_64-linux-gnu/cmake/pcl/PCLConfig.cmake:299 (find_eigen)
  /usr/lib/x86_64-linux-gnu/cmake/pcl/PCLConfig.cmake:543 (find_external_library)
  /opt/ros/humble/share/pcl_conversions/cmake/ament_cmake_export_dependencies-extras.cmake:21 (find_package)
  /opt/ros/humble/share/pcl_conversions/cmake/pcl_conversionsConfig.cmake:41 (include)
  /home/ubuntu-nuc/rc2_ws/install/livox_ros_driver2/share/livox_ros_driver2/cmake/ament_cmake_export_dependencies-extras.cmake:21 (find_package)
  /home/ubuntu-nuc/rc2_ws/install/livox_ros_driver2/share/livox_ros_driver2/cmake/livox_ros_driver2Config.cmake:41 (include)
  CMakeLists.txt:30 (find_package)
This warning is for project developers.  Use -Wno-dev to suppress it.
[0m
-- Checking for module 'eigen3'
--   Found eigen3, version 3.4.0
-- Found Eigen: /usr/include/eigen3 (Required is at least version "3.1")
-- Eigen found (include: /usr/include/eigen3, version: 3.4.0)
[33mCMake Warning (dev) at /usr/lib/x86_64-linux-gnu/cmake/pcl/PCLConfig.cmake:128 (find_package):
  Policy CMP0167 is not set: The FindBoost module is removed.  Run "cmake
  --help-policy CMP0167" for policy details.  Use the cmake_policy command to
  set the policy and suppress this warning.

Call Stack (most recent call first):
  /usr/lib/x86_64-linux-gnu/cmake/pcl/PCLConfig.cmake:297 (find_boost)
  /usr/lib/x86_64-linux-gnu/cmake/pcl/PCLConfig.cmake:543 (find_external_library)
  /opt/ros/humble/share/pcl_conversions/cmake/ament_cmake_export_dependencies-extras.cmake:21 (find_package)
  /opt/ros/humble/share/pcl_conversions/cmake/pcl_conversionsConfig.cmake:41 (include)
  /home/ubuntu-nuc/rc2_ws/install/livox_ros_driver2/share/livox_ros_driver2/cmake/ament_cmake_export_dependencies-extras.cmake:21 (find_package)
  /home/ubuntu-nuc/rc2_ws/install/livox_ros_driver2/share/livox_ros_driver2/cmake/livox_ros_driver2Config.cmake:41 (include)
  CMakeLists.txt:30 (find_package)
This warning is for project developers.  Use -Wno-dev to suppress it.
[0m
[33mCMake Warning (dev) at /usr/lib/x86_64-linux-gnu/cmake/pcl/Modules/FindFLANN.cmake:44 (find_package):
  Policy CMP0144 is not set: find_package uses upper-case <PACKAGENAME>_ROOT
  variables.  Run "cmake --help-policy CMP0144" for policy details.  Use the
  cmake_policy command to set the policy and suppress this warning.

  CMake variable FLANN_ROOT is set to:

    /usr

  For compatibility, find_package is ignoring the variable, but code in a
  .cmake module might still use it.
Call Stack (most recent call first):
  /usr/lib/x86_64-linux-gnu/cmake/pcl/PCLConfig.cmake:256 (find_package)
  /usr/lib/x86_64-linux-gnu/cmake/pcl/PCLConfig.cmake:301 (find_flann)
  /usr/lib/x86_64-linux-gnu/cmake/pcl/PCLConfig.cmake:543 (find_external_library)
  /opt/ros/humble/share/pcl_conversions/cmake/ament_cmake_export_dependencies-extras.cmake:21 (find_package)
  /opt/ros/humble/share/pcl_conversions/cmake/pcl_conversionsConfig.cmake:41 (include)
  /home/ubuntu-nuc/rc2_ws/install/livox_ros_driver2/share/livox_ros_driver2/cmake/ament_cmake_export_dependencies-extras.cmake:21 (find_package)
  /home/ubuntu-nuc/rc2_ws/install/livox_ros_driver2/share/livox_ros_driver2/cmake/livox_ros_driver2Config.cmake:41 (include)
  CMakeLists.txt:30 (find_package)
This warning is for project developers.  Use -Wno-dev to suppress it.
[0m
-- Checking for module 'flann'
--   Found flann, version 1.9.1
-- Found FLANN: /usr/lib/x86_64-linux-gnu/libflann_cpp.so
-- FLANN found (include: /usr/include, lib: /usr/lib/x86_64-linux-gnu/libflann_cpp.so)
-- Checking for module 'libusb-1.0'
--   Found libusb-1.0, version 1.0.25
-- Found libusb: /usr/lib/x86_64-linux-gnu/libusb-1.0.so
-- OpenNI found (version: 1.5.4.0, include: /usr/include/ni, lib: /usr/lib/libOpenNI.so;libusb::libusb)
-- OpenNI2 found (version: 2.2.0.33, include: /usr/include/openni2, lib: /usr/lib/x86_64-linux-gnu/libOpenNI2.so;libusb::libusb)
[33mCMake Warning (dev) at /usr/lib/x86_64-linux-gnu/cmake/pcl/PCLConfig.cmake:128 (find_package):
  Policy CMP0167 is not set: The FindBoost module is removed.  Run "cmake
  --help-policy CMP0167" for policy details.  Use the cmake_policy command to
  set the policy and suppress this warning.

Call Stack (most recent call first):
  /usr/lib/x86_64-linux-gnu/cmake/pcl/PCLConfig.cmake:297 (find_boost)
  /usr/lib/x86_64-linux-gnu/cmake/pcl/PCLConfig.cmake:543 (find_external_library)
  /opt/ros/humble/share/pcl_conversions/cmake/ament_cmake_export_dependencies-extras.cmake:21 (find_package)
  /opt/ros/humble/share/pcl_conversions/cmake/pcl_conversionsConfig.cmake:41 (include)
  /home/ubuntu-nuc/rc2_ws/install/livox_ros_driver2/share/livox_ros_driver2/cmake/ament_cmake_export_dependencies-extras.cmake:21 (find_package)
  /home/ubuntu-nuc/rc2_ws/install/livox_ros_driver2/share/livox_ros_driver2/cmake/livox_ros_driver2Config.cmake:41 (include)
  CMakeLists.txt:30 (find_package)
This warning is for project developers.  Use -Wno-dev to suppress it.
[0m
-- Eigen found (include: /usr/include/eigen3, version: 3.4.0)
-- OpenNI found (version: 1.5.4.0, include: /usr/include/ni, lib: /usr/lib/libOpenNI.so;libusb::libusb)
-- OpenNI2 found (version: 2.2.0.33, include: /usr/include/openni2, lib: /usr/lib/x86_64-linux-gnu/libOpenNI2.so;libusb::libusb)
-- Found Qhull version 8.0.2
-- OpenNI found (version: 1.5.4.0, include: /usr/include/ni, lib: /usr/lib/libOpenNI.so;libusb::libusb)
-- Found PCL_COMMON: /usr/lib/x86_64-linux-gnu/libpcl_common.so
-- Found PCL_KDTREE: /usr/lib/x86_64-linux-gnu/libpcl_kdtree.so
-- Found PCL_OCTREE: /usr/lib/x86_64-linux-gnu/libpcl_octree.so
-- Found PCL_SEARCH: /usr/lib/x86_64-linux-gnu/libpcl_search.so
-- Found PCL_SAMPLE_CONSENSUS: /usr/lib/x86_64-linux-gnu/libpcl_sample_consensus.so
-- Found PCL_FILTERS: /usr/lib/x86_64-linux-gnu/libpcl_filters.so
-- Found PCL_2D: /usr/include/pcl-1.12
-- Found PCL_GEOMETRY: /usr/include/pcl-1.12
-- Found PCL_IO: /usr/lib/x86_64-linux-gnu/libpcl_io.so
-- Found PCL_FEATURES: /usr/lib/x86_64-linux-gnu/libpcl_features.so
-- Found PCL_ML: /usr/lib/x86_64-linux-gnu/libpcl_ml.so
-- Found PCL_SEGMENTATION: /usr/lib/x86_64-linux-gnu/libpcl_segmentation.so
-- Found PCL_VISUALIZATION: /usr/lib/x86_64-linux-gnu/libpcl_visualization.so
-- Found PCL_SURFACE: /usr/lib/x86_64-linux-gnu/libpcl_surface.so
-- Found PCL_REGISTRATION: /usr/lib/x86_64-linux-gnu/libpcl_registration.so
-- Found PCL_KEYPOINTS: /usr/lib/x86_64-linux-gnu/libpcl_keypoints.so
-- Found PCL_TRACKING: /usr/lib/x86_64-linux-gnu/libpcl_tracking.so
-- Found PCL_RECOGNITION: /usr/lib/x86_64-linux-gnu/libpcl_recognition.so
-- Found PCL_STEREO: /usr/lib/x86_64-linux-gnu/libpcl_stereo.so
-- Found PCL_APPS: /usr/lib/x86_64-linux-gnu/libpcl_apps.so
-- Found PCL_IN_HAND_SCANNER: /usr/include/pcl-1.12
-- Found PCL_MODELER: /usr/include/pcl-1.12
-- Found PCL_POINT_CLOUD_EDITOR: /usr/include/pcl-1.12
-- Found PCL_OUTOFCORE: /usr/lib/x86_64-linux-gnu/libpcl_outofcore.so
-- Found PCL_PEOPLE: /usr/lib/x86_64-linux-gnu/libpcl_people.so
[33mCMake Warning (dev) at CMakeLists.txt:35 (find_package):
  Policy CMP0074 is not set: find_package uses <PackageName>_ROOT variables.
  Run "cmake --help-policy CMP0074" for policy details.  Use the cmake_policy
  command to set the policy and suppress this warning.

  CMake variable PCL_ROOT is set to:

    /usr

  For compatibility, CMake is ignoring the variable.
This warning is for project developers.  Use -Wno-dev to suppress it.
[0m
-- Found ament_lint_auto: 0.12.14 (/opt/ros/humble/share/ament_lint_auto/cmake)
-- Added test 'cppcheck' to perform static code analysis on C / C++ code
-- Configured cppcheck include dirs: 
-- Configured cppcheck exclude dirs and/or files: 
-- Added test 'flake8' to check Python code syntax and style conventions
-- Added test 'lint_cmake' to check CMake code style
-- Added test 'pep257' to check Python code against some of the docstring style conventions in PEP 257
-- Added test 'uncrustify' to check C / C++ code style
-- Configured uncrustify additional arguments: 
-- Added test 'xmllint' to check XML markup files
-- Configuring done (11.0s)
-- Generating done (0.1s)
[33mCMake Warning:
  Manually-specified variables were not used by the project:

    DISTRO_ROS
    ROS_EDITION

[0m
-- Build files have been written to: /home/ubuntu-nuc/rc2_ws/build/fastlio2
[ 11%] [32mBuilding CXX object CMakeFiles/lio_node.dir/src/lio_node.cpp.o[0m
[ 22%] [32mBuilding CXX object CMakeFiles/lio_node.dir/src/utils.cpp.o[0m
[ 33%] [32mBuilding CXX object CMakeFiles/lio_node.dir/src/map_builder/map_builder.cpp.o[0m
[ 66%] [32mBuilding CXX object CMakeFiles/lio_node.dir/src/map_builder/ikd_Tree.cpp.o[0m
[ 66%] [32mBuilding CXX object CMakeFiles/lio_node.dir/src/map_builder/lidar_processor.cpp.o[0m
[ 66%] [32mBuilding CXX object CMakeFiles/lio_node.dir/src/map_builder/imu_processor.cpp.o[0m
/home/ubuntu-nuc/rc2_ws/src/FASTLIO2_ROS2/fastlio2/src/map_builder/ikd_Tree.cpp: In instantiation of ‘[01m[Kvoid KD_TREE<PointType>::multi_thread_rebuild() [with PointType = pcl::PointXYZ][m[K’:
[01m[K/home/ubuntu-nuc/rc2_ws/src/FASTLIO2_ROS2/fastlio2/src/map_builder/ikd_Tree.cpp:1730:16:[m[K   required from here
[01m[K/home/ubuntu-nuc/rc2_ws/src/FASTLIO2_ROS2/fastlio2/src/map_builder/ikd_Tree.cpp:329:17:[m[K [01;35m[Kwarning: [m[Kunused variable ‘[01m[Kvalid_old[m[K’ [[01;35m[K-Wunused-variable[m[K]
  329 |             int [01;35m[Kvalid_old[m[K = old_root_node->TreeSize - old_root_node->invalid_point_num;
      |                 [01;35m[K^~~~~~~~~[m[K
[01m[K/home/ubuntu-nuc/rc2_ws/src/FASTLIO2_ROS2/fastlio2/src/map_builder/ikd_Tree.cpp:330:17:[m[K [01;35m[Kwarning: [m[Kunused variable ‘[01m[Kvalid_new[m[K’ [[01;35m[K-Wunused-variable[m[K]
  330 |             int [01;35m[Kvalid_new[m[K = new_root_node->TreeSize - new_root_node->invalid_point_num;
      |                 [01;35m[K^~~~~~~~~[m[K
[01m[K/home/ubuntu-nuc/rc2_ws/src/FASTLIO2_ROS2/fastlio2/src/map_builder/ikd_Tree.cpp:231:33:[m[K [01;35m[Kwarning: [m[Kunused variable ‘[01m[Knew_node_ptr[m[K’ [[01;35m[K-Wunused-variable[m[K]
  231 |     KD_TREE_NODE *father_ptr, **[01;35m[Knew_node_ptr[m[K;
      |                                 [01;35m[K^~~~~~~~~~~~[m[K
/home/ubuntu-nuc/rc2_ws/src/FASTLIO2_ROS2/fastlio2/src/map_builder/ikd_Tree.cpp: In instantiation of ‘[01m[Kvoid KD_TREE<PointType>::Rebuild(KD_TREE<PointType>::KD_TREE_NODE**) [with PointType = pcl::PointXYZ][m[K’:
[01m[K/home/ubuntu-nuc/rc2_ws/src/FASTLIO2_ROS2/fastlio2/src/map_builder/ikd_Tree.cpp:1730:16:[m[K   required from here
[01m[K/home/ubuntu-nuc/rc2_ws/src/FASTLIO2_ROS2/fastlio2/src/map_builder/ikd_Tree.cpp:751:13:[m[K [01;35m[Kwarning: [m[Kunused variable ‘[01m[Ksize_rec[m[K’ [[01;35m[K-Wunused-variable[m[K]
  751 |         int [01;35m[Ksize_rec[m[K = (*root)->TreeSize;
      |             [01;35m[K^~~~~~~~[m[K
/home/ubuntu-nuc/rc2_ws/src/FASTLIO2_ROS2/fastlio2/src/map_builder/ikd_Tree.cpp: In instantiation of ‘[01m[Kint KD_TREE<PointType>::Delete_by_range(KD_TREE<PointType>::KD_TREE_NODE**, BoxPointType, bool, bool) [with PointType = pcl::PointXYZ][m[K’:
[01m[K/home/ubuntu-nuc/rc2_ws/src/FASTLIO2_ROS2/fastlio2/src/map_builder/ikd_Tree.cpp:1730:16:[m[K   required from here
[01m[K/home/ubuntu-nuc/rc2_ws/src/FASTLIO2_ROS2/fastlio2/src/map_builder/ikd_Tree.cpp:802:21:[m[K [01;35m[Kwarning: [m[Kunused variable ‘[01m[KTimeout[m[K’ [[01;35m[K-Wunused-variable[m[K]
  802 |     struct timespec [01;35m[KTimeout[m[K;
      |                     [01;35m[K^~~~~~~[m[K
/home/ubuntu-nuc/rc2_ws/src/FASTLIO2_ROS2/fastlio2/src/map_builder/ikd_Tree.cpp: In instantiation of ‘[01m[Kvoid KD_TREE<PointType>::Delete_by_point(KD_TREE<PointType>::KD_TREE_NODE**, PointType, bool) [with PointType = pcl::PointXYZ][m[K’:
[01m[K/home/ubuntu-nuc/rc2_ws/src/FASTLIO2_ROS2/fastlio2/src/map_builder/ikd_Tree.cpp:1730:16:[m[K   required from here
[01m[K/home/ubuntu-nuc/rc2_ws/src/FASTLIO2_ROS2/fastlio2/src/map_builder/ikd_Tree.cpp:867:21:[m[K [01;35m[Kwarning: [m[Kunused variable ‘[01m[KTimeout[m[K’ [[01;35m[K-Wunused-variable[m[K]
  867 |     struct timespec [01;35m[KTimeout[m[K;
      |                     [01;35m[K^~~~~~~[m[K
/home/ubuntu-nuc/rc2_ws/src/FASTLIO2_ROS2/fastlio2/src/map_builder/ikd_Tree.cpp: In instantiation of ‘[01m[Kvoid KD_TREE<PointType>::Add_by_point(KD_TREE<PointType>::KD_TREE_NODE**, PointType, bool, int) [with PointType = pcl::PointXYZ][m[K’:
[01m[K/home/ubuntu-nuc/rc2_ws/src/FASTLIO2_ROS2/fastlio2/src/map_builder/ikd_Tree.cpp:1730:16:[m[K   required from here
[01m[K/home/ubuntu-nuc/rc2_ws/src/FASTLIO2_ROS2/fastlio2/src/map_builder/ikd_Tree.cpp:1006:21:[m[K [01;35m[Kwarning: [m[Kunused variable ‘[01m[KTimeout[m[K’ [[01;35m[K-Wunused-variable[m[K]
 1006 |     struct timespec [01;35m[KTimeout[m[K;
      |                     [01;35m[K^~~~~~~[m[K
/home/ubuntu-nuc/rc2_ws/src/FASTLIO2_ROS2/fastlio2/src/map_builder/ikd_Tree.cpp: In instantiation of ‘[01m[Kvoid KD_TREE<PointType>::Add_by_range(KD_TREE<PointType>::KD_TREE_NODE**, BoxPointType, bool) [with PointType = pcl::PointXYZ][m[K’:
[01m[K/home/ubuntu-nuc/rc2_ws/src/FASTLIO2_ROS2/fastlio2/src/map_builder/ikd_Tree.cpp:1730:16:[m[K   required from here
[01m[K/home/ubuntu-nuc/rc2_ws/src/FASTLIO2_ROS2/fastlio2/src/map_builder/ikd_Tree.cpp:946:21:[m[K [01;35m[Kwarning: [m[Kunused variable ‘[01m[KTimeout[m[K’ [[01;35m[K-Wunused-variable[m[K]
  946 |     struct timespec [01;35m[KTimeout[m[K;
      |                     [01;35m[K^~~~~~~[m[K
/home/ubuntu-nuc/rc2_ws/src/FASTLIO2_ROS2/fastlio2/src/map_builder/ikd_Tree.cpp: In instantiation of ‘[01m[Kvoid KD_TREE<PointType>::Search(KD_TREE<PointType>::KD_TREE_NODE*, int, PointType, KD_TREE<PointType>::MANUAL_HEAP&, float) [with PointType = pcl::PointXYZ][m[K’:
[01m[K/home/ubuntu-nuc/rc2_ws/src/FASTLIO2_ROS2/fastlio2/src/map_builder/ikd_Tree.cpp:1730:16:[m[K   required from here
[01m[K/home/ubuntu-nuc/rc2_ws/src/FASTLIO2_ROS2/fastlio2/src/map_builder/ikd_Tree.cpp:1097:63:[m[K [01;35m[Kwarning: [m[Ksuggest parentheses around ‘[01m[K&&[m[K’ within ‘[01m[K||[m[K’ [[01;35m[K-Wparentheses[m[K]
 1097 |     if (q.size() < k_nearest || [01;35m[Kdist_left_node < q.top().dist && dist_right_node < q.top().dist[m[K)
      |                                 [01;35m[K~~~~~~~~~~~~~~~~~~~~~~~~~~~~~~^~~~~~~~~~~~~~~~~~~~~~~~~~~~~~~~~[m[K
[01m[K/home/ubuntu-nuc/rc2_ws/src/FASTLIO2_ROS2/fastlio2/src/map_builder/ikd_Tree.cpp:1094:9:[m[K [01;35m[Kwarning: [m[Kunused variable ‘[01m[Kcur_search_counter[m[K’ [[01;35m[K-Wunused-variable[m[K]
 1094 |     int [01;35m[Kcur_search_counter[m[K;
      |         [01;35m[K^~~~~~~~~~~~~~~~~~[m[K
/home/ubuntu-nuc/rc2_ws/src/FASTLIO2_ROS2/fastlio2/src/map_builder/ikd_Tree.cpp: In instantiation of ‘[01m[Kint KD_TREE<PointType>::Add_Points(KD_TREE<PointType>::PointVector&, bool) [with PointType = pcl::PointXYZ; KD_TREE<PointType>::PointVector = std::vector<pcl::PointXYZ, Eigen::aligned_allocator<pcl::PointXYZ> >][m[K’:
[01m[K/home/ubuntu-nuc/rc2_ws/src/FASTLIO2_ROS2/fastlio2/src/map_builder/ikd_Tree.cpp:1730:16:[m[K   required from here
[01m[K/home/ubuntu-nuc/rc2_ws/src/FASTLIO2_ROS2/fastlio2/src/map_builder/ikd_Tree.cpp:485:23:[m[K [01;35m[Kwarning: [m[Kcomparison of integer expressions of different signedness: ‘[01m[Kint[m[K’ and ‘[01m[Kstd::vector<pcl::PointXYZ, Eigen::aligned_allocator<pcl::PointXYZ> >::size_type[m[K’ {aka ‘[01m[Klong unsigned int[m[K’} [[01;35m[K-Wsign-compare[m[K]
  485 |     for (int i = 0; [01;35m[Ki < PointToAdd.size()[m[K; i++)
      |                     [01;35m[K~~^~~~~~~~~~~~~~~~~~~[m[K
[01m[K/home/ubuntu-nuc/rc2_ws/src/FASTLIO2_ROS2/fastlio2/src/map_builder/ikd_Tree.cpp:502:39:[m[K [01;35m[Kwarning: [m[Kcomparison of integer expressions of different signedness: ‘[01m[Kint[m[K’ and ‘[01m[Kstd::vector<pcl::PointXYZ, Eigen::aligned_allocator<pcl::PointXYZ> >::size_type[m[K’ {aka ‘[01m[Klong unsigned int[m[K’} [[01;35m[K-Wsign-compare[m[K]
  502 |             for (int index = 0; [01;35m[Kindex < Downsample_Storage.size()[m[K; index++)
      |                                 [01;35m[K~~~~~~^~~~~~~~~~~~~~~~~~~~~~~~~~~[m[K
[01m[K/home/ubuntu-nuc/rc2_ws/src/FASTLIO2_ROS2/fastlio2/src/map_builder/ikd_Tree.cpp:478:9:[m[K [01;35m[Kwarning: [m[Kunused variable ‘[01m[KNewPointSize[m[K’ [[01;35m[K-Wunused-variable[m[K]
  478 |     int [01;35m[KNewPointSize[m[K = PointToAdd.size();
      |         [01;35m[K^~~~~~~~~~~~[m[K
[01m[K/home/ubuntu-nuc/rc2_ws/src/FASTLIO2_ROS2/fastlio2/src/map_builder/ikd_Tree.cpp:479:9:[m[K [01;35m[Kwarning: [m[Kunused variable ‘[01m[Ktree_size[m[K’ [[01;35m[K-Wunused-variable[m[K]
  479 |     int [01;35m[Ktree_size[m[K = size();
      |         [01;35m[K^~~~~~~~~[m[K
/home/ubuntu-nuc/rc2_ws/src/FASTLIO2_ROS2/fastlio2/src/map_builder/ikd_Tree.cpp: In instantiation of ‘[01m[Kvoid KD_TREE<PointType>::Add_Point_Boxes(std::vector<BoxPointType>&) [with PointType = pcl::PointXYZ][m[K’:
[01m[K/home/ubuntu-nuc/rc2_ws/src/FASTLIO2_ROS2/fastlio2/src/map_builder/ikd_Tree.cpp:1730:16:[m[K   required from here
[01m[K/home/ubuntu-nuc/rc2_ws/src/FASTLIO2_ROS2/fastlio2/src/map_builder/ikd_Tree.cpp:576:23:[m[K [01;35m[Kwarning: [m[Kcomparison of integer expressions of different signedness: ‘[01m[Kint[m[K’ and ‘[01m[Kstd::vector<BoxPointType>::size_type[m[K’ {aka ‘[01m[Klong unsigned int[m[K’} [[01;35m[K-Wsign-compare[m[K]
  576 |     for (int i = 0; [01;35m[Ki < BoxPoints.size()[m[K; i++)
      |                     [01;35m[K~~^~~~~~~~~~~~~~~~~~[m[K
/home/ubuntu-nuc/rc2_ws/src/FASTLIO2_ROS2/fastlio2/src/map_builder/ikd_Tree.cpp: In instantiation of ‘[01m[Kvoid KD_TREE<PointType>::Delete_Points(KD_TREE<PointType>::PointVector&) [with PointType = pcl::PointXYZ; KD_TREE<PointType>::PointVector = std::vector<pcl::PointXYZ, Eigen::aligned_allocator<pcl::PointXYZ> >][m[K’:
[01m[K/home/ubuntu-nuc/rc2_ws/src/FASTLIO2_ROS2/fastlio2/src/map_builder/ikd_Tree.cpp:1730:16:[m[K   required from here
[01m[K/home/ubuntu-nuc/rc2_ws/src/FASTLIO2_ROS2/fastlio2/src/map_builder/ikd_Tree.cpp:604:23:[m[K [01;35m[Kwarning: [m[Kcomparison of integer expressions of different signedness: ‘[01m[Kint[m[K’ and ‘[01m[Kstd::vector<pcl::PointXYZ, Eigen::aligned_allocator<pcl::PointXYZ> >::size_type[m[K’ {aka ‘[01m[Klong unsigned int[m[K’} [[01;35m[K-Wsign-compare[m[K]
  604 |     for (int i = 0; [01;35m[Ki < PointToDel.size()[m[K; i++)
      |                     [01;35m[K~~^~~~~~~~~~~~~~~~~~~[m[K
/home/ubuntu-nuc/rc2_ws/src/FASTLIO2_ROS2/fastlio2/src/map_builder/ikd_Tree.cpp: In instantiation of ‘[01m[Kint KD_TREE<PointType>::Delete_Point_Boxes(std::vector<BoxPointType>&) [with PointType = pcl::PointXYZ][m[K’:
[01m[K/home/ubuntu-nuc/rc2_ws/src/FASTLIO2_ROS2/fastlio2/src/map_builder/ikd_Tree.cpp:1730:16:[m[K   required from here
[01m[K/home/ubuntu-nuc/rc2_ws/src/FASTLIO2_ROS2/fastlio2/src/map_builder/ikd_Tree.cpp:633:23:[m[K [01;35m[Kwarning: [m[Kcomparison of integer expressions of different signedness: ‘[01m[Kint[m[K’ and ‘[01m[Kstd::vector<BoxPointType>::size_type[m[K’ {aka ‘[01m[Klong unsigned int[m[K’} [[01;35m[K-Wsign-compare[m[K]
  633 |     for (int i = 0; [01;35m[Ki < BoxPoints.size()[m[K; i++)
      |                     [01;35m[K~~^~~~~~~~~~~~~~~~~~[m[K
/home/ubuntu-nuc/rc2_ws/src/FASTLIO2_ROS2/fastlio2/src/map_builder/ikd_Tree.cpp: In instantiation of ‘[01m[Kvoid KD_TREE<PointType>::acquire_removed_points(KD_TREE<PointType>::PointVector&) [with PointType = pcl::PointXYZ; KD_TREE<PointType>::PointVector = std::vector<pcl::PointXYZ, Eigen::aligned_allocator<pcl::PointXYZ> >][m[K’:
[01m[K/home/ubuntu-nuc/rc2_ws/src/FASTLIO2_ROS2/fastlio2/src/map_builder/ikd_Tree.cpp:1730:16:[m[K   required from here
[01m[K/home/ubuntu-nuc/rc2_ws/src/FASTLIO2_ROS2/fastlio2/src/map_builder/ikd_Tree.cpp:662:23:[m[K [01;35m[Kwarning: [m[Kcomparison of integer expressions of different signedness: ‘[01m[Kint[m[K’ and ‘[01m[Kstd::vector<pcl::PointXYZ, Eigen::aligned_allocator<pcl::PointXYZ> >::size_type[m[K’ {aka ‘[01m[Klong unsigned int[m[K’} [[01;35m[K-Wsign-compare[m[K]
  662 |     for (int i = 0; [01;35m[Ki < Points_deleted.size()[m[K; i++)
      |                     [01;35m[K~~^~~~~~~~~~~~~~~~~~~~~~~[m[K
[01m[K/home/ubuntu-nuc/rc2_ws/src/FASTLIO2_ROS2/fastlio2/src/map_builder/ikd_Tree.cpp:666:23:[m[K [01;35m[Kwarning: [m[Kcomparison of integer expressions of different signedness: ‘[01m[Kint[m[K’ and ‘[01m[Kstd::vector<pcl::PointXYZ, Eigen::aligned_allocator<pcl::PointXYZ> >::size_type[m[K’ {aka ‘[01m[Klong unsigned int[m[K’} [[01;35m[K-Wsign-compare[m[K]
  666 |     for (int i = 0; [01;35m[Ki < Multithread_Points_deleted.size()[m[K; i++)
      |                     [01;35m[K~~^~~~~~~~~~~~~~~~~~~~~~~~~~~~~~~~~~~[m[K
/home/ubuntu-nuc/rc2_ws/src/FASTLIO2_ROS2/fastlio2/src/map_builder/ikd_Tree.cpp: In instantiation of ‘[01m[Kvoid KD_TREE<PointType>::multi_thread_rebuild() [with PointType = pcl::PointXYZI][m[K’:
[01m[K/home/ubuntu-nuc/rc2_ws/src/FASTLIO2_ROS2/fastlio2/src/map_builder/ikd_Tree.cpp:1731:16:[m[K   required from here
[01m[K/home/ubuntu-nuc/rc2_ws/src/FASTLIO2_ROS2/fastlio2/src/map_builder/ikd_Tree.cpp:329:17:[m[K [01;35m[Kwarning: [m[Kunused variable ‘[01m[Kvalid_old[m[K’ [[01;35m[K-Wunused-variable[m[K]
  329 |             int [01;35m[Kvalid_old[m[K = old_root_node->TreeSize - old_root_node->invalid_point_num;
      |                 [01;35m[K^~~~~~~~~[m[K
[01m[K/home/ubuntu-nuc/rc2_ws/src/FASTLIO2_ROS2/fastlio2/src/map_builder/ikd_Tree.cpp:330:17:[m[K [01;35m[Kwarning: [m[Kunused variable ‘[01m[Kvalid_new[m[K’ [[01;35m[K-Wunused-variable[m[K]
  330 |             int [01;35m[Kvalid_new[m[K = new_root_node->TreeSize - new_root_node->invalid_point_num;
      |                 [01;35m[K^~~~~~~~~[m[K
[01m[K/home/ubuntu-nuc/rc2_ws/src/FASTLIO2_ROS2/fastlio2/src/map_builder/ikd_Tree.cpp:231:33:[m[K [01;35m[Kwarning: [m[Kunused variable ‘[01m[Knew_node_ptr[m[K’ [[01;35m[K-Wunused-variable[m[K]
  231 |     KD_TREE_NODE *father_ptr, **[01;35m[Knew_node_ptr[m[K;
      |                                 [01;35m[K^~~~~~~~~~~~[m[K
/home/ubuntu-nuc/rc2_ws/src/FASTLIO2_ROS2/fastlio2/src/map_builder/ikd_Tree.cpp: In instantiation of ‘[01m[Kvoid KD_TREE<PointType>::Rebuild(KD_TREE<PointType>::KD_TREE_NODE**) [with PointType = pcl::PointXYZI][m[K’:
[01m[K/home/ubuntu-nuc/rc2_ws/src/FASTLIO2_ROS2/fastlio2/src/map_builder/ikd_Tree.cpp:1731:16:[m[K   required from here
[01m[K/home/ubuntu-nuc/rc2_ws/src/FASTLIO2_ROS2/fastlio2/src/map_builder/ikd_Tree.cpp:751:13:[m[K [01;35m[Kwarning: [m[Kunused variable ‘[01m[Ksize_rec[m[K’ [[01;35m[K-Wunused-variable[m[K]
  751 |         int [01;35m[Ksize_rec[m[K = (*root)->TreeSize;
      |             [01;35m[K^~~~~~~~[m[K
/home/ubuntu-nuc/rc2_ws/src/FASTLIO2_ROS2/fastlio2/src/map_builder/ikd_Tree.cpp: In instantiation of ‘[01m[Kint KD_TREE<PointType>::Delete_by_range(KD_TREE<PointType>::KD_TREE_NODE**, BoxPointType, bool, bool) [with PointType = pcl::PointXYZI][m[K’:
[01m[K/home/ubuntu-nuc/rc2_ws/src/FASTLIO2_ROS2/fastlio2/src/map_builder/ikd_Tree.cpp:1731:16:[m[K   required from here
[01m[K/home/ubuntu-nuc/rc2_ws/src/FASTLIO2_ROS2/fastlio2/src/map_builder/ikd_Tree.cpp:802:21:[m[K [01;35m[Kwarning: [m[Kunused variable ‘[01m[KTimeout[m[K’ [[01;35m[K-Wunused-variable[m[K]
  802 |     struct timespec [01;35m[KTimeout[m[K;
      |                     [01;35m[K^~~~~~~[m[K
/home/ubuntu-nuc/rc2_ws/src/FASTLIO2_ROS2/fastlio2/src/map_builder/ikd_Tree.cpp: In instantiation of ‘[01m[Kvoid KD_TREE<PointType>::Delete_by_point(KD_TREE<PointType>::KD_TREE_NODE**, PointType, bool) [with PointType = pcl::PointXYZI][m[K’:
[01m[K/home/ubuntu-nuc/rc2_ws/src/FASTLIO2_ROS2/fastlio2/src/map_builder/ikd_Tree.cpp:1731:16:[m[K   required from here
[01m[K/home/ubuntu-nuc/rc2_ws/src/FASTLIO2_ROS2/fastlio2/src/map_builder/ikd_Tree.cpp:867:21:[m[K [01;35m[Kwarning: [m[Kunused variable ‘[01m[KTimeout[m[K’ [[01;35m[K-Wunused-variable[m[K]
  867 |     struct timespec [01;35m[KTimeout[m[K;
      |                     [01;35m[K^~~~~~~[m[K
/home/ubuntu-nuc/rc2_ws/src/FASTLIO2_ROS2/fastlio2/src/map_builder/ikd_Tree.cpp: In instantiation of ‘[01m[Kvoid KD_TREE<PointType>::Add_by_point(KD_TREE<PointType>::KD_TREE_NODE**, PointType, bool, int) [with PointType = pcl::PointXYZI][m[K’:
[01m[K/home/ubuntu-nuc/rc2_ws/src/FASTLIO2_ROS2/fastlio2/src/map_builder/ikd_Tree.cpp:1731:16:[m[K   required from here
[01m[K/home/ubuntu-nuc/rc2_ws/src/FASTLIO2_ROS2/fastlio2/src/map_builder/ikd_Tree.cpp:1006:21:[m[K [01;35m[Kwarning: [m[Kunused variable ‘[01m[KTimeout[m[K’ [[01;35m[K-Wunused-variable[m[K]
 1006 |     struct timespec [01;35m[KTimeout[m[K;
      |                     [01;35m[K^~~~~~~[m[K
/home/ubuntu-nuc/rc2_ws/src/FASTLIO2_ROS2/fastlio2/src/map_builder/ikd_Tree.cpp: In instantiation of ‘[01m[Kvoid KD_TREE<PointType>::Add_by_range(KD_TREE<PointType>::KD_TREE_NODE**, BoxPointType, bool) [with PointType = pcl::PointXYZI][m[K’:
[01m[K/home/ubuntu-nuc/rc2_ws/src/FASTLIO2_ROS2/fastlio2/src/map_builder/ikd_Tree.cpp:1731:16:[m[K   required from here
[01m[K/home/ubuntu-nuc/rc2_ws/src/FASTLIO2_ROS2/fastlio2/src/map_builder/ikd_Tree.cpp:946:21:[m[K [01;35m[Kwarning: [m[Kunused variable ‘[01m[KTimeout[m[K’ [[01;35m[K-Wunused-variable[m[K]
  946 |     struct timespec [01;35m[KTimeout[m[K;
      |                     [01;35m[K^~~~~~~[m[K
/home/ubuntu-nuc/rc2_ws/src/FASTLIO2_ROS2/fastlio2/src/map_builder/ikd_Tree.cpp: In instantiation of ‘[01m[Kvoid KD_TREE<PointType>::Search(KD_TREE<PointType>::KD_TREE_NODE*, int, PointType, KD_TREE<PointType>::MANUAL_HEAP&, float) [with PointType = pcl::PointXYZI][m[K’:
[01m[K/home/ubuntu-nuc/rc2_ws/src/FASTLIO2_ROS2/fastlio2/src/map_builder/ikd_Tree.cpp:1731:16:[m[K   required from here
[01m[K/home/ubuntu-nuc/rc2_ws/src/FASTLIO2_ROS2/fastlio2/src/map_builder/ikd_Tree.cpp:1097:63:[m[K [01;35m[Kwarning: [m[Ksuggest parentheses around ‘[01m[K&&[m[K’ within ‘[01m[K||[m[K’ [[01;35m[K-Wparentheses[m[K]
 1097 |     if (q.size() < k_nearest || [01;35m[Kdist_left_node < q.top().dist && dist_right_node < q.top().dist[m[K)
      |                                 [01;35m[K~~~~~~~~~~~~~~~~~~~~~~~~~~~~~~^~~~~~~~~~~~~~~~~~~~~~~~~~~~~~~~~[m[K
[01m[K/home/ubuntu-nuc/rc2_ws/src/FASTLIO2_ROS2/fastlio2/src/map_builder/ikd_Tree.cpp:1094:9:[m[K [01;35m[Kwarning: [m[Kunused variable ‘[01m[Kcur_search_counter[m[K’ [[01;35m[K-Wunused-variable[m[K]
 1094 |     int [01;35m[Kcur_search_counter[m[K;
      |         [01;35m[K^~~~~~~~~~~~~~~~~~[m[K
/home/ubuntu-nuc/rc2_ws/src/FASTLIO2_ROS2/fastlio2/src/map_builder/ikd_Tree.cpp: In instantiation of ‘[01m[Kint KD_TREE<PointType>::Add_Points(KD_TREE<PointType>::PointVector&, bool) [with PointType = pcl::PointXYZI; KD_TREE<PointType>::PointVector = std::vector<pcl::PointXYZI, Eigen::aligned_allocator<pcl::PointXYZI> >][m[K’:
[01m[K/home/ubuntu-nuc/rc2_ws/src/FASTLIO2_ROS2/fastlio2/src/map_builder/ikd_Tree.cpp:1731:16:[m[K   required from here
[01m[K/home/ubuntu-nuc/rc2_ws/src/FASTLIO2_ROS2/fastlio2/src/map_builder/ikd_Tree.cpp:485:23:[m[K [01;35m[Kwarning: [m[Kcomparison of integer expressions of different signedness: ‘[01m[Kint[m[K’ and ‘[01m[Kstd::vector<pcl::PointXYZI, Eigen::aligned_allocator<pcl::PointXYZI> >::size_type[m[K’ {aka ‘[01m[Klong unsigned int[m[K’} [[01;35m[K-Wsign-compare[m[K]
  485 |     for (int i = 0; [01;35m[Ki < PointToAdd.size()[m[K; i++)
      |                     [01;35m[K~~^~~~~~~~~~~~~~~~~~~[m[K
[01m[K/home/ubuntu-nuc/rc2_ws/src/FASTLIO2_ROS2/fastlio2/src/map_builder/ikd_Tree.cpp:502:39:[m[K [01;35m[Kwarning: [m[Kcomparison of integer expressions of different signedness: ‘[01m[Kint[m[K’ and ‘[01m[Kstd::vector<pcl::PointXYZI, Eigen::aligned_allocator<pcl::PointXYZI> >::size_type[m[K’ {aka ‘[01m[Klong unsigned int[m[K’} [[01;35m[K-Wsign-compare[m[K]
  502 |             for (int index = 0; [01;35m[Kindex < Downsample_Storage.size()[m[K; index++)
      |                                 [01;35m[K~~~~~~^~~~~~~~~~~~~~~~~~~~~~~~~~~[m[K
[01m[K/home/ubuntu-nuc/rc2_ws/src/FASTLIO2_ROS2/fastlio2/src/map_builder/ikd_Tree.cpp:478:9:[m[K [01;35m[Kwarning: [m[Kunused variable ‘[01m[KNewPointSize[m[K’ [[01;35m[K-Wunused-variable[m[K]
  478 |     int [01;35m[KNewPointSize[m[K = PointToAdd.size();
      |         [01;35m[K^~~~~~~~~~~~[m[K
[01m[K/home/ubuntu-nuc/rc2_ws/src/FASTLIO2_ROS2/fastlio2/src/map_builder/ikd_Tree.cpp:479:9:[m[K [01;35m[Kwarning: [m[Kunused variable ‘[01m[Ktree_size[m[K’ [[01;35m[K-Wunused-variable[m[K]
  479 |     int [01;35m[Ktree_size[m[K = size();
      |         [01;35m[K^~~~~~~~~[m[K
/home/ubuntu-nuc/rc2_ws/src/FASTLIO2_ROS2/fastlio2/src/map_builder/ikd_Tree.cpp: In instantiation of ‘[01m[Kvoid KD_TREE<PointType>::Add_Point_Boxes(std::vector<BoxPointType>&) [with PointType = pcl::PointXYZI][m[K’:
[01m[K/home/ubuntu-nuc/rc2_ws/src/FASTLIO2_ROS2/fastlio2/src/map_builder/ikd_Tree.cpp:1731:16:[m[K   required from here
[01m[K/home/ubuntu-nuc/rc2_ws/src/FASTLIO2_ROS2/fastlio2/src/map_builder/ikd_Tree.cpp:576:23:[m[K [01;35m[Kwarning: [m[Kcomparison of integer expressions of different signedness: ‘[01m[Kint[m[K’ and ‘[01m[Kstd::vector<BoxPointType>::size_type[m[K’ {aka ‘[01m[Klong unsigned int[m[K’} [[01;35m[K-Wsign-compare[m[K]
  576 |     for (int i = 0; [01;35m[Ki < BoxPoints.size()[m[K; i++)
      |                     [01;35m[K~~^~~~~~~~~~~~~~~~~~[m[K
/home/ubuntu-nuc/rc2_ws/src/FASTLIO2_ROS2/fastlio2/src/map_builder/ikd_Tree.cpp: In instantiation of ‘[01m[Kvoid KD_TREE<PointType>::Delete_Points(KD_TREE<PointType>::PointVector&) [with PointType = pcl::PointXYZI; KD_TREE<PointType>::PointVector = std::vector<pcl::PointXYZI, Eigen::aligned_allocator<pcl::PointXYZI> >][m[K’:
[01m[K/home/ubuntu-nuc/rc2_ws/src/FASTLIO2_ROS2/fastlio2/src/map_builder/ikd_Tree.cpp:1731:16:[m[K   required from here
[01m[K/home/ubuntu-nuc/rc2_ws/src/FASTLIO2_ROS2/fastlio2/src/map_builder/ikd_Tree.cpp:604:23:[m[K [01;35m[Kwarning: [m[Kcomparison of integer expressions of different signedness: ‘[01m[Kint[m[K’ and ‘[01m[Kstd::vector<pcl::PointXYZI, Eigen::aligned_allocator<pcl::PointXYZI> >::size_type[m[K’ {aka ‘[01m[Klong unsigned int[m[K’} [[01;35m[K-Wsign-compare[m[K]
  604 |     for (int i = 0; [01;35m[Ki < PointToDel.size()[m[K; i++)
      |                     [01;35m[K~~^~~~~~~~~~~~~~~~~~~[m[K
/home/ubuntu-nuc/rc2_ws/src/FASTLIO2_ROS2/fastlio2/src/map_builder/ikd_Tree.cpp: In instantiation of ‘[01m[Kint KD_TREE<PointType>::Delete_Point_Boxes(std::vector<BoxPointType>&) [with PointType = pcl::PointXYZI][m[K’:
[01m[K/home/ubuntu-nuc/rc2_ws/src/FASTLIO2_ROS2/fastlio2/src/map_builder/ikd_Tree.cpp:1731:16:[m[K   required from here
[01m[K/home/ubuntu-nuc/rc2_ws/src/FASTLIO2_ROS2/fastlio2/src/map_builder/ikd_Tree.cpp:633:23:[m[K [01;35m[Kwarning: [m[Kcomparison of integer expressions of different signedness: ‘[01m[Kint[m[K’ and ‘[01m[Kstd::vector<BoxPointType>::size_type[m[K’ {aka ‘[01m[Klong unsigned int[m[K’} [[01;35m[K-Wsign-compare[m[K]
  633 |     for (int i = 0; [01;35m[Ki < BoxPoints.size()[m[K; i++)
      |                     [01;35m[K~~^~~~~~~~~~~~~~~~~~[m[K
/home/ubuntu-nuc/rc2_ws/src/FASTLIO2_ROS2/fastlio2/src/map_builder/ikd_Tree.cpp: In instantiation of ‘[01m[Kvoid KD_TREE<PointType>::acquire_removed_points(KD_TREE<PointType>::PointVector&) [with PointType = pcl::PointXYZI; KD_TREE<PointType>::PointVector = std::vector<pcl::PointXYZI, Eigen::aligned_allocator<pcl::PointXYZI> >][m[K’:
[01m[K/home/ubuntu-nuc/rc2_ws/src/FASTLIO2_ROS2/fastlio2/src/map_builder/ikd_Tree.cpp:1731:16:[m[K   required from here
[01m[K/home/ubuntu-nuc/rc2_ws/src/FASTLIO2_ROS2/fastlio2/src/map_builder/ikd_Tree.cpp:662:23:[m[K [01;35m[Kwarning: [m[Kcomparison of integer expressions of different signedness: ‘[01m[Kint[m[K’ and ‘[01m[Kstd::vector<pcl::PointXYZI, Eigen::aligned_allocator<pcl::PointXYZI> >::size_type[m[K’ {aka ‘[01m[Klong unsigned int[m[K’} [[01;35m[K-Wsign-compare[m[K]
  662 |     for (int i = 0; [01;35m[Ki < Points_deleted.size()[m[K; i++)
      |                     [01;35m[K~~^~~~~~~~~~~~~~~~~~~~~~~[m[K
[01m[K/home/ubuntu-nuc/rc2_ws/src/FASTLIO2_ROS2/fastlio2/src/map_builder/ikd_Tree.cpp:666:23:[m[K [01;35m[Kwarning: [m[Kcomparison of integer expressions of different signedness: ‘[01m[Kint[m[K’ and ‘[01m[Kstd::vector<pcl::PointXYZI, Eigen::aligned_allocator<pcl::PointXYZI> >::size_type[m[K’ {aka ‘[01m[Klong unsigned int[m[K’} [[01;35m[K-Wsign-compare[m[K]
  666 |     for (int i = 0; [01;35m[Ki < Multithread_Points_deleted.size()[m[K; i++)
      |                     [01;35m[K~~^~~~~~~~~~~~~~~~~~~~~~~~~~~~~~~~~~~[m[K
/home/ubuntu-nuc/rc2_ws/src/FASTLIO2_ROS2/fastlio2/src/map_builder/ikd_Tree.cpp: In instantiation of ‘[01m[Kvoid KD_TREE<PointType>::multi_thread_rebuild() [with PointType = pcl::PointXYZINormal][m[K’:
[01m[K/home/ubuntu-nuc/rc2_ws/src/FASTLIO2_ROS2/fastlio2/src/map_builder/ikd_Tree.cpp:1732:16:[m[K   required from here
[01m[K/home/ubuntu-nuc/rc2_ws/src/FASTLIO2_ROS2/fastlio2/src/map_builder/ikd_Tree.cpp:329:17:[m[K [01;35m[Kwarning: [m[Kunused variable ‘[01m[Kvalid_old[m[K’ [[01;35m[K-Wunused-variable[m[K]
  329 |             int [01;35m[Kvalid_old[m[K = old_root_node->TreeSize - old_root_node->invalid_point_num;
      |                 [01;35m[K^~~~~~~~~[m[K
[01m[K/home/ubuntu-nuc/rc2_ws/src/FASTLIO2_ROS2/fastlio2/src/map_builder/ikd_Tree.cpp:330:17:[m[K [01;35m[Kwarning: [m[Kunused variable ‘[01m[Kvalid_new[m[K’ [[01;35m[K-Wunused-variable[m[K]
  330 |             int [01;35m[Kvalid_new[m[K = new_root_node->TreeSize - new_root_node->invalid_point_num;
      |                 [01;35m[K^~~~~~~~~[m[K
[01m[K/home/ubuntu-nuc/rc2_ws/src/FASTLIO2_ROS2/fastlio2/src/map_builder/ikd_Tree.cpp:231:33:[m[K [01;35m[Kwarning: [m[Kunused variable ‘[01m[Knew_node_ptr[m[K’ [[01;35m[K-Wunused-variable[m[K]
  231 |     KD_TREE_NODE *father_ptr, **[01;35m[Knew_node_ptr[m[K;
      |                                 [01;35m[K^~~~~~~~~~~~[m[K
/home/ubuntu-nuc/rc2_ws/src/FASTLIO2_ROS2/fastlio2/src/map_builder/ikd_Tree.cpp: In instantiation of ‘[01m[Kvoid KD_TREE<PointType>::Rebuild(KD_TREE<PointType>::KD_TREE_NODE**) [with PointType = pcl::PointXYZINormal][m[K’:
[01m[K/home/ubuntu-nuc/rc2_ws/src/FASTLIO2_ROS2/fastlio2/src/map_builder/ikd_Tree.cpp:1732:16:[m[K   required from here
[01m[K/home/ubuntu-nuc/rc2_ws/src/FASTLIO2_ROS2/fastlio2/src/map_builder/ikd_Tree.cpp:751:13:[m[K [01;35m[Kwarning: [m[Kunused variable ‘[01m[Ksize_rec[m[K’ [[01;35m[K-Wunused-variable[m[K]
  751 |         int [01;35m[Ksize_rec[m[K = (*root)->TreeSize;
      |             [01;35m[K^~~~~~~~[m[K
/home/ubuntu-nuc/rc2_ws/src/FASTLIO2_ROS2/fastlio2/src/map_builder/ikd_Tree.cpp: In instantiation of ‘[01m[Kint KD_TREE<PointType>::Delete_by_range(KD_TREE<PointType>::KD_TREE_NODE**, BoxPointType, bool, bool) [with PointType = pcl::PointXYZINormal][m[K’:
[01m[K/home/ubuntu-nuc/rc2_ws/src/FASTLIO2_ROS2/fastlio2/src/map_builder/ikd_Tree.cpp:1732:16:[m[K   required from here
[01m[K/home/ubuntu-nuc/rc2_ws/src/FASTLIO2_ROS2/fastlio2/src/map_builder/ikd_Tree.cpp:802:21:[m[K [01;35m[Kwarning: [m[Kunused variable ‘[01m[KTimeout[m[K’ [[01;35m[K-Wunused-variable[m[K]
  802 |     struct timespec [01;35m[KTimeout[m[K;
      |                     [01;35m[K^~~~~~~[m[K
/home/ubuntu-nuc/rc2_ws/src/FASTLIO2_ROS2/fastlio2/src/map_builder/ikd_Tree.cpp: In instantiation of ‘[01m[Kvoid KD_TREE<PointType>::Delete_by_point(KD_TREE<PointType>::KD_TREE_NODE**, PointType, bool) [with PointType = pcl::PointXYZINormal][m[K’:
[01m[K/home/ubuntu-nuc/rc2_ws/src/FASTLIO2_ROS2/fastlio2/src/map_builder/ikd_Tree.cpp:1732:16:[m[K   required from here
[01m[K/home/ubuntu-nuc/rc2_ws/src/FASTLIO2_ROS2/fastlio2/src/map_builder/ikd_Tree.cpp:867:21:[m[K [01;35m[Kwarning: [m[Kunused variable ‘[01m[KTimeout[m[K’ [[01;35m[K-Wunused-variable[m[K]
  867 |     struct timespec [01;35m[KTimeout[m[K;
      |                     [01;35m[K^~~~~~~[m[K
/home/ubuntu-nuc/rc2_ws/src/FASTLIO2_ROS2/fastlio2/src/map_builder/ikd_Tree.cpp: In instantiation of ‘[01m[Kvoid KD_TREE<PointType>::Add_by_point(KD_TREE<PointType>::KD_TREE_NODE**, PointType, bool, int) [with PointType = pcl::PointXYZINormal][m[K’:
[01m[K/home/ubuntu-nuc/rc2_ws/src/FASTLIO2_ROS2/fastlio2/src/map_builder/ikd_Tree.cpp:1732:16:[m[K   required from here
[01m[K/home/ubuntu-nuc/rc2_ws/src/FASTLIO2_ROS2/fastlio2/src/map_builder/ikd_Tree.cpp:1006:21:[m[K [01;35m[Kwarning: [m[Kunused variable ‘[01m[KTimeout[m[K’ [[01;35m[K-Wunused-variable[m[K]
 1006 |     struct timespec [01;35m[KTimeout[m[K;
      |                     [01;35m[K^~~~~~~[m[K
/home/ubuntu-nuc/rc2_ws/src/FASTLIO2_ROS2/fastlio2/src/map_builder/ikd_Tree.cpp: In instantiation of ‘[01m[Kvoid KD_TREE<PointType>::Add_by_range(KD_TREE<PointType>::KD_TREE_NODE**, BoxPointType, bool) [with PointType = pcl::PointXYZINormal][m[K’:
[01m[K/home/ubuntu-nuc/rc2_ws/src/FASTLIO2_ROS2/fastlio2/src/map_builder/ikd_Tree.cpp:1732:16:[m[K   required from here
[01m[K/home/ubuntu-nuc/rc2_ws/src/FASTLIO2_ROS2/fastlio2/src/map_builder/ikd_Tree.cpp:946:21:[m[K [01;35m[Kwarning: [m[Kunused variable ‘[01m[KTimeout[m[K’ [[01;35m[K-Wunused-variable[m[K]
  946 |     struct timespec [01;35m[KTimeout[m[K;
      |                     [01;35m[K^~~~~~~[m[K
/home/ubuntu-nuc/rc2_ws/src/FASTLIO2_ROS2/fastlio2/src/map_builder/ikd_Tree.cpp: In instantiation of ‘[01m[Kvoid KD_TREE<PointType>::Search(KD_TREE<PointType>::KD_TREE_NODE*, int, PointType, KD_TREE<PointType>::MANUAL_HEAP&, float) [with PointType = pcl::PointXYZINormal][m[K’:
[01m[K/home/ubuntu-nuc/rc2_ws/src/FASTLIO2_ROS2/fastlio2/src/map_builder/ikd_Tree.cpp:1732:16:[m[K   required from here
[01m[K/home/ubuntu-nuc/rc2_ws/src/FASTLIO2_ROS2/fastlio2/src/map_builder/ikd_Tree.cpp:1097:63:[m[K [01;35m[Kwarning: [m[Ksuggest parentheses around ‘[01m[K&&[m[K’ within ‘[01m[K||[m[K’ [[01;35m[K-Wparentheses[m[K]
 1097 |     if (q.size() < k_nearest || [01;35m[Kdist_left_node < q.top().dist && dist_right_node < q.top().dist[m[K)
      |                                 [01;35m[K~~~~~~~~~~~~~~~~~~~~~~~~~~~~~~^~~~~~~~~~~~~~~~~~~~~~~~~~~~~~~~~[m[K
[01m[K/home/ubuntu-nuc/rc2_ws/src/FASTLIO2_ROS2/fastlio2/src/map_builder/ikd_Tree.cpp:1094:9:[m[K [01;35m[Kwarning: [m[Kunused variable ‘[01m[Kcur_search_counter[m[K’ [[01;35m[K-Wunused-variable[m[K]
 1094 |     int [01;35m[Kcur_search_counter[m[K;
      |         [01;35m[K^~~~~~~~~~~~~~~~~~[m[K
/home/ubuntu-nuc/rc2_ws/src/FASTLIO2_ROS2/fastlio2/src/map_builder/ikd_Tree.cpp: In instantiation of ‘[01m[Kint KD_TREE<PointType>::Add_Points(KD_TREE<PointType>::PointVector&, bool) [with PointType = pcl::PointXYZINormal; KD_TREE<PointType>::PointVector = std::vector<pcl::PointXYZINormal, Eigen::aligned_allocator<pcl::PointXYZINormal> >][m[K’:
[01m[K/home/ubuntu-nuc/rc2_ws/src/FASTLIO2_ROS2/fastlio2/src/map_builder/ikd_Tree.cpp:1732:16:[m[K   required from here
[01m[K/home/ubuntu-nuc/rc2_ws/src/FASTLIO2_ROS2/fastlio2/src/map_builder/ikd_Tree.cpp:485:23:[m[K [01;35m[Kwarning: [m[Kcomparison of integer expressions of different signedness: ‘[01m[Kint[m[K’ and ‘[01m[Kstd::vector<pcl::PointXYZINormal, Eigen::aligned_allocator<pcl::PointXYZINormal> >::size_type[m[K’ {aka ‘[01m[Klong unsigned int[m[K’} [[01;35m[K-Wsign-compare[m[K]
  485 |     for (int i = 0; [01;35m[Ki < PointToAdd.size()[m[K; i++)
      |                     [01;35m[K~~^~~~~~~~~~~~~~~~~~~[m[K
[01m[K/home/ubuntu-nuc/rc2_ws/src/FASTLIO2_ROS2/fastlio2/src/map_builder/ikd_Tree.cpp:502:39:[m[K [01;35m[Kwarning: [m[Kcomparison of integer expressions of different signedness: ‘[01m[Kint[m[K’ and ‘[01m[Kstd::vector<pcl::PointXYZINormal, Eigen::aligned_allocator<pcl::PointXYZINormal> >::size_type[m[K’ {aka ‘[01m[Klong unsigned int[m[K’} [[01;35m[K-Wsign-compare[m[K]
  502 |             for (int index = 0; [01;35m[Kindex < Downsample_Storage.size()[m[K; index++)
      |                                 [01;35m[K~~~~~~^~~~~~~~~~~~~~~~~~~~~~~~~~~[m[K
[01m[K/home/ubuntu-nuc/rc2_ws/src/FASTLIO2_ROS2/fastlio2/src/map_builder/ikd_Tree.cpp:478:9:[m[K [01;35m[Kwarning: [m[Kunused variable ‘[01m[KNewPointSize[m[K’ [[01;35m[K-Wunused-variable[m[K]
  478 |     int [01;35m[KNewPointSize[m[K = PointToAdd.size();
      |         [01;35m[K^~~~~~~~~~~~[m[K
[01m[K/home/ubuntu-nuc/rc2_ws/src/FASTLIO2_ROS2/fastlio2/src/map_builder/ikd_Tree.cpp:479:9:[m[K [01;35m[Kwarning: [m[Kunused variable ‘[01m[Ktree_size[m[K’ [[01;35m[K-Wunused-variable[m[K]
  479 |     int [01;35m[Ktree_size[m[K = size();
      |         [01;35m[K^~~~~~~~~[m[K
/home/ubuntu-nuc/rc2_ws/src/FASTLIO2_ROS2/fastlio2/src/map_builder/ikd_Tree.cpp: In instantiation of ‘[01m[Kvoid KD_TREE<PointType>::Add_Point_Boxes(std::vector<BoxPointType>&) [with PointType = pcl::PointXYZINormal][m[K’:
[01m[K/home/ubuntu-nuc/rc2_ws/src/FASTLIO2_ROS2/fastlio2/src/map_builder/ikd_Tree.cpp:1732:16:[m[K   required from here
[01m[K/home/ubuntu-nuc/rc2_ws/src/FASTLIO2_ROS2/fastlio2/src/map_builder/ikd_Tree.cpp:576:23:[m[K [01;35m[Kwarning: [m[Kcomparison of integer expressions of different signedness: ‘[01m[Kint[m[K’ and ‘[01m[Kstd::vector<BoxPointType>::size_type[m[K’ {aka ‘[01m[Klong unsigned int[m[K’} [[01;35m[K-Wsign-compare[m[K]
  576 |     for (int i = 0; [01;35m[Ki < BoxPoints.size()[m[K; i++)
      |                     [01;35m[K~~^~~~~~~~~~~~~~~~~~[m[K
/home/ubuntu-nuc/rc2_ws/src/FASTLIO2_ROS2/fastlio2/src/map_builder/ikd_Tree.cpp: In instantiation of ‘[01m[Kvoid KD_TREE<PointType>::Delete_Points(KD_TREE<PointType>::PointVector&) [with PointType = pcl::PointXYZINormal; KD_TREE<PointType>::PointVector = std::vector<pcl::PointXYZINormal, Eigen::aligned_allocator<pcl::PointXYZINormal> >][m[K’:
[01m[K/home/ubuntu-nuc/rc2_ws/src/FASTLIO2_ROS2/fastlio2/src/map_builder/ikd_Tree.cpp:1732:16:[m[K   required from here
[01m[K/home/ubuntu-nuc/rc2_ws/src/FASTLIO2_ROS2/fastlio2/src/map_builder/ikd_Tree.cpp:604:23:[m[K [01;35m[Kwarning: [m[Kcomparison of integer expressions of different signedness: ‘[01m[Kint[m[K’ and ‘[01m[Kstd::vector<pcl::PointXYZINormal, Eigen::aligned_allocator<pcl::PointXYZINormal> >::size_type[m[K’ {aka ‘[01m[Klong unsigned int[m[K’} [[01;35m[K-Wsign-compare[m[K]
  604 |     for (int i = 0; [01;35m[Ki < PointToDel.size()[m[K; i++)
      |                     [01;35m[K~~^~~~~~~~~~~~~~~~~~~[m[K
/home/ubuntu-nuc/rc2_ws/src/FASTLIO2_ROS2/fastlio2/src/map_builder/ikd_Tree.cpp: In instantiation of ‘[01m[Kint KD_TREE<PointType>::Delete_Point_Boxes(std::vector<BoxPointType>&) [with PointType = pcl::PointXYZINormal][m[K’:
[01m[K/home/ubuntu-nuc/rc2_ws/src/FASTLIO2_ROS2/fastlio2/src/map_builder/ikd_Tree.cpp:1732:16:[m[K   required from here
[01m[K/home/ubuntu-nuc/rc2_ws/src/FASTLIO2_ROS2/fastlio2/src/map_builder/ikd_Tree.cpp:633:23:[m[K [01;35m[Kwarning: [m[Kcomparison of integer expressions of different signedness: ‘[01m[Kint[m[K’ and ‘[01m[Kstd::vector<BoxPointType>::size_type[m[K’ {aka ‘[01m[Klong unsigned int[m[K’} [[01;35m[K-Wsign-compare[m[K]
  633 |     for (int i = 0; [01;35m[Ki < BoxPoints.size()[m[K; i++)
      |                     [01;35m[K~~^~~~~~~~~~~~~~~~~~[m[K
/home/ubuntu-nuc/rc2_ws/src/FASTLIO2_ROS2/fastlio2/src/map_builder/ikd_Tree.cpp: In instantiation of ‘[01m[Kvoid KD_TREE<PointType>::acquire_removed_points(KD_TREE<PointType>::PointVector&) [with PointType = pcl::PointXYZINormal; KD_TREE<PointType>::PointVector = std::vector<pcl::PointXYZINormal, Eigen::aligned_allocator<pcl::PointXYZINormal> >][m[K’:
[01m[K/home/ubuntu-nuc/rc2_ws/src/FASTLIO2_ROS2/fastlio2/src/map_builder/ikd_Tree.cpp:1732:16:[m[K   required from here
[01m[K/home/ubuntu-nuc/rc2_ws/src/FASTLIO2_ROS2/fastlio2/src/map_builder/ikd_Tree.cpp:662:23:[m[K [01;35m[Kwarning: [m[Kcomparison of integer expressions of different signedness: ‘[01m[Kint[m[K’ and ‘[01m[Kstd::vector<pcl::PointXYZINormal, Eigen::aligned_allocator<pcl::PointXYZINormal> >::size_type[m[K’ {aka ‘[01m[Klong unsigned int[m[K’} [[01;35m[K-Wsign-compare[m[K]
  662 |     for (int i = 0; [01;35m[Ki < Points_deleted.size()[m[K; i++)
      |                     [01;35m[K~~^~~~~~~~~~~~~~~~~~~~~~~[m[K
[01m[K/home/ubuntu-nuc/rc2_ws/src/FASTLIO2_ROS2/fastlio2/src/map_builder/ikd_Tree.cpp:666:23:[m[K [01;35m[Kwarning: [m[Kcomparison of integer expressions of different signedness: ‘[01m[Kint[m[K’ and ‘[01m[Kstd::vector<pcl::PointXYZINormal, Eigen::aligned_allocator<pcl::PointXYZINormal> >::size_type[m[K’ {aka ‘[01m[Klong unsigned int[m[K’} [[01;35m[K-Wsign-compare[m[K]
  666 |     for (int i = 0; [01;35m[Ki < Multithread_Points_deleted.size()[m[K; i++)
      |                     [01;35m[K~~^~~~~~~~~~~~~~~~~~~~~~~~~~~~~~~~~~~[m[K
[ 88%] [32mBuilding CXX object CMakeFiles/lio_node.dir/src/map_builder/ieskf.cpp.o[0m
[ 88%] [32mBuilding CXX object CMakeFiles/lio_node.dir/src/map_builder/commons.cpp.o[0m
[100%] [32m[1mLinking CXX executable lio_node[0m
[100%] Built target lio_node
-- Install configuration: "Release"
-- Installing: /home/ubuntu-nuc/rc2_ws/install/fastlio2/lib/fastlio2/lio_node
-- Set non-toolchain portion of runtime path of "/home/ubuntu-nuc/rc2_ws/install/fastlio2/lib/fastlio2/lio_node" to ""
-- Installing: /home/ubuntu-nuc/rc2_ws/install/fastlio2/share/fastlio2/launch
-- Installing: /home/ubuntu-nuc/rc2_ws/install/fastlio2/share/fastlio2/launch/lio_launch.py
-- Installing: /home/ubuntu-nuc/rc2_ws/install/fastlio2/share/fastlio2/launch/lio2_launch.py
-- Installing: /home/ubuntu-nuc/rc2_ws/install/fastlio2/share/fastlio2/rviz
-- Installing: /home/ubuntu-nuc/rc2_ws/install/fastlio2/share/fastlio2/rviz/fastlio2.rviz
-- Installing: /home/ubuntu-nuc/rc2_ws/install/fastlio2/share/fastlio2/config
-- Installing: /home/ubuntu-nuc/rc2_ws/install/fastlio2/share/fastlio2/config/lio.yaml
-- Installing: /home/ubuntu-nuc/rc2_ws/install/fastlio2/share/ament_index/resource_index/package_run_dependencies/fastlio2
-- Installing: /home/ubuntu-nuc/rc2_ws/install/fastlio2/share/ament_index/resource_index/parent_prefix_path/fastlio2
-- Installing: /home/ubuntu-nuc/rc2_ws/install/fastlio2/share/fastlio2/environment/ament_prefix_path.sh
-- Installing: /home/ubuntu-nuc/rc2_ws/install/fastlio2/share/fastlio2/environment/ament_prefix_path.dsv
-- Installing: /home/ubuntu-nuc/rc2_ws/install/fastlio2/share/fastlio2/environment/path.sh
-- Installing: /home/ubuntu-nuc/rc2_ws/install/fastlio2/share/fastlio2/environment/path.dsv
-- Installing: /home/ubuntu-nuc/rc2_ws/install/fastlio2/share/fastlio2/local_setup.bash
-- Installing: /home/ubuntu-nuc/rc2_ws/install/fastlio2/share/fastlio2/local_setup.sh
-- Installing: /home/ubuntu-nuc/rc2_ws/install/fastlio2/share/fastlio2/local_setup.zsh
-- Installing: /home/ubuntu-nuc/rc2_ws/install/fastlio2/share/fastlio2/local_setup.dsv
-- Installing: /home/ubuntu-nuc/rc2_ws/install/fastlio2/share/fastlio2/package.dsv
-- Installing: /home/ubuntu-nuc/rc2_ws/install/fastlio2/share/ament_index/resource_index/packages/fastlio2
-- Installing: /home/ubuntu-nuc/rc2_ws/install/fastlio2/share/fastlio2/cmake/fastlio2Config.cmake
-- Installing: /home/ubuntu-nuc/rc2_ws/install/fastlio2/share/fastlio2/cmake/fastlio2Config-version.cmake
-- Installing: /home/ubuntu-nuc/rc2_ws/install/fastlio2/share/fastlio2/package.xml
