[0.036s] Invoking command in '/home/ubuntu-nuc/rc2_ws/build/fastlio2': AMENT_PREFIX_PATH=/home/ubuntu-nuc/rc2_ws/install/livox_ros_driver2:${AMENT_PREFIX_PATH} CMAKE_PREFIX_PATH=/home/ubuntu-nuc/rc2_ws/install/livox_ros_driver2:/home/ubuntu-nuc/rc2_ws/install/interface:/home/ubuntu-nuc/rc2_ws/install/meiling_detect_debug:/home/ubuntu-nuc/rc2_ws/install/meiling_detect:/opt/ros/humble:/home/ubuntu-nuc/rc2_ws/install/auto_aim_interfaces:/home/ubuntu-nuc/rc_ws/install/fast_lio:/home/ubuntu-nuc/rc_ws/install/livox_ros_driver2 LD_LIBRARY_PATH=/home/ubuntu-nuc/rc2_ws/install/livox_ros_driver2/lib:/opt/MVS/lib/64:/opt/MVS/lib/32:/opt/MVS/lib/64:/opt/MVS/lib/32:/usr/lib/x86_64-linux-gnu:/home/ubuntu-nuc/rc2_ws/install/interface/lib:/home/ubuntu-nuc/rc2_ws/install/auto_aim_interfaces/lib:/home/ubuntu-nuc/rc_ws/install/fast_lio/lib:/home/ubuntu-nuc/rc_ws/install/livox_ros_driver2/lib:/usr/lib/x86_64-linux-gnu/gazebo-11/plugins:/opt/ros/humble/opt/rviz_ogre_vendor/lib:/opt/ros/humble/lib/x86_64-linux-gnu:/opt/ros/humble/opt/openvdb_vendor/lib:/opt/ros/humble/lib:/opt/MVS/lib/64:/opt/MVS/lib/32 PYTHONPATH=/home/ubuntu-nuc/rc2_ws/install/livox_ros_driver2/local/lib/python3.10/dist-packages:${PYTHONPATH} /usr/local/bin/cmake /home/ubuntu-nuc/rc2_ws/src/FASTLIO2_ROS2/fastlio2 -DROS_EDITION=ROS2 -DDISTRO_ROS=humble -DCMAKE_INSTALL_PREFIX=/home/ubuntu-nuc/rc2_ws/install/fastlio2
[0.046s] [0mCMake Deprecation Warning at CMakeLists.txt:1 (cmake_minimum_required):
[0.046s]   Compatibility with CMake < 3.10 will be removed from a future version of
[0.046s]   CMake.
[0.046s] 
[0.047s]   Update the VERSION argument <min> value.  Or, use the <min>...<max> syntax
[0.047s]   to tell CMake that the project requires at least <min> but has been updated
[0.047s]   to work with policies introduced by <max> or earlier.
[0.047s] 
[0.047s] [0m
[0.160s] -- The C compiler identification is GNU 11.4.0
[0.335s] -- The CXX compiler identification is GNU 11.4.0
[0.359s] -- Detecting C compiler ABI info
[0.507s] -- Detecting C compiler ABI info - done
[0.547s] -- Check for working C compiler: /usr/bin/cc - skipped
[0.554s] -- Detecting C compile features
[0.554s] -- Detecting C compile features - done
[0.578s] -- Detecting CXX compiler ABI info
[0.763s] -- Detecting CXX compiler ABI info - done
[0.804s] -- Check for working CXX compiler: /usr/bin/c++ - skipped
[0.805s] -- Detecting CXX compile features
[0.808s] -- Detecting CXX compile features - done
[0.822s] -- Found ament_cmake: 1.3.12 (/opt/ros/humble/share/ament_cmake/cmake)
[1.090s] -- Found Python3: /usr/bin/python3 (found version "3.10.12") found components: Interpreter
[1.336s] -- Found rclcpp: 16.0.14 (/opt/ros/humble/share/rclcpp/cmake)
[1.440s] -- Found rosidl_generator_c: 3.1.7 (/opt/ros/humble/share/rosidl_generator_c/cmake)
[1.446s] -- Found rosidl_adapter: 3.1.7 (/opt/ros/humble/share/rosidl_adapter/cmake)
[1.458s] -- Found rosidl_generator_cpp: 3.1.8 (/opt/ros/humble/share/rosidl_generator_cpp/cmake)
[1.478s] -- Using all available rosidl_typesupport_c: rosidl_typesupport_fastrtps_c;rosidl_typesupport_introspection_c
[1.505s] -- Using all available rosidl_typesupport_cpp: rosidl_typesupport_fastrtps_cpp;rosidl_typesupport_introspection_cpp
[1.579s] -- Found rmw_implementation_cmake: 6.1.2 (/opt/ros/humble/share/rmw_implementation_cmake/cmake)
[1.584s] -- Found rmw_fastrtps_cpp: 6.2.8 (/opt/ros/humble/share/rmw_fastrtps_cpp/cmake)
[1.756s] -- Found OpenSSL: /usr/lib/x86_64-linux-gnu/libcrypto.so (found version "3.0.2")
[1.857s] -- Found FastRTPS: /opt/ros/humble/include
[1.989s] -- Using RMW implementation 'rmw_fastrtps_cpp' as default
[2.020s] -- Performing Test CMAKE_HAVE_LIBC_PTHREAD
[2.172s] -- Performing Test CMAKE_HAVE_LIBC_PTHREAD - Success
[2.178s] -- Found Threads: TRUE
[2.379s] -- Found tf2: 0.25.16 (/opt/ros/humble/share/tf2/cmake)
[2.463s] -- Found tf2_ros: 0.25.16 (/opt/ros/humble/share/tf2_ros/cmake)
[2.698s] -- Found nav_msgs: 4.9.0 (/opt/ros/humble/share/nav_msgs/cmake)
[2.751s] -- Found sensor_msgs: 4.9.0 (/opt/ros/humble/share/sensor_msgs/cmake)
[2.804s] -- Found livox_ros_driver2: 1.0.0 (/home/ubuntu-nuc/rc2_ws/install/livox_ros_driver2/share/livox_ros_driver2/cmake)
[2.884s] [33mCMake Warning (dev) at /usr/lib/x86_64-linux-gnu/cmake/pcl/PCLConfig.cmake:146 (find_package):
[2.884s]   Policy CMP0144 is not set: find_package uses upper-case <PACKAGENAME>_ROOT
[2.884s]   variables.  Run "cmake --help-policy CMP0144" for policy details.  Use the
[2.884s]   cmake_policy command to set the policy and suppress this warning.
[2.884s] 
[2.885s]   CMake variable EIGEN_ROOT is set to:
[2.885s] 
[2.887s]     /usr/include/eigen3
[2.887s] 
[2.887s]   For compatibility, find_package is ignoring the variable, but code in a
[2.887s]   .cmake module might still use it.
[2.887s] Call Stack (most recent call first):
[2.887s]   /usr/lib/x86_64-linux-gnu/cmake/pcl/PCLConfig.cmake:299 (find_eigen)
[2.888s]   /usr/lib/x86_64-linux-gnu/cmake/pcl/PCLConfig.cmake:543 (find_external_library)
[2.888s]   /opt/ros/humble/share/pcl_conversions/cmake/ament_cmake_export_dependencies-extras.cmake:21 (find_package)
[2.888s]   /opt/ros/humble/share/pcl_conversions/cmake/pcl_conversionsConfig.cmake:41 (include)
[2.888s]   /home/ubuntu-nuc/rc2_ws/install/livox_ros_driver2/share/livox_ros_driver2/cmake/ament_cmake_export_dependencies-extras.cmake:21 (find_package)
[2.888s]   /home/ubuntu-nuc/rc2_ws/install/livox_ros_driver2/share/livox_ros_driver2/cmake/livox_ros_driver2Config.cmake:41 (include)
[2.888s]   CMakeLists.txt:30 (find_package)
[2.888s] This warning is for project developers.  Use -Wno-dev to suppress it.
[2.888s] [0m
[2.900s] -- Checking for module 'eigen3'
[2.928s] --   Found eigen3, version 3.4.0
[2.973s] -- Found Eigen: /usr/include/eigen3 (Required is at least version "3.1")
[2.973s] -- Eigen found (include: /usr/include/eigen3, version: 3.4.0)
[2.974s] [33mCMake Warning (dev) at /usr/lib/x86_64-linux-gnu/cmake/pcl/PCLConfig.cmake:128 (find_package):
[2.974s]   Policy CMP0167 is not set: The FindBoost module is removed.  Run "cmake
[2.974s]   --help-policy CMP0167" for policy details.  Use the cmake_policy command to
[2.974s]   set the policy and suppress this warning.
[2.975s] 
[2.975s] Call Stack (most recent call first):
[2.975s]   /usr/lib/x86_64-linux-gnu/cmake/pcl/PCLConfig.cmake:297 (find_boost)
[2.975s]   /usr/lib/x86_64-linux-gnu/cmake/pcl/PCLConfig.cmake:543 (find_external_library)
[2.975s]   /opt/ros/humble/share/pcl_conversions/cmake/ament_cmake_export_dependencies-extras.cmake:21 (find_package)
[2.975s]   /opt/ros/humble/share/pcl_conversions/cmake/pcl_conversionsConfig.cmake:41 (include)
[2.975s]   /home/ubuntu-nuc/rc2_ws/install/livox_ros_driver2/share/livox_ros_driver2/cmake/ament_cmake_export_dependencies-extras.cmake:21 (find_package)
[2.975s]   /home/ubuntu-nuc/rc2_ws/install/livox_ros_driver2/share/livox_ros_driver2/cmake/livox_ros_driver2Config.cmake:41 (include)
[2.979s]   CMakeLists.txt:30 (find_package)
[2.979s] This warning is for project developers.  Use -Wno-dev to suppress it.
[2.979s] [0m
[3.020s] [33mCMake Warning (dev) at /usr/lib/x86_64-linux-gnu/cmake/pcl/Modules/FindFLANN.cmake:44 (find_package):
[3.020s]   Policy CMP0144 is not set: find_package uses upper-case <PACKAGENAME>_ROOT
[3.020s]   variables.  Run "cmake --help-policy CMP0144" for policy details.  Use the
[3.020s]   cmake_policy command to set the policy and suppress this warning.
[3.021s] 
[3.021s]   CMake variable FLANN_ROOT is set to:
[3.021s] 
[3.021s]     /usr
[3.021s] 
[3.021s]   For compatibility, find_package is ignoring the variable, but code in a
[3.021s]   .cmake module might still use it.
[3.021s] Call Stack (most recent call first):
[3.022s]   /usr/lib/x86_64-linux-gnu/cmake/pcl/PCLConfig.cmake:256 (find_package)
[3.022s]   /usr/lib/x86_64-linux-gnu/cmake/pcl/PCLConfig.cmake:301 (find_flann)
[3.022s]   /usr/lib/x86_64-linux-gnu/cmake/pcl/PCLConfig.cmake:543 (find_external_library)
[3.022s]   /opt/ros/humble/share/pcl_conversions/cmake/ament_cmake_export_dependencies-extras.cmake:21 (find_package)
[3.024s]   /opt/ros/humble/share/pcl_conversions/cmake/pcl_conversionsConfig.cmake:41 (include)
[3.024s]   /home/ubuntu-nuc/rc2_ws/install/livox_ros_driver2/share/livox_ros_driver2/cmake/ament_cmake_export_dependencies-extras.cmake:21 (find_package)
[3.024s]   /home/ubuntu-nuc/rc2_ws/install/livox_ros_driver2/share/livox_ros_driver2/cmake/livox_ros_driver2Config.cmake:41 (include)
[3.024s]   CMakeLists.txt:30 (find_package)
[3.024s] This warning is for project developers.  Use -Wno-dev to suppress it.
[3.024s] [0m
[3.045s] -- Checking for module 'flann'
[3.062s] --   Found flann, version 1.9.1
[3.131s] -- Found FLANN: /usr/lib/x86_64-linux-gnu/libflann_cpp.so
[3.135s] -- FLANN found (include: /usr/include, lib: /usr/lib/x86_64-linux-gnu/libflann_cpp.so)
[6.022s] -- Checking for module 'libusb-1.0'
[6.050s] --   Found libusb-1.0, version 1.0.25
[6.166s] -- Found libusb: /usr/lib/x86_64-linux-gnu/libusb-1.0.so
[6.171s] -- OpenNI found (version: 1.5.4.0, include: /usr/include/ni, lib: /usr/lib/libOpenNI.so;libusb::libusb)
[6.341s] -- OpenNI2 found (version: 2.2.0.33, include: /usr/include/openni2, lib: /usr/lib/x86_64-linux-gnu/libOpenNI2.so;libusb::libusb)
[7.207s] [33mCMake Warning (dev) at /usr/lib/x86_64-linux-gnu/cmake/pcl/PCLConfig.cmake:128 (find_package):
[7.207s]   Policy CMP0167 is not set: The FindBoost module is removed.  Run "cmake
[7.207s]   --help-policy CMP0167" for policy details.  Use the cmake_policy command to
[7.207s]   set the policy and suppress this warning.
[7.207s] 
[7.207s] Call Stack (most recent call first):
[7.207s]   /usr/lib/x86_64-linux-gnu/cmake/pcl/PCLConfig.cmake:297 (find_boost)
[7.207s]   /usr/lib/x86_64-linux-gnu/cmake/pcl/PCLConfig.cmake:543 (find_external_library)
[7.207s]   /opt/ros/humble/share/pcl_conversions/cmake/ament_cmake_export_dependencies-extras.cmake:21 (find_package)
[7.207s]   /opt/ros/humble/share/pcl_conversions/cmake/pcl_conversionsConfig.cmake:41 (include)
[7.207s]   /home/ubuntu-nuc/rc2_ws/install/livox_ros_driver2/share/livox_ros_driver2/cmake/ament_cmake_export_dependencies-extras.cmake:21 (find_package)
[7.207s]   /home/ubuntu-nuc/rc2_ws/install/livox_ros_driver2/share/livox_ros_driver2/cmake/livox_ros_driver2Config.cmake:41 (include)
[7.207s]   CMakeLists.txt:30 (find_package)
[7.208s] This warning is for project developers.  Use -Wno-dev to suppress it.
[7.208s] [0m
[7.243s] -- Eigen found (include: /usr/include/eigen3, version: 3.4.0)
[7.262s] -- OpenNI found (version: 1.5.4.0, include: /usr/include/ni, lib: /usr/lib/libOpenNI.so;libusb::libusb)
[7.278s] -- OpenNI2 found (version: 2.2.0.33, include: /usr/include/openni2, lib: /usr/lib/x86_64-linux-gnu/libOpenNI2.so;libusb::libusb)
[8.089s] -- Found Qhull version 8.0.2
[8.936s] -- OpenNI found (version: 1.5.4.0, include: /usr/include/ni, lib: /usr/lib/libOpenNI.so;libusb::libusb)
[9.561s] -- Found PCL_COMMON: /usr/lib/x86_64-linux-gnu/libpcl_common.so
[9.565s] -- Found PCL_KDTREE: /usr/lib/x86_64-linux-gnu/libpcl_kdtree.so
[9.568s] -- Found PCL_OCTREE: /usr/lib/x86_64-linux-gnu/libpcl_octree.so
[9.573s] -- Found PCL_SEARCH: /usr/lib/x86_64-linux-gnu/libpcl_search.so
[9.574s] -- Found PCL_SAMPLE_CONSENSUS: /usr/lib/x86_64-linux-gnu/libpcl_sample_consensus.so
[9.576s] -- Found PCL_FILTERS: /usr/lib/x86_64-linux-gnu/libpcl_filters.so
[9.581s] -- Found PCL_2D: /usr/include/pcl-1.12
[9.581s] -- Found PCL_GEOMETRY: /usr/include/pcl-1.12
[9.581s] -- Found PCL_IO: /usr/lib/x86_64-linux-gnu/libpcl_io.so
[9.583s] -- Found PCL_FEATURES: /usr/lib/x86_64-linux-gnu/libpcl_features.so
[9.588s] -- Found PCL_ML: /usr/lib/x86_64-linux-gnu/libpcl_ml.so
[9.589s] -- Found PCL_SEGMENTATION: /usr/lib/x86_64-linux-gnu/libpcl_segmentation.so
[9.593s] -- Found PCL_VISUALIZATION: /usr/lib/x86_64-linux-gnu/libpcl_visualization.so
[9.596s] -- Found PCL_SURFACE: /usr/lib/x86_64-linux-gnu/libpcl_surface.so
[9.599s] -- Found PCL_REGISTRATION: /usr/lib/x86_64-linux-gnu/libpcl_registration.so
[9.603s] -- Found PCL_KEYPOINTS: /usr/lib/x86_64-linux-gnu/libpcl_keypoints.so
[9.605s] -- Found PCL_TRACKING: /usr/lib/x86_64-linux-gnu/libpcl_tracking.so
[9.608s] -- Found PCL_RECOGNITION: /usr/lib/x86_64-linux-gnu/libpcl_recognition.so
[9.614s] -- Found PCL_STEREO: /usr/lib/x86_64-linux-gnu/libpcl_stereo.so
[9.618s] -- Found PCL_APPS: /usr/lib/x86_64-linux-gnu/libpcl_apps.so
[9.619s] -- Found PCL_IN_HAND_SCANNER: /usr/include/pcl-1.12
[9.620s] -- Found PCL_MODELER: /usr/include/pcl-1.12
[9.621s] -- Found PCL_POINT_CLOUD_EDITOR: /usr/include/pcl-1.12
[9.624s] -- Found PCL_OUTOFCORE: /usr/lib/x86_64-linux-gnu/libpcl_outofcore.so
[9.627s] -- Found PCL_PEOPLE: /usr/lib/x86_64-linux-gnu/libpcl_people.so
[10.502s] [33mCMake Warning (dev) at CMakeLists.txt:35 (find_package):
[10.502s]   Policy CMP0074 is not set: find_package uses <PackageName>_ROOT variables.
[10.502s]   Run "cmake --help-policy CMP0074" for policy details.  Use the cmake_policy
[10.502s]   command to set the policy and suppress this warning.
[10.502s] 
[10.502s]   CMake variable PCL_ROOT is set to:
[10.502s] 
[10.503s]     /usr
[10.503s] 
[10.503s]   For compatibility, CMake is ignoring the variable.
[10.503s] This warning is for project developers.  Use -Wno-dev to suppress it.
[10.503s] [0m
[10.642s] -- Found ament_lint_auto: 0.12.14 (/opt/ros/humble/share/ament_lint_auto/cmake)
[10.981s] -- Added test 'cppcheck' to perform static code analysis on C / C++ code
[10.982s] -- Configured cppcheck include dirs: 
[10.986s] -- Configured cppcheck exclude dirs and/or files: 
[10.987s] -- Added test 'flake8' to check Python code syntax and style conventions
[10.989s] -- Added test 'lint_cmake' to check CMake code style
[10.997s] -- Added test 'pep257' to check Python code against some of the docstring style conventions in PEP 257
[10.997s] -- Added test 'uncrustify' to check C / C++ code style
[11.000s] -- Configured uncrustify additional arguments: 
[11.001s] -- Added test 'xmllint' to check XML markup files
[11.007s] -- Configuring done (11.0s)
[11.144s] -- Generating done (0.1s)
[11.144s] [33mCMake Warning:
[11.144s]   Manually-specified variables were not used by the project:
[11.145s] 
[11.145s]     DISTRO_ROS
[11.145s]     ROS_EDITION
[11.145s] 
[11.145s] [0m
[11.153s] -- Build files have been written to: /home/ubuntu-nuc/rc2_ws/build/fastlio2
[11.189s] Invoked command in '/home/ubuntu-nuc/rc2_ws/build/fastlio2' returned '0': AMENT_PREFIX_PATH=/home/ubuntu-nuc/rc2_ws/install/livox_ros_driver2:${AMENT_PREFIX_PATH} CMAKE_PREFIX_PATH=/home/ubuntu-nuc/rc2_ws/install/livox_ros_driver2:/home/ubuntu-nuc/rc2_ws/install/interface:/home/ubuntu-nuc/rc2_ws/install/meiling_detect_debug:/home/ubuntu-nuc/rc2_ws/install/meiling_detect:/opt/ros/humble:/home/ubuntu-nuc/rc2_ws/install/auto_aim_interfaces:/home/ubuntu-nuc/rc_ws/install/fast_lio:/home/ubuntu-nuc/rc_ws/install/livox_ros_driver2 LD_LIBRARY_PATH=/home/ubuntu-nuc/rc2_ws/install/livox_ros_driver2/lib:/opt/MVS/lib/64:/opt/MVS/lib/32:/opt/MVS/lib/64:/opt/MVS/lib/32:/usr/lib/x86_64-linux-gnu:/home/ubuntu-nuc/rc2_ws/install/interface/lib:/home/ubuntu-nuc/rc2_ws/install/auto_aim_interfaces/lib:/home/ubuntu-nuc/rc_ws/install/fast_lio/lib:/home/ubuntu-nuc/rc_ws/install/livox_ros_driver2/lib:/usr/lib/x86_64-linux-gnu/gazebo-11/plugins:/opt/ros/humble/opt/rviz_ogre_vendor/lib:/opt/ros/humble/lib/x86_64-linux-gnu:/opt/ros/humble/opt/openvdb_vendor/lib:/opt/ros/humble/lib:/opt/MVS/lib/64:/opt/MVS/lib/32 PYTHONPATH=/home/ubuntu-nuc/rc2_ws/install/livox_ros_driver2/local/lib/python3.10/dist-packages:${PYTHONPATH} /usr/local/bin/cmake /home/ubuntu-nuc/rc2_ws/src/FASTLIO2_ROS2/fastlio2 -DROS_EDITION=ROS2 -DDISTRO_ROS=humble -DCMAKE_INSTALL_PREFIX=/home/ubuntu-nuc/rc2_ws/install/fastlio2
[11.190s] Invoking command in '/home/ubuntu-nuc/rc2_ws/build/fastlio2': AMENT_PREFIX_PATH=/home/ubuntu-nuc/rc2_ws/install/livox_ros_driver2:${AMENT_PREFIX_PATH} CMAKE_PREFIX_PATH=/home/ubuntu-nuc/rc2_ws/install/livox_ros_driver2:/home/ubuntu-nuc/rc2_ws/install/interface:/home/ubuntu-nuc/rc2_ws/install/meiling_detect_debug:/home/ubuntu-nuc/rc2_ws/install/meiling_detect:/opt/ros/humble:/home/ubuntu-nuc/rc2_ws/install/auto_aim_interfaces:/home/ubuntu-nuc/rc_ws/install/fast_lio:/home/ubuntu-nuc/rc_ws/install/livox_ros_driver2 LD_LIBRARY_PATH=/home/ubuntu-nuc/rc2_ws/install/livox_ros_driver2/lib:/opt/MVS/lib/64:/opt/MVS/lib/32:/opt/MVS/lib/64:/opt/MVS/lib/32:/usr/lib/x86_64-linux-gnu:/home/ubuntu-nuc/rc2_ws/install/interface/lib:/home/ubuntu-nuc/rc2_ws/install/auto_aim_interfaces/lib:/home/ubuntu-nuc/rc_ws/install/fast_lio/lib:/home/ubuntu-nuc/rc_ws/install/livox_ros_driver2/lib:/usr/lib/x86_64-linux-gnu/gazebo-11/plugins:/opt/ros/humble/opt/rviz_ogre_vendor/lib:/opt/ros/humble/lib/x86_64-linux-gnu:/opt/ros/humble/opt/openvdb_vendor/lib:/opt/ros/humble/lib:/opt/MVS/lib/64:/opt/MVS/lib/32 PYTHONPATH=/home/ubuntu-nuc/rc2_ws/install/livox_ros_driver2/local/lib/python3.10/dist-packages:${PYTHONPATH} /usr/local/bin/cmake --build /home/ubuntu-nuc/rc2_ws/build/fastlio2 -- -j8 -l8
[11.266s] [ 11%] [32mBuilding CXX object CMakeFiles/lio_node.dir/src/lio_node.cpp.o[0m
[39.151s] [ 22%] [32mBuilding CXX object CMakeFiles/lio_node.dir/src/utils.cpp.o[0m
[41.154s] [ 33%] [32mBuilding CXX object CMakeFiles/lio_node.dir/src/map_builder/map_builder.cpp.o[0m
[44.840s] [ 66%] [32mBuilding CXX object CMakeFiles/lio_node.dir/src/map_builder/ikd_Tree.cpp.o[0m
[44.840s] [ 66%] [32mBuilding CXX object CMakeFiles/lio_node.dir/src/map_builder/lidar_processor.cpp.o[0m
[44.840s] [ 66%] [32mBuilding CXX object CMakeFiles/lio_node.dir/src/map_builder/imu_processor.cpp.o[0m
[46.516s] /home/ubuntu-nuc/rc2_ws/src/FASTLIO2_ROS2/fastlio2/src/map_builder/ikd_Tree.cpp: In instantiation of ‘[01m[Kvoid KD_TREE<PointType>::multi_thread_rebuild() [with PointType = pcl::PointXYZ][m[K’:
[46.516s] [01m[K/home/ubuntu-nuc/rc2_ws/src/FASTLIO2_ROS2/fastlio2/src/map_builder/ikd_Tree.cpp:1730:16:[m[K   required from here
[46.516s] [01m[K/home/ubuntu-nuc/rc2_ws/src/FASTLIO2_ROS2/fastlio2/src/map_builder/ikd_Tree.cpp:329:17:[m[K [01;35m[Kwarning: [m[Kunused variable ‘[01m[Kvalid_old[m[K’ [[01;35m[K-Wunused-variable[m[K]
[46.516s]   329 |             int [01;35m[Kvalid_old[m[K = old_root_node->TreeSize - old_root_node->invalid_point_num;
[46.516s]       |                 [01;35m[K^~~~~~~~~[m[K
[46.516s] [01m[K/home/ubuntu-nuc/rc2_ws/src/FASTLIO2_ROS2/fastlio2/src/map_builder/ikd_Tree.cpp:330:17:[m[K [01;35m[Kwarning: [m[Kunused variable ‘[01m[Kvalid_new[m[K’ [[01;35m[K-Wunused-variable[m[K]
[46.516s]   330 |             int [01;35m[Kvalid_new[m[K = new_root_node->TreeSize - new_root_node->invalid_point_num;
[46.516s]       |                 [01;35m[K^~~~~~~~~[m[K
[46.516s] [01m[K/home/ubuntu-nuc/rc2_ws/src/FASTLIO2_ROS2/fastlio2/src/map_builder/ikd_Tree.cpp:231:33:[m[K [01;35m[Kwarning: [m[Kunused variable ‘[01m[Knew_node_ptr[m[K’ [[01;35m[K-Wunused-variable[m[K]
[46.516s]   231 |     KD_TREE_NODE *father_ptr, **[01;35m[Knew_node_ptr[m[K;
[46.516s]       |                                 [01;35m[K^~~~~~~~~~~~[m[K
[46.518s] /home/ubuntu-nuc/rc2_ws/src/FASTLIO2_ROS2/fastlio2/src/map_builder/ikd_Tree.cpp: In instantiation of ‘[01m[Kvoid KD_TREE<PointType>::Rebuild(KD_TREE<PointType>::KD_TREE_NODE**) [with PointType = pcl::PointXYZ][m[K’:
[46.518s] [01m[K/home/ubuntu-nuc/rc2_ws/src/FASTLIO2_ROS2/fastlio2/src/map_builder/ikd_Tree.cpp:1730:16:[m[K   required from here
[46.518s] [01m[K/home/ubuntu-nuc/rc2_ws/src/FASTLIO2_ROS2/fastlio2/src/map_builder/ikd_Tree.cpp:751:13:[m[K [01;35m[Kwarning: [m[Kunused variable ‘[01m[Ksize_rec[m[K’ [[01;35m[K-Wunused-variable[m[K]
[46.518s]   751 |         int [01;35m[Ksize_rec[m[K = (*root)->TreeSize;
[46.518s]       |             [01;35m[K^~~~~~~~[m[K
[46.519s] /home/ubuntu-nuc/rc2_ws/src/FASTLIO2_ROS2/fastlio2/src/map_builder/ikd_Tree.cpp: In instantiation of ‘[01m[Kint KD_TREE<PointType>::Delete_by_range(KD_TREE<PointType>::KD_TREE_NODE**, BoxPointType, bool, bool) [with PointType = pcl::PointXYZ][m[K’:
[46.519s] [01m[K/home/ubuntu-nuc/rc2_ws/src/FASTLIO2_ROS2/fastlio2/src/map_builder/ikd_Tree.cpp:1730:16:[m[K   required from here
[46.519s] [01m[K/home/ubuntu-nuc/rc2_ws/src/FASTLIO2_ROS2/fastlio2/src/map_builder/ikd_Tree.cpp:802:21:[m[K [01;35m[Kwarning: [m[Kunused variable ‘[01m[KTimeout[m[K’ [[01;35m[K-Wunused-variable[m[K]
[46.519s]   802 |     struct timespec [01;35m[KTimeout[m[K;
[46.519s]       |                     [01;35m[K^~~~~~~[m[K
[46.519s] /home/ubuntu-nuc/rc2_ws/src/FASTLIO2_ROS2/fastlio2/src/map_builder/ikd_Tree.cpp: In instantiation of ‘[01m[Kvoid KD_TREE<PointType>::Delete_by_point(KD_TREE<PointType>::KD_TREE_NODE**, PointType, bool) [with PointType = pcl::PointXYZ][m[K’:
[46.519s] [01m[K/home/ubuntu-nuc/rc2_ws/src/FASTLIO2_ROS2/fastlio2/src/map_builder/ikd_Tree.cpp:1730:16:[m[K   required from here
[46.519s] [01m[K/home/ubuntu-nuc/rc2_ws/src/FASTLIO2_ROS2/fastlio2/src/map_builder/ikd_Tree.cpp:867:21:[m[K [01;35m[Kwarning: [m[Kunused variable ‘[01m[KTimeout[m[K’ [[01;35m[K-Wunused-variable[m[K]
[46.519s]   867 |     struct timespec [01;35m[KTimeout[m[K;
[46.519s]       |                     [01;35m[K^~~~~~~[m[K
[46.520s] /home/ubuntu-nuc/rc2_ws/src/FASTLIO2_ROS2/fastlio2/src/map_builder/ikd_Tree.cpp: In instantiation of ‘[01m[Kvoid KD_TREE<PointType>::Add_by_point(KD_TREE<PointType>::KD_TREE_NODE**, PointType, bool, int) [with PointType = pcl::PointXYZ][m[K’:
[46.520s] [01m[K/home/ubuntu-nuc/rc2_ws/src/FASTLIO2_ROS2/fastlio2/src/map_builder/ikd_Tree.cpp:1730:16:[m[K   required from here
[46.520s] [01m[K/home/ubuntu-nuc/rc2_ws/src/FASTLIO2_ROS2/fastlio2/src/map_builder/ikd_Tree.cpp:1006:21:[m[K [01;35m[Kwarning: [m[Kunused variable ‘[01m[KTimeout[m[K’ [[01;35m[K-Wunused-variable[m[K]
[46.520s]  1006 |     struct timespec [01;35m[KTimeout[m[K;
[46.520s]       |                     [01;35m[K^~~~~~~[m[K
[46.520s] /home/ubuntu-nuc/rc2_ws/src/FASTLIO2_ROS2/fastlio2/src/map_builder/ikd_Tree.cpp: In instantiation of ‘[01m[Kvoid KD_TREE<PointType>::Add_by_range(KD_TREE<PointType>::KD_TREE_NODE**, BoxPointType, bool) [with PointType = pcl::PointXYZ][m[K’:
[46.520s] [01m[K/home/ubuntu-nuc/rc2_ws/src/FASTLIO2_ROS2/fastlio2/src/map_builder/ikd_Tree.cpp:1730:16:[m[K   required from here
[46.520s] [01m[K/home/ubuntu-nuc/rc2_ws/src/FASTLIO2_ROS2/fastlio2/src/map_builder/ikd_Tree.cpp:946:21:[m[K [01;35m[Kwarning: [m[Kunused variable ‘[01m[KTimeout[m[K’ [[01;35m[K-Wunused-variable[m[K]
[46.520s]   946 |     struct timespec [01;35m[KTimeout[m[K;
[46.520s]       |                     [01;35m[K^~~~~~~[m[K
[46.521s] /home/ubuntu-nuc/rc2_ws/src/FASTLIO2_ROS2/fastlio2/src/map_builder/ikd_Tree.cpp: In instantiation of ‘[01m[Kvoid KD_TREE<PointType>::Search(KD_TREE<PointType>::KD_TREE_NODE*, int, PointType, KD_TREE<PointType>::MANUAL_HEAP&, float) [with PointType = pcl::PointXYZ][m[K’:
[46.521s] [01m[K/home/ubuntu-nuc/rc2_ws/src/FASTLIO2_ROS2/fastlio2/src/map_builder/ikd_Tree.cpp:1730:16:[m[K   required from here
[46.521s] [01m[K/home/ubuntu-nuc/rc2_ws/src/FASTLIO2_ROS2/fastlio2/src/map_builder/ikd_Tree.cpp:1097:63:[m[K [01;35m[Kwarning: [m[Ksuggest parentheses around ‘[01m[K&&[m[K’ within ‘[01m[K||[m[K’ [[01;35m[K-Wparentheses[m[K]
[46.521s]  1097 |     if (q.size() < k_nearest || [01;35m[Kdist_left_node < q.top().dist && dist_right_node < q.top().dist[m[K)
[46.521s]       |                                 [01;35m[K~~~~~~~~~~~~~~~~~~~~~~~~~~~~~~^~~~~~~~~~~~~~~~~~~~~~~~~~~~~~~~~[m[K
[46.521s] [01m[K/home/ubuntu-nuc/rc2_ws/src/FASTLIO2_ROS2/fastlio2/src/map_builder/ikd_Tree.cpp:1094:9:[m[K [01;35m[Kwarning: [m[Kunused variable ‘[01m[Kcur_search_counter[m[K’ [[01;35m[K-Wunused-variable[m[K]
[46.521s]  1094 |     int [01;35m[Kcur_search_counter[m[K;
[46.521s]       |         [01;35m[K^~~~~~~~~~~~~~~~~~[m[K
[46.527s] /home/ubuntu-nuc/rc2_ws/src/FASTLIO2_ROS2/fastlio2/src/map_builder/ikd_Tree.cpp: In instantiation of ‘[01m[Kint KD_TREE<PointType>::Add_Points(KD_TREE<PointType>::PointVector&, bool) [with PointType = pcl::PointXYZ; KD_TREE<PointType>::PointVector = std::vector<pcl::PointXYZ, Eigen::aligned_allocator<pcl::PointXYZ> >][m[K’:
[46.528s] [01m[K/home/ubuntu-nuc/rc2_ws/src/FASTLIO2_ROS2/fastlio2/src/map_builder/ikd_Tree.cpp:1730:16:[m[K   required from here
[46.528s] [01m[K/home/ubuntu-nuc/rc2_ws/src/FASTLIO2_ROS2/fastlio2/src/map_builder/ikd_Tree.cpp:485:23:[m[K [01;35m[Kwarning: [m[Kcomparison of integer expressions of different signedness: ‘[01m[Kint[m[K’ and ‘[01m[Kstd::vector<pcl::PointXYZ, Eigen::aligned_allocator<pcl::PointXYZ> >::size_type[m[K’ {aka ‘[01m[Klong unsigned int[m[K’} [[01;35m[K-Wsign-compare[m[K]
[46.528s]   485 |     for (int i = 0; [01;35m[Ki < PointToAdd.size()[m[K; i++)
[46.528s]       |                     [01;35m[K~~^~~~~~~~~~~~~~~~~~~[m[K
[46.528s] [01m[K/home/ubuntu-nuc/rc2_ws/src/FASTLIO2_ROS2/fastlio2/src/map_builder/ikd_Tree.cpp:502:39:[m[K [01;35m[Kwarning: [m[Kcomparison of integer expressions of different signedness: ‘[01m[Kint[m[K’ and ‘[01m[Kstd::vector<pcl::PointXYZ, Eigen::aligned_allocator<pcl::PointXYZ> >::size_type[m[K’ {aka ‘[01m[Klong unsigned int[m[K’} [[01;35m[K-Wsign-compare[m[K]
[46.528s]   502 |             for (int index = 0; [01;35m[Kindex < Downsample_Storage.size()[m[K; index++)
[46.528s]       |                                 [01;35m[K~~~~~~^~~~~~~~~~~~~~~~~~~~~~~~~~~[m[K
[46.528s] [01m[K/home/ubuntu-nuc/rc2_ws/src/FASTLIO2_ROS2/fastlio2/src/map_builder/ikd_Tree.cpp:478:9:[m[K [01;35m[Kwarning: [m[Kunused variable ‘[01m[KNewPointSize[m[K’ [[01;35m[K-Wunused-variable[m[K]
[46.528s]   478 |     int [01;35m[KNewPointSize[m[K = PointToAdd.size();
[46.528s]       |         [01;35m[K^~~~~~~~~~~~[m[K
[46.528s] [01m[K/home/ubuntu-nuc/rc2_ws/src/FASTLIO2_ROS2/fastlio2/src/map_builder/ikd_Tree.cpp:479:9:[m[K [01;35m[Kwarning: [m[Kunused variable ‘[01m[Ktree_size[m[K’ [[01;35m[K-Wunused-variable[m[K]
[46.528s]   479 |     int [01;35m[Ktree_size[m[K = size();
[46.528s]       |         [01;35m[K^~~~~~~~~[m[K
[46.529s] /home/ubuntu-nuc/rc2_ws/src/FASTLIO2_ROS2/fastlio2/src/map_builder/ikd_Tree.cpp: In instantiation of ‘[01m[Kvoid KD_TREE<PointType>::Add_Point_Boxes(std::vector<BoxPointType>&) [with PointType = pcl::PointXYZ][m[K’:
[46.529s] [01m[K/home/ubuntu-nuc/rc2_ws/src/FASTLIO2_ROS2/fastlio2/src/map_builder/ikd_Tree.cpp:1730:16:[m[K   required from here
[46.529s] [01m[K/home/ubuntu-nuc/rc2_ws/src/FASTLIO2_ROS2/fastlio2/src/map_builder/ikd_Tree.cpp:576:23:[m[K [01;35m[Kwarning: [m[Kcomparison of integer expressions of different signedness: ‘[01m[Kint[m[K’ and ‘[01m[Kstd::vector<BoxPointType>::size_type[m[K’ {aka ‘[01m[Klong unsigned int[m[K’} [[01;35m[K-Wsign-compare[m[K]
[46.529s]   576 |     for (int i = 0; [01;35m[Ki < BoxPoints.size()[m[K; i++)
[46.529s]       |                     [01;35m[K~~^~~~~~~~~~~~~~~~~~[m[K
[46.529s] /home/ubuntu-nuc/rc2_ws/src/FASTLIO2_ROS2/fastlio2/src/map_builder/ikd_Tree.cpp: In instantiation of ‘[01m[Kvoid KD_TREE<PointType>::Delete_Points(KD_TREE<PointType>::PointVector&) [with PointType = pcl::PointXYZ; KD_TREE<PointType>::PointVector = std::vector<pcl::PointXYZ, Eigen::aligned_allocator<pcl::PointXYZ> >][m[K’:
[46.529s] [01m[K/home/ubuntu-nuc/rc2_ws/src/FASTLIO2_ROS2/fastlio2/src/map_builder/ikd_Tree.cpp:1730:16:[m[K   required from here
[46.529s] [01m[K/home/ubuntu-nuc/rc2_ws/src/FASTLIO2_ROS2/fastlio2/src/map_builder/ikd_Tree.cpp:604:23:[m[K [01;35m[Kwarning: [m[Kcomparison of integer expressions of different signedness: ‘[01m[Kint[m[K’ and ‘[01m[Kstd::vector<pcl::PointXYZ, Eigen::aligned_allocator<pcl::PointXYZ> >::size_type[m[K’ {aka ‘[01m[Klong unsigned int[m[K’} [[01;35m[K-Wsign-compare[m[K]
[46.529s]   604 |     for (int i = 0; [01;35m[Ki < PointToDel.size()[m[K; i++)
[46.529s]       |                     [01;35m[K~~^~~~~~~~~~~~~~~~~~~[m[K
[46.529s] /home/ubuntu-nuc/rc2_ws/src/FASTLIO2_ROS2/fastlio2/src/map_builder/ikd_Tree.cpp: In instantiation of ‘[01m[Kint KD_TREE<PointType>::Delete_Point_Boxes(std::vector<BoxPointType>&) [with PointType = pcl::PointXYZ][m[K’:
[46.529s] [01m[K/home/ubuntu-nuc/rc2_ws/src/FASTLIO2_ROS2/fastlio2/src/map_builder/ikd_Tree.cpp:1730:16:[m[K   required from here
[46.529s] [01m[K/home/ubuntu-nuc/rc2_ws/src/FASTLIO2_ROS2/fastlio2/src/map_builder/ikd_Tree.cpp:633:23:[m[K [01;35m[Kwarning: [m[Kcomparison of integer expressions of different signedness: ‘[01m[Kint[m[K’ and ‘[01m[Kstd::vector<BoxPointType>::size_type[m[K’ {aka ‘[01m[Klong unsigned int[m[K’} [[01;35m[K-Wsign-compare[m[K]
[46.530s]   633 |     for (int i = 0; [01;35m[Ki < BoxPoints.size()[m[K; i++)
[46.530s]       |                     [01;35m[K~~^~~~~~~~~~~~~~~~~~[m[K
[46.530s] /home/ubuntu-nuc/rc2_ws/src/FASTLIO2_ROS2/fastlio2/src/map_builder/ikd_Tree.cpp: In instantiation of ‘[01m[Kvoid KD_TREE<PointType>::acquire_removed_points(KD_TREE<PointType>::PointVector&) [with PointType = pcl::PointXYZ; KD_TREE<PointType>::PointVector = std::vector<pcl::PointXYZ, Eigen::aligned_allocator<pcl::PointXYZ> >][m[K’:
[46.530s] [01m[K/home/ubuntu-nuc/rc2_ws/src/FASTLIO2_ROS2/fastlio2/src/map_builder/ikd_Tree.cpp:1730:16:[m[K   required from here
[46.530s] [01m[K/home/ubuntu-nuc/rc2_ws/src/FASTLIO2_ROS2/fastlio2/src/map_builder/ikd_Tree.cpp:662:23:[m[K [01;35m[Kwarning: [m[Kcomparison of integer expressions of different signedness: ‘[01m[Kint[m[K’ and ‘[01m[Kstd::vector<pcl::PointXYZ, Eigen::aligned_allocator<pcl::PointXYZ> >::size_type[m[K’ {aka ‘[01m[Klong unsigned int[m[K’} [[01;35m[K-Wsign-compare[m[K]
[46.530s]   662 |     for (int i = 0; [01;35m[Ki < Points_deleted.size()[m[K; i++)
[46.530s]       |                     [01;35m[K~~^~~~~~~~~~~~~~~~~~~~~~~[m[K
[46.530s] [01m[K/home/ubuntu-nuc/rc2_ws/src/FASTLIO2_ROS2/fastlio2/src/map_builder/ikd_Tree.cpp:666:23:[m[K [01;35m[Kwarning: [m[Kcomparison of integer expressions of different signedness: ‘[01m[Kint[m[K’ and ‘[01m[Kstd::vector<pcl::PointXYZ, Eigen::aligned_allocator<pcl::PointXYZ> >::size_type[m[K’ {aka ‘[01m[Klong unsigned int[m[K’} [[01;35m[K-Wsign-compare[m[K]
[46.530s]   666 |     for (int i = 0; [01;35m[Ki < Multithread_Points_deleted.size()[m[K; i++)
[46.530s]       |                     [01;35m[K~~^~~~~~~~~~~~~~~~~~~~~~~~~~~~~~~~~~~[m[K
[46.532s] /home/ubuntu-nuc/rc2_ws/src/FASTLIO2_ROS2/fastlio2/src/map_builder/ikd_Tree.cpp: In instantiation of ‘[01m[Kvoid KD_TREE<PointType>::multi_thread_rebuild() [with PointType = pcl::PointXYZI][m[K’:
[46.532s] [01m[K/home/ubuntu-nuc/rc2_ws/src/FASTLIO2_ROS2/fastlio2/src/map_builder/ikd_Tree.cpp:1731:16:[m[K   required from here
[46.532s] [01m[K/home/ubuntu-nuc/rc2_ws/src/FASTLIO2_ROS2/fastlio2/src/map_builder/ikd_Tree.cpp:329:17:[m[K [01;35m[Kwarning: [m[Kunused variable ‘[01m[Kvalid_old[m[K’ [[01;35m[K-Wunused-variable[m[K]
[46.532s]   329 |             int [01;35m[Kvalid_old[m[K = old_root_node->TreeSize - old_root_node->invalid_point_num;
[46.532s]       |                 [01;35m[K^~~~~~~~~[m[K
[46.532s] [01m[K/home/ubuntu-nuc/rc2_ws/src/FASTLIO2_ROS2/fastlio2/src/map_builder/ikd_Tree.cpp:330:17:[m[K [01;35m[Kwarning: [m[Kunused variable ‘[01m[Kvalid_new[m[K’ [[01;35m[K-Wunused-variable[m[K]
[46.532s]   330 |             int [01;35m[Kvalid_new[m[K = new_root_node->TreeSize - new_root_node->invalid_point_num;
[46.532s]       |                 [01;35m[K^~~~~~~~~[m[K
[46.532s] [01m[K/home/ubuntu-nuc/rc2_ws/src/FASTLIO2_ROS2/fastlio2/src/map_builder/ikd_Tree.cpp:231:33:[m[K [01;35m[Kwarning: [m[Kunused variable ‘[01m[Knew_node_ptr[m[K’ [[01;35m[K-Wunused-variable[m[K]
[46.532s]   231 |     KD_TREE_NODE *father_ptr, **[01;35m[Knew_node_ptr[m[K;
[46.532s]       |                                 [01;35m[K^~~~~~~~~~~~[m[K
[46.534s] /home/ubuntu-nuc/rc2_ws/src/FASTLIO2_ROS2/fastlio2/src/map_builder/ikd_Tree.cpp: In instantiation of ‘[01m[Kvoid KD_TREE<PointType>::Rebuild(KD_TREE<PointType>::KD_TREE_NODE**) [with PointType = pcl::PointXYZI][m[K’:
[46.534s] [01m[K/home/ubuntu-nuc/rc2_ws/src/FASTLIO2_ROS2/fastlio2/src/map_builder/ikd_Tree.cpp:1731:16:[m[K   required from here
[46.534s] [01m[K/home/ubuntu-nuc/rc2_ws/src/FASTLIO2_ROS2/fastlio2/src/map_builder/ikd_Tree.cpp:751:13:[m[K [01;35m[Kwarning: [m[Kunused variable ‘[01m[Ksize_rec[m[K’ [[01;35m[K-Wunused-variable[m[K]
[46.534s]   751 |         int [01;35m[Ksize_rec[m[K = (*root)->TreeSize;
[46.534s]       |             [01;35m[K^~~~~~~~[m[K
[46.534s] /home/ubuntu-nuc/rc2_ws/src/FASTLIO2_ROS2/fastlio2/src/map_builder/ikd_Tree.cpp: In instantiation of ‘[01m[Kint KD_TREE<PointType>::Delete_by_range(KD_TREE<PointType>::KD_TREE_NODE**, BoxPointType, bool, bool) [with PointType = pcl::PointXYZI][m[K’:
[46.534s] [01m[K/home/ubuntu-nuc/rc2_ws/src/FASTLIO2_ROS2/fastlio2/src/map_builder/ikd_Tree.cpp:1731:16:[m[K   required from here
[46.534s] [01m[K/home/ubuntu-nuc/rc2_ws/src/FASTLIO2_ROS2/fastlio2/src/map_builder/ikd_Tree.cpp:802:21:[m[K [01;35m[Kwarning: [m[Kunused variable ‘[01m[KTimeout[m[K’ [[01;35m[K-Wunused-variable[m[K]
[46.534s]   802 |     struct timespec [01;35m[KTimeout[m[K;
[46.534s]       |                     [01;35m[K^~~~~~~[m[K
[46.535s] /home/ubuntu-nuc/rc2_ws/src/FASTLIO2_ROS2/fastlio2/src/map_builder/ikd_Tree.cpp: In instantiation of ‘[01m[Kvoid KD_TREE<PointType>::Delete_by_point(KD_TREE<PointType>::KD_TREE_NODE**, PointType, bool) [with PointType = pcl::PointXYZI][m[K’:
[46.535s] [01m[K/home/ubuntu-nuc/rc2_ws/src/FASTLIO2_ROS2/fastlio2/src/map_builder/ikd_Tree.cpp:1731:16:[m[K   required from here
[46.535s] [01m[K/home/ubuntu-nuc/rc2_ws/src/FASTLIO2_ROS2/fastlio2/src/map_builder/ikd_Tree.cpp:867:21:[m[K [01;35m[Kwarning: [m[Kunused variable ‘[01m[KTimeout[m[K’ [[01;35m[K-Wunused-variable[m[K]
[46.535s]   867 |     struct timespec [01;35m[KTimeout[m[K;
[46.535s]       |                     [01;35m[K^~~~~~~[m[K
[46.535s] /home/ubuntu-nuc/rc2_ws/src/FASTLIO2_ROS2/fastlio2/src/map_builder/ikd_Tree.cpp: In instantiation of ‘[01m[Kvoid KD_TREE<PointType>::Add_by_point(KD_TREE<PointType>::KD_TREE_NODE**, PointType, bool, int) [with PointType = pcl::PointXYZI][m[K’:
[46.535s] [01m[K/home/ubuntu-nuc/rc2_ws/src/FASTLIO2_ROS2/fastlio2/src/map_builder/ikd_Tree.cpp:1731:16:[m[K   required from here
[46.535s] [01m[K/home/ubuntu-nuc/rc2_ws/src/FASTLIO2_ROS2/fastlio2/src/map_builder/ikd_Tree.cpp:1006:21:[m[K [01;35m[Kwarning: [m[Kunused variable ‘[01m[KTimeout[m[K’ [[01;35m[K-Wunused-variable[m[K]
[46.535s]  1006 |     struct timespec [01;35m[KTimeout[m[K;
[46.535s]       |                     [01;35m[K^~~~~~~[m[K
[46.536s] /home/ubuntu-nuc/rc2_ws/src/FASTLIO2_ROS2/fastlio2/src/map_builder/ikd_Tree.cpp: In instantiation of ‘[01m[Kvoid KD_TREE<PointType>::Add_by_range(KD_TREE<PointType>::KD_TREE_NODE**, BoxPointType, bool) [with PointType = pcl::PointXYZI][m[K’:
[46.536s] [01m[K/home/ubuntu-nuc/rc2_ws/src/FASTLIO2_ROS2/fastlio2/src/map_builder/ikd_Tree.cpp:1731:16:[m[K   required from here
[46.536s] [01m[K/home/ubuntu-nuc/rc2_ws/src/FASTLIO2_ROS2/fastlio2/src/map_builder/ikd_Tree.cpp:946:21:[m[K [01;35m[Kwarning: [m[Kunused variable ‘[01m[KTimeout[m[K’ [[01;35m[K-Wunused-variable[m[K]
[46.536s]   946 |     struct timespec [01;35m[KTimeout[m[K;
[46.536s]       |                     [01;35m[K^~~~~~~[m[K
[46.536s] /home/ubuntu-nuc/rc2_ws/src/FASTLIO2_ROS2/fastlio2/src/map_builder/ikd_Tree.cpp: In instantiation of ‘[01m[Kvoid KD_TREE<PointType>::Search(KD_TREE<PointType>::KD_TREE_NODE*, int, PointType, KD_TREE<PointType>::MANUAL_HEAP&, float) [with PointType = pcl::PointXYZI][m[K’:
[46.536s] [01m[K/home/ubuntu-nuc/rc2_ws/src/FASTLIO2_ROS2/fastlio2/src/map_builder/ikd_Tree.cpp:1731:16:[m[K   required from here
[46.536s] [01m[K/home/ubuntu-nuc/rc2_ws/src/FASTLIO2_ROS2/fastlio2/src/map_builder/ikd_Tree.cpp:1097:63:[m[K [01;35m[Kwarning: [m[Ksuggest parentheses around ‘[01m[K&&[m[K’ within ‘[01m[K||[m[K’ [[01;35m[K-Wparentheses[m[K]
[46.536s]  1097 |     if (q.size() < k_nearest || [01;35m[Kdist_left_node < q.top().dist && dist_right_node < q.top().dist[m[K)
[46.536s]       |                                 [01;35m[K~~~~~~~~~~~~~~~~~~~~~~~~~~~~~~^~~~~~~~~~~~~~~~~~~~~~~~~~~~~~~~~[m[K
[46.537s] [01m[K/home/ubuntu-nuc/rc2_ws/src/FASTLIO2_ROS2/fastlio2/src/map_builder/ikd_Tree.cpp:1094:9:[m[K [01;35m[Kwarning: [m[Kunused variable ‘[01m[Kcur_search_counter[m[K’ [[01;35m[K-Wunused-variable[m[K]
[46.537s]  1094 |     int [01;35m[Kcur_search_counter[m[K;
[46.537s]       |         [01;35m[K^~~~~~~~~~~~~~~~~~[m[K
[46.542s] /home/ubuntu-nuc/rc2_ws/src/FASTLIO2_ROS2/fastlio2/src/map_builder/ikd_Tree.cpp: In instantiation of ‘[01m[Kint KD_TREE<PointType>::Add_Points(KD_TREE<PointType>::PointVector&, bool) [with PointType = pcl::PointXYZI; KD_TREE<PointType>::PointVector = std::vector<pcl::PointXYZI, Eigen::aligned_allocator<pcl::PointXYZI> >][m[K’:
[46.542s] [01m[K/home/ubuntu-nuc/rc2_ws/src/FASTLIO2_ROS2/fastlio2/src/map_builder/ikd_Tree.cpp:1731:16:[m[K   required from here
[46.542s] [01m[K/home/ubuntu-nuc/rc2_ws/src/FASTLIO2_ROS2/fastlio2/src/map_builder/ikd_Tree.cpp:485:23:[m[K [01;35m[Kwarning: [m[Kcomparison of integer expressions of different signedness: ‘[01m[Kint[m[K’ and ‘[01m[Kstd::vector<pcl::PointXYZI, Eigen::aligned_allocator<pcl::PointXYZI> >::size_type[m[K’ {aka ‘[01m[Klong unsigned int[m[K’} [[01;35m[K-Wsign-compare[m[K]
[46.542s]   485 |     for (int i = 0; [01;35m[Ki < PointToAdd.size()[m[K; i++)
[46.542s]       |                     [01;35m[K~~^~~~~~~~~~~~~~~~~~~[m[K
[46.543s] [01m[K/home/ubuntu-nuc/rc2_ws/src/FASTLIO2_ROS2/fastlio2/src/map_builder/ikd_Tree.cpp:502:39:[m[K [01;35m[Kwarning: [m[Kcomparison of integer expressions of different signedness: ‘[01m[Kint[m[K’ and ‘[01m[Kstd::vector<pcl::PointXYZI, Eigen::aligned_allocator<pcl::PointXYZI> >::size_type[m[K’ {aka ‘[01m[Klong unsigned int[m[K’} [[01;35m[K-Wsign-compare[m[K]
[46.543s]   502 |             for (int index = 0; [01;35m[Kindex < Downsample_Storage.size()[m[K; index++)
[46.543s]       |                                 [01;35m[K~~~~~~^~~~~~~~~~~~~~~~~~~~~~~~~~~[m[K
[46.543s] [01m[K/home/ubuntu-nuc/rc2_ws/src/FASTLIO2_ROS2/fastlio2/src/map_builder/ikd_Tree.cpp:478:9:[m[K [01;35m[Kwarning: [m[Kunused variable ‘[01m[KNewPointSize[m[K’ [[01;35m[K-Wunused-variable[m[K]
[46.543s]   478 |     int [01;35m[KNewPointSize[m[K = PointToAdd.size();
[46.543s]       |         [01;35m[K^~~~~~~~~~~~[m[K
[46.543s] [01m[K/home/ubuntu-nuc/rc2_ws/src/FASTLIO2_ROS2/fastlio2/src/map_builder/ikd_Tree.cpp:479:9:[m[K [01;35m[Kwarning: [m[Kunused variable ‘[01m[Ktree_size[m[K’ [[01;35m[K-Wunused-variable[m[K]
[46.543s]   479 |     int [01;35m[Ktree_size[m[K = size();
[46.543s]       |         [01;35m[K^~~~~~~~~[m[K
[46.543s] /home/ubuntu-nuc/rc2_ws/src/FASTLIO2_ROS2/fastlio2/src/map_builder/ikd_Tree.cpp: In instantiation of ‘[01m[Kvoid KD_TREE<PointType>::Add_Point_Boxes(std::vector<BoxPointType>&) [with PointType = pcl::PointXYZI][m[K’:
[46.543s] [01m[K/home/ubuntu-nuc/rc2_ws/src/FASTLIO2_ROS2/fastlio2/src/map_builder/ikd_Tree.cpp:1731:16:[m[K   required from here
[46.543s] [01m[K/home/ubuntu-nuc/rc2_ws/src/FASTLIO2_ROS2/fastlio2/src/map_builder/ikd_Tree.cpp:576:23:[m[K [01;35m[Kwarning: [m[Kcomparison of integer expressions of different signedness: ‘[01m[Kint[m[K’ and ‘[01m[Kstd::vector<BoxPointType>::size_type[m[K’ {aka ‘[01m[Klong unsigned int[m[K’} [[01;35m[K-Wsign-compare[m[K]
[46.544s]   576 |     for (int i = 0; [01;35m[Ki < BoxPoints.size()[m[K; i++)
[46.544s]       |                     [01;35m[K~~^~~~~~~~~~~~~~~~~~[m[K
[46.544s] /home/ubuntu-nuc/rc2_ws/src/FASTLIO2_ROS2/fastlio2/src/map_builder/ikd_Tree.cpp: In instantiation of ‘[01m[Kvoid KD_TREE<PointType>::Delete_Points(KD_TREE<PointType>::PointVector&) [with PointType = pcl::PointXYZI; KD_TREE<PointType>::PointVector = std::vector<pcl::PointXYZI, Eigen::aligned_allocator<pcl::PointXYZI> >][m[K’:
[46.544s] [01m[K/home/ubuntu-nuc/rc2_ws/src/FASTLIO2_ROS2/fastlio2/src/map_builder/ikd_Tree.cpp:1731:16:[m[K   required from here
[46.544s] [01m[K/home/ubuntu-nuc/rc2_ws/src/FASTLIO2_ROS2/fastlio2/src/map_builder/ikd_Tree.cpp:604:23:[m[K [01;35m[Kwarning: [m[Kcomparison of integer expressions of different signedness: ‘[01m[Kint[m[K’ and ‘[01m[Kstd::vector<pcl::PointXYZI, Eigen::aligned_allocator<pcl::PointXYZI> >::size_type[m[K’ {aka ‘[01m[Klong unsigned int[m[K’} [[01;35m[K-Wsign-compare[m[K]
[46.544s]   604 |     for (int i = 0; [01;35m[Ki < PointToDel.size()[m[K; i++)
[46.544s]       |                     [01;35m[K~~^~~~~~~~~~~~~~~~~~~[m[K
[46.544s] /home/ubuntu-nuc/rc2_ws/src/FASTLIO2_ROS2/fastlio2/src/map_builder/ikd_Tree.cpp: In instantiation of ‘[01m[Kint KD_TREE<PointType>::Delete_Point_Boxes(std::vector<BoxPointType>&) [with PointType = pcl::PointXYZI][m[K’:
[46.544s] [01m[K/home/ubuntu-nuc/rc2_ws/src/FASTLIO2_ROS2/fastlio2/src/map_builder/ikd_Tree.cpp:1731:16:[m[K   required from here
[46.544s] [01m[K/home/ubuntu-nuc/rc2_ws/src/FASTLIO2_ROS2/fastlio2/src/map_builder/ikd_Tree.cpp:633:23:[m[K [01;35m[Kwarning: [m[Kcomparison of integer expressions of different signedness: ‘[01m[Kint[m[K’ and ‘[01m[Kstd::vector<BoxPointType>::size_type[m[K’ {aka ‘[01m[Klong unsigned int[m[K’} [[01;35m[K-Wsign-compare[m[K]
[46.544s]   633 |     for (int i = 0; [01;35m[Ki < BoxPoints.size()[m[K; i++)
[46.544s]       |                     [01;35m[K~~^~~~~~~~~~~~~~~~~~[m[K
[46.544s] /home/ubuntu-nuc/rc2_ws/src/FASTLIO2_ROS2/fastlio2/src/map_builder/ikd_Tree.cpp: In instantiation of ‘[01m[Kvoid KD_TREE<PointType>::acquire_removed_points(KD_TREE<PointType>::PointVector&) [with PointType = pcl::PointXYZI; KD_TREE<PointType>::PointVector = std::vector<pcl::PointXYZI, Eigen::aligned_allocator<pcl::PointXYZI> >][m[K’:
[46.544s] [01m[K/home/ubuntu-nuc/rc2_ws/src/FASTLIO2_ROS2/fastlio2/src/map_builder/ikd_Tree.cpp:1731:16:[m[K   required from here
[46.545s] [01m[K/home/ubuntu-nuc/rc2_ws/src/FASTLIO2_ROS2/fastlio2/src/map_builder/ikd_Tree.cpp:662:23:[m[K [01;35m[Kwarning: [m[Kcomparison of integer expressions of different signedness: ‘[01m[Kint[m[K’ and ‘[01m[Kstd::vector<pcl::PointXYZI, Eigen::aligned_allocator<pcl::PointXYZI> >::size_type[m[K’ {aka ‘[01m[Klong unsigned int[m[K’} [[01;35m[K-Wsign-compare[m[K]
[46.545s]   662 |     for (int i = 0; [01;35m[Ki < Points_deleted.size()[m[K; i++)
[46.545s]       |                     [01;35m[K~~^~~~~~~~~~~~~~~~~~~~~~~[m[K
[46.545s] [01m[K/home/ubuntu-nuc/rc2_ws/src/FASTLIO2_ROS2/fastlio2/src/map_builder/ikd_Tree.cpp:666:23:[m[K [01;35m[Kwarning: [m[Kcomparison of integer expressions of different signedness: ‘[01m[Kint[m[K’ and ‘[01m[Kstd::vector<pcl::PointXYZI, Eigen::aligned_allocator<pcl::PointXYZI> >::size_type[m[K’ {aka ‘[01m[Klong unsigned int[m[K’} [[01;35m[K-Wsign-compare[m[K]
[46.545s]   666 |     for (int i = 0; [01;35m[Ki < Multithread_Points_deleted.size()[m[K; i++)
[46.545s]       |                     [01;35m[K~~^~~~~~~~~~~~~~~~~~~~~~~~~~~~~~~~~~~[m[K
[46.546s] /home/ubuntu-nuc/rc2_ws/src/FASTLIO2_ROS2/fastlio2/src/map_builder/ikd_Tree.cpp: In instantiation of ‘[01m[Kvoid KD_TREE<PointType>::multi_thread_rebuild() [with PointType = pcl::PointXYZINormal][m[K’:
[46.546s] [01m[K/home/ubuntu-nuc/rc2_ws/src/FASTLIO2_ROS2/fastlio2/src/map_builder/ikd_Tree.cpp:1732:16:[m[K   required from here
[46.547s] [01m[K/home/ubuntu-nuc/rc2_ws/src/FASTLIO2_ROS2/fastlio2/src/map_builder/ikd_Tree.cpp:329:17:[m[K [01;35m[Kwarning: [m[Kunused variable ‘[01m[Kvalid_old[m[K’ [[01;35m[K-Wunused-variable[m[K]
[46.547s]   329 |             int [01;35m[Kvalid_old[m[K = old_root_node->TreeSize - old_root_node->invalid_point_num;
[46.547s]       |                 [01;35m[K^~~~~~~~~[m[K
[46.547s] [01m[K/home/ubuntu-nuc/rc2_ws/src/FASTLIO2_ROS2/fastlio2/src/map_builder/ikd_Tree.cpp:330:17:[m[K [01;35m[Kwarning: [m[Kunused variable ‘[01m[Kvalid_new[m[K’ [[01;35m[K-Wunused-variable[m[K]
[46.547s]   330 |             int [01;35m[Kvalid_new[m[K = new_root_node->TreeSize - new_root_node->invalid_point_num;
[46.547s]       |                 [01;35m[K^~~~~~~~~[m[K
[46.547s] [01m[K/home/ubuntu-nuc/rc2_ws/src/FASTLIO2_ROS2/fastlio2/src/map_builder/ikd_Tree.cpp:231:33:[m[K [01;35m[Kwarning: [m[Kunused variable ‘[01m[Knew_node_ptr[m[K’ [[01;35m[K-Wunused-variable[m[K]
[46.547s]   231 |     KD_TREE_NODE *father_ptr, **[01;35m[Knew_node_ptr[m[K;
[46.547s]       |                                 [01;35m[K^~~~~~~~~~~~[m[K
[46.548s] /home/ubuntu-nuc/rc2_ws/src/FASTLIO2_ROS2/fastlio2/src/map_builder/ikd_Tree.cpp: In instantiation of ‘[01m[Kvoid KD_TREE<PointType>::Rebuild(KD_TREE<PointType>::KD_TREE_NODE**) [with PointType = pcl::PointXYZINormal][m[K’:
[46.548s] [01m[K/home/ubuntu-nuc/rc2_ws/src/FASTLIO2_ROS2/fastlio2/src/map_builder/ikd_Tree.cpp:1732:16:[m[K   required from here
[46.549s] [01m[K/home/ubuntu-nuc/rc2_ws/src/FASTLIO2_ROS2/fastlio2/src/map_builder/ikd_Tree.cpp:751:13:[m[K [01;35m[Kwarning: [m[Kunused variable ‘[01m[Ksize_rec[m[K’ [[01;35m[K-Wunused-variable[m[K]
[46.549s]   751 |         int [01;35m[Ksize_rec[m[K = (*root)->TreeSize;
[46.549s]       |             [01;35m[K^~~~~~~~[m[K
[46.549s] /home/ubuntu-nuc/rc2_ws/src/FASTLIO2_ROS2/fastlio2/src/map_builder/ikd_Tree.cpp: In instantiation of ‘[01m[Kint KD_TREE<PointType>::Delete_by_range(KD_TREE<PointType>::KD_TREE_NODE**, BoxPointType, bool, bool) [with PointType = pcl::PointXYZINormal][m[K’:
[46.549s] [01m[K/home/ubuntu-nuc/rc2_ws/src/FASTLIO2_ROS2/fastlio2/src/map_builder/ikd_Tree.cpp:1732:16:[m[K   required from here
[46.549s] [01m[K/home/ubuntu-nuc/rc2_ws/src/FASTLIO2_ROS2/fastlio2/src/map_builder/ikd_Tree.cpp:802:21:[m[K [01;35m[Kwarning: [m[Kunused variable ‘[01m[KTimeout[m[K’ [[01;35m[K-Wunused-variable[m[K]
[46.549s]   802 |     struct timespec [01;35m[KTimeout[m[K;
[46.549s]       |                     [01;35m[K^~~~~~~[m[K
[46.549s] /home/ubuntu-nuc/rc2_ws/src/FASTLIO2_ROS2/fastlio2/src/map_builder/ikd_Tree.cpp: In instantiation of ‘[01m[Kvoid KD_TREE<PointType>::Delete_by_point(KD_TREE<PointType>::KD_TREE_NODE**, PointType, bool) [with PointType = pcl::PointXYZINormal][m[K’:
[46.549s] [01m[K/home/ubuntu-nuc/rc2_ws/src/FASTLIO2_ROS2/fastlio2/src/map_builder/ikd_Tree.cpp:1732:16:[m[K   required from here
[46.549s] [01m[K/home/ubuntu-nuc/rc2_ws/src/FASTLIO2_ROS2/fastlio2/src/map_builder/ikd_Tree.cpp:867:21:[m[K [01;35m[Kwarning: [m[Kunused variable ‘[01m[KTimeout[m[K’ [[01;35m[K-Wunused-variable[m[K]
[46.550s]   867 |     struct timespec [01;35m[KTimeout[m[K;
[46.550s]       |                     [01;35m[K^~~~~~~[m[K
[46.550s] /home/ubuntu-nuc/rc2_ws/src/FASTLIO2_ROS2/fastlio2/src/map_builder/ikd_Tree.cpp: In instantiation of ‘[01m[Kvoid KD_TREE<PointType>::Add_by_point(KD_TREE<PointType>::KD_TREE_NODE**, PointType, bool, int) [with PointType = pcl::PointXYZINormal][m[K’:
[46.550s] [01m[K/home/ubuntu-nuc/rc2_ws/src/FASTLIO2_ROS2/fastlio2/src/map_builder/ikd_Tree.cpp:1732:16:[m[K   required from here
[46.550s] [01m[K/home/ubuntu-nuc/rc2_ws/src/FASTLIO2_ROS2/fastlio2/src/map_builder/ikd_Tree.cpp:1006:21:[m[K [01;35m[Kwarning: [m[Kunused variable ‘[01m[KTimeout[m[K’ [[01;35m[K-Wunused-variable[m[K]
[46.550s]  1006 |     struct timespec [01;35m[KTimeout[m[K;
[46.550s]       |                     [01;35m[K^~~~~~~[m[K
[46.550s] /home/ubuntu-nuc/rc2_ws/src/FASTLIO2_ROS2/fastlio2/src/map_builder/ikd_Tree.cpp: In instantiation of ‘[01m[Kvoid KD_TREE<PointType>::Add_by_range(KD_TREE<PointType>::KD_TREE_NODE**, BoxPointType, bool) [with PointType = pcl::PointXYZINormal][m[K’:
[46.550s] [01m[K/home/ubuntu-nuc/rc2_ws/src/FASTLIO2_ROS2/fastlio2/src/map_builder/ikd_Tree.cpp:1732:16:[m[K   required from here
[46.550s] [01m[K/home/ubuntu-nuc/rc2_ws/src/FASTLIO2_ROS2/fastlio2/src/map_builder/ikd_Tree.cpp:946:21:[m[K [01;35m[Kwarning: [m[Kunused variable ‘[01m[KTimeout[m[K’ [[01;35m[K-Wunused-variable[m[K]
[46.550s]   946 |     struct timespec [01;35m[KTimeout[m[K;
[46.551s]       |                     [01;35m[K^~~~~~~[m[K
[46.551s] /home/ubuntu-nuc/rc2_ws/src/FASTLIO2_ROS2/fastlio2/src/map_builder/ikd_Tree.cpp: In instantiation of ‘[01m[Kvoid KD_TREE<PointType>::Search(KD_TREE<PointType>::KD_TREE_NODE*, int, PointType, KD_TREE<PointType>::MANUAL_HEAP&, float) [with PointType = pcl::PointXYZINormal][m[K’:
[46.551s] [01m[K/home/ubuntu-nuc/rc2_ws/src/FASTLIO2_ROS2/fastlio2/src/map_builder/ikd_Tree.cpp:1732:16:[m[K   required from here
[46.551s] [01m[K/home/ubuntu-nuc/rc2_ws/src/FASTLIO2_ROS2/fastlio2/src/map_builder/ikd_Tree.cpp:1097:63:[m[K [01;35m[Kwarning: [m[Ksuggest parentheses around ‘[01m[K&&[m[K’ within ‘[01m[K||[m[K’ [[01;35m[K-Wparentheses[m[K]
[46.551s]  1097 |     if (q.size() < k_nearest || [01;35m[Kdist_left_node < q.top().dist && dist_right_node < q.top().dist[m[K)
[46.551s]       |                                 [01;35m[K~~~~~~~~~~~~~~~~~~~~~~~~~~~~~~^~~~~~~~~~~~~~~~~~~~~~~~~~~~~~~~~[m[K
[46.551s] [01m[K/home/ubuntu-nuc/rc2_ws/src/FASTLIO2_ROS2/fastlio2/src/map_builder/ikd_Tree.cpp:1094:9:[m[K [01;35m[Kwarning: [m[Kunused variable ‘[01m[Kcur_search_counter[m[K’ [[01;35m[K-Wunused-variable[m[K]
[46.551s]  1094 |     int [01;35m[Kcur_search_counter[m[K;
[46.551s]       |         [01;35m[K^~~~~~~~~~~~~~~~~~[m[K
[46.557s] /home/ubuntu-nuc/rc2_ws/src/FASTLIO2_ROS2/fastlio2/src/map_builder/ikd_Tree.cpp: In instantiation of ‘[01m[Kint KD_TREE<PointType>::Add_Points(KD_TREE<PointType>::PointVector&, bool) [with PointType = pcl::PointXYZINormal; KD_TREE<PointType>::PointVector = std::vector<pcl::PointXYZINormal, Eigen::aligned_allocator<pcl::PointXYZINormal> >][m[K’:
[46.557s] [01m[K/home/ubuntu-nuc/rc2_ws/src/FASTLIO2_ROS2/fastlio2/src/map_builder/ikd_Tree.cpp:1732:16:[m[K   required from here
[46.557s] [01m[K/home/ubuntu-nuc/rc2_ws/src/FASTLIO2_ROS2/fastlio2/src/map_builder/ikd_Tree.cpp:485:23:[m[K [01;35m[Kwarning: [m[Kcomparison of integer expressions of different signedness: ‘[01m[Kint[m[K’ and ‘[01m[Kstd::vector<pcl::PointXYZINormal, Eigen::aligned_allocator<pcl::PointXYZINormal> >::size_type[m[K’ {aka ‘[01m[Klong unsigned int[m[K’} [[01;35m[K-Wsign-compare[m[K]
[46.557s]   485 |     for (int i = 0; [01;35m[Ki < PointToAdd.size()[m[K; i++)
[46.557s]       |                     [01;35m[K~~^~~~~~~~~~~~~~~~~~~[m[K
[46.557s] [01m[K/home/ubuntu-nuc/rc2_ws/src/FASTLIO2_ROS2/fastlio2/src/map_builder/ikd_Tree.cpp:502:39:[m[K [01;35m[Kwarning: [m[Kcomparison of integer expressions of different signedness: ‘[01m[Kint[m[K’ and ‘[01m[Kstd::vector<pcl::PointXYZINormal, Eigen::aligned_allocator<pcl::PointXYZINormal> >::size_type[m[K’ {aka ‘[01m[Klong unsigned int[m[K’} [[01;35m[K-Wsign-compare[m[K]
[46.557s]   502 |             for (int index = 0; [01;35m[Kindex < Downsample_Storage.size()[m[K; index++)
[46.557s]       |                                 [01;35m[K~~~~~~^~~~~~~~~~~~~~~~~~~~~~~~~~~[m[K
[46.557s] [01m[K/home/ubuntu-nuc/rc2_ws/src/FASTLIO2_ROS2/fastlio2/src/map_builder/ikd_Tree.cpp:478:9:[m[K [01;35m[Kwarning: [m[Kunused variable ‘[01m[KNewPointSize[m[K’ [[01;35m[K-Wunused-variable[m[K]
[46.557s]   478 |     int [01;35m[KNewPointSize[m[K = PointToAdd.size();
[46.558s]       |         [01;35m[K^~~~~~~~~~~~[m[K
[46.558s] [01m[K/home/ubuntu-nuc/rc2_ws/src/FASTLIO2_ROS2/fastlio2/src/map_builder/ikd_Tree.cpp:479:9:[m[K [01;35m[Kwarning: [m[Kunused variable ‘[01m[Ktree_size[m[K’ [[01;35m[K-Wunused-variable[m[K]
[46.558s]   479 |     int [01;35m[Ktree_size[m[K = size();
[46.558s]       |         [01;35m[K^~~~~~~~~[m[K
[46.558s] /home/ubuntu-nuc/rc2_ws/src/FASTLIO2_ROS2/fastlio2/src/map_builder/ikd_Tree.cpp: In instantiation of ‘[01m[Kvoid KD_TREE<PointType>::Add_Point_Boxes(std::vector<BoxPointType>&) [with PointType = pcl::PointXYZINormal][m[K’:
[46.558s] [01m[K/home/ubuntu-nuc/rc2_ws/src/FASTLIO2_ROS2/fastlio2/src/map_builder/ikd_Tree.cpp:1732:16:[m[K   required from here
[46.558s] [01m[K/home/ubuntu-nuc/rc2_ws/src/FASTLIO2_ROS2/fastlio2/src/map_builder/ikd_Tree.cpp:576:23:[m[K [01;35m[Kwarning: [m[Kcomparison of integer expressions of different signedness: ‘[01m[Kint[m[K’ and ‘[01m[Kstd::vector<BoxPointType>::size_type[m[K’ {aka ‘[01m[Klong unsigned int[m[K’} [[01;35m[K-Wsign-compare[m[K]
[46.558s]   576 |     for (int i = 0; [01;35m[Ki < BoxPoints.size()[m[K; i++)
[46.558s]       |                     [01;35m[K~~^~~~~~~~~~~~~~~~~~[m[K
[46.558s] /home/ubuntu-nuc/rc2_ws/src/FASTLIO2_ROS2/fastlio2/src/map_builder/ikd_Tree.cpp: In instantiation of ‘[01m[Kvoid KD_TREE<PointType>::Delete_Points(KD_TREE<PointType>::PointVector&) [with PointType = pcl::PointXYZINormal; KD_TREE<PointType>::PointVector = std::vector<pcl::PointXYZINormal, Eigen::aligned_allocator<pcl::PointXYZINormal> >][m[K’:
[46.558s] [01m[K/home/ubuntu-nuc/rc2_ws/src/FASTLIO2_ROS2/fastlio2/src/map_builder/ikd_Tree.cpp:1732:16:[m[K   required from here
[46.558s] [01m[K/home/ubuntu-nuc/rc2_ws/src/FASTLIO2_ROS2/fastlio2/src/map_builder/ikd_Tree.cpp:604:23:[m[K [01;35m[Kwarning: [m[Kcomparison of integer expressions of different signedness: ‘[01m[Kint[m[K’ and ‘[01m[Kstd::vector<pcl::PointXYZINormal, Eigen::aligned_allocator<pcl::PointXYZINormal> >::size_type[m[K’ {aka ‘[01m[Klong unsigned int[m[K’} [[01;35m[K-Wsign-compare[m[K]
[46.559s]   604 |     for (int i = 0; [01;35m[Ki < PointToDel.size()[m[K; i++)
[46.559s]       |                     [01;35m[K~~^~~~~~~~~~~~~~~~~~~[m[K
[46.559s] /home/ubuntu-nuc/rc2_ws/src/FASTLIO2_ROS2/fastlio2/src/map_builder/ikd_Tree.cpp: In instantiation of ‘[01m[Kint KD_TREE<PointType>::Delete_Point_Boxes(std::vector<BoxPointType>&) [with PointType = pcl::PointXYZINormal][m[K’:
[46.559s] [01m[K/home/ubuntu-nuc/rc2_ws/src/FASTLIO2_ROS2/fastlio2/src/map_builder/ikd_Tree.cpp:1732:16:[m[K   required from here
[46.559s] [01m[K/home/ubuntu-nuc/rc2_ws/src/FASTLIO2_ROS2/fastlio2/src/map_builder/ikd_Tree.cpp:633:23:[m[K [01;35m[Kwarning: [m[Kcomparison of integer expressions of different signedness: ‘[01m[Kint[m[K’ and ‘[01m[Kstd::vector<BoxPointType>::size_type[m[K’ {aka ‘[01m[Klong unsigned int[m[K’} [[01;35m[K-Wsign-compare[m[K]
[46.559s]   633 |     for (int i = 0; [01;35m[Ki < BoxPoints.size()[m[K; i++)
[46.559s]       |                     [01;35m[K~~^~~~~~~~~~~~~~~~~~[m[K
[46.559s] /home/ubuntu-nuc/rc2_ws/src/FASTLIO2_ROS2/fastlio2/src/map_builder/ikd_Tree.cpp: In instantiation of ‘[01m[Kvoid KD_TREE<PointType>::acquire_removed_points(KD_TREE<PointType>::PointVector&) [with PointType = pcl::PointXYZINormal; KD_TREE<PointType>::PointVector = std::vector<pcl::PointXYZINormal, Eigen::aligned_allocator<pcl::PointXYZINormal> >][m[K’:
[46.559s] [01m[K/home/ubuntu-nuc/rc2_ws/src/FASTLIO2_ROS2/fastlio2/src/map_builder/ikd_Tree.cpp:1732:16:[m[K   required from here
[46.559s] [01m[K/home/ubuntu-nuc/rc2_ws/src/FASTLIO2_ROS2/fastlio2/src/map_builder/ikd_Tree.cpp:662:23:[m[K [01;35m[Kwarning: [m[Kcomparison of integer expressions of different signedness: ‘[01m[Kint[m[K’ and ‘[01m[Kstd::vector<pcl::PointXYZINormal, Eigen::aligned_allocator<pcl::PointXYZINormal> >::size_type[m[K’ {aka ‘[01m[Klong unsigned int[m[K’} [[01;35m[K-Wsign-compare[m[K]
[46.559s]   662 |     for (int i = 0; [01;35m[Ki < Points_deleted.size()[m[K; i++)
[46.559s]       |                     [01;35m[K~~^~~~~~~~~~~~~~~~~~~~~~~[m[K
[46.559s] [01m[K/home/ubuntu-nuc/rc2_ws/src/FASTLIO2_ROS2/fastlio2/src/map_builder/ikd_Tree.cpp:666:23:[m[K [01;35m[Kwarning: [m[Kcomparison of integer expressions of different signedness: ‘[01m[Kint[m[K’ and ‘[01m[Kstd::vector<pcl::PointXYZINormal, Eigen::aligned_allocator<pcl::PointXYZINormal> >::size_type[m[K’ {aka ‘[01m[Klong unsigned int[m[K’} [[01;35m[K-Wsign-compare[m[K]
[46.559s]   666 |     for (int i = 0; [01;35m[Ki < Multithread_Points_deleted.size()[m[K; i++)
[46.559s]       |                     [01;35m[K~~^~~~~~~~~~~~~~~~~~~~~~~~~~~~~~~~~~~[m[K
[48.750s] [ 88%] [32mBuilding CXX object CMakeFiles/lio_node.dir/src/map_builder/ieskf.cpp.o[0m
[48.750s] [ 88%] [32mBuilding CXX object CMakeFiles/lio_node.dir/src/map_builder/commons.cpp.o[0m
[59.265s] [100%] [32m[1mLinking CXX executable lio_node[0m
[59.788s] [100%] Built target lio_node
[59.793s] Invoked command in '/home/ubuntu-nuc/rc2_ws/build/fastlio2' returned '0': AMENT_PREFIX_PATH=/home/ubuntu-nuc/rc2_ws/install/livox_ros_driver2:${AMENT_PREFIX_PATH} CMAKE_PREFIX_PATH=/home/ubuntu-nuc/rc2_ws/install/livox_ros_driver2:/home/ubuntu-nuc/rc2_ws/install/interface:/home/ubuntu-nuc/rc2_ws/install/meiling_detect_debug:/home/ubuntu-nuc/rc2_ws/install/meiling_detect:/opt/ros/humble:/home/ubuntu-nuc/rc2_ws/install/auto_aim_interfaces:/home/ubuntu-nuc/rc_ws/install/fast_lio:/home/ubuntu-nuc/rc_ws/install/livox_ros_driver2 LD_LIBRARY_PATH=/home/ubuntu-nuc/rc2_ws/install/livox_ros_driver2/lib:/opt/MVS/lib/64:/opt/MVS/lib/32:/opt/MVS/lib/64:/opt/MVS/lib/32:/usr/lib/x86_64-linux-gnu:/home/ubuntu-nuc/rc2_ws/install/interface/lib:/home/ubuntu-nuc/rc2_ws/install/auto_aim_interfaces/lib:/home/ubuntu-nuc/rc_ws/install/fast_lio/lib:/home/ubuntu-nuc/rc_ws/install/livox_ros_driver2/lib:/usr/lib/x86_64-linux-gnu/gazebo-11/plugins:/opt/ros/humble/opt/rviz_ogre_vendor/lib:/opt/ros/humble/lib/x86_64-linux-gnu:/opt/ros/humble/opt/openvdb_vendor/lib:/opt/ros/humble/lib:/opt/MVS/lib/64:/opt/MVS/lib/32 PYTHONPATH=/home/ubuntu-nuc/rc2_ws/install/livox_ros_driver2/local/lib/python3.10/dist-packages:${PYTHONPATH} /usr/local/bin/cmake --build /home/ubuntu-nuc/rc2_ws/build/fastlio2 -- -j8 -l8
[59.794s] Invoking command in '/home/ubuntu-nuc/rc2_ws/build/fastlio2': AMENT_PREFIX_PATH=/home/ubuntu-nuc/rc2_ws/install/livox_ros_driver2:${AMENT_PREFIX_PATH} CMAKE_PREFIX_PATH=/home/ubuntu-nuc/rc2_ws/install/livox_ros_driver2:/home/ubuntu-nuc/rc2_ws/install/interface:/home/ubuntu-nuc/rc2_ws/install/meiling_detect_debug:/home/ubuntu-nuc/rc2_ws/install/meiling_detect:/opt/ros/humble:/home/ubuntu-nuc/rc2_ws/install/auto_aim_interfaces:/home/ubuntu-nuc/rc_ws/install/fast_lio:/home/ubuntu-nuc/rc_ws/install/livox_ros_driver2 LD_LIBRARY_PATH=/home/ubuntu-nuc/rc2_ws/install/livox_ros_driver2/lib:/opt/MVS/lib/64:/opt/MVS/lib/32:/opt/MVS/lib/64:/opt/MVS/lib/32:/usr/lib/x86_64-linux-gnu:/home/ubuntu-nuc/rc2_ws/install/interface/lib:/home/ubuntu-nuc/rc2_ws/install/auto_aim_interfaces/lib:/home/ubuntu-nuc/rc_ws/install/fast_lio/lib:/home/ubuntu-nuc/rc_ws/install/livox_ros_driver2/lib:/usr/lib/x86_64-linux-gnu/gazebo-11/plugins:/opt/ros/humble/opt/rviz_ogre_vendor/lib:/opt/ros/humble/lib/x86_64-linux-gnu:/opt/ros/humble/opt/openvdb_vendor/lib:/opt/ros/humble/lib:/opt/MVS/lib/64:/opt/MVS/lib/32 PYTHONPATH=/home/ubuntu-nuc/rc2_ws/install/livox_ros_driver2/local/lib/python3.10/dist-packages:${PYTHONPATH} /usr/local/bin/cmake --install /home/ubuntu-nuc/rc2_ws/build/fastlio2
[59.797s] -- Install configuration: "Release"
[59.797s] -- Installing: /home/ubuntu-nuc/rc2_ws/install/fastlio2/lib/fastlio2/lio_node
[59.798s] -- Set non-toolchain portion of runtime path of "/home/ubuntu-nuc/rc2_ws/install/fastlio2/lib/fastlio2/lio_node" to ""
[59.798s] -- Installing: /home/ubuntu-nuc/rc2_ws/install/fastlio2/share/fastlio2/launch
[59.798s] -- Installing: /home/ubuntu-nuc/rc2_ws/install/fastlio2/share/fastlio2/launch/lio_launch.py
[59.798s] -- Installing: /home/ubuntu-nuc/rc2_ws/install/fastlio2/share/fastlio2/launch/lio2_launch.py
[59.799s] -- Installing: /home/ubuntu-nuc/rc2_ws/install/fastlio2/share/fastlio2/rviz
[59.799s] -- Installing: /home/ubuntu-nuc/rc2_ws/install/fastlio2/share/fastlio2/rviz/fastlio2.rviz
[59.799s] -- Installing: /home/ubuntu-nuc/rc2_ws/install/fastlio2/share/fastlio2/config
[59.799s] -- Installing: /home/ubuntu-nuc/rc2_ws/install/fastlio2/share/fastlio2/config/lio.yaml
[59.799s] -- Installing: /home/ubuntu-nuc/rc2_ws/install/fastlio2/share/ament_index/resource_index/package_run_dependencies/fastlio2
[59.799s] -- Installing: /home/ubuntu-nuc/rc2_ws/install/fastlio2/share/ament_index/resource_index/parent_prefix_path/fastlio2
[59.799s] -- Installing: /home/ubuntu-nuc/rc2_ws/install/fastlio2/share/fastlio2/environment/ament_prefix_path.sh
[59.799s] -- Installing: /home/ubuntu-nuc/rc2_ws/install/fastlio2/share/fastlio2/environment/ament_prefix_path.dsv
[59.799s] -- Installing: /home/ubuntu-nuc/rc2_ws/install/fastlio2/share/fastlio2/environment/path.sh
[59.799s] -- Installing: /home/ubuntu-nuc/rc2_ws/install/fastlio2/share/fastlio2/environment/path.dsv
[59.799s] -- Installing: /home/ubuntu-nuc/rc2_ws/install/fastlio2/share/fastlio2/local_setup.bash
[59.799s] -- Installing: /home/ubuntu-nuc/rc2_ws/install/fastlio2/share/fastlio2/local_setup.sh
[59.799s] -- Installing: /home/ubuntu-nuc/rc2_ws/install/fastlio2/share/fastlio2/local_setup.zsh
[59.799s] -- Installing: /home/ubuntu-nuc/rc2_ws/install/fastlio2/share/fastlio2/local_setup.dsv
[59.800s] -- Installing: /home/ubuntu-nuc/rc2_ws/install/fastlio2/share/fastlio2/package.dsv
[59.800s] -- Installing: /home/ubuntu-nuc/rc2_ws/install/fastlio2/share/ament_index/resource_index/packages/fastlio2
[59.800s] -- Installing: /home/ubuntu-nuc/rc2_ws/install/fastlio2/share/fastlio2/cmake/fastlio2Config.cmake
[59.800s] -- Installing: /home/ubuntu-nuc/rc2_ws/install/fastlio2/share/fastlio2/cmake/fastlio2Config-version.cmake
[59.800s] -- Installing: /home/ubuntu-nuc/rc2_ws/install/fastlio2/share/fastlio2/package.xml
[59.801s] Invoked command in '/home/ubuntu-nuc/rc2_ws/build/fastlio2' returned '0': AMENT_PREFIX_PATH=/home/ubuntu-nuc/rc2_ws/install/livox_ros_driver2:${AMENT_PREFIX_PATH} CMAKE_PREFIX_PATH=/home/ubuntu-nuc/rc2_ws/install/livox_ros_driver2:/home/ubuntu-nuc/rc2_ws/install/interface:/home/ubuntu-nuc/rc2_ws/install/meiling_detect_debug:/home/ubuntu-nuc/rc2_ws/install/meiling_detect:/opt/ros/humble:/home/ubuntu-nuc/rc2_ws/install/auto_aim_interfaces:/home/ubuntu-nuc/rc_ws/install/fast_lio:/home/ubuntu-nuc/rc_ws/install/livox_ros_driver2 LD_LIBRARY_PATH=/home/ubuntu-nuc/rc2_ws/install/livox_ros_driver2/lib:/opt/MVS/lib/64:/opt/MVS/lib/32:/opt/MVS/lib/64:/opt/MVS/lib/32:/usr/lib/x86_64-linux-gnu:/home/ubuntu-nuc/rc2_ws/install/interface/lib:/home/ubuntu-nuc/rc2_ws/install/auto_aim_interfaces/lib:/home/ubuntu-nuc/rc_ws/install/fast_lio/lib:/home/ubuntu-nuc/rc_ws/install/livox_ros_driver2/lib:/usr/lib/x86_64-linux-gnu/gazebo-11/plugins:/opt/ros/humble/opt/rviz_ogre_vendor/lib:/opt/ros/humble/lib/x86_64-linux-gnu:/opt/ros/humble/opt/openvdb_vendor/lib:/opt/ros/humble/lib:/opt/MVS/lib/64:/opt/MVS/lib/32 PYTHONPATH=/home/ubuntu-nuc/rc2_ws/install/livox_ros_driver2/local/lib/python3.10/dist-packages:${PYTHONPATH} /usr/local/bin/cmake --install /home/ubuntu-nuc/rc2_ws/build/fastlio2
