[0.013s] Invoking command in '/home/ubuntu-nuc/rc2_ws/build/livox_sdk2': /usr/local/bin/cmake /home/ubuntu-nuc/rc2_ws/src/Livox-SDK2 -DROS_EDITION=ROS2 -DDISTRO_ROS=humble -DCMAKE_INSTALL_PREFIX=/home/ubuntu-nuc/rc2_ws/install/livox_sdk2
[0.015s] [0mCMake Deprecation Warning at CMakeLists.txt:1 (cmake_minimum_required):
[0.015s]   Compatibility with CMake < 3.10 will be removed from a future version of
[0.016s]   CMake.
[0.016s] 
[0.016s]   Update the VERSION argument <min> value.  Or, use the <min>...<max> syntax
[0.016s]   to tell CMake that the project requires at least <min> but has been updated
[0.016s]   to work with policies introduced by <max> or earlier.
[0.016s] 
[0.016s] [0m
[0.049s] -- The C compiler identification is GNU 11.4.0
[0.095s] -- The CXX compiler identification is GNU 11.4.0
[0.103s] -- Detecting C compiler ABI info
[0.148s] -- Detecting C compiler ABI info - done
[0.164s] -- Check for working C compiler: /usr/bin/cc - skipped
[0.164s] -- Detecting C compile features
[0.165s] -- Detecting C compile features - done
[0.173s] -- Detecting CXX compiler ABI info
[0.224s] -- Detecting CXX compiler ABI info - done
[0.236s] -- Check for working CXX compiler: /usr/bin/c++ - skipped
[0.236s] -- Detecting CXX compile features
[0.236s] -- Detecting CXX compile features - done
[0.240s] -- main project dir: /home/ubuntu-nuc/rc2_ws/src/Livox-SDK2
[0.241s] [0mCMake Deprecation Warning at sdk_core/CMakeLists.txt:1 (cmake_minimum_required):
[0.241s]   Compatibility with CMake < 3.10 will be removed from a future version of
[0.241s]   CMake.
[0.241s] 
[0.241s]   Update the VERSION argument <min> value.  Or, use the <min>...<max> syntax
[0.241s]   to tell CMake that the project requires at least <min> but has been updated
[0.241s]   to work with policies introduced by <max> or earlier.
[0.241s] 
[0.241s] [0m
[0.242s] [0mCMake Deprecation Warning at samples/CMakeLists.txt:1 (cmake_minimum_required):
[0.242s]   Compatibility with CMake < 3.10 will be removed from a future version of
[0.242s]   CMake.
[0.242s] 
[0.242s]   Update the VERSION argument <min> value.  Or, use the <min>...<max> syntax
[0.242s]   to tell CMake that the project requires at least <min> but has been updated
[0.242s]   to work with policies introduced by <max> or earlier.
[0.242s] 
[0.242s] [0m
[0.242s] -- main project dir: /home/ubuntu-nuc/rc2_ws/src/Livox-SDK2/samples
[0.242s] [0mCMake Deprecation Warning at samples/livox_lidar_quick_start/CMakeLists.txt:1 (cmake_minimum_required):
[0.242s]   Compatibility with CMake < 3.10 will be removed from a future version of
[0.242s]   CMake.
[0.243s] 
[0.243s]   Update the VERSION argument <min> value.  Or, use the <min>...<max> syntax
[0.243s]   to tell CMake that the project requires at least <min> but has been updated
[0.243s]   to work with policies introduced by <max> or earlier.
[0.243s] 
[0.243s] [0m
[0.243s] [0mCMake Deprecation Warning at samples/multi_lidars_upgrade/CMakeLists.txt:1 (cmake_minimum_required):
[0.243s]   Compatibility with CMake < 3.10 will be removed from a future version of
[0.243s]   CMake.
[0.243s] 
[0.243s]   Update the VERSION argument <min> value.  Or, use the <min>...<max> syntax
[0.244s]   to tell CMake that the project requires at least <min> but has been updated
[0.244s]   to work with policies introduced by <max> or earlier.
[0.244s] 
[0.244s] [0m
[0.244s] [0mCMake Deprecation Warning at samples/logger/CMakeLists.txt:1 (cmake_minimum_required):
[0.244s]   Compatibility with CMake < 3.10 will be removed from a future version of
[0.244s]   CMake.
[0.244s] 
[0.244s]   Update the VERSION argument <min> value.  Or, use the <min>...<max> syntax
[0.244s]   to tell CMake that the project requires at least <min> but has been updated
[0.244s]   to work with policies introduced by <max> or earlier.
[0.244s] 
[0.244s] [0m
[0.245s] [0mCMake Deprecation Warning at samples/debug_point_cloud/CMakeLists.txt:1 (cmake_minimum_required):
[0.245s]   Compatibility with CMake < 3.10 will be removed from a future version of
[0.245s]   CMake.
[0.245s] 
[0.245s]   Update the VERSION argument <min> value.  Or, use the <min>...<max> syntax
[0.245s]   to tell CMake that the project requires at least <min> but has been updated
[0.245s]   to work with policies introduced by <max> or earlier.
[0.245s] 
[0.245s] [0m
[0.245s] [0mCMake Deprecation Warning at samples/lidar_cmd_observer/CMakeLists.txt:1 (cmake_minimum_required):
[0.245s]   Compatibility with CMake < 3.10 will be removed from a future version of
[0.245s]   CMake.
[0.245s] 
[0.245s]   Update the VERSION argument <min> value.  Or, use the <min>...<max> syntax
[0.245s]   to tell CMake that the project requires at least <min> but has been updated
[0.245s]   to work with policies introduced by <max> or earlier.
[0.246s] 
[0.246s] [0m
[0.246s] [0mCMake Deprecation Warning at samples/livox_lidar_rmc_time_sync/CMakeLists.txt:1 (cmake_minimum_required):
[0.246s]   Compatibility with CMake < 3.10 will be removed from a future version of
[0.246s]   CMake.
[0.246s] 
[0.246s]   Update the VERSION argument <min> value.  Or, use the <min>...<max> syntax
[0.246s]   to tell CMake that the project requires at least <min> but has been updated
[0.246s]   to work with policies introduced by <max> or earlier.
[0.246s] 
[0.246s] [0m
[0.246s] -- Configuring done (0.2s)
[0.261s] -- Generating done (0.0s)
[0.262s] [33mCMake Warning:
[0.262s]   Manually-specified variables were not used by the project:
[0.262s] 
[0.262s]     DISTRO_ROS
[0.262s]     ROS_EDITION
[0.262s] 
[0.262s] [0m
[0.264s] -- Build files have been written to: /home/ubuntu-nuc/rc2_ws/build/livox_sdk2
[0.267s] Invoked command in '/home/ubuntu-nuc/rc2_ws/build/livox_sdk2' returned '0': /usr/local/bin/cmake /home/ubuntu-nuc/rc2_ws/src/Livox-SDK2 -DROS_EDITION=ROS2 -DDISTRO_ROS=humble -DCMAKE_INSTALL_PREFIX=/home/ubuntu-nuc/rc2_ws/install/livox_sdk2
[0.269s] Invoking command in '/home/ubuntu-nuc/rc2_ws/build/livox_sdk2': /usr/local/bin/cmake --build /home/ubuntu-nuc/rc2_ws/build/livox_sdk2 -- -j8 -l8
[0.290s] [  2%] [32mBuilding CXX object sdk_core/CMakeFiles/livox_lidar_sdk_static.dir/device_manager.cpp.o[0m
[0.290s] [  3%] [32mBuilding CXX object sdk_core/CMakeFiles/livox_lidar_sdk_static.dir/__/3rdparty/FastCRC/FastCRCsw.cpp.o[0m
[0.290s] [  2%] [32mBuilding CXX object sdk_core/CMakeFiles/livox_lidar_sdk_static.dir/livox_lidar_sdk.cpp.o[0m
[0.290s] [  4%] [32mBuilding CXX object sdk_core/CMakeFiles/livox_lidar_sdk_static.dir/params_check.cpp.o[0m
[0.292s] [  5%] [32mBuilding CXX object sdk_core/CMakeFiles/livox_lidar_sdk_shared.dir/__/3rdparty/FastCRC/FastCRCsw.cpp.o[0m
[0.294s] [  9%] [32mBuilding CXX object sdk_core/CMakeFiles/livox_lidar_sdk_static.dir/upgrade_manager.cpp.o[0m
[0.294s] [  7%] [32mBuilding CXX object sdk_core/CMakeFiles/livox_lidar_sdk_static.dir/parse_cfg_file.cpp.o[0m
[0.294s] [  9%] [32mBuilding CXX object sdk_core/CMakeFiles/livox_lidar_sdk_shared.dir/device_manager.cpp.o[0m
[0.439s] [ 10%] [32mBuilding CXX object sdk_core/CMakeFiles/livox_lidar_sdk_shared.dir/livox_lidar_sdk.cpp.o[0m
[0.510s] [ 11%] [32mBuilding CXX object sdk_core/CMakeFiles/livox_lidar_sdk_shared.dir/params_check.cpp.o[0m
[0.951s] [ 12%] [32mBuilding CXX object sdk_core/CMakeFiles/livox_lidar_sdk_static.dir/base/io_loop.cpp.o[0m
[4.039s] [ 14%] [32mBuilding CXX object sdk_core/CMakeFiles/livox_lidar_sdk_shared.dir/parse_cfg_file.cpp.o[0m
[4.048s] [ 15%] [32mBuilding CXX object sdk_core/CMakeFiles/livox_lidar_sdk_static.dir/base/thread_base.cpp.o[0m
[4.465s] [ 16%] [32mBuilding CXX object sdk_core/CMakeFiles/livox_lidar_sdk_static.dir/base/io_thread.cpp.o[0m
[4.674s] [ 17%] [32mBuilding CXX object sdk_core/CMakeFiles/livox_lidar_sdk_static.dir/base/logging.cpp.o[0m
[4.889s] [ 18%] [32mBuilding CXX object sdk_core/CMakeFiles/livox_lidar_sdk_shared.dir/upgrade_manager.cpp.o[0m
[5.083s] [ 20%] [32mBuilding CXX object sdk_core/CMakeFiles/livox_lidar_sdk_static.dir/base/network/unix/network_util.cpp.o[0m
[5.626s] [ 21%] [32mBuilding CXX object sdk_core/CMakeFiles/livox_lidar_sdk_static.dir/base/multiple_io/multiple_io_base.cpp.o[0m
[5.884s] [ 22%] [32mBuilding CXX object sdk_core/CMakeFiles/livox_lidar_sdk_static.dir/base/multiple_io/multiple_io_epoll.cpp.o[0m
[6.029s] [ 23%] [32mBuilding CXX object sdk_core/CMakeFiles/livox_lidar_sdk_static.dir/base/multiple_io/multiple_io_poll.cpp.o[0m
[6.048s] [ 24%] [32mBuilding CXX object sdk_core/CMakeFiles/livox_lidar_sdk_static.dir/base/multiple_io/multiple_io_select.cpp.o[0m
[6.538s] [ 25%] [32mBuilding CXX object sdk_core/CMakeFiles/livox_lidar_sdk_static.dir/base/multiple_io/multiple_io_kqueue.cpp.o[0m
[6.631s] [ 27%] [32mBuilding CXX object sdk_core/CMakeFiles/livox_lidar_sdk_static.dir/base/wake_up/unix/wake_up_pipe.cpp.o[0m
[6.755s] [ 28%] [32mBuilding CXX object sdk_core/CMakeFiles/livox_lidar_sdk_static.dir/comm/comm_port.cpp.o[0m
[6.846s] [ 29%] [32mBuilding CXX object sdk_core/CMakeFiles/livox_lidar_sdk_shared.dir/base/io_loop.cpp.o[0m
[7.060s] [ 30%] [32mBuilding CXX object sdk_core/CMakeFiles/livox_lidar_sdk_static.dir/comm/sdk_protocol.cpp.o[0m
[7.179s] [ 31%] [32mBuilding CXX object sdk_core/CMakeFiles/livox_lidar_sdk_shared.dir/base/thread_base.cpp.o[0m
[7.257s] [ 32%] [32mBuilding CXX object sdk_core/CMakeFiles/livox_lidar_sdk_static.dir/comm/generate_seq.cpp.o[0m
[7.375s] [ 34%] [32mBuilding CXX object sdk_core/CMakeFiles/livox_lidar_sdk_static.dir/upgrade/firmware.cpp.o[0m
[7.670s] [ 35%] [32mBuilding CXX object sdk_core/CMakeFiles/livox_lidar_sdk_static.dir/upgrade/livox_lidar_upgrader.cpp.o[0m
[8.018s] [ 36%] [32mBuilding CXX object sdk_core/CMakeFiles/livox_lidar_sdk_shared.dir/base/io_thread.cpp.o[0m
[8.224s] [ 37%] [32mBuilding CXX object sdk_core/CMakeFiles/livox_lidar_sdk_shared.dir/base/logging.cpp.o[0m
[8.325s] [ 38%] [32mBuilding CXX object sdk_core/CMakeFiles/livox_lidar_sdk_shared.dir/base/network/unix/network_util.cpp.o[0m
[8.450s] [ 40%] [32mBuilding CXX object sdk_core/CMakeFiles/livox_lidar_sdk_static.dir/logger_handler/logger_manager.cpp.o[0m
[8.778s] [ 41%] [32mBuilding CXX object sdk_core/CMakeFiles/livox_lidar_sdk_shared.dir/base/multiple_io/multiple_io_base.cpp.o[0m
[9.390s] [ 42%] [32mBuilding CXX object sdk_core/CMakeFiles/livox_lidar_sdk_static.dir/logger_handler/logger_handler.cpp.o[0m
[9.474s] [ 43%] [32mBuilding CXX object sdk_core/CMakeFiles/livox_lidar_sdk_shared.dir/base/multiple_io/multiple_io_epoll.cpp.o[0m
[9.589s] [ 44%] [32mBuilding CXX object sdk_core/CMakeFiles/livox_lidar_sdk_shared.dir/base/multiple_io/multiple_io_poll.cpp.o[0m
[10.134s] [ 45%] [32mBuilding CXX object sdk_core/CMakeFiles/livox_lidar_sdk_shared.dir/base/multiple_io/multiple_io_select.cpp.o[0m
[10.608s] [ 47%] [32mBuilding CXX object sdk_core/CMakeFiles/livox_lidar_sdk_static.dir/logger_handler/file_manager.cpp.o[0m
[10.639s] [ 48%] [32mBuilding CXX object sdk_core/CMakeFiles/livox_lidar_sdk_shared.dir/base/multiple_io/multiple_io_kqueue.cpp.o[0m
[11.011s] [ 49%] [32mBuilding CXX object sdk_core/CMakeFiles/livox_lidar_sdk_static.dir/data_handler/data_handler.cpp.o[0m
[11.368s] [ 50%] [32mBuilding CXX object sdk_core/CMakeFiles/livox_lidar_sdk_shared.dir/base/wake_up/unix/wake_up_pipe.cpp.o[0m
[11.454s] [ 51%] [32mBuilding CXX object sdk_core/CMakeFiles/livox_lidar_sdk_static.dir/command_handler/command_impl.cpp.o[0m
[13.001s] [ 52%] [32mBuilding CXX object sdk_core/CMakeFiles/livox_lidar_sdk_static.dir/command_handler/general_command_handler.cpp.o[0m
[13.618s] [ 54%] [32mBuilding CXX object sdk_core/CMakeFiles/livox_lidar_sdk_static.dir/command_handler/hap_command_handler.cpp.o[0m
[15.149s] [ 55%] [32mBuilding CXX object sdk_core/CMakeFiles/livox_lidar_sdk_static.dir/command_handler/mid360_command_handler.cpp.o[0m
[16.343s] [ 56%] [32mBuilding CXX object sdk_core/CMakeFiles/livox_lidar_sdk_shared.dir/comm/comm_port.cpp.o[0m
[16.603s] [ 57%] [32mBuilding CXX object sdk_core/CMakeFiles/livox_lidar_sdk_shared.dir/comm/sdk_protocol.cpp.o[0m
[16.693s] [ 58%] [32mBuilding CXX object sdk_core/CMakeFiles/livox_lidar_sdk_shared.dir/comm/generate_seq.cpp.o[0m
[16.878s] [ 60%] [32mBuilding CXX object sdk_core/CMakeFiles/livox_lidar_sdk_shared.dir/upgrade/firmware.cpp.o[0m
[17.102s] [ 61%] [32mBuilding CXX object sdk_core/CMakeFiles/livox_lidar_sdk_static.dir/command_handler/build_request.cpp.o[0m
[17.111s] [ 62%] [32mBuilding CXX object sdk_core/CMakeFiles/livox_lidar_sdk_shared.dir/upgrade/livox_lidar_upgrader.cpp.o[0m
[17.146s] In file included from [01m[K/home/ubuntu-nuc/rc2_ws/src/Livox-SDK2/sdk_core/../3rdparty/rapidjson/stream.h:19[m[K,
[17.147s]                  from [01m[K/home/ubuntu-nuc/rc2_ws/src/Livox-SDK2/sdk_core/../3rdparty/rapidjson/memorystream.h:22[m[K,
[17.147s]                  from [01m[K/home/ubuntu-nuc/rc2_ws/src/Livox-SDK2/sdk_core/../3rdparty/rapidjson/encodedstream.h:22[m[K,
[17.147s]                  from [01m[K/home/ubuntu-nuc/rc2_ws/src/Livox-SDK2/sdk_core/../3rdparty/rapidjson/document.h:26[m[K,
[17.147s]                  from [01m[K/home/ubuntu-nuc/rc2_ws/src/Livox-SDK2/sdk_core/command_handler/parse_lidar_state_info.h:38[m[K,
[17.147s]                  from [01m[K/home/ubuntu-nuc/rc2_ws/src/Livox-SDK2/sdk_core/command_handler/hap_command_handler.cpp:37[m[K:
[17.147s] [01m[K/home/ubuntu-nuc/rc2_ws/src/Livox-SDK2/sdk_core/../3rdparty/rapidjson/rapidjson.h:542:29:[m[K [01;35m[Kwarning: [m[Kunknown option after ‘[01m[K#pragma GCC diagnostic[m[K’ kind [[01;35m[K-Wpragmas[m[K]
[17.147s]   542 | #define RAPIDJSON_PRAGMA(x) [01;35m[K_Pragma[m[K(RAPIDJSON_STRINGIFY(x))
[17.147s]       |                             [01;35m[K^~~~~~~[m[K
[17.147s] [01m[K/home/ubuntu-nuc/rc2_ws/src/Livox-SDK2/sdk_core/../3rdparty/rapidjson/rapidjson.h:543:34:[m[K [01;36m[Knote: [m[Kin expansion of macro ‘[01m[KRAPIDJSON_PRAGMA[m[K’
[17.147s]   543 | #define RAPIDJSON_DIAG_PRAGMA(x) [01;36m[KRAPIDJSON_PRAGMA[m[K(GCC diagnostic x)
[17.147s]       |                                  [01;36m[K^~~~~~~~~~~~~~~~[m[K
[17.147s] [01m[K/home/ubuntu-nuc/rc2_ws/src/Livox-SDK2/sdk_core/../3rdparty/rapidjson/rapidjson.h:545:3:[m[K [01;36m[Knote: [m[Kin expansion of macro ‘[01m[KRAPIDJSON_DIAG_PRAGMA[m[K’
[17.147s]   545 |   [01;36m[KRAPIDJSON_DIAG_PRAGMA[m[K(ignored RAPIDJSON_STRINGIFY(RAPIDJSON_JOIN(-W, x)))
[17.147s]       |   [01;36m[K^~~~~~~~~~~~~~~~~~~~~[m[K
[17.147s] [01m[K/home/ubuntu-nuc/rc2_ws/src/Livox-SDK2/sdk_core/../3rdparty/rapidjson/internal/dtoa.h:36:1:[m[K [01;36m[Knote: [m[Kin expansion of macro ‘[01m[KRAPIDJSON_DIAG_OFF[m[K’
[17.148s]    36 | [01;36m[KRAPIDJSON_DIAG_OFF[m[K(array - bounds)  // some gcc versions generate wrong warnings
[17.148s]       | [01;36m[K^~~~~~~~~~~~~~~~~~[m[K
[17.159s] [01m[K/home/ubuntu-nuc/rc2_ws/src/Livox-SDK2/sdk_core/../3rdparty/rapidjson/rapidjson.h:542:29:[m[K [01;36m[Knote: [m[Kdid you mean ‘[01m[K-Warray-bounds[m[K’?
[17.159s]   542 | #define RAPIDJSON_PRAGMA(x) [01;36m[K_Pragma[m[K(RAPIDJSON_STRINGIFY(x))
[17.159s]       |                             [01;36m[K^~~~~~~[m[K
[17.159s] [01m[K/home/ubuntu-nuc/rc2_ws/src/Livox-SDK2/sdk_core/../3rdparty/rapidjson/rapidjson.h:543:34:[m[K [01;36m[Knote: [m[Kin expansion of macro ‘[01m[KRAPIDJSON_PRAGMA[m[K’
[17.159s]   543 | #define RAPIDJSON_DIAG_PRAGMA(x) [01;36m[KRAPIDJSON_PRAGMA[m[K(GCC diagnostic x)
[17.159s]       |                                  [01;36m[K^~~~~~~~~~~~~~~~[m[K
[17.159s] [01m[K/home/ubuntu-nuc/rc2_ws/src/Livox-SDK2/sdk_core/../3rdparty/rapidjson/rapidjson.h:545:3:[m[K [01;36m[Knote: [m[Kin expansion of macro ‘[01m[KRAPIDJSON_DIAG_PRAGMA[m[K’
[17.159s]   545 |   [01;36m[KRAPIDJSON_DIAG_PRAGMA[m[K(ignored RAPIDJSON_STRINGIFY(RAPIDJSON_JOIN(-W, x)))
[17.159s]       |   [01;36m[K^~~~~~~~~~~~~~~~~~~~~[m[K
[17.159s] [01m[K/home/ubuntu-nuc/rc2_ws/src/Livox-SDK2/sdk_core/../3rdparty/rapidjson/internal/dtoa.h:36:1:[m[K [01;36m[Knote: [m[Kin expansion of macro ‘[01m[KRAPIDJSON_DIAG_OFF[m[K’
[17.159s]    36 | [01;36m[KRAPIDJSON_DIAG_OFF[m[K(array - bounds)  // some gcc versions generate wrong warnings
[17.160s]       | [01;36m[K^~~~~~~~~~~~~~~~~~[m[K
[17.235s] [ 63%] [32mBuilding CXX object sdk_core/CMakeFiles/livox_lidar_sdk_shared.dir/logger_handler/logger_manager.cpp.o[0m
[17.502s] [ 64%] [32mBuilding CXX object sdk_core/CMakeFiles/livox_lidar_sdk_shared.dir/logger_handler/logger_handler.cpp.o[0m
[18.775s] In file included from [01m[K/home/ubuntu-nuc/rc2_ws/src/Livox-SDK2/sdk_core/../3rdparty/rapidjson/stream.h:19[m[K,
[18.775s]                  from [01m[K/home/ubuntu-nuc/rc2_ws/src/Livox-SDK2/sdk_core/../3rdparty/rapidjson/memorystream.h:22[m[K,
[18.776s]                  from [01m[K/home/ubuntu-nuc/rc2_ws/src/Livox-SDK2/sdk_core/../3rdparty/rapidjson/encodedstream.h:22[m[K,
[18.776s]                  from [01m[K/home/ubuntu-nuc/rc2_ws/src/Livox-SDK2/sdk_core/../3rdparty/rapidjson/document.h:26[m[K,
[18.776s]                  from [01m[K/home/ubuntu-nuc/rc2_ws/src/Livox-SDK2/sdk_core/command_handler/parse_lidar_state_info.h:38[m[K,
[18.776s]                  from [01m[K/home/ubuntu-nuc/rc2_ws/src/Livox-SDK2/sdk_core/command_handler/mid360_command_handler.cpp:37[m[K:
[18.776s] [01m[K/home/ubuntu-nuc/rc2_ws/src/Livox-SDK2/sdk_core/../3rdparty/rapidjson/rapidjson.h:542:29:[m[K [01;35m[Kwarning: [m[Kunknown option after ‘[01m[K#pragma GCC diagnostic[m[K’ kind [[01;35m[K-Wpragmas[m[K]
[18.776s]   542 | #define RAPIDJSON_PRAGMA(x) [01;35m[K_Pragma[m[K(RAPIDJSON_STRINGIFY(x))
[18.776s]       |                             [01;35m[K^~~~~~~[m[K
[18.776s] [01m[K/home/ubuntu-nuc/rc2_ws/src/Livox-SDK2/sdk_core/../3rdparty/rapidjson/rapidjson.h:543:34:[m[K [01;36m[Knote: [m[Kin expansion of macro ‘[01m[KRAPIDJSON_PRAGMA[m[K’
[18.776s]   543 | #define RAPIDJSON_DIAG_PRAGMA(x) [01;36m[KRAPIDJSON_PRAGMA[m[K(GCC diagnostic x)
[18.776s]       |                                  [01;36m[K^~~~~~~~~~~~~~~~[m[K
[18.776s] [01m[K/home/ubuntu-nuc/rc2_ws/src/Livox-SDK2/sdk_core/../3rdparty/rapidjson/rapidjson.h:545:3:[m[K [01;36m[Knote: [m[Kin expansion of macro ‘[01m[KRAPIDJSON_DIAG_PRAGMA[m[K’
[18.776s]   545 |   [01;36m[KRAPIDJSON_DIAG_PRAGMA[m[K(ignored RAPIDJSON_STRINGIFY(RAPIDJSON_JOIN(-W, x)))
[18.776s]       |   [01;36m[K^~~~~~~~~~~~~~~~~~~~~[m[K
[18.776s] [01m[K/home/ubuntu-nuc/rc2_ws/src/Livox-SDK2/sdk_core/../3rdparty/rapidjson/internal/dtoa.h:36:1:[m[K [01;36m[Knote: [m[Kin expansion of macro ‘[01m[KRAPIDJSON_DIAG_OFF[m[K’
[18.776s]    36 | [01;36m[KRAPIDJSON_DIAG_OFF[m[K(array - bounds)  // some gcc versions generate wrong warnings
[18.777s]       | [01;36m[K^~~~~~~~~~~~~~~~~~[m[K
[18.789s] [01m[K/home/ubuntu-nuc/rc2_ws/src/Livox-SDK2/sdk_core/../3rdparty/rapidjson/rapidjson.h:542:29:[m[K [01;36m[Knote: [m[Kdid you mean ‘[01m[K-Warray-bounds[m[K’?
[18.789s]   542 | #define RAPIDJSON_PRAGMA(x) [01;36m[K_Pragma[m[K(RAPIDJSON_STRINGIFY(x))
[18.789s]       |                             [01;36m[K^~~~~~~[m[K
[18.790s] [01m[K/home/ubuntu-nuc/rc2_ws/src/Livox-SDK2/sdk_core/../3rdparty/rapidjson/rapidjson.h:543:34:[m[K [01;36m[Knote: [m[Kin expansion of macro ‘[01m[KRAPIDJSON_PRAGMA[m[K’
[18.790s]   543 | #define RAPIDJSON_DIAG_PRAGMA(x) [01;36m[KRAPIDJSON_PRAGMA[m[K(GCC diagnostic x)
[18.790s]       |                                  [01;36m[K^~~~~~~~~~~~~~~~[m[K
[18.790s] [01m[K/home/ubuntu-nuc/rc2_ws/src/Livox-SDK2/sdk_core/../3rdparty/rapidjson/rapidjson.h:545:3:[m[K [01;36m[Knote: [m[Kin expansion of macro ‘[01m[KRAPIDJSON_DIAG_PRAGMA[m[K’
[18.790s]   545 |   [01;36m[KRAPIDJSON_DIAG_PRAGMA[m[K(ignored RAPIDJSON_STRINGIFY(RAPIDJSON_JOIN(-W, x)))
[18.790s]       |   [01;36m[K^~~~~~~~~~~~~~~~~~~~~[m[K
[18.790s] [01m[K/home/ubuntu-nuc/rc2_ws/src/Livox-SDK2/sdk_core/../3rdparty/rapidjson/internal/dtoa.h:36:1:[m[K [01;36m[Knote: [m[Kin expansion of macro ‘[01m[KRAPIDJSON_DIAG_OFF[m[K’
[18.790s]    36 | [01;36m[KRAPIDJSON_DIAG_OFF[m[K(array - bounds)  // some gcc versions generate wrong warnings
[18.790s]       | [01;36m[K^~~~~~~~~~~~~~~~~~[m[K
[19.554s] [ 65%] [32mBuilding CXX object sdk_core/CMakeFiles/livox_lidar_sdk_static.dir/command_handler/parse_lidar_state_info.cpp.o[0m
[19.584s] [ 67%] [32mBuilding CXX object sdk_core/CMakeFiles/livox_lidar_sdk_static.dir/command_handler/mid360s_command_handler.cpp.o[0m
[20.952s] In file included from [01m[K/home/ubuntu-nuc/rc2_ws/src/Livox-SDK2/sdk_core/../3rdparty/rapidjson/stream.h:19[m[K,
[20.952s]                  from [01m[K/home/ubuntu-nuc/rc2_ws/src/Livox-SDK2/sdk_core/../3rdparty/rapidjson/memorystream.h:22[m[K,
[20.952s]                  from [01m[K/home/ubuntu-nuc/rc2_ws/src/Livox-SDK2/sdk_core/../3rdparty/rapidjson/encodedstream.h:22[m[K,
[20.952s]                  from [01m[K/home/ubuntu-nuc/rc2_ws/src/Livox-SDK2/sdk_core/../3rdparty/rapidjson/document.h:26[m[K,
[20.953s]                  from [01m[K/home/ubuntu-nuc/rc2_ws/src/Livox-SDK2/sdk_core/command_handler/parse_lidar_state_info.h:38[m[K,
[20.953s]                  from [01m[K/home/ubuntu-nuc/rc2_ws/src/Livox-SDK2/sdk_core/command_handler/parse_lidar_state_info.cpp:2[m[K:
[20.953s] [01m[K/home/ubuntu-nuc/rc2_ws/src/Livox-SDK2/sdk_core/../3rdparty/rapidjson/rapidjson.h:542:29:[m[K [01;35m[Kwarning: [m[Kunknown option after ‘[01m[K#pragma GCC diagnostic[m[K’ kind [[01;35m[K-Wpragmas[m[K]
[20.953s]   542 | #define RAPIDJSON_PRAGMA(x) [01;35m[K_Pragma[m[K(RAPIDJSON_STRINGIFY(x))
[20.953s]       |                             [01;35m[K^~~~~~~[m[K
[20.953s] [01m[K/home/ubuntu-nuc/rc2_ws/src/Livox-SDK2/sdk_core/../3rdparty/rapidjson/rapidjson.h:543:34:[m[K [01;36m[Knote: [m[Kin expansion of macro ‘[01m[KRAPIDJSON_PRAGMA[m[K’
[20.953s]   543 | #define RAPIDJSON_DIAG_PRAGMA(x) [01;36m[KRAPIDJSON_PRAGMA[m[K(GCC diagnostic x)
[20.954s]       |                                  [01;36m[K^~~~~~~~~~~~~~~~[m[K
[20.954s] [01m[K/home/ubuntu-nuc/rc2_ws/src/Livox-SDK2/sdk_core/../3rdparty/rapidjson/rapidjson.h:545:3:[m[K [01;36m[Knote: [m[Kin expansion of macro ‘[01m[KRAPIDJSON_DIAG_PRAGMA[m[K’
[20.954s]   545 |   [01;36m[KRAPIDJSON_DIAG_PRAGMA[m[K(ignored RAPIDJSON_STRINGIFY(RAPIDJSON_JOIN(-W, x)))
[20.954s]       |   [01;36m[K^~~~~~~~~~~~~~~~~~~~~[m[K
[20.954s] [01m[K/home/ubuntu-nuc/rc2_ws/src/Livox-SDK2/sdk_core/../3rdparty/rapidjson/internal/dtoa.h:36:1:[m[K [01;36m[Knote: [m[Kin expansion of macro ‘[01m[KRAPIDJSON_DIAG_OFF[m[K’
[20.954s]    36 | [01;36m[KRAPIDJSON_DIAG_OFF[m[K(array - bounds)  // some gcc versions generate wrong warnings
[20.954s]       | [01;36m[K^~~~~~~~~~~~~~~~~~[m[K
[20.979s] [01m[K/home/ubuntu-nuc/rc2_ws/src/Livox-SDK2/sdk_core/../3rdparty/rapidjson/rapidjson.h:542:29:[m[K [01;36m[Knote: [m[Kdid you mean ‘[01m[K-Warray-bounds[m[K’?
[20.979s]   542 | #define RAPIDJSON_PRAGMA(x) [01;36m[K_Pragma[m[K(RAPIDJSON_STRINGIFY(x))
[20.979s]       |                             [01;36m[K^~~~~~~[m[K
[20.980s] [01m[K/home/ubuntu-nuc/rc2_ws/src/Livox-SDK2/sdk_core/../3rdparty/rapidjson/rapidjson.h:543:34:[m[K [01;36m[Knote: [m[Kin expansion of macro ‘[01m[KRAPIDJSON_PRAGMA[m[K’
[20.980s]   543 | #define RAPIDJSON_DIAG_PRAGMA(x) [01;36m[KRAPIDJSON_PRAGMA[m[K(GCC diagnostic x)
[20.980s]       |                                  [01;36m[K^~~~~~~~~~~~~~~~[m[K
[20.980s] [01m[K/home/ubuntu-nuc/rc2_ws/src/Livox-SDK2/sdk_core/../3rdparty/rapidjson/rapidjson.h:545:3:[m[K [01;36m[Knote: [m[Kin expansion of macro ‘[01m[KRAPIDJSON_DIAG_PRAGMA[m[K’
[20.980s]   545 |   [01;36m[KRAPIDJSON_DIAG_PRAGMA[m[K(ignored RAPIDJSON_STRINGIFY(RAPIDJSON_JOIN(-W, x)))
[20.980s]       |   [01;36m[K^~~~~~~~~~~~~~~~~~~~~[m[K
[20.980s] [01m[K/home/ubuntu-nuc/rc2_ws/src/Livox-SDK2/sdk_core/../3rdparty/rapidjson/internal/dtoa.h:36:1:[m[K [01;36m[Knote: [m[Kin expansion of macro ‘[01m[KRAPIDJSON_DIAG_OFF[m[K’
[20.980s]    36 | [01;36m[KRAPIDJSON_DIAG_OFF[m[K(array - bounds)  // some gcc versions generate wrong warnings
[20.980s]       | [01;36m[K^~~~~~~~~~~~~~~~~~[m[K
[23.052s] In file included from [01m[K/home/ubuntu-nuc/rc2_ws/src/Livox-SDK2/sdk_core/../3rdparty/rapidjson/stream.h:19[m[K,
[23.052s]                  from [01m[K/home/ubuntu-nuc/rc2_ws/src/Livox-SDK2/sdk_core/../3rdparty/rapidjson/memorystream.h:22[m[K,
[23.056s]                  from [01m[K/home/ubuntu-nuc/rc2_ws/src/Livox-SDK2/sdk_core/../3rdparty/rapidjson/encodedstream.h:22[m[K,
[23.057s]                  from [01m[K/home/ubuntu-nuc/rc2_ws/src/Livox-SDK2/sdk_core/../3rdparty/rapidjson/document.h:26[m[K,
[23.057s]                  from [01m[K/home/ubuntu-nuc/rc2_ws/src/Livox-SDK2/sdk_core/command_handler/parse_lidar_state_info.h:38[m[K,
[23.057s]                  from [01m[K/home/ubuntu-nuc/rc2_ws/src/Livox-SDK2/sdk_core/command_handler/mid360s_command_handler.cpp:37[m[K:
[23.057s] [01m[K/home/ubuntu-nuc/rc2_ws/src/Livox-SDK2/sdk_core/../3rdparty/rapidjson/rapidjson.h:542:29:[m[K [01;35m[Kwarning: [m[Kunknown option after ‘[01m[K#pragma GCC diagnostic[m[K’ kind [[01;35m[K-Wpragmas[m[K]
[23.057s]   542 | #define RAPIDJSON_PRAGMA(x) [01;35m[K_Pragma[m[K(RAPIDJSON_STRINGIFY(x))
[23.057s]       |                             [01;35m[K^~~~~~~[m[K
[23.057s] [01m[K/home/ubuntu-nuc/rc2_ws/src/Livox-SDK2/sdk_core/../3rdparty/rapidjson/rapidjson.h:543:34:[m[K [01;36m[Knote: [m[Kin expansion of macro ‘[01m[KRAPIDJSON_PRAGMA[m[K’
[23.057s]   543 | #define RAPIDJSON_DIAG_PRAGMA(x) [01;36m[KRAPIDJSON_PRAGMA[m[K(GCC diagnostic x)
[23.057s]       |                                  [01;36m[K^~~~~~~~~~~~~~~~[m[K
[23.057s] [01m[K/home/ubuntu-nuc/rc2_ws/src/Livox-SDK2/sdk_core/../3rdparty/rapidjson/rapidjson.h:545:3:[m[K [01;36m[Knote: [m[Kin expansion of macro ‘[01m[KRAPIDJSON_DIAG_PRAGMA[m[K’
[23.058s]   545 |   [01;36m[KRAPIDJSON_DIAG_PRAGMA[m[K(ignored RAPIDJSON_STRINGIFY(RAPIDJSON_JOIN(-W, x)))
[23.058s]       |   [01;36m[K^~~~~~~~~~~~~~~~~~~~~[m[K
[23.058s] [01m[K/home/ubuntu-nuc/rc2_ws/src/Livox-SDK2/sdk_core/../3rdparty/rapidjson/internal/dtoa.h:36:1:[m[K [01;36m[Knote: [m[Kin expansion of macro ‘[01m[KRAPIDJSON_DIAG_OFF[m[K’
[23.058s]    36 | [01;36m[KRAPIDJSON_DIAG_OFF[m[K(array - bounds)  // some gcc versions generate wrong warnings
[23.058s]       | [01;36m[K^~~~~~~~~~~~~~~~~~[m[K
[23.084s] [01m[K/home/ubuntu-nuc/rc2_ws/src/Livox-SDK2/sdk_core/../3rdparty/rapidjson/rapidjson.h:542:29:[m[K [01;36m[Knote: [m[Kdid you mean ‘[01m[K-Warray-bounds[m[K’?
[23.084s]   542 | #define RAPIDJSON_PRAGMA(x) [01;36m[K_Pragma[m[K(RAPIDJSON_STRINGIFY(x))
[23.085s]       |                             [01;36m[K^~~~~~~[m[K
[23.085s] [01m[K/home/ubuntu-nuc/rc2_ws/src/Livox-SDK2/sdk_core/../3rdparty/rapidjson/rapidjson.h:543:34:[m[K [01;36m[Knote: [m[Kin expansion of macro ‘[01m[KRAPIDJSON_PRAGMA[m[K’
[23.085s]   543 | #define RAPIDJSON_DIAG_PRAGMA(x) [01;36m[KRAPIDJSON_PRAGMA[m[K(GCC diagnostic x)
[23.085s]       |                                  [01;36m[K^~~~~~~~~~~~~~~~[m[K
[23.085s] [01m[K/home/ubuntu-nuc/rc2_ws/src/Livox-SDK2/sdk_core/../3rdparty/rapidjson/rapidjson.h:545:3:[m[K [01;36m[Knote: [m[Kin expansion of macro ‘[01m[KRAPIDJSON_DIAG_PRAGMA[m[K’
[23.085s]   545 |   [01;36m[KRAPIDJSON_DIAG_PRAGMA[m[K(ignored RAPIDJSON_STRINGIFY(RAPIDJSON_JOIN(-W, x)))
[23.085s]       |   [01;36m[K^~~~~~~~~~~~~~~~~~~~~[m[K
[23.085s] [01m[K/home/ubuntu-nuc/rc2_ws/src/Livox-SDK2/sdk_core/../3rdparty/rapidjson/internal/dtoa.h:36:1:[m[K [01;36m[Knote: [m[Kin expansion of macro ‘[01m[KRAPIDJSON_DIAG_OFF[m[K’
[23.085s]    36 | [01;36m[KRAPIDJSON_DIAG_OFF[m[K(array - bounds)  // some gcc versions generate wrong warnings
[23.085s]       | [01;36m[K^~~~~~~~~~~~~~~~~~[m[K
[23.863s] [ 68%] [32mBuilding CXX object sdk_core/CMakeFiles/livox_lidar_sdk_static.dir/debug_point_cloud_handler/debug_point_cloud_manager.cpp.o[0m
[23.982s] [ 69%] [32mBuilding CXX object sdk_core/CMakeFiles/livox_lidar_sdk_static.dir/debug_point_cloud_handler/debug_point_cloud_handler.cpp.o[0m
[25.325s] [ 70%] [32mBuilding CXX object sdk_core/CMakeFiles/livox_lidar_sdk_shared.dir/logger_handler/file_manager.cpp.o[0m
[25.755s] [ 71%] [32mBuilding CXX object sdk_core/CMakeFiles/livox_lidar_sdk_shared.dir/data_handler/data_handler.cpp.o[0m
[27.466s] [ 72%] [32mBuilding CXX object sdk_core/CMakeFiles/livox_lidar_sdk_shared.dir/command_handler/command_impl.cpp.o[0m
[27.519s] [ 74%] [32mBuilding CXX object sdk_core/CMakeFiles/livox_lidar_sdk_shared.dir/command_handler/general_command_handler.cpp.o[0m
[28.023s] [ 75%] [32mBuilding CXX object sdk_core/CMakeFiles/livox_lidar_sdk_shared.dir/command_handler/hap_command_handler.cpp.o[0m
[28.512s] [ 76%] [32mBuilding CXX object sdk_core/CMakeFiles/livox_lidar_sdk_shared.dir/command_handler/mid360_command_handler.cpp.o[0m
[30.162s] In file included from [01m[K/home/ubuntu-nuc/rc2_ws/src/Livox-SDK2/sdk_core/../3rdparty/rapidjson/stream.h:19[m[K,
[30.162s]                  from [01m[K/home/ubuntu-nuc/rc2_ws/src/Livox-SDK2/sdk_core/../3rdparty/rapidjson/memorystream.h:22[m[K,
[30.162s]                  from [01m[K/home/ubuntu-nuc/rc2_ws/src/Livox-SDK2/sdk_core/../3rdparty/rapidjson/encodedstream.h:22[m[K,
[30.164s]                  from [01m[K/home/ubuntu-nuc/rc2_ws/src/Livox-SDK2/sdk_core/../3rdparty/rapidjson/document.h:26[m[K,
[30.164s]                  from [01m[K/home/ubuntu-nuc/rc2_ws/src/Livox-SDK2/sdk_core/command_handler/parse_lidar_state_info.h:38[m[K,
[30.164s]                  from [01m[K/home/ubuntu-nuc/rc2_ws/src/Livox-SDK2/sdk_core/command_handler/hap_command_handler.cpp:37[m[K:
[30.164s] [01m[K/home/ubuntu-nuc/rc2_ws/src/Livox-SDK2/sdk_core/../3rdparty/rapidjson/rapidjson.h:542:29:[m[K [01;35m[Kwarning: [m[Kunknown option after ‘[01m[K#pragma GCC diagnostic[m[K’ kind [[01;35m[K-Wpragmas[m[K]
[30.164s]   542 | #define RAPIDJSON_PRAGMA(x) [01;35m[K_Pragma[m[K(RAPIDJSON_STRINGIFY(x))
[30.164s]       |                             [01;35m[K^~~~~~~[m[K
[30.164s] [01m[K/home/ubuntu-nuc/rc2_ws/src/Livox-SDK2/sdk_core/../3rdparty/rapidjson/rapidjson.h:543:34:[m[K [01;36m[Knote: [m[Kin expansion of macro ‘[01m[KRAPIDJSON_PRAGMA[m[K’
[30.164s]   543 | #define RAPIDJSON_DIAG_PRAGMA(x) [01;36m[KRAPIDJSON_PRAGMA[m[K(GCC diagnostic x)
[30.164s]       |                                  [01;36m[K^~~~~~~~~~~~~~~~[m[K
[30.164s] [01m[K/home/ubuntu-nuc/rc2_ws/src/Livox-SDK2/sdk_core/../3rdparty/rapidjson/rapidjson.h:545:3:[m[K [01;36m[Knote: [m[Kin expansion of macro ‘[01m[KRAPIDJSON_DIAG_PRAGMA[m[K’
[30.164s]   545 |   [01;36m[KRAPIDJSON_DIAG_PRAGMA[m[K(ignored RAPIDJSON_STRINGIFY(RAPIDJSON_JOIN(-W, x)))
[30.164s]       |   [01;36m[K^~~~~~~~~~~~~~~~~~~~~[m[K
[30.165s] [01m[K/home/ubuntu-nuc/rc2_ws/src/Livox-SDK2/sdk_core/../3rdparty/rapidjson/internal/dtoa.h:36:1:[m[K [01;36m[Knote: [m[Kin expansion of macro ‘[01m[KRAPIDJSON_DIAG_OFF[m[K’
[30.165s]    36 | [01;36m[KRAPIDJSON_DIAG_OFF[m[K(array - bounds)  // some gcc versions generate wrong warnings
[30.165s]       | [01;36m[K^~~~~~~~~~~~~~~~~~[m[K
[30.173s] [01m[K/home/ubuntu-nuc/rc2_ws/src/Livox-SDK2/sdk_core/../3rdparty/rapidjson/rapidjson.h:542:29:[m[K [01;36m[Knote: [m[Kdid you mean ‘[01m[K-Warray-bounds[m[K’?
[30.173s]   542 | #define RAPIDJSON_PRAGMA(x) [01;36m[K_Pragma[m[K(RAPIDJSON_STRINGIFY(x))
[30.174s]       |                             [01;36m[K^~~~~~~[m[K
[30.174s] [01m[K/home/ubuntu-nuc/rc2_ws/src/Livox-SDK2/sdk_core/../3rdparty/rapidjson/rapidjson.h:543:34:[m[K [01;36m[Knote: [m[Kin expansion of macro ‘[01m[KRAPIDJSON_PRAGMA[m[K’
[30.174s]   543 | #define RAPIDJSON_DIAG_PRAGMA(x) [01;36m[KRAPIDJSON_PRAGMA[m[K(GCC diagnostic x)
[30.175s]       |                                  [01;36m[K^~~~~~~~~~~~~~~~[m[K
[30.175s] [01m[K/home/ubuntu-nuc/rc2_ws/src/Livox-SDK2/sdk_core/../3rdparty/rapidjson/rapidjson.h:545:3:[m[K [01;36m[Knote: [m[Kin expansion of macro ‘[01m[KRAPIDJSON_DIAG_PRAGMA[m[K’
[30.175s]   545 |   [01;36m[KRAPIDJSON_DIAG_PRAGMA[m[K(ignored RAPIDJSON_STRINGIFY(RAPIDJSON_JOIN(-W, x)))
[30.175s]       |   [01;36m[K^~~~~~~~~~~~~~~~~~~~~[m[K
[30.175s] [01m[K/home/ubuntu-nuc/rc2_ws/src/Livox-SDK2/sdk_core/../3rdparty/rapidjson/internal/dtoa.h:36:1:[m[K [01;36m[Knote: [m[Kin expansion of macro ‘[01m[KRAPIDJSON_DIAG_OFF[m[K’
[30.175s]    36 | [01;36m[KRAPIDJSON_DIAG_OFF[m[K(array - bounds)  // some gcc versions generate wrong warnings
[30.175s]       | [01;36m[K^~~~~~~~~~~~~~~~~~[m[K
[32.572s] In file included from [01m[K/home/ubuntu-nuc/rc2_ws/src/Livox-SDK2/sdk_core/../3rdparty/rapidjson/stream.h:19[m[K,
[32.572s]                  from [01m[K/home/ubuntu-nuc/rc2_ws/src/Livox-SDK2/sdk_core/../3rdparty/rapidjson/memorystream.h:22[m[K,
[32.573s]                  from [01m[K/home/ubuntu-nuc/rc2_ws/src/Livox-SDK2/sdk_core/../3rdparty/rapidjson/encodedstream.h:22[m[K,
[32.573s]                  from [01m[K/home/ubuntu-nuc/rc2_ws/src/Livox-SDK2/sdk_core/../3rdparty/rapidjson/document.h:26[m[K,
[32.573s]                  from [01m[K/home/ubuntu-nuc/rc2_ws/src/Livox-SDK2/sdk_core/command_handler/parse_lidar_state_info.h:38[m[K,
[32.573s]                  from [01m[K/home/ubuntu-nuc/rc2_ws/src/Livox-SDK2/sdk_core/command_handler/mid360_command_handler.cpp:37[m[K:
[32.573s] [01m[K/home/ubuntu-nuc/rc2_ws/src/Livox-SDK2/sdk_core/../3rdparty/rapidjson/rapidjson.h:542:29:[m[K [01;35m[Kwarning: [m[Kunknown option after ‘[01m[K#pragma GCC diagnostic[m[K’ kind [[01;35m[K-Wpragmas[m[K]
[32.573s]   542 | #define RAPIDJSON_PRAGMA(x) [01;35m[K_Pragma[m[K(RAPIDJSON_STRINGIFY(x))
[32.573s]       |                             [01;35m[K^~~~~~~[m[K
[32.573s] [01m[K/home/ubuntu-nuc/rc2_ws/src/Livox-SDK2/sdk_core/../3rdparty/rapidjson/rapidjson.h:543:34:[m[K [01;36m[Knote: [m[Kin expansion of macro ‘[01m[KRAPIDJSON_PRAGMA[m[K’
[32.573s]   543 | #define RAPIDJSON_DIAG_PRAGMA(x) [01;36m[KRAPIDJSON_PRAGMA[m[K(GCC diagnostic x)
[32.573s]       |                                  [01;36m[K^~~~~~~~~~~~~~~~[m[K
[32.573s] [01m[K/home/ubuntu-nuc/rc2_ws/src/Livox-SDK2/sdk_core/../3rdparty/rapidjson/rapidjson.h:545:3:[m[K [01;36m[Knote: [m[Kin expansion of macro ‘[01m[KRAPIDJSON_DIAG_PRAGMA[m[K’
[32.573s]   545 |   [01;36m[KRAPIDJSON_DIAG_PRAGMA[m[K(ignored RAPIDJSON_STRINGIFY(RAPIDJSON_JOIN(-W, x)))
[32.573s]       |   [01;36m[K^~~~~~~~~~~~~~~~~~~~~[m[K
[32.573s] [01m[K/home/ubuntu-nuc/rc2_ws/src/Livox-SDK2/sdk_core/../3rdparty/rapidjson/internal/dtoa.h:36:1:[m[K [01;36m[Knote: [m[Kin expansion of macro ‘[01m[KRAPIDJSON_DIAG_OFF[m[K’
[32.573s]    36 | [01;36m[KRAPIDJSON_DIAG_OFF[m[K(array - bounds)  // some gcc versions generate wrong warnings
[32.574s]       | [01;36m[K^~~~~~~~~~~~~~~~~~[m[K
[32.592s] [01m[K/home/ubuntu-nuc/rc2_ws/src/Livox-SDK2/sdk_core/../3rdparty/rapidjson/rapidjson.h:542:29:[m[K [01;36m[Knote: [m[Kdid you mean ‘[01m[K-Warray-bounds[m[K’?
[32.592s]   542 | #define RAPIDJSON_PRAGMA(x) [01;36m[K_Pragma[m[K(RAPIDJSON_STRINGIFY(x))
[32.593s]       |                             [01;36m[K^~~~~~~[m[K
[32.593s] [01m[K/home/ubuntu-nuc/rc2_ws/src/Livox-SDK2/sdk_core/../3rdparty/rapidjson/rapidjson.h:543:34:[m[K [01;36m[Knote: [m[Kin expansion of macro ‘[01m[KRAPIDJSON_PRAGMA[m[K’
[32.593s]   543 | #define RAPIDJSON_DIAG_PRAGMA(x) [01;36m[KRAPIDJSON_PRAGMA[m[K(GCC diagnostic x)
[32.593s]       |                                  [01;36m[K^~~~~~~~~~~~~~~~[m[K
[32.593s] [01m[K/home/ubuntu-nuc/rc2_ws/src/Livox-SDK2/sdk_core/../3rdparty/rapidjson/rapidjson.h:545:3:[m[K [01;36m[Knote: [m[Kin expansion of macro ‘[01m[KRAPIDJSON_DIAG_PRAGMA[m[K’
[32.593s]   545 |   [01;36m[KRAPIDJSON_DIAG_PRAGMA[m[K(ignored RAPIDJSON_STRINGIFY(RAPIDJSON_JOIN(-W, x)))
[32.593s]       |   [01;36m[K^~~~~~~~~~~~~~~~~~~~~[m[K
[32.593s] [01m[K/home/ubuntu-nuc/rc2_ws/src/Livox-SDK2/sdk_core/../3rdparty/rapidjson/internal/dtoa.h:36:1:[m[K [01;36m[Knote: [m[Kin expansion of macro ‘[01m[KRAPIDJSON_DIAG_OFF[m[K’
[32.593s]    36 | [01;36m[KRAPIDJSON_DIAG_OFF[m[K(array - bounds)  // some gcc versions generate wrong warnings
[32.593s]       | [01;36m[K^~~~~~~~~~~~~~~~~~[m[K
[33.548s] [ 77%] [32m[1mLinking CXX static library liblivox_lidar_sdk_static.a[0m
[34.455s] [ 77%] Built target livox_lidar_sdk_static
[39.707s] [ 78%] [32mBuilding CXX object sdk_core/CMakeFiles/livox_lidar_sdk_shared.dir/debug_point_cloud_handler/debug_point_cloud_handler.cpp.o[0m
[44.750s] [ 80%] [32mBuilding CXX object sdk_core/CMakeFiles/livox_lidar_sdk_shared.dir/debug_point_cloud_handler/debug_point_cloud_manager.cpp.o[0m
[49.141s] [ 81%] [32mBuilding CXX object sdk_core/CMakeFiles/livox_lidar_sdk_shared.dir/command_handler/mid360s_command_handler.cpp.o[0m
[51.467s] In file included from [01m[K/home/ubuntu-nuc/rc2_ws/src/Livox-SDK2/sdk_core/../3rdparty/rapidjson/stream.h:19[m[K,
[51.467s]                  from [01m[K/home/ubuntu-nuc/rc2_ws/src/Livox-SDK2/sdk_core/../3rdparty/rapidjson/memorystream.h:22[m[K,
[51.467s]                  from [01m[K/home/ubuntu-nuc/rc2_ws/src/Livox-SDK2/sdk_core/../3rdparty/rapidjson/encodedstream.h:22[m[K,
[51.467s]                  from [01m[K/home/ubuntu-nuc/rc2_ws/src/Livox-SDK2/sdk_core/../3rdparty/rapidjson/document.h:26[m[K,
[51.468s]                  from [01m[K/home/ubuntu-nuc/rc2_ws/src/Livox-SDK2/sdk_core/command_handler/parse_lidar_state_info.h:38[m[K,
[51.468s]                  from [01m[K/home/ubuntu-nuc/rc2_ws/src/Livox-SDK2/sdk_core/command_handler/mid360s_command_handler.cpp:37[m[K:
[51.468s] [01m[K/home/ubuntu-nuc/rc2_ws/src/Livox-SDK2/sdk_core/../3rdparty/rapidjson/rapidjson.h:542:29:[m[K [01;35m[Kwarning: [m[Kunknown option after ‘[01m[K#pragma GCC diagnostic[m[K’ kind [[01;35m[K-Wpragmas[m[K]
[51.468s]   542 | #define RAPIDJSON_PRAGMA(x) [01;35m[K_Pragma[m[K(RAPIDJSON_STRINGIFY(x))
[51.468s]       |                             [01;35m[K^~~~~~~[m[K
[51.468s] [01m[K/home/ubuntu-nuc/rc2_ws/src/Livox-SDK2/sdk_core/../3rdparty/rapidjson/rapidjson.h:543:34:[m[K [01;36m[Knote: [m[Kin expansion of macro ‘[01m[KRAPIDJSON_PRAGMA[m[K’
[51.468s]   543 | #define RAPIDJSON_DIAG_PRAGMA(x) [01;36m[KRAPIDJSON_PRAGMA[m[K(GCC diagnostic x)
[51.468s]       |                                  [01;36m[K^~~~~~~~~~~~~~~~[m[K
[51.468s] [01m[K/home/ubuntu-nuc/rc2_ws/src/Livox-SDK2/sdk_core/../3rdparty/rapidjson/rapidjson.h:545:3:[m[K [01;36m[Knote: [m[Kin expansion of macro ‘[01m[KRAPIDJSON_DIAG_PRAGMA[m[K’
[51.468s]   545 |   [01;36m[KRAPIDJSON_DIAG_PRAGMA[m[K(ignored RAPIDJSON_STRINGIFY(RAPIDJSON_JOIN(-W, x)))
[51.468s]       |   [01;36m[K^~~~~~~~~~~~~~~~~~~~~[m[K
[51.468s] [01m[K/home/ubuntu-nuc/rc2_ws/src/Livox-SDK2/sdk_core/../3rdparty/rapidjson/internal/dtoa.h:36:1:[m[K [01;36m[Knote: [m[Kin expansion of macro ‘[01m[KRAPIDJSON_DIAG_OFF[m[K’
[51.469s]    36 | [01;36m[KRAPIDJSON_DIAG_OFF[m[K(array - bounds)  // some gcc versions generate wrong warnings
[51.469s]       | [01;36m[K^~~~~~~~~~~~~~~~~~[m[K
[51.476s] [01m[K/home/ubuntu-nuc/rc2_ws/src/Livox-SDK2/sdk_core/../3rdparty/rapidjson/rapidjson.h:542:29:[m[K [01;36m[Knote: [m[Kdid you mean ‘[01m[K-Warray-bounds[m[K’?
[51.476s]   542 | #define RAPIDJSON_PRAGMA(x) [01;36m[K_Pragma[m[K(RAPIDJSON_STRINGIFY(x))
[51.476s]       |                             [01;36m[K^~~~~~~[m[K
[51.476s] [01m[K/home/ubuntu-nuc/rc2_ws/src/Livox-SDK2/sdk_core/../3rdparty/rapidjson/rapidjson.h:543:34:[m[K [01;36m[Knote: [m[Kin expansion of macro ‘[01m[KRAPIDJSON_PRAGMA[m[K’
[51.476s]   543 | #define RAPIDJSON_DIAG_PRAGMA(x) [01;36m[KRAPIDJSON_PRAGMA[m[K(GCC diagnostic x)
[51.476s]       |                                  [01;36m[K^~~~~~~~~~~~~~~~[m[K
[51.477s] [01m[K/home/ubuntu-nuc/rc2_ws/src/Livox-SDK2/sdk_core/../3rdparty/rapidjson/rapidjson.h:545:3:[m[K [01;36m[Knote: [m[Kin expansion of macro ‘[01m[KRAPIDJSON_DIAG_PRAGMA[m[K’
[51.477s]   545 |   [01;36m[KRAPIDJSON_DIAG_PRAGMA[m[K(ignored RAPIDJSON_STRINGIFY(RAPIDJSON_JOIN(-W, x)))
[51.477s]       |   [01;36m[K^~~~~~~~~~~~~~~~~~~~~[m[K
[51.477s] [01m[K/home/ubuntu-nuc/rc2_ws/src/Livox-SDK2/sdk_core/../3rdparty/rapidjson/internal/dtoa.h:36:1:[m[K [01;36m[Knote: [m[Kin expansion of macro ‘[01m[KRAPIDJSON_DIAG_OFF[m[K’
[51.477s]    36 | [01;36m[KRAPIDJSON_DIAG_OFF[m[K(array - bounds)  // some gcc versions generate wrong warnings
[51.477s]       | [01;36m[K^~~~~~~~~~~~~~~~~~[m[K
[55.010s] [ 82%] [32mBuilding CXX object sdk_core/CMakeFiles/livox_lidar_sdk_shared.dir/command_handler/parse_lidar_state_info.cpp.o[0m
[55.799s] In file included from [01m[K/home/ubuntu-nuc/rc2_ws/src/Livox-SDK2/sdk_core/../3rdparty/rapidjson/stream.h:19[m[K,
[55.799s]                  from [01m[K/home/ubuntu-nuc/rc2_ws/src/Livox-SDK2/sdk_core/../3rdparty/rapidjson/memorystream.h:22[m[K,
[55.800s]                  from [01m[K/home/ubuntu-nuc/rc2_ws/src/Livox-SDK2/sdk_core/../3rdparty/rapidjson/encodedstream.h:22[m[K,
[55.800s]                  from [01m[K/home/ubuntu-nuc/rc2_ws/src/Livox-SDK2/sdk_core/../3rdparty/rapidjson/document.h:26[m[K,
[55.800s]                  from [01m[K/home/ubuntu-nuc/rc2_ws/src/Livox-SDK2/sdk_core/command_handler/parse_lidar_state_info.h:38[m[K,
[55.800s]                  from [01m[K/home/ubuntu-nuc/rc2_ws/src/Livox-SDK2/sdk_core/command_handler/parse_lidar_state_info.cpp:2[m[K:
[55.800s] [01m[K/home/ubuntu-nuc/rc2_ws/src/Livox-SDK2/sdk_core/../3rdparty/rapidjson/rapidjson.h:542:29:[m[K [01;35m[Kwarning: [m[Kunknown option after ‘[01m[K#pragma GCC diagnostic[m[K’ kind [[01;35m[K-Wpragmas[m[K]
[55.800s]   542 | #define RAPIDJSON_PRAGMA(x) [01;35m[K_Pragma[m[K(RAPIDJSON_STRINGIFY(x))
[55.800s]       |                             [01;35m[K^~~~~~~[m[K
[55.800s] [01m[K/home/ubuntu-nuc/rc2_ws/src/Livox-SDK2/sdk_core/../3rdparty/rapidjson/rapidjson.h:543:34:[m[K [01;36m[Knote: [m[Kin expansion of macro ‘[01m[KRAPIDJSON_PRAGMA[m[K’
[55.800s]   543 | #define RAPIDJSON_DIAG_PRAGMA(x) [01;36m[KRAPIDJSON_PRAGMA[m[K(GCC diagnostic x)
[55.800s]       |                                  [01;36m[K^~~~~~~~~~~~~~~~[m[K
[55.800s] [01m[K/home/ubuntu-nuc/rc2_ws/src/Livox-SDK2/sdk_core/../3rdparty/rapidjson/rapidjson.h:545:3:[m[K [01;36m[Knote: [m[Kin expansion of macro ‘[01m[KRAPIDJSON_DIAG_PRAGMA[m[K’
[55.800s]   545 |   [01;36m[KRAPIDJSON_DIAG_PRAGMA[m[K(ignored RAPIDJSON_STRINGIFY(RAPIDJSON_JOIN(-W, x)))
[55.800s]       |   [01;36m[K^~~~~~~~~~~~~~~~~~~~~[m[K
[55.801s] [01m[K/home/ubuntu-nuc/rc2_ws/src/Livox-SDK2/sdk_core/../3rdparty/rapidjson/internal/dtoa.h:36:1:[m[K [01;36m[Knote: [m[Kin expansion of macro ‘[01m[KRAPIDJSON_DIAG_OFF[m[K’
[55.803s]    36 | [01;36m[KRAPIDJSON_DIAG_OFF[m[K(array - bounds)  // some gcc versions generate wrong warnings
[55.803s]       | [01;36m[K^~~~~~~~~~~~~~~~~~[m[K
[55.804s] [01m[K/home/ubuntu-nuc/rc2_ws/src/Livox-SDK2/sdk_core/../3rdparty/rapidjson/rapidjson.h:542:29:[m[K [01;36m[Knote: [m[Kdid you mean ‘[01m[K-Warray-bounds[m[K’?
[55.805s]   542 | #define RAPIDJSON_PRAGMA(x) [01;36m[K_Pragma[m[K(RAPIDJSON_STRINGIFY(x))
[55.805s]       |                             [01;36m[K^~~~~~~[m[K
[55.805s] [01m[K/home/ubuntu-nuc/rc2_ws/src/Livox-SDK2/sdk_core/../3rdparty/rapidjson/rapidjson.h:543:34:[m[K [01;36m[Knote: [m[Kin expansion of macro ‘[01m[KRAPIDJSON_PRAGMA[m[K’
[55.805s]   543 | #define RAPIDJSON_DIAG_PRAGMA(x) [01;36m[KRAPIDJSON_PRAGMA[m[K(GCC diagnostic x)
[55.805s]       |                                  [01;36m[K^~~~~~~~~~~~~~~~[m[K
[55.805s] [01m[K/home/ubuntu-nuc/rc2_ws/src/Livox-SDK2/sdk_core/../3rdparty/rapidjson/rapidjson.h:545:3:[m[K [01;36m[Knote: [m[Kin expansion of macro ‘[01m[KRAPIDJSON_DIAG_PRAGMA[m[K’
[55.805s]   545 |   [01;36m[KRAPIDJSON_DIAG_PRAGMA[m[K(ignored RAPIDJSON_STRINGIFY(RAPIDJSON_JOIN(-W, x)))
[55.805s]       |   [01;36m[K^~~~~~~~~~~~~~~~~~~~~[m[K
[55.805s] [01m[K/home/ubuntu-nuc/rc2_ws/src/Livox-SDK2/sdk_core/../3rdparty/rapidjson/internal/dtoa.h:36:1:[m[K [01;36m[Knote: [m[Kin expansion of macro ‘[01m[KRAPIDJSON_DIAG_OFF[m[K’
[55.805s]    36 | [01;36m[KRAPIDJSON_DIAG_OFF[m[K(array - bounds)  // some gcc versions generate wrong warnings
[55.805s]       | [01;36m[K^~~~~~~~~~~~~~~~~~[m[K
[59.141s] [ 83%] [32mBuilding CXX object sdk_core/CMakeFiles/livox_lidar_sdk_shared.dir/command_handler/build_request.cpp.o[0m
[62.452s] [ 84%] [32m[1mLinking CXX shared library liblivox_lidar_sdk_shared.so[0m
[63.571s] [ 84%] Built target livox_lidar_sdk_shared
[63.590s] [ 85%] [32mBuilding CXX object samples/livox_lidar_rmc_time_sync/CMakeFiles/livox_lidar_rmc_time_sync.dir/main.cpp.o[0m
[64.118s] [ 87%] [32mBuilding CXX object samples/livox_lidar_rmc_time_sync/CMakeFiles/livox_lidar_rmc_time_sync.dir/linux/synchro.cpp.o[0m
[64.646s] [ 88%] [32m[1mLinking CXX executable livox_lidar_rmc_time_sync[0m
[65.573s] [ 88%] Built target livox_lidar_rmc_time_sync
[65.586s] [ 89%] [32mBuilding CXX object samples/lidar_cmd_observer/CMakeFiles/lidar_cmd_observer.dir/main.cpp.o[0m
[65.945s] [ 90%] [32m[1mLinking CXX executable lidar_cmd_observer[0m
[66.908s] [ 90%] Built target lidar_cmd_observer
[66.924s] [ 91%] [32mBuilding CXX object samples/debug_point_cloud/CMakeFiles/debug_point_cloud.dir/main.cpp.o[0m
[67.401s] [ 92%] [32m[1mLinking CXX executable debug_point_cloud[0m
[68.313s] [ 92%] Built target debug_point_cloud
[68.328s] [ 94%] [32mBuilding CXX object samples/logger/CMakeFiles/logger.dir/main.cpp.o[0m
[68.825s] [ 95%] [32m[1mLinking CXX executable logger[0m
[69.968s] [ 95%] Built target logger
[69.986s] [ 96%] [32mBuilding CXX object samples/multi_lidars_upgrade/CMakeFiles/multi_lidars_upgrade.dir/main.cpp.o[0m
[70.693s] [ 97%] [32m[1mLinking CXX executable multi_lidars_upgrade[0m
[71.597s] [ 97%] Built target multi_lidars_upgrade
[71.611s] [ 98%] [32mBuilding CXX object samples/livox_lidar_quick_start/CMakeFiles/livox_lidar_quick_start.dir/main.cpp.o[0m
[72.105s] [100%] [32m[1mLinking CXX executable livox_lidar_quick_start[0m
[72.999s] [100%] Built target livox_lidar_quick_start
[73.005s] Invoked command in '/home/ubuntu-nuc/rc2_ws/build/livox_sdk2' returned '0': /usr/local/bin/cmake --build /home/ubuntu-nuc/rc2_ws/build/livox_sdk2 -- -j8 -l8
[73.007s] Invoking command in '/home/ubuntu-nuc/rc2_ws/build/livox_sdk2': /usr/local/bin/cmake --install /home/ubuntu-nuc/rc2_ws/build/livox_sdk2
[73.010s] -- Install configuration: ""
[73.010s] -- Installing: /home/ubuntu-nuc/rc2_ws/install/livox_sdk2/lib/liblivox_lidar_sdk_static.a
[73.026s] -- Installing: /home/ubuntu-nuc/rc2_ws/install/livox_sdk2/include/livox_lidar_def.h
[73.026s] -- Installing: /home/ubuntu-nuc/rc2_ws/install/livox_sdk2/include/livox_lidar_api.h
[73.026s] -- Installing: /home/ubuntu-nuc/rc2_ws/install/livox_sdk2/include/livox_lidar_cfg.h
[73.026s] -- Installing: /home/ubuntu-nuc/rc2_ws/install/livox_sdk2/lib/liblivox_lidar_sdk_shared.so
[73.032s] Invoked command in '/home/ubuntu-nuc/rc2_ws/build/livox_sdk2' returned '0': /usr/local/bin/cmake --install /home/ubuntu-nuc/rc2_ws/build/livox_sdk2
